175,175,2026-03-30 18:38:30.9798784,1,Info,Microsoft-Windows-Sysmon,Microsoft-Windows-Sysmon/Operational,2448,4460,DC01.corp.local,3,S-1-5-18,Process creation,NT AUTHORITY\SYSTEM,,"ProcessID: 4720, ProcessGUID: c9182e32-c326-69ca-5d00-000000000900",RuleName: -,"MD5=0B6F22DA11CC77C46AA67EE6B6C3EAD0,SHA256=E4C3EB66ECB2E946924031191D761A59DEBE940BE7F019FED78C8B558D67EE47,IMPHASH=D841FC50F72911FF192FAF83F874E4DF",ParentProcess: C:\Windows\System32\svchost.exe,"ParentProcessID: 948, ParentProcessGUID: c9182e32-c31b-69ca-0d00-000000000900",ParentCommandLine: C:\Windows\system32\svchost.exe -k DcomLaunch -p,C:\Windows\winsxs\amd64_microsoft-windows-servicingstack_31bf3856ad364e35_10.0.20348.557_none_f1edaeb8515fa10d\TiWorker.exe -Embedding,False,C:\Users\owunc\Desktop\lab_logs\DC_Sysmon_ws.evtx,Classic,0,"{""EventData"":{""Data"":[{""@Name"":""RuleName"",""#text"":""-""},{""@Name"":""UtcTime"",""#text"":""2026-03-30 18:38:30.961""},{""@Name"":""ProcessGuid"",""#text"":""c9182e32-c326-69ca-5d00-000000000900""},{""@Name"":""ProcessId"",""#text"":""4720""},{""@Name"":""Image"",""#text"":""C:\\Windows\\WinSxS\\amd64_microsoft-windows-servicingstack_31bf3856ad364e35_10.0.20348.557_none_f1edaeb8515fa10d\\TiWorker.exe""},{""@Name"":""FileVersion"",""#text"":""10.0.20348.557 (WinBuild.160101.0800)""},{""@Name"":""Description"",""#text"":""Windows Modules Installer Worker""},{""@Name"":""Product"",""#text"":""Microsoft® Windows® Operating System""},{""@Name"":""Company"",""#text"":""Microsoft Corporation""},{""@Name"":""OriginalFileName"",""#text"":""TiWorker.exe""},{""@Name"":""CommandLine"",""#text"":""C:\\Windows\\winsxs\\amd64_microsoft-windows-servicingstack_31bf3856ad364e35_10.0.20348.557_none_f1edaeb8515fa10d\\TiWorker.exe -Embedding""},{""@Name"":""CurrentDirectory"",""#text"":""C:\\Windows\\system32\\""},{""@Name"":""User"",""#text"":""NT AUTHORITY\\SYSTEM""},{""@Name"":""LogonGuid"",""#text"":""c9182e32-c31a-69ca-e703-000000000000""},{""@Name"":""LogonId"",""#text"":""0x3E7""},{""@Name"":""TerminalSessionId"",""#text"":""0""},{""@Name"":""IntegrityLevel"",""#text"":""System""},{""@Name"":""Hashes"",""#text"":""MD5=0B6F22DA11CC77C46AA67EE6B6C3EAD0,SHA256=E4C3EB66ECB2E946924031191D761A59DEBE940BE7F019FED78C8B558D67EE47,IMPHASH=D841FC50F72911FF192FAF83F874E4DF""},{""@Name"":""ParentProcessGuid"",""#text"":""c9182e32-c31b-69ca-0d00-000000000900""},{""@Name"":""ParentProcessId"",""#text"":""948""},{""@Name"":""ParentImage"",""#text"":""C:\\Windows\\System32\\svchost.exe""},{""@Name"":""ParentCommandLine"",""#text"":""C:\\Windows\\system32\\svchost.exe -k DcomLaunch -p""},{""@Name"":""ParentUser"",""#text"":""NT AUTHORITY\\SYSTEM""}]}}"
176,176,2026-03-30 18:38:31.0222141,1,Info,Microsoft-Windows-Sysmon,Microsoft-Windows-Sysmon/Operational,2448,4460,DC01.corp.local,3,S-1-5-18,Process creation,NT AUTHORITY\NETWORK SERVICE,,"ProcessID: 4816, ProcessGUID: c9182e32-c327-69ca-5f00-000000000900",RuleName: -,"MD5=BD7BE47340BA4888B9B47AD323FF51D3,SHA256=EE84158DA9A863DAA633092F691761952DE7888AF01FD8020761CFD232E3BC88,IMPHASH=711A55EEE886A979915C1C3ABA074AC9",ParentProcess: C:\Windows\System32\services.exe,"ParentProcessID: 716, ParentProcessGUID: c9182e32-c31a-69ca-0b00-000000000900",ParentCommandLine: C:\Windows\system32\services.exe,C:\Windows\System32\msdtc.exe,False,C:\Users\owunc\Desktop\lab_logs\DC_Sysmon_ws.evtx,Classic,0,"{""EventData"":{""Data"":[{""@Name"":""RuleName"",""#text"":""-""},{""@Name"":""UtcTime"",""#text"":""2026-03-30 18:38:31.020""},{""@Name"":""ProcessGuid"",""#text"":""c9182e32-c327-69ca-5f00-000000000900""},{""@Name"":""ProcessId"",""#text"":""4816""},{""@Name"":""Image"",""#text"":""C:\\Windows\\System32\\msdtc.exe""},{""@Name"":""FileVersion"",""#text"":""2001.12.10941.16384 (WinBuild.160101.0800)""},{""@Name"":""Description"",""#text"":""Microsoft Distributed Transaction Coordinator Service""},{""@Name"":""Product"",""#text"":""Microsoft® Windows® Operating System""},{""@Name"":""Company"",""#text"":""Microsoft Corporation""},{""@Name"":""OriginalFileName"",""#text"":""MSDTC.EXE""},{""@Name"":""CommandLine"",""#text"":""C:\\Windows\\System32\\msdtc.exe""},{""@Name"":""CurrentDirectory"",""#text"":""C:\\Windows\\system32\\""},{""@Name"":""User"",""#text"":""NT AUTHORITY\\NETWORK SERVICE""},{""@Name"":""LogonGuid"",""#text"":""c9182e32-c31c-69ca-e403-000000000000""},{""@Name"":""LogonId"",""#text"":""0x3E4""},{""@Name"":""TerminalSessionId"",""#text"":""0""},{""@Name"":""IntegrityLevel"",""#text"":""System""},{""@Name"":""Hashes"",""#text"":""MD5=BD7BE47340BA4888B9B47AD323FF51D3,SHA256=EE84158DA9A863DAA633092F691761952DE7888AF01FD8020761CFD232E3BC88,IMPHASH=711A55EEE886A979915C1C3ABA074AC9""},{""@Name"":""ParentProcessGuid"",""#text"":""c9182e32-c31a-69ca-0b00-000000000900""},{""@Name"":""ParentProcessId"",""#text"":""716""},{""@Name"":""ParentImage"",""#text"":""C:\\Windows\\System32\\services.exe""},{""@Name"":""ParentCommandLine"",""#text"":""C:\\Windows\\system32\\services.exe""},{""@Name"":""ParentUser"",""#text"":""NT AUTHORITY\\SYSTEM""}]}}"
177,177,2026-03-30 18:38:31.8451119,1,Info,Microsoft-Windows-Sysmon,Microsoft-Windows-Sysmon/Operational,2448,4460,DC01.corp.local,3,S-1-5-18,Process creation,NT AUTHORITY\SYSTEM,,"ProcessID: 5108, ProcessGUID: c9182e32-c327-69ca-6300-000000000900",RuleName: -,"MD5=5487316514F4ADA7E6E0BD9EAA2256E7,SHA256=F447AE2E838D4DE71CA4BABA321FEA67DABB38AA4321EFAC81F3FF03CF55FE0A,IMPHASH=1C4E2D9936E4D9F2490B08AAB4D24260",ParentProcess: C:\Windows\System32\svchost.exe,"ParentProcessID: 1696, ParentProcessGUID: c9182e32-c31d-69ca-2100-000000000900",ParentCommandLine: C:\Windows\system32\svchost.exe -k netsvcs -p -s Schedule,taskhostw.exe SYSTEM,False,C:\Users\owunc\Desktop\lab_logs\DC_Sysmon_ws.evtx,Classic,0,"{""EventData"":{""Data"":[{""@Name"":""RuleName"",""#text"":""-""},{""@Name"":""UtcTime"",""#text"":""2026-03-30 18:38:31.844""},{""@Name"":""ProcessGuid"",""#text"":""c9182e32-c327-69ca-6300-000000000900""},{""@Name"":""ProcessId"",""#text"":""5108""},{""@Name"":""Image"",""#text"":""C:\\Windows\\System32\\taskhostw.exe""},{""@Name"":""FileVersion"",""#text"":""10.0.20348.1 (WinBuild.160101.0800)""},{""@Name"":""Description"",""#text"":""Host Process for Windows Tasks""},{""@Name"":""Product"",""#text"":""Microsoft® Windows® Operating System""},{""@Name"":""Company"",""#text"":""Microsoft Corporation""},{""@Name"":""OriginalFileName"",""#text"":""taskhostw.exe""},{""@Name"":""CommandLine"",""#text"":""taskhostw.exe SYSTEM""},{""@Name"":""CurrentDirectory"",""#text"":""C:\\Windows\\system32\\""},{""@Name"":""User"",""#text"":""NT AUTHORITY\\SYSTEM""},{""@Name"":""LogonGuid"",""#text"":""c9182e32-c31a-69ca-e703-000000000000""},{""@Name"":""LogonId"",""#text"":""0x3E7""},{""@Name"":""TerminalSessionId"",""#text"":""0""},{""@Name"":""IntegrityLevel"",""#text"":""System""},{""@Name"":""Hashes"",""#text"":""MD5=5487316514F4ADA7E6E0BD9EAA2256E7,SHA256=F447AE2E838D4DE71CA4BABA321FEA67DABB38AA4321EFAC81F3FF03CF55FE0A,IMPHASH=1C4E2D9936E4D9F2490B08AAB4D24260""},{""@Name"":""ParentProcessGuid"",""#text"":""c9182e32-c31d-69ca-2100-000000000900""},{""@Name"":""ParentProcessId"",""#text"":""1696""},{""@Name"":""ParentImage"",""#text"":""C:\\Windows\\System32\\svchost.exe""},{""@Name"":""ParentCommandLine"",""#text"":""C:\\Windows\\system32\\svchost.exe -k netsvcs -p -s Schedule""},{""@Name"":""ParentUser"",""#text"":""NT AUTHORITY\\SYSTEM""}]}}"
178,178,2026-03-30 18:38:32.1659707,1,Info,Microsoft-Windows-Sysmon,Microsoft-Windows-Sysmon/Operational,2448,4460,DC01.corp.local,3,S-1-5-18,Process creation,NT AUTHORITY\SYSTEM,,"ProcessID: 5180, ProcessGUID: c9182e32-c328-69ca-6400-000000000900",RuleName: -,"MD5=D6037F722E7259FDCCFEAF56B036ADF2,SHA256=924F9AC482B2F9D2790D6E89A8B479E245299FEEBDE45D3C96686608E835B96C,IMPHASH=B24F54ABE6C350F81966C25CEF2242FA",ParentProcess: C:\Windows\System32\services.exe,"ParentProcessID: 716, ParentProcessGUID: c9182e32-c31a-69ca-0b00-000000000900",ParentCommandLine: C:\Windows\system32\services.exe,C:\Windows\system32\vssvc.exe,False,C:\Users\owunc\Desktop\lab_logs\DC_Sysmon_ws.evtx,Classic,0,"{""EventData"":{""Data"":[{""@Name"":""RuleName"",""#text"":""-""},{""@Name"":""UtcTime"",""#text"":""2026-03-30 18:38:32.159""},{""@Name"":""ProcessGuid"",""#text"":""c9182e32-c328-69ca-6400-000000000900""},{""@Name"":""ProcessId"",""#text"":""5180""},{""@Name"":""Image"",""#text"":""C:\\Windows\\System32\\VSSVC.exe""},{""@Name"":""FileVersion"",""#text"":""10.0.20348.502 (WinBuild.160101.0800)""},{""@Name"":""Description"",""#text"":""Microsoft® Volume Shadow Copy Service""},{""@Name"":""Product"",""#text"":""Microsoft® Windows® Operating System""},{""@Name"":""Company"",""#text"":""Microsoft Corporation""},{""@Name"":""OriginalFileName"",""#text"":""VSSVC.EXE""},{""@Name"":""CommandLine"",""#text"":""C:\\Windows\\system32\\vssvc.exe""},{""@Name"":""CurrentDirectory"",""#text"":""C:\\Windows\\system32\\""},{""@Name"":""User"",""#text"":""NT AUTHORITY\\SYSTEM""},{""@Name"":""LogonGuid"",""#text"":""c9182e32-c31a-69ca-e703-000000000000""},{""@Name"":""LogonId"",""#text"":""0x3E7""},{""@Name"":""TerminalSessionId"",""#text"":""0""},{""@Name"":""IntegrityLevel"",""#text"":""System""},{""@Name"":""Hashes"",""#text"":""MD5=D6037F722E7259FDCCFEAF56B036ADF2,SHA256=924F9AC482B2F9D2790D6E89A8B479E245299FEEBDE45D3C96686608E835B96C,IMPHASH=B24F54ABE6C350F81966C25CEF2242FA""},{""@Name"":""ParentProcessGuid"",""#text"":""c9182e32-c31a-69ca-0b00-000000000900""},{""@Name"":""ParentProcessId"",""#text"":""716""},{""@Name"":""ParentImage"",""#text"":""C:\\Windows\\System32\\services.exe""},{""@Name"":""ParentCommandLine"",""#text"":""C:\\Windows\\system32\\services.exe""},{""@Name"":""ParentUser"",""#text"":""NT AUTHORITY\\SYSTEM""}]}}"
179,179,2026-03-30 18:38:32.6756798,22,Info,Microsoft-Windows-Sysmon,Microsoft-Windows-Sysmon/Operational,2448,4476,DC01.corp.local,3,S-1-5-18,DNSEvent (DNS query),NT AUTHORITY\SYSTEM,,"ProcessID: 2996, ProcessGUID: c9182e32-c326-69ca-3e00-000000000900",RuleName: -,Image: C:\Windows\ADWS\Microsoft.ActiveDirectory.WebServices.exe,QueryName: DC01.corp.local,QueryStatus: 0,QueryResults: fe80::edbf:7020:ccdd:502e;::ffff:192.168.93.50;,,False,C:\Users\owunc\Desktop\lab_logs\DC_Sysmon_ws.evtx,Classic,0,"{""EventData"":{""Data"":[{""@Name"":""RuleName"",""#text"":""-""},{""@Name"":""UtcTime"",""#text"":""2026-03-30 18:38:30.980""},{""@Name"":""ProcessGuid"",""#text"":""c9182e32-c326-69ca-3e00-000000000900""},{""@Name"":""ProcessId"",""#text"":""2996""},{""@Name"":""QueryName"",""#text"":""DC01.corp.local""},{""@Name"":""QueryStatus"",""#text"":""0""},{""@Name"":""QueryResults"",""#text"":""fe80::edbf:7020:ccdd:502e;::ffff:192.168.93.50;""},{""@Name"":""Image"",""#text"":""C:\\Windows\\ADWS\\Microsoft.ActiveDirectory.WebServices.exe""},{""@Name"":""User"",""#text"":""NT AUTHORITY\\SYSTEM""}]}}"
180,180,2026-03-30 18:38:32.6756909,22,Info,Microsoft-Windows-Sysmon,Microsoft-Windows-Sysmon/Operational,2448,4476,DC01.corp.local,3,S-1-5-18,DNSEvent (DNS query),NT AUTHORITY\SYSTEM,,"ProcessID: 4064, ProcessGUID: c9182e32-c326-69ca-5700-000000000900",RuleName: -,Image: C:\Windows\System32\dllhost.exe,QueryName: DC01,QueryStatus: 0,QueryResults: 192.168.93.50;,,False,C:\Users\owunc\Desktop\lab_logs\DC_Sysmon_ws.evtx,Classic,0,"{""EventData"":{""Data"":[{""@Name"":""RuleName"",""#text"":""-""},{""@Name"":""UtcTime"",""#text"":""2026-03-30 18:38:31.012""},{""@Name"":""ProcessGuid"",""#text"":""c9182e32-c326-69ca-5700-000000000900""},{""@Name"":""ProcessId"",""#text"":""4064""},{""@Name"":""QueryName"",""#text"":""DC01""},{""@Name"":""QueryStatus"",""#text"":""0""},{""@Name"":""QueryResults"",""#text"":""192.168.93.50;""},{""@Name"":""Image"",""#text"":""C:\\Windows\\System32\\dllhost.exe""},{""@Name"":""User"",""#text"":""NT AUTHORITY\\SYSTEM""}]}}"
181,181,2026-03-30 18:38:33.6719453,22,Info,Microsoft-Windows-Sysmon,Microsoft-Windows-Sysmon/Operational,2448,4476,DC01.corp.local,3,S-1-5-18,DNSEvent (DNS query),NT AUTHORITY\SYSTEM,,"ProcessID: 5108, ProcessGUID: c9182e32-c327-69ca-6300-000000000900",RuleName: -,Image: C:\Windows\System32\taskhostw.exe,QueryName: DC01.corp.local,QueryStatus: 0,QueryResults: fe80::edbf:7020:ccdd:502e;::ffff:192.168.93.50;,,False,C:\Users\owunc\Desktop\lab_logs\DC_Sysmon_ws.evtx,Classic,0,"{""EventData"":{""Data"":[{""@Name"":""RuleName"",""#text"":""-""},{""@Name"":""UtcTime"",""#text"":""2026-03-30 18:38:31.872""},{""@Name"":""ProcessGuid"",""#text"":""c9182e32-c327-69ca-6300-000000000900""},{""@Name"":""ProcessId"",""#text"":""5108""},{""@Name"":""QueryName"",""#text"":""DC01.corp.local""},{""@Name"":""QueryStatus"",""#text"":""0""},{""@Name"":""QueryResults"",""#text"":""fe80::edbf:7020:ccdd:502e;::ffff:192.168.93.50;""},{""@Name"":""Image"",""#text"":""C:\\Windows\\System32\\taskhostw.exe""},{""@Name"":""User"",""#text"":""NT AUTHORITY\\SYSTEM""}]}}"
182,182,2026-03-30 18:38:33.6719584,22,Info,Microsoft-Windows-Sysmon,Microsoft-Windows-Sysmon/Operational,2448,4476,DC01.corp.local,3,S-1-5-18,DNSEvent (DNS query),NT AUTHORITY\SYSTEM,,"ProcessID: 2988, ProcessGUID: c9182e32-c326-69ca-3d00-000000000900",RuleName: -,Image: C:\Windows\System32\dfsrs.exe,QueryName: DC01,QueryStatus: 0,QueryResults: fe80::edbf:7020:ccdd:502e;::ffff:192.168.93.50;,,False,C:\Users\owunc\Desktop\lab_logs\DC_Sysmon_ws.evtx,Classic,0,"{""EventData"":{""Data"":[{""@Name"":""RuleName"",""#text"":""-""},{""@Name"":""UtcTime"",""#text"":""2026-03-30 18:38:32.815""},{""@Name"":""ProcessGuid"",""#text"":""c9182e32-c326-69ca-3d00-000000000900""},{""@Name"":""ProcessId"",""#text"":""2988""},{""@Name"":""QueryName"",""#text"":""DC01""},{""@Name"":""QueryStatus"",""#text"":""0""},{""@Name"":""QueryResults"",""#text"":""fe80::edbf:7020:ccdd:502e;::ffff:192.168.93.50;""},{""@Name"":""Image"",""#text"":""C:\\Windows\\System32\\dfsrs.exe""},{""@Name"":""User"",""#text"":""NT AUTHORITY\\SYSTEM""}]}}"
183,183,2026-03-30 18:38:37.8142362,22,Info,Microsoft-Windows-Sysmon,Microsoft-Windows-Sysmon/Operational,2448,4476,DC01.corp.local,3,S-1-5-18,DNSEvent (DNS query),NT AUTHORITY\SYSTEM,,"ProcessID: 736, ProcessGUID: c9182e32-c31a-69ca-0c00-000000000900",RuleName: -,Image: C:\Windows\System32\lsass.exe,QueryName: DC01,QueryStatus: 0,QueryResults: 192.168.93.50;,,False,C:\Users\owunc\Desktop\lab_logs\DC_Sysmon_ws.evtx,Classic,0,"{""EventData"":{""Data"":[{""@Name"":""RuleName"",""#text"":""-""},{""@Name"":""UtcTime"",""#text"":""2026-03-30 18:38:36.205""},{""@Name"":""ProcessGuid"",""#text"":""c9182e32-c31a-69ca-0c00-000000000900""},{""@Name"":""ProcessId"",""#text"":""736""},{""@Name"":""QueryName"",""#text"":""DC01""},{""@Name"":""QueryStatus"",""#text"":""0""},{""@Name"":""QueryResults"",""#text"":""192.168.93.50;""},{""@Name"":""Image"",""#text"":""C:\\Windows\\System32\\lsass.exe""},{""@Name"":""User"",""#text"":""NT AUTHORITY\\SYSTEM""}]}}"
184,184,2026-03-30 18:38:43.9389065,22,Info,Microsoft-Windows-Sysmon,Microsoft-Windows-Sysmon/Operational,2448,4476,DC01.corp.local,3,S-1-5-18,DNSEvent (DNS query),NT AUTHORITY\NETWORK SERVICE,,"ProcessID: 1908, ProcessGUID: c9182e32-c326-69ca-4a00-000000000900",RuleName: -,Image: C:\Windows\System32\svchost.exe,QueryName: _ldap._tcp.gc._msdcs.corp.local.,QueryStatus: 1460,QueryResults: -,,False,C:\Users\owunc\Desktop\lab_logs\DC_Sysmon_ws.evtx,Classic,0,"{""EventData"":{""Data"":[{""@Name"":""RuleName"",""#text"":""-""},{""@Name"":""UtcTime"",""#text"":""2026-03-30 18:38:42.314""},{""@Name"":""ProcessGuid"",""#text"":""c9182e32-c326-69ca-4a00-000000000900""},{""@Name"":""ProcessId"",""#text"":""1908""},{""@Name"":""QueryName"",""#text"":""_ldap._tcp.gc._msdcs.corp.local.""},{""@Name"":""QueryStatus"",""#text"":""1460""},{""@Name"":""QueryResults"",""#text"":""-""},{""@Name"":""Image"",""#text"":""C:\\Windows\\System32\\svchost.exe""},{""@Name"":""User"",""#text"":""NT AUTHORITY\\NETWORK SERVICE""}]}}"
185,185,2026-03-30 18:38:43.9389212,22,Info,Microsoft-Windows-Sysmon,Microsoft-Windows-Sysmon/Operational,2448,4476,DC01.corp.local,3,S-1-5-18,DNSEvent (DNS query),NT AUTHORITY\NETWORK SERVICE,,"ProcessID: 1484, ProcessGUID: c9182e32-c31d-69ca-1e00-000000000900",RuleName: -,Image: C:\Windows\System32\svchost.exe,QueryName: _ldap._tcp.dc._msdcs.corp.local.,QueryStatus: 1460,QueryResults: -,,False,C:\Users\owunc\Desktop\lab_logs\DC_Sysmon_ws.evtx,Classic,0,"{""EventData"":{""Data"":[{""@Name"":""RuleName"",""#text"":""-""},{""@Name"":""UtcTime"",""#text"":""2026-03-30 18:38:42.532""},{""@Name"":""ProcessGuid"",""#text"":""c9182e32-c31d-69ca-1e00-000000000900""},{""@Name"":""ProcessId"",""#text"":""1484""},{""@Name"":""QueryName"",""#text"":""_ldap._tcp.dc._msdcs.corp.local.""},{""@Name"":""QueryStatus"",""#text"":""1460""},{""@Name"":""QueryResults"",""#text"":""-""},{""@Name"":""Image"",""#text"":""C:\\Windows\\System32\\svchost.exe""},{""@Name"":""User"",""#text"":""NT AUTHORITY\\NETWORK SERVICE""}]}}"
186,186,2026-03-30 18:38:48.4150419,1,Info,Microsoft-Windows-Sysmon,Microsoft-Windows-Sysmon/Operational,2448,4460,DC01.corp.local,3,S-1-5-18,Process creation,NT AUTHORITY\SYSTEM,,"ProcessID: 5500, ProcessGUID: c9182e32-c338-69ca-6700-000000000900",RuleName: -,"MD5=9041407BE0BDCA2858AEBAD19E63EB14,SHA256=2BFCE8F56E3270DE28E13FF0C001FD8169223AAA21E12DDF68448E72F697FC48,IMPHASH=F201BCA438D2C46D950FC1DDB0A66687",ParentProcess: C:\ProgramData\Microsoft\Windows Defender\Platform\4.18.26020.6-0\MsMpEng.exe,"ParentProcessID: 2444, ParentProcessGUID: c9182e32-c326-69ca-4800-000000000900","ParentCommandLine: ""C:\ProgramData\Microsoft\Windows Defender\Platform\4.18.26020.6-0\MsMpEng.exe""","C:\Windows\system32\wevtutil.exe install-manifest ""C:\ProgramData\Microsoft\Windows Defender\Platform\4.18.26020.6-0\Microsoft-Antimalware-AMFilter.man"" ""/resourceFilePath:C:\ProgramData\Microsoft\Windows Defender\Platform\4.18.26020.6-0\Drivers\WdFilter.sys"" ""/messageFilePath:C:\ProgramData\Microsoft\Windows Defender\Platform\4.18.26020.6-0\Drivers\WdFilter.sys"" ""/parameterFilePath:C:\ProgramData\Microsoft\Windows Defender\Platform\4.18.26020.6-0\Drivers\WdFilter.sys""",False,C:\Users\owunc\Desktop\lab_logs\DC_Sysmon_ws.evtx,Classic,0,"{""EventData"":{""Data"":[{""@Name"":""RuleName"",""#text"":""-""},{""@Name"":""UtcTime"",""#text"":""2026-03-30 18:38:48.414""},{""@Name"":""ProcessGuid"",""#text"":""c9182e32-c338-69ca-6700-000000000900""},{""@Name"":""ProcessId"",""#text"":""5500""},{""@Name"":""Image"",""#text"":""C:\\Windows\\System32\\wevtutil.exe""},{""@Name"":""FileVersion"",""#text"":""10.0.20348.1 (WinBuild.160101.0800)""},{""@Name"":""Description"",""#text"":""Eventing Command Line Utility""},{""@Name"":""Product"",""#text"":""Microsoft® Windows® Operating System""},{""@Name"":""Company"",""#text"":""Microsoft Corporation""},{""@Name"":""OriginalFileName"",""#text"":""wevtutil.exe""},{""@Name"":""CommandLine"",""#text"":""C:\\Windows\\system32\\wevtutil.exe install-manifest \""C:\\ProgramData\\Microsoft\\Windows Defender\\Platform\\4.18.26020.6-0\\Microsoft-Antimalware-AMFilter.man\"" \""/resourceFilePath:C:\\ProgramData\\Microsoft\\Windows Defender\\Platform\\4.18.26020.6-0\\Drivers\\WdFilter.sys\"" \""/messageFilePath:C:\\ProgramData\\Microsoft\\Windows Defender\\Platform\\4.18.26020.6-0\\Drivers\\WdFilter.sys\"" \""/parameterFilePath:C:\\ProgramData\\Microsoft\\Windows Defender\\Platform\\4.18.26020.6-0\\Drivers\\WdFilter.sys\""""},{""@Name"":""CurrentDirectory"",""#text"":""C:\\Windows\\system32\\""},{""@Name"":""User"",""#text"":""NT AUTHORITY\\SYSTEM""},{""@Name"":""LogonGuid"",""#text"":""c9182e32-c31a-69ca-e703-000000000000""},{""@Name"":""LogonId"",""#text"":""0x3E7""},{""@Name"":""TerminalSessionId"",""#text"":""0""},{""@Name"":""IntegrityLevel"",""#text"":""System""},{""@Name"":""Hashes"",""#text"":""MD5=9041407BE0BDCA2858AEBAD19E63EB14,SHA256=2BFCE8F56E3270DE28E13FF0C001FD8169223AAA21E12DDF68448E72F697FC48,IMPHASH=F201BCA438D2C46D950FC1DDB0A66687""},{""@Name"":""ParentProcessGuid"",""#text"":""c9182e32-c326-69ca-4800-000000000900""},{""@Name"":""ParentProcessId"",""#text"":""2444""},{""@Name"":""ParentImage"",""#text"":""C:\\ProgramData\\Microsoft\\Windows Defender\\Platform\\4.18.26020.6-0\\MsMpEng.exe""},{""@Name"":""ParentCommandLine"",""#text"":""\""C:\\ProgramData\\Microsoft\\Windows Defender\\Platform\\4.18.26020.6-0\\MsMpEng.exe\""""},{""@Name"":""ParentUser"",""#text"":""NT AUTHORITY\\SYSTEM""}]}}"
187,187,2026-03-30 18:38:48.4811527,1,Info,Microsoft-Windows-Sysmon,Microsoft-Windows-Sysmon/Operational,2448,4460,DC01.corp.local,3,S-1-5-18,Process creation,NT AUTHORITY\SYSTEM,,"ProcessID: 5592, ProcessGUID: c9182e32-c338-69ca-6900-000000000900",RuleName: -,"MD5=9041407BE0BDCA2858AEBAD19E63EB14,SHA256=2BFCE8F56E3270DE28E13FF0C001FD8169223AAA21E12DDF68448E72F697FC48,IMPHASH=F201BCA438D2C46D950FC1DDB0A66687",ParentProcess: C:\ProgramData\Microsoft\Windows Defender\Platform\4.18.26020.6-0\MsMpEng.exe,"ParentProcessID: 2444, ParentProcessGUID: c9182e32-c326-69ca-4800-000000000900","ParentCommandLine: ""C:\ProgramData\Microsoft\Windows Defender\Platform\4.18.26020.6-0\MsMpEng.exe""","C:\Windows\system32\wevtutil.exe uninstall-manifest ""C:\ProgramData\Microsoft\Windows Defender\Platform\4.18.26020.6-0\Microsoft-Windows-Windows Defender.man""",False,C:\Users\owunc\Desktop\lab_logs\DC_Sysmon_ws.evtx,Classic,0,"{""EventData"":{""Data"":[{""@Name"":""RuleName"",""#text"":""-""},{""@Name"":""UtcTime"",""#text"":""2026-03-30 18:38:48.480""},{""@Name"":""ProcessGuid"",""#text"":""c9182e32-c338-69ca-6900-000000000900""},{""@Name"":""ProcessId"",""#text"":""5592""},{""@Name"":""Image"",""#text"":""C:\\Windows\\System32\\wevtutil.exe""},{""@Name"":""FileVersion"",""#text"":""10.0.20348.1 (WinBuild.160101.0800)""},{""@Name"":""Description"",""#text"":""Eventing Command Line Utility""},{""@Name"":""Product"",""#text"":""Microsoft® Windows® Operating System""},{""@Name"":""Company"",""#text"":""Microsoft Corporation""},{""@Name"":""OriginalFileName"",""#text"":""wevtutil.exe""},{""@Name"":""CommandLine"",""#text"":""C:\\Windows\\system32\\wevtutil.exe uninstall-manifest \""C:\\ProgramData\\Microsoft\\Windows Defender\\Platform\\4.18.26020.6-0\\Microsoft-Windows-Windows Defender.man\""""},{""@Name"":""CurrentDirectory"",""#text"":""C:\\Windows\\system32\\""},{""@Name"":""User"",""#text"":""NT AUTHORITY\\SYSTEM""},{""@Name"":""LogonGuid"",""#text"":""c9182e32-c31a-69ca-e703-000000000000""},{""@Name"":""LogonId"",""#text"":""0x3E7""},{""@Name"":""TerminalSessionId"",""#text"":""0""},{""@Name"":""IntegrityLevel"",""#text"":""System""},{""@Name"":""Hashes"",""#text"":""MD5=9041407BE0BDCA2858AEBAD19E63EB14,SHA256=2BFCE8F56E3270DE28E13FF0C001FD8169223AAA21E12DDF68448E72F697FC48,IMPHASH=F201BCA438D2C46D950FC1DDB0A66687""},{""@Name"":""ParentProcessGuid"",""#text"":""c9182e32-c326-69ca-4800-000000000900""},{""@Name"":""ParentProcessId"",""#text"":""2444""},{""@Name"":""ParentImage"",""#text"":""C:\\ProgramData\\Microsoft\\Windows Defender\\Platform\\4.18.26020.6-0\\MsMpEng.exe""},{""@Name"":""ParentCommandLine"",""#text"":""\""C:\\ProgramData\\Microsoft\\Windows Defender\\Platform\\4.18.26020.6-0\\MsMpEng.exe\""""},{""@Name"":""ParentUser"",""#text"":""NT AUTHORITY\\SYSTEM""}]}}"
188,188,2026-03-30 18:38:48.5487272,12,Info,Microsoft-Windows-Sysmon,Microsoft-Windows-Sysmon/Operational,2448,4460,DC01.corp.local,3,S-1-5-18,RegistryEvent (Object create and delete),NT AUTHORITY\SYSTEM,,"ProcessID: 5592, ProcessGUID: c9182e32-c338-69ca-6900-000000000900",RuleName: -,Image: C:\Windows\system32\wevtutil.exe,EventType: DeleteKey,TargetObject: HKLM\SOFTWARE\Microsoft\Windows\CurrentVersion\WINEVT\Channels\Microsoft-Windows-Windows Defender/Operational,,,False,C:\Users\owunc\Desktop\lab_logs\DC_Sysmon_ws.evtx,Classic,0,"{""EventData"":{""Data"":[{""@Name"":""RuleName"",""#text"":""-""},{""@Name"":""EventType"",""#text"":""DeleteKey""},{""@Name"":""UtcTime"",""#text"":""2026-03-30 18:38:48.533""},{""@Name"":""ProcessGuid"",""#text"":""c9182e32-c338-69ca-6900-000000000900""},{""@Name"":""ProcessId"",""#text"":""5592""},{""@Name"":""Image"",""#text"":""C:\\Windows\\system32\\wevtutil.exe""},{""@Name"":""TargetObject"",""#text"":""HKLM\\SOFTWARE\\Microsoft\\Windows\\CurrentVersion\\WINEVT\\Channels\\Microsoft-Windows-Windows Defender/Operational""},{""@Name"":""User"",""#text"":""NT AUTHORITY\\SYSTEM""}]}}"
189,189,2026-03-30 18:38:48.5847640,12,Info,Microsoft-Windows-Sysmon,Microsoft-Windows-Sysmon/Operational,2448,4460,DC01.corp.local,3,S-1-5-18,RegistryEvent (Object create and delete),NT AUTHORITY\SYSTEM,,"ProcessID: 5592, ProcessGUID: c9182e32-c338-69ca-6900-000000000900",RuleName: -,Image: C:\Windows\system32\wevtutil.exe,EventType: DeleteKey,TargetObject: HKLM\SOFTWARE\Microsoft\Windows\CurrentVersion\WINEVT\Channels\Microsoft-Windows-Windows Defender/WHC,,,False,C:\Users\owunc\Desktop\lab_logs\DC_Sysmon_ws.evtx,Classic,0,"{""EventData"":{""Data"":[{""@Name"":""RuleName"",""#text"":""-""},{""@Name"":""EventType"",""#text"":""DeleteKey""},{""@Name"":""UtcTime"",""#text"":""2026-03-30 18:38:48.580""},{""@Name"":""ProcessGuid"",""#text"":""c9182e32-c338-69ca-6900-000000000900""},{""@Name"":""ProcessId"",""#text"":""5592""},{""@Name"":""Image"",""#text"":""C:\\Windows\\system32\\wevtutil.exe""},{""@Name"":""TargetObject"",""#text"":""HKLM\\SOFTWARE\\Microsoft\\Windows\\CurrentVersion\\WINEVT\\Channels\\Microsoft-Windows-Windows Defender/WHC""},{""@Name"":""User"",""#text"":""NT AUTHORITY\\SYSTEM""}]}}"
190,190,2026-03-30 18:38:48.5925779,1,Info,Microsoft-Windows-Sysmon,Microsoft-Windows-Sysmon/Operational,2448,4460,DC01.corp.local,4,S-1-5-18,Process creation,NT AUTHORITY\SYSTEM,,"ProcessID: 5668, ProcessGUID: c9182e32-c338-69ca-6b00-000000000900",RuleName: -,"MD5=9041407BE0BDCA2858AEBAD19E63EB14,SHA256=2BFCE8F56E3270DE28E13FF0C001FD8169223AAA21E12DDF68448E72F697FC48,IMPHASH=F201BCA438D2C46D950FC1DDB0A66687",ParentProcess: C:\ProgramData\Microsoft\Windows Defender\Platform\4.18.26020.6-0\MsMpEng.exe,"ParentProcessID: 2444, ParentProcessGUID: c9182e32-c326-69ca-4800-000000000900","ParentCommandLine: ""C:\ProgramData\Microsoft\Windows Defender\Platform\4.18.26020.6-0\MsMpEng.exe""","C:\Windows\system32\wevtutil.exe install-manifest ""C:\ProgramData\Microsoft\Windows Defender\Platform\4.18.26020.6-0\Microsoft-Windows-Windows Defender.man"" ""/resourceFilePath:C:\ProgramData\Microsoft\Windows Defender\Platform\4.18.26020.6-0\MpEvMsg.dll"" ""/messageFilePath:C:\ProgramData\Microsoft\Windows Defender\Platform\4.18.26020.6-0\MpEvMsg.dll"" ""/parameterFilePath:C:\ProgramData\Microsoft\Windows Defender\Platform\4.18.26020.6-0\MpEvMsg.dll""",False,C:\Users\owunc\Desktop\lab_logs\DC_Sysmon_ws.evtx,Classic,0,"{""EventData"":{""Data"":[{""@Name"":""RuleName"",""#text"":""-""},{""@Name"":""UtcTime"",""#text"":""2026-03-30 18:38:48.591""},{""@Name"":""ProcessGuid"",""#text"":""c9182e32-c338-69ca-6b00-000000000900""},{""@Name"":""ProcessId"",""#text"":""5668""},{""@Name"":""Image"",""#text"":""C:\\Windows\\System32\\wevtutil.exe""},{""@Name"":""FileVersion"",""#text"":""10.0.20348.1 (WinBuild.160101.0800)""},{""@Name"":""Description"",""#text"":""Eventing Command Line Utility""},{""@Name"":""Product"",""#text"":""Microsoft® Windows® Operating System""},{""@Name"":""Company"",""#text"":""Microsoft Corporation""},{""@Name"":""OriginalFileName"",""#text"":""wevtutil.exe""},{""@Name"":""CommandLine"",""#text"":""C:\\Windows\\system32\\wevtutil.exe install-manifest \""C:\\ProgramData\\Microsoft\\Windows Defender\\Platform\\4.18.26020.6-0\\Microsoft-Windows-Windows Defender.man\"" \""/resourceFilePath:C:\\ProgramData\\Microsoft\\Windows Defender\\Platform\\4.18.26020.6-0\\MpEvMsg.dll\"" \""/messageFilePath:C:\\ProgramData\\Microsoft\\Windows Defender\\Platform\\4.18.26020.6-0\\MpEvMsg.dll\"" \""/parameterFilePath:C:\\ProgramData\\Microsoft\\Windows Defender\\Platform\\4.18.26020.6-0\\MpEvMsg.dll\""""},{""@Name"":""CurrentDirectory"",""#text"":""C:\\Windows\\system32\\""},{""@Name"":""User"",""#text"":""NT AUTHORITY\\SYSTEM""},{""@Name"":""LogonGuid"",""#text"":""c9182e32-c31a-69ca-e703-000000000000""},{""@Name"":""LogonId"",""#text"":""0x3E7""},{""@Name"":""TerminalSessionId"",""#text"":""0""},{""@Name"":""IntegrityLevel"",""#text"":""System""},{""@Name"":""Hashes"",""#text"":""MD5=9041407BE0BDCA2858AEBAD19E63EB14,SHA256=2BFCE8F56E3270DE28E13FF0C001FD8169223AAA21E12DDF68448E72F697FC48,IMPHASH=F201BCA438D2C46D950FC1DDB0A66687""},{""@Name"":""ParentProcessGuid"",""#text"":""c9182e32-c326-69ca-4800-000000000900""},{""@Name"":""ParentProcessId"",""#text"":""2444""},{""@Name"":""ParentImage"",""#text"":""C:\\ProgramData\\Microsoft\\Windows Defender\\Platform\\4.18.26020.6-0\\MsMpEng.exe""},{""@Name"":""ParentCommandLine"",""#text"":""\""C:\\ProgramData\\Microsoft\\Windows Defender\\Platform\\4.18.26020.6-0\\MsMpEng.exe\""""},{""@Name"":""ParentUser"",""#text"":""NT AUTHORITY\\SYSTEM""}]}}"
191,191,2026-03-30 18:38:48.6028778,1,Info,Microsoft-Windows-Sysmon,Microsoft-Windows-Sysmon/Operational,2448,4460,DC01.corp.local,4,S-1-5-18,Process creation,NT AUTHORITY\LOCAL SERVICE,,"ProcessID: 5716, ProcessGUID: c9182e32-c338-69ca-6d00-000000000900",RuleName: -,"MD5=DC32ABA4669EAFB22FCACD5EC836A107,SHA256=31780FF2AAF7BC71F755BA0E4FEF1D61B060D1D2741EAFB33CBAB44D889595A0,IMPHASH=D8C4E4978657CEA220B495778C972E64",ParentProcess: C:\Windows\System32\services.exe,"ParentProcessID: 716, ParentProcessGUID: c9182e32-c31a-69ca-0b00-000000000900",ParentCommandLine: C:\Windows\system32\services.exe,C:\Windows\system32\svchost.exe -k LocalService -p -s DispBrokerDesktopSvc,False,C:\Users\owunc\Desktop\lab_logs\DC_Sysmon_ws.evtx,Classic,0,"{""EventData"":{""Data"":[{""@Name"":""RuleName"",""#text"":""-""},{""@Name"":""UtcTime"",""#text"":""2026-03-30 18:38:48.601""},{""@Name"":""ProcessGuid"",""#text"":""c9182e32-c338-69ca-6d00-000000000900""},{""@Name"":""ProcessId"",""#text"":""5716""},{""@Name"":""Image"",""#text"":""C:\\Windows\\System32\\svchost.exe""},{""@Name"":""FileVersion"",""#text"":""10.0.20348.558 (WinBuild.160101.0800)""},{""@Name"":""Description"",""#text"":""Host Process for Windows Services""},{""@Name"":""Product"",""#text"":""Microsoft® Windows® Operating System""},{""@Name"":""Company"",""#text"":""Microsoft Corporation""},{""@Name"":""OriginalFileName"",""#text"":""svchost.exe""},{""@Name"":""CommandLine"",""#text"":""C:\\Windows\\system32\\svchost.exe -k LocalService -p -s DispBrokerDesktopSvc""},{""@Name"":""CurrentDirectory"",""#text"":""C:\\Windows\\system32\\""},{""@Name"":""User"",""#text"":""NT AUTHORITY\\LOCAL SERVICE""},{""@Name"":""LogonGuid"",""#text"":""c9182e32-c31d-69ca-e503-000000000000""},{""@Name"":""LogonId"",""#text"":""0x3E5""},{""@Name"":""TerminalSessionId"",""#text"":""0""},{""@Name"":""IntegrityLevel"",""#text"":""System""},{""@Name"":""Hashes"",""#text"":""MD5=DC32ABA4669EAFB22FCACD5EC836A107,SHA256=31780FF2AAF7BC71F755BA0E4FEF1D61B060D1D2741EAFB33CBAB44D889595A0,IMPHASH=D8C4E4978657CEA220B495778C972E64""},{""@Name"":""ParentProcessGuid"",""#text"":""c9182e32-c31a-69ca-0b00-000000000900""},{""@Name"":""ParentProcessId"",""#text"":""716""},{""@Name"":""ParentImage"",""#text"":""C:\\Windows\\System32\\services.exe""},{""@Name"":""ParentCommandLine"",""#text"":""C:\\Windows\\system32\\services.exe""},{""@Name"":""ParentUser"",""#text"":""NT AUTHORITY\\SYSTEM""}]}}"
192,192,2026-03-30 18:38:48.6661048,13,Info,Microsoft-Windows-Sysmon,Microsoft-Windows-Sysmon/Operational,2448,4460,DC01.corp.local,4,S-1-5-18,RegistryEvent (Value Set),NT AUTHORITY\SYSTEM,,"ProcessID: 5668, ProcessGUID: c9182e32-c338-69ca-6b00-000000000900",RuleName: -,Image: C:\Windows\system32\wevtutil.exe,EventType: SetValue,TargetObject: HKLM\SOFTWARE\Microsoft\Windows\CurrentVersion\WINEVT\Channels\Microsoft-Windows-Windows Defender/Operational\OwningPublisher,Details: {11cd958a-c507-4ef3-b3f2-5fd9dfbd2c78},,False,C:\Users\owunc\Desktop\lab_logs\DC_Sysmon_ws.evtx,Classic,0,"{""EventData"":{""Data"":[{""@Name"":""RuleName"",""#text"":""-""},{""@Name"":""EventType"",""#text"":""SetValue""},{""@Name"":""UtcTime"",""#text"":""2026-03-30 18:38:48.658""},{""@Name"":""ProcessGuid"",""#text"":""c9182e32-c338-69ca-6b00-000000000900""},{""@Name"":""ProcessId"",""#text"":""5668""},{""@Name"":""Image"",""#text"":""C:\\Windows\\system32\\wevtutil.exe""},{""@Name"":""TargetObject"",""#text"":""HKLM\\SOFTWARE\\Microsoft\\Windows\\CurrentVersion\\WINEVT\\Channels\\Microsoft-Windows-Windows Defender/Operational\\OwningPublisher""},{""@Name"":""Details"",""#text"":""{11cd958a-c507-4ef3-b3f2-5fd9dfbd2c78}""},{""@Name"":""User"",""#text"":""NT AUTHORITY\\SYSTEM""}]}}"
193,193,2026-03-30 18:38:48.6661564,13,Info,Microsoft-Windows-Sysmon,Microsoft-Windows-Sysmon/Operational,2448,4460,DC01.corp.local,4,S-1-5-18,RegistryEvent (Value Set),NT AUTHORITY\SYSTEM,,"ProcessID: 5668, ProcessGUID: c9182e32-c338-69ca-6b00-000000000900",RuleName: -,Image: C:\Windows\system32\wevtutil.exe,EventType: SetValue,TargetObject: HKLM\SOFTWARE\Microsoft\Windows\CurrentVersion\WINEVT\Channels\Microsoft-Windows-Windows Defender/Operational\Enabled,Details: DWORD (0x00000001),,False,C:\Users\owunc\Desktop\lab_logs\DC_Sysmon_ws.evtx,Classic,0,"{""EventData"":{""Data"":[{""@Name"":""RuleName"",""#text"":""-""},{""@Name"":""EventType"",""#text"":""SetValue""},{""@Name"":""UtcTime"",""#text"":""2026-03-30 18:38:48.658""},{""@Name"":""ProcessGuid"",""#text"":""c9182e32-c338-69ca-6b00-000000000900""},{""@Name"":""ProcessId"",""#text"":""5668""},{""@Name"":""Image"",""#text"":""C:\\Windows\\system32\\wevtutil.exe""},{""@Name"":""TargetObject"",""#text"":""HKLM\\SOFTWARE\\Microsoft\\Windows\\CurrentVersion\\WINEVT\\Channels\\Microsoft-Windows-Windows Defender/Operational\\Enabled""},{""@Name"":""Details"",""#text"":""DWORD (0x00000001)""},{""@Name"":""User"",""#text"":""NT AUTHORITY\\SYSTEM""}]}}"
194,194,2026-03-30 18:38:48.6662196,13,Info,Microsoft-Windows-Sysmon,Microsoft-Windows-Sysmon/Operational,2448,4460,DC01.corp.local,4,S-1-5-18,RegistryEvent (Value Set),NT AUTHORITY\SYSTEM,,"ProcessID: 5668, ProcessGUID: c9182e32-c338-69ca-6b00-000000000900",RuleName: -,Image: C:\Windows\system32\wevtutil.exe,EventType: SetValue,TargetObject: HKLM\SOFTWARE\Microsoft\Windows\CurrentVersion\WINEVT\Channels\Microsoft-Windows-Windows Defender/Operational\Isolation,Details: DWORD (0x00000001),,False,C:\Users\owunc\Desktop\lab_logs\DC_Sysmon_ws.evtx,Classic,0,"{""EventData"":{""Data"":[{""@Name"":""RuleName"",""#text"":""-""},{""@Name"":""EventType"",""#text"":""SetValue""},{""@Name"":""UtcTime"",""#text"":""2026-03-30 18:38:48.658""},{""@Name"":""ProcessGuid"",""#text"":""c9182e32-c338-69ca-6b00-000000000900""},{""@Name"":""ProcessId"",""#text"":""5668""},{""@Name"":""Image"",""#text"":""C:\\Windows\\system32\\wevtutil.exe""},{""@Name"":""TargetObject"",""#text"":""HKLM\\SOFTWARE\\Microsoft\\Windows\\CurrentVersion\\WINEVT\\Channels\\Microsoft-Windows-Windows Defender/Operational\\Isolation""},{""@Name"":""Details"",""#text"":""DWORD (0x00000001)""},{""@Name"":""User"",""#text"":""NT AUTHORITY\\SYSTEM""}]}}"
195,195,2026-03-30 18:38:48.6662615,13,Info,Microsoft-Windows-Sysmon,Microsoft-Windows-Sysmon/Operational,2448,4460,DC01.corp.local,4,S-1-5-18,RegistryEvent (Value Set),NT AUTHORITY\SYSTEM,,"ProcessID: 5668, ProcessGUID: c9182e32-c338-69ca-6b00-000000000900",RuleName: -,Image: C:\Windows\system32\wevtutil.exe,EventType: SetValue,TargetObject: HKLM\SOFTWARE\Microsoft\Windows\CurrentVersion\WINEVT\Channels\Microsoft-Windows-Windows Defender/Operational\ChannelAccess,Details: O:BAG:SYD:(A;;0xf0007;;;SY)(A;;0x7;;;BA)(A;;0x3;;;BO)(A;;0x5;;;SO)(A;;0x1;;;IU)(A;;0x3;;;SU)(A;;0x1;;;S-1-5-3)(A;;0x2;;;S-1-5-33)(A;;0x1;;;S-1-5-32-573),,False,C:\Users\owunc\Desktop\lab_logs\DC_Sysmon_ws.evtx,Classic,0,"{""EventData"":{""Data"":[{""@Name"":""RuleName"",""#text"":""-""},{""@Name"":""EventType"",""#text"":""SetValue""},{""@Name"":""UtcTime"",""#text"":""2026-03-30 18:38:48.658""},{""@Name"":""ProcessGuid"",""#text"":""c9182e32-c338-69ca-6b00-000000000900""},{""@Name"":""ProcessId"",""#text"":""5668""},{""@Name"":""Image"",""#text"":""C:\\Windows\\system32\\wevtutil.exe""},{""@Name"":""TargetObject"",""#text"":""HKLM\\SOFTWARE\\Microsoft\\Windows\\CurrentVersion\\WINEVT\\Channels\\Microsoft-Windows-Windows Defender/Operational\\ChannelAccess""},{""@Name"":""Details"",""#text"":""O:BAG:SYD:(A;;0xf0007;;;SY)(A;;0x7;;;BA)(A;;0x3;;;BO)(A;;0x5;;;SO)(A;;0x1;;;IU)(A;;0x3;;;SU)(A;;0x1;;;S-1-5-3)(A;;0x2;;;S-1-5-33)(A;;0x1;;;S-1-5-32-573)""},{""@Name"":""User"",""#text"":""NT AUTHORITY\\SYSTEM""}]}}"
196,196,2026-03-30 18:38:48.6663004,13,Info,Microsoft-Windows-Sysmon,Microsoft-Windows-Sysmon/Operational,2448,4460,DC01.corp.local,4,S-1-5-18,RegistryEvent (Value Set),NT AUTHORITY\SYSTEM,,"ProcessID: 5668, ProcessGUID: c9182e32-c338-69ca-6b00-000000000900",RuleName: -,Image: C:\Windows\system32\wevtutil.exe,EventType: SetValue,TargetObject: HKLM\SOFTWARE\Microsoft\Windows\CurrentVersion\WINEVT\Channels\Microsoft-Windows-Windows Defender/Operational\MaxSize,Details: DWORD (0x01000000),,False,C:\Users\owunc\Desktop\lab_logs\DC_Sysmon_ws.evtx,Classic,0,"{""EventData"":{""Data"":[{""@Name"":""RuleName"",""#text"":""-""},{""@Name"":""EventType"",""#text"":""SetValue""},{""@Name"":""UtcTime"",""#text"":""2026-03-30 18:38:48.658""},{""@Name"":""ProcessGuid"",""#text"":""c9182e32-c338-69ca-6b00-000000000900""},{""@Name"":""ProcessId"",""#text"":""5668""},{""@Name"":""Image"",""#text"":""C:\\Windows\\system32\\wevtutil.exe""},{""@Name"":""TargetObject"",""#text"":""HKLM\\SOFTWARE\\Microsoft\\Windows\\CurrentVersion\\WINEVT\\Channels\\Microsoft-Windows-Windows Defender/Operational\\MaxSize""},{""@Name"":""Details"",""#text"":""DWORD (0x01000000)""},{""@Name"":""User"",""#text"":""NT AUTHORITY\\SYSTEM""}]}}"
197,197,2026-03-30 18:38:48.6663392,13,Info,Microsoft-Windows-Sysmon,Microsoft-Windows-Sysmon/Operational,2448,4460,DC01.corp.local,4,S-1-5-18,RegistryEvent (Value Set),NT AUTHORITY\SYSTEM,,"ProcessID: 5668, ProcessGUID: c9182e32-c338-69ca-6b00-000000000900",RuleName: -,Image: C:\Windows\system32\wevtutil.exe,EventType: SetValue,TargetObject: HKLM\SOFTWARE\Microsoft\Windows\CurrentVersion\WINEVT\Channels\Microsoft-Windows-Windows Defender/Operational\MaxSizeUpper,Details: DWORD (0x00000000),,False,C:\Users\owunc\Desktop\lab_logs\DC_Sysmon_ws.evtx,Classic,0,"{""EventData"":{""Data"":[{""@Name"":""RuleName"",""#text"":""-""},{""@Name"":""EventType"",""#text"":""SetValue""},{""@Name"":""UtcTime"",""#text"":""2026-03-30 18:38:48.658""},{""@Name"":""ProcessGuid"",""#text"":""c9182e32-c338-69ca-6b00-000000000900""},{""@Name"":""ProcessId"",""#text"":""5668""},{""@Name"":""Image"",""#text"":""C:\\Windows\\system32\\wevtutil.exe""},{""@Name"":""TargetObject"",""#text"":""HKLM\\SOFTWARE\\Microsoft\\Windows\\CurrentVersion\\WINEVT\\Channels\\Microsoft-Windows-Windows Defender/Operational\\MaxSizeUpper""},{""@Name"":""Details"",""#text"":""DWORD (0x00000000)""},{""@Name"":""User"",""#text"":""NT AUTHORITY\\SYSTEM""}]}}"
198,198,2026-03-30 18:38:48.6663768,13,Info,Microsoft-Windows-Sysmon,Microsoft-Windows-Sysmon/Operational,2448,4460,DC01.corp.local,4,S-1-5-18,RegistryEvent (Value Set),NT AUTHORITY\SYSTEM,,"ProcessID: 5668, ProcessGUID: c9182e32-c338-69ca-6b00-000000000900",RuleName: -,Image: C:\Windows\system32\wevtutil.exe,EventType: SetValue,TargetObject: HKLM\SOFTWARE\Microsoft\Windows\CurrentVersion\WINEVT\Channels\Microsoft-Windows-Windows Defender/Operational\Type,Details: DWORD (0x00000001),,False,C:\Users\owunc\Desktop\lab_logs\DC_Sysmon_ws.evtx,Classic,0,"{""EventData"":{""Data"":[{""@Name"":""RuleName"",""#text"":""-""},{""@Name"":""EventType"",""#text"":""SetValue""},{""@Name"":""UtcTime"",""#text"":""2026-03-30 18:38:48.658""},{""@Name"":""ProcessGuid"",""#text"":""c9182e32-c338-69ca-6b00-000000000900""},{""@Name"":""ProcessId"",""#text"":""5668""},{""@Name"":""Image"",""#text"":""C:\\Windows\\system32\\wevtutil.exe""},{""@Name"":""TargetObject"",""#text"":""HKLM\\SOFTWARE\\Microsoft\\Windows\\CurrentVersion\\WINEVT\\Channels\\Microsoft-Windows-Windows Defender/Operational\\Type""},{""@Name"":""Details"",""#text"":""DWORD (0x00000001)""},{""@Name"":""User"",""#text"":""NT AUTHORITY\\SYSTEM""}]}}"
199,199,2026-03-30 18:38:48.6664265,13,Info,Microsoft-Windows-Sysmon,Microsoft-Windows-Sysmon/Operational,2448,4460,DC01.corp.local,4,S-1-5-18,RegistryEvent (Value Set),NT AUTHORITY\SYSTEM,,"ProcessID: 5668, ProcessGUID: c9182e32-c338-69ca-6b00-000000000900",RuleName: -,Image: C:\Windows\system32\wevtutil.exe,EventType: SetValue,TargetObject: HKLM\SOFTWARE\Microsoft\Windows\CurrentVersion\WINEVT\Channels\Microsoft-Windows-Windows Defender/WHC\OwningPublisher,Details: {11cd958a-c507-4ef3-b3f2-5fd9dfbd2c78},,False,C:\Users\owunc\Desktop\lab_logs\DC_Sysmon_ws.evtx,Classic,0,"{""EventData"":{""Data"":[{""@Name"":""RuleName"",""#text"":""-""},{""@Name"":""EventType"",""#text"":""SetValue""},{""@Name"":""UtcTime"",""#text"":""2026-03-30 18:38:48.658""},{""@Name"":""ProcessGuid"",""#text"":""c9182e32-c338-69ca-6b00-000000000900""},{""@Name"":""ProcessId"",""#text"":""5668""},{""@Name"":""Image"",""#text"":""C:\\Windows\\system32\\wevtutil.exe""},{""@Name"":""TargetObject"",""#text"":""HKLM\\SOFTWARE\\Microsoft\\Windows\\CurrentVersion\\WINEVT\\Channels\\Microsoft-Windows-Windows Defender/WHC\\OwningPublisher""},{""@Name"":""Details"",""#text"":""{11cd958a-c507-4ef3-b3f2-5fd9dfbd2c78}""},{""@Name"":""User"",""#text"":""NT AUTHORITY\\SYSTEM""}]}}"
200,200,2026-03-30 18:38:48.6664633,13,Info,Microsoft-Windows-Sysmon,Microsoft-Windows-Sysmon/Operational,2448,4460,DC01.corp.local,4,S-1-5-18,RegistryEvent (Value Set),NT AUTHORITY\SYSTEM,,"ProcessID: 5668, ProcessGUID: c9182e32-c338-69ca-6b00-000000000900",RuleName: -,Image: C:\Windows\system32\wevtutil.exe,EventType: SetValue,TargetObject: HKLM\SOFTWARE\Microsoft\Windows\CurrentVersion\WINEVT\Channels\Microsoft-Windows-Windows Defender/WHC\Enabled,Details: DWORD (0x00000001),,False,C:\Users\owunc\Desktop\lab_logs\DC_Sysmon_ws.evtx,Classic,0,"{""EventData"":{""Data"":[{""@Name"":""RuleName"",""#text"":""-""},{""@Name"":""EventType"",""#text"":""SetValue""},{""@Name"":""UtcTime"",""#text"":""2026-03-30 18:38:48.658""},{""@Name"":""ProcessGuid"",""#text"":""c9182e32-c338-69ca-6b00-000000000900""},{""@Name"":""ProcessId"",""#text"":""5668""},{""@Name"":""Image"",""#text"":""C:\\Windows\\system32\\wevtutil.exe""},{""@Name"":""TargetObject"",""#text"":""HKLM\\SOFTWARE\\Microsoft\\Windows\\CurrentVersion\\WINEVT\\Channels\\Microsoft-Windows-Windows Defender/WHC\\Enabled""},{""@Name"":""Details"",""#text"":""DWORD (0x00000001)""},{""@Name"":""User"",""#text"":""NT AUTHORITY\\SYSTEM""}]}}"
201,201,2026-03-30 18:38:48.6664997,13,Info,Microsoft-Windows-Sysmon,Microsoft-Windows-Sysmon/Operational,2448,4460,DC01.corp.local,4,S-1-5-18,RegistryEvent (Value Set),NT AUTHORITY\SYSTEM,,"ProcessID: 5668, ProcessGUID: c9182e32-c338-69ca-6b00-000000000900",RuleName: -,Image: C:\Windows\system32\wevtutil.exe,EventType: SetValue,TargetObject: HKLM\SOFTWARE\Microsoft\Windows\CurrentVersion\WINEVT\Channels\Microsoft-Windows-Windows Defender/WHC\Isolation,Details: DWORD (0x00000001),,False,C:\Users\owunc\Desktop\lab_logs\DC_Sysmon_ws.evtx,Classic,0,"{""EventData"":{""Data"":[{""@Name"":""RuleName"",""#text"":""-""},{""@Name"":""EventType"",""#text"":""SetValue""},{""@Name"":""UtcTime"",""#text"":""2026-03-30 18:38:48.658""},{""@Name"":""ProcessGuid"",""#text"":""c9182e32-c338-69ca-6b00-000000000900""},{""@Name"":""ProcessId"",""#text"":""5668""},{""@Name"":""Image"",""#text"":""C:\\Windows\\system32\\wevtutil.exe""},{""@Name"":""TargetObject"",""#text"":""HKLM\\SOFTWARE\\Microsoft\\Windows\\CurrentVersion\\WINEVT\\Channels\\Microsoft-Windows-Windows Defender/WHC\\Isolation""},{""@Name"":""Details"",""#text"":""DWORD (0x00000001)""},{""@Name"":""User"",""#text"":""NT AUTHORITY\\SYSTEM""}]}}"
202,202,2026-03-30 18:38:48.6665379,13,Info,Microsoft-Windows-Sysmon,Microsoft-Windows-Sysmon/Operational,2448,4460,DC01.corp.local,4,S-1-5-18,RegistryEvent (Value Set),NT AUTHORITY\SYSTEM,,"ProcessID: 5668, ProcessGUID: c9182e32-c338-69ca-6b00-000000000900",RuleName: -,Image: C:\Windows\system32\wevtutil.exe,EventType: SetValue,TargetObject: HKLM\SOFTWARE\Microsoft\Windows\CurrentVersion\WINEVT\Channels\Microsoft-Windows-Windows Defender/WHC\ChannelAccess,Details: O:BAG:SYD:(A;;0xf0007;;;SY)(A;;0x7;;;BA)(A;;0x3;;;BO)(A;;0x5;;;SO)(A;;0x1;;;IU)(A;;0x3;;;SU)(A;;0x1;;;S-1-5-3)(A;;0x2;;;S-1-5-33)(A;;0x1;;;S-1-5-32-573),,False,C:\Users\owunc\Desktop\lab_logs\DC_Sysmon_ws.evtx,Classic,0,"{""EventData"":{""Data"":[{""@Name"":""RuleName"",""#text"":""-""},{""@Name"":""EventType"",""#text"":""SetValue""},{""@Name"":""UtcTime"",""#text"":""2026-03-30 18:38:48.658""},{""@Name"":""ProcessGuid"",""#text"":""c9182e32-c338-69ca-6b00-000000000900""},{""@Name"":""ProcessId"",""#text"":""5668""},{""@Name"":""Image"",""#text"":""C:\\Windows\\system32\\wevtutil.exe""},{""@Name"":""TargetObject"",""#text"":""HKLM\\SOFTWARE\\Microsoft\\Windows\\CurrentVersion\\WINEVT\\Channels\\Microsoft-Windows-Windows Defender/WHC\\ChannelAccess""},{""@Name"":""Details"",""#text"":""O:BAG:SYD:(A;;0xf0007;;;SY)(A;;0x7;;;BA)(A;;0x3;;;BO)(A;;0x5;;;SO)(A;;0x1;;;IU)(A;;0x3;;;SU)(A;;0x1;;;S-1-5-3)(A;;0x2;;;S-1-5-33)(A;;0x1;;;S-1-5-32-573)""},{""@Name"":""User"",""#text"":""NT AUTHORITY\\SYSTEM""}]}}"
203,203,2026-03-30 18:38:48.6665747,13,Info,Microsoft-Windows-Sysmon,Microsoft-Windows-Sysmon/Operational,2448,4460,DC01.corp.local,4,S-1-5-18,RegistryEvent (Value Set),NT AUTHORITY\SYSTEM,,"ProcessID: 5668, ProcessGUID: c9182e32-c338-69ca-6b00-000000000900",RuleName: -,Image: C:\Windows\system32\wevtutil.exe,EventType: SetValue,TargetObject: HKLM\SOFTWARE\Microsoft\Windows\CurrentVersion\WINEVT\Channels\Microsoft-Windows-Windows Defender/WHC\MaxSize,Details: DWORD (0x00040000),,False,C:\Users\owunc\Desktop\lab_logs\DC_Sysmon_ws.evtx,Classic,0,"{""EventData"":{""Data"":[{""@Name"":""RuleName"",""#text"":""-""},{""@Name"":""EventType"",""#text"":""SetValue""},{""@Name"":""UtcTime"",""#text"":""2026-03-30 18:38:48.658""},{""@Name"":""ProcessGuid"",""#text"":""c9182e32-c338-69ca-6b00-000000000900""},{""@Name"":""ProcessId"",""#text"":""5668""},{""@Name"":""Image"",""#text"":""C:\\Windows\\system32\\wevtutil.exe""},{""@Name"":""TargetObject"",""#text"":""HKLM\\SOFTWARE\\Microsoft\\Windows\\CurrentVersion\\WINEVT\\Channels\\Microsoft-Windows-Windows Defender/WHC\\MaxSize""},{""@Name"":""Details"",""#text"":""DWORD (0x00040000)""},{""@Name"":""User"",""#text"":""NT AUTHORITY\\SYSTEM""}]}}"
204,204,2026-03-30 18:38:48.6666115,13,Info,Microsoft-Windows-Sysmon,Microsoft-Windows-Sysmon/Operational,2448,4460,DC01.corp.local,4,S-1-5-18,RegistryEvent (Value Set),NT AUTHORITY\SYSTEM,,"ProcessID: 5668, ProcessGUID: c9182e32-c338-69ca-6b00-000000000900",RuleName: -,Image: C:\Windows\system32\wevtutil.exe,EventType: SetValue,TargetObject: HKLM\SOFTWARE\Microsoft\Windows\CurrentVersion\WINEVT\Channels\Microsoft-Windows-Windows Defender/WHC\MaxSizeUpper,Details: DWORD (0x00000000),,False,C:\Users\owunc\Desktop\lab_logs\DC_Sysmon_ws.evtx,Classic,0,"{""EventData"":{""Data"":[{""@Name"":""RuleName"",""#text"":""-""},{""@Name"":""EventType"",""#text"":""SetValue""},{""@Name"":""UtcTime"",""#text"":""2026-03-30 18:38:48.658""},{""@Name"":""ProcessGuid"",""#text"":""c9182e32-c338-69ca-6b00-000000000900""},{""@Name"":""ProcessId"",""#text"":""5668""},{""@Name"":""Image"",""#text"":""C:\\Windows\\system32\\wevtutil.exe""},{""@Name"":""TargetObject"",""#text"":""HKLM\\SOFTWARE\\Microsoft\\Windows\\CurrentVersion\\WINEVT\\Channels\\Microsoft-Windows-Windows Defender/WHC\\MaxSizeUpper""},{""@Name"":""Details"",""#text"":""DWORD (0x00000000)""},{""@Name"":""User"",""#text"":""NT AUTHORITY\\SYSTEM""}]}}"
205,205,2026-03-30 18:38:48.6666479,13,Info,Microsoft-Windows-Sysmon,Microsoft-Windows-Sysmon/Operational,2448,4460,DC01.corp.local,4,S-1-5-18,RegistryEvent (Value Set),NT AUTHORITY\SYSTEM,,"ProcessID: 5668, ProcessGUID: c9182e32-c338-69ca-6b00-000000000900",RuleName: -,Image: C:\Windows\system32\wevtutil.exe,EventType: SetValue,TargetObject: HKLM\SOFTWARE\Microsoft\Windows\CurrentVersion\WINEVT\Channels\Microsoft-Windows-Windows Defender/WHC\Type,Details: DWORD (0x00000001),,False,C:\Users\owunc\Desktop\lab_logs\DC_Sysmon_ws.evtx,Classic,0,"{""EventData"":{""Data"":[{""@Name"":""RuleName"",""#text"":""-""},{""@Name"":""EventType"",""#text"":""SetValue""},{""@Name"":""UtcTime"",""#text"":""2026-03-30 18:38:48.658""},{""@Name"":""ProcessGuid"",""#text"":""c9182e32-c338-69ca-6b00-000000000900""},{""@Name"":""ProcessId"",""#text"":""5668""},{""@Name"":""Image"",""#text"":""C:\\Windows\\system32\\wevtutil.exe""},{""@Name"":""TargetObject"",""#text"":""HKLM\\SOFTWARE\\Microsoft\\Windows\\CurrentVersion\\WINEVT\\Channels\\Microsoft-Windows-Windows Defender/WHC\\Type""},{""@Name"":""Details"",""#text"":""DWORD (0x00000001)""},{""@Name"":""User"",""#text"":""NT AUTHORITY\\SYSTEM""}]}}"
206,206,2026-03-30 18:38:48.6983247,11,Info,Microsoft-Windows-Sysmon,Microsoft-Windows-Sysmon/Operational,2448,4460,DC01.corp.local,4,S-1-5-18,FileCreate,NT AUTHORITY\SYSTEM,,"ProcessID: 4580, ProcessGUID: c9182e32-c326-69ca-5b00-000000000900",RuleName: -,Image: C:\Windows\SysWOW64\WindowsPowerShell\v1.0\powershell.exe,TargetFilename: C:\Windows\Temp\__PSScriptPolicyTest_cjilefci.fyn.ps1,,,,False,C:\Users\owunc\Desktop\lab_logs\DC_Sysmon_ws.evtx,Classic,0,"{""EventData"":{""Data"":[{""@Name"":""RuleName"",""#text"":""-""},{""@Name"":""UtcTime"",""#text"":""2026-03-30 18:38:48.690""},{""@Name"":""ProcessGuid"",""#text"":""c9182e32-c326-69ca-5b00-000000000900""},{""@Name"":""ProcessId"",""#text"":""4580""},{""@Name"":""Image"",""#text"":""C:\\Windows\\SysWOW64\\WindowsPowerShell\\v1.0\\powershell.exe""},{""@Name"":""TargetFilename"",""#text"":""C:\\Windows\\Temp\\__PSScriptPolicyTest_cjilefci.fyn.ps1""},{""@Name"":""CreationUtcTime"",""#text"":""2026-03-30 18:38:48.690""},{""@Name"":""User"",""#text"":""NT AUTHORITY\\SYSTEM""}]}}"
