839,839,2026-03-30 22:41:45.8436793,1,Info,Microsoft-Windows-Sysmon,Microsoft-Windows-Sysmon/Operational,2448,4460,DC01.corp.local,17,S-1-5-18,Process creation,NT AUTHORITY\SYSTEM,,"ProcessID: 4264, ProcessGUID: c9182e32-fc29-69ca-9f02-000000000900",RuleName: -,"MD5=EB5ACAC8A6DF89EB6BA751F468490734,SHA256=6633D15A90D38137ABF5E08BC5C14CF35128ECA168E875D9569295ECC88A4DBB,IMPHASH=C1E3C5E2580A8F5AD5F3DF2BCAEA7CAB",ParentProcess: C:\Program Files (x86)\ossec-agent\wazuh-agent.exe,"ParentProcessID: 5320, ParentProcessGUID: c9182e32-fc24-69ca-8102-000000000900","ParentCommandLine: ""C:\Program Files (x86)\ossec-agent\wazuh-agent.exe""","powershell -NoProfile -Command ""[bool](Get-CimInstance -Query 'SELECT * FROM Win32_UserAccount WHERE LocalAccount = TRUE AND SID LIKE ''S-1-5-21-%%-501''' | Where-Object -Property Disabled)""",False,C:\Users\owunc\Desktop\lab_logs\DC_Sysmon_ws.evtx,Classic,0,"{""EventData"":{""Data"":[{""@Name"":""RuleName"",""#text"":""-""},{""@Name"":""UtcTime"",""#text"":""2026-03-30 22:41:45.837""},{""@Name"":""ProcessGuid"",""#text"":""c9182e32-fc29-69ca-9f02-000000000900""},{""@Name"":""ProcessId"",""#text"":""4264""},{""@Name"":""Image"",""#text"":""C:\\Windows\\SysWOW64\\WindowsPowerShell\\v1.0\\powershell.exe""},{""@Name"":""FileVersion"",""#text"":""10.0.20348.1 (WinBuild.160101.0800)""},{""@Name"":""Description"",""#text"":""Windows PowerShell""},{""@Name"":""Product"",""#text"":""Microsoft® Windows® Operating System""},{""@Name"":""Company"",""#text"":""Microsoft Corporation""},{""@Name"":""OriginalFileName"",""#text"":""PowerShell.EXE""},{""@Name"":""CommandLine"",""#text"":""powershell -NoProfile -Command \""[bool](Get-CimInstance -Query 'SELECT * FROM Win32_UserAccount WHERE LocalAccount = TRUE AND SID LIKE ''S-1-5-21-%%-501''' | Where-Object -Property Disabled)\""""},{""@Name"":""CurrentDirectory"",""#text"":""C:\\Program Files (x86)\\ossec-agent\\""},{""@Name"":""User"",""#text"":""NT AUTHORITY\\SYSTEM""},{""@Name"":""LogonGuid"",""#text"":""c9182e32-c31a-69ca-e703-000000000000""},{""@Name"":""LogonId"",""#text"":""0x3E7""},{""@Name"":""TerminalSessionId"",""#text"":""0""},{""@Name"":""IntegrityLevel"",""#text"":""System""},{""@Name"":""Hashes"",""#text"":""MD5=EB5ACAC8A6DF89EB6BA751F468490734,SHA256=6633D15A90D38137ABF5E08BC5C14CF35128ECA168E875D9569295ECC88A4DBB,IMPHASH=C1E3C5E2580A8F5AD5F3DF2BCAEA7CAB""},{""@Name"":""ParentProcessGuid"",""#text"":""c9182e32-fc24-69ca-8102-000000000900""},{""@Name"":""ParentProcessId"",""#text"":""5320""},{""@Name"":""ParentImage"",""#text"":""C:\\Program Files (x86)\\ossec-agent\\wazuh-agent.exe""},{""@Name"":""ParentCommandLine"",""#text"":""\""C:\\Program Files (x86)\\ossec-agent\\wazuh-agent.exe\""""},{""@Name"":""ParentUser"",""#text"":""NT AUTHORITY\\SYSTEM""}]}}"
840,840,2026-03-30 22:41:45.8945907,11,Info,Microsoft-Windows-Sysmon,Microsoft-Windows-Sysmon/Operational,2448,4460,DC01.corp.local,17,S-1-5-18,FileCreate,NT AUTHORITY\SYSTEM,,"ProcessID: 4264, ProcessGUID: c9182e32-fc29-69ca-9f02-000000000900",RuleName: -,Image: C:\Windows\SysWOW64\WindowsPowerShell\v1.0\powershell.exe,TargetFilename: C:\Windows\Temp\__PSScriptPolicyTest_iexblnfq.rix.ps1,,,,False,C:\Users\owunc\Desktop\lab_logs\DC_Sysmon_ws.evtx,Classic,0,"{""EventData"":{""Data"":[{""@Name"":""RuleName"",""#text"":""-""},{""@Name"":""UtcTime"",""#text"":""2026-03-30 22:41:45.885""},{""@Name"":""ProcessGuid"",""#text"":""c9182e32-fc29-69ca-9f02-000000000900""},{""@Name"":""ProcessId"",""#text"":""4264""},{""@Name"":""Image"",""#text"":""C:\\Windows\\SysWOW64\\WindowsPowerShell\\v1.0\\powershell.exe""},{""@Name"":""TargetFilename"",""#text"":""C:\\Windows\\Temp\\__PSScriptPolicyTest_iexblnfq.rix.ps1""},{""@Name"":""CreationUtcTime"",""#text"":""2026-03-30 22:41:45.885""},{""@Name"":""User"",""#text"":""NT AUTHORITY\\SYSTEM""}]}}"
841,841,2026-03-30 22:41:46.2566848,11,Info,Microsoft-Windows-Sysmon,Microsoft-Windows-Sysmon/Operational,2448,4460,DC01.corp.local,17,S-1-5-18,FileCreate,NT AUTHORITY\SYSTEM,,"ProcessID: 4264, ProcessGUID: c9182e32-fc29-69ca-9f02-000000000900",RuleName: -,Image: C:\Windows\SysWOW64\WindowsPowerShell\v1.0\powershell.exe,TargetFilename: C:\Windows\Temp\__PSScriptPolicyTest_w2ygd0ti.iig.ps1,,,,False,C:\Users\owunc\Desktop\lab_logs\DC_Sysmon_ws.evtx,Classic,0,"{""EventData"":{""Data"":[{""@Name"":""RuleName"",""#text"":""-""},{""@Name"":""UtcTime"",""#text"":""2026-03-30 22:41:46.245""},{""@Name"":""ProcessGuid"",""#text"":""c9182e32-fc29-69ca-9f02-000000000900""},{""@Name"":""ProcessId"",""#text"":""4264""},{""@Name"":""Image"",""#text"":""C:\\Windows\\SysWOW64\\WindowsPowerShell\\v1.0\\powershell.exe""},{""@Name"":""TargetFilename"",""#text"":""C:\\Windows\\Temp\\__PSScriptPolicyTest_w2ygd0ti.iig.ps1""},{""@Name"":""CreationUtcTime"",""#text"":""2026-03-30 22:41:46.245""},{""@Name"":""User"",""#text"":""NT AUTHORITY\\SYSTEM""}]}}"
842,842,2026-03-30 22:41:46.3964827,1,Info,Microsoft-Windows-Sysmon,Microsoft-Windows-Sysmon/Operational,2448,4460,DC01.corp.local,17,S-1-5-18,Process creation,NT AUTHORITY\SYSTEM,,"ProcessID: 2116, ProcessGUID: c9182e32-fc2a-69ca-a102-000000000900",RuleName: -,"MD5=25E4C7D70BC2817AEEC93BD69BB16657,SHA256=949524A22555305B1DE6ECD8D69A21466E7B4F6354F31B951A1A3DDD6E72E042,IMPHASH=6C829877160814FC33B041AB46ABAC59",ParentProcess: C:\Program Files (x86)\ossec-agent\wazuh-agent.exe,"ParentProcessID: 5320, ParentProcessGUID: c9182e32-fc24-69ca-8102-000000000900","ParentCommandLine: ""C:\Program Files (x86)\ossec-agent\wazuh-agent.exe""",net user,False,C:\Users\owunc\Desktop\lab_logs\DC_Sysmon_ws.evtx,Classic,0,"{""EventData"":{""Data"":[{""@Name"":""RuleName"",""#text"":""-""},{""@Name"":""UtcTime"",""#text"":""2026-03-30 22:41:46.392""},{""@Name"":""ProcessGuid"",""#text"":""c9182e32-fc2a-69ca-a102-000000000900""},{""@Name"":""ProcessId"",""#text"":""2116""},{""@Name"":""Image"",""#text"":""C:\\Windows\\SysWOW64\\net.exe""},{""@Name"":""FileVersion"",""#text"":""10.0.20348.1 (WinBuild.160101.0800)""},{""@Name"":""Description"",""#text"":""Net Command""},{""@Name"":""Product"",""#text"":""Microsoft® Windows® Operating System""},{""@Name"":""Company"",""#text"":""Microsoft Corporation""},{""@Name"":""OriginalFileName"",""#text"":""net.exe""},{""@Name"":""CommandLine"",""#text"":""net user""},{""@Name"":""CurrentDirectory"",""#text"":""C:\\Program Files (x86)\\ossec-agent\\""},{""@Name"":""User"",""#text"":""NT AUTHORITY\\SYSTEM""},{""@Name"":""LogonGuid"",""#text"":""c9182e32-c31a-69ca-e703-000000000000""},{""@Name"":""LogonId"",""#text"":""0x3E7""},{""@Name"":""TerminalSessionId"",""#text"":""0""},{""@Name"":""IntegrityLevel"",""#text"":""System""},{""@Name"":""Hashes"",""#text"":""MD5=25E4C7D70BC2817AEEC93BD69BB16657,SHA256=949524A22555305B1DE6ECD8D69A21466E7B4F6354F31B951A1A3DDD6E72E042,IMPHASH=6C829877160814FC33B041AB46ABAC59""},{""@Name"":""ParentProcessGuid"",""#text"":""c9182e32-fc24-69ca-8102-000000000900""},{""@Name"":""ParentProcessId"",""#text"":""5320""},{""@Name"":""ParentImage"",""#text"":""C:\\Program Files (x86)\\ossec-agent\\wazuh-agent.exe""},{""@Name"":""ParentCommandLine"",""#text"":""\""C:\\Program Files (x86)\\ossec-agent\\wazuh-agent.exe\""""},{""@Name"":""ParentUser"",""#text"":""NT AUTHORITY\\SYSTEM""}]}}"
843,843,2026-03-30 22:41:46.4245348,1,Info,Microsoft-Windows-Sysmon,Microsoft-Windows-Sysmon/Operational,2448,4460,DC01.corp.local,17,S-1-5-18,Process creation,NT AUTHORITY\SYSTEM,,"ProcessID: 6628, ProcessGUID: c9182e32-fc2a-69ca-a302-000000000900",RuleName: -,"MD5=6EE14B0BFF935051384F348DF07EDDDD,SHA256=EE0D292C8F6B12A6DEE70E0F3F257A6CB1C90BFFDF2453CD1B3E059122C7A7C5,IMPHASH=FA57EC07C0A8E480F5D417E8860B906D",ParentProcess: C:\Windows\SysWOW64\net.exe,"ParentProcessID: 2116, ParentProcessGUID: c9182e32-fc2a-69ca-a102-000000000900",ParentCommandLine: net user,C:\Windows\system32\net1 user,False,C:\Users\owunc\Desktop\lab_logs\DC_Sysmon_ws.evtx,Classic,0,"{""EventData"":{""Data"":[{""@Name"":""RuleName"",""#text"":""-""},{""@Name"":""UtcTime"",""#text"":""2026-03-30 22:41:46.421""},{""@Name"":""ProcessGuid"",""#text"":""c9182e32-fc2a-69ca-a302-000000000900""},{""@Name"":""ProcessId"",""#text"":""6628""},{""@Name"":""Image"",""#text"":""C:\\Windows\\SysWOW64\\net1.exe""},{""@Name"":""FileVersion"",""#text"":""10.0.20348.469 (WinBuild.160101.0800)""},{""@Name"":""Description"",""#text"":""Net Command""},{""@Name"":""Product"",""#text"":""Microsoft® Windows® Operating System""},{""@Name"":""Company"",""#text"":""Microsoft Corporation""},{""@Name"":""OriginalFileName"",""#text"":""net1.exe""},{""@Name"":""CommandLine"",""#text"":""C:\\Windows\\system32\\net1 user""},{""@Name"":""CurrentDirectory"",""#text"":""C:\\Program Files (x86)\\ossec-agent\\""},{""@Name"":""User"",""#text"":""NT AUTHORITY\\SYSTEM""},{""@Name"":""LogonGuid"",""#text"":""c9182e32-c31a-69ca-e703-000000000000""},{""@Name"":""LogonId"",""#text"":""0x3E7""},{""@Name"":""TerminalSessionId"",""#text"":""0""},{""@Name"":""IntegrityLevel"",""#text"":""System""},{""@Name"":""Hashes"",""#text"":""MD5=6EE14B0BFF935051384F348DF07EDDDD,SHA256=EE0D292C8F6B12A6DEE70E0F3F257A6CB1C90BFFDF2453CD1B3E059122C7A7C5,IMPHASH=FA57EC07C0A8E480F5D417E8860B906D""},{""@Name"":""ParentProcessGuid"",""#text"":""c9182e32-fc2a-69ca-a102-000000000900""},{""@Name"":""ParentProcessId"",""#text"":""2116""},{""@Name"":""ParentImage"",""#text"":""C:\\Windows\\SysWOW64\\net.exe""},{""@Name"":""ParentCommandLine"",""#text"":""net user""},{""@Name"":""ParentUser"",""#text"":""NT AUTHORITY\\SYSTEM""}]}}"
844,844,2026-03-30 22:41:46.4366510,1,Info,Microsoft-Windows-Sysmon,Microsoft-Windows-Sysmon/Operational,2448,4460,DC01.corp.local,17,S-1-5-18,Process creation,NT AUTHORITY\SYSTEM,,"ProcessID: 5196, ProcessGUID: c9182e32-fc2a-69ca-a402-000000000900",RuleName: -,"MD5=25E4C7D70BC2817AEEC93BD69BB16657,SHA256=949524A22555305B1DE6ECD8D69A21466E7B4F6354F31B951A1A3DDD6E72E042,IMPHASH=6C829877160814FC33B041AB46ABAC59",ParentProcess: C:\Program Files (x86)\ossec-agent\wazuh-agent.exe,"ParentProcessID: 5320, ParentProcessGUID: c9182e32-fc24-69ca-8102-000000000900","ParentCommandLine: ""C:\Program Files (x86)\ossec-agent\wazuh-agent.exe""",net user,False,C:\Users\owunc\Desktop\lab_logs\DC_Sysmon_ws.evtx,Classic,0,"{""EventData"":{""Data"":[{""@Name"":""RuleName"",""#text"":""-""},{""@Name"":""UtcTime"",""#text"":""2026-03-30 22:41:46.435""},{""@Name"":""ProcessGuid"",""#text"":""c9182e32-fc2a-69ca-a402-000000000900""},{""@Name"":""ProcessId"",""#text"":""5196""},{""@Name"":""Image"",""#text"":""C:\\Windows\\SysWOW64\\net.exe""},{""@Name"":""FileVersion"",""#text"":""10.0.20348.1 (WinBuild.160101.0800)""},{""@Name"":""Description"",""#text"":""Net Command""},{""@Name"":""Product"",""#text"":""Microsoft® Windows® Operating System""},{""@Name"":""Company"",""#text"":""Microsoft Corporation""},{""@Name"":""OriginalFileName"",""#text"":""net.exe""},{""@Name"":""CommandLine"",""#text"":""net user""},{""@Name"":""CurrentDirectory"",""#text"":""C:\\Program Files (x86)\\ossec-agent\\""},{""@Name"":""User"",""#text"":""NT AUTHORITY\\SYSTEM""},{""@Name"":""LogonGuid"",""#text"":""c9182e32-c31a-69ca-e703-000000000000""},{""@Name"":""LogonId"",""#text"":""0x3E7""},{""@Name"":""TerminalSessionId"",""#text"":""0""},{""@Name"":""IntegrityLevel"",""#text"":""System""},{""@Name"":""Hashes"",""#text"":""MD5=25E4C7D70BC2817AEEC93BD69BB16657,SHA256=949524A22555305B1DE6ECD8D69A21466E7B4F6354F31B951A1A3DDD6E72E042,IMPHASH=6C829877160814FC33B041AB46ABAC59""},{""@Name"":""ParentProcessGuid"",""#text"":""c9182e32-fc24-69ca-8102-000000000900""},{""@Name"":""ParentProcessId"",""#text"":""5320""},{""@Name"":""ParentImage"",""#text"":""C:\\Program Files (x86)\\ossec-agent\\wazuh-agent.exe""},{""@Name"":""ParentCommandLine"",""#text"":""\""C:\\Program Files (x86)\\ossec-agent\\wazuh-agent.exe\""""},{""@Name"":""ParentUser"",""#text"":""NT AUTHORITY\\SYSTEM""}]}}"
845,845,2026-03-30 22:41:46.4632214,1,Info,Microsoft-Windows-Sysmon,Microsoft-Windows-Sysmon/Operational,2448,4460,DC01.corp.local,17,S-1-5-18,Process creation,NT AUTHORITY\SYSTEM,,"ProcessID: 6812, ProcessGUID: c9182e32-fc2a-69ca-a602-000000000900",RuleName: -,"MD5=6EE14B0BFF935051384F348DF07EDDDD,SHA256=EE0D292C8F6B12A6DEE70E0F3F257A6CB1C90BFFDF2453CD1B3E059122C7A7C5,IMPHASH=FA57EC07C0A8E480F5D417E8860B906D",ParentProcess: C:\Windows\SysWOW64\net.exe,"ParentProcessID: 5196, ParentProcessGUID: c9182e32-fc2a-69ca-a402-000000000900",ParentCommandLine: net user,C:\Windows\system32\net1 user,False,C:\Users\owunc\Desktop\lab_logs\DC_Sysmon_ws.evtx,Classic,0,"{""EventData"":{""Data"":[{""@Name"":""RuleName"",""#text"":""-""},{""@Name"":""UtcTime"",""#text"":""2026-03-30 22:41:46.460""},{""@Name"":""ProcessGuid"",""#text"":""c9182e32-fc2a-69ca-a602-000000000900""},{""@Name"":""ProcessId"",""#text"":""6812""},{""@Name"":""Image"",""#text"":""C:\\Windows\\SysWOW64\\net1.exe""},{""@Name"":""FileVersion"",""#text"":""10.0.20348.469 (WinBuild.160101.0800)""},{""@Name"":""Description"",""#text"":""Net Command""},{""@Name"":""Product"",""#text"":""Microsoft® Windows® Operating System""},{""@Name"":""Company"",""#text"":""Microsoft Corporation""},{""@Name"":""OriginalFileName"",""#text"":""net1.exe""},{""@Name"":""CommandLine"",""#text"":""C:\\Windows\\system32\\net1 user""},{""@Name"":""CurrentDirectory"",""#text"":""C:\\Program Files (x86)\\ossec-agent\\""},{""@Name"":""User"",""#text"":""NT AUTHORITY\\SYSTEM""},{""@Name"":""LogonGuid"",""#text"":""c9182e32-c31a-69ca-e703-000000000000""},{""@Name"":""LogonId"",""#text"":""0x3E7""},{""@Name"":""TerminalSessionId"",""#text"":""0""},{""@Name"":""IntegrityLevel"",""#text"":""System""},{""@Name"":""Hashes"",""#text"":""MD5=6EE14B0BFF935051384F348DF07EDDDD,SHA256=EE0D292C8F6B12A6DEE70E0F3F257A6CB1C90BFFDF2453CD1B3E059122C7A7C5,IMPHASH=FA57EC07C0A8E480F5D417E8860B906D""},{""@Name"":""ParentProcessGuid"",""#text"":""c9182e32-fc2a-69ca-a402-000000000900""},{""@Name"":""ParentProcessId"",""#text"":""5196""},{""@Name"":""ParentImage"",""#text"":""C:\\Windows\\SysWOW64\\net.exe""},{""@Name"":""ParentCommandLine"",""#text"":""net user""},{""@Name"":""ParentUser"",""#text"":""NT AUTHORITY\\SYSTEM""}]}}"
846,846,2026-03-30 22:41:46.4827915,1,Info,Microsoft-Windows-Sysmon,Microsoft-Windows-Sysmon/Operational,2448,4460,DC01.corp.local,17,S-1-5-18,Process creation,NT AUTHORITY\SYSTEM,,"ProcessID: 3732, ProcessGUID: c9182e32-fc2a-69ca-a702-000000000900",RuleName: -,"MD5=42C54DD5CEDF867054DA83959BB73CEB,SHA256=E606CE6F5D3627FEA5E93F8168FE2740443D079D690D867811A7A1FEE4F55A2D,IMPHASH=BCFC5C75D29309794455BF34432D5D36",ParentProcess: C:\Program Files (x86)\ossec-agent\wazuh-agent.exe,"ParentProcessID: 5320, ParentProcessGUID: c9182e32-fc24-69ca-8102-000000000900","ParentCommandLine: ""C:\Program Files (x86)\ossec-agent\wazuh-agent.exe""","reg query ""HKLM\SOFTWARE\Microsoft\Windows\CurrentVersion\Policies\System"" /v legalnoticetext",False,C:\Users\owunc\Desktop\lab_logs\DC_Sysmon_ws.evtx,Classic,0,"{""EventData"":{""Data"":[{""@Name"":""RuleName"",""#text"":""-""},{""@Name"":""UtcTime"",""#text"":""2026-03-30 22:41:46.478""},{""@Name"":""ProcessGuid"",""#text"":""c9182e32-fc2a-69ca-a702-000000000900""},{""@Name"":""ProcessId"",""#text"":""3732""},{""@Name"":""Image"",""#text"":""C:\\Windows\\SysWOW64\\reg.exe""},{""@Name"":""FileVersion"",""#text"":""10.0.20348.1 (WinBuild.160101.0800)""},{""@Name"":""Description"",""#text"":""Registry Console Tool""},{""@Name"":""Product"",""#text"":""Microsoft® Windows® Operating System""},{""@Name"":""Company"",""#text"":""Microsoft Corporation""},{""@Name"":""OriginalFileName"",""#text"":""reg.exe""},{""@Name"":""CommandLine"",""#text"":""reg query \""HKLM\\SOFTWARE\\Microsoft\\Windows\\CurrentVersion\\Policies\\System\"" /v legalnoticetext""},{""@Name"":""CurrentDirectory"",""#text"":""C:\\Program Files (x86)\\ossec-agent\\""},{""@Name"":""User"",""#text"":""NT AUTHORITY\\SYSTEM""},{""@Name"":""LogonGuid"",""#text"":""c9182e32-c31a-69ca-e703-000000000000""},{""@Name"":""LogonId"",""#text"":""0x3E7""},{""@Name"":""TerminalSessionId"",""#text"":""0""},{""@Name"":""IntegrityLevel"",""#text"":""System""},{""@Name"":""Hashes"",""#text"":""MD5=42C54DD5CEDF867054DA83959BB73CEB,SHA256=E606CE6F5D3627FEA5E93F8168FE2740443D079D690D867811A7A1FEE4F55A2D,IMPHASH=BCFC5C75D29309794455BF34432D5D36""},{""@Name"":""ParentProcessGuid"",""#text"":""c9182e32-fc24-69ca-8102-000000000900""},{""@Name"":""ParentProcessId"",""#text"":""5320""},{""@Name"":""ParentImage"",""#text"":""C:\\Program Files (x86)\\ossec-agent\\wazuh-agent.exe""},{""@Name"":""ParentCommandLine"",""#text"":""\""C:\\Program Files (x86)\\ossec-agent\\wazuh-agent.exe\""""},{""@Name"":""ParentUser"",""#text"":""NT AUTHORITY\\SYSTEM""}]}}"
847,847,2026-03-30 22:41:46.5118273,1,Info,Microsoft-Windows-Sysmon,Microsoft-Windows-Sysmon/Operational,2448,4460,DC01.corp.local,17,S-1-5-18,Process creation,NT AUTHORITY\SYSTEM,,"ProcessID: 5900, ProcessGUID: c9182e32-fc2a-69ca-a902-000000000900",RuleName: -,"MD5=42C54DD5CEDF867054DA83959BB73CEB,SHA256=E606CE6F5D3627FEA5E93F8168FE2740443D079D690D867811A7A1FEE4F55A2D,IMPHASH=BCFC5C75D29309794455BF34432D5D36",ParentProcess: C:\Program Files (x86)\ossec-agent\wazuh-agent.exe,"ParentProcessID: 5320, ParentProcessGUID: c9182e32-fc24-69ca-8102-000000000900","ParentCommandLine: ""C:\Program Files (x86)\ossec-agent\wazuh-agent.exe""","reg query ""HKLM\SOFTWARE\Microsoft\Windows\CurrentVersion\Policies\System"" /v legalnoticecaption",False,C:\Users\owunc\Desktop\lab_logs\DC_Sysmon_ws.evtx,Classic,0,"{""EventData"":{""Data"":[{""@Name"":""RuleName"",""#text"":""-""},{""@Name"":""UtcTime"",""#text"":""2026-03-30 22:41:46.507""},{""@Name"":""ProcessGuid"",""#text"":""c9182e32-fc2a-69ca-a902-000000000900""},{""@Name"":""ProcessId"",""#text"":""5900""},{""@Name"":""Image"",""#text"":""C:\\Windows\\SysWOW64\\reg.exe""},{""@Name"":""FileVersion"",""#text"":""10.0.20348.1 (WinBuild.160101.0800)""},{""@Name"":""Description"",""#text"":""Registry Console Tool""},{""@Name"":""Product"",""#text"":""Microsoft® Windows® Operating System""},{""@Name"":""Company"",""#text"":""Microsoft Corporation""},{""@Name"":""OriginalFileName"",""#text"":""reg.exe""},{""@Name"":""CommandLine"",""#text"":""reg query \""HKLM\\SOFTWARE\\Microsoft\\Windows\\CurrentVersion\\Policies\\System\"" /v legalnoticecaption""},{""@Name"":""CurrentDirectory"",""#text"":""C:\\Program Files (x86)\\ossec-agent\\""},{""@Name"":""User"",""#text"":""NT AUTHORITY\\SYSTEM""},{""@Name"":""LogonGuid"",""#text"":""c9182e32-c31a-69ca-e703-000000000000""},{""@Name"":""LogonId"",""#text"":""0x3E7""},{""@Name"":""TerminalSessionId"",""#text"":""0""},{""@Name"":""IntegrityLevel"",""#text"":""System""},{""@Name"":""Hashes"",""#text"":""MD5=42C54DD5CEDF867054DA83959BB73CEB,SHA256=E606CE6F5D3627FEA5E93F8168FE2740443D079D690D867811A7A1FEE4F55A2D,IMPHASH=BCFC5C75D29309794455BF34432D5D36""},{""@Name"":""ParentProcessGuid"",""#text"":""c9182e32-fc24-69ca-8102-000000000900""},{""@Name"":""ParentProcessId"",""#text"":""5320""},{""@Name"":""ParentImage"",""#text"":""C:\\Program Files (x86)\\ossec-agent\\wazuh-agent.exe""},{""@Name"":""ParentCommandLine"",""#text"":""\""C:\\Program Files (x86)\\ossec-agent\\wazuh-agent.exe\""""},{""@Name"":""ParentUser"",""#text"":""NT AUTHORITY\\SYSTEM""}]}}"
848,848,2026-03-30 22:41:46.5454009,1,Info,Microsoft-Windows-Sysmon,Microsoft-Windows-Sysmon/Operational,2448,4460,DC01.corp.local,17,S-1-5-18,Process creation,NT AUTHORITY\SYSTEM,,"ProcessID: 4396, ProcessGUID: c9182e32-fc2a-69ca-ab02-000000000900",RuleName: -,"MD5=EB5ACAC8A6DF89EB6BA751F468490734,SHA256=6633D15A90D38137ABF5E08BC5C14CF35128ECA168E875D9569295ECC88A4DBB,IMPHASH=C1E3C5E2580A8F5AD5F3DF2BCAEA7CAB",ParentProcess: C:\Program Files (x86)\ossec-agent\wazuh-agent.exe,"ParentProcessID: 5320, ParentProcessGUID: c9182e32-fc24-69ca-8102-000000000900","ParentCommandLine: ""C:\Program Files (x86)\ossec-agent\wazuh-agent.exe""","powershell ""$null = secedit /export /cfg $env:temp/secexport.cfg; $(gc $env:temp/secexport.cfg | Select-String \""LSAAnonymousNameLookup\"").ToString().Split(\""=\"")[1].Trim()""",False,C:\Users\owunc\Desktop\lab_logs\DC_Sysmon_ws.evtx,Classic,0,"{""EventData"":{""Data"":[{""@Name"":""RuleName"",""#text"":""-""},{""@Name"":""UtcTime"",""#text"":""2026-03-30 22:41:46.537""},{""@Name"":""ProcessGuid"",""#text"":""c9182e32-fc2a-69ca-ab02-000000000900""},{""@Name"":""ProcessId"",""#text"":""4396""},{""@Name"":""Image"",""#text"":""C:\\Windows\\SysWOW64\\WindowsPowerShell\\v1.0\\powershell.exe""},{""@Name"":""FileVersion"",""#text"":""10.0.20348.1 (WinBuild.160101.0800)""},{""@Name"":""Description"",""#text"":""Windows PowerShell""},{""@Name"":""Product"",""#text"":""Microsoft® Windows® Operating System""},{""@Name"":""Company"",""#text"":""Microsoft Corporation""},{""@Name"":""OriginalFileName"",""#text"":""PowerShell.EXE""},{""@Name"":""CommandLine"",""#text"":""powershell \""$null = secedit /export /cfg $env:temp/secexport.cfg; $(gc $env:temp/secexport.cfg | Select-String \\\""LSAAnonymousNameLookup\\\"").ToString().Split(\\\""=\\\"")[1].Trim()\""""},{""@Name"":""CurrentDirectory"",""#text"":""C:\\Program Files (x86)\\ossec-agent\\""},{""@Name"":""User"",""#text"":""NT AUTHORITY\\SYSTEM""},{""@Name"":""LogonGuid"",""#text"":""c9182e32-c31a-69ca-e703-000000000000""},{""@Name"":""LogonId"",""#text"":""0x3E7""},{""@Name"":""TerminalSessionId"",""#text"":""0""},{""@Name"":""IntegrityLevel"",""#text"":""System""},{""@Name"":""Hashes"",""#text"":""MD5=EB5ACAC8A6DF89EB6BA751F468490734,SHA256=6633D15A90D38137ABF5E08BC5C14CF35128ECA168E875D9569295ECC88A4DBB,IMPHASH=C1E3C5E2580A8F5AD5F3DF2BCAEA7CAB""},{""@Name"":""ParentProcessGuid"",""#text"":""c9182e32-fc24-69ca-8102-000000000900""},{""@Name"":""ParentProcessId"",""#text"":""5320""},{""@Name"":""ParentImage"",""#text"":""C:\\Program Files (x86)\\ossec-agent\\wazuh-agent.exe""},{""@Name"":""ParentCommandLine"",""#text"":""\""C:\\Program Files (x86)\\ossec-agent\\wazuh-agent.exe\""""},{""@Name"":""ParentUser"",""#text"":""NT AUTHORITY\\SYSTEM""}]}}"
849,849,2026-03-30 22:41:46.6017172,11,Info,Microsoft-Windows-Sysmon,Microsoft-Windows-Sysmon/Operational,2448,4460,DC01.corp.local,17,S-1-5-18,FileCreate,NT AUTHORITY\SYSTEM,,"ProcessID: 4396, ProcessGUID: c9182e32-fc2a-69ca-ab02-000000000900",RuleName: -,Image: C:\Windows\SysWOW64\WindowsPowerShell\v1.0\powershell.exe,TargetFilename: C:\Windows\Temp\__PSScriptPolicyTest_p2dkpssb.aoi.ps1,,,,False,C:\Users\owunc\Desktop\lab_logs\DC_Sysmon_ws.evtx,Classic,0,"{""EventData"":{""Data"":[{""@Name"":""RuleName"",""#text"":""-""},{""@Name"":""UtcTime"",""#text"":""2026-03-30 22:41:46.588""},{""@Name"":""ProcessGuid"",""#text"":""c9182e32-fc2a-69ca-ab02-000000000900""},{""@Name"":""ProcessId"",""#text"":""4396""},{""@Name"":""Image"",""#text"":""C:\\Windows\\SysWOW64\\WindowsPowerShell\\v1.0\\powershell.exe""},{""@Name"":""TargetFilename"",""#text"":""C:\\Windows\\Temp\\__PSScriptPolicyTest_p2dkpssb.aoi.ps1""},{""@Name"":""CreationUtcTime"",""#text"":""2026-03-30 22:41:46.588""},{""@Name"":""User"",""#text"":""NT AUTHORITY\\SYSTEM""}]}}"
850,850,2026-03-30 22:41:46.6737126,1,Info,Microsoft-Windows-Sysmon,Microsoft-Windows-Sysmon/Operational,2448,4460,DC01.corp.local,17,S-1-5-18,Process creation,NT AUTHORITY\SYSTEM,,"ProcessID: 5232, ProcessGUID: c9182e32-fc2a-69ca-ad02-000000000900",RuleName: -,"MD5=A550295A3AB5A8326F6C697AED19E00E,SHA256=E4645CB6092A470D4A60D04D15E760B9959FF25281E208C737C376F379CBF2CD,IMPHASH=615449A6A25801F47AE0D7578EB950B4",ParentProcess: C:\Windows\SysWOW64\WindowsPowerShell\v1.0\powershell.exe,"ParentProcessID: 4396, ParentProcessGUID: c9182e32-fc2a-69ca-ab02-000000000900","ParentCommandLine: powershell ""$null = secedit /export /cfg $env:temp/secexport.cfg; $(gc $env:temp/secexport.cfg | Select-String \""LSAAnonymousNameLookup\"").ToString().Split(\""=\"")[1].Trim()""","""C:\Windows\system32\SecEdit.exe"" /export /cfg C:\Windows\TEMP/secexport.cfg",False,C:\Users\owunc\Desktop\lab_logs\DC_Sysmon_ws.evtx,Classic,0,"{""EventData"":{""Data"":[{""@Name"":""RuleName"",""#text"":""-""},{""@Name"":""UtcTime"",""#text"":""2026-03-30 22:41:46.672""},{""@Name"":""ProcessGuid"",""#text"":""c9182e32-fc2a-69ca-ad02-000000000900""},{""@Name"":""ProcessId"",""#text"":""5232""},{""@Name"":""Image"",""#text"":""C:\\Windows\\SysWOW64\\SecEdit.exe""},{""@Name"":""FileVersion"",""#text"":""10.0.20348.1 (WinBuild.160101.0800)""},{""@Name"":""Description"",""#text"":""Windows Security Configuration Editor Command Tool""},{""@Name"":""Product"",""#text"":""Microsoft® Windows® Operating System""},{""@Name"":""Company"",""#text"":""Microsoft Corporation""},{""@Name"":""OriginalFileName"",""#text"":""SeCEdit""},{""@Name"":""CommandLine"",""#text"":""\""C:\\Windows\\system32\\SecEdit.exe\"" /export /cfg C:\\Windows\\TEMP/secexport.cfg""},{""@Name"":""CurrentDirectory"",""#text"":""C:\\Program Files (x86)\\ossec-agent\\""},{""@Name"":""User"",""#text"":""NT AUTHORITY\\SYSTEM""},{""@Name"":""LogonGuid"",""#text"":""c9182e32-c31a-69ca-e703-000000000000""},{""@Name"":""LogonId"",""#text"":""0x3E7""},{""@Name"":""TerminalSessionId"",""#text"":""0""},{""@Name"":""IntegrityLevel"",""#text"":""System""},{""@Name"":""Hashes"",""#text"":""MD5=A550295A3AB5A8326F6C697AED19E00E,SHA256=E4645CB6092A470D4A60D04D15E760B9959FF25281E208C737C376F379CBF2CD,IMPHASH=615449A6A25801F47AE0D7578EB950B4""},{""@Name"":""ParentProcessGuid"",""#text"":""c9182e32-fc2a-69ca-ab02-000000000900""},{""@Name"":""ParentProcessId"",""#text"":""4396""},{""@Name"":""ParentImage"",""#text"":""C:\\Windows\\SysWOW64\\WindowsPowerShell\\v1.0\\powershell.exe""},{""@Name"":""ParentCommandLine"",""#text"":""powershell \""$null = secedit /export /cfg $env:temp/secexport.cfg; $(gc $env:temp/secexport.cfg | Select-String \\\""LSAAnonymousNameLookup\\\"").ToString().Split(\\\""=\\\"")[1].Trim()\""""},{""@Name"":""ParentUser"",""#text"":""NT AUTHORITY\\SYSTEM""}]}}"
851,851,2026-03-30 22:41:47.0570689,1,Info,Microsoft-Windows-Sysmon,Microsoft-Windows-Sysmon/Operational,2448,4460,DC01.corp.local,17,S-1-5-18,Process creation,NT AUTHORITY\SYSTEM,,"ProcessID: 868, ProcessGUID: c9182e32-fc2b-69ca-ae02-000000000900",RuleName: -,"MD5=42C54DD5CEDF867054DA83959BB73CEB,SHA256=E606CE6F5D3627FEA5E93F8168FE2740443D079D690D867811A7A1FEE4F55A2D,IMPHASH=BCFC5C75D29309794455BF34432D5D36",ParentProcess: C:\Program Files (x86)\ossec-agent\wazuh-agent.exe,"ParentProcessID: 5320, ParentProcessGUID: c9182e32-fc24-69ca-8102-000000000900","ParentCommandLine: ""C:\Program Files (x86)\ossec-agent\wazuh-agent.exe""",reg query HKEY_LOCAL_MACHINE\SYSTEM\CurrentControlSet\Control\SecurePipeServers\Winreg\AllowedExactPaths /v Machine,False,C:\Users\owunc\Desktop\lab_logs\DC_Sysmon_ws.evtx,Classic,0,"{""EventData"":{""Data"":[{""@Name"":""RuleName"",""#text"":""-""},{""@Name"":""UtcTime"",""#text"":""2026-03-30 22:41:47.052""},{""@Name"":""ProcessGuid"",""#text"":""c9182e32-fc2b-69ca-ae02-000000000900""},{""@Name"":""ProcessId"",""#text"":""868""},{""@Name"":""Image"",""#text"":""C:\\Windows\\SysWOW64\\reg.exe""},{""@Name"":""FileVersion"",""#text"":""10.0.20348.1 (WinBuild.160101.0800)""},{""@Name"":""Description"",""#text"":""Registry Console Tool""},{""@Name"":""Product"",""#text"":""Microsoft® Windows® Operating System""},{""@Name"":""Company"",""#text"":""Microsoft Corporation""},{""@Name"":""OriginalFileName"",""#text"":""reg.exe""},{""@Name"":""CommandLine"",""#text"":""reg query HKEY_LOCAL_MACHINE\\SYSTEM\\CurrentControlSet\\Control\\SecurePipeServers\\Winreg\\AllowedExactPaths /v Machine""},{""@Name"":""CurrentDirectory"",""#text"":""C:\\Program Files (x86)\\ossec-agent\\""},{""@Name"":""User"",""#text"":""NT AUTHORITY\\SYSTEM""},{""@Name"":""LogonGuid"",""#text"":""c9182e32-c31a-69ca-e703-000000000000""},{""@Name"":""LogonId"",""#text"":""0x3E7""},{""@Name"":""TerminalSessionId"",""#text"":""0""},{""@Name"":""IntegrityLevel"",""#text"":""System""},{""@Name"":""Hashes"",""#text"":""MD5=42C54DD5CEDF867054DA83959BB73CEB,SHA256=E606CE6F5D3627FEA5E93F8168FE2740443D079D690D867811A7A1FEE4F55A2D,IMPHASH=BCFC5C75D29309794455BF34432D5D36""},{""@Name"":""ParentProcessGuid"",""#text"":""c9182e32-fc24-69ca-8102-000000000900""},{""@Name"":""ParentProcessId"",""#text"":""5320""},{""@Name"":""ParentImage"",""#text"":""C:\\Program Files (x86)\\ossec-agent\\wazuh-agent.exe""},{""@Name"":""ParentCommandLine"",""#text"":""\""C:\\Program Files (x86)\\ossec-agent\\wazuh-agent.exe\""""},{""@Name"":""ParentUser"",""#text"":""NT AUTHORITY\\SYSTEM""}]}}"
852,852,2026-03-30 22:41:47.0909422,1,Info,Microsoft-Windows-Sysmon,Microsoft-Windows-Sysmon/Operational,2448,4460,DC01.corp.local,17,S-1-5-18,Process creation,NT AUTHORITY\SYSTEM,,"ProcessID: 3328, ProcessGUID: c9182e32-fc2b-69ca-b002-000000000900",RuleName: -,"MD5=9E18ACE78034537344DA6036D4C3C8B1,SHA256=29389619B06E5DE97B3669F6FF92E226CB6DCE2254B07BA6FA88C3B5D3A9799E,IMPHASH=AB0C8C1C188B19D08FAF502671C04930",ParentProcess: C:\Program Files (x86)\ossec-agent\wazuh-agent.exe,"ParentProcessID: 5320, ParentProcessGUID: c9182e32-fc24-69ca-8102-000000000900","ParentCommandLine: ""C:\Program Files (x86)\ossec-agent\wazuh-agent.exe""","auditpol.exe /get /subcategory:""Credential Validation""",False,C:\Users\owunc\Desktop\lab_logs\DC_Sysmon_ws.evtx,Classic,0,"{""EventData"":{""Data"":[{""@Name"":""RuleName"",""#text"":""-""},{""@Name"":""UtcTime"",""#text"":""2026-03-30 22:41:47.089""},{""@Name"":""ProcessGuid"",""#text"":""c9182e32-fc2b-69ca-b002-000000000900""},{""@Name"":""ProcessId"",""#text"":""3328""},{""@Name"":""Image"",""#text"":""C:\\Windows\\SysWOW64\\auditpol.exe""},{""@Name"":""FileVersion"",""#text"":""10.0.20348.1 (WinBuild.160101.0800)""},{""@Name"":""Description"",""#text"":""Audit Policy Program""},{""@Name"":""Product"",""#text"":""Microsoft® Windows® Operating System""},{""@Name"":""Company"",""#text"":""Microsoft Corporation""},{""@Name"":""OriginalFileName"",""#text"":""AUDITPOL.EXE""},{""@Name"":""CommandLine"",""#text"":""auditpol.exe /get /subcategory:\""Credential Validation\""""},{""@Name"":""CurrentDirectory"",""#text"":""C:\\Program Files (x86)\\ossec-agent\\""},{""@Name"":""User"",""#text"":""NT AUTHORITY\\SYSTEM""},{""@Name"":""LogonGuid"",""#text"":""c9182e32-c31a-69ca-e703-000000000000""},{""@Name"":""LogonId"",""#text"":""0x3E7""},{""@Name"":""TerminalSessionId"",""#text"":""0""},{""@Name"":""IntegrityLevel"",""#text"":""System""},{""@Name"":""Hashes"",""#text"":""MD5=9E18ACE78034537344DA6036D4C3C8B1,SHA256=29389619B06E5DE97B3669F6FF92E226CB6DCE2254B07BA6FA88C3B5D3A9799E,IMPHASH=AB0C8C1C188B19D08FAF502671C04930""},{""@Name"":""ParentProcessGuid"",""#text"":""c9182e32-fc24-69ca-8102-000000000900""},{""@Name"":""ParentProcessId"",""#text"":""5320""},{""@Name"":""ParentImage"",""#text"":""C:\\Program Files (x86)\\ossec-agent\\wazuh-agent.exe""},{""@Name"":""ParentCommandLine"",""#text"":""\""C:\\Program Files (x86)\\ossec-agent\\wazuh-agent.exe\""""},{""@Name"":""ParentUser"",""#text"":""NT AUTHORITY\\SYSTEM""}]}}"
853,853,2026-03-30 22:41:47.1204264,1,Info,Microsoft-Windows-Sysmon,Microsoft-Windows-Sysmon/Operational,2448,4460,DC01.corp.local,17,S-1-5-18,Process creation,NT AUTHORITY\SYSTEM,,"ProcessID: 6304, ProcessGUID: c9182e32-fc2b-69ca-b202-000000000900",RuleName: -,"MD5=9E18ACE78034537344DA6036D4C3C8B1,SHA256=29389619B06E5DE97B3669F6FF92E226CB6DCE2254B07BA6FA88C3B5D3A9799E,IMPHASH=AB0C8C1C188B19D08FAF502671C04930",ParentProcess: C:\Program Files (x86)\ossec-agent\wazuh-agent.exe,"ParentProcessID: 5320, ParentProcessGUID: c9182e32-fc24-69ca-8102-000000000900","ParentCommandLine: ""C:\Program Files (x86)\ossec-agent\wazuh-agent.exe""","auditpol.exe /get /subcategory:""Kerberos Authentication Service""",False,C:\Users\owunc\Desktop\lab_logs\DC_Sysmon_ws.evtx,Classic,0,"{""EventData"":{""Data"":[{""@Name"":""RuleName"",""#text"":""-""},{""@Name"":""UtcTime"",""#text"":""2026-03-30 22:41:47.118""},{""@Name"":""ProcessGuid"",""#text"":""c9182e32-fc2b-69ca-b202-000000000900""},{""@Name"":""ProcessId"",""#text"":""6304""},{""@Name"":""Image"",""#text"":""C:\\Windows\\SysWOW64\\auditpol.exe""},{""@Name"":""FileVersion"",""#text"":""10.0.20348.1 (WinBuild.160101.0800)""},{""@Name"":""Description"",""#text"":""Audit Policy Program""},{""@Name"":""Product"",""#text"":""Microsoft® Windows® Operating System""},{""@Name"":""Company"",""#text"":""Microsoft Corporation""},{""@Name"":""OriginalFileName"",""#text"":""AUDITPOL.EXE""},{""@Name"":""CommandLine"",""#text"":""auditpol.exe /get /subcategory:\""Kerberos Authentication Service\""""},{""@Name"":""CurrentDirectory"",""#text"":""C:\\Program Files (x86)\\ossec-agent\\""},{""@Name"":""User"",""#text"":""NT AUTHORITY\\SYSTEM""},{""@Name"":""LogonGuid"",""#text"":""c9182e32-c31a-69ca-e703-000000000000""},{""@Name"":""LogonId"",""#text"":""0x3E7""},{""@Name"":""TerminalSessionId"",""#text"":""0""},{""@Name"":""IntegrityLevel"",""#text"":""System""},{""@Name"":""Hashes"",""#text"":""MD5=9E18ACE78034537344DA6036D4C3C8B1,SHA256=29389619B06E5DE97B3669F6FF92E226CB6DCE2254B07BA6FA88C3B5D3A9799E,IMPHASH=AB0C8C1C188B19D08FAF502671C04930""},{""@Name"":""ParentProcessGuid"",""#text"":""c9182e32-fc24-69ca-8102-000000000900""},{""@Name"":""ParentProcessId"",""#text"":""5320""},{""@Name"":""ParentImage"",""#text"":""C:\\Program Files (x86)\\ossec-agent\\wazuh-agent.exe""},{""@Name"":""ParentCommandLine"",""#text"":""\""C:\\Program Files (x86)\\ossec-agent\\wazuh-agent.exe\""""},{""@Name"":""ParentUser"",""#text"":""NT AUTHORITY\\SYSTEM""}]}}"
854,854,2026-03-30 22:41:47.1512656,1,Info,Microsoft-Windows-Sysmon,Microsoft-Windows-Sysmon/Operational,2448,4460,DC01.corp.local,17,S-1-5-18,Process creation,NT AUTHORITY\SYSTEM,,"ProcessID: 7016, ProcessGUID: c9182e32-fc2b-69ca-b402-000000000900",RuleName: -,"MD5=9E18ACE78034537344DA6036D4C3C8B1,SHA256=29389619B06E5DE97B3669F6FF92E226CB6DCE2254B07BA6FA88C3B5D3A9799E,IMPHASH=AB0C8C1C188B19D08FAF502671C04930",ParentProcess: C:\Program Files (x86)\ossec-agent\wazuh-agent.exe,"ParentProcessID: 5320, ParentProcessGUID: c9182e32-fc24-69ca-8102-000000000900","ParentCommandLine: ""C:\Program Files (x86)\ossec-agent\wazuh-agent.exe""","auditpol.exe /get /subcategory:""Kerberos Service Ticket Operations""",False,C:\Users\owunc\Desktop\lab_logs\DC_Sysmon_ws.evtx,Classic,0,"{""EventData"":{""Data"":[{""@Name"":""RuleName"",""#text"":""-""},{""@Name"":""UtcTime"",""#text"":""2026-03-30 22:41:47.149""},{""@Name"":""ProcessGuid"",""#text"":""c9182e32-fc2b-69ca-b402-000000000900""},{""@Name"":""ProcessId"",""#text"":""7016""},{""@Name"":""Image"",""#text"":""C:\\Windows\\SysWOW64\\auditpol.exe""},{""@Name"":""FileVersion"",""#text"":""10.0.20348.1 (WinBuild.160101.0800)""},{""@Name"":""Description"",""#text"":""Audit Policy Program""},{""@Name"":""Product"",""#text"":""Microsoft® Windows® Operating System""},{""@Name"":""Company"",""#text"":""Microsoft Corporation""},{""@Name"":""OriginalFileName"",""#text"":""AUDITPOL.EXE""},{""@Name"":""CommandLine"",""#text"":""auditpol.exe /get /subcategory:\""Kerberos Service Ticket Operations\""""},{""@Name"":""CurrentDirectory"",""#text"":""C:\\Program Files (x86)\\ossec-agent\\""},{""@Name"":""User"",""#text"":""NT AUTHORITY\\SYSTEM""},{""@Name"":""LogonGuid"",""#text"":""c9182e32-c31a-69ca-e703-000000000000""},{""@Name"":""LogonId"",""#text"":""0x3E7""},{""@Name"":""TerminalSessionId"",""#text"":""0""},{""@Name"":""IntegrityLevel"",""#text"":""System""},{""@Name"":""Hashes"",""#text"":""MD5=9E18ACE78034537344DA6036D4C3C8B1,SHA256=29389619B06E5DE97B3669F6FF92E226CB6DCE2254B07BA6FA88C3B5D3A9799E,IMPHASH=AB0C8C1C188B19D08FAF502671C04930""},{""@Name"":""ParentProcessGuid"",""#text"":""c9182e32-fc24-69ca-8102-000000000900""},{""@Name"":""ParentProcessId"",""#text"":""5320""},{""@Name"":""ParentImage"",""#text"":""C:\\Program Files (x86)\\ossec-agent\\wazuh-agent.exe""},{""@Name"":""ParentCommandLine"",""#text"":""\""C:\\Program Files (x86)\\ossec-agent\\wazuh-agent.exe\""""},{""@Name"":""ParentUser"",""#text"":""NT AUTHORITY\\SYSTEM""}]}}"
855,855,2026-03-30 22:41:47.1834609,1,Info,Microsoft-Windows-Sysmon,Microsoft-Windows-Sysmon/Operational,2448,4460,DC01.corp.local,17,S-1-5-18,Process creation,NT AUTHORITY\SYSTEM,,"ProcessID: 6352, ProcessGUID: c9182e32-fc2b-69ca-b602-000000000900",RuleName: -,"MD5=9E18ACE78034537344DA6036D4C3C8B1,SHA256=29389619B06E5DE97B3669F6FF92E226CB6DCE2254B07BA6FA88C3B5D3A9799E,IMPHASH=AB0C8C1C188B19D08FAF502671C04930",ParentProcess: C:\Program Files (x86)\ossec-agent\wazuh-agent.exe,"ParentProcessID: 5320, ParentProcessGUID: c9182e32-fc24-69ca-8102-000000000900","ParentCommandLine: ""C:\Program Files (x86)\ossec-agent\wazuh-agent.exe""","auditpol.exe /get /subcategory:""Application Group Management""",False,C:\Users\owunc\Desktop\lab_logs\DC_Sysmon_ws.evtx,Classic,0,"{""EventData"":{""Data"":[{""@Name"":""RuleName"",""#text"":""-""},{""@Name"":""UtcTime"",""#text"":""2026-03-30 22:41:47.182""},{""@Name"":""ProcessGuid"",""#text"":""c9182e32-fc2b-69ca-b602-000000000900""},{""@Name"":""ProcessId"",""#text"":""6352""},{""@Name"":""Image"",""#text"":""C:\\Windows\\SysWOW64\\auditpol.exe""},{""@Name"":""FileVersion"",""#text"":""10.0.20348.1 (WinBuild.160101.0800)""},{""@Name"":""Description"",""#text"":""Audit Policy Program""},{""@Name"":""Product"",""#text"":""Microsoft® Windows® Operating System""},{""@Name"":""Company"",""#text"":""Microsoft Corporation""},{""@Name"":""OriginalFileName"",""#text"":""AUDITPOL.EXE""},{""@Name"":""CommandLine"",""#text"":""auditpol.exe /get /subcategory:\""Application Group Management\""""},{""@Name"":""CurrentDirectory"",""#text"":""C:\\Program Files (x86)\\ossec-agent\\""},{""@Name"":""User"",""#text"":""NT AUTHORITY\\SYSTEM""},{""@Name"":""LogonGuid"",""#text"":""c9182e32-c31a-69ca-e703-000000000000""},{""@Name"":""LogonId"",""#text"":""0x3E7""},{""@Name"":""TerminalSessionId"",""#text"":""0""},{""@Name"":""IntegrityLevel"",""#text"":""System""},{""@Name"":""Hashes"",""#text"":""MD5=9E18ACE78034537344DA6036D4C3C8B1,SHA256=29389619B06E5DE97B3669F6FF92E226CB6DCE2254B07BA6FA88C3B5D3A9799E,IMPHASH=AB0C8C1C188B19D08FAF502671C04930""},{""@Name"":""ParentProcessGuid"",""#text"":""c9182e32-fc24-69ca-8102-000000000900""},{""@Name"":""ParentProcessId"",""#text"":""5320""},{""@Name"":""ParentImage"",""#text"":""C:\\Program Files (x86)\\ossec-agent\\wazuh-agent.exe""},{""@Name"":""ParentCommandLine"",""#text"":""\""C:\\Program Files (x86)\\ossec-agent\\wazuh-agent.exe\""""},{""@Name"":""ParentUser"",""#text"":""NT AUTHORITY\\SYSTEM""}]}}"
856,856,2026-03-30 22:41:47.2110980,1,Info,Microsoft-Windows-Sysmon,Microsoft-Windows-Sysmon/Operational,2448,4460,DC01.corp.local,17,S-1-5-18,Process creation,NT AUTHORITY\SYSTEM,,"ProcessID: 1372, ProcessGUID: c9182e32-fc2b-69ca-b802-000000000900",RuleName: -,"MD5=9E18ACE78034537344DA6036D4C3C8B1,SHA256=29389619B06E5DE97B3669F6FF92E226CB6DCE2254B07BA6FA88C3B5D3A9799E,IMPHASH=AB0C8C1C188B19D08FAF502671C04930",ParentProcess: C:\Program Files (x86)\ossec-agent\wazuh-agent.exe,"ParentProcessID: 5320, ParentProcessGUID: c9182e32-fc24-69ca-8102-000000000900","ParentCommandLine: ""C:\Program Files (x86)\ossec-agent\wazuh-agent.exe""","auditpol.exe /get /subcategory:""Computer Account Management""",False,C:\Users\owunc\Desktop\lab_logs\DC_Sysmon_ws.evtx,Classic,0,"{""EventData"":{""Data"":[{""@Name"":""RuleName"",""#text"":""-""},{""@Name"":""UtcTime"",""#text"":""2026-03-30 22:41:47.209""},{""@Name"":""ProcessGuid"",""#text"":""c9182e32-fc2b-69ca-b802-000000000900""},{""@Name"":""ProcessId"",""#text"":""1372""},{""@Name"":""Image"",""#text"":""C:\\Windows\\SysWOW64\\auditpol.exe""},{""@Name"":""FileVersion"",""#text"":""10.0.20348.1 (WinBuild.160101.0800)""},{""@Name"":""Description"",""#text"":""Audit Policy Program""},{""@Name"":""Product"",""#text"":""Microsoft® Windows® Operating System""},{""@Name"":""Company"",""#text"":""Microsoft Corporation""},{""@Name"":""OriginalFileName"",""#text"":""AUDITPOL.EXE""},{""@Name"":""CommandLine"",""#text"":""auditpol.exe /get /subcategory:\""Computer Account Management\""""},{""@Name"":""CurrentDirectory"",""#text"":""C:\\Program Files (x86)\\ossec-agent\\""},{""@Name"":""User"",""#text"":""NT AUTHORITY\\SYSTEM""},{""@Name"":""LogonGuid"",""#text"":""c9182e32-c31a-69ca-e703-000000000000""},{""@Name"":""LogonId"",""#text"":""0x3E7""},{""@Name"":""TerminalSessionId"",""#text"":""0""},{""@Name"":""IntegrityLevel"",""#text"":""System""},{""@Name"":""Hashes"",""#text"":""MD5=9E18ACE78034537344DA6036D4C3C8B1,SHA256=29389619B06E5DE97B3669F6FF92E226CB6DCE2254B07BA6FA88C3B5D3A9799E,IMPHASH=AB0C8C1C188B19D08FAF502671C04930""},{""@Name"":""ParentProcessGuid"",""#text"":""c9182e32-fc24-69ca-8102-000000000900""},{""@Name"":""ParentProcessId"",""#text"":""5320""},{""@Name"":""ParentImage"",""#text"":""C:\\Program Files (x86)\\ossec-agent\\wazuh-agent.exe""},{""@Name"":""ParentCommandLine"",""#text"":""\""C:\\Program Files (x86)\\ossec-agent\\wazuh-agent.exe\""""},{""@Name"":""ParentUser"",""#text"":""NT AUTHORITY\\SYSTEM""}]}}"
857,857,2026-03-30 22:41:47.2389544,1,Info,Microsoft-Windows-Sysmon,Microsoft-Windows-Sysmon/Operational,2448,4460,DC01.corp.local,17,S-1-5-18,Process creation,NT AUTHORITY\SYSTEM,,"ProcessID: 5252, ProcessGUID: c9182e32-fc2b-69ca-ba02-000000000900",RuleName: -,"MD5=9E18ACE78034537344DA6036D4C3C8B1,SHA256=29389619B06E5DE97B3669F6FF92E226CB6DCE2254B07BA6FA88C3B5D3A9799E,IMPHASH=AB0C8C1C188B19D08FAF502671C04930",ParentProcess: C:\Program Files (x86)\ossec-agent\wazuh-agent.exe,"ParentProcessID: 5320, ParentProcessGUID: c9182e32-fc24-69ca-8102-000000000900","ParentCommandLine: ""C:\Program Files (x86)\ossec-agent\wazuh-agent.exe""","auditpol.exe /get /subcategory:""Distribution Group Management""",False,C:\Users\owunc\Desktop\lab_logs\DC_Sysmon_ws.evtx,Classic,0,"{""EventData"":{""Data"":[{""@Name"":""RuleName"",""#text"":""-""},{""@Name"":""UtcTime"",""#text"":""2026-03-30 22:41:47.237""},{""@Name"":""ProcessGuid"",""#text"":""c9182e32-fc2b-69ca-ba02-000000000900""},{""@Name"":""ProcessId"",""#text"":""5252""},{""@Name"":""Image"",""#text"":""C:\\Windows\\SysWOW64\\auditpol.exe""},{""@Name"":""FileVersion"",""#text"":""10.0.20348.1 (WinBuild.160101.0800)""},{""@Name"":""Description"",""#text"":""Audit Policy Program""},{""@Name"":""Product"",""#text"":""Microsoft® Windows® Operating System""},{""@Name"":""Company"",""#text"":""Microsoft Corporation""},{""@Name"":""OriginalFileName"",""#text"":""AUDITPOL.EXE""},{""@Name"":""CommandLine"",""#text"":""auditpol.exe /get /subcategory:\""Distribution Group Management\""""},{""@Name"":""CurrentDirectory"",""#text"":""C:\\Program Files (x86)\\ossec-agent\\""},{""@Name"":""User"",""#text"":""NT AUTHORITY\\SYSTEM""},{""@Name"":""LogonGuid"",""#text"":""c9182e32-c31a-69ca-e703-000000000000""},{""@Name"":""LogonId"",""#text"":""0x3E7""},{""@Name"":""TerminalSessionId"",""#text"":""0""},{""@Name"":""IntegrityLevel"",""#text"":""System""},{""@Name"":""Hashes"",""#text"":""MD5=9E18ACE78034537344DA6036D4C3C8B1,SHA256=29389619B06E5DE97B3669F6FF92E226CB6DCE2254B07BA6FA88C3B5D3A9799E,IMPHASH=AB0C8C1C188B19D08FAF502671C04930""},{""@Name"":""ParentProcessGuid"",""#text"":""c9182e32-fc24-69ca-8102-000000000900""},{""@Name"":""ParentProcessId"",""#text"":""5320""},{""@Name"":""ParentImage"",""#text"":""C:\\Program Files (x86)\\ossec-agent\\wazuh-agent.exe""},{""@Name"":""ParentCommandLine"",""#text"":""\""C:\\Program Files (x86)\\ossec-agent\\wazuh-agent.exe\""""},{""@Name"":""ParentUser"",""#text"":""NT AUTHORITY\\SYSTEM""}]}}"
858,858,2026-03-30 22:41:47.2669157,1,Info,Microsoft-Windows-Sysmon,Microsoft-Windows-Sysmon/Operational,2448,4460,DC01.corp.local,17,S-1-5-18,Process creation,NT AUTHORITY\SYSTEM,,"ProcessID: 2124, ProcessGUID: c9182e32-fc2b-69ca-bc02-000000000900",RuleName: -,"MD5=9E18ACE78034537344DA6036D4C3C8B1,SHA256=29389619B06E5DE97B3669F6FF92E226CB6DCE2254B07BA6FA88C3B5D3A9799E,IMPHASH=AB0C8C1C188B19D08FAF502671C04930",ParentProcess: C:\Program Files (x86)\ossec-agent\wazuh-agent.exe,"ParentProcessID: 5320, ParentProcessGUID: c9182e32-fc24-69ca-8102-000000000900","ParentCommandLine: ""C:\Program Files (x86)\ossec-agent\wazuh-agent.exe""","auditpol.exe /get /subcategory:""Other Account Management Events""",False,C:\Users\owunc\Desktop\lab_logs\DC_Sysmon_ws.evtx,Classic,0,"{""EventData"":{""Data"":[{""@Name"":""RuleName"",""#text"":""-""},{""@Name"":""UtcTime"",""#text"":""2026-03-30 22:41:47.265""},{""@Name"":""ProcessGuid"",""#text"":""c9182e32-fc2b-69ca-bc02-000000000900""},{""@Name"":""ProcessId"",""#text"":""2124""},{""@Name"":""Image"",""#text"":""C:\\Windows\\SysWOW64\\auditpol.exe""},{""@Name"":""FileVersion"",""#text"":""10.0.20348.1 (WinBuild.160101.0800)""},{""@Name"":""Description"",""#text"":""Audit Policy Program""},{""@Name"":""Product"",""#text"":""Microsoft® Windows® Operating System""},{""@Name"":""Company"",""#text"":""Microsoft Corporation""},{""@Name"":""OriginalFileName"",""#text"":""AUDITPOL.EXE""},{""@Name"":""CommandLine"",""#text"":""auditpol.exe /get /subcategory:\""Other Account Management Events\""""},{""@Name"":""CurrentDirectory"",""#text"":""C:\\Program Files (x86)\\ossec-agent\\""},{""@Name"":""User"",""#text"":""NT AUTHORITY\\SYSTEM""},{""@Name"":""LogonGuid"",""#text"":""c9182e32-c31a-69ca-e703-000000000000""},{""@Name"":""LogonId"",""#text"":""0x3E7""},{""@Name"":""TerminalSessionId"",""#text"":""0""},{""@Name"":""IntegrityLevel"",""#text"":""System""},{""@Name"":""Hashes"",""#text"":""MD5=9E18ACE78034537344DA6036D4C3C8B1,SHA256=29389619B06E5DE97B3669F6FF92E226CB6DCE2254B07BA6FA88C3B5D3A9799E,IMPHASH=AB0C8C1C188B19D08FAF502671C04930""},{""@Name"":""ParentProcessGuid"",""#text"":""c9182e32-fc24-69ca-8102-000000000900""},{""@Name"":""ParentProcessId"",""#text"":""5320""},{""@Name"":""ParentImage"",""#text"":""C:\\Program Files (x86)\\ossec-agent\\wazuh-agent.exe""},{""@Name"":""ParentCommandLine"",""#text"":""\""C:\\Program Files (x86)\\ossec-agent\\wazuh-agent.exe\""""},{""@Name"":""ParentUser"",""#text"":""NT AUTHORITY\\SYSTEM""}]}}"
859,859,2026-03-30 22:41:47.2949282,1,Info,Microsoft-Windows-Sysmon,Microsoft-Windows-Sysmon/Operational,2448,4460,DC01.corp.local,17,S-1-5-18,Process creation,NT AUTHORITY\SYSTEM,,"ProcessID: 680, ProcessGUID: c9182e32-fc2b-69ca-be02-000000000900",RuleName: -,"MD5=9E18ACE78034537344DA6036D4C3C8B1,SHA256=29389619B06E5DE97B3669F6FF92E226CB6DCE2254B07BA6FA88C3B5D3A9799E,IMPHASH=AB0C8C1C188B19D08FAF502671C04930",ParentProcess: C:\Program Files (x86)\ossec-agent\wazuh-agent.exe,"ParentProcessID: 5320, ParentProcessGUID: c9182e32-fc24-69ca-8102-000000000900","ParentCommandLine: ""C:\Program Files (x86)\ossec-agent\wazuh-agent.exe""","auditpol.exe /get /subcategory:""Security Group Management""",False,C:\Users\owunc\Desktop\lab_logs\DC_Sysmon_ws.evtx,Classic,0,"{""EventData"":{""Data"":[{""@Name"":""RuleName"",""#text"":""-""},{""@Name"":""UtcTime"",""#text"":""2026-03-30 22:41:47.293""},{""@Name"":""ProcessGuid"",""#text"":""c9182e32-fc2b-69ca-be02-000000000900""},{""@Name"":""ProcessId"",""#text"":""680""},{""@Name"":""Image"",""#text"":""C:\\Windows\\SysWOW64\\auditpol.exe""},{""@Name"":""FileVersion"",""#text"":""10.0.20348.1 (WinBuild.160101.0800)""},{""@Name"":""Description"",""#text"":""Audit Policy Program""},{""@Name"":""Product"",""#text"":""Microsoft® Windows® Operating System""},{""@Name"":""Company"",""#text"":""Microsoft Corporation""},{""@Name"":""OriginalFileName"",""#text"":""AUDITPOL.EXE""},{""@Name"":""CommandLine"",""#text"":""auditpol.exe /get /subcategory:\""Security Group Management\""""},{""@Name"":""CurrentDirectory"",""#text"":""C:\\Program Files (x86)\\ossec-agent\\""},{""@Name"":""User"",""#text"":""NT AUTHORITY\\SYSTEM""},{""@Name"":""LogonGuid"",""#text"":""c9182e32-c31a-69ca-e703-000000000000""},{""@Name"":""LogonId"",""#text"":""0x3E7""},{""@Name"":""TerminalSessionId"",""#text"":""0""},{""@Name"":""IntegrityLevel"",""#text"":""System""},{""@Name"":""Hashes"",""#text"":""MD5=9E18ACE78034537344DA6036D4C3C8B1,SHA256=29389619B06E5DE97B3669F6FF92E226CB6DCE2254B07BA6FA88C3B5D3A9799E,IMPHASH=AB0C8C1C188B19D08FAF502671C04930""},{""@Name"":""ParentProcessGuid"",""#text"":""c9182e32-fc24-69ca-8102-000000000900""},{""@Name"":""ParentProcessId"",""#text"":""5320""},{""@Name"":""ParentImage"",""#text"":""C:\\Program Files (x86)\\ossec-agent\\wazuh-agent.exe""},{""@Name"":""ParentCommandLine"",""#text"":""\""C:\\Program Files (x86)\\ossec-agent\\wazuh-agent.exe\""""},{""@Name"":""ParentUser"",""#text"":""NT AUTHORITY\\SYSTEM""}]}}"
