908,908,2026-03-30 22:45:51.1379889,1,Info,Microsoft-Windows-Sysmon,Microsoft-Windows-Sysmon/Operational,2400,4356,DC01.corp.local,18,S-1-5-18,Process creation,NT AUTHORITY\SYSTEM,,"ProcessID: 460, ProcessGUID: c9182e32-fd12-69ca-0500-000000000a00",RuleName: -,"MD5=44962FD12F0D29B0713BB5E14653194A,SHA256=D94C6656D377BB43A5CCA307FC46F5DE2B259E8884ACEDDDF0B07F45425F457E,IMPHASH=AAFAD421A667D68FFDF602EABF485E02",ParentProcess: C:\Windows\System32\smss.exe,"ParentProcessID: 344, ParentProcessGUID: c9182e32-fd10-69ca-0300-000000000a00",ParentCommandLine: \SystemRoot\System32\smss.exe,"\SystemRoot\System32\smss.exe 00000088 0000008c ",False,C:\Users\owunc\Desktop\lab_logs\DC_Sysmon_ws.evtx,Classic,0,"{""EventData"":{""Data"":[{""@Name"":""RuleName"",""#text"":""-""},{""@Name"":""UtcTime"",""#text"":""2026-03-30 22:45:38.421""},{""@Name"":""ProcessGuid"",""#text"":""c9182e32-fd12-69ca-0500-000000000a00""},{""@Name"":""ProcessId"",""#text"":""460""},{""@Name"":""Image"",""#text"":""C:\\Windows\\System32\\smss.exe""},{""@Name"":""FileVersion"",""#text"":""10.0.20348.1 (WinBuild.160101.0800)""},{""@Name"":""Description"",""#text"":""Windows Session Manager""},{""@Name"":""Product"",""#text"":""Microsoft® Windows® Operating System""},{""@Name"":""Company"",""#text"":""Microsoft Corporation""},{""@Name"":""OriginalFileName"",""#text"":""smss.exe""},{""@Name"":""CommandLine"",""#text"":""\\SystemRoot\\System32\\smss.exe 00000088 0000008c ""},{""@Name"":""CurrentDirectory"",""#text"":""C:\\Windows\\""},{""@Name"":""User"",""#text"":""NT AUTHORITY\\SYSTEM""},{""@Name"":""LogonGuid"",""#text"":""c9182e32-fd12-69ca-e703-000000000000""},{""@Name"":""LogonId"",""#text"":""0x3E7""},{""@Name"":""TerminalSessionId"",""#text"":""0""},{""@Name"":""IntegrityLevel"",""#text"":""System""},{""@Name"":""Hashes"",""#text"":""MD5=44962FD12F0D29B0713BB5E14653194A,SHA256=D94C6656D377BB43A5CCA307FC46F5DE2B259E8884ACEDDDF0B07F45425F457E,IMPHASH=AAFAD421A667D68FFDF602EABF485E02""},{""@Name"":""ParentProcessGuid"",""#text"":""c9182e32-fd10-69ca-0300-000000000a00""},{""@Name"":""ParentProcessId"",""#text"":""344""},{""@Name"":""ParentImage"",""#text"":""C:\\Windows\\System32\\smss.exe""},{""@Name"":""ParentCommandLine"",""#text"":""\\SystemRoot\\System32\\smss.exe""},{""@Name"":""ParentUser"",""#text"":""NT AUTHORITY\\SYSTEM""}]}}"
909,909,2026-03-30 22:45:51.1391698,1,Info,Microsoft-Windows-Sysmon,Microsoft-Windows-Sysmon/Operational,2400,4356,DC01.corp.local,18,S-1-5-18,Process creation,NT AUTHORITY\SYSTEM,,"ProcessID: 468, ProcessGUID: c9182e32-fd12-69ca-0600-000000000a00",RuleName: -,"MD5=A6C9EE45BFF7C5E696B07EC41AF84541,SHA256=50CBDBCE85014F1042F99D5ACDAAD88FF268317A605BC3700B2487EDD0F2EF0E,IMPHASH=A96FA9912E09E361274AD77F1A4B252C",ParentProcess: C:\Windows\System32\smss.exe,"ParentProcessID: 460, ParentProcessGUID: c9182e32-fd12-69ca-0500-000000000a00","ParentCommandLine: \SystemRoot\System32\smss.exe 00000088 0000008c ","%%SystemRoot%%\system32\csrss.exe ObjectDirectory=\Windows SharedSection=1024,20480,768 Windows=On SubSystemType=Windows ServerDll=basesrv,1 ServerDll=winsrv:UserServerDllInitialization,3 ServerDll=sxssrv,4 ProfileControl=Off MaxRequestThreads=16",False,C:\Users\owunc\Desktop\lab_logs\DC_Sysmon_ws.evtx,Classic,0,"{""EventData"":{""Data"":[{""@Name"":""RuleName"",""#text"":""-""},{""@Name"":""UtcTime"",""#text"":""2026-03-30 22:45:38.500""},{""@Name"":""ProcessGuid"",""#text"":""c9182e32-fd12-69ca-0600-000000000a00""},{""@Name"":""ProcessId"",""#text"":""468""},{""@Name"":""Image"",""#text"":""C:\\Windows\\System32\\csrss.exe""},{""@Name"":""FileVersion"",""#text"":""10.0.20348.1 (WinBuild.160101.0800)""},{""@Name"":""Description"",""#text"":""Client Server Runtime Process""},{""@Name"":""Product"",""#text"":""Microsoft® Windows® Operating System""},{""@Name"":""Company"",""#text"":""Microsoft Corporation""},{""@Name"":""OriginalFileName"",""#text"":""CSRSS.Exe""},{""@Name"":""CommandLine"",""#text"":""%%SystemRoot%%\\system32\\csrss.exe ObjectDirectory=\\Windows SharedSection=1024,20480,768 Windows=On SubSystemType=Windows ServerDll=basesrv,1 ServerDll=winsrv:UserServerDllInitialization,3 ServerDll=sxssrv,4 ProfileControl=Off MaxRequestThreads=16""},{""@Name"":""CurrentDirectory"",""#text"":""C:\\Windows\\system32\\""},{""@Name"":""User"",""#text"":""NT AUTHORITY\\SYSTEM""},{""@Name"":""LogonGuid"",""#text"":""c9182e32-fd12-69ca-e703-000000000000""},{""@Name"":""LogonId"",""#text"":""0x3E7""},{""@Name"":""TerminalSessionId"",""#text"":""0""},{""@Name"":""IntegrityLevel"",""#text"":""System""},{""@Name"":""Hashes"",""#text"":""MD5=A6C9EE45BFF7C5E696B07EC41AF84541,SHA256=50CBDBCE85014F1042F99D5ACDAAD88FF268317A605BC3700B2487EDD0F2EF0E,IMPHASH=A96FA9912E09E361274AD77F1A4B252C""},{""@Name"":""ParentProcessGuid"",""#text"":""c9182e32-fd12-69ca-0500-000000000a00""},{""@Name"":""ParentProcessId"",""#text"":""460""},{""@Name"":""ParentImage"",""#text"":""C:\\Windows\\System32\\smss.exe""},{""@Name"":""ParentCommandLine"",""#text"":""\\SystemRoot\\System32\\smss.exe 00000088 0000008c ""},{""@Name"":""ParentUser"",""#text"":""NT AUTHORITY\\SYSTEM""}]}}"
910,910,2026-03-30 22:45:51.1394060,13,Info,Microsoft-Windows-Sysmon,Microsoft-Windows-Sysmon/Operational,2400,4356,DC01.corp.local,18,S-1-5-18,RegistryEvent (Value Set),NT AUTHORITY\SYSTEM,,"ProcessID: 468, ProcessGUID: c9182e32-fd12-69ca-0600-000000000a00",RuleName: InvDB-DriverVer,Image: C:\Windows\system32\csrss.exe,EventType: SetValue,TargetObject: HKLM\SOFTWARE\Microsoft\Windows NT\CurrentVersion\OpenGLDrivers\MSOGL\DriverVersion,Details: DWORD (0x00000001),,False,C:\Users\owunc\Desktop\lab_logs\DC_Sysmon_ws.evtx,Classic,0,"{""EventData"":{""Data"":[{""@Name"":""RuleName"",""#text"":""InvDB-DriverVer""},{""@Name"":""EventType"",""#text"":""SetValue""},{""@Name"":""UtcTime"",""#text"":""2026-03-30 22:45:38.572""},{""@Name"":""ProcessGuid"",""#text"":""c9182e32-fd12-69ca-0600-000000000a00""},{""@Name"":""ProcessId"",""#text"":""468""},{""@Name"":""Image"",""#text"":""C:\\Windows\\system32\\csrss.exe""},{""@Name"":""TargetObject"",""#text"":""HKLM\\SOFTWARE\\Microsoft\\Windows NT\\CurrentVersion\\OpenGLDrivers\\MSOGL\\DriverVersion""},{""@Name"":""Details"",""#text"":""DWORD (0x00000001)""},{""@Name"":""User"",""#text"":""NT AUTHORITY\\SYSTEM""}]}}"
911,911,2026-03-30 22:45:51.1396335,13,Info,Microsoft-Windows-Sysmon,Microsoft-Windows-Sysmon/Operational,2400,4356,DC01.corp.local,18,S-1-5-18,RegistryEvent (Value Set),NT AUTHORITY\SYSTEM,,"ProcessID: 468, ProcessGUID: c9182e32-fd12-69ca-0600-000000000a00",RuleName: InvDB-DriverVer,Image: C:\Windows\system32\csrss.exe,EventType: SetValue,TargetObject: HKLM\SOFTWARE\Wow6432Node\Microsoft\Windows NT\CurrentVersion\OpenGLDrivers\MSOGL\DriverVersion,Details: DWORD (0x00000001),,False,C:\Users\owunc\Desktop\lab_logs\DC_Sysmon_ws.evtx,Classic,0,"{""EventData"":{""Data"":[{""@Name"":""RuleName"",""#text"":""InvDB-DriverVer""},{""@Name"":""EventType"",""#text"":""SetValue""},{""@Name"":""UtcTime"",""#text"":""2026-03-30 22:45:38.572""},{""@Name"":""ProcessGuid"",""#text"":""c9182e32-fd12-69ca-0600-000000000a00""},{""@Name"":""ProcessId"",""#text"":""468""},{""@Name"":""Image"",""#text"":""C:\\Windows\\system32\\csrss.exe""},{""@Name"":""TargetObject"",""#text"":""HKLM\\SOFTWARE\\Wow6432Node\\Microsoft\\Windows NT\\CurrentVersion\\OpenGLDrivers\\MSOGL\\DriverVersion""},{""@Name"":""Details"",""#text"":""DWORD (0x00000001)""},{""@Name"":""User"",""#text"":""NT AUTHORITY\\SYSTEM""}]}}"
912,912,2026-03-30 22:45:51.1460667,1,Info,Microsoft-Windows-Sysmon,Microsoft-Windows-Sysmon/Operational,2400,4356,DC01.corp.local,18,S-1-5-18,Process creation,NT AUTHORITY\SYSTEM,,"ProcessID: 588, ProcessGUID: c9182e32-fd12-69ca-0700-000000000a00",RuleName: -,"MD5=44962FD12F0D29B0713BB5E14653194A,SHA256=D94C6656D377BB43A5CCA307FC46F5DE2B259E8884ACEDDDF0B07F45425F457E,IMPHASH=AAFAD421A667D68FFDF602EABF485E02",ParentProcess: C:\Windows\System32\smss.exe,"ParentProcessID: 344, ParentProcessGUID: c9182e32-fd10-69ca-0300-000000000a00",ParentCommandLine: \SystemRoot\System32\smss.exe,"\SystemRoot\System32\smss.exe 000000e0 0000008c ",False,C:\Users\owunc\Desktop\lab_logs\DC_Sysmon_ws.evtx,Classic,0,"{""EventData"":{""Data"":[{""@Name"":""RuleName"",""#text"":""-""},{""@Name"":""UtcTime"",""#text"":""2026-03-30 22:45:38.632""},{""@Name"":""ProcessGuid"",""#text"":""c9182e32-fd12-69ca-0700-000000000a00""},{""@Name"":""ProcessId"",""#text"":""588""},{""@Name"":""Image"",""#text"":""C:\\Windows\\System32\\smss.exe""},{""@Name"":""FileVersion"",""#text"":""10.0.20348.1 (WinBuild.160101.0800)""},{""@Name"":""Description"",""#text"":""Windows Session Manager""},{""@Name"":""Product"",""#text"":""Microsoft® Windows® Operating System""},{""@Name"":""Company"",""#text"":""Microsoft Corporation""},{""@Name"":""OriginalFileName"",""#text"":""smss.exe""},{""@Name"":""CommandLine"",""#text"":""\\SystemRoot\\System32\\smss.exe 000000e0 0000008c ""},{""@Name"":""CurrentDirectory"",""#text"":""C:\\Windows\\""},{""@Name"":""User"",""#text"":""NT AUTHORITY\\SYSTEM""},{""@Name"":""LogonGuid"",""#text"":""c9182e32-fd12-69ca-e703-000000000000""},{""@Name"":""LogonId"",""#text"":""0x3E7""},{""@Name"":""TerminalSessionId"",""#text"":""1""},{""@Name"":""IntegrityLevel"",""#text"":""System""},{""@Name"":""Hashes"",""#text"":""MD5=44962FD12F0D29B0713BB5E14653194A,SHA256=D94C6656D377BB43A5CCA307FC46F5DE2B259E8884ACEDDDF0B07F45425F457E,IMPHASH=AAFAD421A667D68FFDF602EABF485E02""},{""@Name"":""ParentProcessGuid"",""#text"":""c9182e32-fd10-69ca-0300-000000000a00""},{""@Name"":""ParentProcessId"",""#text"":""344""},{""@Name"":""ParentImage"",""#text"":""C:\\Windows\\System32\\smss.exe""},{""@Name"":""ParentCommandLine"",""#text"":""\\SystemRoot\\System32\\smss.exe""},{""@Name"":""ParentUser"",""#text"":""NT AUTHORITY\\SYSTEM""}]}}"
913,913,2026-03-30 22:45:51.1468432,1,Info,Microsoft-Windows-Sysmon,Microsoft-Windows-Sysmon/Operational,2400,4356,DC01.corp.local,18,S-1-5-18,Process creation,NT AUTHORITY\SYSTEM,,"ProcessID: 604, ProcessGUID: c9182e32-fd12-69ca-0900-000000000a00",RuleName: -,"MD5=A6C9EE45BFF7C5E696B07EC41AF84541,SHA256=50CBDBCE85014F1042F99D5ACDAAD88FF268317A605BC3700B2487EDD0F2EF0E,IMPHASH=A96FA9912E09E361274AD77F1A4B252C",ParentProcess: C:\Windows\System32\smss.exe,"ParentProcessID: 588, ParentProcessGUID: c9182e32-fd12-69ca-0700-000000000a00","ParentCommandLine: \SystemRoot\System32\smss.exe 000000e0 0000008c ","%%SystemRoot%%\system32\csrss.exe ObjectDirectory=\Windows SharedSection=1024,20480,768 Windows=On SubSystemType=Windows ServerDll=basesrv,1 ServerDll=winsrv:UserServerDllInitialization,3 ServerDll=sxssrv,4 ProfileControl=Off MaxRequestThreads=16",False,C:\Users\owunc\Desktop\lab_logs\DC_Sysmon_ws.evtx,Classic,0,"{""EventData"":{""Data"":[{""@Name"":""RuleName"",""#text"":""-""},{""@Name"":""UtcTime"",""#text"":""2026-03-30 22:45:38.638""},{""@Name"":""ProcessGuid"",""#text"":""c9182e32-fd12-69ca-0900-000000000a00""},{""@Name"":""ProcessId"",""#text"":""604""},{""@Name"":""Image"",""#text"":""C:\\Windows\\System32\\csrss.exe""},{""@Name"":""FileVersion"",""#text"":""10.0.20348.1 (WinBuild.160101.0800)""},{""@Name"":""Description"",""#text"":""Client Server Runtime Process""},{""@Name"":""Product"",""#text"":""Microsoft® Windows® Operating System""},{""@Name"":""Company"",""#text"":""Microsoft Corporation""},{""@Name"":""OriginalFileName"",""#text"":""CSRSS.Exe""},{""@Name"":""CommandLine"",""#text"":""%%SystemRoot%%\\system32\\csrss.exe ObjectDirectory=\\Windows SharedSection=1024,20480,768 Windows=On SubSystemType=Windows ServerDll=basesrv,1 ServerDll=winsrv:UserServerDllInitialization,3 ServerDll=sxssrv,4 ProfileControl=Off MaxRequestThreads=16""},{""@Name"":""CurrentDirectory"",""#text"":""C:\\Windows\\system32\\""},{""@Name"":""User"",""#text"":""NT AUTHORITY\\SYSTEM""},{""@Name"":""LogonGuid"",""#text"":""c9182e32-fd12-69ca-e703-000000000000""},{""@Name"":""LogonId"",""#text"":""0x3E7""},{""@Name"":""TerminalSessionId"",""#text"":""1""},{""@Name"":""IntegrityLevel"",""#text"":""System""},{""@Name"":""Hashes"",""#text"":""MD5=A6C9EE45BFF7C5E696B07EC41AF84541,SHA256=50CBDBCE85014F1042F99D5ACDAAD88FF268317A605BC3700B2487EDD0F2EF0E,IMPHASH=A96FA9912E09E361274AD77F1A4B252C""},{""@Name"":""ParentProcessGuid"",""#text"":""c9182e32-fd12-69ca-0700-000000000a00""},{""@Name"":""ParentProcessId"",""#text"":""588""},{""@Name"":""ParentImage"",""#text"":""C:\\Windows\\System32\\smss.exe""},{""@Name"":""ParentCommandLine"",""#text"":""\\SystemRoot\\System32\\smss.exe 000000e0 0000008c ""},{""@Name"":""ParentUser"",""#text"":""NT AUTHORITY\\SYSTEM""}]}}"
914,914,2026-03-30 22:45:51.1471381,1,Info,Microsoft-Windows-Sysmon,Microsoft-Windows-Sysmon/Operational,2400,4356,DC01.corp.local,18,S-1-5-18,Process creation,NT AUTHORITY\SYSTEM,,"ProcessID: 596, ProcessGUID: c9182e32-fd12-69ca-0800-000000000a00",RuleName: -,"MD5=E7BBDE1FF6B1C3C883771E145FB6C396,SHA256=6EC986696EBB09378726D4997C1C5E9AE815898E99B49A1446BF4FD9B7317A47,IMPHASH=A65A568C731F55F1F56A068E9B79D7A2",ParentProcess: C:\Windows\System32\smss.exe,"ParentProcessID: 460, ParentProcessGUID: c9182e32-fd12-69ca-0500-000000000a00","ParentCommandLine: \SystemRoot\System32\smss.exe 00000088 0000008c ",wininit.exe,False,C:\Users\owunc\Desktop\lab_logs\DC_Sysmon_ws.evtx,Classic,0,"{""EventData"":{""Data"":[{""@Name"":""RuleName"",""#text"":""-""},{""@Name"":""UtcTime"",""#text"":""2026-03-30 22:45:38.634""},{""@Name"":""ProcessGuid"",""#text"":""c9182e32-fd12-69ca-0800-000000000a00""},{""@Name"":""ProcessId"",""#text"":""596""},{""@Name"":""Image"",""#text"":""C:\\Windows\\System32\\wininit.exe""},{""@Name"":""FileVersion"",""#text"":""10.0.20348.380 (WinBuild.160101.0800)""},{""@Name"":""Description"",""#text"":""Windows Start-Up Application""},{""@Name"":""Product"",""#text"":""Microsoft® Windows® Operating System""},{""@Name"":""Company"",""#text"":""Microsoft Corporation""},{""@Name"":""OriginalFileName"",""#text"":""WinInit.exe""},{""@Name"":""CommandLine"",""#text"":""wininit.exe""},{""@Name"":""CurrentDirectory"",""#text"":""C:\\Windows\\system32\\""},{""@Name"":""User"",""#text"":""NT AUTHORITY\\SYSTEM""},{""@Name"":""LogonGuid"",""#text"":""c9182e32-fd12-69ca-e703-000000000000""},{""@Name"":""LogonId"",""#text"":""0x3E7""},{""@Name"":""TerminalSessionId"",""#text"":""0""},{""@Name"":""IntegrityLevel"",""#text"":""System""},{""@Name"":""Hashes"",""#text"":""MD5=E7BBDE1FF6B1C3C883771E145FB6C396,SHA256=6EC986696EBB09378726D4997C1C5E9AE815898E99B49A1446BF4FD9B7317A47,IMPHASH=A65A568C731F55F1F56A068E9B79D7A2""},{""@Name"":""ParentProcessGuid"",""#text"":""c9182e32-fd12-69ca-0500-000000000a00""},{""@Name"":""ParentProcessId"",""#text"":""460""},{""@Name"":""ParentImage"",""#text"":""C:\\Windows\\System32\\smss.exe""},{""@Name"":""ParentCommandLine"",""#text"":""\\SystemRoot\\System32\\smss.exe 00000088 0000008c ""},{""@Name"":""ParentUser"",""#text"":""NT AUTHORITY\\SYSTEM""}]}}"
915,915,2026-03-30 22:45:51.1503813,1,Info,Microsoft-Windows-Sysmon,Microsoft-Windows-Sysmon/Operational,2400,4356,DC01.corp.local,18,S-1-5-18,Process creation,NT AUTHORITY\SYSTEM,,"ProcessID: 692, ProcessGUID: c9182e32-fd12-69ca-0a00-000000000a00",RuleName: -,"MD5=DFEAB19EE335CB23A6EFB2CD2E6B0225,SHA256=C01828591E8E242CCEC33D23062729C3D4CB01734BE1D9D5F6587FF33C6EC957,IMPHASH=CE94A16F0A679907DBBB90A4F349F2F6",ParentProcess: C:\Windows\System32\smss.exe,"ParentProcessID: 588, ParentProcessGUID: c9182e32-fd12-69ca-0700-000000000a00","ParentCommandLine: \SystemRoot\System32\smss.exe 000000e0 0000008c ",winlogon.exe,False,C:\Users\owunc\Desktop\lab_logs\DC_Sysmon_ws.evtx,Classic,0,"{""EventData"":{""Data"":[{""@Name"":""RuleName"",""#text"":""-""},{""@Name"":""UtcTime"",""#text"":""2026-03-30 22:45:38.677""},{""@Name"":""ProcessGuid"",""#text"":""c9182e32-fd12-69ca-0a00-000000000a00""},{""@Name"":""ProcessId"",""#text"":""692""},{""@Name"":""Image"",""#text"":""C:\\Windows\\System32\\winlogon.exe""},{""@Name"":""FileVersion"",""#text"":""10.0.20348.558 (WinBuild.160101.0800)""},{""@Name"":""Description"",""#text"":""Windows Logon Application""},{""@Name"":""Product"",""#text"":""Microsoft® Windows® Operating System""},{""@Name"":""Company"",""#text"":""Microsoft Corporation""},{""@Name"":""OriginalFileName"",""#text"":""WINLOGON.EXE""},{""@Name"":""CommandLine"",""#text"":""winlogon.exe""},{""@Name"":""CurrentDirectory"",""#text"":""C:\\Windows\\system32\\""},{""@Name"":""User"",""#text"":""NT AUTHORITY\\SYSTEM""},{""@Name"":""LogonGuid"",""#text"":""c9182e32-fd12-69ca-e703-000000000000""},{""@Name"":""LogonId"",""#text"":""0x3E7""},{""@Name"":""TerminalSessionId"",""#text"":""1""},{""@Name"":""IntegrityLevel"",""#text"":""System""},{""@Name"":""Hashes"",""#text"":""MD5=DFEAB19EE335CB23A6EFB2CD2E6B0225,SHA256=C01828591E8E242CCEC33D23062729C3D4CB01734BE1D9D5F6587FF33C6EC957,IMPHASH=CE94A16F0A679907DBBB90A4F349F2F6""},{""@Name"":""ParentProcessGuid"",""#text"":""c9182e32-fd12-69ca-0700-000000000a00""},{""@Name"":""ParentProcessId"",""#text"":""588""},{""@Name"":""ParentImage"",""#text"":""C:\\Windows\\System32\\smss.exe""},{""@Name"":""ParentCommandLine"",""#text"":""\\SystemRoot\\System32\\smss.exe 000000e0 0000008c ""},{""@Name"":""ParentUser"",""#text"":""NT AUTHORITY\\SYSTEM""}]}}"
916,916,2026-03-30 22:45:51.1508194,1,Info,Microsoft-Windows-Sysmon,Microsoft-Windows-Sysmon/Operational,2400,4356,DC01.corp.local,18,S-1-5-18,Process creation,NT AUTHORITY\SYSTEM,,"ProcessID: 736, ProcessGUID: c9182e32-fd12-69ca-0b00-000000000a00",RuleName: -,"MD5=042C0E965C5DB03DBF911E4C6A319CE8,SHA256=711F6AC28CCF2B6D3976BD4529A55EC38AC8C8E6F2376F5B2DCB41A091E28CC2,IMPHASH=8F62686692E3E2E3E3AF249B71011A00",ParentProcess: C:\Windows\System32\wininit.exe,"ParentProcessID: 596, ParentProcessGUID: c9182e32-fd12-69ca-0800-000000000a00",ParentCommandLine: wininit.exe,C:\Windows\system32\services.exe,False,C:\Users\owunc\Desktop\lab_logs\DC_Sysmon_ws.evtx,Classic,0,"{""EventData"":{""Data"":[{""@Name"":""RuleName"",""#text"":""-""},{""@Name"":""UtcTime"",""#text"":""2026-03-30 22:45:38.706""},{""@Name"":""ProcessGuid"",""#text"":""c9182e32-fd12-69ca-0b00-000000000a00""},{""@Name"":""ProcessId"",""#text"":""736""},{""@Name"":""Image"",""#text"":""C:\\Windows\\System32\\services.exe""},{""@Name"":""FileVersion"",""#text"":""10.0.20348.1 (WinBuild.160101.0800)""},{""@Name"":""Description"",""#text"":""Services and Controller app""},{""@Name"":""Product"",""#text"":""Microsoft® Windows® Operating System""},{""@Name"":""Company"",""#text"":""Microsoft Corporation""},{""@Name"":""OriginalFileName"",""#text"":""services.exe""},{""@Name"":""CommandLine"",""#text"":""C:\\Windows\\system32\\services.exe""},{""@Name"":""CurrentDirectory"",""#text"":""C:\\Windows\\system32\\""},{""@Name"":""User"",""#text"":""NT AUTHORITY\\SYSTEM""},{""@Name"":""LogonGuid"",""#text"":""c9182e32-fd12-69ca-e703-000000000000""},{""@Name"":""LogonId"",""#text"":""0x3E7""},{""@Name"":""TerminalSessionId"",""#text"":""0""},{""@Name"":""IntegrityLevel"",""#text"":""System""},{""@Name"":""Hashes"",""#text"":""MD5=042C0E965C5DB03DBF911E4C6A319CE8,SHA256=711F6AC28CCF2B6D3976BD4529A55EC38AC8C8E6F2376F5B2DCB41A091E28CC2,IMPHASH=8F62686692E3E2E3E3AF249B71011A00""},{""@Name"":""ParentProcessGuid"",""#text"":""c9182e32-fd12-69ca-0800-000000000a00""},{""@Name"":""ParentProcessId"",""#text"":""596""},{""@Name"":""ParentImage"",""#text"":""C:\\Windows\\System32\\wininit.exe""},{""@Name"":""ParentCommandLine"",""#text"":""wininit.exe""},{""@Name"":""ParentUser"",""#text"":""NT AUTHORITY\\SYSTEM""}]}}"
917,917,2026-03-30 22:45:51.1510779,1,Info,Microsoft-Windows-Sysmon,Microsoft-Windows-Sysmon/Operational,2400,4356,DC01.corp.local,18,S-1-5-18,Process creation,NT AUTHORITY\SYSTEM,,"ProcessID: 756, ProcessGUID: c9182e32-fd12-69ca-0c00-000000000a00",RuleName: -,"MD5=6DA2FCC580C720C16612057E83F47F04,SHA256=3A5C6719EF2E4DF699CD27F8DFF09B51DBEAE395701B18C2B7F990F829E6CA6A,IMPHASH=3924D1606F44D90586A3EC75785C2730",ParentProcess: C:\Windows\System32\wininit.exe,"ParentProcessID: 596, ParentProcessGUID: c9182e32-fd12-69ca-0800-000000000a00",ParentCommandLine: wininit.exe,C:\Windows\system32\lsass.exe,False,C:\Users\owunc\Desktop\lab_logs\DC_Sysmon_ws.evtx,Classic,0,"{""EventData"":{""Data"":[{""@Name"":""RuleName"",""#text"":""-""},{""@Name"":""UtcTime"",""#text"":""2026-03-30 22:45:38.749""},{""@Name"":""ProcessGuid"",""#text"":""c9182e32-fd12-69ca-0c00-000000000a00""},{""@Name"":""ProcessId"",""#text"":""756""},{""@Name"":""Image"",""#text"":""C:\\Windows\\System32\\lsass.exe""},{""@Name"":""FileVersion"",""#text"":""10.0.20348.587 (WinBuild.160101.0800)""},{""@Name"":""Description"",""#text"":""Local Security Authority Process""},{""@Name"":""Product"",""#text"":""Microsoft® Windows® Operating System""},{""@Name"":""Company"",""#text"":""Microsoft Corporation""},{""@Name"":""OriginalFileName"",""#text"":""lsass.exe""},{""@Name"":""CommandLine"",""#text"":""C:\\Windows\\system32\\lsass.exe""},{""@Name"":""CurrentDirectory"",""#text"":""C:\\Windows\\system32\\""},{""@Name"":""User"",""#text"":""NT AUTHORITY\\SYSTEM""},{""@Name"":""LogonGuid"",""#text"":""c9182e32-fd12-69ca-e703-000000000000""},{""@Name"":""LogonId"",""#text"":""0x3E7""},{""@Name"":""TerminalSessionId"",""#text"":""0""},{""@Name"":""IntegrityLevel"",""#text"":""System""},{""@Name"":""Hashes"",""#text"":""MD5=6DA2FCC580C720C16612057E83F47F04,SHA256=3A5C6719EF2E4DF699CD27F8DFF09B51DBEAE395701B18C2B7F990F829E6CA6A,IMPHASH=3924D1606F44D90586A3EC75785C2730""},{""@Name"":""ParentProcessGuid"",""#text"":""c9182e32-fd12-69ca-0800-000000000a00""},{""@Name"":""ParentProcessId"",""#text"":""596""},{""@Name"":""ParentImage"",""#text"":""C:\\Windows\\System32\\wininit.exe""},{""@Name"":""ParentCommandLine"",""#text"":""wininit.exe""},{""@Name"":""ParentUser"",""#text"":""NT AUTHORITY\\SYSTEM""}]}}"
918,918,2026-03-30 22:45:51.1511379,13,Info,Microsoft-Windows-Sysmon,Microsoft-Windows-Sysmon/Operational,2400,4356,DC01.corp.local,18,S-1-5-18,RegistryEvent (Value Set),NT AUTHORITY\SYSTEM,,"ProcessID: 756, ProcessGUID: c9182e32-fd12-69ca-0c00-000000000a00",RuleName: T1101,Image: C:\Windows\system32\lsass.exe,EventType: SetValue,TargetObject: HKLM\System\CurrentControlSet\Control\Lsa\LsaCfgFlagsDefault,Details: DWORD (0x00000000),,False,C:\Users\owunc\Desktop\lab_logs\DC_Sysmon_ws.evtx,Classic,0,"{""EventData"":{""Data"":[{""@Name"":""RuleName"",""#text"":""T1101""},{""@Name"":""EventType"",""#text"":""SetValue""},{""@Name"":""UtcTime"",""#text"":""2026-03-30 22:45:38.791""},{""@Name"":""ProcessGuid"",""#text"":""c9182e32-fd12-69ca-0c00-000000000a00""},{""@Name"":""ProcessId"",""#text"":""756""},{""@Name"":""Image"",""#text"":""C:\\Windows\\system32\\lsass.exe""},{""@Name"":""TargetObject"",""#text"":""HKLM\\System\\CurrentControlSet\\Control\\Lsa\\LsaCfgFlagsDefault""},{""@Name"":""Details"",""#text"":""DWORD (0x00000000)""},{""@Name"":""User"",""#text"":""NT AUTHORITY\\SYSTEM""}]}}"
919,919,2026-03-30 22:45:51.1519688,1,Info,Microsoft-Windows-Sysmon,Microsoft-Windows-Sysmon/Operational,2400,4356,DC01.corp.local,18,S-1-5-18,Process creation,NT AUTHORITY\SYSTEM,,"ProcessID: 968, ProcessGUID: c9182e32-fd14-69ca-0d00-000000000a00",RuleName: -,"MD5=DC32ABA4669EAFB22FCACD5EC836A107,SHA256=31780FF2AAF7BC71F755BA0E4FEF1D61B060D1D2741EAFB33CBAB44D889595A0,IMPHASH=D8C4E4978657CEA220B495778C972E64",ParentProcess: C:\Windows\System32\services.exe,"ParentProcessID: 736, ParentProcessGUID: c9182e32-fd12-69ca-0b00-000000000a00",ParentCommandLine: C:\Windows\system32\services.exe,C:\Windows\system32\svchost.exe -k DcomLaunch -p,False,C:\Users\owunc\Desktop\lab_logs\DC_Sysmon_ws.evtx,Classic,0,"{""EventData"":{""Data"":[{""@Name"":""RuleName"",""#text"":""-""},{""@Name"":""UtcTime"",""#text"":""2026-03-30 22:45:40.231""},{""@Name"":""ProcessGuid"",""#text"":""c9182e32-fd14-69ca-0d00-000000000a00""},{""@Name"":""ProcessId"",""#text"":""968""},{""@Name"":""Image"",""#text"":""C:\\Windows\\System32\\svchost.exe""},{""@Name"":""FileVersion"",""#text"":""10.0.20348.558 (WinBuild.160101.0800)""},{""@Name"":""Description"",""#text"":""Host Process for Windows Services""},{""@Name"":""Product"",""#text"":""Microsoft® Windows® Operating System""},{""@Name"":""Company"",""#text"":""Microsoft Corporation""},{""@Name"":""OriginalFileName"",""#text"":""svchost.exe""},{""@Name"":""CommandLine"",""#text"":""C:\\Windows\\system32\\svchost.exe -k DcomLaunch -p""},{""@Name"":""CurrentDirectory"",""#text"":""C:\\Windows\\system32\\""},{""@Name"":""User"",""#text"":""NT AUTHORITY\\SYSTEM""},{""@Name"":""LogonGuid"",""#text"":""c9182e32-fd12-69ca-e703-000000000000""},{""@Name"":""LogonId"",""#text"":""0x3E7""},{""@Name"":""TerminalSessionId"",""#text"":""0""},{""@Name"":""IntegrityLevel"",""#text"":""System""},{""@Name"":""Hashes"",""#text"":""MD5=DC32ABA4669EAFB22FCACD5EC836A107,SHA256=31780FF2AAF7BC71F755BA0E4FEF1D61B060D1D2741EAFB33CBAB44D889595A0,IMPHASH=D8C4E4978657CEA220B495778C972E64""},{""@Name"":""ParentProcessGuid"",""#text"":""c9182e32-fd12-69ca-0b00-000000000a00""},{""@Name"":""ParentProcessId"",""#text"":""736""},{""@Name"":""ParentImage"",""#text"":""C:\\Windows\\System32\\services.exe""},{""@Name"":""ParentCommandLine"",""#text"":""C:\\Windows\\system32\\services.exe""},{""@Name"":""ParentUser"",""#text"":""NT AUTHORITY\\SYSTEM""}]}}"
920,920,2026-03-30 22:45:51.1537473,1,Info,Microsoft-Windows-Sysmon,Microsoft-Windows-Sysmon/Operational,2400,4356,DC01.corp.local,18,S-1-5-18,Process creation,NT AUTHORITY\NETWORK SERVICE,,"ProcessID: 1020, ProcessGUID: c9182e32-fd14-69ca-0e00-000000000a00",RuleName: -,"MD5=DC32ABA4669EAFB22FCACD5EC836A107,SHA256=31780FF2AAF7BC71F755BA0E4FEF1D61B060D1D2741EAFB33CBAB44D889595A0,IMPHASH=D8C4E4978657CEA220B495778C972E64",ParentProcess: C:\Windows\System32\services.exe,"ParentProcessID: 736, ParentProcessGUID: c9182e32-fd12-69ca-0b00-000000000a00",ParentCommandLine: C:\Windows\system32\services.exe,C:\Windows\system32\svchost.exe -k RPCSS -p,False,C:\Users\owunc\Desktop\lab_logs\DC_Sysmon_ws.evtx,Classic,0,"{""EventData"":{""Data"":[{""@Name"":""RuleName"",""#text"":""-""},{""@Name"":""UtcTime"",""#text"":""2026-03-30 22:45:40.309""},{""@Name"":""ProcessGuid"",""#text"":""c9182e32-fd14-69ca-0e00-000000000a00""},{""@Name"":""ProcessId"",""#text"":""1020""},{""@Name"":""Image"",""#text"":""C:\\Windows\\System32\\svchost.exe""},{""@Name"":""FileVersion"",""#text"":""10.0.20348.558 (WinBuild.160101.0800)""},{""@Name"":""Description"",""#text"":""Host Process for Windows Services""},{""@Name"":""Product"",""#text"":""Microsoft® Windows® Operating System""},{""@Name"":""Company"",""#text"":""Microsoft Corporation""},{""@Name"":""OriginalFileName"",""#text"":""svchost.exe""},{""@Name"":""CommandLine"",""#text"":""C:\\Windows\\system32\\svchost.exe -k RPCSS -p""},{""@Name"":""CurrentDirectory"",""#text"":""C:\\Windows\\system32\\""},{""@Name"":""User"",""#text"":""NT AUTHORITY\\NETWORK SERVICE""},{""@Name"":""LogonGuid"",""#text"":""c9182e32-fd14-69ca-e403-000000000000""},{""@Name"":""LogonId"",""#text"":""0x3E4""},{""@Name"":""TerminalSessionId"",""#text"":""0""},{""@Name"":""IntegrityLevel"",""#text"":""System""},{""@Name"":""Hashes"",""#text"":""MD5=DC32ABA4669EAFB22FCACD5EC836A107,SHA256=31780FF2AAF7BC71F755BA0E4FEF1D61B060D1D2741EAFB33CBAB44D889595A0,IMPHASH=D8C4E4978657CEA220B495778C972E64""},{""@Name"":""ParentProcessGuid"",""#text"":""c9182e32-fd12-69ca-0b00-000000000a00""},{""@Name"":""ParentProcessId"",""#text"":""736""},{""@Name"":""ParentImage"",""#text"":""C:\\Windows\\System32\\services.exe""},{""@Name"":""ParentCommandLine"",""#text"":""C:\\Windows\\system32\\services.exe""},{""@Name"":""ParentUser"",""#text"":""NT AUTHORITY\\SYSTEM""}]}}"
921,921,2026-03-30 22:45:51.1543211,1,Info,Microsoft-Windows-Sysmon,Microsoft-Windows-Sysmon/Operational,2400,4356,DC01.corp.local,19,S-1-5-18,Process creation,NT AUTHORITY\SYSTEM,,"ProcessID: 424, ProcessGUID: c9182e32-fd14-69ca-0f00-000000000a00",RuleName: -,"MD5=DC32ABA4669EAFB22FCACD5EC836A107,SHA256=31780FF2AAF7BC71F755BA0E4FEF1D61B060D1D2741EAFB33CBAB44D889595A0,IMPHASH=D8C4E4978657CEA220B495778C972E64",ParentProcess: C:\Windows\System32\services.exe,"ParentProcessID: 736, ParentProcessGUID: c9182e32-fd12-69ca-0b00-000000000a00",ParentCommandLine: C:\Windows\system32\services.exe,C:\Windows\system32\svchost.exe -k DcomLaunch -p -s LSM,False,C:\Users\owunc\Desktop\lab_logs\DC_Sysmon_ws.evtx,Classic,0,"{""EventData"":{""Data"":[{""@Name"":""RuleName"",""#text"":""-""},{""@Name"":""UtcTime"",""#text"":""2026-03-30 22:45:40.327""},{""@Name"":""ProcessGuid"",""#text"":""c9182e32-fd14-69ca-0f00-000000000a00""},{""@Name"":""ProcessId"",""#text"":""424""},{""@Name"":""Image"",""#text"":""C:\\Windows\\System32\\svchost.exe""},{""@Name"":""FileVersion"",""#text"":""10.0.20348.558 (WinBuild.160101.0800)""},{""@Name"":""Description"",""#text"":""Host Process for Windows Services""},{""@Name"":""Product"",""#text"":""Microsoft® Windows® Operating System""},{""@Name"":""Company"",""#text"":""Microsoft Corporation""},{""@Name"":""OriginalFileName"",""#text"":""svchost.exe""},{""@Name"":""CommandLine"",""#text"":""C:\\Windows\\system32\\svchost.exe -k DcomLaunch -p -s LSM""},{""@Name"":""CurrentDirectory"",""#text"":""C:\\Windows\\system32\\""},{""@Name"":""User"",""#text"":""NT AUTHORITY\\SYSTEM""},{""@Name"":""LogonGuid"",""#text"":""c9182e32-fd12-69ca-e703-000000000000""},{""@Name"":""LogonId"",""#text"":""0x3E7""},{""@Name"":""TerminalSessionId"",""#text"":""0""},{""@Name"":""IntegrityLevel"",""#text"":""System""},{""@Name"":""Hashes"",""#text"":""MD5=DC32ABA4669EAFB22FCACD5EC836A107,SHA256=31780FF2AAF7BC71F755BA0E4FEF1D61B060D1D2741EAFB33CBAB44D889595A0,IMPHASH=D8C4E4978657CEA220B495778C972E64""},{""@Name"":""ParentProcessGuid"",""#text"":""c9182e32-fd12-69ca-0b00-000000000a00""},{""@Name"":""ParentProcessId"",""#text"":""736""},{""@Name"":""ParentImage"",""#text"":""C:\\Windows\\System32\\services.exe""},{""@Name"":""ParentCommandLine"",""#text"":""C:\\Windows\\system32\\services.exe""},{""@Name"":""ParentUser"",""#text"":""NT AUTHORITY\\SYSTEM""}]}}"
922,922,2026-03-30 22:45:51.1557817,1,Info,Microsoft-Windows-Sysmon,Microsoft-Windows-Sysmon/Operational,2400,4356,DC01.corp.local,19,S-1-5-18,Process creation,NT AUTHORITY\SYSTEM,,"ProcessID: 888, ProcessGUID: c9182e32-fd14-69ca-1000-000000000a00",RuleName: -,"MD5=6CD47CA4515B2F81B5CA1E6CA9A323CC,SHA256=CABE8FF476F814DF398735AD3AD993884AD100C9AA4C153B4BACB7EF9FB555F9,IMPHASH=0EF1A1FBF5FA5B3737A8D19C60F416A9",ParentProcess: C:\Windows\System32\winlogon.exe,"ParentProcessID: 692, ParentProcessGUID: c9182e32-fd12-69ca-0a00-000000000a00",ParentCommandLine: winlogon.exe,"""LogonUI.exe"" /flags:0x2 /state0:0xa3bfc055 /state1:0x41c64e6d",False,C:\Users\owunc\Desktop\lab_logs\DC_Sysmon_ws.evtx,Classic,0,"{""EventData"":{""Data"":[{""@Name"":""RuleName"",""#text"":""-""},{""@Name"":""UtcTime"",""#text"":""2026-03-30 22:45:40.396""},{""@Name"":""ProcessGuid"",""#text"":""c9182e32-fd14-69ca-1000-000000000a00""},{""@Name"":""ProcessId"",""#text"":""888""},{""@Name"":""Image"",""#text"":""C:\\Windows\\System32\\LogonUI.exe""},{""@Name"":""FileVersion"",""#text"":""10.0.20348.1 (WinBuild.160101.0800)""},{""@Name"":""Description"",""#text"":""Windows Logon User Interface Host""},{""@Name"":""Product"",""#text"":""Microsoft® Windows® Operating System""},{""@Name"":""Company"",""#text"":""Microsoft Corporation""},{""@Name"":""OriginalFileName"",""#text"":""logonui.exe""},{""@Name"":""CommandLine"",""#text"":""\""LogonUI.exe\"" /flags:0x2 /state0:0xa3bfc055 /state1:0x41c64e6d""},{""@Name"":""CurrentDirectory"",""#text"":""C:\\Windows\\system32\\""},{""@Name"":""User"",""#text"":""NT AUTHORITY\\SYSTEM""},{""@Name"":""LogonGuid"",""#text"":""c9182e32-fd12-69ca-e703-000000000000""},{""@Name"":""LogonId"",""#text"":""0x3E7""},{""@Name"":""TerminalSessionId"",""#text"":""1""},{""@Name"":""IntegrityLevel"",""#text"":""System""},{""@Name"":""Hashes"",""#text"":""MD5=6CD47CA4515B2F81B5CA1E6CA9A323CC,SHA256=CABE8FF476F814DF398735AD3AD993884AD100C9AA4C153B4BACB7EF9FB555F9,IMPHASH=0EF1A1FBF5FA5B3737A8D19C60F416A9""},{""@Name"":""ParentProcessGuid"",""#text"":""c9182e32-fd12-69ca-0a00-000000000a00""},{""@Name"":""ParentProcessId"",""#text"":""692""},{""@Name"":""ParentImage"",""#text"":""C:\\Windows\\System32\\winlogon.exe""},{""@Name"":""ParentCommandLine"",""#text"":""winlogon.exe""},{""@Name"":""ParentUser"",""#text"":""NT AUTHORITY\\SYSTEM""}]}}"
923,923,2026-03-30 22:45:51.1564630,1,Info,Microsoft-Windows-Sysmon,Microsoft-Windows-Sysmon/Operational,2400,4356,DC01.corp.local,19,S-1-5-18,Process creation,NT AUTHORITY\SYSTEM,,"ProcessID: 784, ProcessGUID: c9182e32-fd14-69ca-1100-000000000a00",RuleName: -,"MD5=DC32ABA4669EAFB22FCACD5EC836A107,SHA256=31780FF2AAF7BC71F755BA0E4FEF1D61B060D1D2741EAFB33CBAB44D889595A0,IMPHASH=D8C4E4978657CEA220B495778C972E64",ParentProcess: C:\Windows\System32\services.exe,"ParentProcessID: 736, ParentProcessGUID: c9182e32-fd12-69ca-0b00-000000000a00",ParentCommandLine: C:\Windows\system32\services.exe,C:\Windows\system32\svchost.exe -k netsvcs -p -s DsmSvc,False,C:\Users\owunc\Desktop\lab_logs\DC_Sysmon_ws.evtx,Classic,0,"{""EventData"":{""Data"":[{""@Name"":""RuleName"",""#text"":""-""},{""@Name"":""UtcTime"",""#text"":""2026-03-30 22:45:40.409""},{""@Name"":""ProcessGuid"",""#text"":""c9182e32-fd14-69ca-1100-000000000a00""},{""@Name"":""ProcessId"",""#text"":""784""},{""@Name"":""Image"",""#text"":""C:\\Windows\\System32\\svchost.exe""},{""@Name"":""FileVersion"",""#text"":""10.0.20348.558 (WinBuild.160101.0800)""},{""@Name"":""Description"",""#text"":""Host Process for Windows Services""},{""@Name"":""Product"",""#text"":""Microsoft® Windows® Operating System""},{""@Name"":""Company"",""#text"":""Microsoft Corporation""},{""@Name"":""OriginalFileName"",""#text"":""svchost.exe""},{""@Name"":""CommandLine"",""#text"":""C:\\Windows\\system32\\svchost.exe -k netsvcs -p -s DsmSvc""},{""@Name"":""CurrentDirectory"",""#text"":""C:\\Windows\\system32\\""},{""@Name"":""User"",""#text"":""NT AUTHORITY\\SYSTEM""},{""@Name"":""LogonGuid"",""#text"":""c9182e32-fd12-69ca-e703-000000000000""},{""@Name"":""LogonId"",""#text"":""0x3E7""},{""@Name"":""TerminalSessionId"",""#text"":""0""},{""@Name"":""IntegrityLevel"",""#text"":""System""},{""@Name"":""Hashes"",""#text"":""MD5=DC32ABA4669EAFB22FCACD5EC836A107,SHA256=31780FF2AAF7BC71F755BA0E4FEF1D61B060D1D2741EAFB33CBAB44D889595A0,IMPHASH=D8C4E4978657CEA220B495778C972E64""},{""@Name"":""ParentProcessGuid"",""#text"":""c9182e32-fd12-69ca-0b00-000000000a00""},{""@Name"":""ParentProcessId"",""#text"":""736""},{""@Name"":""ParentImage"",""#text"":""C:\\Windows\\System32\\services.exe""},{""@Name"":""ParentCommandLine"",""#text"":""C:\\Windows\\system32\\services.exe""},{""@Name"":""ParentUser"",""#text"":""NT AUTHORITY\\SYSTEM""}]}}"
924,924,2026-03-30 22:45:51.1568517,1,Info,Microsoft-Windows-Sysmon,Microsoft-Windows-Sysmon/Operational,2400,4356,DC01.corp.local,19,S-1-5-18,Process creation,Window Manager\DWM-1,,"ProcessID: 1032, ProcessGUID: c9182e32-fd14-69ca-1200-000000000a00",RuleName: -,"MD5=66F552D20DCF3377279C20A119E0E72F,SHA256=644A42249D70082AA3D5E132CFFA213C30547A02CF89ED688A3C4550C496109D,IMPHASH=0C8B8FCB9711AF2AB428F366F2639CCB",ParentProcess: C:\Windows\System32\winlogon.exe,"ParentProcessID: 692, ParentProcessGUID: c9182e32-fd12-69ca-0a00-000000000a00",ParentCommandLine: winlogon.exe,"""dwm.exe""",False,C:\Users\owunc\Desktop\lab_logs\DC_Sysmon_ws.evtx,Classic,0,"{""EventData"":{""Data"":[{""@Name"":""RuleName"",""#text"":""-""},{""@Name"":""UtcTime"",""#text"":""2026-03-30 22:45:40.417""},{""@Name"":""ProcessGuid"",""#text"":""c9182e32-fd14-69ca-1200-000000000a00""},{""@Name"":""ProcessId"",""#text"":""1032""},{""@Name"":""Image"",""#text"":""C:\\Windows\\System32\\dwm.exe""},{""@Name"":""FileVersion"",""#text"":""10.0.20348.1 (WinBuild.160101.0800)""},{""@Name"":""Description"",""#text"":""Desktop Window Manager""},{""@Name"":""Product"",""#text"":""Microsoft® Windows® Operating System""},{""@Name"":""Company"",""#text"":""Microsoft Corporation""},{""@Name"":""OriginalFileName"",""#text"":""dwm.exe""},{""@Name"":""CommandLine"",""#text"":""\""dwm.exe\""""},{""@Name"":""CurrentDirectory"",""#text"":""C:\\Windows\\system32\\""},{""@Name"":""User"",""#text"":""Window Manager\\DWM-1""},{""@Name"":""LogonGuid"",""#text"":""c9182e32-fd14-69ca-a829-010000000000""},{""@Name"":""LogonId"",""#text"":""0x129A8""},{""@Name"":""TerminalSessionId"",""#text"":""1""},{""@Name"":""IntegrityLevel"",""#text"":""System""},{""@Name"":""Hashes"",""#text"":""MD5=66F552D20DCF3377279C20A119E0E72F,SHA256=644A42249D70082AA3D5E132CFFA213C30547A02CF89ED688A3C4550C496109D,IMPHASH=0C8B8FCB9711AF2AB428F366F2639CCB""},{""@Name"":""ParentProcessGuid"",""#text"":""c9182e32-fd12-69ca-0a00-000000000a00""},{""@Name"":""ParentProcessId"",""#text"":""692""},{""@Name"":""ParentImage"",""#text"":""C:\\Windows\\System32\\winlogon.exe""},{""@Name"":""ParentCommandLine"",""#text"":""winlogon.exe""},{""@Name"":""ParentUser"",""#text"":""NT AUTHORITY\\SYSTEM""}]}}"
925,925,2026-03-30 22:45:51.1572053,1,Info,Microsoft-Windows-Sysmon,Microsoft-Windows-Sysmon/Operational,2400,4356,DC01.corp.local,19,S-1-5-18,Process creation,NT AUTHORITY\LOCAL SERVICE,,"ProcessID: 1056, ProcessGUID: c9182e32-fd14-69ca-1300-000000000a00",RuleName: -,"MD5=DC32ABA4669EAFB22FCACD5EC836A107,SHA256=31780FF2AAF7BC71F755BA0E4FEF1D61B060D1D2741EAFB33CBAB44D889595A0,IMPHASH=D8C4E4978657CEA220B495778C972E64",ParentProcess: C:\Windows\System32\services.exe,"ParentProcessID: 736, ParentProcessGUID: c9182e32-fd12-69ca-0b00-000000000a00",ParentCommandLine: C:\Windows\system32\services.exe,C:\Windows\system32\svchost.exe -k LocalService -p -s nsi,False,C:\Users\owunc\Desktop\lab_logs\DC_Sysmon_ws.evtx,Classic,0,"{""EventData"":{""Data"":[{""@Name"":""RuleName"",""#text"":""-""},{""@Name"":""UtcTime"",""#text"":""2026-03-30 22:45:40.419""},{""@Name"":""ProcessGuid"",""#text"":""c9182e32-fd14-69ca-1300-000000000a00""},{""@Name"":""ProcessId"",""#text"":""1056""},{""@Name"":""Image"",""#text"":""C:\\Windows\\System32\\svchost.exe""},{""@Name"":""FileVersion"",""#text"":""10.0.20348.558 (WinBuild.160101.0800)""},{""@Name"":""Description"",""#text"":""Host Process for Windows Services""},{""@Name"":""Product"",""#text"":""Microsoft® Windows® Operating System""},{""@Name"":""Company"",""#text"":""Microsoft Corporation""},{""@Name"":""OriginalFileName"",""#text"":""svchost.exe""},{""@Name"":""CommandLine"",""#text"":""C:\\Windows\\system32\\svchost.exe -k LocalService -p -s nsi""},{""@Name"":""CurrentDirectory"",""#text"":""C:\\Windows\\system32\\""},{""@Name"":""User"",""#text"":""NT AUTHORITY\\LOCAL SERVICE""},{""@Name"":""LogonGuid"",""#text"":""c9182e32-fd14-69ca-e503-000000000000""},{""@Name"":""LogonId"",""#text"":""0x3E5""},{""@Name"":""TerminalSessionId"",""#text"":""0""},{""@Name"":""IntegrityLevel"",""#text"":""System""},{""@Name"":""Hashes"",""#text"":""MD5=DC32ABA4669EAFB22FCACD5EC836A107,SHA256=31780FF2AAF7BC71F755BA0E4FEF1D61B060D1D2741EAFB33CBAB44D889595A0,IMPHASH=D8C4E4978657CEA220B495778C972E64""},{""@Name"":""ParentProcessGuid"",""#text"":""c9182e32-fd12-69ca-0b00-000000000a00""},{""@Name"":""ParentProcessId"",""#text"":""736""},{""@Name"":""ParentImage"",""#text"":""C:\\Windows\\System32\\services.exe""},{""@Name"":""ParentCommandLine"",""#text"":""C:\\Windows\\system32\\services.exe""},{""@Name"":""ParentUser"",""#text"":""NT AUTHORITY\\SYSTEM""}]}}"
926,926,2026-03-30 22:45:51.1574523,1,Info,Microsoft-Windows-Sysmon,Microsoft-Windows-Sysmon/Operational,2400,4356,DC01.corp.local,19,S-1-5-18,Process creation,NT AUTHORITY\LOCAL SERVICE,,"ProcessID: 1064, ProcessGUID: c9182e32-fd14-69ca-1400-000000000a00",RuleName: -,"MD5=DC32ABA4669EAFB22FCACD5EC836A107,SHA256=31780FF2AAF7BC71F755BA0E4FEF1D61B060D1D2741EAFB33CBAB44D889595A0,IMPHASH=D8C4E4978657CEA220B495778C972E64",ParentProcess: C:\Windows\System32\services.exe,"ParentProcessID: 736, ParentProcessGUID: c9182e32-fd12-69ca-0b00-000000000a00",ParentCommandLine: C:\Windows\system32\services.exe,C:\Windows\System32\svchost.exe -k LocalServiceNetworkRestricted -p -s lmhosts,False,C:\Users\owunc\Desktop\lab_logs\DC_Sysmon_ws.evtx,Classic,0,"{""EventData"":{""Data"":[{""@Name"":""RuleName"",""#text"":""-""},{""@Name"":""UtcTime"",""#text"":""2026-03-30 22:45:40.419""},{""@Name"":""ProcessGuid"",""#text"":""c9182e32-fd14-69ca-1400-000000000a00""},{""@Name"":""ProcessId"",""#text"":""1064""},{""@Name"":""Image"",""#text"":""C:\\Windows\\System32\\svchost.exe""},{""@Name"":""FileVersion"",""#text"":""10.0.20348.558 (WinBuild.160101.0800)""},{""@Name"":""Description"",""#text"":""Host Process for Windows Services""},{""@Name"":""Product"",""#text"":""Microsoft® Windows® Operating System""},{""@Name"":""Company"",""#text"":""Microsoft Corporation""},{""@Name"":""OriginalFileName"",""#text"":""svchost.exe""},{""@Name"":""CommandLine"",""#text"":""C:\\Windows\\System32\\svchost.exe -k LocalServiceNetworkRestricted -p -s lmhosts""},{""@Name"":""CurrentDirectory"",""#text"":""C:\\Windows\\system32\\""},{""@Name"":""User"",""#text"":""NT AUTHORITY\\LOCAL SERVICE""},{""@Name"":""LogonGuid"",""#text"":""c9182e32-fd14-69ca-e503-000000000000""},{""@Name"":""LogonId"",""#text"":""0x3E5""},{""@Name"":""TerminalSessionId"",""#text"":""0""},{""@Name"":""IntegrityLevel"",""#text"":""System""},{""@Name"":""Hashes"",""#text"":""MD5=DC32ABA4669EAFB22FCACD5EC836A107,SHA256=31780FF2AAF7BC71F755BA0E4FEF1D61B060D1D2741EAFB33CBAB44D889595A0,IMPHASH=D8C4E4978657CEA220B495778C972E64""},{""@Name"":""ParentProcessGuid"",""#text"":""c9182e32-fd12-69ca-0b00-000000000a00""},{""@Name"":""ParentProcessId"",""#text"":""736""},{""@Name"":""ParentImage"",""#text"":""C:\\Windows\\System32\\services.exe""},{""@Name"":""ParentCommandLine"",""#text"":""C:\\Windows\\system32\\services.exe""},{""@Name"":""ParentUser"",""#text"":""NT AUTHORITY\\SYSTEM""}]}}"
927,927,2026-03-30 22:45:51.1578448,1,Info,Microsoft-Windows-Sysmon,Microsoft-Windows-Sysmon/Operational,2400,4356,DC01.corp.local,19,S-1-5-18,Process creation,NT AUTHORITY\LOCAL SERVICE,,"ProcessID: 1152, ProcessGUID: c9182e32-fd14-69ca-1600-000000000a00",RuleName: -,"MD5=DC32ABA4669EAFB22FCACD5EC836A107,SHA256=31780FF2AAF7BC71F755BA0E4FEF1D61B060D1D2741EAFB33CBAB44D889595A0,IMPHASH=D8C4E4978657CEA220B495778C972E64",ParentProcess: C:\Windows\System32\services.exe,"ParentProcessID: 736, ParentProcessGUID: c9182e32-fd12-69ca-0b00-000000000a00",ParentCommandLine: C:\Windows\system32\services.exe,C:\Windows\system32\svchost.exe -k LocalServiceNetworkRestricted -p -s Dhcp,False,C:\Users\owunc\Desktop\lab_logs\DC_Sysmon_ws.evtx,Classic,0,"{""EventData"":{""Data"":[{""@Name"":""RuleName"",""#text"":""-""},{""@Name"":""UtcTime"",""#text"":""2026-03-30 22:45:40.433""},{""@Name"":""ProcessGuid"",""#text"":""c9182e32-fd14-69ca-1600-000000000a00""},{""@Name"":""ProcessId"",""#text"":""1152""},{""@Name"":""Image"",""#text"":""C:\\Windows\\System32\\svchost.exe""},{""@Name"":""FileVersion"",""#text"":""10.0.20348.558 (WinBuild.160101.0800)""},{""@Name"":""Description"",""#text"":""Host Process for Windows Services""},{""@Name"":""Product"",""#text"":""Microsoft® Windows® Operating System""},{""@Name"":""Company"",""#text"":""Microsoft Corporation""},{""@Name"":""OriginalFileName"",""#text"":""svchost.exe""},{""@Name"":""CommandLine"",""#text"":""C:\\Windows\\system32\\svchost.exe -k LocalServiceNetworkRestricted -p -s Dhcp""},{""@Name"":""CurrentDirectory"",""#text"":""C:\\Windows\\system32\\""},{""@Name"":""User"",""#text"":""NT AUTHORITY\\LOCAL SERVICE""},{""@Name"":""LogonGuid"",""#text"":""c9182e32-fd14-69ca-e503-000000000000""},{""@Name"":""LogonId"",""#text"":""0x3E5""},{""@Name"":""TerminalSessionId"",""#text"":""0""},{""@Name"":""IntegrityLevel"",""#text"":""System""},{""@Name"":""Hashes"",""#text"":""MD5=DC32ABA4669EAFB22FCACD5EC836A107,SHA256=31780FF2AAF7BC71F755BA0E4FEF1D61B060D1D2741EAFB33CBAB44D889595A0,IMPHASH=D8C4E4978657CEA220B495778C972E64""},{""@Name"":""ParentProcessGuid"",""#text"":""c9182e32-fd12-69ca-0b00-000000000a00""},{""@Name"":""ParentProcessId"",""#text"":""736""},{""@Name"":""ParentImage"",""#text"":""C:\\Windows\\System32\\services.exe""},{""@Name"":""ParentCommandLine"",""#text"":""C:\\Windows\\system32\\services.exe""},{""@Name"":""ParentUser"",""#text"":""NT AUTHORITY\\SYSTEM""}]}}"
928,928,2026-03-30 22:45:51.1581938,1,Info,Microsoft-Windows-Sysmon,Microsoft-Windows-Sysmon/Operational,2400,4356,DC01.corp.local,19,S-1-5-18,Process creation,NT AUTHORITY\LOCAL SERVICE,,"ProcessID: 1172, ProcessGUID: c9182e32-fd14-69ca-1800-000000000a00",RuleName: -,"MD5=DC32ABA4669EAFB22FCACD5EC836A107,SHA256=31780FF2AAF7BC71F755BA0E4FEF1D61B060D1D2741EAFB33CBAB44D889595A0,IMPHASH=D8C4E4978657CEA220B495778C972E64",ParentProcess: C:\Windows\System32\services.exe,"ParentProcessID: 736, ParentProcessGUID: c9182e32-fd12-69ca-0b00-000000000a00",ParentCommandLine: C:\Windows\system32\services.exe,C:\Windows\system32\svchost.exe -k LocalServiceNetworkRestricted -p -s TimeBrokerSvc,False,C:\Users\owunc\Desktop\lab_logs\DC_Sysmon_ws.evtx,Classic,0,"{""EventData"":{""Data"":[{""@Name"":""RuleName"",""#text"":""-""},{""@Name"":""UtcTime"",""#text"":""2026-03-30 22:45:40.435""},{""@Name"":""ProcessGuid"",""#text"":""c9182e32-fd14-69ca-1800-000000000a00""},{""@Name"":""ProcessId"",""#text"":""1172""},{""@Name"":""Image"",""#text"":""C:\\Windows\\System32\\svchost.exe""},{""@Name"":""FileVersion"",""#text"":""10.0.20348.558 (WinBuild.160101.0800)""},{""@Name"":""Description"",""#text"":""Host Process for Windows Services""},{""@Name"":""Product"",""#text"":""Microsoft® Windows® Operating System""},{""@Name"":""Company"",""#text"":""Microsoft Corporation""},{""@Name"":""OriginalFileName"",""#text"":""svchost.exe""},{""@Name"":""CommandLine"",""#text"":""C:\\Windows\\system32\\svchost.exe -k LocalServiceNetworkRestricted -p -s TimeBrokerSvc""},{""@Name"":""CurrentDirectory"",""#text"":""C:\\Windows\\system32\\""},{""@Name"":""User"",""#text"":""NT AUTHORITY\\LOCAL SERVICE""},{""@Name"":""LogonGuid"",""#text"":""c9182e32-fd14-69ca-e503-000000000000""},{""@Name"":""LogonId"",""#text"":""0x3E5""},{""@Name"":""TerminalSessionId"",""#text"":""0""},{""@Name"":""IntegrityLevel"",""#text"":""System""},{""@Name"":""Hashes"",""#text"":""MD5=DC32ABA4669EAFB22FCACD5EC836A107,SHA256=31780FF2AAF7BC71F755BA0E4FEF1D61B060D1D2741EAFB33CBAB44D889595A0,IMPHASH=D8C4E4978657CEA220B495778C972E64""},{""@Name"":""ParentProcessGuid"",""#text"":""c9182e32-fd12-69ca-0b00-000000000a00""},{""@Name"":""ParentProcessId"",""#text"":""736""},{""@Name"":""ParentImage"",""#text"":""C:\\Windows\\System32\\services.exe""},{""@Name"":""ParentCommandLine"",""#text"":""C:\\Windows\\system32\\services.exe""},{""@Name"":""ParentUser"",""#text"":""NT AUTHORITY\\SYSTEM""}]}}"
929,929,2026-03-30 22:45:51.1584553,1,Info,Microsoft-Windows-Sysmon,Microsoft-Windows-Sysmon/Operational,2400,4356,DC01.corp.local,19,S-1-5-18,Process creation,NT AUTHORITY\NETWORK SERVICE,,"ProcessID: 1240, ProcessGUID: c9182e32-fd14-69ca-1900-000000000a00",RuleName: -,"MD5=DC32ABA4669EAFB22FCACD5EC836A107,SHA256=31780FF2AAF7BC71F755BA0E4FEF1D61B060D1D2741EAFB33CBAB44D889595A0,IMPHASH=D8C4E4978657CEA220B495778C972E64",ParentProcess: C:\Windows\System32\services.exe,"ParentProcessID: 736, ParentProcessGUID: c9182e32-fd12-69ca-0b00-000000000a00",ParentCommandLine: C:\Windows\system32\services.exe,C:\Windows\system32\svchost.exe -k NetworkService -p -s Dnscache,False,C:\Users\owunc\Desktop\lab_logs\DC_Sysmon_ws.evtx,Classic,0,"{""EventData"":{""Data"":[{""@Name"":""RuleName"",""#text"":""-""},{""@Name"":""UtcTime"",""#text"":""2026-03-30 22:45:40.446""},{""@Name"":""ProcessGuid"",""#text"":""c9182e32-fd14-69ca-1900-000000000a00""},{""@Name"":""ProcessId"",""#text"":""1240""},{""@Name"":""Image"",""#text"":""C:\\Windows\\System32\\svchost.exe""},{""@Name"":""FileVersion"",""#text"":""10.0.20348.558 (WinBuild.160101.0800)""},{""@Name"":""Description"",""#text"":""Host Process for Windows Services""},{""@Name"":""Product"",""#text"":""Microsoft® Windows® Operating System""},{""@Name"":""Company"",""#text"":""Microsoft Corporation""},{""@Name"":""OriginalFileName"",""#text"":""svchost.exe""},{""@Name"":""CommandLine"",""#text"":""C:\\Windows\\system32\\svchost.exe -k NetworkService -p -s Dnscache""},{""@Name"":""CurrentDirectory"",""#text"":""C:\\Windows\\system32\\""},{""@Name"":""User"",""#text"":""NT AUTHORITY\\NETWORK SERVICE""},{""@Name"":""LogonGuid"",""#text"":""c9182e32-fd14-69ca-e403-000000000000""},{""@Name"":""LogonId"",""#text"":""0x3E4""},{""@Name"":""TerminalSessionId"",""#text"":""0""},{""@Name"":""IntegrityLevel"",""#text"":""System""},{""@Name"":""Hashes"",""#text"":""MD5=DC32ABA4669EAFB22FCACD5EC836A107,SHA256=31780FF2AAF7BC71F755BA0E4FEF1D61B060D1D2741EAFB33CBAB44D889595A0,IMPHASH=D8C4E4978657CEA220B495778C972E64""},{""@Name"":""ParentProcessGuid"",""#text"":""c9182e32-fd12-69ca-0b00-000000000a00""},{""@Name"":""ParentProcessId"",""#text"":""736""},{""@Name"":""ParentImage"",""#text"":""C:\\Windows\\System32\\services.exe""},{""@Name"":""ParentCommandLine"",""#text"":""C:\\Windows\\system32\\services.exe""},{""@Name"":""ParentUser"",""#text"":""NT AUTHORITY\\SYSTEM""}]}}"
