880,880,2026-03-30 22:41:47.9349104,1,Info,Microsoft-Windows-Sysmon,Microsoft-Windows-Sysmon/Operational,2448,4460,DC01.corp.local,18,S-1-5-18,Process creation,NT AUTHORITY\SYSTEM,,"ProcessID: 4080, ProcessGUID: c9182e32-fc2b-69ca-e802-000000000900",RuleName: -,"MD5=9E18ACE78034537344DA6036D4C3C8B1,SHA256=29389619B06E5DE97B3669F6FF92E226CB6DCE2254B07BA6FA88C3B5D3A9799E,IMPHASH=AB0C8C1C188B19D08FAF502671C04930",ParentProcess: C:\Program Files (x86)\ossec-agent\wazuh-agent.exe,"ParentProcessID: 5320, ParentProcessGUID: c9182e32-fc24-69ca-8102-000000000900","ParentCommandLine: ""C:\Program Files (x86)\ossec-agent\wazuh-agent.exe""","auditpol.exe /get /subcategory:""Sensitive Privilege Use""",False,C:\Users\owunc\Desktop\lab_logs\DC_Sysmon_ws.evtx,Classic,0,"{""EventData"":{""Data"":[{""@Name"":""RuleName"",""#text"":""-""},{""@Name"":""UtcTime"",""#text"":""2026-03-30 22:41:47.932""},{""@Name"":""ProcessGuid"",""#text"":""c9182e32-fc2b-69ca-e802-000000000900""},{""@Name"":""ProcessId"",""#text"":""4080""},{""@Name"":""Image"",""#text"":""C:\\Windows\\SysWOW64\\auditpol.exe""},{""@Name"":""FileVersion"",""#text"":""10.0.20348.1 (WinBuild.160101.0800)""},{""@Name"":""Description"",""#text"":""Audit Policy Program""},{""@Name"":""Product"",""#text"":""Microsoft® Windows® Operating System""},{""@Name"":""Company"",""#text"":""Microsoft Corporation""},{""@Name"":""OriginalFileName"",""#text"":""AUDITPOL.EXE""},{""@Name"":""CommandLine"",""#text"":""auditpol.exe /get /subcategory:\""Sensitive Privilege Use\""""},{""@Name"":""CurrentDirectory"",""#text"":""C:\\Program Files (x86)\\ossec-agent\\""},{""@Name"":""User"",""#text"":""NT AUTHORITY\\SYSTEM""},{""@Name"":""LogonGuid"",""#text"":""c9182e32-c31a-69ca-e703-000000000000""},{""@Name"":""LogonId"",""#text"":""0x3E7""},{""@Name"":""TerminalSessionId"",""#text"":""0""},{""@Name"":""IntegrityLevel"",""#text"":""System""},{""@Name"":""Hashes"",""#text"":""MD5=9E18ACE78034537344DA6036D4C3C8B1,SHA256=29389619B06E5DE97B3669F6FF92E226CB6DCE2254B07BA6FA88C3B5D3A9799E,IMPHASH=AB0C8C1C188B19D08FAF502671C04930""},{""@Name"":""ParentProcessGuid"",""#text"":""c9182e32-fc24-69ca-8102-000000000900""},{""@Name"":""ParentProcessId"",""#text"":""5320""},{""@Name"":""ParentImage"",""#text"":""C:\\Program Files (x86)\\ossec-agent\\wazuh-agent.exe""},{""@Name"":""ParentCommandLine"",""#text"":""\""C:\\Program Files (x86)\\ossec-agent\\wazuh-agent.exe\""""},{""@Name"":""ParentUser"",""#text"":""NT AUTHORITY\\SYSTEM""}]}}"
881,881,2026-03-30 22:41:47.9663332,1,Info,Microsoft-Windows-Sysmon,Microsoft-Windows-Sysmon/Operational,2448,4460,DC01.corp.local,18,S-1-5-18,Process creation,NT AUTHORITY\SYSTEM,,"ProcessID: 4372, ProcessGUID: c9182e32-fc2b-69ca-ea02-000000000900",RuleName: -,"MD5=9E18ACE78034537344DA6036D4C3C8B1,SHA256=29389619B06E5DE97B3669F6FF92E226CB6DCE2254B07BA6FA88C3B5D3A9799E,IMPHASH=AB0C8C1C188B19D08FAF502671C04930",ParentProcess: C:\Program Files (x86)\ossec-agent\wazuh-agent.exe,"ParentProcessID: 5320, ParentProcessGUID: c9182e32-fc24-69ca-8102-000000000900","ParentCommandLine: ""C:\Program Files (x86)\ossec-agent\wazuh-agent.exe""","auditpol.exe /get /subcategory:""IPsec Driver""",False,C:\Users\owunc\Desktop\lab_logs\DC_Sysmon_ws.evtx,Classic,0,"{""EventData"":{""Data"":[{""@Name"":""RuleName"",""#text"":""-""},{""@Name"":""UtcTime"",""#text"":""2026-03-30 22:41:47.964""},{""@Name"":""ProcessGuid"",""#text"":""c9182e32-fc2b-69ca-ea02-000000000900""},{""@Name"":""ProcessId"",""#text"":""4372""},{""@Name"":""Image"",""#text"":""C:\\Windows\\SysWOW64\\auditpol.exe""},{""@Name"":""FileVersion"",""#text"":""10.0.20348.1 (WinBuild.160101.0800)""},{""@Name"":""Description"",""#text"":""Audit Policy Program""},{""@Name"":""Product"",""#text"":""Microsoft® Windows® Operating System""},{""@Name"":""Company"",""#text"":""Microsoft Corporation""},{""@Name"":""OriginalFileName"",""#text"":""AUDITPOL.EXE""},{""@Name"":""CommandLine"",""#text"":""auditpol.exe /get /subcategory:\""IPsec Driver\""""},{""@Name"":""CurrentDirectory"",""#text"":""C:\\Program Files (x86)\\ossec-agent\\""},{""@Name"":""User"",""#text"":""NT AUTHORITY\\SYSTEM""},{""@Name"":""LogonGuid"",""#text"":""c9182e32-c31a-69ca-e703-000000000000""},{""@Name"":""LogonId"",""#text"":""0x3E7""},{""@Name"":""TerminalSessionId"",""#text"":""0""},{""@Name"":""IntegrityLevel"",""#text"":""System""},{""@Name"":""Hashes"",""#text"":""MD5=9E18ACE78034537344DA6036D4C3C8B1,SHA256=29389619B06E5DE97B3669F6FF92E226CB6DCE2254B07BA6FA88C3B5D3A9799E,IMPHASH=AB0C8C1C188B19D08FAF502671C04930""},{""@Name"":""ParentProcessGuid"",""#text"":""c9182e32-fc24-69ca-8102-000000000900""},{""@Name"":""ParentProcessId"",""#text"":""5320""},{""@Name"":""ParentImage"",""#text"":""C:\\Program Files (x86)\\ossec-agent\\wazuh-agent.exe""},{""@Name"":""ParentCommandLine"",""#text"":""\""C:\\Program Files (x86)\\ossec-agent\\wazuh-agent.exe\""""},{""@Name"":""ParentUser"",""#text"":""NT AUTHORITY\\SYSTEM""}]}}"
882,882,2026-03-30 22:41:47.9974652,1,Info,Microsoft-Windows-Sysmon,Microsoft-Windows-Sysmon/Operational,2448,4460,DC01.corp.local,18,S-1-5-18,Process creation,NT AUTHORITY\SYSTEM,,"ProcessID: 4984, ProcessGUID: c9182e32-fc2b-69ca-ec02-000000000900",RuleName: -,"MD5=9E18ACE78034537344DA6036D4C3C8B1,SHA256=29389619B06E5DE97B3669F6FF92E226CB6DCE2254B07BA6FA88C3B5D3A9799E,IMPHASH=AB0C8C1C188B19D08FAF502671C04930",ParentProcess: C:\Program Files (x86)\ossec-agent\wazuh-agent.exe,"ParentProcessID: 5320, ParentProcessGUID: c9182e32-fc24-69ca-8102-000000000900","ParentCommandLine: ""C:\Program Files (x86)\ossec-agent\wazuh-agent.exe""","auditpol.exe /get /subcategory:""Other System Events""",False,C:\Users\owunc\Desktop\lab_logs\DC_Sysmon_ws.evtx,Classic,0,"{""EventData"":{""Data"":[{""@Name"":""RuleName"",""#text"":""-""},{""@Name"":""UtcTime"",""#text"":""2026-03-30 22:41:47.996""},{""@Name"":""ProcessGuid"",""#text"":""c9182e32-fc2b-69ca-ec02-000000000900""},{""@Name"":""ProcessId"",""#text"":""4984""},{""@Name"":""Image"",""#text"":""C:\\Windows\\SysWOW64\\auditpol.exe""},{""@Name"":""FileVersion"",""#text"":""10.0.20348.1 (WinBuild.160101.0800)""},{""@Name"":""Description"",""#text"":""Audit Policy Program""},{""@Name"":""Product"",""#text"":""Microsoft® Windows® Operating System""},{""@Name"":""Company"",""#text"":""Microsoft Corporation""},{""@Name"":""OriginalFileName"",""#text"":""AUDITPOL.EXE""},{""@Name"":""CommandLine"",""#text"":""auditpol.exe /get /subcategory:\""Other System Events\""""},{""@Name"":""CurrentDirectory"",""#text"":""C:\\Program Files (x86)\\ossec-agent\\""},{""@Name"":""User"",""#text"":""NT AUTHORITY\\SYSTEM""},{""@Name"":""LogonGuid"",""#text"":""c9182e32-c31a-69ca-e703-000000000000""},{""@Name"":""LogonId"",""#text"":""0x3E7""},{""@Name"":""TerminalSessionId"",""#text"":""0""},{""@Name"":""IntegrityLevel"",""#text"":""System""},{""@Name"":""Hashes"",""#text"":""MD5=9E18ACE78034537344DA6036D4C3C8B1,SHA256=29389619B06E5DE97B3669F6FF92E226CB6DCE2254B07BA6FA88C3B5D3A9799E,IMPHASH=AB0C8C1C188B19D08FAF502671C04930""},{""@Name"":""ParentProcessGuid"",""#text"":""c9182e32-fc24-69ca-8102-000000000900""},{""@Name"":""ParentProcessId"",""#text"":""5320""},{""@Name"":""ParentImage"",""#text"":""C:\\Program Files (x86)\\ossec-agent\\wazuh-agent.exe""},{""@Name"":""ParentCommandLine"",""#text"":""\""C:\\Program Files (x86)\\ossec-agent\\wazuh-agent.exe\""""},{""@Name"":""ParentUser"",""#text"":""NT AUTHORITY\\SYSTEM""}]}}"
883,883,2026-03-30 22:41:48.0251494,1,Info,Microsoft-Windows-Sysmon,Microsoft-Windows-Sysmon/Operational,2448,4460,DC01.corp.local,18,S-1-5-18,Process creation,NT AUTHORITY\SYSTEM,,"ProcessID: 196, ProcessGUID: c9182e32-fc2c-69ca-ee02-000000000900",RuleName: -,"MD5=9E18ACE78034537344DA6036D4C3C8B1,SHA256=29389619B06E5DE97B3669F6FF92E226CB6DCE2254B07BA6FA88C3B5D3A9799E,IMPHASH=AB0C8C1C188B19D08FAF502671C04930",ParentProcess: C:\Program Files (x86)\ossec-agent\wazuh-agent.exe,"ParentProcessID: 5320, ParentProcessGUID: c9182e32-fc24-69ca-8102-000000000900","ParentCommandLine: ""C:\Program Files (x86)\ossec-agent\wazuh-agent.exe""","auditpol.exe /get /subcategory:""Security State Change""",False,C:\Users\owunc\Desktop\lab_logs\DC_Sysmon_ws.evtx,Classic,0,"{""EventData"":{""Data"":[{""@Name"":""RuleName"",""#text"":""-""},{""@Name"":""UtcTime"",""#text"":""2026-03-30 22:41:48.023""},{""@Name"":""ProcessGuid"",""#text"":""c9182e32-fc2c-69ca-ee02-000000000900""},{""@Name"":""ProcessId"",""#text"":""196""},{""@Name"":""Image"",""#text"":""C:\\Windows\\SysWOW64\\auditpol.exe""},{""@Name"":""FileVersion"",""#text"":""10.0.20348.1 (WinBuild.160101.0800)""},{""@Name"":""Description"",""#text"":""Audit Policy Program""},{""@Name"":""Product"",""#text"":""Microsoft® Windows® Operating System""},{""@Name"":""Company"",""#text"":""Microsoft Corporation""},{""@Name"":""OriginalFileName"",""#text"":""AUDITPOL.EXE""},{""@Name"":""CommandLine"",""#text"":""auditpol.exe /get /subcategory:\""Security State Change\""""},{""@Name"":""CurrentDirectory"",""#text"":""C:\\Program Files (x86)\\ossec-agent\\""},{""@Name"":""User"",""#text"":""NT AUTHORITY\\SYSTEM""},{""@Name"":""LogonGuid"",""#text"":""c9182e32-c31a-69ca-e703-000000000000""},{""@Name"":""LogonId"",""#text"":""0x3E7""},{""@Name"":""TerminalSessionId"",""#text"":""0""},{""@Name"":""IntegrityLevel"",""#text"":""System""},{""@Name"":""Hashes"",""#text"":""MD5=9E18ACE78034537344DA6036D4C3C8B1,SHA256=29389619B06E5DE97B3669F6FF92E226CB6DCE2254B07BA6FA88C3B5D3A9799E,IMPHASH=AB0C8C1C188B19D08FAF502671C04930""},{""@Name"":""ParentProcessGuid"",""#text"":""c9182e32-fc24-69ca-8102-000000000900""},{""@Name"":""ParentProcessId"",""#text"":""5320""},{""@Name"":""ParentImage"",""#text"":""C:\\Program Files (x86)\\ossec-agent\\wazuh-agent.exe""},{""@Name"":""ParentCommandLine"",""#text"":""\""C:\\Program Files (x86)\\ossec-agent\\wazuh-agent.exe\""""},{""@Name"":""ParentUser"",""#text"":""NT AUTHORITY\\SYSTEM""}]}}"
884,884,2026-03-30 22:41:48.0536667,1,Info,Microsoft-Windows-Sysmon,Microsoft-Windows-Sysmon/Operational,2448,4460,DC01.corp.local,18,S-1-5-18,Process creation,NT AUTHORITY\SYSTEM,,"ProcessID: 5572, ProcessGUID: c9182e32-fc2c-69ca-f002-000000000900",RuleName: -,"MD5=9E18ACE78034537344DA6036D4C3C8B1,SHA256=29389619B06E5DE97B3669F6FF92E226CB6DCE2254B07BA6FA88C3B5D3A9799E,IMPHASH=AB0C8C1C188B19D08FAF502671C04930",ParentProcess: C:\Program Files (x86)\ossec-agent\wazuh-agent.exe,"ParentProcessID: 5320, ParentProcessGUID: c9182e32-fc24-69ca-8102-000000000900","ParentCommandLine: ""C:\Program Files (x86)\ossec-agent\wazuh-agent.exe""","auditpol.exe /get /subcategory:""Security System Extension""",False,C:\Users\owunc\Desktop\lab_logs\DC_Sysmon_ws.evtx,Classic,0,"{""EventData"":{""Data"":[{""@Name"":""RuleName"",""#text"":""-""},{""@Name"":""UtcTime"",""#text"":""2026-03-30 22:41:48.052""},{""@Name"":""ProcessGuid"",""#text"":""c9182e32-fc2c-69ca-f002-000000000900""},{""@Name"":""ProcessId"",""#text"":""5572""},{""@Name"":""Image"",""#text"":""C:\\Windows\\SysWOW64\\auditpol.exe""},{""@Name"":""FileVersion"",""#text"":""10.0.20348.1 (WinBuild.160101.0800)""},{""@Name"":""Description"",""#text"":""Audit Policy Program""},{""@Name"":""Product"",""#text"":""Microsoft® Windows® Operating System""},{""@Name"":""Company"",""#text"":""Microsoft Corporation""},{""@Name"":""OriginalFileName"",""#text"":""AUDITPOL.EXE""},{""@Name"":""CommandLine"",""#text"":""auditpol.exe /get /subcategory:\""Security System Extension\""""},{""@Name"":""CurrentDirectory"",""#text"":""C:\\Program Files (x86)\\ossec-agent\\""},{""@Name"":""User"",""#text"":""NT AUTHORITY\\SYSTEM""},{""@Name"":""LogonGuid"",""#text"":""c9182e32-c31a-69ca-e703-000000000000""},{""@Name"":""LogonId"",""#text"":""0x3E7""},{""@Name"":""TerminalSessionId"",""#text"":""0""},{""@Name"":""IntegrityLevel"",""#text"":""System""},{""@Name"":""Hashes"",""#text"":""MD5=9E18ACE78034537344DA6036D4C3C8B1,SHA256=29389619B06E5DE97B3669F6FF92E226CB6DCE2254B07BA6FA88C3B5D3A9799E,IMPHASH=AB0C8C1C188B19D08FAF502671C04930""},{""@Name"":""ParentProcessGuid"",""#text"":""c9182e32-fc24-69ca-8102-000000000900""},{""@Name"":""ParentProcessId"",""#text"":""5320""},{""@Name"":""ParentImage"",""#text"":""C:\\Program Files (x86)\\ossec-agent\\wazuh-agent.exe""},{""@Name"":""ParentCommandLine"",""#text"":""\""C:\\Program Files (x86)\\ossec-agent\\wazuh-agent.exe\""""},{""@Name"":""ParentUser"",""#text"":""NT AUTHORITY\\SYSTEM""}]}}"
885,885,2026-03-30 22:41:48.0807040,1,Info,Microsoft-Windows-Sysmon,Microsoft-Windows-Sysmon/Operational,2448,4460,DC01.corp.local,18,S-1-5-18,Process creation,NT AUTHORITY\SYSTEM,,"ProcessID: 5036, ProcessGUID: c9182e32-fc2c-69ca-f202-000000000900",RuleName: -,"MD5=9E18ACE78034537344DA6036D4C3C8B1,SHA256=29389619B06E5DE97B3669F6FF92E226CB6DCE2254B07BA6FA88C3B5D3A9799E,IMPHASH=AB0C8C1C188B19D08FAF502671C04930",ParentProcess: C:\Program Files (x86)\ossec-agent\wazuh-agent.exe,"ParentProcessID: 5320, ParentProcessGUID: c9182e32-fc24-69ca-8102-000000000900","ParentCommandLine: ""C:\Program Files (x86)\ossec-agent\wazuh-agent.exe""","auditpol.exe /get /subcategory:""System Integrity""",False,C:\Users\owunc\Desktop\lab_logs\DC_Sysmon_ws.evtx,Classic,0,"{""EventData"":{""Data"":[{""@Name"":""RuleName"",""#text"":""-""},{""@Name"":""UtcTime"",""#text"":""2026-03-30 22:41:48.079""},{""@Name"":""ProcessGuid"",""#text"":""c9182e32-fc2c-69ca-f202-000000000900""},{""@Name"":""ProcessId"",""#text"":""5036""},{""@Name"":""Image"",""#text"":""C:\\Windows\\SysWOW64\\auditpol.exe""},{""@Name"":""FileVersion"",""#text"":""10.0.20348.1 (WinBuild.160101.0800)""},{""@Name"":""Description"",""#text"":""Audit Policy Program""},{""@Name"":""Product"",""#text"":""Microsoft® Windows® Operating System""},{""@Name"":""Company"",""#text"":""Microsoft Corporation""},{""@Name"":""OriginalFileName"",""#text"":""AUDITPOL.EXE""},{""@Name"":""CommandLine"",""#text"":""auditpol.exe /get /subcategory:\""System Integrity\""""},{""@Name"":""CurrentDirectory"",""#text"":""C:\\Program Files (x86)\\ossec-agent\\""},{""@Name"":""User"",""#text"":""NT AUTHORITY\\SYSTEM""},{""@Name"":""LogonGuid"",""#text"":""c9182e32-c31a-69ca-e703-000000000000""},{""@Name"":""LogonId"",""#text"":""0x3E7""},{""@Name"":""TerminalSessionId"",""#text"":""0""},{""@Name"":""IntegrityLevel"",""#text"":""System""},{""@Name"":""Hashes"",""#text"":""MD5=9E18ACE78034537344DA6036D4C3C8B1,SHA256=29389619B06E5DE97B3669F6FF92E226CB6DCE2254B07BA6FA88C3B5D3A9799E,IMPHASH=AB0C8C1C188B19D08FAF502671C04930""},{""@Name"":""ParentProcessGuid"",""#text"":""c9182e32-fc24-69ca-8102-000000000900""},{""@Name"":""ParentProcessId"",""#text"":""5320""},{""@Name"":""ParentImage"",""#text"":""C:\\Program Files (x86)\\ossec-agent\\wazuh-agent.exe""},{""@Name"":""ParentCommandLine"",""#text"":""\""C:\\Program Files (x86)\\ossec-agent\\wazuh-agent.exe\""""},{""@Name"":""ParentUser"",""#text"":""NT AUTHORITY\\SYSTEM""}]}}"
886,886,2026-03-30 22:42:12.4631827,1,Info,Microsoft-Windows-Sysmon,Microsoft-Windows-Sysmon/Operational,2448,4460,DC01.corp.local,18,S-1-5-18,Process creation,CORP\Administrator,,"ProcessID: 6708, ProcessGUID: c9182e32-fc44-69ca-f402-000000000900",RuleName: -,"MD5=9986963209C349C0E5C794E19D667508,SHA256=21EA864E6609236EFFD528514442BF3CF764C1958EC112B13255E7B6DAB74EC7,IMPHASH=FA2CFAB845A1096FB0F05EE99677BDD0",ParentProcess: C:\Windows\System32\WindowsPowerShell\v1.0\powershell.exe,"ParentProcessID: 4788, ParentProcessGUID: c9182e32-f3cb-69ca-db01-000000000900",ParentCommandLine: powershell  -ep bypass,"""C:\Windows\system32\auditpol.exe"" /get ""/subcategory:Kerberos Authentication Service""",False,C:\Users\owunc\Desktop\lab_logs\DC_Sysmon_ws.evtx,Classic,0,"{""EventData"":{""Data"":[{""@Name"":""RuleName"",""#text"":""-""},{""@Name"":""UtcTime"",""#text"":""2026-03-30 22:42:12.459""},{""@Name"":""ProcessGuid"",""#text"":""c9182e32-fc44-69ca-f402-000000000900""},{""@Name"":""ProcessId"",""#text"":""6708""},{""@Name"":""Image"",""#text"":""C:\\Windows\\System32\\auditpol.exe""},{""@Name"":""FileVersion"",""#text"":""10.0.20348.1 (WinBuild.160101.0800)""},{""@Name"":""Description"",""#text"":""Audit Policy Program""},{""@Name"":""Product"",""#text"":""Microsoft® Windows® Operating System""},{""@Name"":""Company"",""#text"":""Microsoft Corporation""},{""@Name"":""OriginalFileName"",""#text"":""AUDITPOL.EXE""},{""@Name"":""CommandLine"",""#text"":""\""C:\\Windows\\system32\\auditpol.exe\"" /get \""/subcategory:Kerberos Authentication Service\""""},{""@Name"":""CurrentDirectory"",""#text"":""C:\\Users\\Administrator\\""},{""@Name"":""User"",""#text"":""CORP\\Administrator""},{""@Name"":""LogonGuid"",""#text"":""c9182e32-e839-69ca-bb8f-310000000000""},{""@Name"":""LogonId"",""#text"":""0x318FBB""},{""@Name"":""TerminalSessionId"",""#text"":""1""},{""@Name"":""IntegrityLevel"",""#text"":""High""},{""@Name"":""Hashes"",""#text"":""MD5=9986963209C349C0E5C794E19D667508,SHA256=21EA864E6609236EFFD528514442BF3CF764C1958EC112B13255E7B6DAB74EC7,IMPHASH=FA2CFAB845A1096FB0F05EE99677BDD0""},{""@Name"":""ParentProcessGuid"",""#text"":""c9182e32-f3cb-69ca-db01-000000000900""},{""@Name"":""ParentProcessId"",""#text"":""4788""},{""@Name"":""ParentImage"",""#text"":""C:\\Windows\\System32\\WindowsPowerShell\\v1.0\\powershell.exe""},{""@Name"":""ParentCommandLine"",""#text"":""powershell  -ep bypass""},{""@Name"":""ParentUser"",""#text"":""CORP\\Administrator""}]}}"
887,887,2026-03-30 22:42:12.4759285,1,Info,Microsoft-Windows-Sysmon,Microsoft-Windows-Sysmon/Operational,2448,4460,DC01.corp.local,18,S-1-5-18,Process creation,CORP\Administrator,,"ProcessID: 6980, ProcessGUID: c9182e32-fc44-69ca-f502-000000000900",RuleName: -,"MD5=9986963209C349C0E5C794E19D667508,SHA256=21EA864E6609236EFFD528514442BF3CF764C1958EC112B13255E7B6DAB74EC7,IMPHASH=FA2CFAB845A1096FB0F05EE99677BDD0",ParentProcess: C:\Windows\System32\WindowsPowerShell\v1.0\powershell.exe,"ParentProcessID: 4788, ParentProcessGUID: c9182e32-f3cb-69ca-db01-000000000900",ParentCommandLine: powershell  -ep bypass,"""C:\Windows\system32\auditpol.exe"" /get ""/subcategory:Kerberos Service Ticket Operations""",False,C:\Users\owunc\Desktop\lab_logs\DC_Sysmon_ws.evtx,Classic,0,"{""EventData"":{""Data"":[{""@Name"":""RuleName"",""#text"":""-""},{""@Name"":""UtcTime"",""#text"":""2026-03-30 22:42:12.474""},{""@Name"":""ProcessGuid"",""#text"":""c9182e32-fc44-69ca-f502-000000000900""},{""@Name"":""ProcessId"",""#text"":""6980""},{""@Name"":""Image"",""#text"":""C:\\Windows\\System32\\auditpol.exe""},{""@Name"":""FileVersion"",""#text"":""10.0.20348.1 (WinBuild.160101.0800)""},{""@Name"":""Description"",""#text"":""Audit Policy Program""},{""@Name"":""Product"",""#text"":""Microsoft® Windows® Operating System""},{""@Name"":""Company"",""#text"":""Microsoft Corporation""},{""@Name"":""OriginalFileName"",""#text"":""AUDITPOL.EXE""},{""@Name"":""CommandLine"",""#text"":""\""C:\\Windows\\system32\\auditpol.exe\"" /get \""/subcategory:Kerberos Service Ticket Operations\""""},{""@Name"":""CurrentDirectory"",""#text"":""C:\\Users\\Administrator\\""},{""@Name"":""User"",""#text"":""CORP\\Administrator""},{""@Name"":""LogonGuid"",""#text"":""c9182e32-e839-69ca-bb8f-310000000000""},{""@Name"":""LogonId"",""#text"":""0x318FBB""},{""@Name"":""TerminalSessionId"",""#text"":""1""},{""@Name"":""IntegrityLevel"",""#text"":""High""},{""@Name"":""Hashes"",""#text"":""MD5=9986963209C349C0E5C794E19D667508,SHA256=21EA864E6609236EFFD528514442BF3CF764C1958EC112B13255E7B6DAB74EC7,IMPHASH=FA2CFAB845A1096FB0F05EE99677BDD0""},{""@Name"":""ParentProcessGuid"",""#text"":""c9182e32-f3cb-69ca-db01-000000000900""},{""@Name"":""ParentProcessId"",""#text"":""4788""},{""@Name"":""ParentImage"",""#text"":""C:\\Windows\\System32\\WindowsPowerShell\\v1.0\\powershell.exe""},{""@Name"":""ParentCommandLine"",""#text"":""powershell  -ep bypass""},{""@Name"":""ParentUser"",""#text"":""CORP\\Administrator""}]}}"
888,888,2026-03-30 22:45:18.8629906,1,Info,Microsoft-Windows-Sysmon,Microsoft-Windows-Sysmon/Operational,2448,4460,DC01.corp.local,18,S-1-5-18,Process creation,NT AUTHORITY\SYSTEM,,"ProcessID: 4016, ProcessGUID: c9182e32-fcfe-69ca-f602-000000000900",RuleName: -,"MD5=6CD47CA4515B2F81B5CA1E6CA9A323CC,SHA256=CABE8FF476F814DF398735AD3AD993884AD100C9AA4C153B4BACB7EF9FB555F9,IMPHASH=0EF1A1FBF5FA5B3737A8D19C60F416A9",ParentProcess: C:\Windows\System32\winlogon.exe,"ParentProcessID: 668, ParentProcessGUID: c9182e32-c31a-69ca-0a00-000000000900",ParentCommandLine: winlogon.exe,"""LogonUI.exe"" /flags:0x4 /state0:0xa3f48055 /state1:0x41c64e6d",False,C:\Users\owunc\Desktop\lab_logs\DC_Sysmon_ws.evtx,Classic,0,"{""EventData"":{""Data"":[{""@Name"":""RuleName"",""#text"":""-""},{""@Name"":""UtcTime"",""#text"":""2026-03-30 22:45:18.861""},{""@Name"":""ProcessGuid"",""#text"":""c9182e32-fcfe-69ca-f602-000000000900""},{""@Name"":""ProcessId"",""#text"":""4016""},{""@Name"":""Image"",""#text"":""C:\\Windows\\System32\\LogonUI.exe""},{""@Name"":""FileVersion"",""#text"":""10.0.20348.1 (WinBuild.160101.0800)""},{""@Name"":""Description"",""#text"":""Windows Logon User Interface Host""},{""@Name"":""Product"",""#text"":""Microsoft® Windows® Operating System""},{""@Name"":""Company"",""#text"":""Microsoft Corporation""},{""@Name"":""OriginalFileName"",""#text"":""logonui.exe""},{""@Name"":""CommandLine"",""#text"":""\""LogonUI.exe\"" /flags:0x4 /state0:0xa3f48055 /state1:0x41c64e6d""},{""@Name"":""CurrentDirectory"",""#text"":""C:\\Windows\\system32\\""},{""@Name"":""User"",""#text"":""NT AUTHORITY\\SYSTEM""},{""@Name"":""LogonGuid"",""#text"":""c9182e32-c31a-69ca-e703-000000000000""},{""@Name"":""LogonId"",""#text"":""0x3E7""},{""@Name"":""TerminalSessionId"",""#text"":""1""},{""@Name"":""IntegrityLevel"",""#text"":""System""},{""@Name"":""Hashes"",""#text"":""MD5=6CD47CA4515B2F81B5CA1E6CA9A323CC,SHA256=CABE8FF476F814DF398735AD3AD993884AD100C9AA4C153B4BACB7EF9FB555F9,IMPHASH=0EF1A1FBF5FA5B3737A8D19C60F416A9""},{""@Name"":""ParentProcessGuid"",""#text"":""c9182e32-c31a-69ca-0a00-000000000900""},{""@Name"":""ParentProcessId"",""#text"":""668""},{""@Name"":""ParentImage"",""#text"":""C:\\Windows\\System32\\winlogon.exe""},{""@Name"":""ParentCommandLine"",""#text"":""winlogon.exe""},{""@Name"":""ParentUser"",""#text"":""NT AUTHORITY\\SYSTEM""}]}}"
889,889,2026-03-30 22:45:21.7456721,22,Info,Microsoft-Windows-Sysmon,Microsoft-Windows-Sysmon/Operational,2448,4476,DC01.corp.local,18,S-1-5-18,DNSEvent (DNS query),NT AUTHORITY\SYSTEM,,"ProcessID: 2964, ProcessGUID: c9182e32-c326-69ca-3a00-000000000900",RuleName: -,Image: C:\Windows\System32\ismserv.exe,QueryName: DC01.corp.local,QueryStatus: 0,QueryResults: fe80::edbf:7020:ccdd:502e;::ffff:192.168.93.50;,,False,C:\Users\owunc\Desktop\lab_logs\DC_Sysmon_ws.evtx,Classic,0,"{""EventData"":{""Data"":[{""@Name"":""RuleName"",""#text"":""-""},{""@Name"":""UtcTime"",""#text"":""2026-03-30 22:45:20.731""},{""@Name"":""ProcessGuid"",""#text"":""c9182e32-c326-69ca-3a00-000000000900""},{""@Name"":""ProcessId"",""#text"":""2964""},{""@Name"":""QueryName"",""#text"":""DC01.corp.local""},{""@Name"":""QueryStatus"",""#text"":""0""},{""@Name"":""QueryResults"",""#text"":""fe80::edbf:7020:ccdd:502e;::ffff:192.168.93.50;""},{""@Name"":""Image"",""#text"":""C:\\Windows\\System32\\ismserv.exe""},{""@Name"":""User"",""#text"":""NT AUTHORITY\\SYSTEM""}]}}"
890,890,2026-03-30 22:45:22.7610661,22,Info,Microsoft-Windows-Sysmon,Microsoft-Windows-Sysmon/Operational,2448,4476,DC01.corp.local,18,S-1-5-18,DNSEvent (DNS query),NT AUTHORITY\NETWORK SERVICE,,"ProcessID: 1484, ProcessGUID: c9182e32-c31d-69ca-1e00-000000000900",RuleName: -,Image: C:\Windows\System32\svchost.exe,QueryName: DC01.corp.local,QueryStatus: 0,QueryResults: fe80::edbf:7020:ccdd:502e;::ffff:192.168.93.50;,,False,C:\Users\owunc\Desktop\lab_logs\DC_Sysmon_ws.evtx,Classic,0,"{""EventData"":{""Data"":[{""@Name"":""RuleName"",""#text"":""-""},{""@Name"":""UtcTime"",""#text"":""2026-03-30 22:45:20.814""},{""@Name"":""ProcessGuid"",""#text"":""c9182e32-c31d-69ca-1e00-000000000900""},{""@Name"":""ProcessId"",""#text"":""1484""},{""@Name"":""QueryName"",""#text"":""DC01.corp.local""},{""@Name"":""QueryStatus"",""#text"":""0""},{""@Name"":""QueryResults"",""#text"":""fe80::edbf:7020:ccdd:502e;::ffff:192.168.93.50;""},{""@Name"":""Image"",""#text"":""C:\\Windows\\System32\\svchost.exe""},{""@Name"":""User"",""#text"":""NT AUTHORITY\\NETWORK SERVICE""}]}}"
891,891,2026-03-30 22:45:25.9206173,255,Error,Microsoft-Windows-Sysmon,Microsoft-Windows-Sysmon/Operational,2448,4440,DC01.corp.local,18,S-1-5-18,,,,,,,,,,,False,C:\Users\owunc\Desktop\lab_logs\DC_Sysmon_ws.evtx,Classic,0,"{""EventData"":{""Data"":[{""@Name"":""UtcTime"",""#text"":""2026-03-30 22:45:25.917""},{""@Name"":""ID"",""#text"":""GetConfigurationOptions""},{""@Name"":""Description"",""#text"":""Failed to open service configuration with error 92 - Last error: The media is write protected., ""}]}}"
892,892,2026-03-30 22:45:25.9206215,255,Error,Microsoft-Windows-Sysmon,Microsoft-Windows-Sysmon/Operational,2448,4440,DC01.corp.local,18,S-1-5-18,,,,,,,,,,,False,C:\Users\owunc\Desktop\lab_logs\DC_Sysmon_ws.evtx,Classic,0,"{""EventData"":{""Data"":[{""@Name"":""UtcTime"",""#text"":""2026-03-30 22:45:25.917""},{""@Name"":""ID"",""#text"":""GetConfigurationOptions""},{""@Name"":""Description"",""#text"":""Failed to open service configuration with error 92 - Last error: The media is write protected., ""}]}}"
893,893,2026-03-30 22:45:51.0769799,4,Info,Microsoft-Windows-Sysmon,Microsoft-Windows-Sysmon/Operational,2400,4356,DC01.corp.local,18,S-1-5-18,Sysmon service state changed,,,Sysmon Version 15.20,Status: Started,Timestamp: 2026-03-30 22:45:51.074,,,,,False,C:\Users\owunc\Desktop\lab_logs\DC_Sysmon_ws.evtx,Classic,0,"{""EventData"":{""Data"":[{""@Name"":""UtcTime"",""#text"":""2026-03-30 22:45:51.074""},{""@Name"":""State"",""#text"":""Started""},{""@Name"":""Version"",""#text"":""15.20""},{""@Name"":""SchemaVersion"",""#text"":""4.91""}]}}"
894,894,2026-03-30 22:45:51.0912306,13,Info,Microsoft-Windows-Sysmon,Microsoft-Windows-Sysmon/Operational,2400,4356,DC01.corp.local,18,S-1-5-18,RegistryEvent (Value Set),NT AUTHORITY\SYSTEM,,"ProcessID: 4, ProcessGUID: c9182e32-fd10-69ca-eb03-000000000000","RuleName: Context,DeviceConnectedOrUpdated",Image: System,EventType: SetValue,TargetObject: HKLM\System\CurrentControlSet\Control\DeviceClasses\{0a4252a0-7e70-11d0-a5d6-28db04c10000}\##?#ROOT#SYSTEM#0000#{0a4252a0-7e70-11d0-a5d6-28db04c10000}\#{cfd669f1-9bc2-11d0-8299-0000f822fe8a}&amp;{0A4252A0-7E70-11D0-A5D6-28DB04C10000}\Device Parameters\FriendlyName,Details: Tee/Sink-to-Sink Converter,,False,C:\Users\owunc\Desktop\lab_logs\DC_Sysmon_ws.evtx,Classic,0,"{""EventData"":{""Data"":[{""@Name"":""RuleName"",""#text"":""Context,DeviceConnectedOrUpdated""},{""@Name"":""EventType"",""#text"":""SetValue""},{""@Name"":""UtcTime"",""#text"":""2026-03-30 22:45:37.723""},{""@Name"":""ProcessGuid"",""#text"":""c9182e32-fd10-69ca-eb03-000000000000""},{""@Name"":""ProcessId"",""#text"":""4""},{""@Name"":""Image"",""#text"":""System""},{""@Name"":""TargetObject"",""#text"":""HKLM\\System\\CurrentControlSet\\Control\\DeviceClasses\\{0a4252a0-7e70-11d0-a5d6-28db04c10000}\\##?#ROOT#SYSTEM#0000#{0a4252a0-7e70-11d0-a5d6-28db04c10000}\\#{cfd669f1-9bc2-11d0-8299-0000f822fe8a}&amp;{0A4252A0-7E70-11D0-A5D6-28DB04C10000}\\Device Parameters\\FriendlyName""},{""@Name"":""Details"",""#text"":""Tee/Sink-to-Sink Converter""},{""@Name"":""User"",""#text"":""NT AUTHORITY\\SYSTEM""}]}}"
895,895,2026-03-30 22:45:51.0913597,13,Info,Microsoft-Windows-Sysmon,Microsoft-Windows-Sysmon/Operational,2400,4356,DC01.corp.local,18,S-1-5-18,RegistryEvent (Value Set),NT AUTHORITY\SYSTEM,,"ProcessID: 4, ProcessGUID: c9182e32-fd10-69ca-eb03-000000000000","RuleName: Context,DeviceConnectedOrUpdated",Image: System,EventType: SetValue,TargetObject: HKLM\System\CurrentControlSet\Control\DeviceClasses\{cf1dda2c-9743-11d0-a3ee-00a0c9223196}\##?#ROOT#SYSTEM#0000#{cf1dda2c-9743-11d0-a3ee-00a0c9223196}\#{cfd669f1-9bc2-11d0-8299-0000f822fe8a}&amp;{CF1DDA2C-9743-11D0-A3EE-00A0C9223196}\Device Parameters\FriendlyName,Details: Tee/Sink-to-Sink Converter,,False,C:\Users\owunc\Desktop\lab_logs\DC_Sysmon_ws.evtx,Classic,0,"{""EventData"":{""Data"":[{""@Name"":""RuleName"",""#text"":""Context,DeviceConnectedOrUpdated""},{""@Name"":""EventType"",""#text"":""SetValue""},{""@Name"":""UtcTime"",""#text"":""2026-03-30 22:45:37.723""},{""@Name"":""ProcessGuid"",""#text"":""c9182e32-fd10-69ca-eb03-000000000000""},{""@Name"":""ProcessId"",""#text"":""4""},{""@Name"":""Image"",""#text"":""System""},{""@Name"":""TargetObject"",""#text"":""HKLM\\System\\CurrentControlSet\\Control\\DeviceClasses\\{cf1dda2c-9743-11d0-a3ee-00a0c9223196}\\##?#ROOT#SYSTEM#0000#{cf1dda2c-9743-11d0-a3ee-00a0c9223196}\\#{cfd669f1-9bc2-11d0-8299-0000f822fe8a}&amp;{CF1DDA2C-9743-11D0-A3EE-00A0C9223196}\\Device Parameters\\FriendlyName""},{""@Name"":""Details"",""#text"":""Tee/Sink-to-Sink Converter""},{""@Name"":""User"",""#text"":""NT AUTHORITY\\SYSTEM""}]}}"
896,896,2026-03-30 22:45:51.0915384,13,Info,Microsoft-Windows-Sysmon,Microsoft-Windows-Sysmon/Operational,2400,4356,DC01.corp.local,18,S-1-5-18,RegistryEvent (Value Set),NT AUTHORITY\SYSTEM,,"ProcessID: 4, ProcessGUID: c9182e32-fd10-69ca-eb03-000000000000","RuleName: Context,DeviceConnectedOrUpdated",Image: System,EventType: SetValue,TargetObject: HKLM\System\CurrentControlSet\Control\DeviceClasses\{ffbb6e3f-ccfe-4d84-90d9-421418b03a8e}\##?#ROOT#SYSTEM#0000#{ffbb6e3f-ccfe-4d84-90d9-421418b03a8e}\#{EEC12DB6-AD9C-4168-8658-B03DAEF417FE}&amp;{ABD61E00-9350-47e2-A632-4438B90C6641}\Device Parameters\FriendlyName,Details: Microsoft Trusted Audio Drivers,,False,C:\Users\owunc\Desktop\lab_logs\DC_Sysmon_ws.evtx,Classic,0,"{""EventData"":{""Data"":[{""@Name"":""RuleName"",""#text"":""Context,DeviceConnectedOrUpdated""},{""@Name"":""EventType"",""#text"":""SetValue""},{""@Name"":""UtcTime"",""#text"":""2026-03-30 22:45:37.723""},{""@Name"":""ProcessGuid"",""#text"":""c9182e32-fd10-69ca-eb03-000000000000""},{""@Name"":""ProcessId"",""#text"":""4""},{""@Name"":""Image"",""#text"":""System""},{""@Name"":""TargetObject"",""#text"":""HKLM\\System\\CurrentControlSet\\Control\\DeviceClasses\\{ffbb6e3f-ccfe-4d84-90d9-421418b03a8e}\\##?#ROOT#SYSTEM#0000#{ffbb6e3f-ccfe-4d84-90d9-421418b03a8e}\\#{EEC12DB6-AD9C-4168-8658-B03DAEF417FE}&amp;{ABD61E00-9350-47e2-A632-4438B90C6641}\\Device Parameters\\FriendlyName""},{""@Name"":""Details"",""#text"":""Microsoft Trusted Audio Drivers""},{""@Name"":""User"",""#text"":""NT AUTHORITY\\SYSTEM""}]}}"
897,897,2026-03-30 22:45:51.1150840,13,Info,Microsoft-Windows-Sysmon,Microsoft-Windows-Sysmon/Operational,2400,4356,DC01.corp.local,18,S-1-5-18,RegistryEvent (Value Set),NT AUTHORITY\SYSTEM,,"ProcessID: 4, ProcessGUID: c9182e32-fd10-69ca-eb03-000000000000","RuleName: Context,DeviceConnectedOrUpdated",Image: System,EventType: SetValue,TargetObject: HKLM\System\CurrentControlSet\Control\DeviceClasses\{6994ad04-93ef-11d0-a3cc-00a0c9223196}\##?#HDAUDIO#FUNC_01&amp;VEN_15AD&amp;DEV_1975&amp;SUBSYS_15AD1975&amp;REV_1001#5&amp;217be3d6&amp;0&amp;0001#{6994ad04-93ef-11d0-a3cc-00a0c9223196}\#eLineOutTopo\Device Parameters\FriendlyName,Details: HD Audio Speaker mixer,,False,C:\Users\owunc\Desktop\lab_logs\DC_Sysmon_ws.evtx,Classic,0,"{""EventData"":{""Data"":[{""@Name"":""RuleName"",""#text"":""Context,DeviceConnectedOrUpdated""},{""@Name"":""EventType"",""#text"":""SetValue""},{""@Name"":""UtcTime"",""#text"":""2026-03-30 22:45:37.929""},{""@Name"":""ProcessGuid"",""#text"":""c9182e32-fd10-69ca-eb03-000000000000""},{""@Name"":""ProcessId"",""#text"":""4""},{""@Name"":""Image"",""#text"":""System""},{""@Name"":""TargetObject"",""#text"":""HKLM\\System\\CurrentControlSet\\Control\\DeviceClasses\\{6994ad04-93ef-11d0-a3cc-00a0c9223196}\\##?#HDAUDIO#FUNC_01&amp;VEN_15AD&amp;DEV_1975&amp;SUBSYS_15AD1975&amp;REV_1001#5&amp;217be3d6&amp;0&amp;0001#{6994ad04-93ef-11d0-a3cc-00a0c9223196}\\#eLineOutTopo\\Device Parameters\\FriendlyName""},{""@Name"":""Details"",""#text"":""HD Audio Speaker mixer""},{""@Name"":""User"",""#text"":""NT AUTHORITY\\SYSTEM""}]}}"
898,898,2026-03-30 22:45:51.1174025,13,Info,Microsoft-Windows-Sysmon,Microsoft-Windows-Sysmon/Operational,2400,4356,DC01.corp.local,18,S-1-5-18,RegistryEvent (Value Set),NT AUTHORITY\SYSTEM,,"ProcessID: 4, ProcessGUID: c9182e32-fd10-69ca-eb03-000000000000","RuleName: Context,DeviceConnectedOrUpdated",Image: System,EventType: SetValue,TargetObject: HKLM\System\CurrentControlSet\Control\DeviceClasses\{dda54a40-1e4c-11d1-a050-405705c10000}\##?#HDAUDIO#FUNC_01&amp;VEN_15AD&amp;DEV_1975&amp;SUBSYS_15AD1975&amp;REV_1001#5&amp;217be3d6&amp;0&amp;0001#{dda54a40-1e4c-11d1-a050-405705c10000}\#eLineOutTopo\Device Parameters\FriendlyName,Details: HD Audio Speaker mixer,,False,C:\Users\owunc\Desktop\lab_logs\DC_Sysmon_ws.evtx,Classic,0,"{""EventData"":{""Data"":[{""@Name"":""RuleName"",""#text"":""Context,DeviceConnectedOrUpdated""},{""@Name"":""EventType"",""#text"":""SetValue""},{""@Name"":""UtcTime"",""#text"":""2026-03-30 22:45:37.929""},{""@Name"":""ProcessGuid"",""#text"":""c9182e32-fd10-69ca-eb03-000000000000""},{""@Name"":""ProcessId"",""#text"":""4""},{""@Name"":""Image"",""#text"":""System""},{""@Name"":""TargetObject"",""#text"":""HKLM\\System\\CurrentControlSet\\Control\\DeviceClasses\\{dda54a40-1e4c-11d1-a050-405705c10000}\\##?#HDAUDIO#FUNC_01&amp;VEN_15AD&amp;DEV_1975&amp;SUBSYS_15AD1975&amp;REV_1001#5&amp;217be3d6&amp;0&amp;0001#{dda54a40-1e4c-11d1-a050-405705c10000}\\#eLineOutTopo\\Device Parameters\\FriendlyName""},{""@Name"":""Details"",""#text"":""HD Audio Speaker mixer""},{""@Name"":""User"",""#text"":""NT AUTHORITY\\SYSTEM""}]}}"
899,899,2026-03-30 22:45:51.1185808,13,Info,Microsoft-Windows-Sysmon,Microsoft-Windows-Sysmon/Operational,2400,4356,DC01.corp.local,18,S-1-5-18,RegistryEvent (Value Set),NT AUTHORITY\SYSTEM,,"ProcessID: 4, ProcessGUID: c9182e32-fd10-69ca-eb03-000000000000","RuleName: Context,DeviceConnectedOrUpdated",Image: System,EventType: SetValue,TargetObject: HKLM\System\CurrentControlSet\Control\DeviceClasses\{6994ad04-93ef-11d0-a3cc-00a0c9223196}\##?#HDAUDIO#FUNC_01&amp;VEN_15AD&amp;DEV_1975&amp;SUBSYS_15AD1975&amp;REV_1001#5&amp;217be3d6&amp;0&amp;0001#{6994ad04-93ef-11d0-a3cc-00a0c9223196}\#eMicInTopo\Device Parameters\FriendlyName,Details: HD Audio Microphone mixer,,False,C:\Users\owunc\Desktop\lab_logs\DC_Sysmon_ws.evtx,Classic,0,"{""EventData"":{""Data"":[{""@Name"":""RuleName"",""#text"":""Context,DeviceConnectedOrUpdated""},{""@Name"":""EventType"",""#text"":""SetValue""},{""@Name"":""UtcTime"",""#text"":""2026-03-30 22:45:37.929""},{""@Name"":""ProcessGuid"",""#text"":""c9182e32-fd10-69ca-eb03-000000000000""},{""@Name"":""ProcessId"",""#text"":""4""},{""@Name"":""Image"",""#text"":""System""},{""@Name"":""TargetObject"",""#text"":""HKLM\\System\\CurrentControlSet\\Control\\DeviceClasses\\{6994ad04-93ef-11d0-a3cc-00a0c9223196}\\##?#HDAUDIO#FUNC_01&amp;VEN_15AD&amp;DEV_1975&amp;SUBSYS_15AD1975&amp;REV_1001#5&amp;217be3d6&amp;0&amp;0001#{6994ad04-93ef-11d0-a3cc-00a0c9223196}\\#eMicInTopo\\Device Parameters\\FriendlyName""},{""@Name"":""Details"",""#text"":""HD Audio Microphone mixer""},{""@Name"":""User"",""#text"":""NT AUTHORITY\\SYSTEM""}]}}"
900,900,2026-03-30 22:45:51.1190602,13,Info,Microsoft-Windows-Sysmon,Microsoft-Windows-Sysmon/Operational,2400,4356,DC01.corp.local,18,S-1-5-18,RegistryEvent (Value Set),NT AUTHORITY\SYSTEM,,"ProcessID: 4, ProcessGUID: c9182e32-fd10-69ca-eb03-000000000000","RuleName: Context,DeviceConnectedOrUpdated",Image: System,EventType: SetValue,TargetObject: HKLM\System\CurrentControlSet\Control\DeviceClasses\{dda54a40-1e4c-11d1-a050-405705c10000}\##?#HDAUDIO#FUNC_01&amp;VEN_15AD&amp;DEV_1975&amp;SUBSYS_15AD1975&amp;REV_1001#5&amp;217be3d6&amp;0&amp;0001#{dda54a40-1e4c-11d1-a050-405705c10000}\#eMicInTopo\Device Parameters\FriendlyName,Details: HD Audio Microphone mixer,,False,C:\Users\owunc\Desktop\lab_logs\DC_Sysmon_ws.evtx,Classic,0,"{""EventData"":{""Data"":[{""@Name"":""RuleName"",""#text"":""Context,DeviceConnectedOrUpdated""},{""@Name"":""EventType"",""#text"":""SetValue""},{""@Name"":""UtcTime"",""#text"":""2026-03-30 22:45:37.945""},{""@Name"":""ProcessGuid"",""#text"":""c9182e32-fd10-69ca-eb03-000000000000""},{""@Name"":""ProcessId"",""#text"":""4""},{""@Name"":""Image"",""#text"":""System""},{""@Name"":""TargetObject"",""#text"":""HKLM\\System\\CurrentControlSet\\Control\\DeviceClasses\\{dda54a40-1e4c-11d1-a050-405705c10000}\\##?#HDAUDIO#FUNC_01&amp;VEN_15AD&amp;DEV_1975&amp;SUBSYS_15AD1975&amp;REV_1001#5&amp;217be3d6&amp;0&amp;0001#{dda54a40-1e4c-11d1-a050-405705c10000}\\#eMicInTopo\\Device Parameters\\FriendlyName""},{""@Name"":""Details"",""#text"":""HD Audio Microphone mixer""},{""@Name"":""User"",""#text"":""NT AUTHORITY\\SYSTEM""}]}}"
901,901,2026-03-30 22:45:51.1201382,13,Info,Microsoft-Windows-Sysmon,Microsoft-Windows-Sysmon/Operational,2400,4356,DC01.corp.local,18,S-1-5-18,RegistryEvent (Value Set),NT AUTHORITY\SYSTEM,,"ProcessID: 4, ProcessGUID: c9182e32-fd10-69ca-eb03-000000000000","RuleName: Context,DeviceConnectedOrUpdated",Image: System,EventType: SetValue,TargetObject: HKLM\System\CurrentControlSet\Control\DeviceClasses\{6994ad04-93ef-11d0-a3cc-00a0c9223196}\##?#HDAUDIO#FUNC_01&amp;VEN_15AD&amp;DEV_1975&amp;SUBSYS_15AD1975&amp;REV_1001#5&amp;217be3d6&amp;0&amp;0001#{6994ad04-93ef-11d0-a3cc-00a0c9223196}\#eLineOutWave\Device Parameters\FriendlyName,Details: HD Audio Speaker,,False,C:\Users\owunc\Desktop\lab_logs\DC_Sysmon_ws.evtx,Classic,0,"{""EventData"":{""Data"":[{""@Name"":""RuleName"",""#text"":""Context,DeviceConnectedOrUpdated""},{""@Name"":""EventType"",""#text"":""SetValue""},{""@Name"":""UtcTime"",""#text"":""2026-03-30 22:45:37.945""},{""@Name"":""ProcessGuid"",""#text"":""c9182e32-fd10-69ca-eb03-000000000000""},{""@Name"":""ProcessId"",""#text"":""4""},{""@Name"":""Image"",""#text"":""System""},{""@Name"":""TargetObject"",""#text"":""HKLM\\System\\CurrentControlSet\\Control\\DeviceClasses\\{6994ad04-93ef-11d0-a3cc-00a0c9223196}\\##?#HDAUDIO#FUNC_01&amp;VEN_15AD&amp;DEV_1975&amp;SUBSYS_15AD1975&amp;REV_1001#5&amp;217be3d6&amp;0&amp;0001#{6994ad04-93ef-11d0-a3cc-00a0c9223196}\\#eLineOutWave\\Device Parameters\\FriendlyName""},{""@Name"":""Details"",""#text"":""HD Audio Speaker""},{""@Name"":""User"",""#text"":""NT AUTHORITY\\SYSTEM""}]}}"
902,902,2026-03-30 22:45:51.1204369,13,Info,Microsoft-Windows-Sysmon,Microsoft-Windows-Sysmon/Operational,2400,4356,DC01.corp.local,18,S-1-5-18,RegistryEvent (Value Set),NT AUTHORITY\SYSTEM,,"ProcessID: 4, ProcessGUID: c9182e32-fd10-69ca-eb03-000000000000","RuleName: Context,DeviceConnectedOrUpdated",Image: System,EventType: SetValue,TargetObject: HKLM\System\CurrentControlSet\Control\DeviceClasses\{65e8773e-8f56-11d0-a3b9-00a0c9223196}\##?#HDAUDIO#FUNC_01&amp;VEN_15AD&amp;DEV_1975&amp;SUBSYS_15AD1975&amp;REV_1001#5&amp;217be3d6&amp;0&amp;0001#{65e8773e-8f56-11d0-a3b9-00a0c9223196}\#eLineOutWave\Device Parameters\FriendlyName,Details: HD Audio Speaker,,False,C:\Users\owunc\Desktop\lab_logs\DC_Sysmon_ws.evtx,Classic,0,"{""EventData"":{""Data"":[{""@Name"":""RuleName"",""#text"":""Context,DeviceConnectedOrUpdated""},{""@Name"":""EventType"",""#text"":""SetValue""},{""@Name"":""UtcTime"",""#text"":""2026-03-30 22:45:37.945""},{""@Name"":""ProcessGuid"",""#text"":""c9182e32-fd10-69ca-eb03-000000000000""},{""@Name"":""ProcessId"",""#text"":""4""},{""@Name"":""Image"",""#text"":""System""},{""@Name"":""TargetObject"",""#text"":""HKLM\\System\\CurrentControlSet\\Control\\DeviceClasses\\{65e8773e-8f56-11d0-a3b9-00a0c9223196}\\##?#HDAUDIO#FUNC_01&amp;VEN_15AD&amp;DEV_1975&amp;SUBSYS_15AD1975&amp;REV_1001#5&amp;217be3d6&amp;0&amp;0001#{65e8773e-8f56-11d0-a3b9-00a0c9223196}\\#eLineOutWave\\Device Parameters\\FriendlyName""},{""@Name"":""Details"",""#text"":""HD Audio Speaker""},{""@Name"":""User"",""#text"":""NT AUTHORITY\\SYSTEM""}]}}"
903,903,2026-03-30 22:45:51.1205591,13,Info,Microsoft-Windows-Sysmon,Microsoft-Windows-Sysmon/Operational,2400,4356,DC01.corp.local,18,S-1-5-18,RegistryEvent (Value Set),NT AUTHORITY\SYSTEM,,"ProcessID: 4, ProcessGUID: c9182e32-fd10-69ca-eb03-000000000000","RuleName: Context,DeviceConnectedOrUpdated",Image: System,EventType: SetValue,TargetObject: HKLM\System\CurrentControlSet\Control\DeviceClasses\{eb115ffc-10c8-4964-831d-6dcb02e6f23f}\##?#HDAUDIO#FUNC_01&amp;VEN_15AD&amp;DEV_1975&amp;SUBSYS_15AD1975&amp;REV_1001#5&amp;217be3d6&amp;0&amp;0001#{eb115ffc-10c8-4964-831d-6dcb02e6f23f}\#eLineOutWave\Device Parameters\FriendlyName,Details: HD Audio Speaker,,False,C:\Users\owunc\Desktop\lab_logs\DC_Sysmon_ws.evtx,Classic,0,"{""EventData"":{""Data"":[{""@Name"":""RuleName"",""#text"":""Context,DeviceConnectedOrUpdated""},{""@Name"":""EventType"",""#text"":""SetValue""},{""@Name"":""UtcTime"",""#text"":""2026-03-30 22:45:37.945""},{""@Name"":""ProcessGuid"",""#text"":""c9182e32-fd10-69ca-eb03-000000000000""},{""@Name"":""ProcessId"",""#text"":""4""},{""@Name"":""Image"",""#text"":""System""},{""@Name"":""TargetObject"",""#text"":""HKLM\\System\\CurrentControlSet\\Control\\DeviceClasses\\{eb115ffc-10c8-4964-831d-6dcb02e6f23f}\\##?#HDAUDIO#FUNC_01&amp;VEN_15AD&amp;DEV_1975&amp;SUBSYS_15AD1975&amp;REV_1001#5&amp;217be3d6&amp;0&amp;0001#{eb115ffc-10c8-4964-831d-6dcb02e6f23f}\\#eLineOutWave\\Device Parameters\\FriendlyName""},{""@Name"":""Details"",""#text"":""HD Audio Speaker""},{""@Name"":""User"",""#text"":""NT AUTHORITY\\SYSTEM""}]}}"
904,904,2026-03-30 22:45:51.1218664,13,Info,Microsoft-Windows-Sysmon,Microsoft-Windows-Sysmon/Operational,2400,4356,DC01.corp.local,18,S-1-5-18,RegistryEvent (Value Set),NT AUTHORITY\SYSTEM,,"ProcessID: 4, ProcessGUID: c9182e32-fd10-69ca-eb03-000000000000","RuleName: Context,DeviceConnectedOrUpdated",Image: System,EventType: SetValue,TargetObject: HKLM\System\CurrentControlSet\Control\DeviceClasses\{6994ad04-93ef-11d0-a3cc-00a0c9223196}\##?#HDAUDIO#FUNC_01&amp;VEN_15AD&amp;DEV_1975&amp;SUBSYS_15AD1975&amp;REV_1001#5&amp;217be3d6&amp;0&amp;0001#{6994ad04-93ef-11d0-a3cc-00a0c9223196}\#eMicInWave\Device Parameters\FriendlyName,Details: HD Audio Microphone,,False,C:\Users\owunc\Desktop\lab_logs\DC_Sysmon_ws.evtx,Classic,0,"{""EventData"":{""Data"":[{""@Name"":""RuleName"",""#text"":""Context,DeviceConnectedOrUpdated""},{""@Name"":""EventType"",""#text"":""SetValue""},{""@Name"":""UtcTime"",""#text"":""2026-03-30 22:45:37.945""},{""@Name"":""ProcessGuid"",""#text"":""c9182e32-fd10-69ca-eb03-000000000000""},{""@Name"":""ProcessId"",""#text"":""4""},{""@Name"":""Image"",""#text"":""System""},{""@Name"":""TargetObject"",""#text"":""HKLM\\System\\CurrentControlSet\\Control\\DeviceClasses\\{6994ad04-93ef-11d0-a3cc-00a0c9223196}\\##?#HDAUDIO#FUNC_01&amp;VEN_15AD&amp;DEV_1975&amp;SUBSYS_15AD1975&amp;REV_1001#5&amp;217be3d6&amp;0&amp;0001#{6994ad04-93ef-11d0-a3cc-00a0c9223196}\\#eMicInWave\\Device Parameters\\FriendlyName""},{""@Name"":""Details"",""#text"":""HD Audio Microphone""},{""@Name"":""User"",""#text"":""NT AUTHORITY\\SYSTEM""}]}}"
905,905,2026-03-30 22:45:51.1219797,13,Info,Microsoft-Windows-Sysmon,Microsoft-Windows-Sysmon/Operational,2400,4356,DC01.corp.local,18,S-1-5-18,RegistryEvent (Value Set),NT AUTHORITY\SYSTEM,,"ProcessID: 4, ProcessGUID: c9182e32-fd10-69ca-eb03-000000000000","RuleName: Context,DeviceConnectedOrUpdated",Image: System,EventType: SetValue,TargetObject: HKLM\System\CurrentControlSet\Control\DeviceClasses\{65e8773d-8f56-11d0-a3b9-00a0c9223196}\##?#HDAUDIO#FUNC_01&amp;VEN_15AD&amp;DEV_1975&amp;SUBSYS_15AD1975&amp;REV_1001#5&amp;217be3d6&amp;0&amp;0001#{65e8773d-8f56-11d0-a3b9-00a0c9223196}\#eMicInWave\Device Parameters\FriendlyName,Details: HD Audio Microphone,,False,C:\Users\owunc\Desktop\lab_logs\DC_Sysmon_ws.evtx,Classic,0,"{""EventData"":{""Data"":[{""@Name"":""RuleName"",""#text"":""Context,DeviceConnectedOrUpdated""},{""@Name"":""EventType"",""#text"":""SetValue""},{""@Name"":""UtcTime"",""#text"":""2026-03-30 22:45:37.945""},{""@Name"":""ProcessGuid"",""#text"":""c9182e32-fd10-69ca-eb03-000000000000""},{""@Name"":""ProcessId"",""#text"":""4""},{""@Name"":""Image"",""#text"":""System""},{""@Name"":""TargetObject"",""#text"":""HKLM\\System\\CurrentControlSet\\Control\\DeviceClasses\\{65e8773d-8f56-11d0-a3b9-00a0c9223196}\\##?#HDAUDIO#FUNC_01&amp;VEN_15AD&amp;DEV_1975&amp;SUBSYS_15AD1975&amp;REV_1001#5&amp;217be3d6&amp;0&amp;0001#{65e8773d-8f56-11d0-a3b9-00a0c9223196}\\#eMicInWave\\Device Parameters\\FriendlyName""},{""@Name"":""Details"",""#text"":""HD Audio Microphone""},{""@Name"":""User"",""#text"":""NT AUTHORITY\\SYSTEM""}]}}"
906,906,2026-03-30 22:45:51.1221053,13,Info,Microsoft-Windows-Sysmon,Microsoft-Windows-Sysmon/Operational,2400,4356,DC01.corp.local,18,S-1-5-18,RegistryEvent (Value Set),NT AUTHORITY\SYSTEM,,"ProcessID: 4, ProcessGUID: c9182e32-fd10-69ca-eb03-000000000000","RuleName: Context,DeviceConnectedOrUpdated",Image: System,EventType: SetValue,TargetObject: HKLM\System\CurrentControlSet\Control\DeviceClasses\{eb115ffc-10c8-4964-831d-6dcb02e6f23f}\##?#HDAUDIO#FUNC_01&amp;VEN_15AD&amp;DEV_1975&amp;SUBSYS_15AD1975&amp;REV_1001#5&amp;217be3d6&amp;0&amp;0001#{eb115ffc-10c8-4964-831d-6dcb02e6f23f}\#eMicInWave\Device Parameters\FriendlyName,Details: HD Audio Microphone,,False,C:\Users\owunc\Desktop\lab_logs\DC_Sysmon_ws.evtx,Classic,0,"{""EventData"":{""Data"":[{""@Name"":""RuleName"",""#text"":""Context,DeviceConnectedOrUpdated""},{""@Name"":""EventType"",""#text"":""SetValue""},{""@Name"":""UtcTime"",""#text"":""2026-03-30 22:45:37.945""},{""@Name"":""ProcessGuid"",""#text"":""c9182e32-fd10-69ca-eb03-000000000000""},{""@Name"":""ProcessId"",""#text"":""4""},{""@Name"":""Image"",""#text"":""System""},{""@Name"":""TargetObject"",""#text"":""HKLM\\System\\CurrentControlSet\\Control\\DeviceClasses\\{eb115ffc-10c8-4964-831d-6dcb02e6f23f}\\##?#HDAUDIO#FUNC_01&amp;VEN_15AD&amp;DEV_1975&amp;SUBSYS_15AD1975&amp;REV_1001#5&amp;217be3d6&amp;0&amp;0001#{eb115ffc-10c8-4964-831d-6dcb02e6f23f}\\#eMicInWave\\Device Parameters\\FriendlyName""},{""@Name"":""Details"",""#text"":""HD Audio Microphone""},{""@Name"":""User"",""#text"":""NT AUTHORITY\\SYSTEM""}]}}"
907,907,2026-03-30 22:45:51.1254910,1,Info,Microsoft-Windows-Sysmon,Microsoft-Windows-Sysmon/Operational,2400,4356,DC01.corp.local,18,S-1-5-18,Process creation,NT AUTHORITY\SYSTEM,,"ProcessID: 396, ProcessGUID: c9182e32-fd12-69ca-0400-000000000a00",RuleName: -,"MD5=60D35DCBD7F61CED00F96ACA79B5F63A,SHA256=25ED9D247D1849B6B9B403C93C3966C180E645726D0EDC706C94F56450EB7FD2,IMPHASH=13819FB7B1F01E2037570A1D4960A671",ParentProcess: C:\Windows\System32\smss.exe,"ParentProcessID: 344, ParentProcessGUID: c9182e32-fd10-69ca-0300-000000000a00",ParentCommandLine: \SystemRoot\System32\smss.exe,\??\C:\Windows\system32\autochk.exe /q /v *,False,C:\Users\owunc\Desktop\lab_logs\DC_Sysmon_ws.evtx,Classic,0,"{""EventData"":{""Data"":[{""@Name"":""RuleName"",""#text"":""-""},{""@Name"":""UtcTime"",""#text"":""2026-03-30 22:45:38.082""},{""@Name"":""ProcessGuid"",""#text"":""c9182e32-fd12-69ca-0400-000000000a00""},{""@Name"":""ProcessId"",""#text"":""396""},{""@Name"":""Image"",""#text"":""C:\\Windows\\System32\\autochk.exe""},{""@Name"":""FileVersion"",""#text"":""10.0.20348.1 (WinBuild.160101.0800)""},{""@Name"":""Description"",""#text"":""Auto Check Utility""},{""@Name"":""Product"",""#text"":""Microsoft® Windows® Operating System""},{""@Name"":""Company"",""#text"":""Microsoft Corporation""},{""@Name"":""OriginalFileName"",""#text"":""AutoChk.Exe""},{""@Name"":""CommandLine"",""#text"":""\\??\\C:\\Windows\\system32\\autochk.exe /q /v *""},{""@Name"":""CurrentDirectory"",""#text"":""C:\\Windows\\system32\\""},{""@Name"":""User"",""#text"":""NT AUTHORITY\\SYSTEM""},{""@Name"":""LogonGuid"",""#text"":""c9182e32-fd12-69ca-e703-000000000000""},{""@Name"":""LogonId"",""#text"":""0x3E7""},{""@Name"":""TerminalSessionId"",""#text"":""0""},{""@Name"":""IntegrityLevel"",""#text"":""System""},{""@Name"":""Hashes"",""#text"":""MD5=60D35DCBD7F61CED00F96ACA79B5F63A,SHA256=25ED9D247D1849B6B9B403C93C3966C180E645726D0EDC706C94F56450EB7FD2,IMPHASH=13819FB7B1F01E2037570A1D4960A671""},{""@Name"":""ParentProcessGuid"",""#text"":""c9182e32-fd10-69ca-0300-000000000a00""},{""@Name"":""ParentProcessId"",""#text"":""344""},{""@Name"":""ParentImage"",""#text"":""C:\\Windows\\System32\\smss.exe""},{""@Name"":""ParentCommandLine"",""#text"":""\\SystemRoot\\System32\\smss.exe""},{""@Name"":""ParentUser"",""#text"":""NT AUTHORITY\\SYSTEM""}]}}"
