252,252,2026-03-30 18:38:53.7690888,1,Info,Microsoft-Windows-Sysmon,Microsoft-Windows-Sysmon/Operational,2448,4460,DC01.corp.local,5,S-1-5-18,Process creation,NT AUTHORITY\SYSTEM,,"ProcessID: 1796, ProcessGUID: c9182e32-c33d-69ca-9f00-000000000900",RuleName: -,"MD5=42C54DD5CEDF867054DA83959BB73CEB,SHA256=E606CE6F5D3627FEA5E93F8168FE2740443D079D690D867811A7A1FEE4F55A2D,IMPHASH=BCFC5C75D29309794455BF34432D5D36",ParentProcess: C:\Program Files (x86)\ossec-agent\wazuh-agent.exe,"ParentProcessID: 2520, ParentProcessGUID: c9182e32-c326-69ca-4700-000000000900","ParentCommandLine: ""C:\Program Files (x86)\ossec-agent\wazuh-agent.exe""","reg query ""HKLM\SOFTWARE\Microsoft\Windows\CurrentVersion\Policies\System"" /v legalnoticecaption",False,C:\Users\owunc\Desktop\lab_logs\DC_Sysmon_ws.evtx,Classic,0,"{""EventData"":{""Data"":[{""@Name"":""RuleName"",""#text"":""-""},{""@Name"":""UtcTime"",""#text"":""2026-03-30 18:38:53.764""},{""@Name"":""ProcessGuid"",""#text"":""c9182e32-c33d-69ca-9f00-000000000900""},{""@Name"":""ProcessId"",""#text"":""1796""},{""@Name"":""Image"",""#text"":""C:\\Windows\\SysWOW64\\reg.exe""},{""@Name"":""FileVersion"",""#text"":""10.0.20348.1 (WinBuild.160101.0800)""},{""@Name"":""Description"",""#text"":""Registry Console Tool""},{""@Name"":""Product"",""#text"":""Microsoft® Windows® Operating System""},{""@Name"":""Company"",""#text"":""Microsoft Corporation""},{""@Name"":""OriginalFileName"",""#text"":""reg.exe""},{""@Name"":""CommandLine"",""#text"":""reg query \""HKLM\\SOFTWARE\\Microsoft\\Windows\\CurrentVersion\\Policies\\System\"" /v legalnoticecaption""},{""@Name"":""CurrentDirectory"",""#text"":""C:\\Program Files (x86)\\ossec-agent\\""},{""@Name"":""User"",""#text"":""NT AUTHORITY\\SYSTEM""},{""@Name"":""LogonGuid"",""#text"":""c9182e32-c31a-69ca-e703-000000000000""},{""@Name"":""LogonId"",""#text"":""0x3E7""},{""@Name"":""TerminalSessionId"",""#text"":""0""},{""@Name"":""IntegrityLevel"",""#text"":""System""},{""@Name"":""Hashes"",""#text"":""MD5=42C54DD5CEDF867054DA83959BB73CEB,SHA256=E606CE6F5D3627FEA5E93F8168FE2740443D079D690D867811A7A1FEE4F55A2D,IMPHASH=BCFC5C75D29309794455BF34432D5D36""},{""@Name"":""ParentProcessGuid"",""#text"":""c9182e32-c326-69ca-4700-000000000900""},{""@Name"":""ParentProcessId"",""#text"":""2520""},{""@Name"":""ParentImage"",""#text"":""C:\\Program Files (x86)\\ossec-agent\\wazuh-agent.exe""},{""@Name"":""ParentCommandLine"",""#text"":""\""C:\\Program Files (x86)\\ossec-agent\\wazuh-agent.exe\""""},{""@Name"":""ParentUser"",""#text"":""NT AUTHORITY\\SYSTEM""}]}}"
253,253,2026-03-30 18:38:53.8027709,1,Info,Microsoft-Windows-Sysmon,Microsoft-Windows-Sysmon/Operational,2448,4460,DC01.corp.local,5,S-1-5-18,Process creation,NT AUTHORITY\SYSTEM,,"ProcessID: 5644, ProcessGUID: c9182e32-c33d-69ca-a100-000000000900",RuleName: -,"MD5=EB5ACAC8A6DF89EB6BA751F468490734,SHA256=6633D15A90D38137ABF5E08BC5C14CF35128ECA168E875D9569295ECC88A4DBB,IMPHASH=C1E3C5E2580A8F5AD5F3DF2BCAEA7CAB",ParentProcess: C:\Program Files (x86)\ossec-agent\wazuh-agent.exe,"ParentProcessID: 2520, ParentProcessGUID: c9182e32-c326-69ca-4700-000000000900","ParentCommandLine: ""C:\Program Files (x86)\ossec-agent\wazuh-agent.exe""","powershell ""$null = secedit /export /cfg $env:temp/secexport.cfg; $(gc $env:temp/secexport.cfg | Select-String \""LSAAnonymousNameLookup\"").ToString().Split(\""=\"")[1].Trim()""",False,C:\Users\owunc\Desktop\lab_logs\DC_Sysmon_ws.evtx,Classic,0,"{""EventData"":{""Data"":[{""@Name"":""RuleName"",""#text"":""-""},{""@Name"":""UtcTime"",""#text"":""2026-03-30 18:38:53.795""},{""@Name"":""ProcessGuid"",""#text"":""c9182e32-c33d-69ca-a100-000000000900""},{""@Name"":""ProcessId"",""#text"":""5644""},{""@Name"":""Image"",""#text"":""C:\\Windows\\SysWOW64\\WindowsPowerShell\\v1.0\\powershell.exe""},{""@Name"":""FileVersion"",""#text"":""10.0.20348.1 (WinBuild.160101.0800)""},{""@Name"":""Description"",""#text"":""Windows PowerShell""},{""@Name"":""Product"",""#text"":""Microsoft® Windows® Operating System""},{""@Name"":""Company"",""#text"":""Microsoft Corporation""},{""@Name"":""OriginalFileName"",""#text"":""PowerShell.EXE""},{""@Name"":""CommandLine"",""#text"":""powershell \""$null = secedit /export /cfg $env:temp/secexport.cfg; $(gc $env:temp/secexport.cfg | Select-String \\\""LSAAnonymousNameLookup\\\"").ToString().Split(\\\""=\\\"")[1].Trim()\""""},{""@Name"":""CurrentDirectory"",""#text"":""C:\\Program Files (x86)\\ossec-agent\\""},{""@Name"":""User"",""#text"":""NT AUTHORITY\\SYSTEM""},{""@Name"":""LogonGuid"",""#text"":""c9182e32-c31a-69ca-e703-000000000000""},{""@Name"":""LogonId"",""#text"":""0x3E7""},{""@Name"":""TerminalSessionId"",""#text"":""0""},{""@Name"":""IntegrityLevel"",""#text"":""System""},{""@Name"":""Hashes"",""#text"":""MD5=EB5ACAC8A6DF89EB6BA751F468490734,SHA256=6633D15A90D38137ABF5E08BC5C14CF35128ECA168E875D9569295ECC88A4DBB,IMPHASH=C1E3C5E2580A8F5AD5F3DF2BCAEA7CAB""},{""@Name"":""ParentProcessGuid"",""#text"":""c9182e32-c326-69ca-4700-000000000900""},{""@Name"":""ParentProcessId"",""#text"":""2520""},{""@Name"":""ParentImage"",""#text"":""C:\\Program Files (x86)\\ossec-agent\\wazuh-agent.exe""},{""@Name"":""ParentCommandLine"",""#text"":""\""C:\\Program Files (x86)\\ossec-agent\\wazuh-agent.exe\""""},{""@Name"":""ParentUser"",""#text"":""NT AUTHORITY\\SYSTEM""}]}}"
254,254,2026-03-30 18:38:53.8621339,11,Info,Microsoft-Windows-Sysmon,Microsoft-Windows-Sysmon/Operational,2448,4460,DC01.corp.local,5,S-1-5-18,FileCreate,NT AUTHORITY\SYSTEM,,"ProcessID: 5644, ProcessGUID: c9182e32-c33d-69ca-a100-000000000900",RuleName: -,Image: C:\Windows\SysWOW64\WindowsPowerShell\v1.0\powershell.exe,TargetFilename: C:\Windows\Temp\__PSScriptPolicyTest_y0uposic.ja2.ps1,,,,False,C:\Users\owunc\Desktop\lab_logs\DC_Sysmon_ws.evtx,Classic,0,"{""EventData"":{""Data"":[{""@Name"":""RuleName"",""#text"":""-""},{""@Name"":""UtcTime"",""#text"":""2026-03-30 18:38:53.846""},{""@Name"":""ProcessGuid"",""#text"":""c9182e32-c33d-69ca-a100-000000000900""},{""@Name"":""ProcessId"",""#text"":""5644""},{""@Name"":""Image"",""#text"":""C:\\Windows\\SysWOW64\\WindowsPowerShell\\v1.0\\powershell.exe""},{""@Name"":""TargetFilename"",""#text"":""C:\\Windows\\Temp\\__PSScriptPolicyTest_y0uposic.ja2.ps1""},{""@Name"":""CreationUtcTime"",""#text"":""2026-03-30 18:38:53.846""},{""@Name"":""User"",""#text"":""NT AUTHORITY\\SYSTEM""}]}}"
255,255,2026-03-30 18:38:53.9824603,1,Info,Microsoft-Windows-Sysmon,Microsoft-Windows-Sysmon/Operational,2448,4460,DC01.corp.local,5,S-1-5-18,Process creation,NT AUTHORITY\SYSTEM,,"ProcessID: 5940, ProcessGUID: c9182e32-c33d-69ca-a300-000000000900",RuleName: -,"MD5=A550295A3AB5A8326F6C697AED19E00E,SHA256=E4645CB6092A470D4A60D04D15E760B9959FF25281E208C737C376F379CBF2CD,IMPHASH=615449A6A25801F47AE0D7578EB950B4",ParentProcess: C:\Windows\SysWOW64\WindowsPowerShell\v1.0\powershell.exe,"ParentProcessID: 5644, ParentProcessGUID: c9182e32-c33d-69ca-a100-000000000900","ParentCommandLine: powershell ""$null = secedit /export /cfg $env:temp/secexport.cfg; $(gc $env:temp/secexport.cfg | Select-String \""LSAAnonymousNameLookup\"").ToString().Split(\""=\"")[1].Trim()""","""C:\Windows\system32\SecEdit.exe"" /export /cfg C:\Windows\TEMP/secexport.cfg",False,C:\Users\owunc\Desktop\lab_logs\DC_Sysmon_ws.evtx,Classic,0,"{""EventData"":{""Data"":[{""@Name"":""RuleName"",""#text"":""-""},{""@Name"":""UtcTime"",""#text"":""2026-03-30 18:38:53.981""},{""@Name"":""ProcessGuid"",""#text"":""c9182e32-c33d-69ca-a300-000000000900""},{""@Name"":""ProcessId"",""#text"":""5940""},{""@Name"":""Image"",""#text"":""C:\\Windows\\SysWOW64\\SecEdit.exe""},{""@Name"":""FileVersion"",""#text"":""10.0.20348.1 (WinBuild.160101.0800)""},{""@Name"":""Description"",""#text"":""Windows Security Configuration Editor Command Tool""},{""@Name"":""Product"",""#text"":""Microsoft® Windows® Operating System""},{""@Name"":""Company"",""#text"":""Microsoft Corporation""},{""@Name"":""OriginalFileName"",""#text"":""SeCEdit""},{""@Name"":""CommandLine"",""#text"":""\""C:\\Windows\\system32\\SecEdit.exe\"" /export /cfg C:\\Windows\\TEMP/secexport.cfg""},{""@Name"":""CurrentDirectory"",""#text"":""C:\\Program Files (x86)\\ossec-agent\\""},{""@Name"":""User"",""#text"":""NT AUTHORITY\\SYSTEM""},{""@Name"":""LogonGuid"",""#text"":""c9182e32-c31a-69ca-e703-000000000000""},{""@Name"":""LogonId"",""#text"":""0x3E7""},{""@Name"":""TerminalSessionId"",""#text"":""0""},{""@Name"":""IntegrityLevel"",""#text"":""System""},{""@Name"":""Hashes"",""#text"":""MD5=A550295A3AB5A8326F6C697AED19E00E,SHA256=E4645CB6092A470D4A60D04D15E760B9959FF25281E208C737C376F379CBF2CD,IMPHASH=615449A6A25801F47AE0D7578EB950B4""},{""@Name"":""ParentProcessGuid"",""#text"":""c9182e32-c33d-69ca-a100-000000000900""},{""@Name"":""ParentProcessId"",""#text"":""5644""},{""@Name"":""ParentImage"",""#text"":""C:\\Windows\\SysWOW64\\WindowsPowerShell\\v1.0\\powershell.exe""},{""@Name"":""ParentCommandLine"",""#text"":""powershell \""$null = secedit /export /cfg $env:temp/secexport.cfg; $(gc $env:temp/secexport.cfg | Select-String \\\""LSAAnonymousNameLookup\\\"").ToString().Split(\\\""=\\\"")[1].Trim()\""""},{""@Name"":""ParentUser"",""#text"":""NT AUTHORITY\\SYSTEM""}]}}"
256,256,2026-03-30 18:38:54.3365389,1,Info,Microsoft-Windows-Sysmon,Microsoft-Windows-Sysmon/Operational,2448,4460,DC01.corp.local,5,S-1-5-18,Process creation,NT AUTHORITY\SYSTEM,,"ProcessID: 5332, ProcessGUID: c9182e32-c33e-69ca-a400-000000000900",RuleName: -,"MD5=42C54DD5CEDF867054DA83959BB73CEB,SHA256=E606CE6F5D3627FEA5E93F8168FE2740443D079D690D867811A7A1FEE4F55A2D,IMPHASH=BCFC5C75D29309794455BF34432D5D36",ParentProcess: C:\Program Files (x86)\ossec-agent\wazuh-agent.exe,"ParentProcessID: 2520, ParentProcessGUID: c9182e32-c326-69ca-4700-000000000900","ParentCommandLine: ""C:\Program Files (x86)\ossec-agent\wazuh-agent.exe""",reg query HKEY_LOCAL_MACHINE\SYSTEM\CurrentControlSet\Control\SecurePipeServers\Winreg\AllowedExactPaths /v Machine,False,C:\Users\owunc\Desktop\lab_logs\DC_Sysmon_ws.evtx,Classic,0,"{""EventData"":{""Data"":[{""@Name"":""RuleName"",""#text"":""-""},{""@Name"":""UtcTime"",""#text"":""2026-03-30 18:38:54.332""},{""@Name"":""ProcessGuid"",""#text"":""c9182e32-c33e-69ca-a400-000000000900""},{""@Name"":""ProcessId"",""#text"":""5332""},{""@Name"":""Image"",""#text"":""C:\\Windows\\SysWOW64\\reg.exe""},{""@Name"":""FileVersion"",""#text"":""10.0.20348.1 (WinBuild.160101.0800)""},{""@Name"":""Description"",""#text"":""Registry Console Tool""},{""@Name"":""Product"",""#text"":""Microsoft® Windows® Operating System""},{""@Name"":""Company"",""#text"":""Microsoft Corporation""},{""@Name"":""OriginalFileName"",""#text"":""reg.exe""},{""@Name"":""CommandLine"",""#text"":""reg query HKEY_LOCAL_MACHINE\\SYSTEM\\CurrentControlSet\\Control\\SecurePipeServers\\Winreg\\AllowedExactPaths /v Machine""},{""@Name"":""CurrentDirectory"",""#text"":""C:\\Program Files (x86)\\ossec-agent\\""},{""@Name"":""User"",""#text"":""NT AUTHORITY\\SYSTEM""},{""@Name"":""LogonGuid"",""#text"":""c9182e32-c31a-69ca-e703-000000000000""},{""@Name"":""LogonId"",""#text"":""0x3E7""},{""@Name"":""TerminalSessionId"",""#text"":""0""},{""@Name"":""IntegrityLevel"",""#text"":""System""},{""@Name"":""Hashes"",""#text"":""MD5=42C54DD5CEDF867054DA83959BB73CEB,SHA256=E606CE6F5D3627FEA5E93F8168FE2740443D079D690D867811A7A1FEE4F55A2D,IMPHASH=BCFC5C75D29309794455BF34432D5D36""},{""@Name"":""ParentProcessGuid"",""#text"":""c9182e32-c326-69ca-4700-000000000900""},{""@Name"":""ParentProcessId"",""#text"":""2520""},{""@Name"":""ParentImage"",""#text"":""C:\\Program Files (x86)\\ossec-agent\\wazuh-agent.exe""},{""@Name"":""ParentCommandLine"",""#text"":""\""C:\\Program Files (x86)\\ossec-agent\\wazuh-agent.exe\""""},{""@Name"":""ParentUser"",""#text"":""NT AUTHORITY\\SYSTEM""}]}}"
257,257,2026-03-30 18:38:54.3756794,1,Info,Microsoft-Windows-Sysmon,Microsoft-Windows-Sysmon/Operational,2448,4460,DC01.corp.local,5,S-1-5-18,Process creation,NT AUTHORITY\SYSTEM,,"ProcessID: 5972, ProcessGUID: c9182e32-c33e-69ca-a600-000000000900",RuleName: -,"MD5=9E18ACE78034537344DA6036D4C3C8B1,SHA256=29389619B06E5DE97B3669F6FF92E226CB6DCE2254B07BA6FA88C3B5D3A9799E,IMPHASH=AB0C8C1C188B19D08FAF502671C04930",ParentProcess: C:\Program Files (x86)\ossec-agent\wazuh-agent.exe,"ParentProcessID: 2520, ParentProcessGUID: c9182e32-c326-69ca-4700-000000000900","ParentCommandLine: ""C:\Program Files (x86)\ossec-agent\wazuh-agent.exe""","auditpol.exe /get /subcategory:""Credential Validation""",False,C:\Users\owunc\Desktop\lab_logs\DC_Sysmon_ws.evtx,Classic,0,"{""EventData"":{""Data"":[{""@Name"":""RuleName"",""#text"":""-""},{""@Name"":""UtcTime"",""#text"":""2026-03-30 18:38:54.373""},{""@Name"":""ProcessGuid"",""#text"":""c9182e32-c33e-69ca-a600-000000000900""},{""@Name"":""ProcessId"",""#text"":""5972""},{""@Name"":""Image"",""#text"":""C:\\Windows\\SysWOW64\\auditpol.exe""},{""@Name"":""FileVersion"",""#text"":""10.0.20348.1 (WinBuild.160101.0800)""},{""@Name"":""Description"",""#text"":""Audit Policy Program""},{""@Name"":""Product"",""#text"":""Microsoft® Windows® Operating System""},{""@Name"":""Company"",""#text"":""Microsoft Corporation""},{""@Name"":""OriginalFileName"",""#text"":""AUDITPOL.EXE""},{""@Name"":""CommandLine"",""#text"":""auditpol.exe /get /subcategory:\""Credential Validation\""""},{""@Name"":""CurrentDirectory"",""#text"":""C:\\Program Files (x86)\\ossec-agent\\""},{""@Name"":""User"",""#text"":""NT AUTHORITY\\SYSTEM""},{""@Name"":""LogonGuid"",""#text"":""c9182e32-c31a-69ca-e703-000000000000""},{""@Name"":""LogonId"",""#text"":""0x3E7""},{""@Name"":""TerminalSessionId"",""#text"":""0""},{""@Name"":""IntegrityLevel"",""#text"":""System""},{""@Name"":""Hashes"",""#text"":""MD5=9E18ACE78034537344DA6036D4C3C8B1,SHA256=29389619B06E5DE97B3669F6FF92E226CB6DCE2254B07BA6FA88C3B5D3A9799E,IMPHASH=AB0C8C1C188B19D08FAF502671C04930""},{""@Name"":""ParentProcessGuid"",""#text"":""c9182e32-c326-69ca-4700-000000000900""},{""@Name"":""ParentProcessId"",""#text"":""2520""},{""@Name"":""ParentImage"",""#text"":""C:\\Program Files (x86)\\ossec-agent\\wazuh-agent.exe""},{""@Name"":""ParentCommandLine"",""#text"":""\""C:\\Program Files (x86)\\ossec-agent\\wazuh-agent.exe\""""},{""@Name"":""ParentUser"",""#text"":""NT AUTHORITY\\SYSTEM""}]}}"
258,258,2026-03-30 18:38:54.4061545,1,Info,Microsoft-Windows-Sysmon,Microsoft-Windows-Sysmon/Operational,2448,4460,DC01.corp.local,5,S-1-5-18,Process creation,NT AUTHORITY\SYSTEM,,"ProcessID: 5668, ProcessGUID: c9182e32-c33e-69ca-a800-000000000900",RuleName: -,"MD5=9E18ACE78034537344DA6036D4C3C8B1,SHA256=29389619B06E5DE97B3669F6FF92E226CB6DCE2254B07BA6FA88C3B5D3A9799E,IMPHASH=AB0C8C1C188B19D08FAF502671C04930",ParentProcess: C:\Program Files (x86)\ossec-agent\wazuh-agent.exe,"ParentProcessID: 2520, ParentProcessGUID: c9182e32-c326-69ca-4700-000000000900","ParentCommandLine: ""C:\Program Files (x86)\ossec-agent\wazuh-agent.exe""","auditpol.exe /get /subcategory:""Kerberos Authentication Service""",False,C:\Users\owunc\Desktop\lab_logs\DC_Sysmon_ws.evtx,Classic,0,"{""EventData"":{""Data"":[{""@Name"":""RuleName"",""#text"":""-""},{""@Name"":""UtcTime"",""#text"":""2026-03-30 18:38:54.405""},{""@Name"":""ProcessGuid"",""#text"":""c9182e32-c33e-69ca-a800-000000000900""},{""@Name"":""ProcessId"",""#text"":""5668""},{""@Name"":""Image"",""#text"":""C:\\Windows\\SysWOW64\\auditpol.exe""},{""@Name"":""FileVersion"",""#text"":""10.0.20348.1 (WinBuild.160101.0800)""},{""@Name"":""Description"",""#text"":""Audit Policy Program""},{""@Name"":""Product"",""#text"":""Microsoft® Windows® Operating System""},{""@Name"":""Company"",""#text"":""Microsoft Corporation""},{""@Name"":""OriginalFileName"",""#text"":""AUDITPOL.EXE""},{""@Name"":""CommandLine"",""#text"":""auditpol.exe /get /subcategory:\""Kerberos Authentication Service\""""},{""@Name"":""CurrentDirectory"",""#text"":""C:\\Program Files (x86)\\ossec-agent\\""},{""@Name"":""User"",""#text"":""NT AUTHORITY\\SYSTEM""},{""@Name"":""LogonGuid"",""#text"":""c9182e32-c31a-69ca-e703-000000000000""},{""@Name"":""LogonId"",""#text"":""0x3E7""},{""@Name"":""TerminalSessionId"",""#text"":""0""},{""@Name"":""IntegrityLevel"",""#text"":""System""},{""@Name"":""Hashes"",""#text"":""MD5=9E18ACE78034537344DA6036D4C3C8B1,SHA256=29389619B06E5DE97B3669F6FF92E226CB6DCE2254B07BA6FA88C3B5D3A9799E,IMPHASH=AB0C8C1C188B19D08FAF502671C04930""},{""@Name"":""ParentProcessGuid"",""#text"":""c9182e32-c326-69ca-4700-000000000900""},{""@Name"":""ParentProcessId"",""#text"":""2520""},{""@Name"":""ParentImage"",""#text"":""C:\\Program Files (x86)\\ossec-agent\\wazuh-agent.exe""},{""@Name"":""ParentCommandLine"",""#text"":""\""C:\\Program Files (x86)\\ossec-agent\\wazuh-agent.exe\""""},{""@Name"":""ParentUser"",""#text"":""NT AUTHORITY\\SYSTEM""}]}}"
259,259,2026-03-30 18:38:54.4356079,1,Info,Microsoft-Windows-Sysmon,Microsoft-Windows-Sysmon/Operational,2448,4460,DC01.corp.local,5,S-1-5-18,Process creation,NT AUTHORITY\SYSTEM,,"ProcessID: 6056, ProcessGUID: c9182e32-c33e-69ca-aa00-000000000900",RuleName: -,"MD5=9E18ACE78034537344DA6036D4C3C8B1,SHA256=29389619B06E5DE97B3669F6FF92E226CB6DCE2254B07BA6FA88C3B5D3A9799E,IMPHASH=AB0C8C1C188B19D08FAF502671C04930",ParentProcess: C:\Program Files (x86)\ossec-agent\wazuh-agent.exe,"ParentProcessID: 2520, ParentProcessGUID: c9182e32-c326-69ca-4700-000000000900","ParentCommandLine: ""C:\Program Files (x86)\ossec-agent\wazuh-agent.exe""","auditpol.exe /get /subcategory:""Kerberos Service Ticket Operations""",False,C:\Users\owunc\Desktop\lab_logs\DC_Sysmon_ws.evtx,Classic,0,"{""EventData"":{""Data"":[{""@Name"":""RuleName"",""#text"":""-""},{""@Name"":""UtcTime"",""#text"":""2026-03-30 18:38:54.434""},{""@Name"":""ProcessGuid"",""#text"":""c9182e32-c33e-69ca-aa00-000000000900""},{""@Name"":""ProcessId"",""#text"":""6056""},{""@Name"":""Image"",""#text"":""C:\\Windows\\SysWOW64\\auditpol.exe""},{""@Name"":""FileVersion"",""#text"":""10.0.20348.1 (WinBuild.160101.0800)""},{""@Name"":""Description"",""#text"":""Audit Policy Program""},{""@Name"":""Product"",""#text"":""Microsoft® Windows® Operating System""},{""@Name"":""Company"",""#text"":""Microsoft Corporation""},{""@Name"":""OriginalFileName"",""#text"":""AUDITPOL.EXE""},{""@Name"":""CommandLine"",""#text"":""auditpol.exe /get /subcategory:\""Kerberos Service Ticket Operations\""""},{""@Name"":""CurrentDirectory"",""#text"":""C:\\Program Files (x86)\\ossec-agent\\""},{""@Name"":""User"",""#text"":""NT AUTHORITY\\SYSTEM""},{""@Name"":""LogonGuid"",""#text"":""c9182e32-c31a-69ca-e703-000000000000""},{""@Name"":""LogonId"",""#text"":""0x3E7""},{""@Name"":""TerminalSessionId"",""#text"":""0""},{""@Name"":""IntegrityLevel"",""#text"":""System""},{""@Name"":""Hashes"",""#text"":""MD5=9E18ACE78034537344DA6036D4C3C8B1,SHA256=29389619B06E5DE97B3669F6FF92E226CB6DCE2254B07BA6FA88C3B5D3A9799E,IMPHASH=AB0C8C1C188B19D08FAF502671C04930""},{""@Name"":""ParentProcessGuid"",""#text"":""c9182e32-c326-69ca-4700-000000000900""},{""@Name"":""ParentProcessId"",""#text"":""2520""},{""@Name"":""ParentImage"",""#text"":""C:\\Program Files (x86)\\ossec-agent\\wazuh-agent.exe""},{""@Name"":""ParentCommandLine"",""#text"":""\""C:\\Program Files (x86)\\ossec-agent\\wazuh-agent.exe\""""},{""@Name"":""ParentUser"",""#text"":""NT AUTHORITY\\SYSTEM""}]}}"
260,260,2026-03-30 18:38:54.4630519,1,Info,Microsoft-Windows-Sysmon,Microsoft-Windows-Sysmon/Operational,2448,4460,DC01.corp.local,5,S-1-5-18,Process creation,NT AUTHORITY\SYSTEM,,"ProcessID: 5960, ProcessGUID: c9182e32-c33e-69ca-ac00-000000000900",RuleName: -,"MD5=9E18ACE78034537344DA6036D4C3C8B1,SHA256=29389619B06E5DE97B3669F6FF92E226CB6DCE2254B07BA6FA88C3B5D3A9799E,IMPHASH=AB0C8C1C188B19D08FAF502671C04930",ParentProcess: C:\Program Files (x86)\ossec-agent\wazuh-agent.exe,"ParentProcessID: 2520, ParentProcessGUID: c9182e32-c326-69ca-4700-000000000900","ParentCommandLine: ""C:\Program Files (x86)\ossec-agent\wazuh-agent.exe""","auditpol.exe /get /subcategory:""Application Group Management""",False,C:\Users\owunc\Desktop\lab_logs\DC_Sysmon_ws.evtx,Classic,0,"{""EventData"":{""Data"":[{""@Name"":""RuleName"",""#text"":""-""},{""@Name"":""UtcTime"",""#text"":""2026-03-30 18:38:54.461""},{""@Name"":""ProcessGuid"",""#text"":""c9182e32-c33e-69ca-ac00-000000000900""},{""@Name"":""ProcessId"",""#text"":""5960""},{""@Name"":""Image"",""#text"":""C:\\Windows\\SysWOW64\\auditpol.exe""},{""@Name"":""FileVersion"",""#text"":""10.0.20348.1 (WinBuild.160101.0800)""},{""@Name"":""Description"",""#text"":""Audit Policy Program""},{""@Name"":""Product"",""#text"":""Microsoft® Windows® Operating System""},{""@Name"":""Company"",""#text"":""Microsoft Corporation""},{""@Name"":""OriginalFileName"",""#text"":""AUDITPOL.EXE""},{""@Name"":""CommandLine"",""#text"":""auditpol.exe /get /subcategory:\""Application Group Management\""""},{""@Name"":""CurrentDirectory"",""#text"":""C:\\Program Files (x86)\\ossec-agent\\""},{""@Name"":""User"",""#text"":""NT AUTHORITY\\SYSTEM""},{""@Name"":""LogonGuid"",""#text"":""c9182e32-c31a-69ca-e703-000000000000""},{""@Name"":""LogonId"",""#text"":""0x3E7""},{""@Name"":""TerminalSessionId"",""#text"":""0""},{""@Name"":""IntegrityLevel"",""#text"":""System""},{""@Name"":""Hashes"",""#text"":""MD5=9E18ACE78034537344DA6036D4C3C8B1,SHA256=29389619B06E5DE97B3669F6FF92E226CB6DCE2254B07BA6FA88C3B5D3A9799E,IMPHASH=AB0C8C1C188B19D08FAF502671C04930""},{""@Name"":""ParentProcessGuid"",""#text"":""c9182e32-c326-69ca-4700-000000000900""},{""@Name"":""ParentProcessId"",""#text"":""2520""},{""@Name"":""ParentImage"",""#text"":""C:\\Program Files (x86)\\ossec-agent\\wazuh-agent.exe""},{""@Name"":""ParentCommandLine"",""#text"":""\""C:\\Program Files (x86)\\ossec-agent\\wazuh-agent.exe\""""},{""@Name"":""ParentUser"",""#text"":""NT AUTHORITY\\SYSTEM""}]}}"
261,261,2026-03-30 18:38:54.4899700,1,Info,Microsoft-Windows-Sysmon,Microsoft-Windows-Sysmon/Operational,2448,4460,DC01.corp.local,5,S-1-5-18,Process creation,NT AUTHORITY\SYSTEM,,"ProcessID: 6048, ProcessGUID: c9182e32-c33e-69ca-ae00-000000000900",RuleName: -,"MD5=9E18ACE78034537344DA6036D4C3C8B1,SHA256=29389619B06E5DE97B3669F6FF92E226CB6DCE2254B07BA6FA88C3B5D3A9799E,IMPHASH=AB0C8C1C188B19D08FAF502671C04930",ParentProcess: C:\Program Files (x86)\ossec-agent\wazuh-agent.exe,"ParentProcessID: 2520, ParentProcessGUID: c9182e32-c326-69ca-4700-000000000900","ParentCommandLine: ""C:\Program Files (x86)\ossec-agent\wazuh-agent.exe""","auditpol.exe /get /subcategory:""Computer Account Management""",False,C:\Users\owunc\Desktop\lab_logs\DC_Sysmon_ws.evtx,Classic,0,"{""EventData"":{""Data"":[{""@Name"":""RuleName"",""#text"":""-""},{""@Name"":""UtcTime"",""#text"":""2026-03-30 18:38:54.488""},{""@Name"":""ProcessGuid"",""#text"":""c9182e32-c33e-69ca-ae00-000000000900""},{""@Name"":""ProcessId"",""#text"":""6048""},{""@Name"":""Image"",""#text"":""C:\\Windows\\SysWOW64\\auditpol.exe""},{""@Name"":""FileVersion"",""#text"":""10.0.20348.1 (WinBuild.160101.0800)""},{""@Name"":""Description"",""#text"":""Audit Policy Program""},{""@Name"":""Product"",""#text"":""Microsoft® Windows® Operating System""},{""@Name"":""Company"",""#text"":""Microsoft Corporation""},{""@Name"":""OriginalFileName"",""#text"":""AUDITPOL.EXE""},{""@Name"":""CommandLine"",""#text"":""auditpol.exe /get /subcategory:\""Computer Account Management\""""},{""@Name"":""CurrentDirectory"",""#text"":""C:\\Program Files (x86)\\ossec-agent\\""},{""@Name"":""User"",""#text"":""NT AUTHORITY\\SYSTEM""},{""@Name"":""LogonGuid"",""#text"":""c9182e32-c31a-69ca-e703-000000000000""},{""@Name"":""LogonId"",""#text"":""0x3E7""},{""@Name"":""TerminalSessionId"",""#text"":""0""},{""@Name"":""IntegrityLevel"",""#text"":""System""},{""@Name"":""Hashes"",""#text"":""MD5=9E18ACE78034537344DA6036D4C3C8B1,SHA256=29389619B06E5DE97B3669F6FF92E226CB6DCE2254B07BA6FA88C3B5D3A9799E,IMPHASH=AB0C8C1C188B19D08FAF502671C04930""},{""@Name"":""ParentProcessGuid"",""#text"":""c9182e32-c326-69ca-4700-000000000900""},{""@Name"":""ParentProcessId"",""#text"":""2520""},{""@Name"":""ParentImage"",""#text"":""C:\\Program Files (x86)\\ossec-agent\\wazuh-agent.exe""},{""@Name"":""ParentCommandLine"",""#text"":""\""C:\\Program Files (x86)\\ossec-agent\\wazuh-agent.exe\""""},{""@Name"":""ParentUser"",""#text"":""NT AUTHORITY\\SYSTEM""}]}}"
262,262,2026-03-30 18:38:54.5205791,1,Info,Microsoft-Windows-Sysmon,Microsoft-Windows-Sysmon/Operational,2448,4460,DC01.corp.local,5,S-1-5-18,Process creation,NT AUTHORITY\SYSTEM,,"ProcessID: 1324, ProcessGUID: c9182e32-c33e-69ca-b000-000000000900",RuleName: -,"MD5=9E18ACE78034537344DA6036D4C3C8B1,SHA256=29389619B06E5DE97B3669F6FF92E226CB6DCE2254B07BA6FA88C3B5D3A9799E,IMPHASH=AB0C8C1C188B19D08FAF502671C04930",ParentProcess: C:\Program Files (x86)\ossec-agent\wazuh-agent.exe,"ParentProcessID: 2520, ParentProcessGUID: c9182e32-c326-69ca-4700-000000000900","ParentCommandLine: ""C:\Program Files (x86)\ossec-agent\wazuh-agent.exe""","auditpol.exe /get /subcategory:""Distribution Group Management""",False,C:\Users\owunc\Desktop\lab_logs\DC_Sysmon_ws.evtx,Classic,0,"{""EventData"":{""Data"":[{""@Name"":""RuleName"",""#text"":""-""},{""@Name"":""UtcTime"",""#text"":""2026-03-30 18:38:54.519""},{""@Name"":""ProcessGuid"",""#text"":""c9182e32-c33e-69ca-b000-000000000900""},{""@Name"":""ProcessId"",""#text"":""1324""},{""@Name"":""Image"",""#text"":""C:\\Windows\\SysWOW64\\auditpol.exe""},{""@Name"":""FileVersion"",""#text"":""10.0.20348.1 (WinBuild.160101.0800)""},{""@Name"":""Description"",""#text"":""Audit Policy Program""},{""@Name"":""Product"",""#text"":""Microsoft® Windows® Operating System""},{""@Name"":""Company"",""#text"":""Microsoft Corporation""},{""@Name"":""OriginalFileName"",""#text"":""AUDITPOL.EXE""},{""@Name"":""CommandLine"",""#text"":""auditpol.exe /get /subcategory:\""Distribution Group Management\""""},{""@Name"":""CurrentDirectory"",""#text"":""C:\\Program Files (x86)\\ossec-agent\\""},{""@Name"":""User"",""#text"":""NT AUTHORITY\\SYSTEM""},{""@Name"":""LogonGuid"",""#text"":""c9182e32-c31a-69ca-e703-000000000000""},{""@Name"":""LogonId"",""#text"":""0x3E7""},{""@Name"":""TerminalSessionId"",""#text"":""0""},{""@Name"":""IntegrityLevel"",""#text"":""System""},{""@Name"":""Hashes"",""#text"":""MD5=9E18ACE78034537344DA6036D4C3C8B1,SHA256=29389619B06E5DE97B3669F6FF92E226CB6DCE2254B07BA6FA88C3B5D3A9799E,IMPHASH=AB0C8C1C188B19D08FAF502671C04930""},{""@Name"":""ParentProcessGuid"",""#text"":""c9182e32-c326-69ca-4700-000000000900""},{""@Name"":""ParentProcessId"",""#text"":""2520""},{""@Name"":""ParentImage"",""#text"":""C:\\Program Files (x86)\\ossec-agent\\wazuh-agent.exe""},{""@Name"":""ParentCommandLine"",""#text"":""\""C:\\Program Files (x86)\\ossec-agent\\wazuh-agent.exe\""""},{""@Name"":""ParentUser"",""#text"":""NT AUTHORITY\\SYSTEM""}]}}"
263,263,2026-03-30 18:38:54.5487281,1,Info,Microsoft-Windows-Sysmon,Microsoft-Windows-Sysmon/Operational,2448,4460,DC01.corp.local,5,S-1-5-18,Process creation,NT AUTHORITY\SYSTEM,,"ProcessID: 3592, ProcessGUID: c9182e32-c33e-69ca-b200-000000000900",RuleName: -,"MD5=9E18ACE78034537344DA6036D4C3C8B1,SHA256=29389619B06E5DE97B3669F6FF92E226CB6DCE2254B07BA6FA88C3B5D3A9799E,IMPHASH=AB0C8C1C188B19D08FAF502671C04930",ParentProcess: C:\Program Files (x86)\ossec-agent\wazuh-agent.exe,"ParentProcessID: 2520, ParentProcessGUID: c9182e32-c326-69ca-4700-000000000900","ParentCommandLine: ""C:\Program Files (x86)\ossec-agent\wazuh-agent.exe""","auditpol.exe /get /subcategory:""Other Account Management Events""",False,C:\Users\owunc\Desktop\lab_logs\DC_Sysmon_ws.evtx,Classic,0,"{""EventData"":{""Data"":[{""@Name"":""RuleName"",""#text"":""-""},{""@Name"":""UtcTime"",""#text"":""2026-03-30 18:38:54.547""},{""@Name"":""ProcessGuid"",""#text"":""c9182e32-c33e-69ca-b200-000000000900""},{""@Name"":""ProcessId"",""#text"":""3592""},{""@Name"":""Image"",""#text"":""C:\\Windows\\SysWOW64\\auditpol.exe""},{""@Name"":""FileVersion"",""#text"":""10.0.20348.1 (WinBuild.160101.0800)""},{""@Name"":""Description"",""#text"":""Audit Policy Program""},{""@Name"":""Product"",""#text"":""Microsoft® Windows® Operating System""},{""@Name"":""Company"",""#text"":""Microsoft Corporation""},{""@Name"":""OriginalFileName"",""#text"":""AUDITPOL.EXE""},{""@Name"":""CommandLine"",""#text"":""auditpol.exe /get /subcategory:\""Other Account Management Events\""""},{""@Name"":""CurrentDirectory"",""#text"":""C:\\Program Files (x86)\\ossec-agent\\""},{""@Name"":""User"",""#text"":""NT AUTHORITY\\SYSTEM""},{""@Name"":""LogonGuid"",""#text"":""c9182e32-c31a-69ca-e703-000000000000""},{""@Name"":""LogonId"",""#text"":""0x3E7""},{""@Name"":""TerminalSessionId"",""#text"":""0""},{""@Name"":""IntegrityLevel"",""#text"":""System""},{""@Name"":""Hashes"",""#text"":""MD5=9E18ACE78034537344DA6036D4C3C8B1,SHA256=29389619B06E5DE97B3669F6FF92E226CB6DCE2254B07BA6FA88C3B5D3A9799E,IMPHASH=AB0C8C1C188B19D08FAF502671C04930""},{""@Name"":""ParentProcessGuid"",""#text"":""c9182e32-c326-69ca-4700-000000000900""},{""@Name"":""ParentProcessId"",""#text"":""2520""},{""@Name"":""ParentImage"",""#text"":""C:\\Program Files (x86)\\ossec-agent\\wazuh-agent.exe""},{""@Name"":""ParentCommandLine"",""#text"":""\""C:\\Program Files (x86)\\ossec-agent\\wazuh-agent.exe\""""},{""@Name"":""ParentUser"",""#text"":""NT AUTHORITY\\SYSTEM""}]}}"
264,264,2026-03-30 18:38:54.5753020,1,Info,Microsoft-Windows-Sysmon,Microsoft-Windows-Sysmon/Operational,2448,4460,DC01.corp.local,5,S-1-5-18,Process creation,NT AUTHORITY\SYSTEM,,"ProcessID: 4364, ProcessGUID: c9182e32-c33e-69ca-b400-000000000900",RuleName: -,"MD5=9E18ACE78034537344DA6036D4C3C8B1,SHA256=29389619B06E5DE97B3669F6FF92E226CB6DCE2254B07BA6FA88C3B5D3A9799E,IMPHASH=AB0C8C1C188B19D08FAF502671C04930",ParentProcess: C:\Program Files (x86)\ossec-agent\wazuh-agent.exe,"ParentProcessID: 2520, ParentProcessGUID: c9182e32-c326-69ca-4700-000000000900","ParentCommandLine: ""C:\Program Files (x86)\ossec-agent\wazuh-agent.exe""","auditpol.exe /get /subcategory:""Security Group Management""",False,C:\Users\owunc\Desktop\lab_logs\DC_Sysmon_ws.evtx,Classic,0,"{""EventData"":{""Data"":[{""@Name"":""RuleName"",""#text"":""-""},{""@Name"":""UtcTime"",""#text"":""2026-03-30 18:38:54.574""},{""@Name"":""ProcessGuid"",""#text"":""c9182e32-c33e-69ca-b400-000000000900""},{""@Name"":""ProcessId"",""#text"":""4364""},{""@Name"":""Image"",""#text"":""C:\\Windows\\SysWOW64\\auditpol.exe""},{""@Name"":""FileVersion"",""#text"":""10.0.20348.1 (WinBuild.160101.0800)""},{""@Name"":""Description"",""#text"":""Audit Policy Program""},{""@Name"":""Product"",""#text"":""Microsoft® Windows® Operating System""},{""@Name"":""Company"",""#text"":""Microsoft Corporation""},{""@Name"":""OriginalFileName"",""#text"":""AUDITPOL.EXE""},{""@Name"":""CommandLine"",""#text"":""auditpol.exe /get /subcategory:\""Security Group Management\""""},{""@Name"":""CurrentDirectory"",""#text"":""C:\\Program Files (x86)\\ossec-agent\\""},{""@Name"":""User"",""#text"":""NT AUTHORITY\\SYSTEM""},{""@Name"":""LogonGuid"",""#text"":""c9182e32-c31a-69ca-e703-000000000000""},{""@Name"":""LogonId"",""#text"":""0x3E7""},{""@Name"":""TerminalSessionId"",""#text"":""0""},{""@Name"":""IntegrityLevel"",""#text"":""System""},{""@Name"":""Hashes"",""#text"":""MD5=9E18ACE78034537344DA6036D4C3C8B1,SHA256=29389619B06E5DE97B3669F6FF92E226CB6DCE2254B07BA6FA88C3B5D3A9799E,IMPHASH=AB0C8C1C188B19D08FAF502671C04930""},{""@Name"":""ParentProcessGuid"",""#text"":""c9182e32-c326-69ca-4700-000000000900""},{""@Name"":""ParentProcessId"",""#text"":""2520""},{""@Name"":""ParentImage"",""#text"":""C:\\Program Files (x86)\\ossec-agent\\wazuh-agent.exe""},{""@Name"":""ParentCommandLine"",""#text"":""\""C:\\Program Files (x86)\\ossec-agent\\wazuh-agent.exe\""""},{""@Name"":""ParentUser"",""#text"":""NT AUTHORITY\\SYSTEM""}]}}"
265,265,2026-03-30 18:38:54.6051831,1,Info,Microsoft-Windows-Sysmon,Microsoft-Windows-Sysmon/Operational,2448,4460,DC01.corp.local,5,S-1-5-18,Process creation,NT AUTHORITY\SYSTEM,,"ProcessID: 5224, ProcessGUID: c9182e32-c33e-69ca-b600-000000000900",RuleName: -,"MD5=9E18ACE78034537344DA6036D4C3C8B1,SHA256=29389619B06E5DE97B3669F6FF92E226CB6DCE2254B07BA6FA88C3B5D3A9799E,IMPHASH=AB0C8C1C188B19D08FAF502671C04930",ParentProcess: C:\Program Files (x86)\ossec-agent\wazuh-agent.exe,"ParentProcessID: 2520, ParentProcessGUID: c9182e32-c326-69ca-4700-000000000900","ParentCommandLine: ""C:\Program Files (x86)\ossec-agent\wazuh-agent.exe""","auditpol.exe /get /subcategory:""User Account Management""",False,C:\Users\owunc\Desktop\lab_logs\DC_Sysmon_ws.evtx,Classic,0,"{""EventData"":{""Data"":[{""@Name"":""RuleName"",""#text"":""-""},{""@Name"":""UtcTime"",""#text"":""2026-03-30 18:38:54.603""},{""@Name"":""ProcessGuid"",""#text"":""c9182e32-c33e-69ca-b600-000000000900""},{""@Name"":""ProcessId"",""#text"":""5224""},{""@Name"":""Image"",""#text"":""C:\\Windows\\SysWOW64\\auditpol.exe""},{""@Name"":""FileVersion"",""#text"":""10.0.20348.1 (WinBuild.160101.0800)""},{""@Name"":""Description"",""#text"":""Audit Policy Program""},{""@Name"":""Product"",""#text"":""Microsoft® Windows® Operating System""},{""@Name"":""Company"",""#text"":""Microsoft Corporation""},{""@Name"":""OriginalFileName"",""#text"":""AUDITPOL.EXE""},{""@Name"":""CommandLine"",""#text"":""auditpol.exe /get /subcategory:\""User Account Management\""""},{""@Name"":""CurrentDirectory"",""#text"":""C:\\Program Files (x86)\\ossec-agent\\""},{""@Name"":""User"",""#text"":""NT AUTHORITY\\SYSTEM""},{""@Name"":""LogonGuid"",""#text"":""c9182e32-c31a-69ca-e703-000000000000""},{""@Name"":""LogonId"",""#text"":""0x3E7""},{""@Name"":""TerminalSessionId"",""#text"":""0""},{""@Name"":""IntegrityLevel"",""#text"":""System""},{""@Name"":""Hashes"",""#text"":""MD5=9E18ACE78034537344DA6036D4C3C8B1,SHA256=29389619B06E5DE97B3669F6FF92E226CB6DCE2254B07BA6FA88C3B5D3A9799E,IMPHASH=AB0C8C1C188B19D08FAF502671C04930""},{""@Name"":""ParentProcessGuid"",""#text"":""c9182e32-c326-69ca-4700-000000000900""},{""@Name"":""ParentProcessId"",""#text"":""2520""},{""@Name"":""ParentImage"",""#text"":""C:\\Program Files (x86)\\ossec-agent\\wazuh-agent.exe""},{""@Name"":""ParentCommandLine"",""#text"":""\""C:\\Program Files (x86)\\ossec-agent\\wazuh-agent.exe\""""},{""@Name"":""ParentUser"",""#text"":""NT AUTHORITY\\SYSTEM""}]}}"
266,266,2026-03-30 18:38:54.6331256,1,Info,Microsoft-Windows-Sysmon,Microsoft-Windows-Sysmon/Operational,2448,4460,DC01.corp.local,5,S-1-5-18,Process creation,NT AUTHORITY\SYSTEM,,"ProcessID: 5604, ProcessGUID: c9182e32-c33e-69ca-b800-000000000900",RuleName: -,"MD5=9E18ACE78034537344DA6036D4C3C8B1,SHA256=29389619B06E5DE97B3669F6FF92E226CB6DCE2254B07BA6FA88C3B5D3A9799E,IMPHASH=AB0C8C1C188B19D08FAF502671C04930",ParentProcess: C:\Program Files (x86)\ossec-agent\wazuh-agent.exe,"ParentProcessID: 2520, ParentProcessGUID: c9182e32-c326-69ca-4700-000000000900","ParentCommandLine: ""C:\Program Files (x86)\ossec-agent\wazuh-agent.exe""","auditpol.exe /get /subcategory:""Plug and Play Events""",False,C:\Users\owunc\Desktop\lab_logs\DC_Sysmon_ws.evtx,Classic,0,"{""EventData"":{""Data"":[{""@Name"":""RuleName"",""#text"":""-""},{""@Name"":""UtcTime"",""#text"":""2026-03-30 18:38:54.631""},{""@Name"":""ProcessGuid"",""#text"":""c9182e32-c33e-69ca-b800-000000000900""},{""@Name"":""ProcessId"",""#text"":""5604""},{""@Name"":""Image"",""#text"":""C:\\Windows\\SysWOW64\\auditpol.exe""},{""@Name"":""FileVersion"",""#text"":""10.0.20348.1 (WinBuild.160101.0800)""},{""@Name"":""Description"",""#text"":""Audit Policy Program""},{""@Name"":""Product"",""#text"":""Microsoft® Windows® Operating System""},{""@Name"":""Company"",""#text"":""Microsoft Corporation""},{""@Name"":""OriginalFileName"",""#text"":""AUDITPOL.EXE""},{""@Name"":""CommandLine"",""#text"":""auditpol.exe /get /subcategory:\""Plug and Play Events\""""},{""@Name"":""CurrentDirectory"",""#text"":""C:\\Program Files (x86)\\ossec-agent\\""},{""@Name"":""User"",""#text"":""NT AUTHORITY\\SYSTEM""},{""@Name"":""LogonGuid"",""#text"":""c9182e32-c31a-69ca-e703-000000000000""},{""@Name"":""LogonId"",""#text"":""0x3E7""},{""@Name"":""TerminalSessionId"",""#text"":""0""},{""@Name"":""IntegrityLevel"",""#text"":""System""},{""@Name"":""Hashes"",""#text"":""MD5=9E18ACE78034537344DA6036D4C3C8B1,SHA256=29389619B06E5DE97B3669F6FF92E226CB6DCE2254B07BA6FA88C3B5D3A9799E,IMPHASH=AB0C8C1C188B19D08FAF502671C04930""},{""@Name"":""ParentProcessGuid"",""#text"":""c9182e32-c326-69ca-4700-000000000900""},{""@Name"":""ParentProcessId"",""#text"":""2520""},{""@Name"":""ParentImage"",""#text"":""C:\\Program Files (x86)\\ossec-agent\\wazuh-agent.exe""},{""@Name"":""ParentCommandLine"",""#text"":""\""C:\\Program Files (x86)\\ossec-agent\\wazuh-agent.exe\""""},{""@Name"":""ParentUser"",""#text"":""NT AUTHORITY\\SYSTEM""}]}}"
267,267,2026-03-30 18:38:54.6634724,1,Info,Microsoft-Windows-Sysmon,Microsoft-Windows-Sysmon/Operational,2448,4460,DC01.corp.local,5,S-1-5-18,Process creation,NT AUTHORITY\SYSTEM,,"ProcessID: 5800, ProcessGUID: c9182e32-c33e-69ca-ba00-000000000900",RuleName: -,"MD5=9E18ACE78034537344DA6036D4C3C8B1,SHA256=29389619B06E5DE97B3669F6FF92E226CB6DCE2254B07BA6FA88C3B5D3A9799E,IMPHASH=AB0C8C1C188B19D08FAF502671C04930",ParentProcess: C:\Program Files (x86)\ossec-agent\wazuh-agent.exe,"ParentProcessID: 2520, ParentProcessGUID: c9182e32-c326-69ca-4700-000000000900","ParentCommandLine: ""C:\Program Files (x86)\ossec-agent\wazuh-agent.exe""","auditpol.exe /get /subcategory:""Process Creation""",False,C:\Users\owunc\Desktop\lab_logs\DC_Sysmon_ws.evtx,Classic,0,"{""EventData"":{""Data"":[{""@Name"":""RuleName"",""#text"":""-""},{""@Name"":""UtcTime"",""#text"":""2026-03-30 18:38:54.662""},{""@Name"":""ProcessGuid"",""#text"":""c9182e32-c33e-69ca-ba00-000000000900""},{""@Name"":""ProcessId"",""#text"":""5800""},{""@Name"":""Image"",""#text"":""C:\\Windows\\SysWOW64\\auditpol.exe""},{""@Name"":""FileVersion"",""#text"":""10.0.20348.1 (WinBuild.160101.0800)""},{""@Name"":""Description"",""#text"":""Audit Policy Program""},{""@Name"":""Product"",""#text"":""Microsoft® Windows® Operating System""},{""@Name"":""Company"",""#text"":""Microsoft Corporation""},{""@Name"":""OriginalFileName"",""#text"":""AUDITPOL.EXE""},{""@Name"":""CommandLine"",""#text"":""auditpol.exe /get /subcategory:\""Process Creation\""""},{""@Name"":""CurrentDirectory"",""#text"":""C:\\Program Files (x86)\\ossec-agent\\""},{""@Name"":""User"",""#text"":""NT AUTHORITY\\SYSTEM""},{""@Name"":""LogonGuid"",""#text"":""c9182e32-c31a-69ca-e703-000000000000""},{""@Name"":""LogonId"",""#text"":""0x3E7""},{""@Name"":""TerminalSessionId"",""#text"":""0""},{""@Name"":""IntegrityLevel"",""#text"":""System""},{""@Name"":""Hashes"",""#text"":""MD5=9E18ACE78034537344DA6036D4C3C8B1,SHA256=29389619B06E5DE97B3669F6FF92E226CB6DCE2254B07BA6FA88C3B5D3A9799E,IMPHASH=AB0C8C1C188B19D08FAF502671C04930""},{""@Name"":""ParentProcessGuid"",""#text"":""c9182e32-c326-69ca-4700-000000000900""},{""@Name"":""ParentProcessId"",""#text"":""2520""},{""@Name"":""ParentImage"",""#text"":""C:\\Program Files (x86)\\ossec-agent\\wazuh-agent.exe""},{""@Name"":""ParentCommandLine"",""#text"":""\""C:\\Program Files (x86)\\ossec-agent\\wazuh-agent.exe\""""},{""@Name"":""ParentUser"",""#text"":""NT AUTHORITY\\SYSTEM""}]}}"
268,268,2026-03-30 18:38:54.6930894,1,Info,Microsoft-Windows-Sysmon,Microsoft-Windows-Sysmon/Operational,2448,4460,DC01.corp.local,5,S-1-5-18,Process creation,NT AUTHORITY\SYSTEM,,"ProcessID: 5832, ProcessGUID: c9182e32-c33e-69ca-bc00-000000000900",RuleName: -,"MD5=9E18ACE78034537344DA6036D4C3C8B1,SHA256=29389619B06E5DE97B3669F6FF92E226CB6DCE2254B07BA6FA88C3B5D3A9799E,IMPHASH=AB0C8C1C188B19D08FAF502671C04930",ParentProcess: C:\Program Files (x86)\ossec-agent\wazuh-agent.exe,"ParentProcessID: 2520, ParentProcessGUID: c9182e32-c326-69ca-4700-000000000900","ParentCommandLine: ""C:\Program Files (x86)\ossec-agent\wazuh-agent.exe""","auditpol.exe /get /subcategory:""Directory Service Access""",False,C:\Users\owunc\Desktop\lab_logs\DC_Sysmon_ws.evtx,Classic,0,"{""EventData"":{""Data"":[{""@Name"":""RuleName"",""#text"":""-""},{""@Name"":""UtcTime"",""#text"":""2026-03-30 18:38:54.691""},{""@Name"":""ProcessGuid"",""#text"":""c9182e32-c33e-69ca-bc00-000000000900""},{""@Name"":""ProcessId"",""#text"":""5832""},{""@Name"":""Image"",""#text"":""C:\\Windows\\SysWOW64\\auditpol.exe""},{""@Name"":""FileVersion"",""#text"":""10.0.20348.1 (WinBuild.160101.0800)""},{""@Name"":""Description"",""#text"":""Audit Policy Program""},{""@Name"":""Product"",""#text"":""Microsoft® Windows® Operating System""},{""@Name"":""Company"",""#text"":""Microsoft Corporation""},{""@Name"":""OriginalFileName"",""#text"":""AUDITPOL.EXE""},{""@Name"":""CommandLine"",""#text"":""auditpol.exe /get /subcategory:\""Directory Service Access\""""},{""@Name"":""CurrentDirectory"",""#text"":""C:\\Program Files (x86)\\ossec-agent\\""},{""@Name"":""User"",""#text"":""NT AUTHORITY\\SYSTEM""},{""@Name"":""LogonGuid"",""#text"":""c9182e32-c31a-69ca-e703-000000000000""},{""@Name"":""LogonId"",""#text"":""0x3E7""},{""@Name"":""TerminalSessionId"",""#text"":""0""},{""@Name"":""IntegrityLevel"",""#text"":""System""},{""@Name"":""Hashes"",""#text"":""MD5=9E18ACE78034537344DA6036D4C3C8B1,SHA256=29389619B06E5DE97B3669F6FF92E226CB6DCE2254B07BA6FA88C3B5D3A9799E,IMPHASH=AB0C8C1C188B19D08FAF502671C04930""},{""@Name"":""ParentProcessGuid"",""#text"":""c9182e32-c326-69ca-4700-000000000900""},{""@Name"":""ParentProcessId"",""#text"":""2520""},{""@Name"":""ParentImage"",""#text"":""C:\\Program Files (x86)\\ossec-agent\\wazuh-agent.exe""},{""@Name"":""ParentCommandLine"",""#text"":""\""C:\\Program Files (x86)\\ossec-agent\\wazuh-agent.exe\""""},{""@Name"":""ParentUser"",""#text"":""NT AUTHORITY\\SYSTEM""}]}}"
269,269,2026-03-30 18:38:54.7201576,1,Info,Microsoft-Windows-Sysmon,Microsoft-Windows-Sysmon/Operational,2448,4460,DC01.corp.local,5,S-1-5-18,Process creation,NT AUTHORITY\SYSTEM,,"ProcessID: 6116, ProcessGUID: c9182e32-c33e-69ca-be00-000000000900",RuleName: -,"MD5=9E18ACE78034537344DA6036D4C3C8B1,SHA256=29389619B06E5DE97B3669F6FF92E226CB6DCE2254B07BA6FA88C3B5D3A9799E,IMPHASH=AB0C8C1C188B19D08FAF502671C04930",ParentProcess: C:\Program Files (x86)\ossec-agent\wazuh-agent.exe,"ParentProcessID: 2520, ParentProcessGUID: c9182e32-c326-69ca-4700-000000000900","ParentCommandLine: ""C:\Program Files (x86)\ossec-agent\wazuh-agent.exe""","auditpol.exe /get /subcategory:""Directory Service Changes""",False,C:\Users\owunc\Desktop\lab_logs\DC_Sysmon_ws.evtx,Classic,0,"{""EventData"":{""Data"":[{""@Name"":""RuleName"",""#text"":""-""},{""@Name"":""UtcTime"",""#text"":""2026-03-30 18:38:54.718""},{""@Name"":""ProcessGuid"",""#text"":""c9182e32-c33e-69ca-be00-000000000900""},{""@Name"":""ProcessId"",""#text"":""6116""},{""@Name"":""Image"",""#text"":""C:\\Windows\\SysWOW64\\auditpol.exe""},{""@Name"":""FileVersion"",""#text"":""10.0.20348.1 (WinBuild.160101.0800)""},{""@Name"":""Description"",""#text"":""Audit Policy Program""},{""@Name"":""Product"",""#text"":""Microsoft® Windows® Operating System""},{""@Name"":""Company"",""#text"":""Microsoft Corporation""},{""@Name"":""OriginalFileName"",""#text"":""AUDITPOL.EXE""},{""@Name"":""CommandLine"",""#text"":""auditpol.exe /get /subcategory:\""Directory Service Changes\""""},{""@Name"":""CurrentDirectory"",""#text"":""C:\\Program Files (x86)\\ossec-agent\\""},{""@Name"":""User"",""#text"":""NT AUTHORITY\\SYSTEM""},{""@Name"":""LogonGuid"",""#text"":""c9182e32-c31a-69ca-e703-000000000000""},{""@Name"":""LogonId"",""#text"":""0x3E7""},{""@Name"":""TerminalSessionId"",""#text"":""0""},{""@Name"":""IntegrityLevel"",""#text"":""System""},{""@Name"":""Hashes"",""#text"":""MD5=9E18ACE78034537344DA6036D4C3C8B1,SHA256=29389619B06E5DE97B3669F6FF92E226CB6DCE2254B07BA6FA88C3B5D3A9799E,IMPHASH=AB0C8C1C188B19D08FAF502671C04930""},{""@Name"":""ParentProcessGuid"",""#text"":""c9182e32-c326-69ca-4700-000000000900""},{""@Name"":""ParentProcessId"",""#text"":""2520""},{""@Name"":""ParentImage"",""#text"":""C:\\Program Files (x86)\\ossec-agent\\wazuh-agent.exe""},{""@Name"":""ParentCommandLine"",""#text"":""\""C:\\Program Files (x86)\\ossec-agent\\wazuh-agent.exe\""""},{""@Name"":""ParentUser"",""#text"":""NT AUTHORITY\\SYSTEM""}]}}"
270,270,2026-03-30 18:38:54.7479570,1,Info,Microsoft-Windows-Sysmon,Microsoft-Windows-Sysmon/Operational,2448,4460,DC01.corp.local,5,S-1-5-18,Process creation,NT AUTHORITY\SYSTEM,,"ProcessID: 5776, ProcessGUID: c9182e32-c33e-69ca-c000-000000000900",RuleName: -,"MD5=9E18ACE78034537344DA6036D4C3C8B1,SHA256=29389619B06E5DE97B3669F6FF92E226CB6DCE2254B07BA6FA88C3B5D3A9799E,IMPHASH=AB0C8C1C188B19D08FAF502671C04930",ParentProcess: C:\Program Files (x86)\ossec-agent\wazuh-agent.exe,"ParentProcessID: 2520, ParentProcessGUID: c9182e32-c326-69ca-4700-000000000900","ParentCommandLine: ""C:\Program Files (x86)\ossec-agent\wazuh-agent.exe""","auditpol.exe /get /subcategory:""Account Lockout""",False,C:\Users\owunc\Desktop\lab_logs\DC_Sysmon_ws.evtx,Classic,0,"{""EventData"":{""Data"":[{""@Name"":""RuleName"",""#text"":""-""},{""@Name"":""UtcTime"",""#text"":""2026-03-30 18:38:54.746""},{""@Name"":""ProcessGuid"",""#text"":""c9182e32-c33e-69ca-c000-000000000900""},{""@Name"":""ProcessId"",""#text"":""5776""},{""@Name"":""Image"",""#text"":""C:\\Windows\\SysWOW64\\auditpol.exe""},{""@Name"":""FileVersion"",""#text"":""10.0.20348.1 (WinBuild.160101.0800)""},{""@Name"":""Description"",""#text"":""Audit Policy Program""},{""@Name"":""Product"",""#text"":""Microsoft® Windows® Operating System""},{""@Name"":""Company"",""#text"":""Microsoft Corporation""},{""@Name"":""OriginalFileName"",""#text"":""AUDITPOL.EXE""},{""@Name"":""CommandLine"",""#text"":""auditpol.exe /get /subcategory:\""Account Lockout\""""},{""@Name"":""CurrentDirectory"",""#text"":""C:\\Program Files (x86)\\ossec-agent\\""},{""@Name"":""User"",""#text"":""NT AUTHORITY\\SYSTEM""},{""@Name"":""LogonGuid"",""#text"":""c9182e32-c31a-69ca-e703-000000000000""},{""@Name"":""LogonId"",""#text"":""0x3E7""},{""@Name"":""TerminalSessionId"",""#text"":""0""},{""@Name"":""IntegrityLevel"",""#text"":""System""},{""@Name"":""Hashes"",""#text"":""MD5=9E18ACE78034537344DA6036D4C3C8B1,SHA256=29389619B06E5DE97B3669F6FF92E226CB6DCE2254B07BA6FA88C3B5D3A9799E,IMPHASH=AB0C8C1C188B19D08FAF502671C04930""},{""@Name"":""ParentProcessGuid"",""#text"":""c9182e32-c326-69ca-4700-000000000900""},{""@Name"":""ParentProcessId"",""#text"":""2520""},{""@Name"":""ParentImage"",""#text"":""C:\\Program Files (x86)\\ossec-agent\\wazuh-agent.exe""},{""@Name"":""ParentCommandLine"",""#text"":""\""C:\\Program Files (x86)\\ossec-agent\\wazuh-agent.exe\""""},{""@Name"":""ParentUser"",""#text"":""NT AUTHORITY\\SYSTEM""}]}}"
271,271,2026-03-30 18:38:54.7757839,1,Info,Microsoft-Windows-Sysmon,Microsoft-Windows-Sysmon/Operational,2448,4460,DC01.corp.local,5,S-1-5-18,Process creation,NT AUTHORITY\SYSTEM,,"ProcessID: 5708, ProcessGUID: c9182e32-c33e-69ca-c200-000000000900",RuleName: -,"MD5=9E18ACE78034537344DA6036D4C3C8B1,SHA256=29389619B06E5DE97B3669F6FF92E226CB6DCE2254B07BA6FA88C3B5D3A9799E,IMPHASH=AB0C8C1C188B19D08FAF502671C04930",ParentProcess: C:\Program Files (x86)\ossec-agent\wazuh-agent.exe,"ParentProcessID: 2520, ParentProcessGUID: c9182e32-c326-69ca-4700-000000000900","ParentCommandLine: ""C:\Program Files (x86)\ossec-agent\wazuh-agent.exe""","auditpol.exe /get /subcategory:""Group Membership""",False,C:\Users\owunc\Desktop\lab_logs\DC_Sysmon_ws.evtx,Classic,0,"{""EventData"":{""Data"":[{""@Name"":""RuleName"",""#text"":""-""},{""@Name"":""UtcTime"",""#text"":""2026-03-30 18:38:54.774""},{""@Name"":""ProcessGuid"",""#text"":""c9182e32-c33e-69ca-c200-000000000900""},{""@Name"":""ProcessId"",""#text"":""5708""},{""@Name"":""Image"",""#text"":""C:\\Windows\\SysWOW64\\auditpol.exe""},{""@Name"":""FileVersion"",""#text"":""10.0.20348.1 (WinBuild.160101.0800)""},{""@Name"":""Description"",""#text"":""Audit Policy Program""},{""@Name"":""Product"",""#text"":""Microsoft® Windows® Operating System""},{""@Name"":""Company"",""#text"":""Microsoft Corporation""},{""@Name"":""OriginalFileName"",""#text"":""AUDITPOL.EXE""},{""@Name"":""CommandLine"",""#text"":""auditpol.exe /get /subcategory:\""Group Membership\""""},{""@Name"":""CurrentDirectory"",""#text"":""C:\\Program Files (x86)\\ossec-agent\\""},{""@Name"":""User"",""#text"":""NT AUTHORITY\\SYSTEM""},{""@Name"":""LogonGuid"",""#text"":""c9182e32-c31a-69ca-e703-000000000000""},{""@Name"":""LogonId"",""#text"":""0x3E7""},{""@Name"":""TerminalSessionId"",""#text"":""0""},{""@Name"":""IntegrityLevel"",""#text"":""System""},{""@Name"":""Hashes"",""#text"":""MD5=9E18ACE78034537344DA6036D4C3C8B1,SHA256=29389619B06E5DE97B3669F6FF92E226CB6DCE2254B07BA6FA88C3B5D3A9799E,IMPHASH=AB0C8C1C188B19D08FAF502671C04930""},{""@Name"":""ParentProcessGuid"",""#text"":""c9182e32-c326-69ca-4700-000000000900""},{""@Name"":""ParentProcessId"",""#text"":""2520""},{""@Name"":""ParentImage"",""#text"":""C:\\Program Files (x86)\\ossec-agent\\wazuh-agent.exe""},{""@Name"":""ParentCommandLine"",""#text"":""\""C:\\Program Files (x86)\\ossec-agent\\wazuh-agent.exe\""""},{""@Name"":""ParentUser"",""#text"":""NT AUTHORITY\\SYSTEM""}]}}"
