993,993,2026-03-30 22:45:51.4888861,1,Info,Microsoft-Windows-Sysmon,Microsoft-Windows-Sysmon/Operational,2400,4356,DC01.corp.local,20,S-1-5-18,Process creation,NT AUTHORITY\SYSTEM,,"ProcessID: 4796, ProcessGUID: c9182e32-fd1f-69ca-5e00-000000000a00",RuleName: -,"MD5=0B6F22DA11CC77C46AA67EE6B6C3EAD0,SHA256=E4C3EB66ECB2E946924031191D761A59DEBE940BE7F019FED78C8B558D67EE47,IMPHASH=D841FC50F72911FF192FAF83F874E4DF",ParentProcess: C:\Windows\System32\svchost.exe,"ParentProcessID: 968, ParentProcessGUID: c9182e32-fd14-69ca-0d00-000000000a00",ParentCommandLine: C:\Windows\system32\svchost.exe -k DcomLaunch -p,C:\Windows\winsxs\amd64_microsoft-windows-servicingstack_31bf3856ad364e35_10.0.20348.557_none_f1edaeb8515fa10d\TiWorker.exe -Embedding,False,C:\Users\owunc\Desktop\lab_logs\DC_Sysmon_ws.evtx,Classic,0,"{""EventData"":{""Data"":[{""@Name"":""RuleName"",""#text"":""-""},{""@Name"":""UtcTime"",""#text"":""2026-03-30 22:45:51.417""},{""@Name"":""ProcessGuid"",""#text"":""c9182e32-fd1f-69ca-5e00-000000000a00""},{""@Name"":""ProcessId"",""#text"":""4796""},{""@Name"":""Image"",""#text"":""C:\\Windows\\WinSxS\\amd64_microsoft-windows-servicingstack_31bf3856ad364e35_10.0.20348.557_none_f1edaeb8515fa10d\\TiWorker.exe""},{""@Name"":""FileVersion"",""#text"":""10.0.20348.557 (WinBuild.160101.0800)""},{""@Name"":""Description"",""#text"":""Windows Modules Installer Worker""},{""@Name"":""Product"",""#text"":""Microsoft® Windows® Operating System""},{""@Name"":""Company"",""#text"":""Microsoft Corporation""},{""@Name"":""OriginalFileName"",""#text"":""TiWorker.exe""},{""@Name"":""CommandLine"",""#text"":""C:\\Windows\\winsxs\\amd64_microsoft-windows-servicingstack_31bf3856ad364e35_10.0.20348.557_none_f1edaeb8515fa10d\\TiWorker.exe -Embedding""},{""@Name"":""CurrentDirectory"",""#text"":""C:\\Windows\\system32\\""},{""@Name"":""User"",""#text"":""NT AUTHORITY\\SYSTEM""},{""@Name"":""LogonGuid"",""#text"":""c9182e32-fd12-69ca-e703-000000000000""},{""@Name"":""LogonId"",""#text"":""0x3E7""},{""@Name"":""TerminalSessionId"",""#text"":""0""},{""@Name"":""IntegrityLevel"",""#text"":""System""},{""@Name"":""Hashes"",""#text"":""MD5=0B6F22DA11CC77C46AA67EE6B6C3EAD0,SHA256=E4C3EB66ECB2E946924031191D761A59DEBE940BE7F019FED78C8B558D67EE47,IMPHASH=D841FC50F72911FF192FAF83F874E4DF""},{""@Name"":""ParentProcessGuid"",""#text"":""c9182e32-fd14-69ca-0d00-000000000a00""},{""@Name"":""ParentProcessId"",""#text"":""968""},{""@Name"":""ParentImage"",""#text"":""C:\\Windows\\System32\\svchost.exe""},{""@Name"":""ParentCommandLine"",""#text"":""C:\\Windows\\system32\\svchost.exe -k DcomLaunch -p""},{""@Name"":""ParentUser"",""#text"":""NT AUTHORITY\\SYSTEM""}]}}"
994,994,2026-03-30 22:45:52.5009014,1,Info,Microsoft-Windows-Sysmon,Microsoft-Windows-Sysmon/Operational,2400,4356,DC01.corp.local,20,S-1-5-18,Process creation,NT AUTHORITY\SYSTEM,,"ProcessID: 5172, ProcessGUID: c9182e32-fd20-69ca-6300-000000000a00",RuleName: -,"MD5=D6037F722E7259FDCCFEAF56B036ADF2,SHA256=924F9AC482B2F9D2790D6E89A8B479E245299FEEBDE45D3C96686608E835B96C,IMPHASH=B24F54ABE6C350F81966C25CEF2242FA",ParentProcess: C:\Windows\System32\services.exe,"ParentProcessID: 736, ParentProcessGUID: c9182e32-fd12-69ca-0b00-000000000a00",ParentCommandLine: C:\Windows\system32\services.exe,C:\Windows\system32\vssvc.exe,False,C:\Users\owunc\Desktop\lab_logs\DC_Sysmon_ws.evtx,Classic,0,"{""EventData"":{""Data"":[{""@Name"":""RuleName"",""#text"":""-""},{""@Name"":""UtcTime"",""#text"":""2026-03-30 22:45:52.493""},{""@Name"":""ProcessGuid"",""#text"":""c9182e32-fd20-69ca-6300-000000000a00""},{""@Name"":""ProcessId"",""#text"":""5172""},{""@Name"":""Image"",""#text"":""C:\\Windows\\System32\\VSSVC.exe""},{""@Name"":""FileVersion"",""#text"":""10.0.20348.502 (WinBuild.160101.0800)""},{""@Name"":""Description"",""#text"":""Microsoft® Volume Shadow Copy Service""},{""@Name"":""Product"",""#text"":""Microsoft® Windows® Operating System""},{""@Name"":""Company"",""#text"":""Microsoft Corporation""},{""@Name"":""OriginalFileName"",""#text"":""VSSVC.EXE""},{""@Name"":""CommandLine"",""#text"":""C:\\Windows\\system32\\vssvc.exe""},{""@Name"":""CurrentDirectory"",""#text"":""C:\\Windows\\system32\\""},{""@Name"":""User"",""#text"":""NT AUTHORITY\\SYSTEM""},{""@Name"":""LogonGuid"",""#text"":""c9182e32-fd12-69ca-e703-000000000000""},{""@Name"":""LogonId"",""#text"":""0x3E7""},{""@Name"":""TerminalSessionId"",""#text"":""0""},{""@Name"":""IntegrityLevel"",""#text"":""System""},{""@Name"":""Hashes"",""#text"":""MD5=D6037F722E7259FDCCFEAF56B036ADF2,SHA256=924F9AC482B2F9D2790D6E89A8B479E245299FEEBDE45D3C96686608E835B96C,IMPHASH=B24F54ABE6C350F81966C25CEF2242FA""},{""@Name"":""ParentProcessGuid"",""#text"":""c9182e32-fd12-69ca-0b00-000000000a00""},{""@Name"":""ParentProcessId"",""#text"":""736""},{""@Name"":""ParentImage"",""#text"":""C:\\Windows\\System32\\services.exe""},{""@Name"":""ParentCommandLine"",""#text"":""C:\\Windows\\system32\\services.exe""},{""@Name"":""ParentUser"",""#text"":""NT AUTHORITY\\SYSTEM""}]}}"
995,995,2026-03-30 22:45:53.1091376,22,Info,Microsoft-Windows-Sysmon,Microsoft-Windows-Sysmon/Operational,2400,4372,DC01.corp.local,20,S-1-5-18,DNSEvent (DNS query),NT AUTHORITY\SYSTEM,,"ProcessID: 2984, ProcessGUID: c9182e32-fd1e-69ca-3d00-000000000a00",RuleName: -,Image: C:\Windows\ADWS\Microsoft.ActiveDirectory.WebServices.exe,QueryName: DC01.corp.local,QueryStatus: 0,QueryResults: fe80::edbf:7020:ccdd:502e;::ffff:192.168.93.50;,,False,C:\Users\owunc\Desktop\lab_logs\DC_Sysmon_ws.evtx,Classic,0,"{""EventData"":{""Data"":[{""@Name"":""RuleName"",""#text"":""-""},{""@Name"":""UtcTime"",""#text"":""2026-03-30 22:45:51.248""},{""@Name"":""ProcessGuid"",""#text"":""c9182e32-fd1e-69ca-3d00-000000000a00""},{""@Name"":""ProcessId"",""#text"":""2984""},{""@Name"":""QueryName"",""#text"":""DC01.corp.local""},{""@Name"":""QueryStatus"",""#text"":""0""},{""@Name"":""QueryResults"",""#text"":""fe80::edbf:7020:ccdd:502e;::ffff:192.168.93.50;""},{""@Name"":""Image"",""#text"":""C:\\Windows\\ADWS\\Microsoft.ActiveDirectory.WebServices.exe""},{""@Name"":""User"",""#text"":""NT AUTHORITY\\SYSTEM""}]}}"
996,996,2026-03-30 22:45:53.1091485,22,Info,Microsoft-Windows-Sysmon,Microsoft-Windows-Sysmon/Operational,2400,4372,DC01.corp.local,20,S-1-5-18,DNSEvent (DNS query),NT AUTHORITY\SYSTEM,,"ProcessID: 4036, ProcessGUID: c9182e32-fd1e-69ca-5600-000000000a00",RuleName: -,Image: C:\Windows\System32\dllhost.exe,QueryName: DC01,QueryStatus: 0,QueryResults: 192.168.93.50;,,False,C:\Users\owunc\Desktop\lab_logs\DC_Sysmon_ws.evtx,Classic,0,"{""EventData"":{""Data"":[{""@Name"":""RuleName"",""#text"":""-""},{""@Name"":""UtcTime"",""#text"":""2026-03-30 22:45:51.333""},{""@Name"":""ProcessGuid"",""#text"":""c9182e32-fd1e-69ca-5600-000000000a00""},{""@Name"":""ProcessId"",""#text"":""4036""},{""@Name"":""QueryName"",""#text"":""DC01""},{""@Name"":""QueryStatus"",""#text"":""0""},{""@Name"":""QueryResults"",""#text"":""192.168.93.50;""},{""@Name"":""Image"",""#text"":""C:\\Windows\\System32\\dllhost.exe""},{""@Name"":""User"",""#text"":""NT AUTHORITY\\SYSTEM""}]}}"
997,997,2026-03-30 22:45:53.1091645,22,Info,Microsoft-Windows-Sysmon,Microsoft-Windows-Sysmon/Operational,2400,4372,DC01.corp.local,20,S-1-5-18,DNSEvent (DNS query),NT AUTHORITY\SYSTEM,,"ProcessID: 4412, ProcessGUID: c9182e32-fd1f-69ca-5a00-000000000a00",RuleName: -,Image: C:\Windows\System32\taskhostw.exe,QueryName: DC01.corp.local,QueryStatus: 0,QueryResults: fe80::edbf:7020:ccdd:502e;::ffff:192.168.93.50;,,False,C:\Users\owunc\Desktop\lab_logs\DC_Sysmon_ws.evtx,Classic,0,"{""EventData"":{""Data"":[{""@Name"":""RuleName"",""#text"":""-""},{""@Name"":""UtcTime"",""#text"":""2026-03-30 22:45:51.525""},{""@Name"":""ProcessGuid"",""#text"":""c9182e32-fd1f-69ca-5a00-000000000a00""},{""@Name"":""ProcessId"",""#text"":""4412""},{""@Name"":""QueryName"",""#text"":""DC01.corp.local""},{""@Name"":""QueryStatus"",""#text"":""0""},{""@Name"":""QueryResults"",""#text"":""fe80::edbf:7020:ccdd:502e;::ffff:192.168.93.50;""},{""@Name"":""Image"",""#text"":""C:\\Windows\\System32\\taskhostw.exe""},{""@Name"":""User"",""#text"":""NT AUTHORITY\\SYSTEM""}]}}"
998,998,2026-03-30 22:45:55.1218310,22,Info,Microsoft-Windows-Sysmon,Microsoft-Windows-Sysmon/Operational,2400,4372,DC01.corp.local,20,S-1-5-18,DNSEvent (DNS query),NT AUTHORITY\SYSTEM,,"ProcessID: 2960, ProcessGUID: c9182e32-fd1e-69ca-3b00-000000000a00",RuleName: -,Image: C:\Windows\System32\dfsrs.exe,QueryName: DC01,QueryStatus: 0,QueryResults: fe80::edbf:7020:ccdd:502e;::ffff:192.168.93.50;,,False,C:\Users\owunc\Desktop\lab_logs\DC_Sysmon_ws.evtx,Classic,0,"{""EventData"":{""Data"":[{""@Name"":""RuleName"",""#text"":""-""},{""@Name"":""UtcTime"",""#text"":""2026-03-30 22:45:53.187""},{""@Name"":""ProcessGuid"",""#text"":""c9182e32-fd1e-69ca-3b00-000000000a00""},{""@Name"":""ProcessId"",""#text"":""2960""},{""@Name"":""QueryName"",""#text"":""DC01""},{""@Name"":""QueryStatus"",""#text"":""0""},{""@Name"":""QueryResults"",""#text"":""fe80::edbf:7020:ccdd:502e;::ffff:192.168.93.50;""},{""@Name"":""Image"",""#text"":""C:\\Windows\\System32\\dfsrs.exe""},{""@Name"":""User"",""#text"":""NT AUTHORITY\\SYSTEM""}]}}"
999,999,2026-03-30 22:45:59.1997569,22,Info,Microsoft-Windows-Sysmon,Microsoft-Windows-Sysmon/Operational,2400,4372,DC01.corp.local,20,S-1-5-18,DNSEvent (DNS query),NT AUTHORITY\SYSTEM,,"ProcessID: 756, ProcessGUID: c9182e32-fd12-69ca-0c00-000000000a00",RuleName: -,Image: C:\Windows\System32\lsass.exe,QueryName: DC01,QueryStatus: 0,QueryResults: 192.168.93.50;,,False,C:\Users\owunc\Desktop\lab_logs\DC_Sysmon_ws.evtx,Classic,0,"{""EventData"":{""Data"":[{""@Name"":""RuleName"",""#text"":""-""},{""@Name"":""UtcTime"",""#text"":""2026-03-30 22:45:56.434""},{""@Name"":""ProcessGuid"",""#text"":""c9182e32-fd12-69ca-0c00-000000000a00""},{""@Name"":""ProcessId"",""#text"":""756""},{""@Name"":""QueryName"",""#text"":""DC01""},{""@Name"":""QueryStatus"",""#text"":""0""},{""@Name"":""QueryResults"",""#text"":""192.168.93.50;""},{""@Name"":""Image"",""#text"":""C:\\Windows\\System32\\lsass.exe""},{""@Name"":""User"",""#text"":""NT AUTHORITY\\SYSTEM""}]}}"
1000,1000,2026-03-30 22:46:04.2779386,22,Info,Microsoft-Windows-Sysmon,Microsoft-Windows-Sysmon/Operational,2400,4372,DC01.corp.local,20,S-1-5-18,DNSEvent (DNS query),NT AUTHORITY\NETWORK SERVICE,,"ProcessID: 2648, ProcessGUID: c9182e32-fd1e-69ca-4a00-000000000a00",RuleName: -,Image: C:\Windows\System32\svchost.exe,QueryName: _ldap._tcp.gc._msdcs.corp.local.,QueryStatus: 1460,QueryResults: -,,False,C:\Users\owunc\Desktop\lab_logs\DC_Sysmon_ws.evtx,Classic,0,"{""EventData"":{""Data"":[{""@Name"":""RuleName"",""#text"":""-""},{""@Name"":""UtcTime"",""#text"":""2026-03-30 22:46:02.746""},{""@Name"":""ProcessGuid"",""#text"":""c9182e32-fd1e-69ca-4a00-000000000a00""},{""@Name"":""ProcessId"",""#text"":""2648""},{""@Name"":""QueryName"",""#text"":""_ldap._tcp.gc._msdcs.corp.local.""},{""@Name"":""QueryStatus"",""#text"":""1460""},{""@Name"":""QueryResults"",""#text"":""-""},{""@Name"":""Image"",""#text"":""C:\\Windows\\System32\\svchost.exe""},{""@Name"":""User"",""#text"":""NT AUTHORITY\\NETWORK SERVICE""}]}}"
1001,1001,2026-03-30 22:46:04.2779511,22,Info,Microsoft-Windows-Sysmon,Microsoft-Windows-Sysmon/Operational,2400,4372,DC01.corp.local,20,S-1-5-18,DNSEvent (DNS query),NT AUTHORITY\NETWORK SERVICE,,"ProcessID: 1444, ProcessGUID: c9182e32-fd14-69ca-1e00-000000000a00",RuleName: -,Image: C:\Windows\System32\svchost.exe,QueryName: _ldap._tcp.dc._msdcs.corp.local.,QueryStatus: 1460,QueryResults: -,,False,C:\Users\owunc\Desktop\lab_logs\DC_Sysmon_ws.evtx,Classic,0,"{""EventData"":{""Data"":[{""@Name"":""RuleName"",""#text"":""-""},{""@Name"":""UtcTime"",""#text"":""2026-03-30 22:46:02.903""},{""@Name"":""ProcessGuid"",""#text"":""c9182e32-fd14-69ca-1e00-000000000a00""},{""@Name"":""ProcessId"",""#text"":""1444""},{""@Name"":""QueryName"",""#text"":""_ldap._tcp.dc._msdcs.corp.local.""},{""@Name"":""QueryStatus"",""#text"":""1460""},{""@Name"":""QueryResults"",""#text"":""-""},{""@Name"":""Image"",""#text"":""C:\\Windows\\System32\\svchost.exe""},{""@Name"":""User"",""#text"":""NT AUTHORITY\\NETWORK SERVICE""}]}}"
1002,1002,2026-03-30 22:46:08.6684898,1,Info,Microsoft-Windows-Sysmon,Microsoft-Windows-Sysmon/Operational,2400,4356,DC01.corp.local,20,S-1-5-18,Process creation,NT AUTHORITY\SYSTEM,,"ProcessID: 5452, ProcessGUID: c9182e32-fd30-69ca-6600-000000000a00",RuleName: -,"MD5=9041407BE0BDCA2858AEBAD19E63EB14,SHA256=2BFCE8F56E3270DE28E13FF0C001FD8169223AAA21E12DDF68448E72F697FC48,IMPHASH=F201BCA438D2C46D950FC1DDB0A66687",ParentProcess: C:\ProgramData\Microsoft\Windows Defender\Platform\4.18.26020.6-0\MsMpEng.exe,"ParentProcessID: 8, ParentProcessGUID: c9182e32-fd1e-69ca-4900-000000000a00","ParentCommandLine: ""C:\ProgramData\Microsoft\Windows Defender\Platform\4.18.26020.6-0\MsMpEng.exe""","C:\Windows\system32\wevtutil.exe install-manifest ""C:\ProgramData\Microsoft\Windows Defender\Platform\4.18.26020.6-0\Microsoft-Antimalware-AMFilter.man"" ""/resourceFilePath:C:\ProgramData\Microsoft\Windows Defender\Platform\4.18.26020.6-0\Drivers\WdFilter.sys"" ""/messageFilePath:C:\ProgramData\Microsoft\Windows Defender\Platform\4.18.26020.6-0\Drivers\WdFilter.sys"" ""/parameterFilePath:C:\ProgramData\Microsoft\Windows Defender\Platform\4.18.26020.6-0\Drivers\WdFilter.sys""",False,C:\Users\owunc\Desktop\lab_logs\DC_Sysmon_ws.evtx,Classic,0,"{""EventData"":{""Data"":[{""@Name"":""RuleName"",""#text"":""-""},{""@Name"":""UtcTime"",""#text"":""2026-03-30 22:46:08.667""},{""@Name"":""ProcessGuid"",""#text"":""c9182e32-fd30-69ca-6600-000000000a00""},{""@Name"":""ProcessId"",""#text"":""5452""},{""@Name"":""Image"",""#text"":""C:\\Windows\\System32\\wevtutil.exe""},{""@Name"":""FileVersion"",""#text"":""10.0.20348.1 (WinBuild.160101.0800)""},{""@Name"":""Description"",""#text"":""Eventing Command Line Utility""},{""@Name"":""Product"",""#text"":""Microsoft® Windows® Operating System""},{""@Name"":""Company"",""#text"":""Microsoft Corporation""},{""@Name"":""OriginalFileName"",""#text"":""wevtutil.exe""},{""@Name"":""CommandLine"",""#text"":""C:\\Windows\\system32\\wevtutil.exe install-manifest \""C:\\ProgramData\\Microsoft\\Windows Defender\\Platform\\4.18.26020.6-0\\Microsoft-Antimalware-AMFilter.man\"" \""/resourceFilePath:C:\\ProgramData\\Microsoft\\Windows Defender\\Platform\\4.18.26020.6-0\\Drivers\\WdFilter.sys\"" \""/messageFilePath:C:\\ProgramData\\Microsoft\\Windows Defender\\Platform\\4.18.26020.6-0\\Drivers\\WdFilter.sys\"" \""/parameterFilePath:C:\\ProgramData\\Microsoft\\Windows Defender\\Platform\\4.18.26020.6-0\\Drivers\\WdFilter.sys\""""},{""@Name"":""CurrentDirectory"",""#text"":""C:\\Windows\\system32\\""},{""@Name"":""User"",""#text"":""NT AUTHORITY\\SYSTEM""},{""@Name"":""LogonGuid"",""#text"":""c9182e32-fd12-69ca-e703-000000000000""},{""@Name"":""LogonId"",""#text"":""0x3E7""},{""@Name"":""TerminalSessionId"",""#text"":""0""},{""@Name"":""IntegrityLevel"",""#text"":""System""},{""@Name"":""Hashes"",""#text"":""MD5=9041407BE0BDCA2858AEBAD19E63EB14,SHA256=2BFCE8F56E3270DE28E13FF0C001FD8169223AAA21E12DDF68448E72F697FC48,IMPHASH=F201BCA438D2C46D950FC1DDB0A66687""},{""@Name"":""ParentProcessGuid"",""#text"":""c9182e32-fd1e-69ca-4900-000000000a00""},{""@Name"":""ParentProcessId"",""#text"":""8""},{""@Name"":""ParentImage"",""#text"":""C:\\ProgramData\\Microsoft\\Windows Defender\\Platform\\4.18.26020.6-0\\MsMpEng.exe""},{""@Name"":""ParentCommandLine"",""#text"":""\""C:\\ProgramData\\Microsoft\\Windows Defender\\Platform\\4.18.26020.6-0\\MsMpEng.exe\""""},{""@Name"":""ParentUser"",""#text"":""NT AUTHORITY\\SYSTEM""}]}}"
1003,1003,2026-03-30 22:46:08.7305074,1,Info,Microsoft-Windows-Sysmon,Microsoft-Windows-Sysmon/Operational,2400,4356,DC01.corp.local,20,S-1-5-18,Process creation,NT AUTHORITY\SYSTEM,,"ProcessID: 5548, ProcessGUID: c9182e32-fd30-69ca-6800-000000000a00",RuleName: -,"MD5=9041407BE0BDCA2858AEBAD19E63EB14,SHA256=2BFCE8F56E3270DE28E13FF0C001FD8169223AAA21E12DDF68448E72F697FC48,IMPHASH=F201BCA438D2C46D950FC1DDB0A66687",ParentProcess: C:\ProgramData\Microsoft\Windows Defender\Platform\4.18.26020.6-0\MsMpEng.exe,"ParentProcessID: 8, ParentProcessGUID: c9182e32-fd1e-69ca-4900-000000000a00","ParentCommandLine: ""C:\ProgramData\Microsoft\Windows Defender\Platform\4.18.26020.6-0\MsMpEng.exe""","C:\Windows\system32\wevtutil.exe uninstall-manifest ""C:\ProgramData\Microsoft\Windows Defender\Platform\4.18.26020.6-0\Microsoft-Windows-Windows Defender.man""",False,C:\Users\owunc\Desktop\lab_logs\DC_Sysmon_ws.evtx,Classic,0,"{""EventData"":{""Data"":[{""@Name"":""RuleName"",""#text"":""-""},{""@Name"":""UtcTime"",""#text"":""2026-03-30 22:46:08.729""},{""@Name"":""ProcessGuid"",""#text"":""c9182e32-fd30-69ca-6800-000000000a00""},{""@Name"":""ProcessId"",""#text"":""5548""},{""@Name"":""Image"",""#text"":""C:\\Windows\\System32\\wevtutil.exe""},{""@Name"":""FileVersion"",""#text"":""10.0.20348.1 (WinBuild.160101.0800)""},{""@Name"":""Description"",""#text"":""Eventing Command Line Utility""},{""@Name"":""Product"",""#text"":""Microsoft® Windows® Operating System""},{""@Name"":""Company"",""#text"":""Microsoft Corporation""},{""@Name"":""OriginalFileName"",""#text"":""wevtutil.exe""},{""@Name"":""CommandLine"",""#text"":""C:\\Windows\\system32\\wevtutil.exe uninstall-manifest \""C:\\ProgramData\\Microsoft\\Windows Defender\\Platform\\4.18.26020.6-0\\Microsoft-Windows-Windows Defender.man\""""},{""@Name"":""CurrentDirectory"",""#text"":""C:\\Windows\\system32\\""},{""@Name"":""User"",""#text"":""NT AUTHORITY\\SYSTEM""},{""@Name"":""LogonGuid"",""#text"":""c9182e32-fd12-69ca-e703-000000000000""},{""@Name"":""LogonId"",""#text"":""0x3E7""},{""@Name"":""TerminalSessionId"",""#text"":""0""},{""@Name"":""IntegrityLevel"",""#text"":""System""},{""@Name"":""Hashes"",""#text"":""MD5=9041407BE0BDCA2858AEBAD19E63EB14,SHA256=2BFCE8F56E3270DE28E13FF0C001FD8169223AAA21E12DDF68448E72F697FC48,IMPHASH=F201BCA438D2C46D950FC1DDB0A66687""},{""@Name"":""ParentProcessGuid"",""#text"":""c9182e32-fd1e-69ca-4900-000000000a00""},{""@Name"":""ParentProcessId"",""#text"":""8""},{""@Name"":""ParentImage"",""#text"":""C:\\ProgramData\\Microsoft\\Windows Defender\\Platform\\4.18.26020.6-0\\MsMpEng.exe""},{""@Name"":""ParentCommandLine"",""#text"":""\""C:\\ProgramData\\Microsoft\\Windows Defender\\Platform\\4.18.26020.6-0\\MsMpEng.exe\""""},{""@Name"":""ParentUser"",""#text"":""NT AUTHORITY\\SYSTEM""}]}}"
1004,1004,2026-03-30 22:46:08.7979831,12,Info,Microsoft-Windows-Sysmon,Microsoft-Windows-Sysmon/Operational,2400,4356,DC01.corp.local,20,S-1-5-18,RegistryEvent (Object create and delete),NT AUTHORITY\SYSTEM,,"ProcessID: 5548, ProcessGUID: c9182e32-fd30-69ca-6800-000000000a00",RuleName: -,Image: C:\Windows\system32\wevtutil.exe,EventType: DeleteKey,TargetObject: HKLM\SOFTWARE\Microsoft\Windows\CurrentVersion\WINEVT\Channels\Microsoft-Windows-Windows Defender/Operational,,,False,C:\Users\owunc\Desktop\lab_logs\DC_Sysmon_ws.evtx,Classic,0,"{""EventData"":{""Data"":[{""@Name"":""RuleName"",""#text"":""-""},{""@Name"":""EventType"",""#text"":""DeleteKey""},{""@Name"":""UtcTime"",""#text"":""2026-03-30 22:46:08.794""},{""@Name"":""ProcessGuid"",""#text"":""c9182e32-fd30-69ca-6800-000000000a00""},{""@Name"":""ProcessId"",""#text"":""5548""},{""@Name"":""Image"",""#text"":""C:\\Windows\\system32\\wevtutil.exe""},{""@Name"":""TargetObject"",""#text"":""HKLM\\SOFTWARE\\Microsoft\\Windows\\CurrentVersion\\WINEVT\\Channels\\Microsoft-Windows-Windows Defender/Operational""},{""@Name"":""User"",""#text"":""NT AUTHORITY\\SYSTEM""}]}}"
1005,1005,2026-03-30 22:46:08.8324663,12,Info,Microsoft-Windows-Sysmon,Microsoft-Windows-Sysmon/Operational,2400,4356,DC01.corp.local,21,S-1-5-18,RegistryEvent (Object create and delete),NT AUTHORITY\SYSTEM,,"ProcessID: 5548, ProcessGUID: c9182e32-fd30-69ca-6800-000000000a00",RuleName: -,Image: C:\Windows\system32\wevtutil.exe,EventType: DeleteKey,TargetObject: HKLM\SOFTWARE\Microsoft\Windows\CurrentVersion\WINEVT\Channels\Microsoft-Windows-Windows Defender/WHC,,,False,C:\Users\owunc\Desktop\lab_logs\DC_Sysmon_ws.evtx,Classic,0,"{""EventData"":{""Data"":[{""@Name"":""RuleName"",""#text"":""-""},{""@Name"":""EventType"",""#text"":""DeleteKey""},{""@Name"":""UtcTime"",""#text"":""2026-03-30 22:46:08.825""},{""@Name"":""ProcessGuid"",""#text"":""c9182e32-fd30-69ca-6800-000000000a00""},{""@Name"":""ProcessId"",""#text"":""5548""},{""@Name"":""Image"",""#text"":""C:\\Windows\\system32\\wevtutil.exe""},{""@Name"":""TargetObject"",""#text"":""HKLM\\SOFTWARE\\Microsoft\\Windows\\CurrentVersion\\WINEVT\\Channels\\Microsoft-Windows-Windows Defender/WHC""},{""@Name"":""User"",""#text"":""NT AUTHORITY\\SYSTEM""}]}}"
1006,1006,2026-03-30 22:46:08.8405099,1,Info,Microsoft-Windows-Sysmon,Microsoft-Windows-Sysmon/Operational,2400,4356,DC01.corp.local,21,S-1-5-18,Process creation,NT AUTHORITY\SYSTEM,,"ProcessID: 5632, ProcessGUID: c9182e32-fd30-69ca-6a00-000000000a00",RuleName: -,"MD5=9041407BE0BDCA2858AEBAD19E63EB14,SHA256=2BFCE8F56E3270DE28E13FF0C001FD8169223AAA21E12DDF68448E72F697FC48,IMPHASH=F201BCA438D2C46D950FC1DDB0A66687",ParentProcess: C:\ProgramData\Microsoft\Windows Defender\Platform\4.18.26020.6-0\MsMpEng.exe,"ParentProcessID: 8, ParentProcessGUID: c9182e32-fd1e-69ca-4900-000000000a00","ParentCommandLine: ""C:\ProgramData\Microsoft\Windows Defender\Platform\4.18.26020.6-0\MsMpEng.exe""","C:\Windows\system32\wevtutil.exe install-manifest ""C:\ProgramData\Microsoft\Windows Defender\Platform\4.18.26020.6-0\Microsoft-Windows-Windows Defender.man"" ""/resourceFilePath:C:\ProgramData\Microsoft\Windows Defender\Platform\4.18.26020.6-0\MpEvMsg.dll"" ""/messageFilePath:C:\ProgramData\Microsoft\Windows Defender\Platform\4.18.26020.6-0\MpEvMsg.dll"" ""/parameterFilePath:C:\ProgramData\Microsoft\Windows Defender\Platform\4.18.26020.6-0\MpEvMsg.dll""",False,C:\Users\owunc\Desktop\lab_logs\DC_Sysmon_ws.evtx,Classic,0,"{""EventData"":{""Data"":[{""@Name"":""RuleName"",""#text"":""-""},{""@Name"":""UtcTime"",""#text"":""2026-03-30 22:46:08.839""},{""@Name"":""ProcessGuid"",""#text"":""c9182e32-fd30-69ca-6a00-000000000a00""},{""@Name"":""ProcessId"",""#text"":""5632""},{""@Name"":""Image"",""#text"":""C:\\Windows\\System32\\wevtutil.exe""},{""@Name"":""FileVersion"",""#text"":""10.0.20348.1 (WinBuild.160101.0800)""},{""@Name"":""Description"",""#text"":""Eventing Command Line Utility""},{""@Name"":""Product"",""#text"":""Microsoft® Windows® Operating System""},{""@Name"":""Company"",""#text"":""Microsoft Corporation""},{""@Name"":""OriginalFileName"",""#text"":""wevtutil.exe""},{""@Name"":""CommandLine"",""#text"":""C:\\Windows\\system32\\wevtutil.exe install-manifest \""C:\\ProgramData\\Microsoft\\Windows Defender\\Platform\\4.18.26020.6-0\\Microsoft-Windows-Windows Defender.man\"" \""/resourceFilePath:C:\\ProgramData\\Microsoft\\Windows Defender\\Platform\\4.18.26020.6-0\\MpEvMsg.dll\"" \""/messageFilePath:C:\\ProgramData\\Microsoft\\Windows Defender\\Platform\\4.18.26020.6-0\\MpEvMsg.dll\"" \""/parameterFilePath:C:\\ProgramData\\Microsoft\\Windows Defender\\Platform\\4.18.26020.6-0\\MpEvMsg.dll\""""},{""@Name"":""CurrentDirectory"",""#text"":""C:\\Windows\\system32\\""},{""@Name"":""User"",""#text"":""NT AUTHORITY\\SYSTEM""},{""@Name"":""LogonGuid"",""#text"":""c9182e32-fd12-69ca-e703-000000000000""},{""@Name"":""LogonId"",""#text"":""0x3E7""},{""@Name"":""TerminalSessionId"",""#text"":""0""},{""@Name"":""IntegrityLevel"",""#text"":""System""},{""@Name"":""Hashes"",""#text"":""MD5=9041407BE0BDCA2858AEBAD19E63EB14,SHA256=2BFCE8F56E3270DE28E13FF0C001FD8169223AAA21E12DDF68448E72F697FC48,IMPHASH=F201BCA438D2C46D950FC1DDB0A66687""},{""@Name"":""ParentProcessGuid"",""#text"":""c9182e32-fd1e-69ca-4900-000000000a00""},{""@Name"":""ParentProcessId"",""#text"":""8""},{""@Name"":""ParentImage"",""#text"":""C:\\ProgramData\\Microsoft\\Windows Defender\\Platform\\4.18.26020.6-0\\MsMpEng.exe""},{""@Name"":""ParentCommandLine"",""#text"":""\""C:\\ProgramData\\Microsoft\\Windows Defender\\Platform\\4.18.26020.6-0\\MsMpEng.exe\""""},{""@Name"":""ParentUser"",""#text"":""NT AUTHORITY\\SYSTEM""}]}}"
1007,1007,2026-03-30 22:46:08.8468133,1,Info,Microsoft-Windows-Sysmon,Microsoft-Windows-Sysmon/Operational,2400,4356,DC01.corp.local,21,S-1-5-18,Process creation,NT AUTHORITY\LOCAL SERVICE,,"ProcessID: 5660, ProcessGUID: c9182e32-fd30-69ca-6c00-000000000a00",RuleName: -,"MD5=DC32ABA4669EAFB22FCACD5EC836A107,SHA256=31780FF2AAF7BC71F755BA0E4FEF1D61B060D1D2741EAFB33CBAB44D889595A0,IMPHASH=D8C4E4978657CEA220B495778C972E64",ParentProcess: C:\Windows\System32\services.exe,"ParentProcessID: 736, ParentProcessGUID: c9182e32-fd12-69ca-0b00-000000000a00",ParentCommandLine: C:\Windows\system32\services.exe,C:\Windows\system32\svchost.exe -k LocalService -p -s DispBrokerDesktopSvc,False,C:\Users\owunc\Desktop\lab_logs\DC_Sysmon_ws.evtx,Classic,0,"{""EventData"":{""Data"":[{""@Name"":""RuleName"",""#text"":""-""},{""@Name"":""UtcTime"",""#text"":""2026-03-30 22:46:08.843""},{""@Name"":""ProcessGuid"",""#text"":""c9182e32-fd30-69ca-6c00-000000000a00""},{""@Name"":""ProcessId"",""#text"":""5660""},{""@Name"":""Image"",""#text"":""C:\\Windows\\System32\\svchost.exe""},{""@Name"":""FileVersion"",""#text"":""10.0.20348.558 (WinBuild.160101.0800)""},{""@Name"":""Description"",""#text"":""Host Process for Windows Services""},{""@Name"":""Product"",""#text"":""Microsoft® Windows® Operating System""},{""@Name"":""Company"",""#text"":""Microsoft Corporation""},{""@Name"":""OriginalFileName"",""#text"":""svchost.exe""},{""@Name"":""CommandLine"",""#text"":""C:\\Windows\\system32\\svchost.exe -k LocalService -p -s DispBrokerDesktopSvc""},{""@Name"":""CurrentDirectory"",""#text"":""C:\\Windows\\system32\\""},{""@Name"":""User"",""#text"":""NT AUTHORITY\\LOCAL SERVICE""},{""@Name"":""LogonGuid"",""#text"":""c9182e32-fd14-69ca-e503-000000000000""},{""@Name"":""LogonId"",""#text"":""0x3E5""},{""@Name"":""TerminalSessionId"",""#text"":""0""},{""@Name"":""IntegrityLevel"",""#text"":""System""},{""@Name"":""Hashes"",""#text"":""MD5=DC32ABA4669EAFB22FCACD5EC836A107,SHA256=31780FF2AAF7BC71F755BA0E4FEF1D61B060D1D2741EAFB33CBAB44D889595A0,IMPHASH=D8C4E4978657CEA220B495778C972E64""},{""@Name"":""ParentProcessGuid"",""#text"":""c9182e32-fd12-69ca-0b00-000000000a00""},{""@Name"":""ParentProcessId"",""#text"":""736""},{""@Name"":""ParentImage"",""#text"":""C:\\Windows\\System32\\services.exe""},{""@Name"":""ParentCommandLine"",""#text"":""C:\\Windows\\system32\\services.exe""},{""@Name"":""ParentUser"",""#text"":""NT AUTHORITY\\SYSTEM""}]}}"
1008,1008,2026-03-30 22:46:08.9121342,13,Info,Microsoft-Windows-Sysmon,Microsoft-Windows-Sysmon/Operational,2400,4356,DC01.corp.local,21,S-1-5-18,RegistryEvent (Value Set),NT AUTHORITY\SYSTEM,,"ProcessID: 5632, ProcessGUID: c9182e32-fd30-69ca-6a00-000000000a00",RuleName: -,Image: C:\Windows\system32\wevtutil.exe,EventType: SetValue,TargetObject: HKLM\SOFTWARE\Microsoft\Windows\CurrentVersion\WINEVT\Channels\Microsoft-Windows-Windows Defender/Operational\OwningPublisher,Details: {11cd958a-c507-4ef3-b3f2-5fd9dfbd2c78},,False,C:\Users\owunc\Desktop\lab_logs\DC_Sysmon_ws.evtx,Classic,0,"{""EventData"":{""Data"":[{""@Name"":""RuleName"",""#text"":""-""},{""@Name"":""EventType"",""#text"":""SetValue""},{""@Name"":""UtcTime"",""#text"":""2026-03-30 22:46:08.903""},{""@Name"":""ProcessGuid"",""#text"":""c9182e32-fd30-69ca-6a00-000000000a00""},{""@Name"":""ProcessId"",""#text"":""5632""},{""@Name"":""Image"",""#text"":""C:\\Windows\\system32\\wevtutil.exe""},{""@Name"":""TargetObject"",""#text"":""HKLM\\SOFTWARE\\Microsoft\\Windows\\CurrentVersion\\WINEVT\\Channels\\Microsoft-Windows-Windows Defender/Operational\\OwningPublisher""},{""@Name"":""Details"",""#text"":""{11cd958a-c507-4ef3-b3f2-5fd9dfbd2c78}""},{""@Name"":""User"",""#text"":""NT AUTHORITY\\SYSTEM""}]}}"
1009,1009,2026-03-30 22:46:08.9121792,13,Info,Microsoft-Windows-Sysmon,Microsoft-Windows-Sysmon/Operational,2400,4356,DC01.corp.local,21,S-1-5-18,RegistryEvent (Value Set),NT AUTHORITY\SYSTEM,,"ProcessID: 5632, ProcessGUID: c9182e32-fd30-69ca-6a00-000000000a00",RuleName: -,Image: C:\Windows\system32\wevtutil.exe,EventType: SetValue,TargetObject: HKLM\SOFTWARE\Microsoft\Windows\CurrentVersion\WINEVT\Channels\Microsoft-Windows-Windows Defender/Operational\Enabled,Details: DWORD (0x00000001),,False,C:\Users\owunc\Desktop\lab_logs\DC_Sysmon_ws.evtx,Classic,0,"{""EventData"":{""Data"":[{""@Name"":""RuleName"",""#text"":""-""},{""@Name"":""EventType"",""#text"":""SetValue""},{""@Name"":""UtcTime"",""#text"":""2026-03-30 22:46:08.903""},{""@Name"":""ProcessGuid"",""#text"":""c9182e32-fd30-69ca-6a00-000000000a00""},{""@Name"":""ProcessId"",""#text"":""5632""},{""@Name"":""Image"",""#text"":""C:\\Windows\\system32\\wevtutil.exe""},{""@Name"":""TargetObject"",""#text"":""HKLM\\SOFTWARE\\Microsoft\\Windows\\CurrentVersion\\WINEVT\\Channels\\Microsoft-Windows-Windows Defender/Operational\\Enabled""},{""@Name"":""Details"",""#text"":""DWORD (0x00000001)""},{""@Name"":""User"",""#text"":""NT AUTHORITY\\SYSTEM""}]}}"
1010,1010,2026-03-30 22:46:08.9122193,13,Info,Microsoft-Windows-Sysmon,Microsoft-Windows-Sysmon/Operational,2400,4356,DC01.corp.local,21,S-1-5-18,RegistryEvent (Value Set),NT AUTHORITY\SYSTEM,,"ProcessID: 5632, ProcessGUID: c9182e32-fd30-69ca-6a00-000000000a00",RuleName: -,Image: C:\Windows\system32\wevtutil.exe,EventType: SetValue,TargetObject: HKLM\SOFTWARE\Microsoft\Windows\CurrentVersion\WINEVT\Channels\Microsoft-Windows-Windows Defender/Operational\Isolation,Details: DWORD (0x00000001),,False,C:\Users\owunc\Desktop\lab_logs\DC_Sysmon_ws.evtx,Classic,0,"{""EventData"":{""Data"":[{""@Name"":""RuleName"",""#text"":""-""},{""@Name"":""EventType"",""#text"":""SetValue""},{""@Name"":""UtcTime"",""#text"":""2026-03-30 22:46:08.903""},{""@Name"":""ProcessGuid"",""#text"":""c9182e32-fd30-69ca-6a00-000000000a00""},{""@Name"":""ProcessId"",""#text"":""5632""},{""@Name"":""Image"",""#text"":""C:\\Windows\\system32\\wevtutil.exe""},{""@Name"":""TargetObject"",""#text"":""HKLM\\SOFTWARE\\Microsoft\\Windows\\CurrentVersion\\WINEVT\\Channels\\Microsoft-Windows-Windows Defender/Operational\\Isolation""},{""@Name"":""Details"",""#text"":""DWORD (0x00000001)""},{""@Name"":""User"",""#text"":""NT AUTHORITY\\SYSTEM""}]}}"
1011,1011,2026-03-30 22:46:08.9122594,13,Info,Microsoft-Windows-Sysmon,Microsoft-Windows-Sysmon/Operational,2400,4356,DC01.corp.local,21,S-1-5-18,RegistryEvent (Value Set),NT AUTHORITY\SYSTEM,,"ProcessID: 5632, ProcessGUID: c9182e32-fd30-69ca-6a00-000000000a00",RuleName: -,Image: C:\Windows\system32\wevtutil.exe,EventType: SetValue,TargetObject: HKLM\SOFTWARE\Microsoft\Windows\CurrentVersion\WINEVT\Channels\Microsoft-Windows-Windows Defender/Operational\ChannelAccess,Details: O:BAG:SYD:(A;;0xf0007;;;SY)(A;;0x7;;;BA)(A;;0x3;;;BO)(A;;0x5;;;SO)(A;;0x1;;;IU)(A;;0x3;;;SU)(A;;0x1;;;S-1-5-3)(A;;0x2;;;S-1-5-33)(A;;0x1;;;S-1-5-32-573),,False,C:\Users\owunc\Desktop\lab_logs\DC_Sysmon_ws.evtx,Classic,0,"{""EventData"":{""Data"":[{""@Name"":""RuleName"",""#text"":""-""},{""@Name"":""EventType"",""#text"":""SetValue""},{""@Name"":""UtcTime"",""#text"":""2026-03-30 22:46:08.903""},{""@Name"":""ProcessGuid"",""#text"":""c9182e32-fd30-69ca-6a00-000000000a00""},{""@Name"":""ProcessId"",""#text"":""5632""},{""@Name"":""Image"",""#text"":""C:\\Windows\\system32\\wevtutil.exe""},{""@Name"":""TargetObject"",""#text"":""HKLM\\SOFTWARE\\Microsoft\\Windows\\CurrentVersion\\WINEVT\\Channels\\Microsoft-Windows-Windows Defender/Operational\\ChannelAccess""},{""@Name"":""Details"",""#text"":""O:BAG:SYD:(A;;0xf0007;;;SY)(A;;0x7;;;BA)(A;;0x3;;;BO)(A;;0x5;;;SO)(A;;0x1;;;IU)(A;;0x3;;;SU)(A;;0x1;;;S-1-5-3)(A;;0x2;;;S-1-5-33)(A;;0x1;;;S-1-5-32-573)""},{""@Name"":""User"",""#text"":""NT AUTHORITY\\SYSTEM""}]}}"
1012,1012,2026-03-30 22:46:08.9122987,13,Info,Microsoft-Windows-Sysmon,Microsoft-Windows-Sysmon/Operational,2400,4356,DC01.corp.local,21,S-1-5-18,RegistryEvent (Value Set),NT AUTHORITY\SYSTEM,,"ProcessID: 5632, ProcessGUID: c9182e32-fd30-69ca-6a00-000000000a00",RuleName: -,Image: C:\Windows\system32\wevtutil.exe,EventType: SetValue,TargetObject: HKLM\SOFTWARE\Microsoft\Windows\CurrentVersion\WINEVT\Channels\Microsoft-Windows-Windows Defender/Operational\MaxSize,Details: DWORD (0x01000000),,False,C:\Users\owunc\Desktop\lab_logs\DC_Sysmon_ws.evtx,Classic,0,"{""EventData"":{""Data"":[{""@Name"":""RuleName"",""#text"":""-""},{""@Name"":""EventType"",""#text"":""SetValue""},{""@Name"":""UtcTime"",""#text"":""2026-03-30 22:46:08.903""},{""@Name"":""ProcessGuid"",""#text"":""c9182e32-fd30-69ca-6a00-000000000a00""},{""@Name"":""ProcessId"",""#text"":""5632""},{""@Name"":""Image"",""#text"":""C:\\Windows\\system32\\wevtutil.exe""},{""@Name"":""TargetObject"",""#text"":""HKLM\\SOFTWARE\\Microsoft\\Windows\\CurrentVersion\\WINEVT\\Channels\\Microsoft-Windows-Windows Defender/Operational\\MaxSize""},{""@Name"":""Details"",""#text"":""DWORD (0x01000000)""},{""@Name"":""User"",""#text"":""NT AUTHORITY\\SYSTEM""}]}}"
1013,1013,2026-03-30 22:46:08.9123383,13,Info,Microsoft-Windows-Sysmon,Microsoft-Windows-Sysmon/Operational,2400,4356,DC01.corp.local,21,S-1-5-18,RegistryEvent (Value Set),NT AUTHORITY\SYSTEM,,"ProcessID: 5632, ProcessGUID: c9182e32-fd30-69ca-6a00-000000000a00",RuleName: -,Image: C:\Windows\system32\wevtutil.exe,EventType: SetValue,TargetObject: HKLM\SOFTWARE\Microsoft\Windows\CurrentVersion\WINEVT\Channels\Microsoft-Windows-Windows Defender/Operational\MaxSizeUpper,Details: DWORD (0x00000000),,False,C:\Users\owunc\Desktop\lab_logs\DC_Sysmon_ws.evtx,Classic,0,"{""EventData"":{""Data"":[{""@Name"":""RuleName"",""#text"":""-""},{""@Name"":""EventType"",""#text"":""SetValue""},{""@Name"":""UtcTime"",""#text"":""2026-03-30 22:46:08.903""},{""@Name"":""ProcessGuid"",""#text"":""c9182e32-fd30-69ca-6a00-000000000a00""},{""@Name"":""ProcessId"",""#text"":""5632""},{""@Name"":""Image"",""#text"":""C:\\Windows\\system32\\wevtutil.exe""},{""@Name"":""TargetObject"",""#text"":""HKLM\\SOFTWARE\\Microsoft\\Windows\\CurrentVersion\\WINEVT\\Channels\\Microsoft-Windows-Windows Defender/Operational\\MaxSizeUpper""},{""@Name"":""Details"",""#text"":""DWORD (0x00000000)""},{""@Name"":""User"",""#text"":""NT AUTHORITY\\SYSTEM""}]}}"
1014,1014,2026-03-30 22:46:08.9123764,13,Info,Microsoft-Windows-Sysmon,Microsoft-Windows-Sysmon/Operational,2400,4356,DC01.corp.local,21,S-1-5-18,RegistryEvent (Value Set),NT AUTHORITY\SYSTEM,,"ProcessID: 5632, ProcessGUID: c9182e32-fd30-69ca-6a00-000000000a00",RuleName: -,Image: C:\Windows\system32\wevtutil.exe,EventType: SetValue,TargetObject: HKLM\SOFTWARE\Microsoft\Windows\CurrentVersion\WINEVT\Channels\Microsoft-Windows-Windows Defender/Operational\Type,Details: DWORD (0x00000001),,False,C:\Users\owunc\Desktop\lab_logs\DC_Sysmon_ws.evtx,Classic,0,"{""EventData"":{""Data"":[{""@Name"":""RuleName"",""#text"":""-""},{""@Name"":""EventType"",""#text"":""SetValue""},{""@Name"":""UtcTime"",""#text"":""2026-03-30 22:46:08.903""},{""@Name"":""ProcessGuid"",""#text"":""c9182e32-fd30-69ca-6a00-000000000a00""},{""@Name"":""ProcessId"",""#text"":""5632""},{""@Name"":""Image"",""#text"":""C:\\Windows\\system32\\wevtutil.exe""},{""@Name"":""TargetObject"",""#text"":""HKLM\\SOFTWARE\\Microsoft\\Windows\\CurrentVersion\\WINEVT\\Channels\\Microsoft-Windows-Windows Defender/Operational\\Type""},{""@Name"":""Details"",""#text"":""DWORD (0x00000001)""},{""@Name"":""User"",""#text"":""NT AUTHORITY\\SYSTEM""}]}}"
1015,1015,2026-03-30 22:46:08.9124266,13,Info,Microsoft-Windows-Sysmon,Microsoft-Windows-Sysmon/Operational,2400,4356,DC01.corp.local,21,S-1-5-18,RegistryEvent (Value Set),NT AUTHORITY\SYSTEM,,"ProcessID: 5632, ProcessGUID: c9182e32-fd30-69ca-6a00-000000000a00",RuleName: -,Image: C:\Windows\system32\wevtutil.exe,EventType: SetValue,TargetObject: HKLM\SOFTWARE\Microsoft\Windows\CurrentVersion\WINEVT\Channels\Microsoft-Windows-Windows Defender/WHC\OwningPublisher,Details: {11cd958a-c507-4ef3-b3f2-5fd9dfbd2c78},,False,C:\Users\owunc\Desktop\lab_logs\DC_Sysmon_ws.evtx,Classic,0,"{""EventData"":{""Data"":[{""@Name"":""RuleName"",""#text"":""-""},{""@Name"":""EventType"",""#text"":""SetValue""},{""@Name"":""UtcTime"",""#text"":""2026-03-30 22:46:08.903""},{""@Name"":""ProcessGuid"",""#text"":""c9182e32-fd30-69ca-6a00-000000000a00""},{""@Name"":""ProcessId"",""#text"":""5632""},{""@Name"":""Image"",""#text"":""C:\\Windows\\system32\\wevtutil.exe""},{""@Name"":""TargetObject"",""#text"":""HKLM\\SOFTWARE\\Microsoft\\Windows\\CurrentVersion\\WINEVT\\Channels\\Microsoft-Windows-Windows Defender/WHC\\OwningPublisher""},{""@Name"":""Details"",""#text"":""{11cd958a-c507-4ef3-b3f2-5fd9dfbd2c78}""},{""@Name"":""User"",""#text"":""NT AUTHORITY\\SYSTEM""}]}}"
1016,1016,2026-03-30 22:46:08.9124640,13,Info,Microsoft-Windows-Sysmon,Microsoft-Windows-Sysmon/Operational,2400,4356,DC01.corp.local,21,S-1-5-18,RegistryEvent (Value Set),NT AUTHORITY\SYSTEM,,"ProcessID: 5632, ProcessGUID: c9182e32-fd30-69ca-6a00-000000000a00",RuleName: -,Image: C:\Windows\system32\wevtutil.exe,EventType: SetValue,TargetObject: HKLM\SOFTWARE\Microsoft\Windows\CurrentVersion\WINEVT\Channels\Microsoft-Windows-Windows Defender/WHC\Enabled,Details: DWORD (0x00000001),,False,C:\Users\owunc\Desktop\lab_logs\DC_Sysmon_ws.evtx,Classic,0,"{""EventData"":{""Data"":[{""@Name"":""RuleName"",""#text"":""-""},{""@Name"":""EventType"",""#text"":""SetValue""},{""@Name"":""UtcTime"",""#text"":""2026-03-30 22:46:08.903""},{""@Name"":""ProcessGuid"",""#text"":""c9182e32-fd30-69ca-6a00-000000000a00""},{""@Name"":""ProcessId"",""#text"":""5632""},{""@Name"":""Image"",""#text"":""C:\\Windows\\system32\\wevtutil.exe""},{""@Name"":""TargetObject"",""#text"":""HKLM\\SOFTWARE\\Microsoft\\Windows\\CurrentVersion\\WINEVT\\Channels\\Microsoft-Windows-Windows Defender/WHC\\Enabled""},{""@Name"":""Details"",""#text"":""DWORD (0x00000001)""},{""@Name"":""User"",""#text"":""NT AUTHORITY\\SYSTEM""}]}}"
1017,1017,2026-03-30 22:46:08.9125013,13,Info,Microsoft-Windows-Sysmon,Microsoft-Windows-Sysmon/Operational,2400,4356,DC01.corp.local,21,S-1-5-18,RegistryEvent (Value Set),NT AUTHORITY\SYSTEM,,"ProcessID: 5632, ProcessGUID: c9182e32-fd30-69ca-6a00-000000000a00",RuleName: -,Image: C:\Windows\system32\wevtutil.exe,EventType: SetValue,TargetObject: HKLM\SOFTWARE\Microsoft\Windows\CurrentVersion\WINEVT\Channels\Microsoft-Windows-Windows Defender/WHC\Isolation,Details: DWORD (0x00000001),,False,C:\Users\owunc\Desktop\lab_logs\DC_Sysmon_ws.evtx,Classic,0,"{""EventData"":{""Data"":[{""@Name"":""RuleName"",""#text"":""-""},{""@Name"":""EventType"",""#text"":""SetValue""},{""@Name"":""UtcTime"",""#text"":""2026-03-30 22:46:08.903""},{""@Name"":""ProcessGuid"",""#text"":""c9182e32-fd30-69ca-6a00-000000000a00""},{""@Name"":""ProcessId"",""#text"":""5632""},{""@Name"":""Image"",""#text"":""C:\\Windows\\system32\\wevtutil.exe""},{""@Name"":""TargetObject"",""#text"":""HKLM\\SOFTWARE\\Microsoft\\Windows\\CurrentVersion\\WINEVT\\Channels\\Microsoft-Windows-Windows Defender/WHC\\Isolation""},{""@Name"":""Details"",""#text"":""DWORD (0x00000001)""},{""@Name"":""User"",""#text"":""NT AUTHORITY\\SYSTEM""}]}}"
1018,1018,2026-03-30 22:46:08.9125397,13,Info,Microsoft-Windows-Sysmon,Microsoft-Windows-Sysmon/Operational,2400,4356,DC01.corp.local,21,S-1-5-18,RegistryEvent (Value Set),NT AUTHORITY\SYSTEM,,"ProcessID: 5632, ProcessGUID: c9182e32-fd30-69ca-6a00-000000000a00",RuleName: -,Image: C:\Windows\system32\wevtutil.exe,EventType: SetValue,TargetObject: HKLM\SOFTWARE\Microsoft\Windows\CurrentVersion\WINEVT\Channels\Microsoft-Windows-Windows Defender/WHC\ChannelAccess,Details: O:BAG:SYD:(A;;0xf0007;;;SY)(A;;0x7;;;BA)(A;;0x3;;;BO)(A;;0x5;;;SO)(A;;0x1;;;IU)(A;;0x3;;;SU)(A;;0x1;;;S-1-5-3)(A;;0x2;;;S-1-5-33)(A;;0x1;;;S-1-5-32-573),,False,C:\Users\owunc\Desktop\lab_logs\DC_Sysmon_ws.evtx,Classic,0,"{""EventData"":{""Data"":[{""@Name"":""RuleName"",""#text"":""-""},{""@Name"":""EventType"",""#text"":""SetValue""},{""@Name"":""UtcTime"",""#text"":""2026-03-30 22:46:08.903""},{""@Name"":""ProcessGuid"",""#text"":""c9182e32-fd30-69ca-6a00-000000000a00""},{""@Name"":""ProcessId"",""#text"":""5632""},{""@Name"":""Image"",""#text"":""C:\\Windows\\system32\\wevtutil.exe""},{""@Name"":""TargetObject"",""#text"":""HKLM\\SOFTWARE\\Microsoft\\Windows\\CurrentVersion\\WINEVT\\Channels\\Microsoft-Windows-Windows Defender/WHC\\ChannelAccess""},{""@Name"":""Details"",""#text"":""O:BAG:SYD:(A;;0xf0007;;;SY)(A;;0x7;;;BA)(A;;0x3;;;BO)(A;;0x5;;;SO)(A;;0x1;;;IU)(A;;0x3;;;SU)(A;;0x1;;;S-1-5-3)(A;;0x2;;;S-1-5-33)(A;;0x1;;;S-1-5-32-573)""},{""@Name"":""User"",""#text"":""NT AUTHORITY\\SYSTEM""}]}}"
1019,1019,2026-03-30 22:46:08.9125766,13,Info,Microsoft-Windows-Sysmon,Microsoft-Windows-Sysmon/Operational,2400,4356,DC01.corp.local,21,S-1-5-18,RegistryEvent (Value Set),NT AUTHORITY\SYSTEM,,"ProcessID: 5632, ProcessGUID: c9182e32-fd30-69ca-6a00-000000000a00",RuleName: -,Image: C:\Windows\system32\wevtutil.exe,EventType: SetValue,TargetObject: HKLM\SOFTWARE\Microsoft\Windows\CurrentVersion\WINEVT\Channels\Microsoft-Windows-Windows Defender/WHC\MaxSize,Details: DWORD (0x00040000),,False,C:\Users\owunc\Desktop\lab_logs\DC_Sysmon_ws.evtx,Classic,0,"{""EventData"":{""Data"":[{""@Name"":""RuleName"",""#text"":""-""},{""@Name"":""EventType"",""#text"":""SetValue""},{""@Name"":""UtcTime"",""#text"":""2026-03-30 22:46:08.903""},{""@Name"":""ProcessGuid"",""#text"":""c9182e32-fd30-69ca-6a00-000000000a00""},{""@Name"":""ProcessId"",""#text"":""5632""},{""@Name"":""Image"",""#text"":""C:\\Windows\\system32\\wevtutil.exe""},{""@Name"":""TargetObject"",""#text"":""HKLM\\SOFTWARE\\Microsoft\\Windows\\CurrentVersion\\WINEVT\\Channels\\Microsoft-Windows-Windows Defender/WHC\\MaxSize""},{""@Name"":""Details"",""#text"":""DWORD (0x00040000)""},{""@Name"":""User"",""#text"":""NT AUTHORITY\\SYSTEM""}]}}"
1020,1020,2026-03-30 22:46:08.9126143,13,Info,Microsoft-Windows-Sysmon,Microsoft-Windows-Sysmon/Operational,2400,4356,DC01.corp.local,21,S-1-5-18,RegistryEvent (Value Set),NT AUTHORITY\SYSTEM,,"ProcessID: 5632, ProcessGUID: c9182e32-fd30-69ca-6a00-000000000a00",RuleName: -,Image: C:\Windows\system32\wevtutil.exe,EventType: SetValue,TargetObject: HKLM\SOFTWARE\Microsoft\Windows\CurrentVersion\WINEVT\Channels\Microsoft-Windows-Windows Defender/WHC\MaxSizeUpper,Details: DWORD (0x00000000),,False,C:\Users\owunc\Desktop\lab_logs\DC_Sysmon_ws.evtx,Classic,0,"{""EventData"":{""Data"":[{""@Name"":""RuleName"",""#text"":""-""},{""@Name"":""EventType"",""#text"":""SetValue""},{""@Name"":""UtcTime"",""#text"":""2026-03-30 22:46:08.903""},{""@Name"":""ProcessGuid"",""#text"":""c9182e32-fd30-69ca-6a00-000000000a00""},{""@Name"":""ProcessId"",""#text"":""5632""},{""@Name"":""Image"",""#text"":""C:\\Windows\\system32\\wevtutil.exe""},{""@Name"":""TargetObject"",""#text"":""HKLM\\SOFTWARE\\Microsoft\\Windows\\CurrentVersion\\WINEVT\\Channels\\Microsoft-Windows-Windows Defender/WHC\\MaxSizeUpper""},{""@Name"":""Details"",""#text"":""DWORD (0x00000000)""},{""@Name"":""User"",""#text"":""NT AUTHORITY\\SYSTEM""}]}}"
1021,1021,2026-03-30 22:46:08.9126511,13,Info,Microsoft-Windows-Sysmon,Microsoft-Windows-Sysmon/Operational,2400,4356,DC01.corp.local,21,S-1-5-18,RegistryEvent (Value Set),NT AUTHORITY\SYSTEM,,"ProcessID: 5632, ProcessGUID: c9182e32-fd30-69ca-6a00-000000000a00",RuleName: -,Image: C:\Windows\system32\wevtutil.exe,EventType: SetValue,TargetObject: HKLM\SOFTWARE\Microsoft\Windows\CurrentVersion\WINEVT\Channels\Microsoft-Windows-Windows Defender/WHC\Type,Details: DWORD (0x00000001),,False,C:\Users\owunc\Desktop\lab_logs\DC_Sysmon_ws.evtx,Classic,0,"{""EventData"":{""Data"":[{""@Name"":""RuleName"",""#text"":""-""},{""@Name"":""EventType"",""#text"":""SetValue""},{""@Name"":""UtcTime"",""#text"":""2026-03-30 22:46:08.903""},{""@Name"":""ProcessGuid"",""#text"":""c9182e32-fd30-69ca-6a00-000000000a00""},{""@Name"":""ProcessId"",""#text"":""5632""},{""@Name"":""Image"",""#text"":""C:\\Windows\\system32\\wevtutil.exe""},{""@Name"":""TargetObject"",""#text"":""HKLM\\SOFTWARE\\Microsoft\\Windows\\CurrentVersion\\WINEVT\\Channels\\Microsoft-Windows-Windows Defender/WHC\\Type""},{""@Name"":""Details"",""#text"":""DWORD (0x00000001)""},{""@Name"":""User"",""#text"":""NT AUTHORITY\\SYSTEM""}]}}"
1022,1022,2026-03-30 22:46:08.9558529,11,Info,Microsoft-Windows-Sysmon,Microsoft-Windows-Sysmon/Operational,2400,4356,DC01.corp.local,21,S-1-5-18,FileCreate,NT AUTHORITY\SYSTEM,,"ProcessID: 4568, ProcessGUID: c9182e32-fd1f-69ca-5b00-000000000a00",RuleName: -,Image: C:\Windows\SysWOW64\WindowsPowerShell\v1.0\powershell.exe,TargetFilename: C:\Windows\Temp\__PSScriptPolicyTest_zxna0c5c.laf.ps1,,,,False,C:\Users\owunc\Desktop\lab_logs\DC_Sysmon_ws.evtx,Classic,0,"{""EventData"":{""Data"":[{""@Name"":""RuleName"",""#text"":""-""},{""@Name"":""UtcTime"",""#text"":""2026-03-30 22:46:08.950""},{""@Name"":""ProcessGuid"",""#text"":""c9182e32-fd1f-69ca-5b00-000000000a00""},{""@Name"":""ProcessId"",""#text"":""4568""},{""@Name"":""Image"",""#text"":""C:\\Windows\\SysWOW64\\WindowsPowerShell\\v1.0\\powershell.exe""},{""@Name"":""TargetFilename"",""#text"":""C:\\Windows\\Temp\\__PSScriptPolicyTest_zxna0c5c.laf.ps1""},{""@Name"":""CreationUtcTime"",""#text"":""2026-03-30 22:46:08.950""},{""@Name"":""User"",""#text"":""NT AUTHORITY\\SYSTEM""}]}}"
1023,1023,2026-03-30 22:46:09.1472203,1,Info,Microsoft-Windows-Sysmon,Microsoft-Windows-Sysmon/Operational,2400,4356,DC01.corp.local,21,S-1-5-18,Process creation,NT AUTHORITY\SYSTEM,,"ProcessID: 5848, ProcessGUID: c9182e32-fd31-69ca-6d00-000000000a00",RuleName: -,"MD5=9041407BE0BDCA2858AEBAD19E63EB14,SHA256=2BFCE8F56E3270DE28E13FF0C001FD8169223AAA21E12DDF68448E72F697FC48,IMPHASH=F201BCA438D2C46D950FC1DDB0A66687",ParentProcess: C:\ProgramData\Microsoft\Windows Defender\Platform\4.18.26020.6-0\MsMpEng.exe,"ParentProcessID: 8, ParentProcessGUID: c9182e32-fd1e-69ca-4900-000000000a00","ParentCommandLine: ""C:\ProgramData\Microsoft\Windows Defender\Platform\4.18.26020.6-0\MsMpEng.exe""","C:\Windows\system32\wevtutil.exe uninstall-manifest ""C:\ProgramData\Microsoft\Windows Defender\Platform\4.18.26020.6-0\Microsoft-Antimalware-Service.man""",False,C:\Users\owunc\Desktop\lab_logs\DC_Sysmon_ws.evtx,Classic,0,"{""EventData"":{""Data"":[{""@Name"":""RuleName"",""#text"":""-""},{""@Name"":""UtcTime"",""#text"":""2026-03-30 22:46:09.146""},{""@Name"":""ProcessGuid"",""#text"":""c9182e32-fd31-69ca-6d00-000000000a00""},{""@Name"":""ProcessId"",""#text"":""5848""},{""@Name"":""Image"",""#text"":""C:\\Windows\\System32\\wevtutil.exe""},{""@Name"":""FileVersion"",""#text"":""10.0.20348.1 (WinBuild.160101.0800)""},{""@Name"":""Description"",""#text"":""Eventing Command Line Utility""},{""@Name"":""Product"",""#text"":""Microsoft® Windows® Operating System""},{""@Name"":""Company"",""#text"":""Microsoft Corporation""},{""@Name"":""OriginalFileName"",""#text"":""wevtutil.exe""},{""@Name"":""CommandLine"",""#text"":""C:\\Windows\\system32\\wevtutil.exe uninstall-manifest \""C:\\ProgramData\\Microsoft\\Windows Defender\\Platform\\4.18.26020.6-0\\Microsoft-Antimalware-Service.man\""""},{""@Name"":""CurrentDirectory"",""#text"":""C:\\Windows\\system32\\""},{""@Name"":""User"",""#text"":""NT AUTHORITY\\SYSTEM""},{""@Name"":""LogonGuid"",""#text"":""c9182e32-fd12-69ca-e703-000000000000""},{""@Name"":""LogonId"",""#text"":""0x3E7""},{""@Name"":""TerminalSessionId"",""#text"":""0""},{""@Name"":""IntegrityLevel"",""#text"":""System""},{""@Name"":""Hashes"",""#text"":""MD5=9041407BE0BDCA2858AEBAD19E63EB14,SHA256=2BFCE8F56E3270DE28E13FF0C001FD8169223AAA21E12DDF68448E72F697FC48,IMPHASH=F201BCA438D2C46D950FC1DDB0A66687""},{""@Name"":""ParentProcessGuid"",""#text"":""c9182e32-fd1e-69ca-4900-000000000a00""},{""@Name"":""ParentProcessId"",""#text"":""8""},{""@Name"":""ParentImage"",""#text"":""C:\\ProgramData\\Microsoft\\Windows Defender\\Platform\\4.18.26020.6-0\\MsMpEng.exe""},{""@Name"":""ParentCommandLine"",""#text"":""\""C:\\ProgramData\\Microsoft\\Windows Defender\\Platform\\4.18.26020.6-0\\MsMpEng.exe\""""},{""@Name"":""ParentUser"",""#text"":""NT AUTHORITY\\SYSTEM""}]}}"
