229,229,2026-03-30 18:38:50.2511395,1,Info,Microsoft-Windows-Sysmon,Microsoft-Windows-Sysmon/Operational,2448,4460,DC01.corp.local,4,S-1-5-18,Process creation,NT AUTHORITY\SYSTEM,,"ProcessID: 5896, ProcessGUID: c9182e32-c33a-69ca-8500-000000000900",RuleName: -,"MD5=EB5ACAC8A6DF89EB6BA751F468490734,SHA256=6633D15A90D38137ABF5E08BC5C14CF35128ECA168E875D9569295ECC88A4DBB,IMPHASH=C1E3C5E2580A8F5AD5F3DF2BCAEA7CAB",ParentProcess: C:\Program Files (x86)\ossec-agent\wazuh-agent.exe,"ParentProcessID: 2520, ParentProcessGUID: c9182e32-c326-69ca-4700-000000000900","ParentCommandLine: ""C:\Program Files (x86)\ossec-agent\wazuh-agent.exe""","powershell secedit /export /cfg $env:TEMP\secpol.cfg; Get-Content $env:TEMP\secpol.cfg | Select-String ""MinimumPasswordLength""; Remove-Item $env:TEMP\secpol.cfg",False,C:\Users\owunc\Desktop\lab_logs\DC_Sysmon_ws.evtx,Classic,0,"{""EventData"":{""Data"":[{""@Name"":""RuleName"",""#text"":""-""},{""@Name"":""UtcTime"",""#text"":""2026-03-30 18:38:50.250""},{""@Name"":""ProcessGuid"",""#text"":""c9182e32-c33a-69ca-8500-000000000900""},{""@Name"":""ProcessId"",""#text"":""5896""},{""@Name"":""Image"",""#text"":""C:\\Windows\\SysWOW64\\WindowsPowerShell\\v1.0\\powershell.exe""},{""@Name"":""FileVersion"",""#text"":""10.0.20348.1 (WinBuild.160101.0800)""},{""@Name"":""Description"",""#text"":""Windows PowerShell""},{""@Name"":""Product"",""#text"":""Microsoft® Windows® Operating System""},{""@Name"":""Company"",""#text"":""Microsoft Corporation""},{""@Name"":""OriginalFileName"",""#text"":""PowerShell.EXE""},{""@Name"":""CommandLine"",""#text"":""powershell secedit /export /cfg $env:TEMP\\secpol.cfg; Get-Content $env:TEMP\\secpol.cfg | Select-String \""MinimumPasswordLength\""; Remove-Item $env:TEMP\\secpol.cfg""},{""@Name"":""CurrentDirectory"",""#text"":""C:\\Program Files (x86)\\ossec-agent\\""},{""@Name"":""User"",""#text"":""NT AUTHORITY\\SYSTEM""},{""@Name"":""LogonGuid"",""#text"":""c9182e32-c31a-69ca-e703-000000000000""},{""@Name"":""LogonId"",""#text"":""0x3E7""},{""@Name"":""TerminalSessionId"",""#text"":""0""},{""@Name"":""IntegrityLevel"",""#text"":""System""},{""@Name"":""Hashes"",""#text"":""MD5=EB5ACAC8A6DF89EB6BA751F468490734,SHA256=6633D15A90D38137ABF5E08BC5C14CF35128ECA168E875D9569295ECC88A4DBB,IMPHASH=C1E3C5E2580A8F5AD5F3DF2BCAEA7CAB""},{""@Name"":""ParentProcessGuid"",""#text"":""c9182e32-c326-69ca-4700-000000000900""},{""@Name"":""ParentProcessId"",""#text"":""2520""},{""@Name"":""ParentImage"",""#text"":""C:\\Program Files (x86)\\ossec-agent\\wazuh-agent.exe""},{""@Name"":""ParentCommandLine"",""#text"":""\""C:\\Program Files (x86)\\ossec-agent\\wazuh-agent.exe\""""},{""@Name"":""ParentUser"",""#text"":""NT AUTHORITY\\SYSTEM""}]}}"
230,230,2026-03-30 18:38:50.3054760,11,Info,Microsoft-Windows-Sysmon,Microsoft-Windows-Sysmon/Operational,2448,4460,DC01.corp.local,4,S-1-5-18,FileCreate,NT AUTHORITY\SYSTEM,,"ProcessID: 5896, ProcessGUID: c9182e32-c33a-69ca-8500-000000000900",RuleName: -,Image: C:\Windows\SysWOW64\WindowsPowerShell\v1.0\powershell.exe,TargetFilename: C:\Windows\Temp\__PSScriptPolicyTest_qentwt5p.psg.ps1,,,,False,C:\Users\owunc\Desktop\lab_logs\DC_Sysmon_ws.evtx,Classic,0,"{""EventData"":{""Data"":[{""@Name"":""RuleName"",""#text"":""-""},{""@Name"":""UtcTime"",""#text"":""2026-03-30 18:38:50.299""},{""@Name"":""ProcessGuid"",""#text"":""c9182e32-c33a-69ca-8500-000000000900""},{""@Name"":""ProcessId"",""#text"":""5896""},{""@Name"":""Image"",""#text"":""C:\\Windows\\SysWOW64\\WindowsPowerShell\\v1.0\\powershell.exe""},{""@Name"":""TargetFilename"",""#text"":""C:\\Windows\\Temp\\__PSScriptPolicyTest_qentwt5p.psg.ps1""},{""@Name"":""CreationUtcTime"",""#text"":""2026-03-30 18:38:50.299""},{""@Name"":""User"",""#text"":""NT AUTHORITY\\SYSTEM""}]}}"
231,231,2026-03-30 18:38:50.4056094,1,Info,Microsoft-Windows-Sysmon,Microsoft-Windows-Sysmon/Operational,2448,4460,DC01.corp.local,4,S-1-5-18,Process creation,NT AUTHORITY\SYSTEM,,"ProcessID: 6076, ProcessGUID: c9182e32-c33a-69ca-8700-000000000900",RuleName: -,"MD5=A550295A3AB5A8326F6C697AED19E00E,SHA256=E4645CB6092A470D4A60D04D15E760B9959FF25281E208C737C376F379CBF2CD,IMPHASH=615449A6A25801F47AE0D7578EB950B4",ParentProcess: C:\Windows\SysWOW64\WindowsPowerShell\v1.0\powershell.exe,"ParentProcessID: 5896, ParentProcessGUID: c9182e32-c33a-69ca-8500-000000000900","ParentCommandLine: powershell secedit /export /cfg $env:TEMP\secpol.cfg; Get-Content $env:TEMP\secpol.cfg | Select-String ""MinimumPasswordLength""; Remove-Item $env:TEMP\secpol.cfg","""C:\Windows\system32\SecEdit.exe"" /export /cfg C:\Windows\TEMP\secpol.cfg",False,C:\Users\owunc\Desktop\lab_logs\DC_Sysmon_ws.evtx,Classic,0,"{""EventData"":{""Data"":[{""@Name"":""RuleName"",""#text"":""-""},{""@Name"":""UtcTime"",""#text"":""2026-03-30 18:38:50.405""},{""@Name"":""ProcessGuid"",""#text"":""c9182e32-c33a-69ca-8700-000000000900""},{""@Name"":""ProcessId"",""#text"":""6076""},{""@Name"":""Image"",""#text"":""C:\\Windows\\SysWOW64\\SecEdit.exe""},{""@Name"":""FileVersion"",""#text"":""10.0.20348.1 (WinBuild.160101.0800)""},{""@Name"":""Description"",""#text"":""Windows Security Configuration Editor Command Tool""},{""@Name"":""Product"",""#text"":""Microsoft® Windows® Operating System""},{""@Name"":""Company"",""#text"":""Microsoft Corporation""},{""@Name"":""OriginalFileName"",""#text"":""SeCEdit""},{""@Name"":""CommandLine"",""#text"":""\""C:\\Windows\\system32\\SecEdit.exe\"" /export /cfg C:\\Windows\\TEMP\\secpol.cfg""},{""@Name"":""CurrentDirectory"",""#text"":""C:\\Program Files (x86)\\ossec-agent\\""},{""@Name"":""User"",""#text"":""NT AUTHORITY\\SYSTEM""},{""@Name"":""LogonGuid"",""#text"":""c9182e32-c31a-69ca-e703-000000000000""},{""@Name"":""LogonId"",""#text"":""0x3E7""},{""@Name"":""TerminalSessionId"",""#text"":""0""},{""@Name"":""IntegrityLevel"",""#text"":""System""},{""@Name"":""Hashes"",""#text"":""MD5=A550295A3AB5A8326F6C697AED19E00E,SHA256=E4645CB6092A470D4A60D04D15E760B9959FF25281E208C737C376F379CBF2CD,IMPHASH=615449A6A25801F47AE0D7578EB950B4""},{""@Name"":""ParentProcessGuid"",""#text"":""c9182e32-c33a-69ca-8500-000000000900""},{""@Name"":""ParentProcessId"",""#text"":""5896""},{""@Name"":""ParentImage"",""#text"":""C:\\Windows\\SysWOW64\\WindowsPowerShell\\v1.0\\powershell.exe""},{""@Name"":""ParentCommandLine"",""#text"":""powershell secedit /export /cfg $env:TEMP\\secpol.cfg; Get-Content $env:TEMP\\secpol.cfg | Select-String \""MinimumPasswordLength\""; Remove-Item $env:TEMP\\secpol.cfg""},{""@Name"":""ParentUser"",""#text"":""NT AUTHORITY\\SYSTEM""}]}}"
232,232,2026-03-30 18:38:50.7094057,1,Info,Microsoft-Windows-Sysmon,Microsoft-Windows-Sysmon/Operational,2448,4460,DC01.corp.local,4,S-1-5-18,Process creation,NT AUTHORITY\SYSTEM,,"ProcessID: 5224, ProcessGUID: c9182e32-c33a-69ca-8900-000000000900",RuleName: -,"MD5=EB5ACAC8A6DF89EB6BA751F468490734,SHA256=6633D15A90D38137ABF5E08BC5C14CF35128ECA168E875D9569295ECC88A4DBB,IMPHASH=C1E3C5E2580A8F5AD5F3DF2BCAEA7CAB",ParentProcess: C:\Program Files (x86)\ossec-agent\wazuh-agent.exe,"ParentProcessID: 2520, ParentProcessGUID: c9182e32-c326-69ca-4700-000000000900","ParentCommandLine: ""C:\Program Files (x86)\ossec-agent\wazuh-agent.exe""","powershell secedit /export /cfg $env:TEMP\secpol.cfg; Get-Content $env:TEMP\secpol.cfg | Select-String ""LockoutDuration""; Remove-Item $env:TEMP\secpol.cfg",False,C:\Users\owunc\Desktop\lab_logs\DC_Sysmon_ws.evtx,Classic,0,"{""EventData"":{""Data"":[{""@Name"":""RuleName"",""#text"":""-""},{""@Name"":""UtcTime"",""#text"":""2026-03-30 18:38:50.708""},{""@Name"":""ProcessGuid"",""#text"":""c9182e32-c33a-69ca-8900-000000000900""},{""@Name"":""ProcessId"",""#text"":""5224""},{""@Name"":""Image"",""#text"":""C:\\Windows\\SysWOW64\\WindowsPowerShell\\v1.0\\powershell.exe""},{""@Name"":""FileVersion"",""#text"":""10.0.20348.1 (WinBuild.160101.0800)""},{""@Name"":""Description"",""#text"":""Windows PowerShell""},{""@Name"":""Product"",""#text"":""Microsoft® Windows® Operating System""},{""@Name"":""Company"",""#text"":""Microsoft Corporation""},{""@Name"":""OriginalFileName"",""#text"":""PowerShell.EXE""},{""@Name"":""CommandLine"",""#text"":""powershell secedit /export /cfg $env:TEMP\\secpol.cfg; Get-Content $env:TEMP\\secpol.cfg | Select-String \""LockoutDuration\""; Remove-Item $env:TEMP\\secpol.cfg""},{""@Name"":""CurrentDirectory"",""#text"":""C:\\Program Files (x86)\\ossec-agent\\""},{""@Name"":""User"",""#text"":""NT AUTHORITY\\SYSTEM""},{""@Name"":""LogonGuid"",""#text"":""c9182e32-c31a-69ca-e703-000000000000""},{""@Name"":""LogonId"",""#text"":""0x3E7""},{""@Name"":""TerminalSessionId"",""#text"":""0""},{""@Name"":""IntegrityLevel"",""#text"":""System""},{""@Name"":""Hashes"",""#text"":""MD5=EB5ACAC8A6DF89EB6BA751F468490734,SHA256=6633D15A90D38137ABF5E08BC5C14CF35128ECA168E875D9569295ECC88A4DBB,IMPHASH=C1E3C5E2580A8F5AD5F3DF2BCAEA7CAB""},{""@Name"":""ParentProcessGuid"",""#text"":""c9182e32-c326-69ca-4700-000000000900""},{""@Name"":""ParentProcessId"",""#text"":""2520""},{""@Name"":""ParentImage"",""#text"":""C:\\Program Files (x86)\\ossec-agent\\wazuh-agent.exe""},{""@Name"":""ParentCommandLine"",""#text"":""\""C:\\Program Files (x86)\\ossec-agent\\wazuh-agent.exe\""""},{""@Name"":""ParentUser"",""#text"":""NT AUTHORITY\\SYSTEM""}]}}"
233,233,2026-03-30 18:38:50.7637862,11,Info,Microsoft-Windows-Sysmon,Microsoft-Windows-Sysmon/Operational,2448,4460,DC01.corp.local,4,S-1-5-18,FileCreate,NT AUTHORITY\SYSTEM,,"ProcessID: 5224, ProcessGUID: c9182e32-c33a-69ca-8900-000000000900",RuleName: -,Image: C:\Windows\SysWOW64\WindowsPowerShell\v1.0\powershell.exe,TargetFilename: C:\Windows\Temp\__PSScriptPolicyTest_0lyq1bgf.i21.ps1,,,,False,C:\Users\owunc\Desktop\lab_logs\DC_Sysmon_ws.evtx,Classic,0,"{""EventData"":{""Data"":[{""@Name"":""RuleName"",""#text"":""-""},{""@Name"":""UtcTime"",""#text"":""2026-03-30 18:38:50.753""},{""@Name"":""ProcessGuid"",""#text"":""c9182e32-c33a-69ca-8900-000000000900""},{""@Name"":""ProcessId"",""#text"":""5224""},{""@Name"":""Image"",""#text"":""C:\\Windows\\SysWOW64\\WindowsPowerShell\\v1.0\\powershell.exe""},{""@Name"":""TargetFilename"",""#text"":""C:\\Windows\\Temp\\__PSScriptPolicyTest_0lyq1bgf.i21.ps1""},{""@Name"":""CreationUtcTime"",""#text"":""2026-03-30 18:38:50.753""},{""@Name"":""User"",""#text"":""NT AUTHORITY\\SYSTEM""}]}}"
234,234,2026-03-30 18:38:50.8616517,1,Info,Microsoft-Windows-Sysmon,Microsoft-Windows-Sysmon/Operational,2448,4460,DC01.corp.local,4,S-1-5-18,Process creation,NT AUTHORITY\SYSTEM,,"ProcessID: 5320, ProcessGUID: c9182e32-c33a-69ca-8b00-000000000900",RuleName: -,"MD5=A550295A3AB5A8326F6C697AED19E00E,SHA256=E4645CB6092A470D4A60D04D15E760B9959FF25281E208C737C376F379CBF2CD,IMPHASH=615449A6A25801F47AE0D7578EB950B4",ParentProcess: C:\Windows\SysWOW64\WindowsPowerShell\v1.0\powershell.exe,"ParentProcessID: 5224, ParentProcessGUID: c9182e32-c33a-69ca-8900-000000000900","ParentCommandLine: powershell secedit /export /cfg $env:TEMP\secpol.cfg; Get-Content $env:TEMP\secpol.cfg | Select-String ""LockoutDuration""; Remove-Item $env:TEMP\secpol.cfg","""C:\Windows\system32\SecEdit.exe"" /export /cfg C:\Windows\TEMP\secpol.cfg",False,C:\Users\owunc\Desktop\lab_logs\DC_Sysmon_ws.evtx,Classic,0,"{""EventData"":{""Data"":[{""@Name"":""RuleName"",""#text"":""-""},{""@Name"":""UtcTime"",""#text"":""2026-03-30 18:38:50.861""},{""@Name"":""ProcessGuid"",""#text"":""c9182e32-c33a-69ca-8b00-000000000900""},{""@Name"":""ProcessId"",""#text"":""5320""},{""@Name"":""Image"",""#text"":""C:\\Windows\\SysWOW64\\SecEdit.exe""},{""@Name"":""FileVersion"",""#text"":""10.0.20348.1 (WinBuild.160101.0800)""},{""@Name"":""Description"",""#text"":""Windows Security Configuration Editor Command Tool""},{""@Name"":""Product"",""#text"":""Microsoft® Windows® Operating System""},{""@Name"":""Company"",""#text"":""Microsoft Corporation""},{""@Name"":""OriginalFileName"",""#text"":""SeCEdit""},{""@Name"":""CommandLine"",""#text"":""\""C:\\Windows\\system32\\SecEdit.exe\"" /export /cfg C:\\Windows\\TEMP\\secpol.cfg""},{""@Name"":""CurrentDirectory"",""#text"":""C:\\Program Files (x86)\\ossec-agent\\""},{""@Name"":""User"",""#text"":""NT AUTHORITY\\SYSTEM""},{""@Name"":""LogonGuid"",""#text"":""c9182e32-c31a-69ca-e703-000000000000""},{""@Name"":""LogonId"",""#text"":""0x3E7""},{""@Name"":""TerminalSessionId"",""#text"":""0""},{""@Name"":""IntegrityLevel"",""#text"":""System""},{""@Name"":""Hashes"",""#text"":""MD5=A550295A3AB5A8326F6C697AED19E00E,SHA256=E4645CB6092A470D4A60D04D15E760B9959FF25281E208C737C376F379CBF2CD,IMPHASH=615449A6A25801F47AE0D7578EB950B4""},{""@Name"":""ParentProcessGuid"",""#text"":""c9182e32-c33a-69ca-8900-000000000900""},{""@Name"":""ParentProcessId"",""#text"":""5224""},{""@Name"":""ParentImage"",""#text"":""C:\\Windows\\SysWOW64\\WindowsPowerShell\\v1.0\\powershell.exe""},{""@Name"":""ParentCommandLine"",""#text"":""powershell secedit /export /cfg $env:TEMP\\secpol.cfg; Get-Content $env:TEMP\\secpol.cfg | Select-String \""LockoutDuration\""; Remove-Item $env:TEMP\\secpol.cfg""},{""@Name"":""ParentUser"",""#text"":""NT AUTHORITY\\SYSTEM""}]}}"
235,235,2026-03-30 18:38:51.0816463,22,Info,Microsoft-Windows-Sysmon,Microsoft-Windows-Sysmon/Operational,2448,4476,DC01.corp.local,4,S-1-5-18,DNSEvent (DNS query),NT AUTHORITY\LOCAL SERVICE,,"ProcessID: 1912, ProcessGUID: c9182e32-c31d-69ca-2600-000000000900",RuleName: -,Image: C:\Windows\System32\svchost.exe,QueryName: wpad,QueryStatus: 1460,QueryResults: -,,False,C:\Users\owunc\Desktop\lab_logs\DC_Sysmon_ws.evtx,Classic,0,"{""EventData"":{""Data"":[{""@Name"":""RuleName"",""#text"":""-""},{""@Name"":""UtcTime"",""#text"":""2026-03-30 18:38:49.894""},{""@Name"":""ProcessGuid"",""#text"":""c9182e32-c31d-69ca-2600-000000000900""},{""@Name"":""ProcessId"",""#text"":""1912""},{""@Name"":""QueryName"",""#text"":""wpad""},{""@Name"":""QueryStatus"",""#text"":""1460""},{""@Name"":""QueryResults"",""#text"":""-""},{""@Name"":""Image"",""#text"":""C:\\Windows\\System32\\svchost.exe""},{""@Name"":""User"",""#text"":""NT AUTHORITY\\LOCAL SERVICE""}]}}"
236,236,2026-03-30 18:38:51.2013918,1,Info,Microsoft-Windows-Sysmon,Microsoft-Windows-Sysmon/Operational,2448,4460,DC01.corp.local,5,S-1-5-18,Process creation,NT AUTHORITY\SYSTEM,,"ProcessID: 4200, ProcessGUID: c9182e32-c33b-69ca-8c00-000000000900",RuleName: -,"MD5=EB5ACAC8A6DF89EB6BA751F468490734,SHA256=6633D15A90D38137ABF5E08BC5C14CF35128ECA168E875D9569295ECC88A4DBB,IMPHASH=C1E3C5E2580A8F5AD5F3DF2BCAEA7CAB",ParentProcess: C:\Program Files (x86)\ossec-agent\wazuh-agent.exe,"ParentProcessID: 2520, ParentProcessGUID: c9182e32-c326-69ca-4700-000000000900","ParentCommandLine: ""C:\Program Files (x86)\ossec-agent\wazuh-agent.exe""","powershell secedit /export /cfg $env:TEMP\secpol.cfg; Get-Content $env:TEMP\secpol.cfg | Select-String ""LockoutBadCount""; Remove-Item $env:TEMP\secpol.cfg",False,C:\Users\owunc\Desktop\lab_logs\DC_Sysmon_ws.evtx,Classic,0,"{""EventData"":{""Data"":[{""@Name"":""RuleName"",""#text"":""-""},{""@Name"":""UtcTime"",""#text"":""2026-03-30 18:38:51.200""},{""@Name"":""ProcessGuid"",""#text"":""c9182e32-c33b-69ca-8c00-000000000900""},{""@Name"":""ProcessId"",""#text"":""4200""},{""@Name"":""Image"",""#text"":""C:\\Windows\\SysWOW64\\WindowsPowerShell\\v1.0\\powershell.exe""},{""@Name"":""FileVersion"",""#text"":""10.0.20348.1 (WinBuild.160101.0800)""},{""@Name"":""Description"",""#text"":""Windows PowerShell""},{""@Name"":""Product"",""#text"":""Microsoft® Windows® Operating System""},{""@Name"":""Company"",""#text"":""Microsoft Corporation""},{""@Name"":""OriginalFileName"",""#text"":""PowerShell.EXE""},{""@Name"":""CommandLine"",""#text"":""powershell secedit /export /cfg $env:TEMP\\secpol.cfg; Get-Content $env:TEMP\\secpol.cfg | Select-String \""LockoutBadCount\""; Remove-Item $env:TEMP\\secpol.cfg""},{""@Name"":""CurrentDirectory"",""#text"":""C:\\Program Files (x86)\\ossec-agent\\""},{""@Name"":""User"",""#text"":""NT AUTHORITY\\SYSTEM""},{""@Name"":""LogonGuid"",""#text"":""c9182e32-c31a-69ca-e703-000000000000""},{""@Name"":""LogonId"",""#text"":""0x3E7""},{""@Name"":""TerminalSessionId"",""#text"":""0""},{""@Name"":""IntegrityLevel"",""#text"":""System""},{""@Name"":""Hashes"",""#text"":""MD5=EB5ACAC8A6DF89EB6BA751F468490734,SHA256=6633D15A90D38137ABF5E08BC5C14CF35128ECA168E875D9569295ECC88A4DBB,IMPHASH=C1E3C5E2580A8F5AD5F3DF2BCAEA7CAB""},{""@Name"":""ParentProcessGuid"",""#text"":""c9182e32-c326-69ca-4700-000000000900""},{""@Name"":""ParentProcessId"",""#text"":""2520""},{""@Name"":""ParentImage"",""#text"":""C:\\Program Files (x86)\\ossec-agent\\wazuh-agent.exe""},{""@Name"":""ParentCommandLine"",""#text"":""\""C:\\Program Files (x86)\\ossec-agent\\wazuh-agent.exe\""""},{""@Name"":""ParentUser"",""#text"":""NT AUTHORITY\\SYSTEM""}]}}"
237,237,2026-03-30 18:38:51.2597727,11,Info,Microsoft-Windows-Sysmon,Microsoft-Windows-Sysmon/Operational,2448,4460,DC01.corp.local,5,S-1-5-18,FileCreate,NT AUTHORITY\SYSTEM,,"ProcessID: 4200, ProcessGUID: c9182e32-c33b-69ca-8c00-000000000900",RuleName: -,Image: C:\Windows\SysWOW64\WindowsPowerShell\v1.0\powershell.exe,TargetFilename: C:\Windows\Temp\__PSScriptPolicyTest_f5gj41ki.kkq.ps1,,,,False,C:\Users\owunc\Desktop\lab_logs\DC_Sysmon_ws.evtx,Classic,0,"{""EventData"":{""Data"":[{""@Name"":""RuleName"",""#text"":""-""},{""@Name"":""UtcTime"",""#text"":""2026-03-30 18:38:51.252""},{""@Name"":""ProcessGuid"",""#text"":""c9182e32-c33b-69ca-8c00-000000000900""},{""@Name"":""ProcessId"",""#text"":""4200""},{""@Name"":""Image"",""#text"":""C:\\Windows\\SysWOW64\\WindowsPowerShell\\v1.0\\powershell.exe""},{""@Name"":""TargetFilename"",""#text"":""C:\\Windows\\Temp\\__PSScriptPolicyTest_f5gj41ki.kkq.ps1""},{""@Name"":""CreationUtcTime"",""#text"":""2026-03-30 18:38:51.252""},{""@Name"":""User"",""#text"":""NT AUTHORITY\\SYSTEM""}]}}"
238,238,2026-03-30 18:38:51.3560465,1,Info,Microsoft-Windows-Sysmon,Microsoft-Windows-Sysmon/Operational,2448,4460,DC01.corp.local,5,S-1-5-18,Process creation,NT AUTHORITY\LOCAL SERVICE,,"ProcessID: 5540, ProcessGUID: c9182e32-c33b-69ca-8e00-000000000900",RuleName: -,"MD5=4F24611BD06BC2F1B8149DCB14D6B846,SHA256=28825CAFBD9B10716201DCC272E986309F130BEE4759DD11AA3812448AB0907F,IMPHASH=66F5E1CF50A18CDA3AF997287F7A5204",ParentProcess: C:\Windows\System32\services.exe,"ParentProcessID: 716, ParentProcessGUID: c9182e32-c31a-69ca-0b00-000000000900",ParentCommandLine: C:\Windows\system32\services.exe,"""C:\ProgramData\Microsoft\Windows Defender\Platform\4.18.26020.6-0\NisSrv.exe""",False,C:\Users\owunc\Desktop\lab_logs\DC_Sysmon_ws.evtx,Classic,0,"{""EventData"":{""Data"":[{""@Name"":""RuleName"",""#text"":""-""},{""@Name"":""UtcTime"",""#text"":""2026-03-30 18:38:51.331""},{""@Name"":""ProcessGuid"",""#text"":""c9182e32-c33b-69ca-8e00-000000000900""},{""@Name"":""ProcessId"",""#text"":""5540""},{""@Name"":""Image"",""#text"":""C:\\ProgramData\\Microsoft\\Windows Defender\\Platform\\4.18.26020.6-0\\NisSrv.exe""},{""@Name"":""FileVersion"",""#text"":""4.18.26020.6 (cd0aebd7c18a68cd2e3af14a117b45b178d088f4)""},{""@Name"":""Description"",""#text"":""Microsoft Network Realtime Inspection Service""},{""@Name"":""Product"",""#text"":""Microsoft® Windows® Operating System""},{""@Name"":""Company"",""#text"":""Microsoft Corporation""},{""@Name"":""OriginalFileName"",""#text"":""NisSrv.exe""},{""@Name"":""CommandLine"",""#text"":""\""C:\\ProgramData\\Microsoft\\Windows Defender\\Platform\\4.18.26020.6-0\\NisSrv.exe\""""},{""@Name"":""CurrentDirectory"",""#text"":""C:\\Windows\\system32\\""},{""@Name"":""User"",""#text"":""NT AUTHORITY\\LOCAL SERVICE""},{""@Name"":""LogonGuid"",""#text"":""c9182e32-c31d-69ca-e503-000000000000""},{""@Name"":""LogonId"",""#text"":""0x3E5""},{""@Name"":""TerminalSessionId"",""#text"":""0""},{""@Name"":""IntegrityLevel"",""#text"":""System""},{""@Name"":""Hashes"",""#text"":""MD5=4F24611BD06BC2F1B8149DCB14D6B846,SHA256=28825CAFBD9B10716201DCC272E986309F130BEE4759DD11AA3812448AB0907F,IMPHASH=66F5E1CF50A18CDA3AF997287F7A5204""},{""@Name"":""ParentProcessGuid"",""#text"":""c9182e32-c31a-69ca-0b00-000000000900""},{""@Name"":""ParentProcessId"",""#text"":""716""},{""@Name"":""ParentImage"",""#text"":""C:\\Windows\\System32\\services.exe""},{""@Name"":""ParentCommandLine"",""#text"":""C:\\Windows\\system32\\services.exe""},{""@Name"":""ParentUser"",""#text"":""NT AUTHORITY\\SYSTEM""}]}}"
239,239,2026-03-30 18:38:51.3947781,1,Info,Microsoft-Windows-Sysmon,Microsoft-Windows-Sysmon/Operational,2448,4460,DC01.corp.local,5,S-1-5-18,Process creation,NT AUTHORITY\SYSTEM,,"ProcessID: 604, ProcessGUID: c9182e32-c33b-69ca-8f00-000000000900",RuleName: -,"MD5=08DCF3821C3A4CB3BD7C8D70C854417A,SHA256=3B5B209292376581B6EFFA0037A37CD5F431C9626F079D385761454C039A9912,IMPHASH=89F7FEA336DD2A0A8925B65181B71EB1",ParentProcess: C:\ProgramData\Microsoft\Windows Defender\Platform\4.18.26020.6-0\MsMpEng.exe,"ParentProcessID: 2444, ParentProcessGUID: c9182e32-c326-69ca-4800-000000000900","ParentCommandLine: ""C:\ProgramData\Microsoft\Windows Defender\Platform\4.18.26020.6-0\MsMpEng.exe""","""C:\ProgramData\Microsoft\Windows Defender\Platform\4.18.26020.6-0\MpCmdRun.exe"" -RegisterWmiSchema -Root ""C:\ProgramData\Microsoft\Windows Defender\Platform\4.18.26020.6-0""",False,C:\Users\owunc\Desktop\lab_logs\DC_Sysmon_ws.evtx,Classic,0,"{""EventData"":{""Data"":[{""@Name"":""RuleName"",""#text"":""-""},{""@Name"":""UtcTime"",""#text"":""2026-03-30 18:38:51.381""},{""@Name"":""ProcessGuid"",""#text"":""c9182e32-c33b-69ca-8f00-000000000900""},{""@Name"":""ProcessId"",""#text"":""604""},{""@Name"":""Image"",""#text"":""C:\\ProgramData\\Microsoft\\Windows Defender\\Platform\\4.18.26020.6-0\\MpCmdRun.exe""},{""@Name"":""FileVersion"",""#text"":""4.18.26020.6 (cd0aebd7c18a68cd2e3af14a117b45b178d088f4)""},{""@Name"":""Description"",""#text"":""Microsoft Malware Protection Command Line Utility""},{""@Name"":""Product"",""#text"":""Microsoft® Windows® Operating System""},{""@Name"":""Company"",""#text"":""Microsoft Corporation""},{""@Name"":""OriginalFileName"",""#text"":""MpCmdRun.exe""},{""@Name"":""CommandLine"",""#text"":""\""C:\\ProgramData\\Microsoft\\Windows Defender\\Platform\\4.18.26020.6-0\\MpCmdRun.exe\"" -RegisterWmiSchema -Root \""C:\\ProgramData\\Microsoft\\Windows Defender\\Platform\\4.18.26020.6-0\""""},{""@Name"":""CurrentDirectory"",""#text"":""C:\\Windows\\system32\\""},{""@Name"":""User"",""#text"":""NT AUTHORITY\\SYSTEM""},{""@Name"":""LogonGuid"",""#text"":""c9182e32-c31a-69ca-e703-000000000000""},{""@Name"":""LogonId"",""#text"":""0x3E7""},{""@Name"":""TerminalSessionId"",""#text"":""0""},{""@Name"":""IntegrityLevel"",""#text"":""System""},{""@Name"":""Hashes"",""#text"":""MD5=08DCF3821C3A4CB3BD7C8D70C854417A,SHA256=3B5B209292376581B6EFFA0037A37CD5F431C9626F079D385761454C039A9912,IMPHASH=89F7FEA336DD2A0A8925B65181B71EB1""},{""@Name"":""ParentProcessGuid"",""#text"":""c9182e32-c326-69ca-4800-000000000900""},{""@Name"":""ParentProcessId"",""#text"":""2444""},{""@Name"":""ParentImage"",""#text"":""C:\\ProgramData\\Microsoft\\Windows Defender\\Platform\\4.18.26020.6-0\\MsMpEng.exe""},{""@Name"":""ParentCommandLine"",""#text"":""\""C:\\ProgramData\\Microsoft\\Windows Defender\\Platform\\4.18.26020.6-0\\MsMpEng.exe\""""},{""@Name"":""ParentUser"",""#text"":""NT AUTHORITY\\SYSTEM""}]}}"
240,240,2026-03-30 18:38:51.4882360,1,Info,Microsoft-Windows-Sysmon,Microsoft-Windows-Sysmon/Operational,2448,4460,DC01.corp.local,5,S-1-5-18,Process creation,NT AUTHORITY\SYSTEM,,"ProcessID: 5680, ProcessGUID: c9182e32-c33b-69ca-9100-000000000900",RuleName: -,"MD5=A550295A3AB5A8326F6C697AED19E00E,SHA256=E4645CB6092A470D4A60D04D15E760B9959FF25281E208C737C376F379CBF2CD,IMPHASH=615449A6A25801F47AE0D7578EB950B4",ParentProcess: C:\Windows\SysWOW64\WindowsPowerShell\v1.0\powershell.exe,"ParentProcessID: 4200, ParentProcessGUID: c9182e32-c33b-69ca-8c00-000000000900","ParentCommandLine: powershell secedit /export /cfg $env:TEMP\secpol.cfg; Get-Content $env:TEMP\secpol.cfg | Select-String ""LockoutBadCount""; Remove-Item $env:TEMP\secpol.cfg","""C:\Windows\system32\SecEdit.exe"" /export /cfg C:\Windows\TEMP\secpol.cfg",False,C:\Users\owunc\Desktop\lab_logs\DC_Sysmon_ws.evtx,Classic,0,"{""EventData"":{""Data"":[{""@Name"":""RuleName"",""#text"":""-""},{""@Name"":""UtcTime"",""#text"":""2026-03-30 18:38:51.485""},{""@Name"":""ProcessGuid"",""#text"":""c9182e32-c33b-69ca-9100-000000000900""},{""@Name"":""ProcessId"",""#text"":""5680""},{""@Name"":""Image"",""#text"":""C:\\Windows\\SysWOW64\\SecEdit.exe""},{""@Name"":""FileVersion"",""#text"":""10.0.20348.1 (WinBuild.160101.0800)""},{""@Name"":""Description"",""#text"":""Windows Security Configuration Editor Command Tool""},{""@Name"":""Product"",""#text"":""Microsoft® Windows® Operating System""},{""@Name"":""Company"",""#text"":""Microsoft Corporation""},{""@Name"":""OriginalFileName"",""#text"":""SeCEdit""},{""@Name"":""CommandLine"",""#text"":""\""C:\\Windows\\system32\\SecEdit.exe\"" /export /cfg C:\\Windows\\TEMP\\secpol.cfg""},{""@Name"":""CurrentDirectory"",""#text"":""C:\\Program Files (x86)\\ossec-agent\\""},{""@Name"":""User"",""#text"":""NT AUTHORITY\\SYSTEM""},{""@Name"":""LogonGuid"",""#text"":""c9182e32-c31a-69ca-e703-000000000000""},{""@Name"":""LogonId"",""#text"":""0x3E7""},{""@Name"":""TerminalSessionId"",""#text"":""0""},{""@Name"":""IntegrityLevel"",""#text"":""System""},{""@Name"":""Hashes"",""#text"":""MD5=A550295A3AB5A8326F6C697AED19E00E,SHA256=E4645CB6092A470D4A60D04D15E760B9959FF25281E208C737C376F379CBF2CD,IMPHASH=615449A6A25801F47AE0D7578EB950B4""},{""@Name"":""ParentProcessGuid"",""#text"":""c9182e32-c33b-69ca-8c00-000000000900""},{""@Name"":""ParentProcessId"",""#text"":""4200""},{""@Name"":""ParentImage"",""#text"":""C:\\Windows\\SysWOW64\\WindowsPowerShell\\v1.0\\powershell.exe""},{""@Name"":""ParentCommandLine"",""#text"":""powershell secedit /export /cfg $env:TEMP\\secpol.cfg; Get-Content $env:TEMP\\secpol.cfg | Select-String \""LockoutBadCount\""; Remove-Item $env:TEMP\\secpol.cfg""},{""@Name"":""ParentUser"",""#text"":""NT AUTHORITY\\SYSTEM""}]}}"
241,241,2026-03-30 18:38:52.1453004,1,Info,Microsoft-Windows-Sysmon,Microsoft-Windows-Sysmon/Operational,2448,4460,DC01.corp.local,5,S-1-5-18,Process creation,NT AUTHORITY\SYSTEM,,"ProcessID: 5676, ProcessGUID: c9182e32-c33c-69ca-9200-000000000900",RuleName: -,"MD5=EB5ACAC8A6DF89EB6BA751F468490734,SHA256=6633D15A90D38137ABF5E08BC5C14CF35128ECA168E875D9569295ECC88A4DBB,IMPHASH=C1E3C5E2580A8F5AD5F3DF2BCAEA7CAB",ParentProcess: C:\Program Files (x86)\ossec-agent\wazuh-agent.exe,"ParentProcessID: 2520, ParentProcessGUID: c9182e32-c326-69ca-4700-000000000900","ParentCommandLine: ""C:\Program Files (x86)\ossec-agent\wazuh-agent.exe""","powershell secedit /export /cfg $env:TEMP\secpol.cfg; Get-Content $env:TEMP\secpol.cfg | Select-String ""ResetLockoutCount""; Remove-Item $env:TEMP\secpol.cfg",False,C:\Users\owunc\Desktop\lab_logs\DC_Sysmon_ws.evtx,Classic,0,"{""EventData"":{""Data"":[{""@Name"":""RuleName"",""#text"":""-""},{""@Name"":""UtcTime"",""#text"":""2026-03-30 18:38:52.135""},{""@Name"":""ProcessGuid"",""#text"":""c9182e32-c33c-69ca-9200-000000000900""},{""@Name"":""ProcessId"",""#text"":""5676""},{""@Name"":""Image"",""#text"":""C:\\Windows\\SysWOW64\\WindowsPowerShell\\v1.0\\powershell.exe""},{""@Name"":""FileVersion"",""#text"":""10.0.20348.1 (WinBuild.160101.0800)""},{""@Name"":""Description"",""#text"":""Windows PowerShell""},{""@Name"":""Product"",""#text"":""Microsoft® Windows® Operating System""},{""@Name"":""Company"",""#text"":""Microsoft Corporation""},{""@Name"":""OriginalFileName"",""#text"":""PowerShell.EXE""},{""@Name"":""CommandLine"",""#text"":""powershell secedit /export /cfg $env:TEMP\\secpol.cfg; Get-Content $env:TEMP\\secpol.cfg | Select-String \""ResetLockoutCount\""; Remove-Item $env:TEMP\\secpol.cfg""},{""@Name"":""CurrentDirectory"",""#text"":""C:\\Program Files (x86)\\ossec-agent\\""},{""@Name"":""User"",""#text"":""NT AUTHORITY\\SYSTEM""},{""@Name"":""LogonGuid"",""#text"":""c9182e32-c31a-69ca-e703-000000000000""},{""@Name"":""LogonId"",""#text"":""0x3E7""},{""@Name"":""TerminalSessionId"",""#text"":""0""},{""@Name"":""IntegrityLevel"",""#text"":""System""},{""@Name"":""Hashes"",""#text"":""MD5=EB5ACAC8A6DF89EB6BA751F468490734,SHA256=6633D15A90D38137ABF5E08BC5C14CF35128ECA168E875D9569295ECC88A4DBB,IMPHASH=C1E3C5E2580A8F5AD5F3DF2BCAEA7CAB""},{""@Name"":""ParentProcessGuid"",""#text"":""c9182e32-c326-69ca-4700-000000000900""},{""@Name"":""ParentProcessId"",""#text"":""2520""},{""@Name"":""ParentImage"",""#text"":""C:\\Program Files (x86)\\ossec-agent\\wazuh-agent.exe""},{""@Name"":""ParentCommandLine"",""#text"":""\""C:\\Program Files (x86)\\ossec-agent\\wazuh-agent.exe\""""},{""@Name"":""ParentUser"",""#text"":""NT AUTHORITY\\SYSTEM""}]}}"
242,242,2026-03-30 18:38:52.2937831,11,Info,Microsoft-Windows-Sysmon,Microsoft-Windows-Sysmon/Operational,2448,4460,DC01.corp.local,5,S-1-5-18,FileCreate,NT AUTHORITY\SYSTEM,,"ProcessID: 5676, ProcessGUID: c9182e32-c33c-69ca-9200-000000000900",RuleName: -,Image: C:\Windows\SysWOW64\WindowsPowerShell\v1.0\powershell.exe,TargetFilename: C:\Windows\Temp\__PSScriptPolicyTest_ttbpvjsp.c1d.ps1,,,,False,C:\Users\owunc\Desktop\lab_logs\DC_Sysmon_ws.evtx,Classic,0,"{""EventData"":{""Data"":[{""@Name"":""RuleName"",""#text"":""-""},{""@Name"":""UtcTime"",""#text"":""2026-03-30 18:38:52.284""},{""@Name"":""ProcessGuid"",""#text"":""c9182e32-c33c-69ca-9200-000000000900""},{""@Name"":""ProcessId"",""#text"":""5676""},{""@Name"":""Image"",""#text"":""C:\\Windows\\SysWOW64\\WindowsPowerShell\\v1.0\\powershell.exe""},{""@Name"":""TargetFilename"",""#text"":""C:\\Windows\\Temp\\__PSScriptPolicyTest_ttbpvjsp.c1d.ps1""},{""@Name"":""CreationUtcTime"",""#text"":""2026-03-30 18:38:52.284""},{""@Name"":""User"",""#text"":""NT AUTHORITY\\SYSTEM""}]}}"
243,243,2026-03-30 18:38:52.4314138,1,Info,Microsoft-Windows-Sysmon,Microsoft-Windows-Sysmon/Operational,2448,4460,DC01.corp.local,5,S-1-5-18,Process creation,NT AUTHORITY\SYSTEM,,"ProcessID: 5972, ProcessGUID: c9182e32-c33c-69ca-9400-000000000900",RuleName: -,"MD5=A550295A3AB5A8326F6C697AED19E00E,SHA256=E4645CB6092A470D4A60D04D15E760B9959FF25281E208C737C376F379CBF2CD,IMPHASH=615449A6A25801F47AE0D7578EB950B4",ParentProcess: C:\Windows\SysWOW64\WindowsPowerShell\v1.0\powershell.exe,"ParentProcessID: 5676, ParentProcessGUID: c9182e32-c33c-69ca-9200-000000000900","ParentCommandLine: powershell secedit /export /cfg $env:TEMP\secpol.cfg; Get-Content $env:TEMP\secpol.cfg | Select-String ""ResetLockoutCount""; Remove-Item $env:TEMP\secpol.cfg","""C:\Windows\system32\SecEdit.exe"" /export /cfg C:\Windows\TEMP\secpol.cfg",False,C:\Users\owunc\Desktop\lab_logs\DC_Sysmon_ws.evtx,Classic,0,"{""EventData"":{""Data"":[{""@Name"":""RuleName"",""#text"":""-""},{""@Name"":""UtcTime"",""#text"":""2026-03-30 18:38:52.430""},{""@Name"":""ProcessGuid"",""#text"":""c9182e32-c33c-69ca-9400-000000000900""},{""@Name"":""ProcessId"",""#text"":""5972""},{""@Name"":""Image"",""#text"":""C:\\Windows\\SysWOW64\\SecEdit.exe""},{""@Name"":""FileVersion"",""#text"":""10.0.20348.1 (WinBuild.160101.0800)""},{""@Name"":""Description"",""#text"":""Windows Security Configuration Editor Command Tool""},{""@Name"":""Product"",""#text"":""Microsoft® Windows® Operating System""},{""@Name"":""Company"",""#text"":""Microsoft Corporation""},{""@Name"":""OriginalFileName"",""#text"":""SeCEdit""},{""@Name"":""CommandLine"",""#text"":""\""C:\\Windows\\system32\\SecEdit.exe\"" /export /cfg C:\\Windows\\TEMP\\secpol.cfg""},{""@Name"":""CurrentDirectory"",""#text"":""C:\\Program Files (x86)\\ossec-agent\\""},{""@Name"":""User"",""#text"":""NT AUTHORITY\\SYSTEM""},{""@Name"":""LogonGuid"",""#text"":""c9182e32-c31a-69ca-e703-000000000000""},{""@Name"":""LogonId"",""#text"":""0x3E7""},{""@Name"":""TerminalSessionId"",""#text"":""0""},{""@Name"":""IntegrityLevel"",""#text"":""System""},{""@Name"":""Hashes"",""#text"":""MD5=A550295A3AB5A8326F6C697AED19E00E,SHA256=E4645CB6092A470D4A60D04D15E760B9959FF25281E208C737C376F379CBF2CD,IMPHASH=615449A6A25801F47AE0D7578EB950B4""},{""@Name"":""ParentProcessGuid"",""#text"":""c9182e32-c33c-69ca-9200-000000000900""},{""@Name"":""ParentProcessId"",""#text"":""5676""},{""@Name"":""ParentImage"",""#text"":""C:\\Windows\\SysWOW64\\WindowsPowerShell\\v1.0\\powershell.exe""},{""@Name"":""ParentCommandLine"",""#text"":""powershell secedit /export /cfg $env:TEMP\\secpol.cfg; Get-Content $env:TEMP\\secpol.cfg | Select-String \""ResetLockoutCount\""; Remove-Item $env:TEMP\\secpol.cfg""},{""@Name"":""ParentUser"",""#text"":""NT AUTHORITY\\SYSTEM""}]}}"
244,244,2026-03-30 18:38:52.7734749,1,Info,Microsoft-Windows-Sysmon,Microsoft-Windows-Sysmon/Operational,2448,4460,DC01.corp.local,5,S-1-5-18,Process creation,NT AUTHORITY\SYSTEM,,"ProcessID: 6040, ProcessGUID: c9182e32-c33c-69ca-9500-000000000900",RuleName: -,"MD5=EB5ACAC8A6DF89EB6BA751F468490734,SHA256=6633D15A90D38137ABF5E08BC5C14CF35128ECA168E875D9569295ECC88A4DBB,IMPHASH=C1E3C5E2580A8F5AD5F3DF2BCAEA7CAB",ParentProcess: C:\Program Files (x86)\ossec-agent\wazuh-agent.exe,"ParentProcessID: 2520, ParentProcessGUID: c9182e32-c326-69ca-4700-000000000900","ParentCommandLine: ""C:\Program Files (x86)\ossec-agent\wazuh-agent.exe""","powershell -NoProfile -Command ""[bool](Get-CimInstance -Query 'SELECT * FROM Win32_UserAccount WHERE LocalAccount = TRUE AND SID LIKE ''S-1-5-21-%%-501''' | Where-Object -Property Disabled)""",False,C:\Users\owunc\Desktop\lab_logs\DC_Sysmon_ws.evtx,Classic,0,"{""EventData"":{""Data"":[{""@Name"":""RuleName"",""#text"":""-""},{""@Name"":""UtcTime"",""#text"":""2026-03-30 18:38:52.766""},{""@Name"":""ProcessGuid"",""#text"":""c9182e32-c33c-69ca-9500-000000000900""},{""@Name"":""ProcessId"",""#text"":""6040""},{""@Name"":""Image"",""#text"":""C:\\Windows\\SysWOW64\\WindowsPowerShell\\v1.0\\powershell.exe""},{""@Name"":""FileVersion"",""#text"":""10.0.20348.1 (WinBuild.160101.0800)""},{""@Name"":""Description"",""#text"":""Windows PowerShell""},{""@Name"":""Product"",""#text"":""Microsoft® Windows® Operating System""},{""@Name"":""Company"",""#text"":""Microsoft Corporation""},{""@Name"":""OriginalFileName"",""#text"":""PowerShell.EXE""},{""@Name"":""CommandLine"",""#text"":""powershell -NoProfile -Command \""[bool](Get-CimInstance -Query 'SELECT * FROM Win32_UserAccount WHERE LocalAccount = TRUE AND SID LIKE ''S-1-5-21-%%-501''' | Where-Object -Property Disabled)\""""},{""@Name"":""CurrentDirectory"",""#text"":""C:\\Program Files (x86)\\ossec-agent\\""},{""@Name"":""User"",""#text"":""NT AUTHORITY\\SYSTEM""},{""@Name"":""LogonGuid"",""#text"":""c9182e32-c31a-69ca-e703-000000000000""},{""@Name"":""LogonId"",""#text"":""0x3E7""},{""@Name"":""TerminalSessionId"",""#text"":""0""},{""@Name"":""IntegrityLevel"",""#text"":""System""},{""@Name"":""Hashes"",""#text"":""MD5=EB5ACAC8A6DF89EB6BA751F468490734,SHA256=6633D15A90D38137ABF5E08BC5C14CF35128ECA168E875D9569295ECC88A4DBB,IMPHASH=C1E3C5E2580A8F5AD5F3DF2BCAEA7CAB""},{""@Name"":""ParentProcessGuid"",""#text"":""c9182e32-c326-69ca-4700-000000000900""},{""@Name"":""ParentProcessId"",""#text"":""2520""},{""@Name"":""ParentImage"",""#text"":""C:\\Program Files (x86)\\ossec-agent\\wazuh-agent.exe""},{""@Name"":""ParentCommandLine"",""#text"":""\""C:\\Program Files (x86)\\ossec-agent\\wazuh-agent.exe\""""},{""@Name"":""ParentUser"",""#text"":""NT AUTHORITY\\SYSTEM""}]}}"
245,245,2026-03-30 18:38:52.8282803,11,Info,Microsoft-Windows-Sysmon,Microsoft-Windows-Sysmon/Operational,2448,4460,DC01.corp.local,5,S-1-5-18,FileCreate,NT AUTHORITY\SYSTEM,,"ProcessID: 6040, ProcessGUID: c9182e32-c33c-69ca-9500-000000000900",RuleName: -,Image: C:\Windows\SysWOW64\WindowsPowerShell\v1.0\powershell.exe,TargetFilename: C:\Windows\Temp\__PSScriptPolicyTest_qy4iwkti.q4m.ps1,,,,False,C:\Users\owunc\Desktop\lab_logs\DC_Sysmon_ws.evtx,Classic,0,"{""EventData"":{""Data"":[{""@Name"":""RuleName"",""#text"":""-""},{""@Name"":""UtcTime"",""#text"":""2026-03-30 18:38:52.815""},{""@Name"":""ProcessGuid"",""#text"":""c9182e32-c33c-69ca-9500-000000000900""},{""@Name"":""ProcessId"",""#text"":""6040""},{""@Name"":""Image"",""#text"":""C:\\Windows\\SysWOW64\\WindowsPowerShell\\v1.0\\powershell.exe""},{""@Name"":""TargetFilename"",""#text"":""C:\\Windows\\Temp\\__PSScriptPolicyTest_qy4iwkti.q4m.ps1""},{""@Name"":""CreationUtcTime"",""#text"":""2026-03-30 18:38:52.815""},{""@Name"":""User"",""#text"":""NT AUTHORITY\\SYSTEM""}]}}"
246,246,2026-03-30 18:38:53.2065823,11,Info,Microsoft-Windows-Sysmon,Microsoft-Windows-Sysmon/Operational,2448,4460,DC01.corp.local,5,S-1-5-18,FileCreate,NT AUTHORITY\SYSTEM,,"ProcessID: 6040, ProcessGUID: c9182e32-c33c-69ca-9500-000000000900",RuleName: -,Image: C:\Windows\SysWOW64\WindowsPowerShell\v1.0\powershell.exe,TargetFilename: C:\Windows\Temp\__PSScriptPolicyTest_vivxheb1.0du.ps1,,,,False,C:\Users\owunc\Desktop\lab_logs\DC_Sysmon_ws.evtx,Classic,0,"{""EventData"":{""Data"":[{""@Name"":""RuleName"",""#text"":""-""},{""@Name"":""UtcTime"",""#text"":""2026-03-30 18:38:53.206""},{""@Name"":""ProcessGuid"",""#text"":""c9182e32-c33c-69ca-9500-000000000900""},{""@Name"":""ProcessId"",""#text"":""6040""},{""@Name"":""Image"",""#text"":""C:\\Windows\\SysWOW64\\WindowsPowerShell\\v1.0\\powershell.exe""},{""@Name"":""TargetFilename"",""#text"":""C:\\Windows\\Temp\\__PSScriptPolicyTest_vivxheb1.0du.ps1""},{""@Name"":""CreationUtcTime"",""#text"":""2026-03-30 18:38:53.206""},{""@Name"":""User"",""#text"":""NT AUTHORITY\\SYSTEM""}]}}"
247,247,2026-03-30 18:38:53.6445815,1,Info,Microsoft-Windows-Sysmon,Microsoft-Windows-Sysmon/Operational,2448,4460,DC01.corp.local,5,S-1-5-18,Process creation,NT AUTHORITY\SYSTEM,,"ProcessID: 1148, ProcessGUID: c9182e32-c33d-69ca-9700-000000000900",RuleName: -,"MD5=25E4C7D70BC2817AEEC93BD69BB16657,SHA256=949524A22555305B1DE6ECD8D69A21466E7B4F6354F31B951A1A3DDD6E72E042,IMPHASH=6C829877160814FC33B041AB46ABAC59",ParentProcess: C:\Program Files (x86)\ossec-agent\wazuh-agent.exe,"ParentProcessID: 2520, ParentProcessGUID: c9182e32-c326-69ca-4700-000000000900","ParentCommandLine: ""C:\Program Files (x86)\ossec-agent\wazuh-agent.exe""",net user,False,C:\Users\owunc\Desktop\lab_logs\DC_Sysmon_ws.evtx,Classic,0,"{""EventData"":{""Data"":[{""@Name"":""RuleName"",""#text"":""-""},{""@Name"":""UtcTime"",""#text"":""2026-03-30 18:38:53.640""},{""@Name"":""ProcessGuid"",""#text"":""c9182e32-c33d-69ca-9700-000000000900""},{""@Name"":""ProcessId"",""#text"":""1148""},{""@Name"":""Image"",""#text"":""C:\\Windows\\SysWOW64\\net.exe""},{""@Name"":""FileVersion"",""#text"":""10.0.20348.1 (WinBuild.160101.0800)""},{""@Name"":""Description"",""#text"":""Net Command""},{""@Name"":""Product"",""#text"":""Microsoft® Windows® Operating System""},{""@Name"":""Company"",""#text"":""Microsoft Corporation""},{""@Name"":""OriginalFileName"",""#text"":""net.exe""},{""@Name"":""CommandLine"",""#text"":""net user""},{""@Name"":""CurrentDirectory"",""#text"":""C:\\Program Files (x86)\\ossec-agent\\""},{""@Name"":""User"",""#text"":""NT AUTHORITY\\SYSTEM""},{""@Name"":""LogonGuid"",""#text"":""c9182e32-c31a-69ca-e703-000000000000""},{""@Name"":""LogonId"",""#text"":""0x3E7""},{""@Name"":""TerminalSessionId"",""#text"":""0""},{""@Name"":""IntegrityLevel"",""#text"":""System""},{""@Name"":""Hashes"",""#text"":""MD5=25E4C7D70BC2817AEEC93BD69BB16657,SHA256=949524A22555305B1DE6ECD8D69A21466E7B4F6354F31B951A1A3DDD6E72E042,IMPHASH=6C829877160814FC33B041AB46ABAC59""},{""@Name"":""ParentProcessGuid"",""#text"":""c9182e32-c326-69ca-4700-000000000900""},{""@Name"":""ParentProcessId"",""#text"":""2520""},{""@Name"":""ParentImage"",""#text"":""C:\\Program Files (x86)\\ossec-agent\\wazuh-agent.exe""},{""@Name"":""ParentCommandLine"",""#text"":""\""C:\\Program Files (x86)\\ossec-agent\\wazuh-agent.exe\""""},{""@Name"":""ParentUser"",""#text"":""NT AUTHORITY\\SYSTEM""}]}}"
248,248,2026-03-30 18:38:53.6752428,1,Info,Microsoft-Windows-Sysmon,Microsoft-Windows-Sysmon/Operational,2448,4460,DC01.corp.local,5,S-1-5-18,Process creation,NT AUTHORITY\SYSTEM,,"ProcessID: 1504, ProcessGUID: c9182e32-c33d-69ca-9900-000000000900",RuleName: -,"MD5=6EE14B0BFF935051384F348DF07EDDDD,SHA256=EE0D292C8F6B12A6DEE70E0F3F257A6CB1C90BFFDF2453CD1B3E059122C7A7C5,IMPHASH=FA57EC07C0A8E480F5D417E8860B906D",ParentProcess: C:\Windows\SysWOW64\net.exe,"ParentProcessID: 1148, ParentProcessGUID: c9182e32-c33d-69ca-9700-000000000900",ParentCommandLine: net user,C:\Windows\system32\net1 user,False,C:\Users\owunc\Desktop\lab_logs\DC_Sysmon_ws.evtx,Classic,0,"{""EventData"":{""Data"":[{""@Name"":""RuleName"",""#text"":""-""},{""@Name"":""UtcTime"",""#text"":""2026-03-30 18:38:53.671""},{""@Name"":""ProcessGuid"",""#text"":""c9182e32-c33d-69ca-9900-000000000900""},{""@Name"":""ProcessId"",""#text"":""1504""},{""@Name"":""Image"",""#text"":""C:\\Windows\\SysWOW64\\net1.exe""},{""@Name"":""FileVersion"",""#text"":""10.0.20348.469 (WinBuild.160101.0800)""},{""@Name"":""Description"",""#text"":""Net Command""},{""@Name"":""Product"",""#text"":""Microsoft® Windows® Operating System""},{""@Name"":""Company"",""#text"":""Microsoft Corporation""},{""@Name"":""OriginalFileName"",""#text"":""net1.exe""},{""@Name"":""CommandLine"",""#text"":""C:\\Windows\\system32\\net1 user""},{""@Name"":""CurrentDirectory"",""#text"":""C:\\Program Files (x86)\\ossec-agent\\""},{""@Name"":""User"",""#text"":""NT AUTHORITY\\SYSTEM""},{""@Name"":""LogonGuid"",""#text"":""c9182e32-c31a-69ca-e703-000000000000""},{""@Name"":""LogonId"",""#text"":""0x3E7""},{""@Name"":""TerminalSessionId"",""#text"":""0""},{""@Name"":""IntegrityLevel"",""#text"":""System""},{""@Name"":""Hashes"",""#text"":""MD5=6EE14B0BFF935051384F348DF07EDDDD,SHA256=EE0D292C8F6B12A6DEE70E0F3F257A6CB1C90BFFDF2453CD1B3E059122C7A7C5,IMPHASH=FA57EC07C0A8E480F5D417E8860B906D""},{""@Name"":""ParentProcessGuid"",""#text"":""c9182e32-c33d-69ca-9700-000000000900""},{""@Name"":""ParentProcessId"",""#text"":""1148""},{""@Name"":""ParentImage"",""#text"":""C:\\Windows\\SysWOW64\\net.exe""},{""@Name"":""ParentCommandLine"",""#text"":""net user""},{""@Name"":""ParentUser"",""#text"":""NT AUTHORITY\\SYSTEM""}]}}"
249,249,2026-03-30 18:38:53.6915754,1,Info,Microsoft-Windows-Sysmon,Microsoft-Windows-Sysmon/Operational,2448,4460,DC01.corp.local,5,S-1-5-18,Process creation,NT AUTHORITY\SYSTEM,,"ProcessID: 5264, ProcessGUID: c9182e32-c33d-69ca-9a00-000000000900",RuleName: -,"MD5=25E4C7D70BC2817AEEC93BD69BB16657,SHA256=949524A22555305B1DE6ECD8D69A21466E7B4F6354F31B951A1A3DDD6E72E042,IMPHASH=6C829877160814FC33B041AB46ABAC59",ParentProcess: C:\Program Files (x86)\ossec-agent\wazuh-agent.exe,"ParentProcessID: 2520, ParentProcessGUID: c9182e32-c326-69ca-4700-000000000900","ParentCommandLine: ""C:\Program Files (x86)\ossec-agent\wazuh-agent.exe""",net user,False,C:\Users\owunc\Desktop\lab_logs\DC_Sysmon_ws.evtx,Classic,0,"{""EventData"":{""Data"":[{""@Name"":""RuleName"",""#text"":""-""},{""@Name"":""UtcTime"",""#text"":""2026-03-30 18:38:53.690""},{""@Name"":""ProcessGuid"",""#text"":""c9182e32-c33d-69ca-9a00-000000000900""},{""@Name"":""ProcessId"",""#text"":""5264""},{""@Name"":""Image"",""#text"":""C:\\Windows\\SysWOW64\\net.exe""},{""@Name"":""FileVersion"",""#text"":""10.0.20348.1 (WinBuild.160101.0800)""},{""@Name"":""Description"",""#text"":""Net Command""},{""@Name"":""Product"",""#text"":""Microsoft® Windows® Operating System""},{""@Name"":""Company"",""#text"":""Microsoft Corporation""},{""@Name"":""OriginalFileName"",""#text"":""net.exe""},{""@Name"":""CommandLine"",""#text"":""net user""},{""@Name"":""CurrentDirectory"",""#text"":""C:\\Program Files (x86)\\ossec-agent\\""},{""@Name"":""User"",""#text"":""NT AUTHORITY\\SYSTEM""},{""@Name"":""LogonGuid"",""#text"":""c9182e32-c31a-69ca-e703-000000000000""},{""@Name"":""LogonId"",""#text"":""0x3E7""},{""@Name"":""TerminalSessionId"",""#text"":""0""},{""@Name"":""IntegrityLevel"",""#text"":""System""},{""@Name"":""Hashes"",""#text"":""MD5=25E4C7D70BC2817AEEC93BD69BB16657,SHA256=949524A22555305B1DE6ECD8D69A21466E7B4F6354F31B951A1A3DDD6E72E042,IMPHASH=6C829877160814FC33B041AB46ABAC59""},{""@Name"":""ParentProcessGuid"",""#text"":""c9182e32-c326-69ca-4700-000000000900""},{""@Name"":""ParentProcessId"",""#text"":""2520""},{""@Name"":""ParentImage"",""#text"":""C:\\Program Files (x86)\\ossec-agent\\wazuh-agent.exe""},{""@Name"":""ParentCommandLine"",""#text"":""\""C:\\Program Files (x86)\\ossec-agent\\wazuh-agent.exe\""""},{""@Name"":""ParentUser"",""#text"":""NT AUTHORITY\\SYSTEM""}]}}"
250,250,2026-03-30 18:38:53.7185032,1,Info,Microsoft-Windows-Sysmon,Microsoft-Windows-Sysmon/Operational,2448,4460,DC01.corp.local,5,S-1-5-18,Process creation,NT AUTHORITY\SYSTEM,,"ProcessID: 676, ProcessGUID: c9182e32-c33d-69ca-9c00-000000000900",RuleName: -,"MD5=6EE14B0BFF935051384F348DF07EDDDD,SHA256=EE0D292C8F6B12A6DEE70E0F3F257A6CB1C90BFFDF2453CD1B3E059122C7A7C5,IMPHASH=FA57EC07C0A8E480F5D417E8860B906D",ParentProcess: C:\Windows\SysWOW64\net.exe,"ParentProcessID: 5264, ParentProcessGUID: c9182e32-c33d-69ca-9a00-000000000900",ParentCommandLine: net user,C:\Windows\system32\net1 user,False,C:\Users\owunc\Desktop\lab_logs\DC_Sysmon_ws.evtx,Classic,0,"{""EventData"":{""Data"":[{""@Name"":""RuleName"",""#text"":""-""},{""@Name"":""UtcTime"",""#text"":""2026-03-30 18:38:53.715""},{""@Name"":""ProcessGuid"",""#text"":""c9182e32-c33d-69ca-9c00-000000000900""},{""@Name"":""ProcessId"",""#text"":""676""},{""@Name"":""Image"",""#text"":""C:\\Windows\\SysWOW64\\net1.exe""},{""@Name"":""FileVersion"",""#text"":""10.0.20348.469 (WinBuild.160101.0800)""},{""@Name"":""Description"",""#text"":""Net Command""},{""@Name"":""Product"",""#text"":""Microsoft® Windows® Operating System""},{""@Name"":""Company"",""#text"":""Microsoft Corporation""},{""@Name"":""OriginalFileName"",""#text"":""net1.exe""},{""@Name"":""CommandLine"",""#text"":""C:\\Windows\\system32\\net1 user""},{""@Name"":""CurrentDirectory"",""#text"":""C:\\Program Files (x86)\\ossec-agent\\""},{""@Name"":""User"",""#text"":""NT AUTHORITY\\SYSTEM""},{""@Name"":""LogonGuid"",""#text"":""c9182e32-c31a-69ca-e703-000000000000""},{""@Name"":""LogonId"",""#text"":""0x3E7""},{""@Name"":""TerminalSessionId"",""#text"":""0""},{""@Name"":""IntegrityLevel"",""#text"":""System""},{""@Name"":""Hashes"",""#text"":""MD5=6EE14B0BFF935051384F348DF07EDDDD,SHA256=EE0D292C8F6B12A6DEE70E0F3F257A6CB1C90BFFDF2453CD1B3E059122C7A7C5,IMPHASH=FA57EC07C0A8E480F5D417E8860B906D""},{""@Name"":""ParentProcessGuid"",""#text"":""c9182e32-c33d-69ca-9a00-000000000900""},{""@Name"":""ParentProcessId"",""#text"":""5264""},{""@Name"":""ParentImage"",""#text"":""C:\\Windows\\SysWOW64\\net.exe""},{""@Name"":""ParentCommandLine"",""#text"":""net user""},{""@Name"":""ParentUser"",""#text"":""NT AUTHORITY\\SYSTEM""}]}}"
251,251,2026-03-30 18:38:53.7385992,1,Info,Microsoft-Windows-Sysmon,Microsoft-Windows-Sysmon/Operational,2448,4460,DC01.corp.local,5,S-1-5-18,Process creation,NT AUTHORITY\SYSTEM,,"ProcessID: 5236, ProcessGUID: c9182e32-c33d-69ca-9d00-000000000900",RuleName: -,"MD5=42C54DD5CEDF867054DA83959BB73CEB,SHA256=E606CE6F5D3627FEA5E93F8168FE2740443D079D690D867811A7A1FEE4F55A2D,IMPHASH=BCFC5C75D29309794455BF34432D5D36",ParentProcess: C:\Program Files (x86)\ossec-agent\wazuh-agent.exe,"ParentProcessID: 2520, ParentProcessGUID: c9182e32-c326-69ca-4700-000000000900","ParentCommandLine: ""C:\Program Files (x86)\ossec-agent\wazuh-agent.exe""","reg query ""HKLM\SOFTWARE\Microsoft\Windows\CurrentVersion\Policies\System"" /v legalnoticetext",False,C:\Users\owunc\Desktop\lab_logs\DC_Sysmon_ws.evtx,Classic,0,"{""EventData"":{""Data"":[{""@Name"":""RuleName"",""#text"":""-""},{""@Name"":""UtcTime"",""#text"":""2026-03-30 18:38:53.733""},{""@Name"":""ProcessGuid"",""#text"":""c9182e32-c33d-69ca-9d00-000000000900""},{""@Name"":""ProcessId"",""#text"":""5236""},{""@Name"":""Image"",""#text"":""C:\\Windows\\SysWOW64\\reg.exe""},{""@Name"":""FileVersion"",""#text"":""10.0.20348.1 (WinBuild.160101.0800)""},{""@Name"":""Description"",""#text"":""Registry Console Tool""},{""@Name"":""Product"",""#text"":""Microsoft® Windows® Operating System""},{""@Name"":""Company"",""#text"":""Microsoft Corporation""},{""@Name"":""OriginalFileName"",""#text"":""reg.exe""},{""@Name"":""CommandLine"",""#text"":""reg query \""HKLM\\SOFTWARE\\Microsoft\\Windows\\CurrentVersion\\Policies\\System\"" /v legalnoticetext""},{""@Name"":""CurrentDirectory"",""#text"":""C:\\Program Files (x86)\\ossec-agent\\""},{""@Name"":""User"",""#text"":""NT AUTHORITY\\SYSTEM""},{""@Name"":""LogonGuid"",""#text"":""c9182e32-c31a-69ca-e703-000000000000""},{""@Name"":""LogonId"",""#text"":""0x3E7""},{""@Name"":""TerminalSessionId"",""#text"":""0""},{""@Name"":""IntegrityLevel"",""#text"":""System""},{""@Name"":""Hashes"",""#text"":""MD5=42C54DD5CEDF867054DA83959BB73CEB,SHA256=E606CE6F5D3627FEA5E93F8168FE2740443D079D690D867811A7A1FEE4F55A2D,IMPHASH=BCFC5C75D29309794455BF34432D5D36""},{""@Name"":""ParentProcessGuid"",""#text"":""c9182e32-c326-69ca-4700-000000000900""},{""@Name"":""ParentProcessId"",""#text"":""2520""},{""@Name"":""ParentImage"",""#text"":""C:\\Program Files (x86)\\ossec-agent\\wazuh-agent.exe""},{""@Name"":""ParentCommandLine"",""#text"":""\""C:\\Program Files (x86)\\ossec-agent\\wazuh-agent.exe\""""},{""@Name"":""ParentUser"",""#text"":""NT AUTHORITY\\SYSTEM""}]}}"
