598,598,2026-03-30 21:16:46.3340501,1,Info,Microsoft-Windows-Sysmon,Microsoft-Windows-Sysmon/Operational,2448,4460,DC01.corp.local,11,S-1-5-18,Process creation,CORP\Administrator,,"ProcessID: 6228, ProcessGUID: c9182e32-e83e-69ca-9501-000000000900",RuleName: -,"MD5=DC32ABA4669EAFB22FCACD5EC836A107,SHA256=31780FF2AAF7BC71F755BA0E4FEF1D61B060D1D2741EAFB33CBAB44D889595A0,IMPHASH=D8C4E4978657CEA220B495778C972E64",ParentProcess: C:\Windows\System32\services.exe,"ParentProcessID: 716, ParentProcessGUID: c9182e32-c31a-69ca-0b00-000000000900",ParentCommandLine: C:\Windows\system32\services.exe,C:\Windows\system32\svchost.exe -k ClipboardSvcGroup -p -s cbdhsvc,False,C:\Users\owunc\Desktop\lab_logs\DC_Sysmon_ws.evtx,Classic,0,"{""EventData"":{""Data"":[{""@Name"":""RuleName"",""#text"":""-""},{""@Name"":""UtcTime"",""#text"":""2026-03-30 21:16:46.331""},{""@Name"":""ProcessGuid"",""#text"":""c9182e32-e83e-69ca-9501-000000000900""},{""@Name"":""ProcessId"",""#text"":""6228""},{""@Name"":""Image"",""#text"":""C:\\Windows\\System32\\svchost.exe""},{""@Name"":""FileVersion"",""#text"":""10.0.20348.558 (WinBuild.160101.0800)""},{""@Name"":""Description"",""#text"":""Host Process for Windows Services""},{""@Name"":""Product"",""#text"":""Microsoft® Windows® Operating System""},{""@Name"":""Company"",""#text"":""Microsoft Corporation""},{""@Name"":""OriginalFileName"",""#text"":""svchost.exe""},{""@Name"":""CommandLine"",""#text"":""C:\\Windows\\system32\\svchost.exe -k ClipboardSvcGroup -p -s cbdhsvc""},{""@Name"":""CurrentDirectory"",""#text"":""C:\\Windows\\system32\\""},{""@Name"":""User"",""#text"":""CORP\\Administrator""},{""@Name"":""LogonGuid"",""#text"":""c9182e32-e839-69ca-bb8f-310000000000""},{""@Name"":""LogonId"",""#text"":""0x318FBB""},{""@Name"":""TerminalSessionId"",""#text"":""1""},{""@Name"":""IntegrityLevel"",""#text"":""High""},{""@Name"":""Hashes"",""#text"":""MD5=DC32ABA4669EAFB22FCACD5EC836A107,SHA256=31780FF2AAF7BC71F755BA0E4FEF1D61B060D1D2741EAFB33CBAB44D889595A0,IMPHASH=D8C4E4978657CEA220B495778C972E64""},{""@Name"":""ParentProcessGuid"",""#text"":""c9182e32-c31a-69ca-0b00-000000000900""},{""@Name"":""ParentProcessId"",""#text"":""716""},{""@Name"":""ParentImage"",""#text"":""C:\\Windows\\System32\\services.exe""},{""@Name"":""ParentCommandLine"",""#text"":""C:\\Windows\\system32\\services.exe""},{""@Name"":""ParentUser"",""#text"":""NT AUTHORITY\\SYSTEM""}]}}"
599,599,2026-03-30 21:16:47.2628413,1,Info,Microsoft-Windows-Sysmon,Microsoft-Windows-Sysmon/Operational,2448,4460,DC01.corp.local,11,S-1-5-18,Process creation,CORP\Administrator,,"ProcessID: 6588, ProcessGUID: c9182e32-e83f-69ca-9a01-000000000900",RuleName: -,"MD5=E91BFBB1471048486DAEC863188C0C65,SHA256=56E793491C11180876932D27B40EDFF046978656035172B672ED32B057FAE88D,IMPHASH=259634154CC16A4DA7F582DDD5999089",ParentProcess: C:\Windows\System32\svchost.exe,"ParentProcessID: 948, ParentProcessGUID: c9182e32-c31b-69ca-0d00-000000000900",ParentCommandLine: C:\Windows\system32\svchost.exe -k DcomLaunch -p,C:\Windows\System32\smartscreen.exe -Embedding,False,C:\Users\owunc\Desktop\lab_logs\DC_Sysmon_ws.evtx,Classic,0,"{""EventData"":{""Data"":[{""@Name"":""RuleName"",""#text"":""-""},{""@Name"":""UtcTime"",""#text"":""2026-03-30 21:16:47.247""},{""@Name"":""ProcessGuid"",""#text"":""c9182e32-e83f-69ca-9a01-000000000900""},{""@Name"":""ProcessId"",""#text"":""6588""},{""@Name"":""Image"",""#text"":""C:\\Windows\\System32\\smartscreen.exe""},{""@Name"":""FileVersion"",""#text"":""10.0.20348.1 (WinBuild.160101.0800)""},{""@Name"":""Description"",""#text"":""Windows Defender SmartScreen""},{""@Name"":""Product"",""#text"":""Microsoft® Windows® Operating System""},{""@Name"":""Company"",""#text"":""Microsoft Corporation""},{""@Name"":""OriginalFileName"",""#text"":""smartscreen.exe""},{""@Name"":""CommandLine"",""#text"":""C:\\Windows\\System32\\smartscreen.exe -Embedding""},{""@Name"":""CurrentDirectory"",""#text"":""C:\\Windows\\system32\\""},{""@Name"":""User"",""#text"":""CORP\\Administrator""},{""@Name"":""LogonGuid"",""#text"":""c9182e32-e839-69ca-bb8f-310000000000""},{""@Name"":""LogonId"",""#text"":""0x318FBB""},{""@Name"":""TerminalSessionId"",""#text"":""1""},{""@Name"":""IntegrityLevel"",""#text"":""High""},{""@Name"":""Hashes"",""#text"":""MD5=E91BFBB1471048486DAEC863188C0C65,SHA256=56E793491C11180876932D27B40EDFF046978656035172B672ED32B057FAE88D,IMPHASH=259634154CC16A4DA7F582DDD5999089""},{""@Name"":""ParentProcessGuid"",""#text"":""c9182e32-c31b-69ca-0d00-000000000900""},{""@Name"":""ParentProcessId"",""#text"":""948""},{""@Name"":""ParentImage"",""#text"":""C:\\Windows\\System32\\svchost.exe""},{""@Name"":""ParentCommandLine"",""#text"":""C:\\Windows\\system32\\svchost.exe -k DcomLaunch -p""},{""@Name"":""ParentUser"",""#text"":""NT AUTHORITY\\SYSTEM""}]}}"
600,600,2026-03-30 21:16:47.3189384,1,Info,Microsoft-Windows-Sysmon,Microsoft-Windows-Sysmon/Operational,2448,4460,DC01.corp.local,11,S-1-5-18,Process creation,CORP\Administrator,,"ProcessID: 6644, ProcessGUID: c9182e32-e83f-69ca-9b01-000000000900",RuleName: -,"MD5=E7A6B1F51EFB405287A8048CFA4690F4,SHA256=EB71EA69DD19F728AB9240565E8C7EFB59821E19E3788E289301E1E74940C208,IMPHASH=D60B77062898DC6BFAE7FE11A0F8806C",ParentProcess: C:\Windows\explorer.exe,"ParentProcessID: 4912, ParentProcessGUID: c9182e32-e839-69ca-8a01-000000000900",ParentCommandLine: C:\Windows\Explorer.EXE /NoUACCheck,"""C:\Windows\system32\cmd.exe"" ",False,C:\Users\owunc\Desktop\lab_logs\DC_Sysmon_ws.evtx,Classic,0,"{""EventData"":{""Data"":[{""@Name"":""RuleName"",""#text"":""-""},{""@Name"":""UtcTime"",""#text"":""2026-03-30 21:16:47.311""},{""@Name"":""ProcessGuid"",""#text"":""c9182e32-e83f-69ca-9b01-000000000900""},{""@Name"":""ProcessId"",""#text"":""6644""},{""@Name"":""Image"",""#text"":""C:\\Windows\\System32\\cmd.exe""},{""@Name"":""FileVersion"",""#text"":""10.0.20348.1 (WinBuild.160101.0800)""},{""@Name"":""Description"",""#text"":""Windows Command Processor""},{""@Name"":""Product"",""#text"":""Microsoft® Windows® Operating System""},{""@Name"":""Company"",""#text"":""Microsoft Corporation""},{""@Name"":""OriginalFileName"",""#text"":""Cmd.Exe""},{""@Name"":""CommandLine"",""#text"":""\""C:\\Windows\\system32\\cmd.exe\"" ""},{""@Name"":""CurrentDirectory"",""#text"":""C:\\Users\\Administrator\\""},{""@Name"":""User"",""#text"":""CORP\\Administrator""},{""@Name"":""LogonGuid"",""#text"":""c9182e32-e839-69ca-bb8f-310000000000""},{""@Name"":""LogonId"",""#text"":""0x318FBB""},{""@Name"":""TerminalSessionId"",""#text"":""1""},{""@Name"":""IntegrityLevel"",""#text"":""High""},{""@Name"":""Hashes"",""#text"":""MD5=E7A6B1F51EFB405287A8048CFA4690F4,SHA256=EB71EA69DD19F728AB9240565E8C7EFB59821E19E3788E289301E1E74940C208,IMPHASH=D60B77062898DC6BFAE7FE11A0F8806C""},{""@Name"":""ParentProcessGuid"",""#text"":""c9182e32-e839-69ca-8a01-000000000900""},{""@Name"":""ParentProcessId"",""#text"":""4912""},{""@Name"":""ParentImage"",""#text"":""C:\\Windows\\explorer.exe""},{""@Name"":""ParentCommandLine"",""#text"":""C:\\Windows\\Explorer.EXE /NoUACCheck""},{""@Name"":""ParentUser"",""#text"":""CORP\\Administrator""}]}}"
601,601,2026-03-30 21:16:49.1924930,1,Info,Microsoft-Windows-Sysmon,Microsoft-Windows-Sysmon/Operational,2448,4460,DC01.corp.local,11,S-1-5-18,Process creation,CORP\Administrator,,"ProcessID: 6812, ProcessGUID: c9182e32-e841-69ca-9e01-000000000900",RuleName: -,"MD5=A8430B55CB14D122A66574AF34DA4E9C,SHA256=DE85261DAF12E338725994FF1D4F3399CB2BCABEF3960B55B842EA85FC318132,IMPHASH=EDDDCABFE51D569B2BCFD3B6A17F5955",ParentProcess: C:\Windows\System32\cmd.exe,"ParentProcessID: 6644, ParentProcessGUID: c9182e32-e83f-69ca-9b01-000000000900","ParentCommandLine: ""C:\Windows\system32\cmd.exe"" ",ipconfig,False,C:\Users\owunc\Desktop\lab_logs\DC_Sysmon_ws.evtx,Classic,0,"{""EventData"":{""Data"":[{""@Name"":""RuleName"",""#text"":""-""},{""@Name"":""UtcTime"",""#text"":""2026-03-30 21:16:49.187""},{""@Name"":""ProcessGuid"",""#text"":""c9182e32-e841-69ca-9e01-000000000900""},{""@Name"":""ProcessId"",""#text"":""6812""},{""@Name"":""Image"",""#text"":""C:\\Windows\\System32\\ipconfig.exe""},{""@Name"":""FileVersion"",""#text"":""10.0.20348.1 (WinBuild.160101.0800)""},{""@Name"":""Description"",""#text"":""IP Configuration Utility""},{""@Name"":""Product"",""#text"":""Microsoft® Windows® Operating System""},{""@Name"":""Company"",""#text"":""Microsoft Corporation""},{""@Name"":""OriginalFileName"",""#text"":""ipconfig.exe""},{""@Name"":""CommandLine"",""#text"":""ipconfig""},{""@Name"":""CurrentDirectory"",""#text"":""C:\\Users\\Administrator\\""},{""@Name"":""User"",""#text"":""CORP\\Administrator""},{""@Name"":""LogonGuid"",""#text"":""c9182e32-e839-69ca-bb8f-310000000000""},{""@Name"":""LogonId"",""#text"":""0x318FBB""},{""@Name"":""TerminalSessionId"",""#text"":""1""},{""@Name"":""IntegrityLevel"",""#text"":""High""},{""@Name"":""Hashes"",""#text"":""MD5=A8430B55CB14D122A66574AF34DA4E9C,SHA256=DE85261DAF12E338725994FF1D4F3399CB2BCABEF3960B55B842EA85FC318132,IMPHASH=EDDDCABFE51D569B2BCFD3B6A17F5955""},{""@Name"":""ParentProcessGuid"",""#text"":""c9182e32-e83f-69ca-9b01-000000000900""},{""@Name"":""ParentProcessId"",""#text"":""6644""},{""@Name"":""ParentImage"",""#text"":""C:\\Windows\\System32\\cmd.exe""},{""@Name"":""ParentCommandLine"",""#text"":""\""C:\\Windows\\system32\\cmd.exe\"" ""},{""@Name"":""ParentUser"",""#text"":""CORP\\Administrator""}]}}"
602,602,2026-03-30 21:16:53.0846366,1,Info,Microsoft-Windows-Sysmon,Microsoft-Windows-Sysmon/Operational,2448,4460,DC01.corp.local,11,S-1-5-18,Process creation,CORP\Administrator,,"ProcessID: 6852, ProcessGUID: c9182e32-e845-69ca-9f01-000000000900",RuleName: -,"MD5=37EEA8B4D205B2300E79A9E96F2F7A46,SHA256=7FD314376CA1659C3FC4A62E2A9229E480A0A162A58FBA118DBCD141AB7B79A7,IMPHASH=0C6CFC9FD8E707EBB4431C297DA2994C",ParentProcess: C:\Windows\explorer.exe,"ParentProcessID: 4912, ParentProcessGUID: c9182e32-e839-69ca-8a01-000000000900",ParentCommandLine: C:\Windows\Explorer.EXE /NoUACCheck,"""C:\Windows\System32\SecurityHealthSystray.exe"" ",False,C:\Users\owunc\Desktop\lab_logs\DC_Sysmon_ws.evtx,Classic,0,"{""EventData"":{""Data"":[{""@Name"":""RuleName"",""#text"":""-""},{""@Name"":""UtcTime"",""#text"":""2026-03-30 21:16:53.081""},{""@Name"":""ProcessGuid"",""#text"":""c9182e32-e845-69ca-9f01-000000000900""},{""@Name"":""ProcessId"",""#text"":""6852""},{""@Name"":""Image"",""#text"":""C:\\Windows\\System32\\SecurityHealthSystray.exe""},{""@Name"":""FileVersion"",""#text"":""10.0.20348.1 (WinBuild.160101.0800)""},{""@Name"":""Description"",""#text"":""Windows Security notification icon""},{""@Name"":""Product"",""#text"":""Microsoft® Windows® Operating System""},{""@Name"":""Company"",""#text"":""Microsoft Corporation""},{""@Name"":""OriginalFileName"",""#text"":""SecurityHealthSystray.exe""},{""@Name"":""CommandLine"",""#text"":""\""C:\\Windows\\System32\\SecurityHealthSystray.exe\"" ""},{""@Name"":""CurrentDirectory"",""#text"":""C:\\Windows\\system32\\""},{""@Name"":""User"",""#text"":""CORP\\Administrator""},{""@Name"":""LogonGuid"",""#text"":""c9182e32-e839-69ca-bb8f-310000000000""},{""@Name"":""LogonId"",""#text"":""0x318FBB""},{""@Name"":""TerminalSessionId"",""#text"":""1""},{""@Name"":""IntegrityLevel"",""#text"":""High""},{""@Name"":""Hashes"",""#text"":""MD5=37EEA8B4D205B2300E79A9E96F2F7A46,SHA256=7FD314376CA1659C3FC4A62E2A9229E480A0A162A58FBA118DBCD141AB7B79A7,IMPHASH=0C6CFC9FD8E707EBB4431C297DA2994C""},{""@Name"":""ParentProcessGuid"",""#text"":""c9182e32-e839-69ca-8a01-000000000900""},{""@Name"":""ParentProcessId"",""#text"":""4912""},{""@Name"":""ParentImage"",""#text"":""C:\\Windows\\explorer.exe""},{""@Name"":""ParentCommandLine"",""#text"":""C:\\Windows\\Explorer.EXE /NoUACCheck""},{""@Name"":""ParentUser"",""#text"":""CORP\\Administrator""}]}}"
603,603,2026-03-30 21:16:53.1090254,1,Info,Microsoft-Windows-Sysmon,Microsoft-Windows-Sysmon/Operational,2448,4460,DC01.corp.local,11,S-1-5-18,Process creation,CORP\Administrator,,"ProcessID: 6876, ProcessGUID: c9182e32-e845-69ca-a001-000000000900",RuleName: -,"MD5=40902F2B6838120B87FCB36590C1DC35,SHA256=84F3A7EA12724D572071594D2A500547D22DEC0CED1003675AAC960663AB93FC,IMPHASH=F30A1A4AD26C0CB68CE2BD3F667C6152",ParentProcess: C:\Windows\explorer.exe,"ParentProcessID: 4912, ParentProcessGUID: c9182e32-e839-69ca-8a01-000000000900",ParentCommandLine: C:\Windows\Explorer.EXE /NoUACCheck,"""C:\Program Files\VMware\VMware Tools\vmtoolsd.exe"" -n vmusr",False,C:\Users\owunc\Desktop\lab_logs\DC_Sysmon_ws.evtx,Classic,0,"{""EventData"":{""Data"":[{""@Name"":""RuleName"",""#text"":""-""},{""@Name"":""UtcTime"",""#text"":""2026-03-30 21:16:53.107""},{""@Name"":""ProcessGuid"",""#text"":""c9182e32-e845-69ca-a001-000000000900""},{""@Name"":""ProcessId"",""#text"":""6876""},{""@Name"":""Image"",""#text"":""C:\\Program Files\\VMware\\VMware Tools\\vmtoolsd.exe""},{""@Name"":""FileVersion"",""#text"":""13.0.1.0""},{""@Name"":""Description"",""#text"":""VMware Tools Core Service""},{""@Name"":""Product"",""#text"":""VMware Tools""},{""@Name"":""Company"",""#text"":""Broadcom Inc.""},{""@Name"":""OriginalFileName"",""#text"":""vmtoolsd.exe""},{""@Name"":""CommandLine"",""#text"":""\""C:\\Program Files\\VMware\\VMware Tools\\vmtoolsd.exe\"" -n vmusr""},{""@Name"":""CurrentDirectory"",""#text"":""C:\\Windows\\system32\\""},{""@Name"":""User"",""#text"":""CORP\\Administrator""},{""@Name"":""LogonGuid"",""#text"":""c9182e32-e839-69ca-bb8f-310000000000""},{""@Name"":""LogonId"",""#text"":""0x318FBB""},{""@Name"":""TerminalSessionId"",""#text"":""1""},{""@Name"":""IntegrityLevel"",""#text"":""High""},{""@Name"":""Hashes"",""#text"":""MD5=40902F2B6838120B87FCB36590C1DC35,SHA256=84F3A7EA12724D572071594D2A500547D22DEC0CED1003675AAC960663AB93FC,IMPHASH=F30A1A4AD26C0CB68CE2BD3F667C6152""},{""@Name"":""ParentProcessGuid"",""#text"":""c9182e32-e839-69ca-8a01-000000000900""},{""@Name"":""ParentProcessId"",""#text"":""4912""},{""@Name"":""ParentImage"",""#text"":""C:\\Windows\\explorer.exe""},{""@Name"":""ParentCommandLine"",""#text"":""C:\\Windows\\Explorer.EXE /NoUACCheck""},{""@Name"":""ParentUser"",""#text"":""CORP\\Administrator""}]}}"
604,604,2026-03-30 21:16:53.2795270,1,Info,Microsoft-Windows-Sysmon,Microsoft-Windows-Sysmon/Operational,2448,4460,DC01.corp.local,11,S-1-5-18,Process creation,CORP\Administrator,,"ProcessID: 6920, ProcessGUID: c9182e32-e845-69ca-a101-000000000900",RuleName: -,"MD5=4A832ED4D87AD63BE53E42CFED39E0A1,SHA256=68D13933F1C9DA2BF3BCD8C8B6D3E561EAE0A4CAB3C6C69C002E6CB696389DC7,IMPHASH=52182582DB3FC49E327853C5E45E3FB9",ParentProcess: C:\Windows\System32\cmd.exe,"ParentProcessID: 6644, ParentProcessGUID: c9182e32-e83f-69ca-9b01-000000000900","ParentCommandLine: ""C:\Windows\system32\cmd.exe"" ",ping  192.168.93.15,False,C:\Users\owunc\Desktop\lab_logs\DC_Sysmon_ws.evtx,Classic,0,"{""EventData"":{""Data"":[{""@Name"":""RuleName"",""#text"":""-""},{""@Name"":""UtcTime"",""#text"":""2026-03-30 21:16:53.275""},{""@Name"":""ProcessGuid"",""#text"":""c9182e32-e845-69ca-a101-000000000900""},{""@Name"":""ProcessId"",""#text"":""6920""},{""@Name"":""Image"",""#text"":""C:\\Windows\\System32\\PING.EXE""},{""@Name"":""FileVersion"",""#text"":""10.0.20348.1 (WinBuild.160101.0800)""},{""@Name"":""Description"",""#text"":""TCP/IP Ping Command""},{""@Name"":""Product"",""#text"":""Microsoft® Windows® Operating System""},{""@Name"":""Company"",""#text"":""Microsoft Corporation""},{""@Name"":""OriginalFileName"",""#text"":""ping.exe""},{""@Name"":""CommandLine"",""#text"":""ping  192.168.93.15""},{""@Name"":""CurrentDirectory"",""#text"":""C:\\Users\\Administrator\\""},{""@Name"":""User"",""#text"":""CORP\\Administrator""},{""@Name"":""LogonGuid"",""#text"":""c9182e32-e839-69ca-bb8f-310000000000""},{""@Name"":""LogonId"",""#text"":""0x318FBB""},{""@Name"":""TerminalSessionId"",""#text"":""1""},{""@Name"":""IntegrityLevel"",""#text"":""High""},{""@Name"":""Hashes"",""#text"":""MD5=4A832ED4D87AD63BE53E42CFED39E0A1,SHA256=68D13933F1C9DA2BF3BCD8C8B6D3E561EAE0A4CAB3C6C69C002E6CB696389DC7,IMPHASH=52182582DB3FC49E327853C5E45E3FB9""},{""@Name"":""ParentProcessGuid"",""#text"":""c9182e32-e83f-69ca-9b01-000000000900""},{""@Name"":""ParentProcessId"",""#text"":""6644""},{""@Name"":""ParentImage"",""#text"":""C:\\Windows\\System32\\cmd.exe""},{""@Name"":""ParentCommandLine"",""#text"":""\""C:\\Windows\\system32\\cmd.exe\"" ""},{""@Name"":""ParentUser"",""#text"":""CORP\\Administrator""}]}}"
605,605,2026-03-30 21:16:56.6622619,1,Info,Microsoft-Windows-Sysmon,Microsoft-Windows-Sysmon/Operational,2448,4460,DC01.corp.local,11,S-1-5-18,Process creation,CORP\Administrator,,"ProcessID: 6968, ProcessGUID: c9182e32-e848-69ca-a201-000000000900",RuleName: -,"MD5=4A832ED4D87AD63BE53E42CFED39E0A1,SHA256=68D13933F1C9DA2BF3BCD8C8B6D3E561EAE0A4CAB3C6C69C002E6CB696389DC7,IMPHASH=52182582DB3FC49E327853C5E45E3FB9",ParentProcess: C:\Windows\System32\cmd.exe,"ParentProcessID: 6644, ParentProcessGUID: c9182e32-e83f-69ca-9b01-000000000900","ParentCommandLine: ""C:\Windows\system32\cmd.exe"" ",ping  192.168.93.155,False,C:\Users\owunc\Desktop\lab_logs\DC_Sysmon_ws.evtx,Classic,0,"{""EventData"":{""Data"":[{""@Name"":""RuleName"",""#text"":""-""},{""@Name"":""UtcTime"",""#text"":""2026-03-30 21:16:56.659""},{""@Name"":""ProcessGuid"",""#text"":""c9182e32-e848-69ca-a201-000000000900""},{""@Name"":""ProcessId"",""#text"":""6968""},{""@Name"":""Image"",""#text"":""C:\\Windows\\System32\\PING.EXE""},{""@Name"":""FileVersion"",""#text"":""10.0.20348.1 (WinBuild.160101.0800)""},{""@Name"":""Description"",""#text"":""TCP/IP Ping Command""},{""@Name"":""Product"",""#text"":""Microsoft® Windows® Operating System""},{""@Name"":""Company"",""#text"":""Microsoft Corporation""},{""@Name"":""OriginalFileName"",""#text"":""ping.exe""},{""@Name"":""CommandLine"",""#text"":""ping  192.168.93.155""},{""@Name"":""CurrentDirectory"",""#text"":""C:\\Users\\Administrator\\""},{""@Name"":""User"",""#text"":""CORP\\Administrator""},{""@Name"":""LogonGuid"",""#text"":""c9182e32-e839-69ca-bb8f-310000000000""},{""@Name"":""LogonId"",""#text"":""0x318FBB""},{""@Name"":""TerminalSessionId"",""#text"":""1""},{""@Name"":""IntegrityLevel"",""#text"":""High""},{""@Name"":""Hashes"",""#text"":""MD5=4A832ED4D87AD63BE53E42CFED39E0A1,SHA256=68D13933F1C9DA2BF3BCD8C8B6D3E561EAE0A4CAB3C6C69C002E6CB696389DC7,IMPHASH=52182582DB3FC49E327853C5E45E3FB9""},{""@Name"":""ParentProcessGuid"",""#text"":""c9182e32-e83f-69ca-9b01-000000000900""},{""@Name"":""ParentProcessId"",""#text"":""6644""},{""@Name"":""ParentImage"",""#text"":""C:\\Windows\\System32\\cmd.exe""},{""@Name"":""ParentCommandLine"",""#text"":""\""C:\\Windows\\system32\\cmd.exe\"" ""},{""@Name"":""ParentUser"",""#text"":""CORP\\Administrator""}]}}"
606,606,2026-03-30 21:17:03.3614702,8,Info,Microsoft-Windows-Sysmon,Microsoft-Windows-Sysmon/Operational,2448,4460,DC01.corp.local,11,S-1-5-18,CreateRemoteThread,SourceUser: CORP\Administrator | TargetUser: NT AUTHORITY\SYSTEM,,StartAddress: 0xFFFF9555A7CB8DF0,RuleName: -,"SourceProcessID: 6876, SourceProcessGUID: c9182e32-e845-69ca-a001-000000000900",SourceImage: C:\Program Files\VMware\VMware Tools\vmtoolsd.exe,"TargetProcessID: 584, TargetProcessGUID: c9182e32-c31a-69ca-0900-000000000900",TargetImage: C:\Windows\System32\csrss.exe,,False,C:\Users\owunc\Desktop\lab_logs\DC_Sysmon_ws.evtx,Classic,0,"{""EventData"":{""Data"":[{""@Name"":""RuleName"",""#text"":""-""},{""@Name"":""UtcTime"",""#text"":""2026-03-30 21:17:03.353""},{""@Name"":""SourceProcessGuid"",""#text"":""c9182e32-e845-69ca-a001-000000000900""},{""@Name"":""SourceProcessId"",""#text"":""6876""},{""@Name"":""SourceImage"",""#text"":""C:\\Program Files\\VMware\\VMware Tools\\vmtoolsd.exe""},{""@Name"":""TargetProcessGuid"",""#text"":""c9182e32-c31a-69ca-0900-000000000900""},{""@Name"":""TargetProcessId"",""#text"":""584""},{""@Name"":""TargetImage"",""#text"":""C:\\Windows\\System32\\csrss.exe""},{""@Name"":""NewThreadId"",""#text"":""7032""},{""@Name"":""StartAddress"",""#text"":""0xFFFF9555A7CB8DF0""},{""@Name"":""StartModule"",""#text"":""-""},{""@Name"":""StartFunction"",""#text"":""-""},{""@Name"":""SourceUser"",""#text"":""CORP\\Administrator""},{""@Name"":""TargetUser"",""#text"":""NT AUTHORITY\\SYSTEM""}]}}"
607,607,2026-03-30 21:17:11.7962569,1,Info,Microsoft-Windows-Sysmon,Microsoft-Windows-Sysmon/Operational,2448,4460,DC01.corp.local,11,S-1-5-18,Process creation,CORP\Administrator,,"ProcessID: 7044, ProcessGUID: c9182e32-e857-69ca-a301-000000000900",RuleName: -,"MD5=6724B4FB33C7E1B755F9FC21C046FE73,SHA256=60E3C4F341AD8575CBC9C86D9041786D9B3B116C1CFA418283FC46BF15302D62,IMPHASH=0C029EF03BE0DFE4324558843609A28E",ParentProcess: C:\Windows\System32\winlogon.exe,"ParentProcessID: 668, ParentProcessGUID: c9182e32-c31a-69ca-0a00-000000000900",ParentCommandLine: winlogon.exe," -c -s 0 -f 0 -t Empty -m Empty -a 0 -u Empty",False,C:\Users\owunc\Desktop\lab_logs\DC_Sysmon_ws.evtx,Classic,0,"{""EventData"":{""Data"":[{""@Name"":""RuleName"",""#text"":""-""},{""@Name"":""UtcTime"",""#text"":""2026-03-30 21:17:11.793""},{""@Name"":""ProcessGuid"",""#text"":""c9182e32-e857-69ca-a301-000000000900""},{""@Name"":""ProcessId"",""#text"":""7044""},{""@Name"":""Image"",""#text"":""C:\\Windows\\System32\\wlrmdr.exe""},{""@Name"":""FileVersion"",""#text"":""10.0.20348.1 (WinBuild.160101.0800)""},{""@Name"":""Description"",""#text"":""Windows logon reminder""},{""@Name"":""Product"",""#text"":""Microsoft® Windows® Operating System""},{""@Name"":""Company"",""#text"":""Microsoft Corporation""},{""@Name"":""OriginalFileName"",""#text"":""WLRMNDR.EXE""},{""@Name"":""CommandLine"",""#text"":"" -c -s 0 -f 0 -t Empty -m Empty -a 0 -u Empty""},{""@Name"":""CurrentDirectory"",""#text"":""C:\\Windows\\system32\\""},{""@Name"":""User"",""#text"":""CORP\\Administrator""},{""@Name"":""LogonGuid"",""#text"":""c9182e32-e839-69ca-bb8f-310000000000""},{""@Name"":""LogonId"",""#text"":""0x318FBB""},{""@Name"":""TerminalSessionId"",""#text"":""1""},{""@Name"":""IntegrityLevel"",""#text"":""High""},{""@Name"":""Hashes"",""#text"":""MD5=6724B4FB33C7E1B755F9FC21C046FE73,SHA256=60E3C4F341AD8575CBC9C86D9041786D9B3B116C1CFA418283FC46BF15302D62,IMPHASH=0C029EF03BE0DFE4324558843609A28E""},{""@Name"":""ParentProcessGuid"",""#text"":""c9182e32-c31a-69ca-0a00-000000000900""},{""@Name"":""ParentProcessId"",""#text"":""668""},{""@Name"":""ParentImage"",""#text"":""C:\\Windows\\System32\\winlogon.exe""},{""@Name"":""ParentCommandLine"",""#text"":""winlogon.exe""},{""@Name"":""ParentUser"",""#text"":""NT AUTHORITY\\SYSTEM""}]}}"
608,608,2026-03-30 21:17:12.0928799,1,Info,Microsoft-Windows-Sysmon,Microsoft-Windows-Sysmon/Operational,2448,4460,DC01.corp.local,12,S-1-5-18,Process creation,CORP\Administrator,,"ProcessID: 7064, ProcessGUID: c9182e32-e858-69ca-a401-000000000900",RuleName: -,"MD5=5487316514F4ADA7E6E0BD9EAA2256E7,SHA256=F447AE2E838D4DE71CA4BABA321FEA67DABB38AA4321EFAC81F3FF03CF55FE0A,IMPHASH=1C4E2D9936E4D9F2490B08AAB4D24260",ParentProcess: C:\Windows\System32\svchost.exe,"ParentProcessID: 1696, ParentProcessGUID: c9182e32-c31d-69ca-2100-000000000900",ParentCommandLine: C:\Windows\system32\svchost.exe -k netsvcs -p -s Schedule,taskhostw.exe SyncFromCloud,False,C:\Users\owunc\Desktop\lab_logs\DC_Sysmon_ws.evtx,Classic,0,"{""EventData"":{""Data"":[{""@Name"":""RuleName"",""#text"":""-""},{""@Name"":""UtcTime"",""#text"":""2026-03-30 21:17:12.089""},{""@Name"":""ProcessGuid"",""#text"":""c9182e32-e858-69ca-a401-000000000900""},{""@Name"":""ProcessId"",""#text"":""7064""},{""@Name"":""Image"",""#text"":""C:\\Windows\\System32\\taskhostw.exe""},{""@Name"":""FileVersion"",""#text"":""10.0.20348.1 (WinBuild.160101.0800)""},{""@Name"":""Description"",""#text"":""Host Process for Windows Tasks""},{""@Name"":""Product"",""#text"":""Microsoft® Windows® Operating System""},{""@Name"":""Company"",""#text"":""Microsoft Corporation""},{""@Name"":""OriginalFileName"",""#text"":""taskhostw.exe""},{""@Name"":""CommandLine"",""#text"":""taskhostw.exe SyncFromCloud""},{""@Name"":""CurrentDirectory"",""#text"":""C:\\Windows\\system32\\""},{""@Name"":""User"",""#text"":""CORP\\Administrator""},{""@Name"":""LogonGuid"",""#text"":""c9182e32-e839-69ca-bb8f-310000000000""},{""@Name"":""LogonId"",""#text"":""0x318FBB""},{""@Name"":""TerminalSessionId"",""#text"":""1""},{""@Name"":""IntegrityLevel"",""#text"":""High""},{""@Name"":""Hashes"",""#text"":""MD5=5487316514F4ADA7E6E0BD9EAA2256E7,SHA256=F447AE2E838D4DE71CA4BABA321FEA67DABB38AA4321EFAC81F3FF03CF55FE0A,IMPHASH=1C4E2D9936E4D9F2490B08AAB4D24260""},{""@Name"":""ParentProcessGuid"",""#text"":""c9182e32-c31d-69ca-2100-000000000900""},{""@Name"":""ParentProcessId"",""#text"":""1696""},{""@Name"":""ParentImage"",""#text"":""C:\\Windows\\System32\\svchost.exe""},{""@Name"":""ParentCommandLine"",""#text"":""C:\\Windows\\system32\\svchost.exe -k netsvcs -p -s Schedule""},{""@Name"":""ParentUser"",""#text"":""NT AUTHORITY\\SYSTEM""}]}}"
609,609,2026-03-30 21:17:42.0900939,1,Info,Microsoft-Windows-Sysmon,Microsoft-Windows-Sysmon/Operational,2448,4460,DC01.corp.local,12,S-1-5-18,Process creation,NT AUTHORITY\SYSTEM,,"ProcessID: 4292, ProcessGUID: c9182e32-e876-69ca-a501-000000000900",RuleName: -,"MD5=F4C8C7DEF69C3FCAF375DB9A7710FD35,SHA256=BAA6A7EF33E7C221C92DA777158307D1B1CE72BF6ADACA1A1A9CBE3236202602,IMPHASH=0CD20E0C34FEEEED5ABF4A932E36871C",ParentProcess: C:\Windows\System32\svchost.exe,"ParentProcessID: 1696, ParentProcessGUID: c9182e32-c31d-69ca-2100-000000000900",ParentCommandLine: C:\Windows\system32\svchost.exe -k netsvcs -p -s Schedule,C:\Windows\System32\dsregcmd.exe $(Arg0) $(Arg1) $(Arg2),False,C:\Users\owunc\Desktop\lab_logs\DC_Sysmon_ws.evtx,Classic,0,"{""EventData"":{""Data"":[{""@Name"":""RuleName"",""#text"":""-""},{""@Name"":""UtcTime"",""#text"":""2026-03-30 21:17:42.089""},{""@Name"":""ProcessGuid"",""#text"":""c9182e32-e876-69ca-a501-000000000900""},{""@Name"":""ProcessId"",""#text"":""4292""},{""@Name"":""Image"",""#text"":""C:\\Windows\\System32\\dsregcmd.exe""},{""@Name"":""FileVersion"",""#text"":""10.0.20348.261 (WinBuild.160101.0800)""},{""@Name"":""Description"",""#text"":""DSREG commandline tool""},{""@Name"":""Product"",""#text"":""Microsoft® Windows® Operating System""},{""@Name"":""Company"",""#text"":""Microsoft Corporation""},{""@Name"":""OriginalFileName"",""#text"":""dsregcmd.exe""},{""@Name"":""CommandLine"",""#text"":""C:\\Windows\\System32\\dsregcmd.exe $(Arg0) $(Arg1) $(Arg2)""},{""@Name"":""CurrentDirectory"",""#text"":""C:\\Windows\\system32\\""},{""@Name"":""User"",""#text"":""NT AUTHORITY\\SYSTEM""},{""@Name"":""LogonGuid"",""#text"":""c9182e32-c31a-69ca-e703-000000000000""},{""@Name"":""LogonId"",""#text"":""0x3E7""},{""@Name"":""TerminalSessionId"",""#text"":""0""},{""@Name"":""IntegrityLevel"",""#text"":""System""},{""@Name"":""Hashes"",""#text"":""MD5=F4C8C7DEF69C3FCAF375DB9A7710FD35,SHA256=BAA6A7EF33E7C221C92DA777158307D1B1CE72BF6ADACA1A1A9CBE3236202602,IMPHASH=0CD20E0C34FEEEED5ABF4A932E36871C""},{""@Name"":""ParentProcessGuid"",""#text"":""c9182e32-c31d-69ca-2100-000000000900""},{""@Name"":""ParentProcessId"",""#text"":""1696""},{""@Name"":""ParentImage"",""#text"":""C:\\Windows\\System32\\svchost.exe""},{""@Name"":""ParentCommandLine"",""#text"":""C:\\Windows\\system32\\svchost.exe -k netsvcs -p -s Schedule""},{""@Name"":""ParentUser"",""#text"":""NT AUTHORITY\\SYSTEM""}]}}"
610,610,2026-03-30 21:17:44.1349672,22,Info,Microsoft-Windows-Sysmon,Microsoft-Windows-Sysmon/Operational,2448,4476,DC01.corp.local,12,S-1-5-18,DNSEvent (DNS query),NT AUTHORITY\SYSTEM,,"ProcessID: 4292, ProcessGUID: c9182e32-e876-69ca-a501-000000000900",RuleName: -,Image: C:\Windows\System32\dsregcmd.exe,QueryName: DC01.corp.local,QueryStatus: 0,QueryResults: fe80::edbf:7020:ccdd:502e;::ffff:192.168.93.50;,,False,C:\Users\owunc\Desktop\lab_logs\DC_Sysmon_ws.evtx,Classic,0,"{""EventData"":{""Data"":[{""@Name"":""RuleName"",""#text"":""-""},{""@Name"":""UtcTime"",""#text"":""2026-03-30 21:17:42.121""},{""@Name"":""ProcessGuid"",""#text"":""c9182e32-e876-69ca-a501-000000000900""},{""@Name"":""ProcessId"",""#text"":""4292""},{""@Name"":""QueryName"",""#text"":""DC01.corp.local""},{""@Name"":""QueryStatus"",""#text"":""0""},{""@Name"":""QueryResults"",""#text"":""fe80::edbf:7020:ccdd:502e;::ffff:192.168.93.50;""},{""@Name"":""Image"",""#text"":""C:\\Windows\\System32\\dsregcmd.exe""},{""@Name"":""User"",""#text"":""NT AUTHORITY\\SYSTEM""}]}}"
611,611,2026-03-30 21:17:47.5331212,1,Info,Microsoft-Windows-Sysmon,Microsoft-Windows-Sysmon/Operational,2448,4460,DC01.corp.local,12,S-1-5-18,Process creation,CORP\Administrator,,"ProcessID: 6576, ProcessGUID: c9182e32-e87b-69ca-a701-000000000900",RuleName: -,"MD5=4A832ED4D87AD63BE53E42CFED39E0A1,SHA256=68D13933F1C9DA2BF3BCD8C8B6D3E561EAE0A4CAB3C6C69C002E6CB696389DC7,IMPHASH=52182582DB3FC49E327853C5E45E3FB9",ParentProcess: C:\Windows\System32\cmd.exe,"ParentProcessID: 6644, ParentProcessGUID: c9182e32-e83f-69ca-9b01-000000000900","ParentCommandLine: ""C:\Windows\system32\cmd.exe"" ",ping  192.168.93.156,False,C:\Users\owunc\Desktop\lab_logs\DC_Sysmon_ws.evtx,Classic,0,"{""EventData"":{""Data"":[{""@Name"":""RuleName"",""#text"":""-""},{""@Name"":""UtcTime"",""#text"":""2026-03-30 21:17:47.529""},{""@Name"":""ProcessGuid"",""#text"":""c9182e32-e87b-69ca-a701-000000000900""},{""@Name"":""ProcessId"",""#text"":""6576""},{""@Name"":""Image"",""#text"":""C:\\Windows\\System32\\PING.EXE""},{""@Name"":""FileVersion"",""#text"":""10.0.20348.1 (WinBuild.160101.0800)""},{""@Name"":""Description"",""#text"":""TCP/IP Ping Command""},{""@Name"":""Product"",""#text"":""Microsoft® Windows® Operating System""},{""@Name"":""Company"",""#text"":""Microsoft Corporation""},{""@Name"":""OriginalFileName"",""#text"":""ping.exe""},{""@Name"":""CommandLine"",""#text"":""ping  192.168.93.156""},{""@Name"":""CurrentDirectory"",""#text"":""C:\\Users\\Administrator\\""},{""@Name"":""User"",""#text"":""CORP\\Administrator""},{""@Name"":""LogonGuid"",""#text"":""c9182e32-e839-69ca-bb8f-310000000000""},{""@Name"":""LogonId"",""#text"":""0x318FBB""},{""@Name"":""TerminalSessionId"",""#text"":""1""},{""@Name"":""IntegrityLevel"",""#text"":""High""},{""@Name"":""Hashes"",""#text"":""MD5=4A832ED4D87AD63BE53E42CFED39E0A1,SHA256=68D13933F1C9DA2BF3BCD8C8B6D3E561EAE0A4CAB3C6C69C002E6CB696389DC7,IMPHASH=52182582DB3FC49E327853C5E45E3FB9""},{""@Name"":""ParentProcessGuid"",""#text"":""c9182e32-e83f-69ca-9b01-000000000900""},{""@Name"":""ParentProcessId"",""#text"":""6644""},{""@Name"":""ParentImage"",""#text"":""C:\\Windows\\System32\\cmd.exe""},{""@Name"":""ParentCommandLine"",""#text"":""\""C:\\Windows\\system32\\cmd.exe\"" ""},{""@Name"":""ParentUser"",""#text"":""CORP\\Administrator""}]}}"
612,612,2026-03-30 21:21:43.0648708,13,Info,Microsoft-Windows-Sysmon,Microsoft-Windows-Sysmon/Operational,2448,4460,DC01.corp.local,12,S-1-5-18,RegistryEvent (Value Set),CORP\Administrator,,"ProcessID: 4912, ProcessGUID: c9182e32-e839-69ca-8a01-000000000900",RuleName: T1042,Image: C:\Windows\Explorer.EXE,EventType: SetValue,TargetObject: HKU\S-1-5-21-2059623569-3469877166-3092952166-500\Software\Microsoft\Windows\CurrentVersion\Explorer\FileExts\.exe\OpenWithProgids\exefile,Details: Binary Data,,False,C:\Users\owunc\Desktop\lab_logs\DC_Sysmon_ws.evtx,Classic,0,"{""EventData"":{""Data"":[{""@Name"":""RuleName"",""#text"":""T1042""},{""@Name"":""EventType"",""#text"":""SetValue""},{""@Name"":""UtcTime"",""#text"":""2026-03-30 21:21:43.056""},{""@Name"":""ProcessGuid"",""#text"":""c9182e32-e839-69ca-8a01-000000000900""},{""@Name"":""ProcessId"",""#text"":""4912""},{""@Name"":""Image"",""#text"":""C:\\Windows\\Explorer.EXE""},{""@Name"":""TargetObject"",""#text"":""HKU\\S-1-5-21-2059623569-3469877166-3092952166-500\\Software\\Microsoft\\Windows\\CurrentVersion\\Explorer\\FileExts\\.exe\\OpenWithProgids\\exefile""},{""@Name"":""Details"",""#text"":""Binary Data""},{""@Name"":""User"",""#text"":""CORP\\Administrator""}]}}"
613,613,2026-03-30 21:21:49.6701592,1,Info,Microsoft-Windows-Sysmon,Microsoft-Windows-Sysmon/Operational,2448,4460,DC01.corp.local,12,S-1-5-18,Process creation,NT AUTHORITY\SYSTEM,,"ProcessID: 3864, ProcessGUID: c9182e32-e96d-69ca-aa01-000000000900",RuleName: -,"MD5=A01716583968F60BD83C4830C3B3FCDA,SHA256=F4E3B06DFF2B91150FBE3E06329CAF45674DC505495FC96F32BEBF6FAE08DF6E,IMPHASH=7D3978CBEEDF0AC8C9F49FED049B426E",ParentProcess: C:\Windows\System32\svchost.exe,"ParentProcessID: 948, ParentProcessGUID: c9182e32-c31b-69ca-0d00-000000000900",ParentCommandLine: C:\Windows\system32\svchost.exe -k DcomLaunch -p,C:\Windows\System32\mousocoreworker.exe -Embedding,False,C:\Users\owunc\Desktop\lab_logs\DC_Sysmon_ws.evtx,Classic,0,"{""EventData"":{""Data"":[{""@Name"":""RuleName"",""#text"":""-""},{""@Name"":""UtcTime"",""#text"":""2026-03-30 21:21:49.668""},{""@Name"":""ProcessGuid"",""#text"":""c9182e32-e96d-69ca-aa01-000000000900""},{""@Name"":""ProcessId"",""#text"":""3864""},{""@Name"":""Image"",""#text"":""C:\\Windows\\System32\\MoUsoCoreWorker.exe""},{""@Name"":""FileVersion"",""#text"":""10.0.20348.380 (WinBuild.160101.0800)""},{""@Name"":""Description"",""#text"":""MoUSO Core Worker Process""},{""@Name"":""Product"",""#text"":""Microsoft® Windows® Operating System""},{""@Name"":""Company"",""#text"":""Microsoft Corporation""},{""@Name"":""OriginalFileName"",""#text"":""MoUSOCoreWorker.exe""},{""@Name"":""CommandLine"",""#text"":""C:\\Windows\\System32\\mousocoreworker.exe -Embedding""},{""@Name"":""CurrentDirectory"",""#text"":""C:\\Windows\\system32\\""},{""@Name"":""User"",""#text"":""NT AUTHORITY\\SYSTEM""},{""@Name"":""LogonGuid"",""#text"":""c9182e32-c31a-69ca-e703-000000000000""},{""@Name"":""LogonId"",""#text"":""0x3E7""},{""@Name"":""TerminalSessionId"",""#text"":""0""},{""@Name"":""IntegrityLevel"",""#text"":""System""},{""@Name"":""Hashes"",""#text"":""MD5=A01716583968F60BD83C4830C3B3FCDA,SHA256=F4E3B06DFF2B91150FBE3E06329CAF45674DC505495FC96F32BEBF6FAE08DF6E,IMPHASH=7D3978CBEEDF0AC8C9F49FED049B426E""},{""@Name"":""ParentProcessGuid"",""#text"":""c9182e32-c31b-69ca-0d00-000000000900""},{""@Name"":""ParentProcessId"",""#text"":""948""},{""@Name"":""ParentImage"",""#text"":""C:\\Windows\\System32\\svchost.exe""},{""@Name"":""ParentCommandLine"",""#text"":""C:\\Windows\\system32\\svchost.exe -k DcomLaunch -p""},{""@Name"":""ParentUser"",""#text"":""NT AUTHORITY\\SYSTEM""}]}}"
614,614,2026-03-30 21:23:17.5921074,1,Info,Microsoft-Windows-Sysmon,Microsoft-Windows-Sysmon/Operational,2448,4460,DC01.corp.local,12,S-1-5-18,Process creation,NT AUTHORITY\SYSTEM,,"ProcessID: 4840, ProcessGUID: c9182e32-e9c5-69ca-ac01-000000000900",RuleName: -,"MD5=E89CE4D977963E8734B4E68644F7FC63,SHA256=CE38B4D6208D3D975FFB21E67775F52AD70733FDDB1306EF6D070DDD13B5D193,IMPHASH=777EA90B75B4F80FB2E01F17AFF412ED",ParentProcess: C:\Program Files\VMware\VMware Tools\vmtoolsd.exe,"ParentProcessID: 2380, ParentProcessGUID: c9182e32-c326-69ca-4400-000000000900","ParentCommandLine: ""C:\Program Files\VMware\VMware Tools\vmtoolsd.exe""","""C:\Program Files\VMware\VMware Tools\VMwareResolutionSet.exe"" 0 1 , 0 0 1680 920 0",False,C:\Users\owunc\Desktop\lab_logs\DC_Sysmon_ws.evtx,Classic,0,"{""EventData"":{""Data"":[{""@Name"":""RuleName"",""#text"":""-""},{""@Name"":""UtcTime"",""#text"":""2026-03-30 21:23:17.590""},{""@Name"":""ProcessGuid"",""#text"":""c9182e32-e9c5-69ca-ac01-000000000900""},{""@Name"":""ProcessId"",""#text"":""4840""},{""@Name"":""Image"",""#text"":""C:\\Program Files\\VMware\\VMware Tools\\VMwareResolutionSet.exe""},{""@Name"":""FileVersion"",""#text"":""13.0.1.0""},{""@Name"":""Description"",""#text"":""VMware Resolution Set""},{""@Name"":""Product"",""#text"":""VMware Tools""},{""@Name"":""Company"",""#text"":""Broadcom Inc.""},{""@Name"":""OriginalFileName"",""#text"":""ResolutionSet.exe""},{""@Name"":""CommandLine"",""#text"":""\""C:\\Program Files\\VMware\\VMware Tools\\VMwareResolutionSet.exe\"" 0 1 , 0 0 1680 920 0""},{""@Name"":""CurrentDirectory"",""#text"":""C:\\Windows\\system32\\""},{""@Name"":""User"",""#text"":""NT AUTHORITY\\SYSTEM""},{""@Name"":""LogonGuid"",""#text"":""c9182e32-c31a-69ca-e703-000000000000""},{""@Name"":""LogonId"",""#text"":""0x3E7""},{""@Name"":""TerminalSessionId"",""#text"":""1""},{""@Name"":""IntegrityLevel"",""#text"":""System""},{""@Name"":""Hashes"",""#text"":""MD5=E89CE4D977963E8734B4E68644F7FC63,SHA256=CE38B4D6208D3D975FFB21E67775F52AD70733FDDB1306EF6D070DDD13B5D193,IMPHASH=777EA90B75B4F80FB2E01F17AFF412ED""},{""@Name"":""ParentProcessGuid"",""#text"":""c9182e32-c326-69ca-4400-000000000900""},{""@Name"":""ParentProcessId"",""#text"":""2380""},{""@Name"":""ParentImage"",""#text"":""C:\\Program Files\\VMware\\VMware Tools\\vmtoolsd.exe""},{""@Name"":""ParentCommandLine"",""#text"":""\""C:\\Program Files\\VMware\\VMware Tools\\vmtoolsd.exe\""""},{""@Name"":""ParentUser"",""#text"":""NT AUTHORITY\\SYSTEM""}]}}"
615,615,2026-03-30 21:23:26.0977491,1,Info,Microsoft-Windows-Sysmon,Microsoft-Windows-Sysmon/Operational,2448,4460,DC01.corp.local,12,S-1-5-18,Process creation,CORP\Administrator,,"ProcessID: 1028, ProcessGUID: c9182e32-e9ce-69ca-ad01-000000000900",RuleName: -,"MD5=F1819EC3B6DC5C1A20C7AC8AE825BF71,SHA256=943423170E2EF79BF499FDEF9ED1EBB53034ED039A768B232BDA5887B198068A,IMPHASH=8E50F3DB4704D326E38560580722C9B1",ParentProcess: C:\Windows\System32\ServerManager.exe,"ParentProcessID: 624, ParentProcessGUID: c9182e32-e83a-69ca-8e01-000000000900","ParentCommandLine: ""C:\Windows\system32\ServerManager.exe"" ","""C:\Windows\system32\mmc.exe"" ""C:\Windows\system32\dsa.msc"" ",False,C:\Users\owunc\Desktop\lab_logs\DC_Sysmon_ws.evtx,Classic,0,"{""EventData"":{""Data"":[{""@Name"":""RuleName"",""#text"":""-""},{""@Name"":""UtcTime"",""#text"":""2026-03-30 21:23:26.087""},{""@Name"":""ProcessGuid"",""#text"":""c9182e32-e9ce-69ca-ad01-000000000900""},{""@Name"":""ProcessId"",""#text"":""1028""},{""@Name"":""Image"",""#text"":""C:\\Windows\\System32\\mmc.exe""},{""@Name"":""FileVersion"",""#text"":""10.0.20348.587 (WinBuild.160101.0800)""},{""@Name"":""Description"",""#text"":""Microsoft Management Console""},{""@Name"":""Product"",""#text"":""Microsoft® Windows® Operating System""},{""@Name"":""Company"",""#text"":""Microsoft Corporation""},{""@Name"":""OriginalFileName"",""#text"":""mmc.exe""},{""@Name"":""CommandLine"",""#text"":""\""C:\\Windows\\system32\\mmc.exe\"" \""C:\\Windows\\system32\\dsa.msc\"" ""},{""@Name"":""CurrentDirectory"",""#text"":""C:\\Users\\Administrator\\""},{""@Name"":""User"",""#text"":""CORP\\Administrator""},{""@Name"":""LogonGuid"",""#text"":""c9182e32-e839-69ca-bb8f-310000000000""},{""@Name"":""LogonId"",""#text"":""0x318FBB""},{""@Name"":""TerminalSessionId"",""#text"":""1""},{""@Name"":""IntegrityLevel"",""#text"":""High""},{""@Name"":""Hashes"",""#text"":""MD5=F1819EC3B6DC5C1A20C7AC8AE825BF71,SHA256=943423170E2EF79BF499FDEF9ED1EBB53034ED039A768B232BDA5887B198068A,IMPHASH=8E50F3DB4704D326E38560580722C9B1""},{""@Name"":""ParentProcessGuid"",""#text"":""c9182e32-e83a-69ca-8e01-000000000900""},{""@Name"":""ParentProcessId"",""#text"":""624""},{""@Name"":""ParentImage"",""#text"":""C:\\Windows\\System32\\ServerManager.exe""},{""@Name"":""ParentCommandLine"",""#text"":""\""C:\\Windows\\system32\\ServerManager.exe\"" ""},{""@Name"":""ParentUser"",""#text"":""CORP\\Administrator""}]}}"
616,616,2026-03-30 21:23:27.3221904,22,Info,Microsoft-Windows-Sysmon,Microsoft-Windows-Sysmon/Operational,2448,4476,DC01.corp.local,12,S-1-5-18,DNSEvent (DNS query),CORP\Administrator,,"ProcessID: 1028, ProcessGUID: c9182e32-e9ce-69ca-ad01-000000000900",RuleName: -,Image: C:\Windows\System32\mmc.exe,QueryName: DC01.corp.local,QueryStatus: 0,QueryResults: fe80::edbf:7020:ccdd:502e;::ffff:192.168.93.50;,,False,C:\Users\owunc\Desktop\lab_logs\DC_Sysmon_ws.evtx,Classic,0,"{""EventData"":{""Data"":[{""@Name"":""RuleName"",""#text"":""-""},{""@Name"":""UtcTime"",""#text"":""2026-03-30 21:23:26.337""},{""@Name"":""ProcessGuid"",""#text"":""c9182e32-e9ce-69ca-ad01-000000000900""},{""@Name"":""ProcessId"",""#text"":""1028""},{""@Name"":""QueryName"",""#text"":""DC01.corp.local""},{""@Name"":""QueryStatus"",""#text"":""0""},{""@Name"":""QueryResults"",""#text"":""fe80::edbf:7020:ccdd:502e;::ffff:192.168.93.50;""},{""@Name"":""Image"",""#text"":""C:\\Windows\\System32\\mmc.exe""},{""@Name"":""User"",""#text"":""CORP\\Administrator""}]}}"
617,617,2026-03-30 21:23:27.3222122,22,Info,Microsoft-Windows-Sysmon,Microsoft-Windows-Sysmon/Operational,2448,4476,DC01.corp.local,12,S-1-5-18,DNSEvent (DNS query),NT AUTHORITY\SYSTEM,,"ProcessID: 736, ProcessGUID: c9182e32-c31a-69ca-0c00-000000000900",RuleName: -,Image: C:\Windows\System32\lsass.exe,QueryName: _ldap._tcp.Default-First-Site-Name._sites.DC01.corp.local.,QueryStatus: 9003,QueryResults: -,,False,C:\Users\owunc\Desktop\lab_logs\DC_Sysmon_ws.evtx,Classic,0,"{""EventData"":{""Data"":[{""@Name"":""RuleName"",""#text"":""-""},{""@Name"":""UtcTime"",""#text"":""2026-03-30 21:23:26.390""},{""@Name"":""ProcessGuid"",""#text"":""c9182e32-c31a-69ca-0c00-000000000900""},{""@Name"":""ProcessId"",""#text"":""736""},{""@Name"":""QueryName"",""#text"":""_ldap._tcp.Default-First-Site-Name._sites.DC01.corp.local.""},{""@Name"":""QueryStatus"",""#text"":""9003""},{""@Name"":""QueryResults"",""#text"":""-""},{""@Name"":""Image"",""#text"":""C:\\Windows\\System32\\lsass.exe""},{""@Name"":""User"",""#text"":""NT AUTHORITY\\SYSTEM""}]}}"
618,618,2026-03-30 21:23:27.3222232,22,Info,Microsoft-Windows-Sysmon,Microsoft-Windows-Sysmon/Operational,2448,4476,DC01.corp.local,12,S-1-5-18,DNSEvent (DNS query),NT AUTHORITY\SYSTEM,,"ProcessID: 736, ProcessGUID: c9182e32-c31a-69ca-0c00-000000000900",RuleName: -,Image: C:\Windows\System32\lsass.exe,QueryName: _ldap._tcp.DC01.corp.local.,QueryStatus: 9003,QueryResults: -,,False,C:\Users\owunc\Desktop\lab_logs\DC_Sysmon_ws.evtx,Classic,0,"{""EventData"":{""Data"":[{""@Name"":""RuleName"",""#text"":""-""},{""@Name"":""UtcTime"",""#text"":""2026-03-30 21:23:26.391""},{""@Name"":""ProcessGuid"",""#text"":""c9182e32-c31a-69ca-0c00-000000000900""},{""@Name"":""ProcessId"",""#text"":""736""},{""@Name"":""QueryName"",""#text"":""_ldap._tcp.DC01.corp.local.""},{""@Name"":""QueryStatus"",""#text"":""9003""},{""@Name"":""QueryResults"",""#text"":""-""},{""@Name"":""Image"",""#text"":""C:\\Windows\\System32\\lsass.exe""},{""@Name"":""User"",""#text"":""NT AUTHORITY\\SYSTEM""}]}}"
619,619,2026-03-30 21:23:27.3222476,22,Info,Microsoft-Windows-Sysmon,Microsoft-Windows-Sysmon/Operational,2448,4476,DC01.corp.local,12,S-1-5-18,DNSEvent (DNS query),CORP\Administrator,,"ProcessID: 1028, ProcessGUID: c9182e32-e9ce-69ca-ad01-000000000900",RuleName: -,Image: C:\Windows\System32\mmc.exe,QueryName: _ldap._tcp.Default-First-Site-Name._sites.DC01.corp.local.,QueryStatus: 9003,QueryResults: -,,False,C:\Users\owunc\Desktop\lab_logs\DC_Sysmon_ws.evtx,Classic,0,"{""EventData"":{""Data"":[{""@Name"":""RuleName"",""#text"":""-""},{""@Name"":""UtcTime"",""#text"":""2026-03-30 21:23:26.391""},{""@Name"":""ProcessGuid"",""#text"":""c9182e32-e9ce-69ca-ad01-000000000900""},{""@Name"":""ProcessId"",""#text"":""1028""},{""@Name"":""QueryName"",""#text"":""_ldap._tcp.Default-First-Site-Name._sites.DC01.corp.local.""},{""@Name"":""QueryStatus"",""#text"":""9003""},{""@Name"":""QueryResults"",""#text"":""-""},{""@Name"":""Image"",""#text"":""C:\\Windows\\System32\\mmc.exe""},{""@Name"":""User"",""#text"":""CORP\\Administrator""}]}}"
620,620,2026-03-30 21:23:27.3222618,22,Info,Microsoft-Windows-Sysmon,Microsoft-Windows-Sysmon/Operational,2448,4476,DC01.corp.local,12,S-1-5-18,DNSEvent (DNS query),CORP\Administrator,,"ProcessID: 1028, ProcessGUID: c9182e32-e9ce-69ca-ad01-000000000900",RuleName: -,Image: C:\Windows\System32\mmc.exe,QueryName: _ldap._tcp.DC01.corp.local.,QueryStatus: 9003,QueryResults: -,,False,C:\Users\owunc\Desktop\lab_logs\DC_Sysmon_ws.evtx,Classic,0,"{""EventData"":{""Data"":[{""@Name"":""RuleName"",""#text"":""-""},{""@Name"":""UtcTime"",""#text"":""2026-03-30 21:23:26.391""},{""@Name"":""ProcessGuid"",""#text"":""c9182e32-e9ce-69ca-ad01-000000000900""},{""@Name"":""ProcessId"",""#text"":""1028""},{""@Name"":""QueryName"",""#text"":""_ldap._tcp.DC01.corp.local.""},{""@Name"":""QueryStatus"",""#text"":""9003""},{""@Name"":""QueryResults"",""#text"":""-""},{""@Name"":""Image"",""#text"":""C:\\Windows\\System32\\mmc.exe""},{""@Name"":""User"",""#text"":""CORP\\Administrator""}]}}"
621,621,2026-03-30 21:23:27.5566275,3,Info,Microsoft-Windows-Sysmon,Microsoft-Windows-Sysmon/Operational,2448,4444,DC01.corp.local,12,S-1-5-18,Network connection,CORP\Administrator,,"ProcessID: 1028, ProcessGUID: c9182e32-e9ce-69ca-ad01-000000000900",RuleName: -,SourceHostname: DC01.corp.local,SourceIp: 192.168.93.50,DestinationHostname: DC01.corp.local,DestinationIp: 192.168.93.50,C:\Windows\System32\mmc.exe,False,C:\Users\owunc\Desktop\lab_logs\DC_Sysmon_ws.evtx,Classic,0,"{""EventData"":{""Data"":[{""@Name"":""RuleName"",""#text"":""-""},{""@Name"":""UtcTime"",""#text"":""2026-03-30 21:23:26.335""},{""@Name"":""ProcessGuid"",""#text"":""c9182e32-e9ce-69ca-ad01-000000000900""},{""@Name"":""ProcessId"",""#text"":""1028""},{""@Name"":""Image"",""#text"":""C:\\Windows\\System32\\mmc.exe""},{""@Name"":""User"",""#text"":""CORP\\Administrator""},{""@Name"":""Protocol"",""#text"":""tcp""},{""@Name"":""Initiated"",""#text"":""True""},{""@Name"":""SourceIsIpv6"",""#text"":""False""},{""@Name"":""SourceIp"",""#text"":""192.168.93.50""},{""@Name"":""SourceHostname"",""#text"":""DC01.corp.local""},{""@Name"":""SourcePort"",""#text"":""54071""},{""@Name"":""SourcePortName"",""#text"":""-""},{""@Name"":""DestinationIsIpv6"",""#text"":""False""},{""@Name"":""DestinationIp"",""#text"":""192.168.93.50""},{""@Name"":""DestinationHostname"",""#text"":""DC01.corp.local""},{""@Name"":""DestinationPort"",""#text"":""389""},{""@Name"":""DestinationPortName"",""#text"":""ldap""}]}}"
622,622,2026-03-30 21:25:51.2007481,1,Info,Microsoft-Windows-Sysmon,Microsoft-Windows-Sysmon/Operational,2448,4460,DC01.corp.local,12,S-1-5-18,Process creation,NT AUTHORITY\SYSTEM,,"ProcessID: 5832, ProcessGUID: c9182e32-ea5f-69ca-ae01-000000000900",RuleName: -,"MD5=E89CE4D977963E8734B4E68644F7FC63,SHA256=CE38B4D6208D3D975FFB21E67775F52AD70733FDDB1306EF6D070DDD13B5D193,IMPHASH=777EA90B75B4F80FB2E01F17AFF412ED",ParentProcess: C:\Program Files\VMware\VMware Tools\vmtoolsd.exe,"ParentProcessID: 2380, ParentProcessGUID: c9182e32-c326-69ca-4400-000000000900","ParentCommandLine: ""C:\Program Files\VMware\VMware Tools\vmtoolsd.exe""","""C:\Program Files\VMware\VMware Tools\VMwareResolutionSet.exe"" 0 1 , 0 0 1680 920 0",False,C:\Users\owunc\Desktop\lab_logs\DC_Sysmon_ws.evtx,Classic,0,"{""EventData"":{""Data"":[{""@Name"":""RuleName"",""#text"":""-""},{""@Name"":""UtcTime"",""#text"":""2026-03-30 21:25:51.199""},{""@Name"":""ProcessGuid"",""#text"":""c9182e32-ea5f-69ca-ae01-000000000900""},{""@Name"":""ProcessId"",""#text"":""5832""},{""@Name"":""Image"",""#text"":""C:\\Program Files\\VMware\\VMware Tools\\VMwareResolutionSet.exe""},{""@Name"":""FileVersion"",""#text"":""13.0.1.0""},{""@Name"":""Description"",""#text"":""VMware Resolution Set""},{""@Name"":""Product"",""#text"":""VMware Tools""},{""@Name"":""Company"",""#text"":""Broadcom Inc.""},{""@Name"":""OriginalFileName"",""#text"":""ResolutionSet.exe""},{""@Name"":""CommandLine"",""#text"":""\""C:\\Program Files\\VMware\\VMware Tools\\VMwareResolutionSet.exe\"" 0 1 , 0 0 1680 920 0""},{""@Name"":""CurrentDirectory"",""#text"":""C:\\Windows\\system32\\""},{""@Name"":""User"",""#text"":""NT AUTHORITY\\SYSTEM""},{""@Name"":""LogonGuid"",""#text"":""c9182e32-c31a-69ca-e703-000000000000""},{""@Name"":""LogonId"",""#text"":""0x3E7""},{""@Name"":""TerminalSessionId"",""#text"":""1""},{""@Name"":""IntegrityLevel"",""#text"":""System""},{""@Name"":""Hashes"",""#text"":""MD5=E89CE4D977963E8734B4E68644F7FC63,SHA256=CE38B4D6208D3D975FFB21E67775F52AD70733FDDB1306EF6D070DDD13B5D193,IMPHASH=777EA90B75B4F80FB2E01F17AFF412ED""},{""@Name"":""ParentProcessGuid"",""#text"":""c9182e32-c326-69ca-4400-000000000900""},{""@Name"":""ParentProcessId"",""#text"":""2380""},{""@Name"":""ParentImage"",""#text"":""C:\\Program Files\\VMware\\VMware Tools\\vmtoolsd.exe""},{""@Name"":""ParentCommandLine"",""#text"":""\""C:\\Program Files\\VMware\\VMware Tools\\vmtoolsd.exe\""""},{""@Name"":""ParentUser"",""#text"":""NT AUTHORITY\\SYSTEM""}]}}"
