466,466,2026-03-30 20:58:38.0746535,1,Info,Microsoft-Windows-Sysmon,Microsoft-Windows-Sysmon/Operational,2448,4460,DC01.corp.local,9,S-1-5-18,Process creation,NT AUTHORITY\SYSTEM,,"ProcessID: 5144, ProcessGUID: c9182e32-e3fe-69ca-6801-000000000900",RuleName: -,"MD5=DC32ABA4669EAFB22FCACD5EC836A107,SHA256=31780FF2AAF7BC71F755BA0E4FEF1D61B060D1D2741EAFB33CBAB44D889595A0,IMPHASH=D8C4E4978657CEA220B495778C972E64",ParentProcess: C:\Windows\System32\services.exe,"ParentProcessID: 716, ParentProcessGUID: c9182e32-c31a-69ca-0b00-000000000900",ParentCommandLine: C:\Windows\system32\services.exe,C:\Windows\system32\svchost.exe -k WbioSvcGroup -s WbioSrvc,False,C:\Users\owunc\Desktop\lab_logs\DC_Sysmon_ws.evtx,Classic,0,"{""EventData"":{""Data"":[{""@Name"":""RuleName"",""#text"":""-""},{""@Name"":""UtcTime"",""#text"":""2026-03-30 20:58:38.073""},{""@Name"":""ProcessGuid"",""#text"":""c9182e32-e3fe-69ca-6801-000000000900""},{""@Name"":""ProcessId"",""#text"":""5144""},{""@Name"":""Image"",""#text"":""C:\\Windows\\System32\\svchost.exe""},{""@Name"":""FileVersion"",""#text"":""10.0.20348.558 (WinBuild.160101.0800)""},{""@Name"":""Description"",""#text"":""Host Process for Windows Services""},{""@Name"":""Product"",""#text"":""Microsoft® Windows® Operating System""},{""@Name"":""Company"",""#text"":""Microsoft Corporation""},{""@Name"":""OriginalFileName"",""#text"":""svchost.exe""},{""@Name"":""CommandLine"",""#text"":""C:\\Windows\\system32\\svchost.exe -k WbioSvcGroup -s WbioSrvc""},{""@Name"":""CurrentDirectory"",""#text"":""C:\\Windows\\system32\\""},{""@Name"":""User"",""#text"":""NT AUTHORITY\\SYSTEM""},{""@Name"":""LogonGuid"",""#text"":""c9182e32-c31a-69ca-e703-000000000000""},{""@Name"":""LogonId"",""#text"":""0x3E7""},{""@Name"":""TerminalSessionId"",""#text"":""0""},{""@Name"":""IntegrityLevel"",""#text"":""System""},{""@Name"":""Hashes"",""#text"":""MD5=DC32ABA4669EAFB22FCACD5EC836A107,SHA256=31780FF2AAF7BC71F755BA0E4FEF1D61B060D1D2741EAFB33CBAB44D889595A0,IMPHASH=D8C4E4978657CEA220B495778C972E64""},{""@Name"":""ParentProcessGuid"",""#text"":""c9182e32-c31a-69ca-0b00-000000000900""},{""@Name"":""ParentProcessId"",""#text"":""716""},{""@Name"":""ParentImage"",""#text"":""C:\\Windows\\System32\\services.exe""},{""@Name"":""ParentCommandLine"",""#text"":""C:\\Windows\\system32\\services.exe""},{""@Name"":""ParentUser"",""#text"":""NT AUTHORITY\\SYSTEM""}]}}"
467,467,2026-03-30 20:58:38.2285818,13,Info,Microsoft-Windows-Sysmon,Microsoft-Windows-Sysmon/Operational,2448,4460,DC01.corp.local,9,S-1-5-18,RegistryEvent (Value Set),NT AUTHORITY\SYSTEM,,"ProcessID: 412, ProcessGUID: c9182e32-e3ef-69ca-5d01-000000000900",RuleName: InvDB-Pub,Image: C:\Windows\system32\CompatTelRunner.exe,EventType: SetValue,TargetObject: \REGISTRY\A\{12d92a9f-7a3b-175f-7ba0-3f657f6fc855}\Root\InventoryApplication\00007fa814339a0e9a45694eb2ef153a3efb00000904\Publisher,"Details: CN=Microsoft Windows, O=Microsoft Corporation, L=Redmond, S=Washington, C=US",,False,C:\Users\owunc\Desktop\lab_logs\DC_Sysmon_ws.evtx,Classic,0,"{""EventData"":{""Data"":[{""@Name"":""RuleName"",""#text"":""InvDB-Pub""},{""@Name"":""EventType"",""#text"":""SetValue""},{""@Name"":""UtcTime"",""#text"":""2026-03-30 20:58:38.227""},{""@Name"":""ProcessGuid"",""#text"":""c9182e32-e3ef-69ca-5d01-000000000900""},{""@Name"":""ProcessId"",""#text"":""412""},{""@Name"":""Image"",""#text"":""C:\\Windows\\system32\\CompatTelRunner.exe""},{""@Name"":""TargetObject"",""#text"":""\\REGISTRY\\A\\{12d92a9f-7a3b-175f-7ba0-3f657f6fc855}\\Root\\InventoryApplication\\00007fa814339a0e9a45694eb2ef153a3efb00000904\\Publisher""},{""@Name"":""Details"",""#text"":""CN=Microsoft Windows, O=Microsoft Corporation, L=Redmond, S=Washington, C=US""},{""@Name"":""User"",""#text"":""NT AUTHORITY\\SYSTEM""}]}}"
468,468,2026-03-30 20:58:39.2431738,13,Info,Microsoft-Windows-Sysmon,Microsoft-Windows-Sysmon/Operational,2448,4460,DC01.corp.local,9,S-1-5-18,RegistryEvent (Value Set),NT AUTHORITY\SYSTEM,,"ProcessID: 412, ProcessGUID: c9182e32-e3ef-69ca-5d01-000000000900",RuleName: InvDB-Pub,Image: C:\Windows\system32\CompatTelRunner.exe,EventType: SetValue,TargetObject: \REGISTRY\A\{12d92a9f-7a3b-175f-7ba0-3f657f6fc855}\Root\InventoryApplication\0000213c4e5af7564e4e4e2cc93acccb717600000904\Publisher,"Details: CN=Microsoft Windows, O=Microsoft Corporation, L=Redmond, S=Washington, C=US",,False,C:\Users\owunc\Desktop\lab_logs\DC_Sysmon_ws.evtx,Classic,0,"{""EventData"":{""Data"":[{""@Name"":""RuleName"",""#text"":""InvDB-Pub""},{""@Name"":""EventType"",""#text"":""SetValue""},{""@Name"":""UtcTime"",""#text"":""2026-03-30 20:58:39.228""},{""@Name"":""ProcessGuid"",""#text"":""c9182e32-e3ef-69ca-5d01-000000000900""},{""@Name"":""ProcessId"",""#text"":""412""},{""@Name"":""Image"",""#text"":""C:\\Windows\\system32\\CompatTelRunner.exe""},{""@Name"":""TargetObject"",""#text"":""\\REGISTRY\\A\\{12d92a9f-7a3b-175f-7ba0-3f657f6fc855}\\Root\\InventoryApplication\\0000213c4e5af7564e4e4e2cc93acccb717600000904\\Publisher""},{""@Name"":""Details"",""#text"":""CN=Microsoft Windows, O=Microsoft Corporation, L=Redmond, S=Washington, C=US""},{""@Name"":""User"",""#text"":""NT AUTHORITY\\SYSTEM""}]}}"
469,469,2026-03-30 20:58:40.2616169,13,Info,Microsoft-Windows-Sysmon,Microsoft-Windows-Sysmon/Operational,2448,4460,DC01.corp.local,9,S-1-5-18,RegistryEvent (Value Set),NT AUTHORITY\SYSTEM,,"ProcessID: 412, ProcessGUID: c9182e32-e3ef-69ca-5d01-000000000900",RuleName: InvDB-Pub,Image: C:\Windows\system32\CompatTelRunner.exe,EventType: SetValue,TargetObject: \REGISTRY\A\{12d92a9f-7a3b-175f-7ba0-3f657f6fc855}\Root\InventoryApplication\0000f44479bf4fd611a6b8d67cc2392e9dfd00000904\Publisher,"Details: CN=Microsoft Corporation, O=Microsoft Corporation, L=Redmond, S=Washington, C=US",,False,C:\Users\owunc\Desktop\lab_logs\DC_Sysmon_ws.evtx,Classic,0,"{""EventData"":{""Data"":[{""@Name"":""RuleName"",""#text"":""InvDB-Pub""},{""@Name"":""EventType"",""#text"":""SetValue""},{""@Name"":""UtcTime"",""#text"":""2026-03-30 20:58:40.259""},{""@Name"":""ProcessGuid"",""#text"":""c9182e32-e3ef-69ca-5d01-000000000900""},{""@Name"":""ProcessId"",""#text"":""412""},{""@Name"":""Image"",""#text"":""C:\\Windows\\system32\\CompatTelRunner.exe""},{""@Name"":""TargetObject"",""#text"":""\\REGISTRY\\A\\{12d92a9f-7a3b-175f-7ba0-3f657f6fc855}\\Root\\InventoryApplication\\0000f44479bf4fd611a6b8d67cc2392e9dfd00000904\\Publisher""},{""@Name"":""Details"",""#text"":""CN=Microsoft Corporation, O=Microsoft Corporation, L=Redmond, S=Washington, C=US""},{""@Name"":""User"",""#text"":""NT AUTHORITY\\SYSTEM""}]}}"
470,470,2026-03-30 20:58:41.2773708,13,Info,Microsoft-Windows-Sysmon,Microsoft-Windows-Sysmon/Operational,2448,4460,DC01.corp.local,9,S-1-5-18,RegistryEvent (Value Set),NT AUTHORITY\SYSTEM,,"ProcessID: 412, ProcessGUID: c9182e32-e3ef-69ca-5d01-000000000900",RuleName: InvDB-Pub,Image: C:\Windows\system32\CompatTelRunner.exe,EventType: SetValue,TargetObject: \REGISTRY\A\{12d92a9f-7a3b-175f-7ba0-3f657f6fc855}\Root\InventoryApplication\00007b580c8726ed8fbb5e7680ee542a006800000904\Publisher,"Details: CN=Microsoft Windows, O=Microsoft Corporation, L=Redmond, S=Washington, C=US",,False,C:\Users\owunc\Desktop\lab_logs\DC_Sysmon_ws.evtx,Classic,0,"{""EventData"":{""Data"":[{""@Name"":""RuleName"",""#text"":""InvDB-Pub""},{""@Name"":""EventType"",""#text"":""SetValue""},{""@Name"":""UtcTime"",""#text"":""2026-03-30 20:58:41.274""},{""@Name"":""ProcessGuid"",""#text"":""c9182e32-e3ef-69ca-5d01-000000000900""},{""@Name"":""ProcessId"",""#text"":""412""},{""@Name"":""Image"",""#text"":""C:\\Windows\\system32\\CompatTelRunner.exe""},{""@Name"":""TargetObject"",""#text"":""\\REGISTRY\\A\\{12d92a9f-7a3b-175f-7ba0-3f657f6fc855}\\Root\\InventoryApplication\\00007b580c8726ed8fbb5e7680ee542a006800000904\\Publisher""},{""@Name"":""Details"",""#text"":""CN=Microsoft Windows, O=Microsoft Corporation, L=Redmond, S=Washington, C=US""},{""@Name"":""User"",""#text"":""NT AUTHORITY\\SYSTEM""}]}}"
471,471,2026-03-30 20:58:41.3562847,13,Info,Microsoft-Windows-Sysmon,Microsoft-Windows-Sysmon/Operational,2448,4460,DC01.corp.local,9,S-1-5-18,RegistryEvent (Value Set),NT AUTHORITY\SYSTEM,,"ProcessID: 412, ProcessGUID: c9182e32-e3ef-69ca-5d01-000000000900",RuleName: InvDB-Pub,Image: C:\Windows\system32\CompatTelRunner.exe,EventType: SetValue,TargetObject: \REGISTRY\A\{12d92a9f-7a3b-175f-7ba0-3f657f6fc855}\Root\InventoryApplication\0000a01925ccec26670cfb01898a6f47807500000904\Publisher,"Details: CN=Microsoft Windows, O=Microsoft Corporation, L=Redmond, S=Washington, C=US",,False,C:\Users\owunc\Desktop\lab_logs\DC_Sysmon_ws.evtx,Classic,0,"{""EventData"":{""Data"":[{""@Name"":""RuleName"",""#text"":""InvDB-Pub""},{""@Name"":""EventType"",""#text"":""SetValue""},{""@Name"":""UtcTime"",""#text"":""2026-03-30 20:58:41.353""},{""@Name"":""ProcessGuid"",""#text"":""c9182e32-e3ef-69ca-5d01-000000000900""},{""@Name"":""ProcessId"",""#text"":""412""},{""@Name"":""Image"",""#text"":""C:\\Windows\\system32\\CompatTelRunner.exe""},{""@Name"":""TargetObject"",""#text"":""\\REGISTRY\\A\\{12d92a9f-7a3b-175f-7ba0-3f657f6fc855}\\Root\\InventoryApplication\\0000a01925ccec26670cfb01898a6f47807500000904\\Publisher""},{""@Name"":""Details"",""#text"":""CN=Microsoft Windows, O=Microsoft Corporation, L=Redmond, S=Washington, C=US""},{""@Name"":""User"",""#text"":""NT AUTHORITY\\SYSTEM""}]}}"
472,472,2026-03-30 20:58:41.4333126,13,Info,Microsoft-Windows-Sysmon,Microsoft-Windows-Sysmon/Operational,2448,4460,DC01.corp.local,9,S-1-5-18,RegistryEvent (Value Set),NT AUTHORITY\SYSTEM,,"ProcessID: 412, ProcessGUID: c9182e32-e3ef-69ca-5d01-000000000900",RuleName: InvDB-Pub,Image: C:\Windows\system32\CompatTelRunner.exe,EventType: SetValue,TargetObject: \REGISTRY\A\{12d92a9f-7a3b-175f-7ba0-3f657f6fc855}\Root\InventoryApplication\0000530abe00702794a2ff1abfc8df19ee5900000904\Publisher,"Details: CN=Microsoft Windows, O=Microsoft Corporation, L=Redmond, S=Washington, C=US",,False,C:\Users\owunc\Desktop\lab_logs\DC_Sysmon_ws.evtx,Classic,0,"{""EventData"":{""Data"":[{""@Name"":""RuleName"",""#text"":""InvDB-Pub""},{""@Name"":""EventType"",""#text"":""SetValue""},{""@Name"":""UtcTime"",""#text"":""2026-03-30 20:58:41.430""},{""@Name"":""ProcessGuid"",""#text"":""c9182e32-e3ef-69ca-5d01-000000000900""},{""@Name"":""ProcessId"",""#text"":""412""},{""@Name"":""Image"",""#text"":""C:\\Windows\\system32\\CompatTelRunner.exe""},{""@Name"":""TargetObject"",""#text"":""\\REGISTRY\\A\\{12d92a9f-7a3b-175f-7ba0-3f657f6fc855}\\Root\\InventoryApplication\\0000530abe00702794a2ff1abfc8df19ee5900000904\\Publisher""},{""@Name"":""Details"",""#text"":""CN=Microsoft Windows, O=Microsoft Corporation, L=Redmond, S=Washington, C=US""},{""@Name"":""User"",""#text"":""NT AUTHORITY\\SYSTEM""}]}}"
473,473,2026-03-30 20:58:41.5083922,13,Info,Microsoft-Windows-Sysmon,Microsoft-Windows-Sysmon/Operational,2448,4460,DC01.corp.local,9,S-1-5-18,RegistryEvent (Value Set),NT AUTHORITY\SYSTEM,,"ProcessID: 412, ProcessGUID: c9182e32-e3ef-69ca-5d01-000000000900",RuleName: InvDB-Pub,Image: C:\Windows\system32\CompatTelRunner.exe,EventType: SetValue,TargetObject: \REGISTRY\A\{12d92a9f-7a3b-175f-7ba0-3f657f6fc855}\Root\InventoryApplication\0000e495c35a94702ceb49108e0e7cdeb31300000904\Publisher,"Details: CN=Microsoft Windows, O=Microsoft Corporation, L=Redmond, S=Washington, C=US",,False,C:\Users\owunc\Desktop\lab_logs\DC_Sysmon_ws.evtx,Classic,0,"{""EventData"":{""Data"":[{""@Name"":""RuleName"",""#text"":""InvDB-Pub""},{""@Name"":""EventType"",""#text"":""SetValue""},{""@Name"":""UtcTime"",""#text"":""2026-03-30 20:58:41.493""},{""@Name"":""ProcessGuid"",""#text"":""c9182e32-e3ef-69ca-5d01-000000000900""},{""@Name"":""ProcessId"",""#text"":""412""},{""@Name"":""Image"",""#text"":""C:\\Windows\\system32\\CompatTelRunner.exe""},{""@Name"":""TargetObject"",""#text"":""\\REGISTRY\\A\\{12d92a9f-7a3b-175f-7ba0-3f657f6fc855}\\Root\\InventoryApplication\\0000e495c35a94702ceb49108e0e7cdeb31300000904\\Publisher""},{""@Name"":""Details"",""#text"":""CN=Microsoft Windows, O=Microsoft Corporation, L=Redmond, S=Washington, C=US""},{""@Name"":""User"",""#text"":""NT AUTHORITY\\SYSTEM""}]}}"
474,474,2026-03-30 20:58:41.6007871,13,Info,Microsoft-Windows-Sysmon,Microsoft-Windows-Sysmon/Operational,2448,4460,DC01.corp.local,9,S-1-5-18,RegistryEvent (Value Set),NT AUTHORITY\SYSTEM,,"ProcessID: 412, ProcessGUID: c9182e32-e3ef-69ca-5d01-000000000900",RuleName: InvDB-Pub,Image: C:\Windows\system32\CompatTelRunner.exe,EventType: SetValue,TargetObject: \REGISTRY\A\{12d92a9f-7a3b-175f-7ba0-3f657f6fc855}\Root\InventoryApplication\00008a4c75051927b4ba99253b567d9a2ba100000904\Publisher,"Details: CN=Microsoft Windows, O=Microsoft Corporation, L=Redmond, S=Washington, C=US",,False,C:\Users\owunc\Desktop\lab_logs\DC_Sysmon_ws.evtx,Classic,0,"{""EventData"":{""Data"":[{""@Name"":""RuleName"",""#text"":""InvDB-Pub""},{""@Name"":""EventType"",""#text"":""SetValue""},{""@Name"":""UtcTime"",""#text"":""2026-03-30 20:58:41.587""},{""@Name"":""ProcessGuid"",""#text"":""c9182e32-e3ef-69ca-5d01-000000000900""},{""@Name"":""ProcessId"",""#text"":""412""},{""@Name"":""Image"",""#text"":""C:\\Windows\\system32\\CompatTelRunner.exe""},{""@Name"":""TargetObject"",""#text"":""\\REGISTRY\\A\\{12d92a9f-7a3b-175f-7ba0-3f657f6fc855}\\Root\\InventoryApplication\\00008a4c75051927b4ba99253b567d9a2ba100000904\\Publisher""},{""@Name"":""Details"",""#text"":""CN=Microsoft Windows, O=Microsoft Corporation, L=Redmond, S=Washington, C=US""},{""@Name"":""User"",""#text"":""NT AUTHORITY\\SYSTEM""}]}}"
475,475,2026-03-30 20:58:41.6798635,13,Info,Microsoft-Windows-Sysmon,Microsoft-Windows-Sysmon/Operational,2448,4460,DC01.corp.local,9,S-1-5-18,RegistryEvent (Value Set),NT AUTHORITY\SYSTEM,,"ProcessID: 412, ProcessGUID: c9182e32-e3ef-69ca-5d01-000000000900",RuleName: InvDB-Pub,Image: C:\Windows\system32\CompatTelRunner.exe,EventType: SetValue,TargetObject: \REGISTRY\A\{12d92a9f-7a3b-175f-7ba0-3f657f6fc855}\Root\InventoryApplication\000021eb1ff8bffe4326f5264d3f01c4cbaf00000904\Publisher,"Details: CN=Microsoft Corporation, O=Microsoft Corporation, L=Redmond, S=Washington, C=US",,False,C:\Users\owunc\Desktop\lab_logs\DC_Sysmon_ws.evtx,Classic,0,"{""EventData"":{""Data"":[{""@Name"":""RuleName"",""#text"":""InvDB-Pub""},{""@Name"":""EventType"",""#text"":""SetValue""},{""@Name"":""UtcTime"",""#text"":""2026-03-30 20:58:41.665""},{""@Name"":""ProcessGuid"",""#text"":""c9182e32-e3ef-69ca-5d01-000000000900""},{""@Name"":""ProcessId"",""#text"":""412""},{""@Name"":""Image"",""#text"":""C:\\Windows\\system32\\CompatTelRunner.exe""},{""@Name"":""TargetObject"",""#text"":""\\REGISTRY\\A\\{12d92a9f-7a3b-175f-7ba0-3f657f6fc855}\\Root\\InventoryApplication\\000021eb1ff8bffe4326f5264d3f01c4cbaf00000904\\Publisher""},{""@Name"":""Details"",""#text"":""CN=Microsoft Corporation, O=Microsoft Corporation, L=Redmond, S=Washington, C=US""},{""@Name"":""User"",""#text"":""NT AUTHORITY\\SYSTEM""}]}}"
476,476,2026-03-30 20:58:41.7580639,13,Info,Microsoft-Windows-Sysmon,Microsoft-Windows-Sysmon/Operational,2448,4460,DC01.corp.local,9,S-1-5-18,RegistryEvent (Value Set),NT AUTHORITY\SYSTEM,,"ProcessID: 412, ProcessGUID: c9182e32-e3ef-69ca-5d01-000000000900",RuleName: InvDB-Pub,Image: C:\Windows\system32\CompatTelRunner.exe,EventType: SetValue,TargetObject: \REGISTRY\A\{12d92a9f-7a3b-175f-7ba0-3f657f6fc855}\Root\InventoryApplication\0000afecaefb34926409937e0a4ef8aa7b5100000904\Publisher,"Details: CN=Microsoft Windows, O=Microsoft Corporation, L=Redmond, S=Washington, C=US",,False,C:\Users\owunc\Desktop\lab_logs\DC_Sysmon_ws.evtx,Classic,0,"{""EventData"":{""Data"":[{""@Name"":""RuleName"",""#text"":""InvDB-Pub""},{""@Name"":""EventType"",""#text"":""SetValue""},{""@Name"":""UtcTime"",""#text"":""2026-03-30 20:58:41.743""},{""@Name"":""ProcessGuid"",""#text"":""c9182e32-e3ef-69ca-5d01-000000000900""},{""@Name"":""ProcessId"",""#text"":""412""},{""@Name"":""Image"",""#text"":""C:\\Windows\\system32\\CompatTelRunner.exe""},{""@Name"":""TargetObject"",""#text"":""\\REGISTRY\\A\\{12d92a9f-7a3b-175f-7ba0-3f657f6fc855}\\Root\\InventoryApplication\\0000afecaefb34926409937e0a4ef8aa7b5100000904\\Publisher""},{""@Name"":""Details"",""#text"":""CN=Microsoft Windows, O=Microsoft Corporation, L=Redmond, S=Washington, C=US""},{""@Name"":""User"",""#text"":""NT AUTHORITY\\SYSTEM""}]}}"
477,477,2026-03-30 20:58:41.8356238,13,Info,Microsoft-Windows-Sysmon,Microsoft-Windows-Sysmon/Operational,2448,4460,DC01.corp.local,9,S-1-5-18,RegistryEvent (Value Set),NT AUTHORITY\SYSTEM,,"ProcessID: 412, ProcessGUID: c9182e32-e3ef-69ca-5d01-000000000900",RuleName: InvDB-Pub,Image: C:\Windows\system32\CompatTelRunner.exe,EventType: SetValue,TargetObject: \REGISTRY\A\{12d92a9f-7a3b-175f-7ba0-3f657f6fc855}\Root\InventoryApplication\000004238e881c2cba9c3f6ed5de5303657900000904\Publisher,"Details: CN=Microsoft Windows, O=Microsoft Corporation, L=Redmond, S=Washington, C=US",,False,C:\Users\owunc\Desktop\lab_logs\DC_Sysmon_ws.evtx,Classic,0,"{""EventData"":{""Data"":[{""@Name"":""RuleName"",""#text"":""InvDB-Pub""},{""@Name"":""EventType"",""#text"":""SetValue""},{""@Name"":""UtcTime"",""#text"":""2026-03-30 20:58:41.821""},{""@Name"":""ProcessGuid"",""#text"":""c9182e32-e3ef-69ca-5d01-000000000900""},{""@Name"":""ProcessId"",""#text"":""412""},{""@Name"":""Image"",""#text"":""C:\\Windows\\system32\\CompatTelRunner.exe""},{""@Name"":""TargetObject"",""#text"":""\\REGISTRY\\A\\{12d92a9f-7a3b-175f-7ba0-3f657f6fc855}\\Root\\InventoryApplication\\000004238e881c2cba9c3f6ed5de5303657900000904\\Publisher""},{""@Name"":""Details"",""#text"":""CN=Microsoft Windows, O=Microsoft Corporation, L=Redmond, S=Washington, C=US""},{""@Name"":""User"",""#text"":""NT AUTHORITY\\SYSTEM""}]}}"
478,478,2026-03-30 20:58:41.9126396,13,Info,Microsoft-Windows-Sysmon,Microsoft-Windows-Sysmon/Operational,2448,4460,DC01.corp.local,9,S-1-5-18,RegistryEvent (Value Set),NT AUTHORITY\SYSTEM,,"ProcessID: 412, ProcessGUID: c9182e32-e3ef-69ca-5d01-000000000900",RuleName: InvDB-Pub,Image: C:\Windows\system32\CompatTelRunner.exe,EventType: SetValue,TargetObject: \REGISTRY\A\{12d92a9f-7a3b-175f-7ba0-3f657f6fc855}\Root\InventoryApplication\0000a479b775cefbcbcc696218baebe961dd00000904\Publisher,"Details: CN=Microsoft Windows, O=Microsoft Corporation, L=Redmond, S=Washington, C=US",,False,C:\Users\owunc\Desktop\lab_logs\DC_Sysmon_ws.evtx,Classic,0,"{""EventData"":{""Data"":[{""@Name"":""RuleName"",""#text"":""InvDB-Pub""},{""@Name"":""EventType"",""#text"":""SetValue""},{""@Name"":""UtcTime"",""#text"":""2026-03-30 20:58:41.899""},{""@Name"":""ProcessGuid"",""#text"":""c9182e32-e3ef-69ca-5d01-000000000900""},{""@Name"":""ProcessId"",""#text"":""412""},{""@Name"":""Image"",""#text"":""C:\\Windows\\system32\\CompatTelRunner.exe""},{""@Name"":""TargetObject"",""#text"":""\\REGISTRY\\A\\{12d92a9f-7a3b-175f-7ba0-3f657f6fc855}\\Root\\InventoryApplication\\0000a479b775cefbcbcc696218baebe961dd00000904\\Publisher""},{""@Name"":""Details"",""#text"":""CN=Microsoft Windows, O=Microsoft Corporation, L=Redmond, S=Washington, C=US""},{""@Name"":""User"",""#text"":""NT AUTHORITY\\SYSTEM""}]}}"
479,479,2026-03-30 20:58:41.9854063,13,Info,Microsoft-Windows-Sysmon,Microsoft-Windows-Sysmon/Operational,2448,4460,DC01.corp.local,9,S-1-5-18,RegistryEvent (Value Set),NT AUTHORITY\SYSTEM,,"ProcessID: 412, ProcessGUID: c9182e32-e3ef-69ca-5d01-000000000900",RuleName: InvDB-Pub,Image: C:\Windows\system32\CompatTelRunner.exe,EventType: SetValue,TargetObject: \REGISTRY\A\{12d92a9f-7a3b-175f-7ba0-3f657f6fc855}\Root\InventoryApplication\0000d3b85a4e8fa9055366ca60e0b973d66000000904\Publisher,"Details: CN=Microsoft Windows, O=Microsoft Corporation, L=Redmond, S=Washington, C=US",,False,C:\Users\owunc\Desktop\lab_logs\DC_Sysmon_ws.evtx,Classic,0,"{""EventData"":{""Data"":[{""@Name"":""RuleName"",""#text"":""InvDB-Pub""},{""@Name"":""EventType"",""#text"":""SetValue""},{""@Name"":""UtcTime"",""#text"":""2026-03-30 20:58:41.977""},{""@Name"":""ProcessGuid"",""#text"":""c9182e32-e3ef-69ca-5d01-000000000900""},{""@Name"":""ProcessId"",""#text"":""412""},{""@Name"":""Image"",""#text"":""C:\\Windows\\system32\\CompatTelRunner.exe""},{""@Name"":""TargetObject"",""#text"":""\\REGISTRY\\A\\{12d92a9f-7a3b-175f-7ba0-3f657f6fc855}\\Root\\InventoryApplication\\0000d3b85a4e8fa9055366ca60e0b973d66000000904\\Publisher""},{""@Name"":""Details"",""#text"":""CN=Microsoft Windows, O=Microsoft Corporation, L=Redmond, S=Washington, C=US""},{""@Name"":""User"",""#text"":""NT AUTHORITY\\SYSTEM""}]}}"
480,480,2026-03-30 20:58:42.0787542,13,Info,Microsoft-Windows-Sysmon,Microsoft-Windows-Sysmon/Operational,2448,4460,DC01.corp.local,9,S-1-5-18,RegistryEvent (Value Set),NT AUTHORITY\SYSTEM,,"ProcessID: 412, ProcessGUID: c9182e32-e3ef-69ca-5d01-000000000900",RuleName: InvDB-Pub,Image: C:\Windows\system32\CompatTelRunner.exe,EventType: SetValue,TargetObject: \REGISTRY\A\{12d92a9f-7a3b-175f-7ba0-3f657f6fc855}\Root\InventoryApplication\0000a8837d2421044428a851e63bbafb8a6f00000904\Publisher,"Details: CN=Microsoft Windows, O=Microsoft Corporation, L=Redmond, S=Washington, C=US",,False,C:\Users\owunc\Desktop\lab_logs\DC_Sysmon_ws.evtx,Classic,0,"{""EventData"":{""Data"":[{""@Name"":""RuleName"",""#text"":""InvDB-Pub""},{""@Name"":""EventType"",""#text"":""SetValue""},{""@Name"":""UtcTime"",""#text"":""2026-03-30 20:58:42.071""},{""@Name"":""ProcessGuid"",""#text"":""c9182e32-e3ef-69ca-5d01-000000000900""},{""@Name"":""ProcessId"",""#text"":""412""},{""@Name"":""Image"",""#text"":""C:\\Windows\\system32\\CompatTelRunner.exe""},{""@Name"":""TargetObject"",""#text"":""\\REGISTRY\\A\\{12d92a9f-7a3b-175f-7ba0-3f657f6fc855}\\Root\\InventoryApplication\\0000a8837d2421044428a851e63bbafb8a6f00000904\\Publisher""},{""@Name"":""Details"",""#text"":""CN=Microsoft Windows, O=Microsoft Corporation, L=Redmond, S=Washington, C=US""},{""@Name"":""User"",""#text"":""NT AUTHORITY\\SYSTEM""}]}}"
481,481,2026-03-30 20:58:42.1726582,13,Info,Microsoft-Windows-Sysmon,Microsoft-Windows-Sysmon/Operational,2448,4460,DC01.corp.local,9,S-1-5-18,RegistryEvent (Value Set),NT AUTHORITY\SYSTEM,,"ProcessID: 412, ProcessGUID: c9182e32-e3ef-69ca-5d01-000000000900",RuleName: InvDB-Pub,Image: C:\Windows\system32\CompatTelRunner.exe,EventType: SetValue,TargetObject: \REGISTRY\A\{12d92a9f-7a3b-175f-7ba0-3f657f6fc855}\Root\InventoryApplication\0000d38816f8804e92dfc7234d5a3605ab7900000904\Publisher,"Details: CN=Microsoft Windows, O=Microsoft Corporation, L=Redmond, S=Washington, C=US",,False,C:\Users\owunc\Desktop\lab_logs\DC_Sysmon_ws.evtx,Classic,0,"{""EventData"":{""Data"":[{""@Name"":""RuleName"",""#text"":""InvDB-Pub""},{""@Name"":""EventType"",""#text"":""SetValue""},{""@Name"":""UtcTime"",""#text"":""2026-03-30 20:58:42.165""},{""@Name"":""ProcessGuid"",""#text"":""c9182e32-e3ef-69ca-5d01-000000000900""},{""@Name"":""ProcessId"",""#text"":""412""},{""@Name"":""Image"",""#text"":""C:\\Windows\\system32\\CompatTelRunner.exe""},{""@Name"":""TargetObject"",""#text"":""\\REGISTRY\\A\\{12d92a9f-7a3b-175f-7ba0-3f657f6fc855}\\Root\\InventoryApplication\\0000d38816f8804e92dfc7234d5a3605ab7900000904\\Publisher""},{""@Name"":""Details"",""#text"":""CN=Microsoft Windows, O=Microsoft Corporation, L=Redmond, S=Washington, C=US""},{""@Name"":""User"",""#text"":""NT AUTHORITY\\SYSTEM""}]}}"
482,482,2026-03-30 20:58:42.3073388,13,Info,Microsoft-Windows-Sysmon,Microsoft-Windows-Sysmon/Operational,2448,4460,DC01.corp.local,9,S-1-5-18,RegistryEvent (Value Set),NT AUTHORITY\SYSTEM,,"ProcessID: 412, ProcessGUID: c9182e32-e3ef-69ca-5d01-000000000900",RuleName: InvDB-Pub,Image: C:\Windows\system32\CompatTelRunner.exe,EventType: SetValue,TargetObject: \REGISTRY\A\{12d92a9f-7a3b-175f-7ba0-3f657f6fc855}\Root\InventoryApplication\00000d3615ed293443501bbe39a5c6ca665900000904\Publisher,"Details: CN=Microsoft Windows, O=Microsoft Corporation, L=Redmond, S=Washington, C=US",,False,C:\Users\owunc\Desktop\lab_logs\DC_Sysmon_ws.evtx,Classic,0,"{""EventData"":{""Data"":[{""@Name"":""RuleName"",""#text"":""InvDB-Pub""},{""@Name"":""EventType"",""#text"":""SetValue""},{""@Name"":""UtcTime"",""#text"":""2026-03-30 20:58:42.305""},{""@Name"":""ProcessGuid"",""#text"":""c9182e32-e3ef-69ca-5d01-000000000900""},{""@Name"":""ProcessId"",""#text"":""412""},{""@Name"":""Image"",""#text"":""C:\\Windows\\system32\\CompatTelRunner.exe""},{""@Name"":""TargetObject"",""#text"":""\\REGISTRY\\A\\{12d92a9f-7a3b-175f-7ba0-3f657f6fc855}\\Root\\InventoryApplication\\00000d3615ed293443501bbe39a5c6ca665900000904\\Publisher""},{""@Name"":""Details"",""#text"":""CN=Microsoft Windows, O=Microsoft Corporation, L=Redmond, S=Washington, C=US""},{""@Name"":""User"",""#text"":""NT AUTHORITY\\SYSTEM""}]}}"
483,483,2026-03-30 20:58:42.3884745,13,Info,Microsoft-Windows-Sysmon,Microsoft-Windows-Sysmon/Operational,2448,4460,DC01.corp.local,9,S-1-5-18,RegistryEvent (Value Set),NT AUTHORITY\SYSTEM,,"ProcessID: 412, ProcessGUID: c9182e32-e3ef-69ca-5d01-000000000900",RuleName: InvDB-Pub,Image: C:\Windows\system32\CompatTelRunner.exe,EventType: SetValue,TargetObject: \REGISTRY\A\{12d92a9f-7a3b-175f-7ba0-3f657f6fc855}\Root\InventoryApplication\00005ee0c26feb7e2e46224d3a93d03cc15d00000904\Publisher,"Details: CN=Microsoft Windows, O=Microsoft Corporation, L=Redmond, S=Washington, C=US",,False,C:\Users\owunc\Desktop\lab_logs\DC_Sysmon_ws.evtx,Classic,0,"{""EventData"":{""Data"":[{""@Name"":""RuleName"",""#text"":""InvDB-Pub""},{""@Name"":""EventType"",""#text"":""SetValue""},{""@Name"":""UtcTime"",""#text"":""2026-03-30 20:58:42.384""},{""@Name"":""ProcessGuid"",""#text"":""c9182e32-e3ef-69ca-5d01-000000000900""},{""@Name"":""ProcessId"",""#text"":""412""},{""@Name"":""Image"",""#text"":""C:\\Windows\\system32\\CompatTelRunner.exe""},{""@Name"":""TargetObject"",""#text"":""\\REGISTRY\\A\\{12d92a9f-7a3b-175f-7ba0-3f657f6fc855}\\Root\\InventoryApplication\\00005ee0c26feb7e2e46224d3a93d03cc15d00000904\\Publisher""},{""@Name"":""Details"",""#text"":""CN=Microsoft Windows, O=Microsoft Corporation, L=Redmond, S=Washington, C=US""},{""@Name"":""User"",""#text"":""NT AUTHORITY\\SYSTEM""}]}}"
484,484,2026-03-30 20:58:42.4684112,13,Info,Microsoft-Windows-Sysmon,Microsoft-Windows-Sysmon/Operational,2448,4460,DC01.corp.local,9,S-1-5-18,RegistryEvent (Value Set),NT AUTHORITY\SYSTEM,,"ProcessID: 412, ProcessGUID: c9182e32-e3ef-69ca-5d01-000000000900",RuleName: InvDB-Pub,Image: C:\Windows\system32\CompatTelRunner.exe,EventType: SetValue,TargetObject: \REGISTRY\A\{12d92a9f-7a3b-175f-7ba0-3f657f6fc855}\Root\InventoryApplication\0000c187f7594e2bd36e0042a3a3eb4bf80800000904\Publisher,"Details: CN=Microsoft Windows, O=Microsoft Corporation, L=Redmond, S=Washington, C=US",,False,C:\Users\owunc\Desktop\lab_logs\DC_Sysmon_ws.evtx,Classic,0,"{""EventData"":{""Data"":[{""@Name"":""RuleName"",""#text"":""InvDB-Pub""},{""@Name"":""EventType"",""#text"":""SetValue""},{""@Name"":""UtcTime"",""#text"":""2026-03-30 20:58:42.462""},{""@Name"":""ProcessGuid"",""#text"":""c9182e32-e3ef-69ca-5d01-000000000900""},{""@Name"":""ProcessId"",""#text"":""412""},{""@Name"":""Image"",""#text"":""C:\\Windows\\system32\\CompatTelRunner.exe""},{""@Name"":""TargetObject"",""#text"":""\\REGISTRY\\A\\{12d92a9f-7a3b-175f-7ba0-3f657f6fc855}\\Root\\InventoryApplication\\0000c187f7594e2bd36e0042a3a3eb4bf80800000904\\Publisher""},{""@Name"":""Details"",""#text"":""CN=Microsoft Windows, O=Microsoft Corporation, L=Redmond, S=Washington, C=US""},{""@Name"":""User"",""#text"":""NT AUTHORITY\\SYSTEM""}]}}"
485,485,2026-03-30 20:58:42.5761610,13,Info,Microsoft-Windows-Sysmon,Microsoft-Windows-Sysmon/Operational,2448,4460,DC01.corp.local,9,S-1-5-18,RegistryEvent (Value Set),NT AUTHORITY\SYSTEM,,"ProcessID: 412, ProcessGUID: c9182e32-e3ef-69ca-5d01-000000000900",RuleName: InvDB-Pub,Image: C:\Windows\system32\CompatTelRunner.exe,EventType: SetValue,TargetObject: \REGISTRY\A\{12d92a9f-7a3b-175f-7ba0-3f657f6fc855}\Root\InventoryApplication\00001497cdbb7c8e1979896508681e34794e00000904\Publisher,"Details: CN=Microsoft Windows, O=Microsoft Corporation, L=Redmond, S=Washington, C=US",,False,C:\Users\owunc\Desktop\lab_logs\DC_Sysmon_ws.evtx,Classic,0,"{""EventData"":{""Data"":[{""@Name"":""RuleName"",""#text"":""InvDB-Pub""},{""@Name"":""EventType"",""#text"":""SetValue""},{""@Name"":""UtcTime"",""#text"":""2026-03-30 20:58:42.571""},{""@Name"":""ProcessGuid"",""#text"":""c9182e32-e3ef-69ca-5d01-000000000900""},{""@Name"":""ProcessId"",""#text"":""412""},{""@Name"":""Image"",""#text"":""C:\\Windows\\system32\\CompatTelRunner.exe""},{""@Name"":""TargetObject"",""#text"":""\\REGISTRY\\A\\{12d92a9f-7a3b-175f-7ba0-3f657f6fc855}\\Root\\InventoryApplication\\00001497cdbb7c8e1979896508681e34794e00000904\\Publisher""},{""@Name"":""Details"",""#text"":""CN=Microsoft Windows, O=Microsoft Corporation, L=Redmond, S=Washington, C=US""},{""@Name"":""User"",""#text"":""NT AUTHORITY\\SYSTEM""}]}}"
486,486,2026-03-30 20:58:42.6492473,13,Info,Microsoft-Windows-Sysmon,Microsoft-Windows-Sysmon/Operational,2448,4460,DC01.corp.local,9,S-1-5-18,RegistryEvent (Value Set),NT AUTHORITY\SYSTEM,,"ProcessID: 412, ProcessGUID: c9182e32-e3ef-69ca-5d01-000000000900",RuleName: InvDB-Pub,Image: C:\Windows\system32\CompatTelRunner.exe,EventType: SetValue,TargetObject: \REGISTRY\A\{12d92a9f-7a3b-175f-7ba0-3f657f6fc855}\Root\InventoryApplication\0000925c2fb0142e0735496976df345cad0d00000904\Publisher,"Details: CN=Microsoft Windows, O=Microsoft Corporation, L=Redmond, S=Washington, C=US",,False,C:\Users\owunc\Desktop\lab_logs\DC_Sysmon_ws.evtx,Classic,0,"{""EventData"":{""Data"":[{""@Name"":""RuleName"",""#text"":""InvDB-Pub""},{""@Name"":""EventType"",""#text"":""SetValue""},{""@Name"":""UtcTime"",""#text"":""2026-03-30 20:58:42.634""},{""@Name"":""ProcessGuid"",""#text"":""c9182e32-e3ef-69ca-5d01-000000000900""},{""@Name"":""ProcessId"",""#text"":""412""},{""@Name"":""Image"",""#text"":""C:\\Windows\\system32\\CompatTelRunner.exe""},{""@Name"":""TargetObject"",""#text"":""\\REGISTRY\\A\\{12d92a9f-7a3b-175f-7ba0-3f657f6fc855}\\Root\\InventoryApplication\\0000925c2fb0142e0735496976df345cad0d00000904\\Publisher""},{""@Name"":""Details"",""#text"":""CN=Microsoft Windows, O=Microsoft Corporation, L=Redmond, S=Washington, C=US""},{""@Name"":""User"",""#text"":""NT AUTHORITY\\SYSTEM""}]}}"
487,487,2026-03-30 20:58:42.7257844,13,Info,Microsoft-Windows-Sysmon,Microsoft-Windows-Sysmon/Operational,2448,4460,DC01.corp.local,9,S-1-5-18,RegistryEvent (Value Set),NT AUTHORITY\SYSTEM,,"ProcessID: 412, ProcessGUID: c9182e32-e3ef-69ca-5d01-000000000900",RuleName: InvDB-Pub,Image: C:\Windows\system32\CompatTelRunner.exe,EventType: SetValue,TargetObject: \REGISTRY\A\{12d92a9f-7a3b-175f-7ba0-3f657f6fc855}\Root\InventoryApplication\00003a0f878df5df7a0c5f552593b93ab9a200000904\Publisher,"Details: CN=Microsoft Windows, O=Microsoft Corporation, L=Redmond, S=Washington, C=US",,False,C:\Users\owunc\Desktop\lab_logs\DC_Sysmon_ws.evtx,Classic,0,"{""EventData"":{""Data"":[{""@Name"":""RuleName"",""#text"":""InvDB-Pub""},{""@Name"":""EventType"",""#text"":""SetValue""},{""@Name"":""UtcTime"",""#text"":""2026-03-30 20:58:42.712""},{""@Name"":""ProcessGuid"",""#text"":""c9182e32-e3ef-69ca-5d01-000000000900""},{""@Name"":""ProcessId"",""#text"":""412""},{""@Name"":""Image"",""#text"":""C:\\Windows\\system32\\CompatTelRunner.exe""},{""@Name"":""TargetObject"",""#text"":""\\REGISTRY\\A\\{12d92a9f-7a3b-175f-7ba0-3f657f6fc855}\\Root\\InventoryApplication\\00003a0f878df5df7a0c5f552593b93ab9a200000904\\Publisher""},{""@Name"":""Details"",""#text"":""CN=Microsoft Windows, O=Microsoft Corporation, L=Redmond, S=Washington, C=US""},{""@Name"":""User"",""#text"":""NT AUTHORITY\\SYSTEM""}]}}"
488,488,2026-03-30 20:58:42.8032610,13,Info,Microsoft-Windows-Sysmon,Microsoft-Windows-Sysmon/Operational,2448,4460,DC01.corp.local,9,S-1-5-18,RegistryEvent (Value Set),NT AUTHORITY\SYSTEM,,"ProcessID: 412, ProcessGUID: c9182e32-e3ef-69ca-5d01-000000000900",RuleName: InvDB-Pub,Image: C:\Windows\system32\CompatTelRunner.exe,EventType: SetValue,TargetObject: \REGISTRY\A\{12d92a9f-7a3b-175f-7ba0-3f657f6fc855}\Root\InventoryApplication\00008f955a4d38efc389e50861c269677d5f00000904\Publisher,"Details: CN=Microsoft Windows, O=Microsoft Corporation, L=Redmond, S=Washington, C=US",,False,C:\Users\owunc\Desktop\lab_logs\DC_Sysmon_ws.evtx,Classic,0,"{""EventData"":{""Data"":[{""@Name"":""RuleName"",""#text"":""InvDB-Pub""},{""@Name"":""EventType"",""#text"":""SetValue""},{""@Name"":""UtcTime"",""#text"":""2026-03-30 20:58:42.790""},{""@Name"":""ProcessGuid"",""#text"":""c9182e32-e3ef-69ca-5d01-000000000900""},{""@Name"":""ProcessId"",""#text"":""412""},{""@Name"":""Image"",""#text"":""C:\\Windows\\system32\\CompatTelRunner.exe""},{""@Name"":""TargetObject"",""#text"":""\\REGISTRY\\A\\{12d92a9f-7a3b-175f-7ba0-3f657f6fc855}\\Root\\InventoryApplication\\00008f955a4d38efc389e50861c269677d5f00000904\\Publisher""},{""@Name"":""Details"",""#text"":""CN=Microsoft Windows, O=Microsoft Corporation, L=Redmond, S=Washington, C=US""},{""@Name"":""User"",""#text"":""NT AUTHORITY\\SYSTEM""}]}}"
489,489,2026-03-30 20:58:42.8746303,13,Info,Microsoft-Windows-Sysmon,Microsoft-Windows-Sysmon/Operational,2448,4460,DC01.corp.local,9,S-1-5-18,RegistryEvent (Value Set),NT AUTHORITY\SYSTEM,,"ProcessID: 412, ProcessGUID: c9182e32-e3ef-69ca-5d01-000000000900",RuleName: InvDB-Pub,Image: C:\Windows\system32\CompatTelRunner.exe,EventType: SetValue,TargetObject: \REGISTRY\A\{12d92a9f-7a3b-175f-7ba0-3f657f6fc855}\Root\InventoryApplication\0000f93024ac6ac42b9f8216ad8096fd7ae800000904\Publisher,"Details: CN=Microsoft Windows, O=Microsoft Corporation, L=Redmond, S=Washington, C=US",,False,C:\Users\owunc\Desktop\lab_logs\DC_Sysmon_ws.evtx,Classic,0,"{""EventData"":{""Data"":[{""@Name"":""RuleName"",""#text"":""InvDB-Pub""},{""@Name"":""EventType"",""#text"":""SetValue""},{""@Name"":""UtcTime"",""#text"":""2026-03-30 20:58:42.868""},{""@Name"":""ProcessGuid"",""#text"":""c9182e32-e3ef-69ca-5d01-000000000900""},{""@Name"":""ProcessId"",""#text"":""412""},{""@Name"":""Image"",""#text"":""C:\\Windows\\system32\\CompatTelRunner.exe""},{""@Name"":""TargetObject"",""#text"":""\\REGISTRY\\A\\{12d92a9f-7a3b-175f-7ba0-3f657f6fc855}\\Root\\InventoryApplication\\0000f93024ac6ac42b9f8216ad8096fd7ae800000904\\Publisher""},{""@Name"":""Details"",""#text"":""CN=Microsoft Windows, O=Microsoft Corporation, L=Redmond, S=Washington, C=US""},{""@Name"":""User"",""#text"":""NT AUTHORITY\\SYSTEM""}]}}"
490,490,2026-03-30 20:58:42.9286895,13,Info,Microsoft-Windows-Sysmon,Microsoft-Windows-Sysmon/Operational,2448,4460,DC01.corp.local,9,S-1-5-18,RegistryEvent (Value Set),NT AUTHORITY\SYSTEM,,"ProcessID: 412, ProcessGUID: c9182e32-e3ef-69ca-5d01-000000000900",RuleName: InvDB-Pub,Image: C:\Windows\system32\CompatTelRunner.exe,EventType: SetValue,TargetObject: \REGISTRY\A\{12d92a9f-7a3b-175f-7ba0-3f657f6fc855}\Root\InventoryApplication\00004288873ccd5108f1a0790a08809ab67500000904\Publisher,"Details: CN=Microsoft Corporation, O=Microsoft Corporation, L=Redmond, S=Washington, C=US",,False,C:\Users\owunc\Desktop\lab_logs\DC_Sysmon_ws.evtx,Classic,0,"{""EventData"":{""Data"":[{""@Name"":""RuleName"",""#text"":""InvDB-Pub""},{""@Name"":""EventType"",""#text"":""SetValue""},{""@Name"":""UtcTime"",""#text"":""2026-03-30 20:58:42.915""},{""@Name"":""ProcessGuid"",""#text"":""c9182e32-e3ef-69ca-5d01-000000000900""},{""@Name"":""ProcessId"",""#text"":""412""},{""@Name"":""Image"",""#text"":""C:\\Windows\\system32\\CompatTelRunner.exe""},{""@Name"":""TargetObject"",""#text"":""\\REGISTRY\\A\\{12d92a9f-7a3b-175f-7ba0-3f657f6fc855}\\Root\\InventoryApplication\\00004288873ccd5108f1a0790a08809ab67500000904\\Publisher""},{""@Name"":""Details"",""#text"":""CN=Microsoft Corporation, O=Microsoft Corporation, L=Redmond, S=Washington, C=US""},{""@Name"":""User"",""#text"":""NT AUTHORITY\\SYSTEM""}]}}"
491,491,2026-03-30 20:58:42.9786045,13,Info,Microsoft-Windows-Sysmon,Microsoft-Windows-Sysmon/Operational,2448,4460,DC01.corp.local,10,S-1-5-18,RegistryEvent (Value Set),NT AUTHORITY\SYSTEM,,"ProcessID: 412, ProcessGUID: c9182e32-e3ef-69ca-5d01-000000000900",RuleName: InvDB-Pub,Image: C:\Windows\system32\CompatTelRunner.exe,EventType: SetValue,TargetObject: \REGISTRY\A\{12d92a9f-7a3b-175f-7ba0-3f657f6fc855}\Root\InventoryApplication\0000c59fe56347d7ed1cd21bc796f98809bc00000904\Publisher,"Details: CN=Microsoft Corporation, O=Microsoft Corporation, L=Redmond, S=Washington, C=US",,False,C:\Users\owunc\Desktop\lab_logs\DC_Sysmon_ws.evtx,Classic,0,"{""EventData"":{""Data"":[{""@Name"":""RuleName"",""#text"":""InvDB-Pub""},{""@Name"":""EventType"",""#text"":""SetValue""},{""@Name"":""UtcTime"",""#text"":""2026-03-30 20:58:42.978""},{""@Name"":""ProcessGuid"",""#text"":""c9182e32-e3ef-69ca-5d01-000000000900""},{""@Name"":""ProcessId"",""#text"":""412""},{""@Name"":""Image"",""#text"":""C:\\Windows\\system32\\CompatTelRunner.exe""},{""@Name"":""TargetObject"",""#text"":""\\REGISTRY\\A\\{12d92a9f-7a3b-175f-7ba0-3f657f6fc855}\\Root\\InventoryApplication\\0000c59fe56347d7ed1cd21bc796f98809bc00000904\\Publisher""},{""@Name"":""Details"",""#text"":""CN=Microsoft Corporation, O=Microsoft Corporation, L=Redmond, S=Washington, C=US""},{""@Name"":""User"",""#text"":""NT AUTHORITY\\SYSTEM""}]}}"
492,492,2026-03-30 20:58:43.0481062,13,Info,Microsoft-Windows-Sysmon,Microsoft-Windows-Sysmon/Operational,2448,4460,DC01.corp.local,10,S-1-5-18,RegistryEvent (Value Set),NT AUTHORITY\SYSTEM,,"ProcessID: 412, ProcessGUID: c9182e32-e3ef-69ca-5d01-000000000900",RuleName: InvDB-Pub,Image: C:\Windows\system32\CompatTelRunner.exe,EventType: SetValue,TargetObject: \REGISTRY\A\{12d92a9f-7a3b-175f-7ba0-3f657f6fc855}\Root\InventoryApplication\0000d26666a2ad3024a7f027de4486bc87d800000904\Publisher,"Details: CN=Microsoft Corporation, O=Microsoft Corporation, L=Redmond, S=Washington, C=US",,False,C:\Users\owunc\Desktop\lab_logs\DC_Sysmon_ws.evtx,Classic,0,"{""EventData"":{""Data"":[{""@Name"":""RuleName"",""#text"":""InvDB-Pub""},{""@Name"":""EventType"",""#text"":""SetValue""},{""@Name"":""UtcTime"",""#text"":""2026-03-30 20:58:43.040""},{""@Name"":""ProcessGuid"",""#text"":""c9182e32-e3ef-69ca-5d01-000000000900""},{""@Name"":""ProcessId"",""#text"":""412""},{""@Name"":""Image"",""#text"":""C:\\Windows\\system32\\CompatTelRunner.exe""},{""@Name"":""TargetObject"",""#text"":""\\REGISTRY\\A\\{12d92a9f-7a3b-175f-7ba0-3f657f6fc855}\\Root\\InventoryApplication\\0000d26666a2ad3024a7f027de4486bc87d800000904\\Publisher""},{""@Name"":""Details"",""#text"":""CN=Microsoft Corporation, O=Microsoft Corporation, L=Redmond, S=Washington, C=US""},{""@Name"":""User"",""#text"":""NT AUTHORITY\\SYSTEM""}]}}"
493,493,2026-03-30 20:58:43.0753617,13,Info,Microsoft-Windows-Sysmon,Microsoft-Windows-Sysmon/Operational,2448,4460,DC01.corp.local,10,S-1-5-18,RegistryEvent (Value Set),NT AUTHORITY\SYSTEM,,"ProcessID: 412, ProcessGUID: c9182e32-e3ef-69ca-5d01-000000000900",RuleName: InvDB-Pub,Image: C:\Windows\system32\CompatTelRunner.exe,EventType: SetValue,TargetObject: \REGISTRY\A\{12d92a9f-7a3b-175f-7ba0-3f657f6fc855}\Root\InventoryApplication\00007a75752d83a4c05763e5bc5cd36b508600000904\Publisher,Details: Microsoft Corporation,,False,C:\Users\owunc\Desktop\lab_logs\DC_Sysmon_ws.evtx,Classic,0,"{""EventData"":{""Data"":[{""@Name"":""RuleName"",""#text"":""InvDB-Pub""},{""@Name"":""EventType"",""#text"":""SetValue""},{""@Name"":""UtcTime"",""#text"":""2026-03-30 20:58:43.071""},{""@Name"":""ProcessGuid"",""#text"":""c9182e32-e3ef-69ca-5d01-000000000900""},{""@Name"":""ProcessId"",""#text"":""412""},{""@Name"":""Image"",""#text"":""C:\\Windows\\system32\\CompatTelRunner.exe""},{""@Name"":""TargetObject"",""#text"":""\\REGISTRY\\A\\{12d92a9f-7a3b-175f-7ba0-3f657f6fc855}\\Root\\InventoryApplication\\00007a75752d83a4c05763e5bc5cd36b508600000904\\Publisher""},{""@Name"":""Details"",""#text"":""Microsoft Corporation""},{""@Name"":""User"",""#text"":""NT AUTHORITY\\SYSTEM""}]}}"
494,494,2026-03-30 20:58:43.0860806,13,Info,Microsoft-Windows-Sysmon,Microsoft-Windows-Sysmon/Operational,2448,4460,DC01.corp.local,10,S-1-5-18,RegistryEvent (Value Set),NT AUTHORITY\SYSTEM,,"ProcessID: 412, ProcessGUID: c9182e32-e3ef-69ca-5d01-000000000900",RuleName: InvDB-Pub,Image: C:\Windows\system32\CompatTelRunner.exe,EventType: SetValue,TargetObject: \REGISTRY\A\{12d92a9f-7a3b-175f-7ba0-3f657f6fc855}\Root\InventoryApplication\0000168f046d262f3bf8e2b45f31bb8ec7c000000904\Publisher,Details: Microsoft Corporation,,False,C:\Users\owunc\Desktop\lab_logs\DC_Sysmon_ws.evtx,Classic,0,"{""EventData"":{""Data"":[{""@Name"":""RuleName"",""#text"":""InvDB-Pub""},{""@Name"":""EventType"",""#text"":""SetValue""},{""@Name"":""UtcTime"",""#text"":""2026-03-30 20:58:43.071""},{""@Name"":""ProcessGuid"",""#text"":""c9182e32-e3ef-69ca-5d01-000000000900""},{""@Name"":""ProcessId"",""#text"":""412""},{""@Name"":""Image"",""#text"":""C:\\Windows\\system32\\CompatTelRunner.exe""},{""@Name"":""TargetObject"",""#text"":""\\REGISTRY\\A\\{12d92a9f-7a3b-175f-7ba0-3f657f6fc855}\\Root\\InventoryApplication\\0000168f046d262f3bf8e2b45f31bb8ec7c000000904\\Publisher""},{""@Name"":""Details"",""#text"":""Microsoft Corporation""},{""@Name"":""User"",""#text"":""NT AUTHORITY\\SYSTEM""}]}}"
495,495,2026-03-30 20:58:43.1903107,13,Info,Microsoft-Windows-Sysmon,Microsoft-Windows-Sysmon/Operational,2448,4460,DC01.corp.local,10,S-1-5-18,RegistryEvent (Value Set),NT AUTHORITY\SYSTEM,,"ProcessID: 412, ProcessGUID: c9182e32-e3ef-69ca-5d01-000000000900",RuleName: InvDB-Pub,Image: C:\Windows\system32\CompatTelRunner.exe,EventType: SetValue,TargetObject: \REGISTRY\A\{12d92a9f-7a3b-175f-7ba0-3f657f6fc855}\Root\InventoryApplication\0000918cba1f5d007ca7b732760eec30372f00000904\Publisher,Details: Broadcom Inc.,,False,C:\Users\owunc\Desktop\lab_logs\DC_Sysmon_ws.evtx,Classic,0,"{""EventData"":{""Data"":[{""@Name"":""RuleName"",""#text"":""InvDB-Pub""},{""@Name"":""EventType"",""#text"":""SetValue""},{""@Name"":""UtcTime"",""#text"":""2026-03-30 20:58:43.180""},{""@Name"":""ProcessGuid"",""#text"":""c9182e32-e3ef-69ca-5d01-000000000900""},{""@Name"":""ProcessId"",""#text"":""412""},{""@Name"":""Image"",""#text"":""C:\\Windows\\system32\\CompatTelRunner.exe""},{""@Name"":""TargetObject"",""#text"":""\\REGISTRY\\A\\{12d92a9f-7a3b-175f-7ba0-3f657f6fc855}\\Root\\InventoryApplication\\0000918cba1f5d007ca7b732760eec30372f00000904\\Publisher""},{""@Name"":""Details"",""#text"":""Broadcom Inc.""},{""@Name"":""User"",""#text"":""NT AUTHORITY\\SYSTEM""}]}}"
496,496,2026-03-30 20:58:43.3677528,13,Info,Microsoft-Windows-Sysmon,Microsoft-Windows-Sysmon/Operational,2448,4460,DC01.corp.local,10,S-1-5-18,RegistryEvent (Value Set),NT AUTHORITY\SYSTEM,,"ProcessID: 412, ProcessGUID: c9182e32-e3ef-69ca-5d01-000000000900",RuleName: InvDB-Pub,Image: C:\Windows\system32\CompatTelRunner.exe,EventType: SetValue,TargetObject: \REGISTRY\A\{12d92a9f-7a3b-175f-7ba0-3f657f6fc855}\Root\InventoryApplication\000099c96b9f4215f960ab914fb91c3d09540000ffff\Publisher,Details: Microsoft Corporation,,False,C:\Users\owunc\Desktop\lab_logs\DC_Sysmon_ws.evtx,Classic,0,"{""EventData"":{""Data"":[{""@Name"":""RuleName"",""#text"":""InvDB-Pub""},{""@Name"":""EventType"",""#text"":""SetValue""},{""@Name"":""UtcTime"",""#text"":""2026-03-30 20:58:43.352""},{""@Name"":""ProcessGuid"",""#text"":""c9182e32-e3ef-69ca-5d01-000000000900""},{""@Name"":""ProcessId"",""#text"":""412""},{""@Name"":""Image"",""#text"":""C:\\Windows\\system32\\CompatTelRunner.exe""},{""@Name"":""TargetObject"",""#text"":""\\REGISTRY\\A\\{12d92a9f-7a3b-175f-7ba0-3f657f6fc855}\\Root\\InventoryApplication\\000099c96b9f4215f960ab914fb91c3d09540000ffff\\Publisher""},{""@Name"":""Details"",""#text"":""Microsoft Corporation""},{""@Name"":""User"",""#text"":""NT AUTHORITY\\SYSTEM""}]}}"
497,497,2026-03-30 20:58:43.3828809,13,Info,Microsoft-Windows-Sysmon,Microsoft-Windows-Sysmon/Operational,2448,4460,DC01.corp.local,10,S-1-5-18,RegistryEvent (Value Set),NT AUTHORITY\SYSTEM,,"ProcessID: 412, ProcessGUID: c9182e32-e3ef-69ca-5d01-000000000900",RuleName: InvDB-Pub,Image: C:\Windows\system32\CompatTelRunner.exe,EventType: SetValue,TargetObject: \REGISTRY\A\{12d92a9f-7a3b-175f-7ba0-3f657f6fc855}\Root\InventoryApplication\000016b2ae0134031b0e73888286a45ff50100000904\Publisher,Details: Microsoft Corporation,,False,C:\Users\owunc\Desktop\lab_logs\DC_Sysmon_ws.evtx,Classic,0,"{""EventData"":{""Data"":[{""@Name"":""RuleName"",""#text"":""InvDB-Pub""},{""@Name"":""EventType"",""#text"":""SetValue""},{""@Name"":""UtcTime"",""#text"":""2026-03-30 20:58:43.368""},{""@Name"":""ProcessGuid"",""#text"":""c9182e32-e3ef-69ca-5d01-000000000900""},{""@Name"":""ProcessId"",""#text"":""412""},{""@Name"":""Image"",""#text"":""C:\\Windows\\system32\\CompatTelRunner.exe""},{""@Name"":""TargetObject"",""#text"":""\\REGISTRY\\A\\{12d92a9f-7a3b-175f-7ba0-3f657f6fc855}\\Root\\InventoryApplication\\000016b2ae0134031b0e73888286a45ff50100000904\\Publisher""},{""@Name"":""Details"",""#text"":""Microsoft Corporation""},{""@Name"":""User"",""#text"":""NT AUTHORITY\\SYSTEM""}]}}"
498,498,2026-03-30 20:58:43.3885325,13,Info,Microsoft-Windows-Sysmon,Microsoft-Windows-Sysmon/Operational,2448,4460,DC01.corp.local,10,S-1-5-18,RegistryEvent (Value Set),NT AUTHORITY\SYSTEM,,"ProcessID: 412, ProcessGUID: c9182e32-e3ef-69ca-5d01-000000000900",RuleName: InvDB-Pub,Image: C:\Windows\system32\CompatTelRunner.exe,EventType: SetValue,TargetObject: \REGISTRY\A\{12d92a9f-7a3b-175f-7ba0-3f657f6fc855}\Root\InventoryApplication\0000f84b4cc07682ab4c703ff9dad67817e00000ffff\Publisher,Details: Microsoft Corporation,,False,C:\Users\owunc\Desktop\lab_logs\DC_Sysmon_ws.evtx,Classic,0,"{""EventData"":{""Data"":[{""@Name"":""RuleName"",""#text"":""InvDB-Pub""},{""@Name"":""EventType"",""#text"":""SetValue""},{""@Name"":""UtcTime"",""#text"":""2026-03-30 20:58:43.383""},{""@Name"":""ProcessGuid"",""#text"":""c9182e32-e3ef-69ca-5d01-000000000900""},{""@Name"":""ProcessId"",""#text"":""412""},{""@Name"":""Image"",""#text"":""C:\\Windows\\system32\\CompatTelRunner.exe""},{""@Name"":""TargetObject"",""#text"":""\\REGISTRY\\A\\{12d92a9f-7a3b-175f-7ba0-3f657f6fc855}\\Root\\InventoryApplication\\0000f84b4cc07682ab4c703ff9dad67817e00000ffff\\Publisher""},{""@Name"":""Details"",""#text"":""Microsoft Corporation""},{""@Name"":""User"",""#text"":""NT AUTHORITY\\SYSTEM""}]}}"
499,499,2026-03-30 20:58:43.4068382,13,Info,Microsoft-Windows-Sysmon,Microsoft-Windows-Sysmon/Operational,2448,4460,DC01.corp.local,10,S-1-5-18,RegistryEvent (Value Set),NT AUTHORITY\SYSTEM,,"ProcessID: 412, ProcessGUID: c9182e32-e3ef-69ca-5d01-000000000900",RuleName: InvDB-Pub,Image: C:\Windows\system32\CompatTelRunner.exe,EventType: SetValue,TargetObject: \REGISTRY\A\{12d92a9f-7a3b-175f-7ba0-3f657f6fc855}\Root\InventoryApplication\0000f41630b00fbde128d54a926d32d23dd400000904\Publisher,"Details: Wazuh, Inc.",,False,C:\Users\owunc\Desktop\lab_logs\DC_Sysmon_ws.evtx,Classic,0,"{""EventData"":{""Data"":[{""@Name"":""RuleName"",""#text"":""InvDB-Pub""},{""@Name"":""EventType"",""#text"":""SetValue""},{""@Name"":""UtcTime"",""#text"":""2026-03-30 20:58:43.399""},{""@Name"":""ProcessGuid"",""#text"":""c9182e32-e3ef-69ca-5d01-000000000900""},{""@Name"":""ProcessId"",""#text"":""412""},{""@Name"":""Image"",""#text"":""C:\\Windows\\system32\\CompatTelRunner.exe""},{""@Name"":""TargetObject"",""#text"":""\\REGISTRY\\A\\{12d92a9f-7a3b-175f-7ba0-3f657f6fc855}\\Root\\InventoryApplication\\0000f41630b00fbde128d54a926d32d23dd400000904\\Publisher""},{""@Name"":""Details"",""#text"":""Wazuh, Inc.""},{""@Name"":""User"",""#text"":""NT AUTHORITY\\SYSTEM""}]}}"
500,500,2026-03-30 20:58:43.4072690,13,Info,Microsoft-Windows-Sysmon,Microsoft-Windows-Sysmon/Operational,2448,4460,DC01.corp.local,10,S-1-5-18,RegistryEvent (Value Set),NT AUTHORITY\SYSTEM,,"ProcessID: 412, ProcessGUID: c9182e32-e3ef-69ca-5d01-000000000900",RuleName: InvDB-Path,Image: C:\Windows\system32\CompatTelRunner.exe,EventType: SetValue,TargetObject: \REGISTRY\A\{12d92a9f-7a3b-175f-7ba0-3f657f6fc855}\Root\InventoryApplicationFile\agent-auth.exe|2e8855e6c2c2b837\LowerCaseLongPath,Details: c:\program files (x86)\ossec-agent\agent-auth.exe,,False,C:\Users\owunc\Desktop\lab_logs\DC_Sysmon_ws.evtx,Classic,0,"{""EventData"":{""Data"":[{""@Name"":""RuleName"",""#text"":""InvDB-Path""},{""@Name"":""EventType"",""#text"":""SetValue""},{""@Name"":""UtcTime"",""#text"":""2026-03-30 20:58:43.399""},{""@Name"":""ProcessGuid"",""#text"":""c9182e32-e3ef-69ca-5d01-000000000900""},{""@Name"":""ProcessId"",""#text"":""412""},{""@Name"":""Image"",""#text"":""C:\\Windows\\system32\\CompatTelRunner.exe""},{""@Name"":""TargetObject"",""#text"":""\\REGISTRY\\A\\{12d92a9f-7a3b-175f-7ba0-3f657f6fc855}\\Root\\InventoryApplicationFile\\agent-auth.exe|2e8855e6c2c2b837\\LowerCaseLongPath""},{""@Name"":""Details"",""#text"":""c:\\program files (x86)\\ossec-agent\\agent-auth.exe""},{""@Name"":""User"",""#text"":""NT AUTHORITY\\SYSTEM""}]}}"
