395,395,2026-03-30 18:48:51.2951454,1,Info,Microsoft-Windows-Sysmon,Microsoft-Windows-Sysmon/Operational,2448,4460,DC01.corp.local,8,S-1-5-18,Process creation,NT AUTHORITY\SYSTEM,,"ProcessID: 5732, ProcessGUID: c9182e32-c593-69ca-0b01-000000000900",RuleName: -,"MD5=08DCF3821C3A4CB3BD7C8D70C854417A,SHA256=3B5B209292376581B6EFFA0037A37CD5F431C9626F079D385761454C039A9912,IMPHASH=89F7FEA336DD2A0A8925B65181B71EB1",ParentProcess: C:\ProgramData\Microsoft\Windows Defender\Platform\4.18.26020.6-0\MsMpEng.exe,"ParentProcessID: 2444, ParentProcessGUID: c9182e32-c326-69ca-4800-000000000900","ParentCommandLine: ""C:\ProgramData\Microsoft\Windows Defender\Platform\4.18.26020.6-0\MsMpEng.exe""","""C:\ProgramData\Microsoft\Windows Defender\Platform\4.18.26020.6-0\MpCmdRun.exe"" SignatureUpdate -ScheduleJob -RestrictPrivileges",False,C:\Users\owunc\Desktop\lab_logs\DC_Sysmon_ws.evtx,Classic,0,"{""EventData"":{""Data"":[{""@Name"":""RuleName"",""#text"":""-""},{""@Name"":""UtcTime"",""#text"":""2026-03-30 18:48:51.289""},{""@Name"":""ProcessGuid"",""#text"":""c9182e32-c593-69ca-0b01-000000000900""},{""@Name"":""ProcessId"",""#text"":""5732""},{""@Name"":""Image"",""#text"":""C:\\ProgramData\\Microsoft\\Windows Defender\\Platform\\4.18.26020.6-0\\MpCmdRun.exe""},{""@Name"":""FileVersion"",""#text"":""4.18.26020.6 (cd0aebd7c18a68cd2e3af14a117b45b178d088f4)""},{""@Name"":""Description"",""#text"":""Microsoft Malware Protection Command Line Utility""},{""@Name"":""Product"",""#text"":""Microsoft® Windows® Operating System""},{""@Name"":""Company"",""#text"":""Microsoft Corporation""},{""@Name"":""OriginalFileName"",""#text"":""MpCmdRun.exe""},{""@Name"":""CommandLine"",""#text"":""\""C:\\ProgramData\\Microsoft\\Windows Defender\\Platform\\4.18.26020.6-0\\MpCmdRun.exe\"" SignatureUpdate -ScheduleJob -RestrictPrivileges""},{""@Name"":""CurrentDirectory"",""#text"":""C:\\Windows\\system32\\""},{""@Name"":""User"",""#text"":""NT AUTHORITY\\SYSTEM""},{""@Name"":""LogonGuid"",""#text"":""c9182e32-c31a-69ca-e703-000000000000""},{""@Name"":""LogonId"",""#text"":""0x3E7""},{""@Name"":""TerminalSessionId"",""#text"":""0""},{""@Name"":""IntegrityLevel"",""#text"":""System""},{""@Name"":""Hashes"",""#text"":""MD5=08DCF3821C3A4CB3BD7C8D70C854417A,SHA256=3B5B209292376581B6EFFA0037A37CD5F431C9626F079D385761454C039A9912,IMPHASH=89F7FEA336DD2A0A8925B65181B71EB1""},{""@Name"":""ParentProcessGuid"",""#text"":""c9182e32-c326-69ca-4800-000000000900""},{""@Name"":""ParentProcessId"",""#text"":""2444""},{""@Name"":""ParentImage"",""#text"":""C:\\ProgramData\\Microsoft\\Windows Defender\\Platform\\4.18.26020.6-0\\MsMpEng.exe""},{""@Name"":""ParentCommandLine"",""#text"":""\""C:\\ProgramData\\Microsoft\\Windows Defender\\Platform\\4.18.26020.6-0\\MsMpEng.exe\""""},{""@Name"":""ParentUser"",""#text"":""NT AUTHORITY\\SYSTEM""}]}}"
396,396,2026-03-30 18:48:51.3115363,11,Info,Microsoft-Windows-Sysmon,Microsoft-Windows-Sysmon/Operational,2448,4460,DC01.corp.local,8,S-1-5-18,FileCreate,NT AUTHORITY\SYSTEM,,"ProcessID: 1696, ProcessGUID: c9182e32-c31d-69ca-2100-000000000900",RuleName: T1053,Image: C:\Windows\system32\svchost.exe,TargetFilename: C:\Windows\System32\Tasks\Microsoft\Windows\Windows Defender\Windows Defender Scheduled Scan,,,,False,C:\Users\owunc\Desktop\lab_logs\DC_Sysmon_ws.evtx,Classic,0,"{""EventData"":{""Data"":[{""@Name"":""RuleName"",""#text"":""T1053""},{""@Name"":""UtcTime"",""#text"":""2026-03-30 18:48:51.299""},{""@Name"":""ProcessGuid"",""#text"":""c9182e32-c31d-69ca-2100-000000000900""},{""@Name"":""ProcessId"",""#text"":""1696""},{""@Name"":""Image"",""#text"":""C:\\Windows\\system32\\svchost.exe""},{""@Name"":""TargetFilename"",""#text"":""C:\\Windows\\System32\\Tasks\\Microsoft\\Windows\\Windows Defender\\Windows Defender Scheduled Scan""},{""@Name"":""CreationUtcTime"",""#text"":""2026-03-30 16:38:26.071""},{""@Name"":""User"",""#text"":""NT AUTHORITY\\SYSTEM""}]}}"
397,397,2026-03-30 18:48:51.3381168,1,Info,Microsoft-Windows-Sysmon,Microsoft-Windows-Sysmon/Operational,2448,4460,DC01.corp.local,8,S-1-5-18,Process creation,NT AUTHORITY\SYSTEM,,"ProcessID: 3488, ProcessGUID: c9182e32-c593-69ca-0d01-000000000900",RuleName: -,"MD5=08DCF3821C3A4CB3BD7C8D70C854417A,SHA256=3B5B209292376581B6EFFA0037A37CD5F431C9626F079D385761454C039A9912,IMPHASH=89F7FEA336DD2A0A8925B65181B71EB1",ParentProcess: C:\ProgramData\Microsoft\Windows Defender\Platform\4.18.26020.6-0\MsMpEng.exe,"ParentProcessID: 2444, ParentProcessGUID: c9182e32-c326-69ca-4800-000000000900","ParentCommandLine: ""C:\ProgramData\Microsoft\Windows Defender\Platform\4.18.26020.6-0\MsMpEng.exe""","""C:\ProgramData\Microsoft\Windows Defender\Platform\4.18.26020.6-0\MpCmdRun.exe"" SignaturesUpdateService -ScheduleJob -UnmanagedUpdate",False,C:\Users\owunc\Desktop\lab_logs\DC_Sysmon_ws.evtx,Classic,0,"{""EventData"":{""Data"":[{""@Name"":""RuleName"",""#text"":""-""},{""@Name"":""UtcTime"",""#text"":""2026-03-30 18:48:51.336""},{""@Name"":""ProcessGuid"",""#text"":""c9182e32-c593-69ca-0d01-000000000900""},{""@Name"":""ProcessId"",""#text"":""3488""},{""@Name"":""Image"",""#text"":""C:\\ProgramData\\Microsoft\\Windows Defender\\Platform\\4.18.26020.6-0\\MpCmdRun.exe""},{""@Name"":""FileVersion"",""#text"":""4.18.26020.6 (cd0aebd7c18a68cd2e3af14a117b45b178d088f4)""},{""@Name"":""Description"",""#text"":""Microsoft Malware Protection Command Line Utility""},{""@Name"":""Product"",""#text"":""Microsoft® Windows® Operating System""},{""@Name"":""Company"",""#text"":""Microsoft Corporation""},{""@Name"":""OriginalFileName"",""#text"":""MpCmdRun.exe""},{""@Name"":""CommandLine"",""#text"":""\""C:\\ProgramData\\Microsoft\\Windows Defender\\Platform\\4.18.26020.6-0\\MpCmdRun.exe\"" SignaturesUpdateService -ScheduleJob -UnmanagedUpdate""},{""@Name"":""CurrentDirectory"",""#text"":""C:\\Windows\\system32\\""},{""@Name"":""User"",""#text"":""NT AUTHORITY\\SYSTEM""},{""@Name"":""LogonGuid"",""#text"":""c9182e32-c31a-69ca-e703-000000000000""},{""@Name"":""LogonId"",""#text"":""0x3E7""},{""@Name"":""TerminalSessionId"",""#text"":""0""},{""@Name"":""IntegrityLevel"",""#text"":""System""},{""@Name"":""Hashes"",""#text"":""MD5=08DCF3821C3A4CB3BD7C8D70C854417A,SHA256=3B5B209292376581B6EFFA0037A37CD5F431C9626F079D385761454C039A9912,IMPHASH=89F7FEA336DD2A0A8925B65181B71EB1""},{""@Name"":""ParentProcessGuid"",""#text"":""c9182e32-c326-69ca-4800-000000000900""},{""@Name"":""ParentProcessId"",""#text"":""2444""},{""@Name"":""ParentImage"",""#text"":""C:\\ProgramData\\Microsoft\\Windows Defender\\Platform\\4.18.26020.6-0\\MsMpEng.exe""},{""@Name"":""ParentCommandLine"",""#text"":""\""C:\\ProgramData\\Microsoft\\Windows Defender\\Platform\\4.18.26020.6-0\\MsMpEng.exe\""""},{""@Name"":""ParentUser"",""#text"":""NT AUTHORITY\\SYSTEM""}]}}"
398,398,2026-03-30 18:48:57.7838238,1,Info,Microsoft-Windows-Sysmon,Microsoft-Windows-Sysmon/Operational,2448,4460,DC01.corp.local,8,S-1-5-18,Process creation,NT AUTHORITY\SYSTEM,,"ProcessID: 4572, ProcessGUID: c9182e32-c599-69ca-1201-000000000900",RuleName: -,"MD5=640890263E7164DF6723B216D5631AF4,SHA256=DBB2C79538FB04D83CF1DA06F783A49C783B0703D54E01B8768C44183C2D1A5C,IMPHASH=1E2A517255CC6F3E337D117F7D9055FC",ParentProcess: C:\Windows\System32\svchost.exe,"ParentProcessID: 4932, ParentProcessGUID: c9182e32-c327-69ca-6000-000000000900",ParentCommandLine: C:\Windows\system32\svchost.exe -k netsvcs -p -s wuauserv,"""C:\Windows\system32\wuauclt.exe"" /DeploymentHandlerFullPath C:\Windows\SYSTEM32\UpdateDeploy.dll /ClassId 1f9fb371-121f-4a1e-a8a3-2a89f873f3fd /RunHandlerComServer",False,C:\Users\owunc\Desktop\lab_logs\DC_Sysmon_ws.evtx,Classic,0,"{""EventData"":{""Data"":[{""@Name"":""RuleName"",""#text"":""-""},{""@Name"":""UtcTime"",""#text"":""2026-03-30 18:48:57.781""},{""@Name"":""ProcessGuid"",""#text"":""c9182e32-c599-69ca-1201-000000000900""},{""@Name"":""ProcessId"",""#text"":""4572""},{""@Name"":""Image"",""#text"":""C:\\Windows\\System32\\wuauclt.exe""},{""@Name"":""FileVersion"",""#text"":""10.0.20348.502 (WinBuild.160101.0800)""},{""@Name"":""Description"",""#text"":""Windows Update""},{""@Name"":""Product"",""#text"":""Microsoft® Windows® Operating System""},{""@Name"":""Company"",""#text"":""Microsoft Corporation""},{""@Name"":""OriginalFileName"",""#text"":""wuauclt.exe""},{""@Name"":""CommandLine"",""#text"":""\""C:\\Windows\\system32\\wuauclt.exe\"" /DeploymentHandlerFullPath C:\\Windows\\SYSTEM32\\UpdateDeploy.dll /ClassId 1f9fb371-121f-4a1e-a8a3-2a89f873f3fd /RunHandlerComServer""},{""@Name"":""CurrentDirectory"",""#text"":""C:\\Windows\\system32\\""},{""@Name"":""User"",""#text"":""NT AUTHORITY\\SYSTEM""},{""@Name"":""LogonGuid"",""#text"":""c9182e32-c31a-69ca-e703-000000000000""},{""@Name"":""LogonId"",""#text"":""0x3E7""},{""@Name"":""TerminalSessionId"",""#text"":""0""},{""@Name"":""IntegrityLevel"",""#text"":""System""},{""@Name"":""Hashes"",""#text"":""MD5=640890263E7164DF6723B216D5631AF4,SHA256=DBB2C79538FB04D83CF1DA06F783A49C783B0703D54E01B8768C44183C2D1A5C,IMPHASH=1E2A517255CC6F3E337D117F7D9055FC""},{""@Name"":""ParentProcessGuid"",""#text"":""c9182e32-c327-69ca-6000-000000000900""},{""@Name"":""ParentProcessId"",""#text"":""4932""},{""@Name"":""ParentImage"",""#text"":""C:\\Windows\\System32\\svchost.exe""},{""@Name"":""ParentCommandLine"",""#text"":""C:\\Windows\\system32\\svchost.exe -k netsvcs -p -s wuauserv""},{""@Name"":""ParentUser"",""#text"":""NT AUTHORITY\\SYSTEM""}]}}"
399,399,2026-03-30 18:48:57.8004605,11,Info,Microsoft-Windows-Sysmon,Microsoft-Windows-Sysmon/Operational,2448,4460,DC01.corp.local,8,S-1-5-18,FileCreate,NT AUTHORITY\SYSTEM,,"ProcessID: 4932, ProcessGUID: c9182e32-c327-69ca-6000-000000000900",RuleName: EXE,Image: C:\Windows\system32\svchost.exe,TargetFilename: C:\Windows\SoftwareDistribution\Download\Install\AM_Delta_Patch_1.447.88.0.exe,,,,False,C:\Users\owunc\Desktop\lab_logs\DC_Sysmon_ws.evtx,Classic,0,"{""EventData"":{""Data"":[{""@Name"":""RuleName"",""#text"":""EXE""},{""@Name"":""UtcTime"",""#text"":""2026-03-30 18:48:57.799""},{""@Name"":""ProcessGuid"",""#text"":""c9182e32-c327-69ca-6000-000000000900""},{""@Name"":""ProcessId"",""#text"":""4932""},{""@Name"":""Image"",""#text"":""C:\\Windows\\system32\\svchost.exe""},{""@Name"":""TargetFilename"",""#text"":""C:\\Windows\\SoftwareDistribution\\Download\\Install\\AM_Delta_Patch_1.447.88.0.exe""},{""@Name"":""CreationUtcTime"",""#text"":""2026-03-30 18:48:57.799""},{""@Name"":""User"",""#text"":""NT AUTHORITY\\SYSTEM""}]}}"
400,400,2026-03-30 18:48:57.8211233,1,Info,Microsoft-Windows-Sysmon,Microsoft-Windows-Sysmon/Operational,2448,4460,DC01.corp.local,8,S-1-5-18,Process creation,NT AUTHORITY\SYSTEM,,"ProcessID: 3080, ProcessGUID: c9182e32-c599-69ca-1301-000000000900",RuleName: -,"MD5=D3F31A05CBB23E26C39B000C550D6870,SHA256=36BADD7744BC342536C286BF4A6522B65BB1ED12AA6877767C7988792321651D,IMPHASH=52CEE9C1BC4BDA1F4F98A36E5EF61615",ParentProcess: C:\Windows\System32\wuauclt.exe,"ParentProcessID: 4572, ParentProcessGUID: c9182e32-c599-69ca-1201-000000000900","ParentCommandLine: ""C:\Windows\system32\wuauclt.exe"" /DeploymentHandlerFullPath C:\Windows\SYSTEM32\UpdateDeploy.dll /ClassId 1f9fb371-121f-4a1e-a8a3-2a89f873f3fd /RunHandlerComServer","""C:\Windows\SoftwareDistribution\Download\Install\AM_Delta_Patch_1.447.88.0.exe"" WD /q",False,C:\Users\owunc\Desktop\lab_logs\DC_Sysmon_ws.evtx,Classic,0,"{""EventData"":{""Data"":[{""@Name"":""RuleName"",""#text"":""-""},{""@Name"":""UtcTime"",""#text"":""2026-03-30 18:48:57.818""},{""@Name"":""ProcessGuid"",""#text"":""c9182e32-c599-69ca-1301-000000000900""},{""@Name"":""ProcessId"",""#text"":""3080""},{""@Name"":""Image"",""#text"":""C:\\Windows\\SoftwareDistribution\\Download\\Install\\AM_Delta_Patch_1.447.88.0.exe""},{""@Name"":""FileVersion"",""#text"":""1.447.91.0""},{""@Name"":""Description"",""#text"":""Microsoft Antimalware WU Stub""},{""@Name"":""Product"",""#text"":""Microsoft Malware Protection""},{""@Name"":""Company"",""#text"":""Microsoft Corporation""},{""@Name"":""OriginalFileName"",""#text"":""AM_Delta_Patch_1.447.88.0.exe""},{""@Name"":""CommandLine"",""#text"":""\""C:\\Windows\\SoftwareDistribution\\Download\\Install\\AM_Delta_Patch_1.447.88.0.exe\"" WD /q""},{""@Name"":""CurrentDirectory"",""#text"":""C:\\Windows\\SoftwareDistribution\\Download\\Install\\""},{""@Name"":""User"",""#text"":""NT AUTHORITY\\SYSTEM""},{""@Name"":""LogonGuid"",""#text"":""c9182e32-c31a-69ca-e703-000000000000""},{""@Name"":""LogonId"",""#text"":""0x3E7""},{""@Name"":""TerminalSessionId"",""#text"":""0""},{""@Name"":""IntegrityLevel"",""#text"":""System""},{""@Name"":""Hashes"",""#text"":""MD5=D3F31A05CBB23E26C39B000C550D6870,SHA256=36BADD7744BC342536C286BF4A6522B65BB1ED12AA6877767C7988792321651D,IMPHASH=52CEE9C1BC4BDA1F4F98A36E5EF61615""},{""@Name"":""ParentProcessGuid"",""#text"":""c9182e32-c599-69ca-1201-000000000900""},{""@Name"":""ParentProcessId"",""#text"":""4572""},{""@Name"":""ParentImage"",""#text"":""C:\\Windows\\System32\\wuauclt.exe""},{""@Name"":""ParentCommandLine"",""#text"":""\""C:\\Windows\\system32\\wuauclt.exe\"" /DeploymentHandlerFullPath C:\\Windows\\SYSTEM32\\UpdateDeploy.dll /ClassId 1f9fb371-121f-4a1e-a8a3-2a89f873f3fd /RunHandlerComServer""},{""@Name"":""ParentUser"",""#text"":""NT AUTHORITY\\SYSTEM""}]}}"
401,401,2026-03-30 18:48:57.8378325,1,Info,Microsoft-Windows-Sysmon,Microsoft-Windows-Sysmon/Operational,2448,4460,DC01.corp.local,8,S-1-5-18,Process creation,NT AUTHORITY\SYSTEM,,"ProcessID: 3016, ProcessGUID: c9182e32-c599-69ca-1401-000000000900",RuleName: -,"MD5=71CF589293424C4389202C7F1752FB2D,SHA256=071B0D3A08503A8B88AEEDA1D20F371A563377028F6E252DC66CCE60AB8F823E,IMPHASH=73D10F665B566678AC1DDF9942FDAEA0",ParentProcess: C:\Windows\System32\wuauclt.exe,"ParentProcessID: 4572, ParentProcessGUID: c9182e32-c599-69ca-1201-000000000900","ParentCommandLine: ""C:\Windows\system32\wuauclt.exe"" /DeploymentHandlerFullPath C:\Windows\SYSTEM32\UpdateDeploy.dll /ClassId 1f9fb371-121f-4a1e-a8a3-2a89f873f3fd /RunHandlerComServer",C:\Windows\system32\MpSigStub.exe /stub 1.1.24010.2001 /payload 1.447.91.0 /MpWUStub /program C:\Windows\SoftwareDistribution\Download\Install\AM_Delta_Patch_1.447.88.0.exe WD /q,False,C:\Users\owunc\Desktop\lab_logs\DC_Sysmon_ws.evtx,Classic,0,"{""EventData"":{""Data"":[{""@Name"":""RuleName"",""#text"":""-""},{""@Name"":""UtcTime"",""#text"":""2026-03-30 18:48:57.832""},{""@Name"":""ProcessGuid"",""#text"":""c9182e32-c599-69ca-1401-000000000900""},{""@Name"":""ProcessId"",""#text"":""3016""},{""@Name"":""Image"",""#text"":""C:\\Windows\\System32\\MpSigStub.exe""},{""@Name"":""FileVersion"",""#text"":""1.1.24010.2001 (7122f19e8a45ed98fbe41ea0bdadf251e45717f9)""},{""@Name"":""Description"",""#text"":""Microsoft Malware Protection Signature Update Stub""},{""@Name"":""Product"",""#text"":""Microsoft Malware Protection""},{""@Name"":""Company"",""#text"":""Microsoft Corporation""},{""@Name"":""OriginalFileName"",""#text"":""MpSigStub.exe""},{""@Name"":""CommandLine"",""#text"":""C:\\Windows\\system32\\MpSigStub.exe /stub 1.1.24010.2001 /payload 1.447.91.0 /MpWUStub /program C:\\Windows\\SoftwareDistribution\\Download\\Install\\AM_Delta_Patch_1.447.88.0.exe WD /q""},{""@Name"":""CurrentDirectory"",""#text"":""C:\\Windows\\system32\\""},{""@Name"":""User"",""#text"":""NT AUTHORITY\\SYSTEM""},{""@Name"":""LogonGuid"",""#text"":""c9182e32-c31a-69ca-e703-000000000000""},{""@Name"":""LogonId"",""#text"":""0x3E7""},{""@Name"":""TerminalSessionId"",""#text"":""0""},{""@Name"":""IntegrityLevel"",""#text"":""System""},{""@Name"":""Hashes"",""#text"":""MD5=71CF589293424C4389202C7F1752FB2D,SHA256=071B0D3A08503A8B88AEEDA1D20F371A563377028F6E252DC66CCE60AB8F823E,IMPHASH=73D10F665B566678AC1DDF9942FDAEA0""},{""@Name"":""ParentProcessGuid"",""#text"":""c9182e32-c599-69ca-1201-000000000900""},{""@Name"":""ParentProcessId"",""#text"":""4572""},{""@Name"":""ParentImage"",""#text"":""C:\\Windows\\System32\\wuauclt.exe""},{""@Name"":""ParentCommandLine"",""#text"":""\""C:\\Windows\\system32\\wuauclt.exe\"" /DeploymentHandlerFullPath C:\\Windows\\SYSTEM32\\UpdateDeploy.dll /ClassId 1f9fb371-121f-4a1e-a8a3-2a89f873f3fd /RunHandlerComServer""},{""@Name"":""ParentUser"",""#text"":""NT AUTHORITY\\SYSTEM""}]}}"
402,402,2026-03-30 18:48:58.5687517,11,Info,Microsoft-Windows-Sysmon,Microsoft-Windows-Sysmon/Operational,2448,4460,DC01.corp.local,8,S-1-5-18,FileCreate,NT AUTHORITY\SYSTEM,,"ProcessID: 2444, ProcessGUID: c9182e32-c326-69ca-4800-000000000900",RuleName: DLL,Image: C:\ProgramData\Microsoft\Windows Defender\Platform\4.18.26020.6-0\MsMpEng.exe,TargetFilename: C:\ProgramData\Microsoft\Windows Defender\Definition Updates\{55DBEB1D-7578-40B9-B302-46C08C5BC64F}\mpengine.dll,,,,False,C:\Users\owunc\Desktop\lab_logs\DC_Sysmon_ws.evtx,Classic,0,"{""EventData"":{""Data"":[{""@Name"":""RuleName"",""#text"":""DLL""},{""@Name"":""UtcTime"",""#text"":""2026-03-30 18:48:58.565""},{""@Name"":""ProcessGuid"",""#text"":""c9182e32-c326-69ca-4800-000000000900""},{""@Name"":""ProcessId"",""#text"":""2444""},{""@Name"":""Image"",""#text"":""C:\\ProgramData\\Microsoft\\Windows Defender\\Platform\\4.18.26020.6-0\\MsMpEng.exe""},{""@Name"":""TargetFilename"",""#text"":""C:\\ProgramData\\Microsoft\\Windows Defender\\Definition Updates\\{55DBEB1D-7578-40B9-B302-46C08C5BC64F}\\mpengine.dll""},{""@Name"":""CreationUtcTime"",""#text"":""2026-03-30 18:48:58.565""},{""@Name"":""User"",""#text"":""NT AUTHORITY\\SYSTEM""}]}}"
403,403,2026-03-30 18:53:20.1024534,1,Info,Microsoft-Windows-Sysmon,Microsoft-Windows-Sysmon/Operational,2448,4460,DC01.corp.local,8,S-1-5-18,Process creation,NT AUTHORITY\SYSTEM,,"ProcessID: 1224, ProcessGUID: c9182e32-c6a0-69ca-1501-000000000900",RuleName: -,"MD5=352C33641CBBD193AF127D306CB960C8,SHA256=F56701783D22D0E17E126D09ACA62B1969259D4B7B00DEDD9A0001C6D1ABEAD2,IMPHASH=CD3B2D99C6655A5D4A14E30E380F5BF9",ParentProcess: C:\Windows\System32\svchost.exe,"ParentProcessID: 1696, ParentProcessGUID: c9182e32-c31d-69ca-2100-000000000900",ParentCommandLine: C:\Windows\system32\svchost.exe -k netsvcs -p -s Schedule,"""C:\Program Files (x86)\Microsoft\EdgeUpdate\MicrosoftEdgeUpdate.exe"" /ua /installsource scheduler",False,C:\Users\owunc\Desktop\lab_logs\DC_Sysmon_ws.evtx,Classic,0,"{""EventData"":{""Data"":[{""@Name"":""RuleName"",""#text"":""-""},{""@Name"":""UtcTime"",""#text"":""2026-03-30 18:53:20.098""},{""@Name"":""ProcessGuid"",""#text"":""c9182e32-c6a0-69ca-1501-000000000900""},{""@Name"":""ProcessId"",""#text"":""1224""},{""@Name"":""Image"",""#text"":""C:\\Program Files (x86)\\Microsoft\\EdgeUpdate\\MicrosoftEdgeUpdate.exe""},{""@Name"":""FileVersion"",""#text"":""1.3.225.7""},{""@Name"":""Description"",""#text"":""Microsoft Edge Update""},{""@Name"":""Product"",""#text"":""Microsoft Edge Update""},{""@Name"":""Company"",""#text"":""Microsoft Corporation""},{""@Name"":""OriginalFileName"",""#text"":""MicrosoftEdgeUpdate.exe""},{""@Name"":""CommandLine"",""#text"":""\""C:\\Program Files (x86)\\Microsoft\\EdgeUpdate\\MicrosoftEdgeUpdate.exe\"" /ua /installsource scheduler""},{""@Name"":""CurrentDirectory"",""#text"":""C:\\Windows\\system32\\""},{""@Name"":""User"",""#text"":""NT AUTHORITY\\SYSTEM""},{""@Name"":""LogonGuid"",""#text"":""c9182e32-c31a-69ca-e703-000000000000""},{""@Name"":""LogonId"",""#text"":""0x3E7""},{""@Name"":""TerminalSessionId"",""#text"":""0""},{""@Name"":""IntegrityLevel"",""#text"":""System""},{""@Name"":""Hashes"",""#text"":""MD5=352C33641CBBD193AF127D306CB960C8,SHA256=F56701783D22D0E17E126D09ACA62B1969259D4B7B00DEDD9A0001C6D1ABEAD2,IMPHASH=CD3B2D99C6655A5D4A14E30E380F5BF9""},{""@Name"":""ParentProcessGuid"",""#text"":""c9182e32-c31d-69ca-2100-000000000900""},{""@Name"":""ParentProcessId"",""#text"":""1696""},{""@Name"":""ParentImage"",""#text"":""C:\\Windows\\System32\\svchost.exe""},{""@Name"":""ParentCommandLine"",""#text"":""C:\\Windows\\system32\\svchost.exe -k netsvcs -p -s Schedule""},{""@Name"":""ParentUser"",""#text"":""NT AUTHORITY\\SYSTEM""}]}}"
404,404,2026-03-30 18:53:20.4586767,1,Info,Microsoft-Windows-Sysmon,Microsoft-Windows-Sysmon/Operational,2448,4460,DC01.corp.local,8,S-1-5-18,Process creation,NT AUTHORITY\SYSTEM,,"ProcessID: 3120, ProcessGUID: c9182e32-c6a0-69ca-1601-000000000900",RuleName: -,"MD5=352C33641CBBD193AF127D306CB960C8,SHA256=F56701783D22D0E17E126D09ACA62B1969259D4B7B00DEDD9A0001C6D1ABEAD2,IMPHASH=CD3B2D99C6655A5D4A14E30E380F5BF9",ParentProcess: C:\Windows\System32\svchost.exe,"ParentProcessID: 1696, ParentProcessGUID: c9182e32-c31d-69ca-2100-000000000900",ParentCommandLine: C:\Windows\system32\svchost.exe -k netsvcs -p -s Schedule,"""C:\Program Files (x86)\Microsoft\EdgeUpdate\MicrosoftEdgeUpdate.exe"" /ua /installsource scheduler",False,C:\Users\owunc\Desktop\lab_logs\DC_Sysmon_ws.evtx,Classic,0,"{""EventData"":{""Data"":[{""@Name"":""RuleName"",""#text"":""-""},{""@Name"":""UtcTime"",""#text"":""2026-03-30 18:53:20.457""},{""@Name"":""ProcessGuid"",""#text"":""c9182e32-c6a0-69ca-1601-000000000900""},{""@Name"":""ProcessId"",""#text"":""3120""},{""@Name"":""Image"",""#text"":""C:\\Program Files (x86)\\Microsoft\\EdgeUpdate\\MicrosoftEdgeUpdate.exe""},{""@Name"":""FileVersion"",""#text"":""1.3.225.7""},{""@Name"":""Description"",""#text"":""Microsoft Edge Update""},{""@Name"":""Product"",""#text"":""Microsoft Edge Update""},{""@Name"":""Company"",""#text"":""Microsoft Corporation""},{""@Name"":""OriginalFileName"",""#text"":""MicrosoftEdgeUpdate.exe""},{""@Name"":""CommandLine"",""#text"":""\""C:\\Program Files (x86)\\Microsoft\\EdgeUpdate\\MicrosoftEdgeUpdate.exe\"" /ua /installsource scheduler""},{""@Name"":""CurrentDirectory"",""#text"":""C:\\Windows\\system32\\""},{""@Name"":""User"",""#text"":""NT AUTHORITY\\SYSTEM""},{""@Name"":""LogonGuid"",""#text"":""c9182e32-c31a-69ca-e703-000000000000""},{""@Name"":""LogonId"",""#text"":""0x3E7""},{""@Name"":""TerminalSessionId"",""#text"":""0""},{""@Name"":""IntegrityLevel"",""#text"":""System""},{""@Name"":""Hashes"",""#text"":""MD5=352C33641CBBD193AF127D306CB960C8,SHA256=F56701783D22D0E17E126D09ACA62B1969259D4B7B00DEDD9A0001C6D1ABEAD2,IMPHASH=CD3B2D99C6655A5D4A14E30E380F5BF9""},{""@Name"":""ParentProcessGuid"",""#text"":""c9182e32-c31d-69ca-2100-000000000900""},{""@Name"":""ParentProcessId"",""#text"":""1696""},{""@Name"":""ParentImage"",""#text"":""C:\\Windows\\System32\\svchost.exe""},{""@Name"":""ParentCommandLine"",""#text"":""C:\\Windows\\system32\\svchost.exe -k netsvcs -p -s Schedule""},{""@Name"":""ParentUser"",""#text"":""NT AUTHORITY\\SYSTEM""}]}}"
405,405,2026-03-30 18:53:32.1124605,22,Info,Microsoft-Windows-Sysmon,Microsoft-Windows-Sysmon/Operational,2448,4476,DC01.corp.local,8,S-1-5-18,DNSEvent (DNS query),NT AUTHORITY\SYSTEM,,"ProcessID: 736, ProcessGUID: c9182e32-c31a-69ca-0c00-000000000900",RuleName: -,Image: C:\Windows\System32\lsass.exe,QueryName: DC01.corp.local,QueryStatus: 0,QueryResults: fe80::edbf:7020:ccdd:502e;,,False,C:\Users\owunc\Desktop\lab_logs\DC_Sysmon_ws.evtx,Classic,0,"{""EventData"":{""Data"":[{""@Name"":""RuleName"",""#text"":""-""},{""@Name"":""UtcTime"",""#text"":""2026-03-30 18:53:30.054""},{""@Name"":""ProcessGuid"",""#text"":""c9182e32-c31a-69ca-0c00-000000000900""},{""@Name"":""ProcessId"",""#text"":""736""},{""@Name"":""QueryName"",""#text"":""DC01.corp.local""},{""@Name"":""QueryStatus"",""#text"":""0""},{""@Name"":""QueryResults"",""#text"":""fe80::edbf:7020:ccdd:502e;""},{""@Name"":""Image"",""#text"":""C:\\Windows\\System32\\lsass.exe""},{""@Name"":""User"",""#text"":""NT AUTHORITY\\SYSTEM""}]}}"
406,406,2026-03-30 18:53:32.1124715,22,Info,Microsoft-Windows-Sysmon,Microsoft-Windows-Sysmon/Operational,2448,4476,DC01.corp.local,8,S-1-5-18,DNSEvent (DNS query),NT AUTHORITY\SYSTEM,,"ProcessID: 736, ProcessGUID: c9182e32-c31a-69ca-0c00-000000000900",RuleName: -,Image: C:\Windows\System32\lsass.exe,QueryName: DC01.corp.local,QueryStatus: 0,QueryResults: 192.168.93.50;,,False,C:\Users\owunc\Desktop\lab_logs\DC_Sysmon_ws.evtx,Classic,0,"{""EventData"":{""Data"":[{""@Name"":""RuleName"",""#text"":""-""},{""@Name"":""UtcTime"",""#text"":""2026-03-30 18:53:30.054""},{""@Name"":""ProcessGuid"",""#text"":""c9182e32-c31a-69ca-0c00-000000000900""},{""@Name"":""ProcessId"",""#text"":""736""},{""@Name"":""QueryName"",""#text"":""DC01.corp.local""},{""@Name"":""QueryStatus"",""#text"":""0""},{""@Name"":""QueryResults"",""#text"":""192.168.93.50;""},{""@Name"":""Image"",""#text"":""C:\\Windows\\System32\\lsass.exe""},{""@Name"":""User"",""#text"":""NT AUTHORITY\\SYSTEM""}]}}"
407,407,2026-03-30 19:00:01.4607933,1,Info,Microsoft-Windows-Sysmon,Microsoft-Windows-Sysmon/Operational,2448,4460,DC01.corp.local,8,S-1-5-18,Process creation,NT AUTHORITY\SYSTEM,,"ProcessID: 568, ProcessGUID: c9182e32-c831-69ca-1701-000000000900",RuleName: -,"MD5=0D229F8045FB12B584143AC82CBD1DCD,SHA256=A68CA9DB82F71785B2458440AE90D7CB9D1FB932F482EDE86691671CDCFBE68F,IMPHASH=8F0D67EAF07F5EB1A3898EA190ECFD57",ParentProcess: C:\Windows\System32\svchost.exe,"ParentProcessID: 1696, ParentProcessGUID: c9182e32-c31d-69ca-2100-000000000900",ParentCommandLine: C:\Windows\system32\svchost.exe -k netsvcs -p -s Schedule,C:\Windows\System32\wsqmcons.exe,False,C:\Users\owunc\Desktop\lab_logs\DC_Sysmon_ws.evtx,Classic,0,"{""EventData"":{""Data"":[{""@Name"":""RuleName"",""#text"":""-""},{""@Name"":""UtcTime"",""#text"":""2026-03-30 19:00:01.458""},{""@Name"":""ProcessGuid"",""#text"":""c9182e32-c831-69ca-1701-000000000900""},{""@Name"":""ProcessId"",""#text"":""568""},{""@Name"":""Image"",""#text"":""C:\\Windows\\System32\\wsqmcons.exe""},{""@Name"":""FileVersion"",""#text"":""10.0.20348.380 (WinBuild.160101.0800)""},{""@Name"":""Description"",""#text"":""Windows SQM Consolidator""},{""@Name"":""Product"",""#text"":""Microsoft® Windows® Operating System""},{""@Name"":""Company"",""#text"":""Microsoft Corporation""},{""@Name"":""OriginalFileName"",""#text"":""wsqmcons.exe""},{""@Name"":""CommandLine"",""#text"":""C:\\Windows\\System32\\wsqmcons.exe""},{""@Name"":""CurrentDirectory"",""#text"":""C:\\Windows\\system32\\""},{""@Name"":""User"",""#text"":""NT AUTHORITY\\SYSTEM""},{""@Name"":""LogonGuid"",""#text"":""c9182e32-c31a-69ca-e703-000000000000""},{""@Name"":""LogonId"",""#text"":""0x3E7""},{""@Name"":""TerminalSessionId"",""#text"":""0""},{""@Name"":""IntegrityLevel"",""#text"":""System""},{""@Name"":""Hashes"",""#text"":""MD5=0D229F8045FB12B584143AC82CBD1DCD,SHA256=A68CA9DB82F71785B2458440AE90D7CB9D1FB932F482EDE86691671CDCFBE68F,IMPHASH=8F0D67EAF07F5EB1A3898EA190ECFD57""},{""@Name"":""ParentProcessGuid"",""#text"":""c9182e32-c31d-69ca-2100-000000000900""},{""@Name"":""ParentProcessId"",""#text"":""1696""},{""@Name"":""ParentImage"",""#text"":""C:\\Windows\\System32\\svchost.exe""},{""@Name"":""ParentCommandLine"",""#text"":""C:\\Windows\\system32\\svchost.exe -k netsvcs -p -s Schedule""},{""@Name"":""ParentUser"",""#text"":""NT AUTHORITY\\SYSTEM""}]}}"
408,408,2026-03-30 19:18:49.3407801,1,Info,Microsoft-Windows-Sysmon,Microsoft-Windows-Sysmon/Operational,2448,4460,DC01.corp.local,8,S-1-5-18,Process creation,NT AUTHORITY\SYSTEM,,"ProcessID: 4144, ProcessGUID: c9182e32-cc99-69ca-1901-000000000900",RuleName: -,"MD5=F5B2D37BED0D2B15957736C23B9F547F,SHA256=0BB68E54629555FB9F70FB8D7B95FE1A5F987EEEEF57DE0A2671EEB14063CED1,IMPHASH=5C68DE198B5D2DD5C1129782AD19676C",ParentProcess: C:\Windows\System32\svchost.exe,"ParentProcessID: 1696, ParentProcessGUID: c9182e32-c31d-69ca-2100-000000000900",ParentCommandLine: C:\Windows\system32\svchost.exe -k netsvcs -p -s Schedule,"C:\Windows\system32\rundll32.exe /d acproxy.dll,PerformAutochkOperations",False,C:\Users\owunc\Desktop\lab_logs\DC_Sysmon_ws.evtx,Classic,0,"{""EventData"":{""Data"":[{""@Name"":""RuleName"",""#text"":""-""},{""@Name"":""UtcTime"",""#text"":""2026-03-30 19:18:49.334""},{""@Name"":""ProcessGuid"",""#text"":""c9182e32-cc99-69ca-1901-000000000900""},{""@Name"":""ProcessId"",""#text"":""4144""},{""@Name"":""Image"",""#text"":""C:\\Windows\\System32\\rundll32.exe""},{""@Name"":""FileVersion"",""#text"":""10.0.20348.1 (WinBuild.160101.0800)""},{""@Name"":""Description"",""#text"":""Windows host process (Rundll32)""},{""@Name"":""Product"",""#text"":""Microsoft® Windows® Operating System""},{""@Name"":""Company"",""#text"":""Microsoft Corporation""},{""@Name"":""OriginalFileName"",""#text"":""RUNDLL32.EXE""},{""@Name"":""CommandLine"",""#text"":""C:\\Windows\\system32\\rundll32.exe /d acproxy.dll,PerformAutochkOperations""},{""@Name"":""CurrentDirectory"",""#text"":""C:\\Windows\\system32\\""},{""@Name"":""User"",""#text"":""NT AUTHORITY\\SYSTEM""},{""@Name"":""LogonGuid"",""#text"":""c9182e32-c31a-69ca-e703-000000000000""},{""@Name"":""LogonId"",""#text"":""0x3E7""},{""@Name"":""TerminalSessionId"",""#text"":""0""},{""@Name"":""IntegrityLevel"",""#text"":""System""},{""@Name"":""Hashes"",""#text"":""MD5=F5B2D37BED0D2B15957736C23B9F547F,SHA256=0BB68E54629555FB9F70FB8D7B95FE1A5F987EEEEF57DE0A2671EEB14063CED1,IMPHASH=5C68DE198B5D2DD5C1129782AD19676C""},{""@Name"":""ParentProcessGuid"",""#text"":""c9182e32-c31d-69ca-2100-000000000900""},{""@Name"":""ParentProcessId"",""#text"":""1696""},{""@Name"":""ParentImage"",""#text"":""C:\\Windows\\System32\\svchost.exe""},{""@Name"":""ParentCommandLine"",""#text"":""C:\\Windows\\system32\\svchost.exe -k netsvcs -p -s Schedule""},{""@Name"":""ParentUser"",""#text"":""NT AUTHORITY\\SYSTEM""}]}}"
409,409,2026-03-30 19:23:20.4446024,1,Info,Microsoft-Windows-Sysmon,Microsoft-Windows-Sysmon/Operational,2448,4460,DC01.corp.local,8,S-1-5-18,Process creation,NT AUTHORITY\SYSTEM,,"ProcessID: 1956, ProcessGUID: c9182e32-cda8-69ca-1a01-000000000900",RuleName: -,"MD5=352C33641CBBD193AF127D306CB960C8,SHA256=F56701783D22D0E17E126D09ACA62B1969259D4B7B00DEDD9A0001C6D1ABEAD2,IMPHASH=CD3B2D99C6655A5D4A14E30E380F5BF9",ParentProcess: C:\Windows\System32\svchost.exe,"ParentProcessID: 1696, ParentProcessGUID: c9182e32-c31d-69ca-2100-000000000900",ParentCommandLine: C:\Windows\system32\svchost.exe -k netsvcs -p -s Schedule,"""C:\Program Files (x86)\Microsoft\EdgeUpdate\MicrosoftEdgeUpdate.exe"" /c",False,C:\Users\owunc\Desktop\lab_logs\DC_Sysmon_ws.evtx,Classic,0,"{""EventData"":{""Data"":[{""@Name"":""RuleName"",""#text"":""-""},{""@Name"":""UtcTime"",""#text"":""2026-03-30 19:23:20.442""},{""@Name"":""ProcessGuid"",""#text"":""c9182e32-cda8-69ca-1a01-000000000900""},{""@Name"":""ProcessId"",""#text"":""1956""},{""@Name"":""Image"",""#text"":""C:\\Program Files (x86)\\Microsoft\\EdgeUpdate\\MicrosoftEdgeUpdate.exe""},{""@Name"":""FileVersion"",""#text"":""1.3.225.7""},{""@Name"":""Description"",""#text"":""Microsoft Edge Update""},{""@Name"":""Product"",""#text"":""Microsoft Edge Update""},{""@Name"":""Company"",""#text"":""Microsoft Corporation""},{""@Name"":""OriginalFileName"",""#text"":""MicrosoftEdgeUpdate.exe""},{""@Name"":""CommandLine"",""#text"":""\""C:\\Program Files (x86)\\Microsoft\\EdgeUpdate\\MicrosoftEdgeUpdate.exe\"" /c""},{""@Name"":""CurrentDirectory"",""#text"":""C:\\Windows\\system32\\""},{""@Name"":""User"",""#text"":""NT AUTHORITY\\SYSTEM""},{""@Name"":""LogonGuid"",""#text"":""c9182e32-c31a-69ca-e703-000000000000""},{""@Name"":""LogonId"",""#text"":""0x3E7""},{""@Name"":""TerminalSessionId"",""#text"":""0""},{""@Name"":""IntegrityLevel"",""#text"":""System""},{""@Name"":""Hashes"",""#text"":""MD5=352C33641CBBD193AF127D306CB960C8,SHA256=F56701783D22D0E17E126D09ACA62B1969259D4B7B00DEDD9A0001C6D1ABEAD2,IMPHASH=CD3B2D99C6655A5D4A14E30E380F5BF9""},{""@Name"":""ParentProcessGuid"",""#text"":""c9182e32-c31d-69ca-2100-000000000900""},{""@Name"":""ParentProcessId"",""#text"":""1696""},{""@Name"":""ParentImage"",""#text"":""C:\\Windows\\System32\\svchost.exe""},{""@Name"":""ParentCommandLine"",""#text"":""C:\\Windows\\system32\\svchost.exe -k netsvcs -p -s Schedule""},{""@Name"":""ParentUser"",""#text"":""NT AUTHORITY\\SYSTEM""}]}}"
410,410,2026-03-30 19:24:43.8511117,1,Info,Microsoft-Windows-Sysmon,Microsoft-Windows-Sysmon/Operational,2448,4460,DC01.corp.local,8,S-1-5-18,Process creation,NT AUTHORITY\SYSTEM,,"ProcessID: 1280, ProcessGUID: c9182e32-cdfb-69ca-1b01-000000000900",RuleName: -,"MD5=A01716583968F60BD83C4830C3B3FCDA,SHA256=F4E3B06DFF2B91150FBE3E06329CAF45674DC505495FC96F32BEBF6FAE08DF6E,IMPHASH=7D3978CBEEDF0AC8C9F49FED049B426E",ParentProcess: C:\Windows\System32\svchost.exe,"ParentProcessID: 948, ParentProcessGUID: c9182e32-c31b-69ca-0d00-000000000900",ParentCommandLine: C:\Windows\system32\svchost.exe -k DcomLaunch -p,C:\Windows\System32\mousocoreworker.exe -Embedding,False,C:\Users\owunc\Desktop\lab_logs\DC_Sysmon_ws.evtx,Classic,0,"{""EventData"":{""Data"":[{""@Name"":""RuleName"",""#text"":""-""},{""@Name"":""UtcTime"",""#text"":""2026-03-30 19:24:43.849""},{""@Name"":""ProcessGuid"",""#text"":""c9182e32-cdfb-69ca-1b01-000000000900""},{""@Name"":""ProcessId"",""#text"":""1280""},{""@Name"":""Image"",""#text"":""C:\\Windows\\System32\\MoUsoCoreWorker.exe""},{""@Name"":""FileVersion"",""#text"":""10.0.20348.380 (WinBuild.160101.0800)""},{""@Name"":""Description"",""#text"":""MoUSO Core Worker Process""},{""@Name"":""Product"",""#text"":""Microsoft® Windows® Operating System""},{""@Name"":""Company"",""#text"":""Microsoft Corporation""},{""@Name"":""OriginalFileName"",""#text"":""MoUSOCoreWorker.exe""},{""@Name"":""CommandLine"",""#text"":""C:\\Windows\\System32\\mousocoreworker.exe -Embedding""},{""@Name"":""CurrentDirectory"",""#text"":""C:\\Windows\\system32\\""},{""@Name"":""User"",""#text"":""NT AUTHORITY\\SYSTEM""},{""@Name"":""LogonGuid"",""#text"":""c9182e32-c31a-69ca-e703-000000000000""},{""@Name"":""LogonId"",""#text"":""0x3E7""},{""@Name"":""TerminalSessionId"",""#text"":""0""},{""@Name"":""IntegrityLevel"",""#text"":""System""},{""@Name"":""Hashes"",""#text"":""MD5=A01716583968F60BD83C4830C3B3FCDA,SHA256=F4E3B06DFF2B91150FBE3E06329CAF45674DC505495FC96F32BEBF6FAE08DF6E,IMPHASH=7D3978CBEEDF0AC8C9F49FED049B426E""},{""@Name"":""ParentProcessGuid"",""#text"":""c9182e32-c31b-69ca-0d00-000000000900""},{""@Name"":""ParentProcessId"",""#text"":""948""},{""@Name"":""ParentImage"",""#text"":""C:\\Windows\\System32\\svchost.exe""},{""@Name"":""ParentCommandLine"",""#text"":""C:\\Windows\\system32\\svchost.exe -k DcomLaunch -p""},{""@Name"":""ParentUser"",""#text"":""NT AUTHORITY\\SYSTEM""}]}}"
411,411,2026-03-30 19:30:16.6045232,1,Info,Microsoft-Windows-Sysmon,Microsoft-Windows-Sysmon/Operational,2448,4460,DC01.corp.local,8,S-1-5-18,Process creation,NT AUTHORITY\SYSTEM,,"ProcessID: 2680, ProcessGUID: c9182e32-cf48-69ca-1d01-000000000900",RuleName: -,"MD5=F4C8C7DEF69C3FCAF375DB9A7710FD35,SHA256=BAA6A7EF33E7C221C92DA777158307D1B1CE72BF6ADACA1A1A9CBE3236202602,IMPHASH=0CD20E0C34FEEEED5ABF4A932E36871C",ParentProcess: C:\Windows\System32\svchost.exe,"ParentProcessID: 1696, ParentProcessGUID: c9182e32-c31d-69ca-2100-000000000900",ParentCommandLine: C:\Windows\system32\svchost.exe -k netsvcs -p -s Schedule,C:\Windows\System32\dsregcmd.exe $(Arg0) $(Arg1) $(Arg2),False,C:\Users\owunc\Desktop\lab_logs\DC_Sysmon_ws.evtx,Classic,0,"{""EventData"":{""Data"":[{""@Name"":""RuleName"",""#text"":""-""},{""@Name"":""UtcTime"",""#text"":""2026-03-30 19:30:16.598""},{""@Name"":""ProcessGuid"",""#text"":""c9182e32-cf48-69ca-1d01-000000000900""},{""@Name"":""ProcessId"",""#text"":""2680""},{""@Name"":""Image"",""#text"":""C:\\Windows\\System32\\dsregcmd.exe""},{""@Name"":""FileVersion"",""#text"":""10.0.20348.261 (WinBuild.160101.0800)""},{""@Name"":""Description"",""#text"":""DSREG commandline tool""},{""@Name"":""Product"",""#text"":""Microsoft® Windows® Operating System""},{""@Name"":""Company"",""#text"":""Microsoft Corporation""},{""@Name"":""OriginalFileName"",""#text"":""dsregcmd.exe""},{""@Name"":""CommandLine"",""#text"":""C:\\Windows\\System32\\dsregcmd.exe $(Arg0) $(Arg1) $(Arg2)""},{""@Name"":""CurrentDirectory"",""#text"":""C:\\Windows\\system32\\""},{""@Name"":""User"",""#text"":""NT AUTHORITY\\SYSTEM""},{""@Name"":""LogonGuid"",""#text"":""c9182e32-c31a-69ca-e703-000000000000""},{""@Name"":""LogonId"",""#text"":""0x3E7""},{""@Name"":""TerminalSessionId"",""#text"":""0""},{""@Name"":""IntegrityLevel"",""#text"":""System""},{""@Name"":""Hashes"",""#text"":""MD5=F4C8C7DEF69C3FCAF375DB9A7710FD35,SHA256=BAA6A7EF33E7C221C92DA777158307D1B1CE72BF6ADACA1A1A9CBE3236202602,IMPHASH=0CD20E0C34FEEEED5ABF4A932E36871C""},{""@Name"":""ParentProcessGuid"",""#text"":""c9182e32-c31d-69ca-2100-000000000900""},{""@Name"":""ParentProcessId"",""#text"":""1696""},{""@Name"":""ParentImage"",""#text"":""C:\\Windows\\System32\\svchost.exe""},{""@Name"":""ParentCommandLine"",""#text"":""C:\\Windows\\system32\\svchost.exe -k netsvcs -p -s Schedule""},{""@Name"":""ParentUser"",""#text"":""NT AUTHORITY\\SYSTEM""}]}}"
412,412,2026-03-30 19:30:18.7534831,22,Info,Microsoft-Windows-Sysmon,Microsoft-Windows-Sysmon/Operational,2448,4476,DC01.corp.local,8,S-1-5-18,DNSEvent (DNS query),NT AUTHORITY\SYSTEM,,"ProcessID: 2680, ProcessGUID: c9182e32-cf48-69ca-1d01-000000000900",RuleName: -,Image: C:\Windows\System32\dsregcmd.exe,QueryName: DC01.corp.local,QueryStatus: 0,QueryResults: fe80::edbf:7020:ccdd:502e;::ffff:192.168.93.50;,,False,C:\Users\owunc\Desktop\lab_logs\DC_Sysmon_ws.evtx,Classic,0,"{""EventData"":{""Data"":[{""@Name"":""RuleName"",""#text"":""-""},{""@Name"":""UtcTime"",""#text"":""2026-03-30 19:30:16.642""},{""@Name"":""ProcessGuid"",""#text"":""c9182e32-cf48-69ca-1d01-000000000900""},{""@Name"":""ProcessId"",""#text"":""2680""},{""@Name"":""QueryName"",""#text"":""DC01.corp.local""},{""@Name"":""QueryStatus"",""#text"":""0""},{""@Name"":""QueryResults"",""#text"":""fe80::edbf:7020:ccdd:502e;::ffff:192.168.93.50;""},{""@Name"":""Image"",""#text"":""C:\\Windows\\System32\\dsregcmd.exe""},{""@Name"":""User"",""#text"":""NT AUTHORITY\\SYSTEM""}]}}"
413,413,2026-03-30 19:38:03.1438233,1,Info,Microsoft-Windows-Sysmon,Microsoft-Windows-Sysmon/Operational,2448,4460,DC01.corp.local,8,S-1-5-18,Process creation,NT AUTHORITY\SYSTEM,,"ProcessID: 1296, ProcessGUID: c9182e32-d11b-69ca-1f01-000000000900",RuleName: -,"MD5=DC32ABA4669EAFB22FCACD5EC836A107,SHA256=31780FF2AAF7BC71F755BA0E4FEF1D61B060D1D2741EAFB33CBAB44D889595A0,IMPHASH=D8C4E4978657CEA220B495778C972E64",ParentProcess: C:\Windows\System32\services.exe,"ParentProcessID: 716, ParentProcessGUID: c9182e32-c31a-69ca-0b00-000000000900",ParentCommandLine: C:\Windows\system32\services.exe,C:\Windows\System32\svchost.exe -k CameraMonitor,False,C:\Users\owunc\Desktop\lab_logs\DC_Sysmon_ws.evtx,Classic,0,"{""EventData"":{""Data"":[{""@Name"":""RuleName"",""#text"":""-""},{""@Name"":""UtcTime"",""#text"":""2026-03-30 19:38:03.142""},{""@Name"":""ProcessGuid"",""#text"":""c9182e32-d11b-69ca-1f01-000000000900""},{""@Name"":""ProcessId"",""#text"":""1296""},{""@Name"":""Image"",""#text"":""C:\\Windows\\System32\\svchost.exe""},{""@Name"":""FileVersion"",""#text"":""10.0.20348.558 (WinBuild.160101.0800)""},{""@Name"":""Description"",""#text"":""Host Process for Windows Services""},{""@Name"":""Product"",""#text"":""Microsoft® Windows® Operating System""},{""@Name"":""Company"",""#text"":""Microsoft Corporation""},{""@Name"":""OriginalFileName"",""#text"":""svchost.exe""},{""@Name"":""CommandLine"",""#text"":""C:\\Windows\\System32\\svchost.exe -k CameraMonitor""},{""@Name"":""CurrentDirectory"",""#text"":""C:\\Windows\\system32\\""},{""@Name"":""User"",""#text"":""NT AUTHORITY\\SYSTEM""},{""@Name"":""LogonGuid"",""#text"":""c9182e32-c31a-69ca-e703-000000000000""},{""@Name"":""LogonId"",""#text"":""0x3E7""},{""@Name"":""TerminalSessionId"",""#text"":""0""},{""@Name"":""IntegrityLevel"",""#text"":""System""},{""@Name"":""Hashes"",""#text"":""MD5=DC32ABA4669EAFB22FCACD5EC836A107,SHA256=31780FF2AAF7BC71F755BA0E4FEF1D61B060D1D2741EAFB33CBAB44D889595A0,IMPHASH=D8C4E4978657CEA220B495778C972E64""},{""@Name"":""ParentProcessGuid"",""#text"":""c9182e32-c31a-69ca-0b00-000000000900""},{""@Name"":""ParentProcessId"",""#text"":""716""},{""@Name"":""ParentImage"",""#text"":""C:\\Windows\\System32\\services.exe""},{""@Name"":""ParentCommandLine"",""#text"":""C:\\Windows\\system32\\services.exe""},{""@Name"":""ParentUser"",""#text"":""NT AUTHORITY\\SYSTEM""}]}}"
414,414,2026-03-30 19:38:03.2398370,1,Info,Microsoft-Windows-Sysmon,Microsoft-Windows-Sysmon/Operational,2448,4460,DC01.corp.local,8,S-1-5-18,Process creation,NT AUTHORITY\SYSTEM,,"ProcessID: 5192, ProcessGUID: c9182e32-d11b-69ca-2201-000000000900",RuleName: -,"MD5=DC32ABA4669EAFB22FCACD5EC836A107,SHA256=31780FF2AAF7BC71F755BA0E4FEF1D61B060D1D2741EAFB33CBAB44D889595A0,IMPHASH=D8C4E4978657CEA220B495778C972E64",ParentProcess: C:\Windows\System32\services.exe,"ParentProcessID: 716, ParentProcessGUID: c9182e32-c31a-69ca-0b00-000000000900",ParentCommandLine: C:\Windows\system32\services.exe,C:\Windows\system32\svchost.exe -k appmodel -p -s StateRepository,False,C:\Users\owunc\Desktop\lab_logs\DC_Sysmon_ws.evtx,Classic,0,"{""EventData"":{""Data"":[{""@Name"":""RuleName"",""#text"":""-""},{""@Name"":""UtcTime"",""#text"":""2026-03-30 19:38:03.238""},{""@Name"":""ProcessGuid"",""#text"":""c9182e32-d11b-69ca-2201-000000000900""},{""@Name"":""ProcessId"",""#text"":""5192""},{""@Name"":""Image"",""#text"":""C:\\Windows\\System32\\svchost.exe""},{""@Name"":""FileVersion"",""#text"":""10.0.20348.558 (WinBuild.160101.0800)""},{""@Name"":""Description"",""#text"":""Host Process for Windows Services""},{""@Name"":""Product"",""#text"":""Microsoft® Windows® Operating System""},{""@Name"":""Company"",""#text"":""Microsoft Corporation""},{""@Name"":""OriginalFileName"",""#text"":""svchost.exe""},{""@Name"":""CommandLine"",""#text"":""C:\\Windows\\system32\\svchost.exe -k appmodel -p -s StateRepository""},{""@Name"":""CurrentDirectory"",""#text"":""C:\\Windows\\system32\\""},{""@Name"":""User"",""#text"":""NT AUTHORITY\\SYSTEM""},{""@Name"":""LogonGuid"",""#text"":""c9182e32-c31a-69ca-e703-000000000000""},{""@Name"":""LogonId"",""#text"":""0x3E7""},{""@Name"":""TerminalSessionId"",""#text"":""0""},{""@Name"":""IntegrityLevel"",""#text"":""System""},{""@Name"":""Hashes"",""#text"":""MD5=DC32ABA4669EAFB22FCACD5EC836A107,SHA256=31780FF2AAF7BC71F755BA0E4FEF1D61B060D1D2741EAFB33CBAB44D889595A0,IMPHASH=D8C4E4978657CEA220B495778C972E64""},{""@Name"":""ParentProcessGuid"",""#text"":""c9182e32-c31a-69ca-0b00-000000000900""},{""@Name"":""ParentProcessId"",""#text"":""716""},{""@Name"":""ParentImage"",""#text"":""C:\\Windows\\System32\\services.exe""},{""@Name"":""ParentCommandLine"",""#text"":""C:\\Windows\\system32\\services.exe""},{""@Name"":""ParentUser"",""#text"":""NT AUTHORITY\\SYSTEM""}]}}"
415,415,2026-03-30 19:38:31.3836027,22,Info,Microsoft-Windows-Sysmon,Microsoft-Windows-Sysmon/Operational,2448,4476,DC01.corp.local,8,S-1-5-18,DNSEvent (DNS query),NT AUTHORITY\NETWORK SERVICE,,"ProcessID: 1272, ProcessGUID: c9182e32-c31d-69ca-1a00-000000000900",RuleName: -,Image: C:\Windows\System32\svchost.exe,QueryName: DC01.corp.local,QueryStatus: 9501,QueryResults: type: 6 DC01.corp.local;192.168.93.50;,,False,C:\Users\owunc\Desktop\lab_logs\DC_Sysmon_ws.evtx,Classic,0,"{""EventData"":{""Data"":[{""@Name"":""RuleName"",""#text"":""-""},{""@Name"":""UtcTime"",""#text"":""2026-03-30 19:38:29.213""},{""@Name"":""ProcessGuid"",""#text"":""c9182e32-c31d-69ca-1a00-000000000900""},{""@Name"":""ProcessId"",""#text"":""1272""},{""@Name"":""QueryName"",""#text"":""DC01.corp.local""},{""@Name"":""QueryStatus"",""#text"":""9501""},{""@Name"":""QueryResults"",""#text"":""type: 6 DC01.corp.local;192.168.93.50;""},{""@Name"":""Image"",""#text"":""C:\\Windows\\System32\\svchost.exe""},{""@Name"":""User"",""#text"":""NT AUTHORITY\\NETWORK SERVICE""}]}}"
416,416,2026-03-30 19:38:31.3836273,22,Info,Microsoft-Windows-Sysmon,Microsoft-Windows-Sysmon/Operational,2448,4476,DC01.corp.local,8,S-1-5-18,DNSEvent (DNS query),NT AUTHORITY\NETWORK SERVICE,,"ProcessID: 1272, ProcessGUID: c9182e32-c31d-69ca-1a00-000000000900",RuleName: -,Image: C:\Windows\System32\svchost.exe,QueryName: corp.local,QueryStatus: 0,QueryResults: type: 2 dc01.corp.local;192.168.93.50;,,False,C:\Users\owunc\Desktop\lab_logs\DC_Sysmon_ws.evtx,Classic,0,"{""EventData"":{""Data"":[{""@Name"":""RuleName"",""#text"":""-""},{""@Name"":""UtcTime"",""#text"":""2026-03-30 19:38:29.232""},{""@Name"":""ProcessGuid"",""#text"":""c9182e32-c31d-69ca-1a00-000000000900""},{""@Name"":""ProcessId"",""#text"":""1272""},{""@Name"":""QueryName"",""#text"":""corp.local""},{""@Name"":""QueryStatus"",""#text"":""0""},{""@Name"":""QueryResults"",""#text"":""type: 2 dc01.corp.local;192.168.93.50;""},{""@Name"":""Image"",""#text"":""C:\\Windows\\System32\\svchost.exe""},{""@Name"":""User"",""#text"":""NT AUTHORITY\\NETWORK SERVICE""}]}}"
417,417,2026-03-30 19:38:31.3836375,22,Info,Microsoft-Windows-Sysmon,Microsoft-Windows-Sysmon/Operational,2448,4476,DC01.corp.local,8,S-1-5-18,DNSEvent (DNS query),NT AUTHORITY\SYSTEM,,"ProcessID: 2936, ProcessGUID: c9182e32-c326-69ca-3800-000000000900",RuleName: -,Image: C:\Windows\System32\dns.exe,QueryName: DC01.corp.local,QueryStatus: 9501,QueryResults: type: 6 DC01.corp.local;192.168.93.50;,,False,C:\Users\owunc\Desktop\lab_logs\DC_Sysmon_ws.evtx,Classic,0,"{""EventData"":{""Data"":[{""@Name"":""RuleName"",""#text"":""-""},{""@Name"":""UtcTime"",""#text"":""2026-03-30 19:38:29.233""},{""@Name"":""ProcessGuid"",""#text"":""c9182e32-c326-69ca-3800-000000000900""},{""@Name"":""ProcessId"",""#text"":""2936""},{""@Name"":""QueryName"",""#text"":""DC01.corp.local""},{""@Name"":""QueryStatus"",""#text"":""9501""},{""@Name"":""QueryResults"",""#text"":""type: 6 DC01.corp.local;192.168.93.50;""},{""@Name"":""Image"",""#text"":""C:\\Windows\\System32\\dns.exe""},{""@Name"":""User"",""#text"":""NT AUTHORITY\\SYSTEM""}]}}"
418,418,2026-03-30 19:38:31.3836463,22,Info,Microsoft-Windows-Sysmon,Microsoft-Windows-Sysmon/Operational,2448,4476,DC01.corp.local,8,S-1-5-18,DNSEvent (DNS query),NT AUTHORITY\SYSTEM,,"ProcessID: 2936, ProcessGUID: c9182e32-c326-69ca-3800-000000000900",RuleName: -,Image: C:\Windows\System32\dns.exe,QueryName: corp.local,QueryStatus: 0,QueryResults: type: 2 dc01.corp.local;192.168.93.50;,,False,C:\Users\owunc\Desktop\lab_logs\DC_Sysmon_ws.evtx,Classic,0,"{""EventData"":{""Data"":[{""@Name"":""RuleName"",""#text"":""-""},{""@Name"":""UtcTime"",""#text"":""2026-03-30 19:38:29.235""},{""@Name"":""ProcessGuid"",""#text"":""c9182e32-c326-69ca-3800-000000000900""},{""@Name"":""ProcessId"",""#text"":""2936""},{""@Name"":""QueryName"",""#text"":""corp.local""},{""@Name"":""QueryStatus"",""#text"":""0""},{""@Name"":""QueryResults"",""#text"":""type: 2 dc01.corp.local;192.168.93.50;""},{""@Name"":""Image"",""#text"":""C:\\Windows\\System32\\dns.exe""},{""@Name"":""User"",""#text"":""NT AUTHORITY\\SYSTEM""}]}}"
419,419,2026-03-30 19:38:31.3836542,22,Info,Microsoft-Windows-Sysmon,Microsoft-Windows-Sysmon/Operational,2448,4476,DC01.corp.local,8,S-1-5-18,DNSEvent (DNS query),NT AUTHORITY\SYSTEM,,"ProcessID: 2936, ProcessGUID: c9182e32-c326-69ca-3800-000000000900",RuleName: -,Image: C:\Windows\System32\dns.exe,QueryName: corp.local,QueryStatus: 0,QueryResults: type: 6 dc01.corp.local;192.168.93.50;,,False,C:\Users\owunc\Desktop\lab_logs\DC_Sysmon_ws.evtx,Classic,0,"{""EventData"":{""Data"":[{""@Name"":""RuleName"",""#text"":""-""},{""@Name"":""UtcTime"",""#text"":""2026-03-30 19:38:29.235""},{""@Name"":""ProcessGuid"",""#text"":""c9182e32-c326-69ca-3800-000000000900""},{""@Name"":""ProcessId"",""#text"":""2936""},{""@Name"":""QueryName"",""#text"":""corp.local""},{""@Name"":""QueryStatus"",""#text"":""0""},{""@Name"":""QueryResults"",""#text"":""type: 6 dc01.corp.local;192.168.93.50;""},{""@Name"":""Image"",""#text"":""C:\\Windows\\System32\\dns.exe""},{""@Name"":""User"",""#text"":""NT AUTHORITY\\SYSTEM""}]}}"
