361,361,2026-03-30 18:45:28.6984255,12,Info,Microsoft-Windows-Sysmon,Microsoft-Windows-Sysmon/Operational,2448,4460,DC01.corp.local,7,S-1-5-18,RegistryEvent (Object create and delete),NT AUTHORITY\SYSTEM,,"ProcessID: 5336, ProcessGUID: c9182e32-c416-69ca-0401-000000000900","RuleName: Suspicious,ImageBeginWithBackslash",Image: \\?\C:\Windows\system32\wbem\WMIADAP.EXE,EventType: DeleteValue,TargetObject: HKLM\System\CurrentControlSet\Services\WmiApRpl\Performance\Last Counter,,,False,C:\Users\owunc\Desktop\lab_logs\DC_Sysmon_ws.evtx,Classic,0,"{""EventData"":{""Data"":[{""@Name"":""RuleName"",""#text"":""Suspicious,ImageBeginWithBackslash""},{""@Name"":""EventType"",""#text"":""DeleteValue""},{""@Name"":""UtcTime"",""#text"":""2026-03-30 18:45:28.690""},{""@Name"":""ProcessGuid"",""#text"":""c9182e32-c416-69ca-0401-000000000900""},{""@Name"":""ProcessId"",""#text"":""5336""},{""@Name"":""Image"",""#text"":""\\\\?\\C:\\Windows\\system32\\wbem\\WMIADAP.EXE""},{""@Name"":""TargetObject"",""#text"":""HKLM\\System\\CurrentControlSet\\Services\\WmiApRpl\\Performance\\Last Counter""},{""@Name"":""User"",""#text"":""NT AUTHORITY\\SYSTEM""}]}}"
362,362,2026-03-30 18:45:28.6984584,12,Info,Microsoft-Windows-Sysmon,Microsoft-Windows-Sysmon/Operational,2448,4460,DC01.corp.local,7,S-1-5-18,RegistryEvent (Object create and delete),NT AUTHORITY\SYSTEM,,"ProcessID: 5336, ProcessGUID: c9182e32-c416-69ca-0401-000000000900","RuleName: Suspicious,ImageBeginWithBackslash",Image: \\?\C:\Windows\system32\wbem\WMIADAP.EXE,EventType: DeleteValue,TargetObject: HKLM\System\CurrentControlSet\Services\WmiApRpl\Performance\First Help,,,False,C:\Users\owunc\Desktop\lab_logs\DC_Sysmon_ws.evtx,Classic,0,"{""EventData"":{""Data"":[{""@Name"":""RuleName"",""#text"":""Suspicious,ImageBeginWithBackslash""},{""@Name"":""EventType"",""#text"":""DeleteValue""},{""@Name"":""UtcTime"",""#text"":""2026-03-30 18:45:28.690""},{""@Name"":""ProcessGuid"",""#text"":""c9182e32-c416-69ca-0401-000000000900""},{""@Name"":""ProcessId"",""#text"":""5336""},{""@Name"":""Image"",""#text"":""\\\\?\\C:\\Windows\\system32\\wbem\\WMIADAP.EXE""},{""@Name"":""TargetObject"",""#text"":""HKLM\\System\\CurrentControlSet\\Services\\WmiApRpl\\Performance\\First Help""},{""@Name"":""User"",""#text"":""NT AUTHORITY\\SYSTEM""}]}}"
363,363,2026-03-30 18:45:28.6984920,12,Info,Microsoft-Windows-Sysmon,Microsoft-Windows-Sysmon/Operational,2448,4460,DC01.corp.local,7,S-1-5-18,RegistryEvent (Object create and delete),NT AUTHORITY\SYSTEM,,"ProcessID: 5336, ProcessGUID: c9182e32-c416-69ca-0401-000000000900","RuleName: Suspicious,ImageBeginWithBackslash",Image: \\?\C:\Windows\system32\wbem\WMIADAP.EXE,EventType: DeleteValue,TargetObject: HKLM\System\CurrentControlSet\Services\WmiApRpl\Performance\Last Help,,,False,C:\Users\owunc\Desktop\lab_logs\DC_Sysmon_ws.evtx,Classic,0,"{""EventData"":{""Data"":[{""@Name"":""RuleName"",""#text"":""Suspicious,ImageBeginWithBackslash""},{""@Name"":""EventType"",""#text"":""DeleteValue""},{""@Name"":""UtcTime"",""#text"":""2026-03-30 18:45:28.690""},{""@Name"":""ProcessGuid"",""#text"":""c9182e32-c416-69ca-0401-000000000900""},{""@Name"":""ProcessId"",""#text"":""5336""},{""@Name"":""Image"",""#text"":""\\\\?\\C:\\Windows\\system32\\wbem\\WMIADAP.EXE""},{""@Name"":""TargetObject"",""#text"":""HKLM\\System\\CurrentControlSet\\Services\\WmiApRpl\\Performance\\Last Help""},{""@Name"":""User"",""#text"":""NT AUTHORITY\\SYSTEM""}]}}"
364,364,2026-03-30 18:45:28.6986194,12,Info,Microsoft-Windows-Sysmon,Microsoft-Windows-Sysmon/Operational,2448,4460,DC01.corp.local,7,S-1-5-18,RegistryEvent (Object create and delete),NT AUTHORITY\SYSTEM,,"ProcessID: 5336, ProcessGUID: c9182e32-c416-69ca-0401-000000000900","RuleName: Suspicious,ImageBeginWithBackslash",Image: \\?\C:\Windows\system32\wbem\WMIADAP.EXE,EventType: DeleteValue,TargetObject: HKLM\SOFTWARE\Microsoft\Windows NT\CurrentVersion\Perflib\Updating,,,False,C:\Users\owunc\Desktop\lab_logs\DC_Sysmon_ws.evtx,Classic,0,"{""EventData"":{""Data"":[{""@Name"":""RuleName"",""#text"":""Suspicious,ImageBeginWithBackslash""},{""@Name"":""EventType"",""#text"":""DeleteValue""},{""@Name"":""UtcTime"",""#text"":""2026-03-30 18:45:28.690""},{""@Name"":""ProcessGuid"",""#text"":""c9182e32-c416-69ca-0401-000000000900""},{""@Name"":""ProcessId"",""#text"":""5336""},{""@Name"":""Image"",""#text"":""\\\\?\\C:\\Windows\\system32\\wbem\\WMIADAP.EXE""},{""@Name"":""TargetObject"",""#text"":""HKLM\\SOFTWARE\\Microsoft\\Windows NT\\CurrentVersion\\Perflib\\Updating""},{""@Name"":""User"",""#text"":""NT AUTHORITY\\SYSTEM""}]}}"
365,365,2026-03-30 18:45:28.6986506,12,Info,Microsoft-Windows-Sysmon,Microsoft-Windows-Sysmon/Operational,2448,4460,DC01.corp.local,7,S-1-5-18,RegistryEvent (Object create and delete),NT AUTHORITY\SYSTEM,,"ProcessID: 5336, ProcessGUID: c9182e32-c416-69ca-0401-000000000900","RuleName: Suspicious,ImageBeginWithBackslash",Image: \\?\C:\Windows\system32\wbem\WMIADAP.EXE,EventType: DeleteValue,TargetObject: HKLM\System\CurrentControlSet\Services\WmiApRpl\Performance\Object List,,,False,C:\Users\owunc\Desktop\lab_logs\DC_Sysmon_ws.evtx,Classic,0,"{""EventData"":{""Data"":[{""@Name"":""RuleName"",""#text"":""Suspicious,ImageBeginWithBackslash""},{""@Name"":""EventType"",""#text"":""DeleteValue""},{""@Name"":""UtcTime"",""#text"":""2026-03-30 18:45:28.690""},{""@Name"":""ProcessGuid"",""#text"":""c9182e32-c416-69ca-0401-000000000900""},{""@Name"":""ProcessId"",""#text"":""5336""},{""@Name"":""Image"",""#text"":""\\\\?\\C:\\Windows\\system32\\wbem\\WMIADAP.EXE""},{""@Name"":""TargetObject"",""#text"":""HKLM\\System\\CurrentControlSet\\Services\\WmiApRpl\\Performance\\Object List""},{""@Name"":""User"",""#text"":""NT AUTHORITY\\SYSTEM""}]}}"
366,366,2026-03-30 18:45:28.7027641,13,Info,Microsoft-Windows-Sysmon,Microsoft-Windows-Sysmon/Operational,2448,4460,DC01.corp.local,7,S-1-5-18,RegistryEvent (Value Set),NT AUTHORITY\SYSTEM,,"ProcessID: 5336, ProcessGUID: c9182e32-c416-69ca-0401-000000000900","RuleName: Suspicious,ImageBeginWithBackslash",Image: \\?\C:\Windows\system32\wbem\WMIADAP.EXE,EventType: SetValue,TargetObject: HKLM\System\CurrentControlSet\Services\WmiApRpl\Performance\PerfIniFile,Details: WmiApRpl.ini,,False,C:\Users\owunc\Desktop\lab_logs\DC_Sysmon_ws.evtx,Classic,0,"{""EventData"":{""Data"":[{""@Name"":""RuleName"",""#text"":""Suspicious,ImageBeginWithBackslash""},{""@Name"":""EventType"",""#text"":""SetValue""},{""@Name"":""UtcTime"",""#text"":""2026-03-30 18:45:28.690""},{""@Name"":""ProcessGuid"",""#text"":""c9182e32-c416-69ca-0401-000000000900""},{""@Name"":""ProcessId"",""#text"":""5336""},{""@Name"":""Image"",""#text"":""\\\\?\\C:\\Windows\\system32\\wbem\\WMIADAP.EXE""},{""@Name"":""TargetObject"",""#text"":""HKLM\\System\\CurrentControlSet\\Services\\WmiApRpl\\Performance\\PerfIniFile""},{""@Name"":""Details"",""#text"":""WmiApRpl.ini""},{""@Name"":""User"",""#text"":""NT AUTHORITY\\SYSTEM""}]}}"
367,367,2026-03-30 18:45:28.7053992,13,Info,Microsoft-Windows-Sysmon,Microsoft-Windows-Sysmon/Operational,2448,4460,DC01.corp.local,7,S-1-5-18,RegistryEvent (Value Set),NT AUTHORITY\SYSTEM,,"ProcessID: 5336, ProcessGUID: c9182e32-c416-69ca-0401-000000000900","RuleName: Suspicious,ImageBeginWithBackslash",Image: \\?\C:\Windows\system32\wbem\WMIADAP.EXE,EventType: SetValue,TargetObject: HKLM\SOFTWARE\Microsoft\Windows NT\CurrentVersion\Perflib\Updating,Details: WmiApRpl,,False,C:\Users\owunc\Desktop\lab_logs\DC_Sysmon_ws.evtx,Classic,0,"{""EventData"":{""Data"":[{""@Name"":""RuleName"",""#text"":""Suspicious,ImageBeginWithBackslash""},{""@Name"":""EventType"",""#text"":""SetValue""},{""@Name"":""UtcTime"",""#text"":""2026-03-30 18:45:28.690""},{""@Name"":""ProcessGuid"",""#text"":""c9182e32-c416-69ca-0401-000000000900""},{""@Name"":""ProcessId"",""#text"":""5336""},{""@Name"":""Image"",""#text"":""\\\\?\\C:\\Windows\\system32\\wbem\\WMIADAP.EXE""},{""@Name"":""TargetObject"",""#text"":""HKLM\\SOFTWARE\\Microsoft\\Windows NT\\CurrentVersion\\Perflib\\Updating""},{""@Name"":""Details"",""#text"":""WmiApRpl""},{""@Name"":""User"",""#text"":""NT AUTHORITY\\SYSTEM""}]}}"
368,368,2026-03-30 18:45:28.7291055,13,Info,Microsoft-Windows-Sysmon,Microsoft-Windows-Sysmon/Operational,2448,4460,DC01.corp.local,7,S-1-5-18,RegistryEvent (Value Set),NT AUTHORITY\SYSTEM,,"ProcessID: 5336, ProcessGUID: c9182e32-c416-69ca-0401-000000000900","RuleName: Suspicious,ImageBeginWithBackslash",Image: \\?\C:\Windows\system32\wbem\WMIADAP.EXE,EventType: SetValue,TargetObject: HKLM\SOFTWARE\Microsoft\Windows NT\CurrentVersion\Perflib\Last Counter,Details: DWORD (0x0000294a),,False,C:\Users\owunc\Desktop\lab_logs\DC_Sysmon_ws.evtx,Classic,0,"{""EventData"":{""Data"":[{""@Name"":""RuleName"",""#text"":""Suspicious,ImageBeginWithBackslash""},{""@Name"":""EventType"",""#text"":""SetValue""},{""@Name"":""UtcTime"",""#text"":""2026-03-30 18:45:28.721""},{""@Name"":""ProcessGuid"",""#text"":""c9182e32-c416-69ca-0401-000000000900""},{""@Name"":""ProcessId"",""#text"":""5336""},{""@Name"":""Image"",""#text"":""\\\\?\\C:\\Windows\\system32\\wbem\\WMIADAP.EXE""},{""@Name"":""TargetObject"",""#text"":""HKLM\\SOFTWARE\\Microsoft\\Windows NT\\CurrentVersion\\Perflib\\Last Counter""},{""@Name"":""Details"",""#text"":""DWORD (0x0000294a)""},{""@Name"":""User"",""#text"":""NT AUTHORITY\\SYSTEM""}]}}"
369,369,2026-03-30 18:45:28.7291456,13,Info,Microsoft-Windows-Sysmon,Microsoft-Windows-Sysmon/Operational,2448,4460,DC01.corp.local,7,S-1-5-18,RegistryEvent (Value Set),NT AUTHORITY\SYSTEM,,"ProcessID: 5336, ProcessGUID: c9182e32-c416-69ca-0401-000000000900","RuleName: Suspicious,ImageBeginWithBackslash",Image: \\?\C:\Windows\system32\wbem\WMIADAP.EXE,EventType: SetValue,TargetObject: HKLM\SOFTWARE\Microsoft\Windows NT\CurrentVersion\Perflib\Last Help,Details: DWORD (0x0000294b),,False,C:\Users\owunc\Desktop\lab_logs\DC_Sysmon_ws.evtx,Classic,0,"{""EventData"":{""Data"":[{""@Name"":""RuleName"",""#text"":""Suspicious,ImageBeginWithBackslash""},{""@Name"":""EventType"",""#text"":""SetValue""},{""@Name"":""UtcTime"",""#text"":""2026-03-30 18:45:28.721""},{""@Name"":""ProcessGuid"",""#text"":""c9182e32-c416-69ca-0401-000000000900""},{""@Name"":""ProcessId"",""#text"":""5336""},{""@Name"":""Image"",""#text"":""\\\\?\\C:\\Windows\\system32\\wbem\\WMIADAP.EXE""},{""@Name"":""TargetObject"",""#text"":""HKLM\\SOFTWARE\\Microsoft\\Windows NT\\CurrentVersion\\Perflib\\Last Help""},{""@Name"":""Details"",""#text"":""DWORD (0x0000294b)""},{""@Name"":""User"",""#text"":""NT AUTHORITY\\SYSTEM""}]}}"
370,370,2026-03-30 18:45:28.7291784,13,Info,Microsoft-Windows-Sysmon,Microsoft-Windows-Sysmon/Operational,2448,4460,DC01.corp.local,7,S-1-5-18,RegistryEvent (Value Set),NT AUTHORITY\SYSTEM,,"ProcessID: 5336, ProcessGUID: c9182e32-c416-69ca-0401-000000000900","RuleName: Suspicious,ImageBeginWithBackslash",Image: \\?\C:\Windows\system32\wbem\WMIADAP.EXE,EventType: SetValue,TargetObject: HKLM\System\CurrentControlSet\Services\WmiApRpl\Performance\Last Counter,Details: DWORD (0x0000294a),,False,C:\Users\owunc\Desktop\lab_logs\DC_Sysmon_ws.evtx,Classic,0,"{""EventData"":{""Data"":[{""@Name"":""RuleName"",""#text"":""Suspicious,ImageBeginWithBackslash""},{""@Name"":""EventType"",""#text"":""SetValue""},{""@Name"":""UtcTime"",""#text"":""2026-03-30 18:45:28.721""},{""@Name"":""ProcessGuid"",""#text"":""c9182e32-c416-69ca-0401-000000000900""},{""@Name"":""ProcessId"",""#text"":""5336""},{""@Name"":""Image"",""#text"":""\\\\?\\C:\\Windows\\system32\\wbem\\WMIADAP.EXE""},{""@Name"":""TargetObject"",""#text"":""HKLM\\System\\CurrentControlSet\\Services\\WmiApRpl\\Performance\\Last Counter""},{""@Name"":""Details"",""#text"":""DWORD (0x0000294a)""},{""@Name"":""User"",""#text"":""NT AUTHORITY\\SYSTEM""}]}}"
371,371,2026-03-30 18:45:28.7292083,13,Info,Microsoft-Windows-Sysmon,Microsoft-Windows-Sysmon/Operational,2448,4460,DC01.corp.local,7,S-1-5-18,RegistryEvent (Value Set),NT AUTHORITY\SYSTEM,,"ProcessID: 5336, ProcessGUID: c9182e32-c416-69ca-0401-000000000900","RuleName: Suspicious,ImageBeginWithBackslash",Image: \\?\C:\Windows\system32\wbem\WMIADAP.EXE,EventType: SetValue,TargetObject: HKLM\System\CurrentControlSet\Services\WmiApRpl\Performance\Last Help,Details: DWORD (0x0000294b),,False,C:\Users\owunc\Desktop\lab_logs\DC_Sysmon_ws.evtx,Classic,0,"{""EventData"":{""Data"":[{""@Name"":""RuleName"",""#text"":""Suspicious,ImageBeginWithBackslash""},{""@Name"":""EventType"",""#text"":""SetValue""},{""@Name"":""UtcTime"",""#text"":""2026-03-30 18:45:28.721""},{""@Name"":""ProcessGuid"",""#text"":""c9182e32-c416-69ca-0401-000000000900""},{""@Name"":""ProcessId"",""#text"":""5336""},{""@Name"":""Image"",""#text"":""\\\\?\\C:\\Windows\\system32\\wbem\\WMIADAP.EXE""},{""@Name"":""TargetObject"",""#text"":""HKLM\\System\\CurrentControlSet\\Services\\WmiApRpl\\Performance\\Last Help""},{""@Name"":""Details"",""#text"":""DWORD (0x0000294b)""},{""@Name"":""User"",""#text"":""NT AUTHORITY\\SYSTEM""}]}}"
372,372,2026-03-30 18:45:28.7292392,13,Info,Microsoft-Windows-Sysmon,Microsoft-Windows-Sysmon/Operational,2448,4460,DC01.corp.local,7,S-1-5-18,RegistryEvent (Value Set),NT AUTHORITY\SYSTEM,,"ProcessID: 5336, ProcessGUID: c9182e32-c416-69ca-0401-000000000900","RuleName: Suspicious,ImageBeginWithBackslash",Image: \\?\C:\Windows\system32\wbem\WMIADAP.EXE,EventType: SetValue,TargetObject: HKLM\System\CurrentControlSet\Services\WmiApRpl\Performance\First Counter,Details: DWORD (0x000028a4),,False,C:\Users\owunc\Desktop\lab_logs\DC_Sysmon_ws.evtx,Classic,0,"{""EventData"":{""Data"":[{""@Name"":""RuleName"",""#text"":""Suspicious,ImageBeginWithBackslash""},{""@Name"":""EventType"",""#text"":""SetValue""},{""@Name"":""UtcTime"",""#text"":""2026-03-30 18:45:28.721""},{""@Name"":""ProcessGuid"",""#text"":""c9182e32-c416-69ca-0401-000000000900""},{""@Name"":""ProcessId"",""#text"":""5336""},{""@Name"":""Image"",""#text"":""\\\\?\\C:\\Windows\\system32\\wbem\\WMIADAP.EXE""},{""@Name"":""TargetObject"",""#text"":""HKLM\\System\\CurrentControlSet\\Services\\WmiApRpl\\Performance\\First Counter""},{""@Name"":""Details"",""#text"":""DWORD (0x000028a4)""},{""@Name"":""User"",""#text"":""NT AUTHORITY\\SYSTEM""}]}}"
373,373,2026-03-30 18:45:28.7292694,13,Info,Microsoft-Windows-Sysmon,Microsoft-Windows-Sysmon/Operational,2448,4460,DC01.corp.local,7,S-1-5-18,RegistryEvent (Value Set),NT AUTHORITY\SYSTEM,,"ProcessID: 5336, ProcessGUID: c9182e32-c416-69ca-0401-000000000900","RuleName: Suspicious,ImageBeginWithBackslash",Image: \\?\C:\Windows\system32\wbem\WMIADAP.EXE,EventType: SetValue,TargetObject: HKLM\System\CurrentControlSet\Services\WmiApRpl\Performance\First Help,Details: DWORD (0x000028a5),,False,C:\Users\owunc\Desktop\lab_logs\DC_Sysmon_ws.evtx,Classic,0,"{""EventData"":{""Data"":[{""@Name"":""RuleName"",""#text"":""Suspicious,ImageBeginWithBackslash""},{""@Name"":""EventType"",""#text"":""SetValue""},{""@Name"":""UtcTime"",""#text"":""2026-03-30 18:45:28.721""},{""@Name"":""ProcessGuid"",""#text"":""c9182e32-c416-69ca-0401-000000000900""},{""@Name"":""ProcessId"",""#text"":""5336""},{""@Name"":""Image"",""#text"":""\\\\?\\C:\\Windows\\system32\\wbem\\WMIADAP.EXE""},{""@Name"":""TargetObject"",""#text"":""HKLM\\System\\CurrentControlSet\\Services\\WmiApRpl\\Performance\\First Help""},{""@Name"":""Details"",""#text"":""DWORD (0x000028a5)""},{""@Name"":""User"",""#text"":""NT AUTHORITY\\SYSTEM""}]}}"
374,374,2026-03-30 18:45:28.7293004,13,Info,Microsoft-Windows-Sysmon,Microsoft-Windows-Sysmon/Operational,2448,4460,DC01.corp.local,7,S-1-5-18,RegistryEvent (Value Set),NT AUTHORITY\SYSTEM,,"ProcessID: 5336, ProcessGUID: c9182e32-c416-69ca-0401-000000000900","RuleName: Suspicious,ImageBeginWithBackslash",Image: \\?\C:\Windows\system32\wbem\WMIADAP.EXE,EventType: SetValue,TargetObject: HKLM\System\CurrentControlSet\Services\WmiApRpl\Performance\Object List,Details: 10404 10410 10420 10430 10450 10494 10504 10542 10548 10564,,False,C:\Users\owunc\Desktop\lab_logs\DC_Sysmon_ws.evtx,Classic,0,"{""EventData"":{""Data"":[{""@Name"":""RuleName"",""#text"":""Suspicious,ImageBeginWithBackslash""},{""@Name"":""EventType"",""#text"":""SetValue""},{""@Name"":""UtcTime"",""#text"":""2026-03-30 18:45:28.721""},{""@Name"":""ProcessGuid"",""#text"":""c9182e32-c416-69ca-0401-000000000900""},{""@Name"":""ProcessId"",""#text"":""5336""},{""@Name"":""Image"",""#text"":""\\\\?\\C:\\Windows\\system32\\wbem\\WMIADAP.EXE""},{""@Name"":""TargetObject"",""#text"":""HKLM\\System\\CurrentControlSet\\Services\\WmiApRpl\\Performance\\Object List""},{""@Name"":""Details"",""#text"":""10404 10410 10420 10430 10450 10494 10504 10542 10548 10564""},{""@Name"":""User"",""#text"":""NT AUTHORITY\\SYSTEM""}]}}"
375,375,2026-03-30 18:45:28.7293613,12,Info,Microsoft-Windows-Sysmon,Microsoft-Windows-Sysmon/Operational,2448,4460,DC01.corp.local,7,S-1-5-18,RegistryEvent (Object create and delete),NT AUTHORITY\SYSTEM,,"ProcessID: 5336, ProcessGUID: c9182e32-c416-69ca-0401-000000000900","RuleName: Suspicious,ImageBeginWithBackslash",Image: \\?\C:\Windows\system32\wbem\WMIADAP.EXE,EventType: DeleteValue,TargetObject: HKLM\SOFTWARE\Microsoft\Windows NT\CurrentVersion\Perflib\Updating,,,False,C:\Users\owunc\Desktop\lab_logs\DC_Sysmon_ws.evtx,Classic,0,"{""EventData"":{""Data"":[{""@Name"":""RuleName"",""#text"":""Suspicious,ImageBeginWithBackslash""},{""@Name"":""EventType"",""#text"":""DeleteValue""},{""@Name"":""UtcTime"",""#text"":""2026-03-30 18:45:28.721""},{""@Name"":""ProcessGuid"",""#text"":""c9182e32-c416-69ca-0401-000000000900""},{""@Name"":""ProcessId"",""#text"":""5336""},{""@Name"":""Image"",""#text"":""\\\\?\\C:\\Windows\\system32\\wbem\\WMIADAP.EXE""},{""@Name"":""TargetObject"",""#text"":""HKLM\\SOFTWARE\\Microsoft\\Windows NT\\CurrentVersion\\Perflib\\Updating""},{""@Name"":""User"",""#text"":""NT AUTHORITY\\SYSTEM""}]}}"
376,376,2026-03-30 18:45:43.9721522,13,Info,Microsoft-Windows-Sysmon,Microsoft-Windows-Sysmon/Operational,2448,4460,DC01.corp.local,7,S-1-5-18,RegistryEvent (Value Set),NT AUTHORITY\SYSTEM,,"ProcessID: 5336, ProcessGUID: c9182e32-c416-69ca-0401-000000000900","RuleName: Suspicious,ImageBeginWithBackslash",Image: \\?\C:\Windows\system32\wbem\WMIADAP.EXE,EventType: SetValue,TargetObject: HKLM\SOFTWARE\Microsoft\Wbem\PROVIDERS\Performance\Performance Data,Details: Binary Data,,False,C:\Users\owunc\Desktop\lab_logs\DC_Sysmon_ws.evtx,Classic,0,"{""EventData"":{""Data"":[{""@Name"":""RuleName"",""#text"":""Suspicious,ImageBeginWithBackslash""},{""@Name"":""EventType"",""#text"":""SetValue""},{""@Name"":""UtcTime"",""#text"":""2026-03-30 18:45:43.971""},{""@Name"":""ProcessGuid"",""#text"":""c9182e32-c416-69ca-0401-000000000900""},{""@Name"":""ProcessId"",""#text"":""5336""},{""@Name"":""Image"",""#text"":""\\\\?\\C:\\Windows\\system32\\wbem\\WMIADAP.EXE""},{""@Name"":""TargetObject"",""#text"":""HKLM\\SOFTWARE\\Microsoft\\Wbem\\PROVIDERS\\Performance\\Performance Data""},{""@Name"":""Details"",""#text"":""Binary Data""},{""@Name"":""User"",""#text"":""NT AUTHORITY\\SYSTEM""}]}}"
377,377,2026-03-30 18:45:43.9723212,12,Info,Microsoft-Windows-Sysmon,Microsoft-Windows-Sysmon/Operational,2448,4460,DC01.corp.local,7,S-1-5-18,RegistryEvent (Object create and delete),NT AUTHORITY\SYSTEM,,"ProcessID: 5336, ProcessGUID: c9182e32-c416-69ca-0401-000000000900","RuleName: Suspicious,ImageBeginWithBackslash",Image: \\?\C:\Windows\system32\wbem\WMIADAP.EXE,EventType: DeleteKey,TargetObject: HKLM\SOFTWARE\Microsoft\Wbem\WDM\DREDGE,,,False,C:\Users\owunc\Desktop\lab_logs\DC_Sysmon_ws.evtx,Classic,0,"{""EventData"":{""Data"":[{""@Name"":""RuleName"",""#text"":""Suspicious,ImageBeginWithBackslash""},{""@Name"":""EventType"",""#text"":""DeleteKey""},{""@Name"":""UtcTime"",""#text"":""2026-03-30 18:45:43.971""},{""@Name"":""ProcessGuid"",""#text"":""c9182e32-c416-69ca-0401-000000000900""},{""@Name"":""ProcessId"",""#text"":""5336""},{""@Name"":""Image"",""#text"":""\\\\?\\C:\\Windows\\system32\\wbem\\WMIADAP.EXE""},{""@Name"":""TargetObject"",""#text"":""HKLM\\SOFTWARE\\Microsoft\\Wbem\\WDM\\DREDGE""},{""@Name"":""User"",""#text"":""NT AUTHORITY\\SYSTEM""}]}}"
378,378,2026-03-30 18:45:43.9724276,13,Info,Microsoft-Windows-Sysmon,Microsoft-Windows-Sysmon/Operational,2448,4460,DC01.corp.local,7,S-1-5-18,RegistryEvent (Value Set),NT AUTHORITY\SYSTEM,,"ProcessID: 5336, ProcessGUID: c9182e32-c416-69ca-0401-000000000900","RuleName: Suspicious,ImageBeginWithBackslash",Image: \\?\C:\Windows\system32\wbem\WMIADAP.EXE,EventType: SetValue,TargetObject: HKLM\SOFTWARE\Microsoft\Wbem\WDM\DREDGE\C:\Windows\system32\kernelbase.dll[MofResourceName],"Details: LowDateTime:-1557306320,HighDateTime:30944887***Binary mof compiled successfully",,False,C:\Users\owunc\Desktop\lab_logs\DC_Sysmon_ws.evtx,Classic,0,"{""EventData"":{""Data"":[{""@Name"":""RuleName"",""#text"":""Suspicious,ImageBeginWithBackslash""},{""@Name"":""EventType"",""#text"":""SetValue""},{""@Name"":""UtcTime"",""#text"":""2026-03-30 18:45:43.971""},{""@Name"":""ProcessGuid"",""#text"":""c9182e32-c416-69ca-0401-000000000900""},{""@Name"":""ProcessId"",""#text"":""5336""},{""@Name"":""Image"",""#text"":""\\\\?\\C:\\Windows\\system32\\wbem\\WMIADAP.EXE""},{""@Name"":""TargetObject"",""#text"":""HKLM\\SOFTWARE\\Microsoft\\Wbem\\WDM\\DREDGE\\C:\\Windows\\system32\\kernelbase.dll[MofResourceName]""},{""@Name"":""Details"",""#text"":""LowDateTime:-1557306320,HighDateTime:30944887***Binary mof compiled successfully""},{""@Name"":""User"",""#text"":""NT AUTHORITY\\SYSTEM""}]}}"
379,379,2026-03-30 18:45:43.9724644,13,Info,Microsoft-Windows-Sysmon,Microsoft-Windows-Sysmon/Operational,2448,4460,DC01.corp.local,7,S-1-5-18,RegistryEvent (Value Set),NT AUTHORITY\SYSTEM,,"ProcessID: 5336, ProcessGUID: c9182e32-c416-69ca-0401-000000000900","RuleName: Suspicious,ImageBeginWithBackslash",Image: \\?\C:\Windows\system32\wbem\WMIADAP.EXE,EventType: SetValue,TargetObject: HKLM\SOFTWARE\Microsoft\Wbem\WDM\DREDGE\C:\Windows\system32\en-US\kernelbase.dll.mui[MofResourceName],"Details: LowDateTime:-1129180010,HighDateTime:30944887***Binary mof compiled successfully",,False,C:\Users\owunc\Desktop\lab_logs\DC_Sysmon_ws.evtx,Classic,0,"{""EventData"":{""Data"":[{""@Name"":""RuleName"",""#text"":""Suspicious,ImageBeginWithBackslash""},{""@Name"":""EventType"",""#text"":""SetValue""},{""@Name"":""UtcTime"",""#text"":""2026-03-30 18:45:43.971""},{""@Name"":""ProcessGuid"",""#text"":""c9182e32-c416-69ca-0401-000000000900""},{""@Name"":""ProcessId"",""#text"":""5336""},{""@Name"":""Image"",""#text"":""\\\\?\\C:\\Windows\\system32\\wbem\\WMIADAP.EXE""},{""@Name"":""TargetObject"",""#text"":""HKLM\\SOFTWARE\\Microsoft\\Wbem\\WDM\\DREDGE\\C:\\Windows\\system32\\en-US\\kernelbase.dll.mui[MofResourceName]""},{""@Name"":""Details"",""#text"":""LowDateTime:-1129180010,HighDateTime:30944887***Binary mof compiled successfully""},{""@Name"":""User"",""#text"":""NT AUTHORITY\\SYSTEM""}]}}"
380,380,2026-03-30 18:45:43.9724998,13,Info,Microsoft-Windows-Sysmon,Microsoft-Windows-Sysmon/Operational,2448,4460,DC01.corp.local,7,S-1-5-18,RegistryEvent (Value Set),NT AUTHORITY\SYSTEM,,"ProcessID: 5336, ProcessGUID: c9182e32-c416-69ca-0401-000000000900","RuleName: Suspicious,ImageBeginWithBackslash",Image: \\?\C:\Windows\system32\wbem\WMIADAP.EXE,EventType: SetValue,TargetObject: HKLM\SOFTWARE\Microsoft\Wbem\WDM\DREDGE\C:\Windows\System32\drivers\ACPI.sys[ACPIMOFResource],"Details: LowDateTime:1767568573,HighDateTime:30884775***Binary mof compiled successfully",,False,C:\Users\owunc\Desktop\lab_logs\DC_Sysmon_ws.evtx,Classic,0,"{""EventData"":{""Data"":[{""@Name"":""RuleName"",""#text"":""Suspicious,ImageBeginWithBackslash""},{""@Name"":""EventType"",""#text"":""SetValue""},{""@Name"":""UtcTime"",""#text"":""2026-03-30 18:45:43.971""},{""@Name"":""ProcessGuid"",""#text"":""c9182e32-c416-69ca-0401-000000000900""},{""@Name"":""ProcessId"",""#text"":""5336""},{""@Name"":""Image"",""#text"":""\\\\?\\C:\\Windows\\system32\\wbem\\WMIADAP.EXE""},{""@Name"":""TargetObject"",""#text"":""HKLM\\SOFTWARE\\Microsoft\\Wbem\\WDM\\DREDGE\\C:\\Windows\\System32\\drivers\\ACPI.sys[ACPIMOFResource]""},{""@Name"":""Details"",""#text"":""LowDateTime:1767568573,HighDateTime:30884775***Binary mof compiled successfully""},{""@Name"":""User"",""#text"":""NT AUTHORITY\\SYSTEM""}]}}"
381,381,2026-03-30 18:45:43.9725355,13,Info,Microsoft-Windows-Sysmon,Microsoft-Windows-Sysmon/Operational,2448,4460,DC01.corp.local,7,S-1-5-18,RegistryEvent (Value Set),NT AUTHORITY\SYSTEM,,"ProcessID: 5336, ProcessGUID: c9182e32-c416-69ca-0401-000000000900","RuleName: Suspicious,ImageBeginWithBackslash",Image: \\?\C:\Windows\system32\wbem\WMIADAP.EXE,EventType: SetValue,TargetObject: HKLM\SOFTWARE\Microsoft\Wbem\WDM\DREDGE\C:\Windows\System32\drivers\en-US\ACPI.sys.mui[ACPIMOFResource],"Details: LowDateTime:-1187843238,HighDateTime:30884786***Binary mof compiled successfully",,False,C:\Users\owunc\Desktop\lab_logs\DC_Sysmon_ws.evtx,Classic,0,"{""EventData"":{""Data"":[{""@Name"":""RuleName"",""#text"":""Suspicious,ImageBeginWithBackslash""},{""@Name"":""EventType"",""#text"":""SetValue""},{""@Name"":""UtcTime"",""#text"":""2026-03-30 18:45:43.971""},{""@Name"":""ProcessGuid"",""#text"":""c9182e32-c416-69ca-0401-000000000900""},{""@Name"":""ProcessId"",""#text"":""5336""},{""@Name"":""Image"",""#text"":""\\\\?\\C:\\Windows\\system32\\wbem\\WMIADAP.EXE""},{""@Name"":""TargetObject"",""#text"":""HKLM\\SOFTWARE\\Microsoft\\Wbem\\WDM\\DREDGE\\C:\\Windows\\System32\\drivers\\en-US\\ACPI.sys.mui[ACPIMOFResource]""},{""@Name"":""Details"",""#text"":""LowDateTime:-1187843238,HighDateTime:30884786***Binary mof compiled successfully""},{""@Name"":""User"",""#text"":""NT AUTHORITY\\SYSTEM""}]}}"
382,382,2026-03-30 18:45:43.9725684,13,Info,Microsoft-Windows-Sysmon,Microsoft-Windows-Sysmon/Operational,2448,4460,DC01.corp.local,7,S-1-5-18,RegistryEvent (Value Set),NT AUTHORITY\SYSTEM,,"ProcessID: 5336, ProcessGUID: c9182e32-c416-69ca-0401-000000000900","RuleName: Suspicious,ImageBeginWithBackslash",Image: \\?\C:\Windows\system32\wbem\WMIADAP.EXE,EventType: SetValue,TargetObject: HKLM\SOFTWARE\Microsoft\Wbem\WDM\DREDGE\C:\Windows\System32\drivers\processr.sys[PROCESSORWMI],"Details: LowDateTime:1767568573,HighDateTime:30884775***Binary mof compiled successfully",,False,C:\Users\owunc\Desktop\lab_logs\DC_Sysmon_ws.evtx,Classic,0,"{""EventData"":{""Data"":[{""@Name"":""RuleName"",""#text"":""Suspicious,ImageBeginWithBackslash""},{""@Name"":""EventType"",""#text"":""SetValue""},{""@Name"":""UtcTime"",""#text"":""2026-03-30 18:45:43.971""},{""@Name"":""ProcessGuid"",""#text"":""c9182e32-c416-69ca-0401-000000000900""},{""@Name"":""ProcessId"",""#text"":""5336""},{""@Name"":""Image"",""#text"":""\\\\?\\C:\\Windows\\system32\\wbem\\WMIADAP.EXE""},{""@Name"":""TargetObject"",""#text"":""HKLM\\SOFTWARE\\Microsoft\\Wbem\\WDM\\DREDGE\\C:\\Windows\\System32\\drivers\\processr.sys[PROCESSORWMI]""},{""@Name"":""Details"",""#text"":""LowDateTime:1767568573,HighDateTime:30884775***Binary mof compiled successfully""},{""@Name"":""User"",""#text"":""NT AUTHORITY\\SYSTEM""}]}}"
383,383,2026-03-30 18:45:43.9726036,13,Info,Microsoft-Windows-Sysmon,Microsoft-Windows-Sysmon/Operational,2448,4460,DC01.corp.local,7,S-1-5-18,RegistryEvent (Value Set),NT AUTHORITY\SYSTEM,,"ProcessID: 5336, ProcessGUID: c9182e32-c416-69ca-0401-000000000900","RuleName: Suspicious,ImageBeginWithBackslash",Image: \\?\C:\Windows\system32\wbem\WMIADAP.EXE,EventType: SetValue,TargetObject: HKLM\SOFTWARE\Microsoft\Wbem\WDM\DREDGE\C:\Windows\System32\drivers\en-US\processr.sys.mui[PROCESSORWMI],"Details: LowDateTime:-1326610169,HighDateTime:30884786***Binary mof compiled successfully",,False,C:\Users\owunc\Desktop\lab_logs\DC_Sysmon_ws.evtx,Classic,0,"{""EventData"":{""Data"":[{""@Name"":""RuleName"",""#text"":""Suspicious,ImageBeginWithBackslash""},{""@Name"":""EventType"",""#text"":""SetValue""},{""@Name"":""UtcTime"",""#text"":""2026-03-30 18:45:43.971""},{""@Name"":""ProcessGuid"",""#text"":""c9182e32-c416-69ca-0401-000000000900""},{""@Name"":""ProcessId"",""#text"":""5336""},{""@Name"":""Image"",""#text"":""\\\\?\\C:\\Windows\\system32\\wbem\\WMIADAP.EXE""},{""@Name"":""TargetObject"",""#text"":""HKLM\\SOFTWARE\\Microsoft\\Wbem\\WDM\\DREDGE\\C:\\Windows\\System32\\drivers\\en-US\\processr.sys.mui[PROCESSORWMI]""},{""@Name"":""Details"",""#text"":""LowDateTime:-1326610169,HighDateTime:30884786***Binary mof compiled successfully""},{""@Name"":""User"",""#text"":""NT AUTHORITY\\SYSTEM""}]}}"
384,384,2026-03-30 18:45:43.9726376,13,Info,Microsoft-Windows-Sysmon,Microsoft-Windows-Sysmon/Operational,2448,4460,DC01.corp.local,7,S-1-5-18,RegistryEvent (Value Set),NT AUTHORITY\SYSTEM,,"ProcessID: 5336, ProcessGUID: c9182e32-c416-69ca-0401-000000000900","RuleName: Suspicious,ImageBeginWithBackslash",Image: \\?\C:\Windows\system32\wbem\WMIADAP.EXE,EventType: SetValue,TargetObject: HKLM\SOFTWARE\Microsoft\Wbem\WDM\DREDGE\C:\Windows\System32\drivers\HDAudBus.sys[HDAudioMofName],"Details: LowDateTime:1752255932,HighDateTime:30884775***Binary mof compiled successfully",,False,C:\Users\owunc\Desktop\lab_logs\DC_Sysmon_ws.evtx,Classic,0,"{""EventData"":{""Data"":[{""@Name"":""RuleName"",""#text"":""Suspicious,ImageBeginWithBackslash""},{""@Name"":""EventType"",""#text"":""SetValue""},{""@Name"":""UtcTime"",""#text"":""2026-03-30 18:45:43.971""},{""@Name"":""ProcessGuid"",""#text"":""c9182e32-c416-69ca-0401-000000000900""},{""@Name"":""ProcessId"",""#text"":""5336""},{""@Name"":""Image"",""#text"":""\\\\?\\C:\\Windows\\system32\\wbem\\WMIADAP.EXE""},{""@Name"":""TargetObject"",""#text"":""HKLM\\SOFTWARE\\Microsoft\\Wbem\\WDM\\DREDGE\\C:\\Windows\\System32\\drivers\\HDAudBus.sys[HDAudioMofName]""},{""@Name"":""Details"",""#text"":""LowDateTime:1752255932,HighDateTime:30884775***Binary mof compiled successfully""},{""@Name"":""User"",""#text"":""NT AUTHORITY\\SYSTEM""}]}}"
385,385,2026-03-30 18:45:43.9727366,13,Info,Microsoft-Windows-Sysmon,Microsoft-Windows-Sysmon/Operational,2448,4460,DC01.corp.local,7,S-1-5-18,RegistryEvent (Value Set),NT AUTHORITY\SYSTEM,,"ProcessID: 5336, ProcessGUID: c9182e32-c416-69ca-0401-000000000900","RuleName: Suspicious,ImageBeginWithBackslash",Image: \\?\C:\Windows\system32\wbem\WMIADAP.EXE,EventType: SetValue,TargetObject: HKLM\SOFTWARE\Microsoft\Wbem\WDM\DREDGE\C:\Windows\System32\drivers\mssmbios.sys[MofResource],"Details: LowDateTime:1775068749,HighDateTime:30884775***Binary mof compiled successfully",,False,C:\Users\owunc\Desktop\lab_logs\DC_Sysmon_ws.evtx,Classic,0,"{""EventData"":{""Data"":[{""@Name"":""RuleName"",""#text"":""Suspicious,ImageBeginWithBackslash""},{""@Name"":""EventType"",""#text"":""SetValue""},{""@Name"":""UtcTime"",""#text"":""2026-03-30 18:45:43.971""},{""@Name"":""ProcessGuid"",""#text"":""c9182e32-c416-69ca-0401-000000000900""},{""@Name"":""ProcessId"",""#text"":""5336""},{""@Name"":""Image"",""#text"":""\\\\?\\C:\\Windows\\system32\\wbem\\WMIADAP.EXE""},{""@Name"":""TargetObject"",""#text"":""HKLM\\SOFTWARE\\Microsoft\\Wbem\\WDM\\DREDGE\\C:\\Windows\\System32\\drivers\\mssmbios.sys[MofResource]""},{""@Name"":""Details"",""#text"":""LowDateTime:1775068749,HighDateTime:30884775***Binary mof compiled successfully""},{""@Name"":""User"",""#text"":""NT AUTHORITY\\SYSTEM""}]}}"
386,386,2026-03-30 18:45:43.9727717,13,Info,Microsoft-Windows-Sysmon,Microsoft-Windows-Sysmon/Operational,2448,4460,DC01.corp.local,7,S-1-5-18,RegistryEvent (Value Set),NT AUTHORITY\SYSTEM,,"ProcessID: 5336, ProcessGUID: c9182e32-c416-69ca-0401-000000000900","RuleName: Suspicious,ImageBeginWithBackslash",Image: \\?\C:\Windows\system32\wbem\WMIADAP.EXE,EventType: SetValue,TargetObject: HKLM\SOFTWARE\Microsoft\Wbem\WDM\DREDGE\C:\Windows\System32\Drivers\portcls.SYS[PortclsMof],"Details: LowDateTime:1758662234,HighDateTime:30884775***Binary mof compiled successfully",,False,C:\Users\owunc\Desktop\lab_logs\DC_Sysmon_ws.evtx,Classic,0,"{""EventData"":{""Data"":[{""@Name"":""RuleName"",""#text"":""Suspicious,ImageBeginWithBackslash""},{""@Name"":""EventType"",""#text"":""SetValue""},{""@Name"":""UtcTime"",""#text"":""2026-03-30 18:45:43.971""},{""@Name"":""ProcessGuid"",""#text"":""c9182e32-c416-69ca-0401-000000000900""},{""@Name"":""ProcessId"",""#text"":""5336""},{""@Name"":""Image"",""#text"":""\\\\?\\C:\\Windows\\system32\\wbem\\WMIADAP.EXE""},{""@Name"":""TargetObject"",""#text"":""HKLM\\SOFTWARE\\Microsoft\\Wbem\\WDM\\DREDGE\\C:\\Windows\\System32\\Drivers\\portcls.SYS[PortclsMof]""},{""@Name"":""Details"",""#text"":""LowDateTime:1758662234,HighDateTime:30884775***Binary mof compiled successfully""},{""@Name"":""User"",""#text"":""NT AUTHORITY\\SYSTEM""}]}}"
387,387,2026-03-30 18:45:43.9728042,13,Info,Microsoft-Windows-Sysmon,Microsoft-Windows-Sysmon/Operational,2448,4460,DC01.corp.local,7,S-1-5-18,RegistryEvent (Value Set),NT AUTHORITY\SYSTEM,,"ProcessID: 5336, ProcessGUID: c9182e32-c416-69ca-0401-000000000900","RuleName: Suspicious,ImageBeginWithBackslash",Image: \\?\C:\Windows\system32\wbem\WMIADAP.EXE,EventType: SetValue,TargetObject: HKLM\SOFTWARE\Microsoft\Wbem\WDM\DREDGE\C:\Windows\System32\drivers\monitor.sys[MonitorWMI],"Details: LowDateTime:1759912280,HighDateTime:30884775***Binary mof failed, see WMIPROV.LOG",,False,C:\Users\owunc\Desktop\lab_logs\DC_Sysmon_ws.evtx,Classic,0,"{""EventData"":{""Data"":[{""@Name"":""RuleName"",""#text"":""Suspicious,ImageBeginWithBackslash""},{""@Name"":""EventType"",""#text"":""SetValue""},{""@Name"":""UtcTime"",""#text"":""2026-03-30 18:45:43.971""},{""@Name"":""ProcessGuid"",""#text"":""c9182e32-c416-69ca-0401-000000000900""},{""@Name"":""ProcessId"",""#text"":""5336""},{""@Name"":""Image"",""#text"":""\\\\?\\C:\\Windows\\system32\\wbem\\WMIADAP.EXE""},{""@Name"":""TargetObject"",""#text"":""HKLM\\SOFTWARE\\Microsoft\\Wbem\\WDM\\DREDGE\\C:\\Windows\\System32\\drivers\\monitor.sys[MonitorWMI]""},{""@Name"":""Details"",""#text"":""LowDateTime:1759912280,HighDateTime:30884775***Binary mof failed, see WMIPROV.LOG""},{""@Name"":""User"",""#text"":""NT AUTHORITY\\SYSTEM""}]}}"
388,388,2026-03-30 18:45:43.9728350,13,Info,Microsoft-Windows-Sysmon,Microsoft-Windows-Sysmon/Operational,2448,4460,DC01.corp.local,7,S-1-5-18,RegistryEvent (Value Set),NT AUTHORITY\SYSTEM,,"ProcessID: 5336, ProcessGUID: c9182e32-c416-69ca-0401-000000000900","RuleName: Suspicious,ImageBeginWithBackslash",Image: \\?\C:\Windows\system32\wbem\WMIADAP.EXE,EventType: SetValue,TargetObject: HKLM\SOFTWARE\Microsoft\Wbem\PROVIDERS\Performance\Performance Refresh,Details: DWORD (0x00000000),,False,C:\Users\owunc\Desktop\lab_logs\DC_Sysmon_ws.evtx,Classic,0,"{""EventData"":{""Data"":[{""@Name"":""RuleName"",""#text"":""Suspicious,ImageBeginWithBackslash""},{""@Name"":""EventType"",""#text"":""SetValue""},{""@Name"":""UtcTime"",""#text"":""2026-03-30 18:45:43.971""},{""@Name"":""ProcessGuid"",""#text"":""c9182e32-c416-69ca-0401-000000000900""},{""@Name"":""ProcessId"",""#text"":""5336""},{""@Name"":""Image"",""#text"":""\\\\?\\C:\\Windows\\system32\\wbem\\WMIADAP.EXE""},{""@Name"":""TargetObject"",""#text"":""HKLM\\SOFTWARE\\Microsoft\\Wbem\\PROVIDERS\\Performance\\Performance Refresh""},{""@Name"":""Details"",""#text"":""DWORD (0x00000000)""},{""@Name"":""User"",""#text"":""NT AUTHORITY\\SYSTEM""}]}}"
389,389,2026-03-30 18:45:43.9728638,13,Info,Microsoft-Windows-Sysmon,Microsoft-Windows-Sysmon/Operational,2448,4460,DC01.corp.local,7,S-1-5-18,RegistryEvent (Value Set),NT AUTHORITY\SYSTEM,,"ProcessID: 5336, ProcessGUID: c9182e32-c416-69ca-0401-000000000900","RuleName: Suspicious,ImageBeginWithBackslash",Image: \\?\C:\Windows\system32\wbem\WMIADAP.EXE,EventType: SetValue,TargetObject: HKLM\SOFTWARE\Microsoft\Wbem\PROVIDERS\Performance\Performance Refreshed,Details: DWORD (0x00000001),,False,C:\Users\owunc\Desktop\lab_logs\DC_Sysmon_ws.evtx,Classic,0,"{""EventData"":{""Data"":[{""@Name"":""RuleName"",""#text"":""Suspicious,ImageBeginWithBackslash""},{""@Name"":""EventType"",""#text"":""SetValue""},{""@Name"":""UtcTime"",""#text"":""2026-03-30 18:45:43.971""},{""@Name"":""ProcessGuid"",""#text"":""c9182e32-c416-69ca-0401-000000000900""},{""@Name"":""ProcessId"",""#text"":""5336""},{""@Name"":""Image"",""#text"":""\\\\?\\C:\\Windows\\system32\\wbem\\WMIADAP.EXE""},{""@Name"":""TargetObject"",""#text"":""HKLM\\SOFTWARE\\Microsoft\\Wbem\\PROVIDERS\\Performance\\Performance Refreshed""},{""@Name"":""Details"",""#text"":""DWORD (0x00000001)""},{""@Name"":""User"",""#text"":""NT AUTHORITY\\SYSTEM""}]}}"
390,390,2026-03-30 18:48:20.8935850,22,Info,Microsoft-Windows-Sysmon,Microsoft-Windows-Sysmon/Operational,2448,4476,DC01.corp.local,7,S-1-5-18,DNSEvent (DNS query),NT AUTHORITY\NETWORK SERVICE,,"ProcessID: 1272, ProcessGUID: c9182e32-c31d-69ca-1a00-000000000900",RuleName: -,Image: C:\Windows\System32\svchost.exe,QueryName: DC01,QueryStatus: 0,QueryResults: fe80::edbf:7020:ccdd:502e;::ffff:192.168.93.50;,,False,C:\Users\owunc\Desktop\lab_logs\DC_Sysmon_ws.evtx,Classic,0,"{""EventData"":{""Data"":[{""@Name"":""RuleName"",""#text"":""-""},{""@Name"":""UtcTime"",""#text"":""2026-03-30 18:48:18.817""},{""@Name"":""ProcessGuid"",""#text"":""c9182e32-c31d-69ca-1a00-000000000900""},{""@Name"":""ProcessId"",""#text"":""1272""},{""@Name"":""QueryName"",""#text"":""DC01""},{""@Name"":""QueryStatus"",""#text"":""0""},{""@Name"":""QueryResults"",""#text"":""fe80::edbf:7020:ccdd:502e;::ffff:192.168.93.50;""},{""@Name"":""Image"",""#text"":""C:\\Windows\\System32\\svchost.exe""},{""@Name"":""User"",""#text"":""NT AUTHORITY\\NETWORK SERVICE""}]}}"
391,391,2026-03-30 18:48:49.8523300,1,Info,Microsoft-Windows-Sysmon,Microsoft-Windows-Sysmon/Operational,2448,4460,DC01.corp.local,7,S-1-5-18,Process creation,NT AUTHORITY\SYSTEM,,"ProcessID: 5500, ProcessGUID: c9182e32-c591-69ca-0601-000000000900",RuleName: -,"MD5=2140DCCDD4DAB65241C309DF02CE09A2,SHA256=3C0C59F36292F63B80B3A143635A5EAC0C7CB149261C99249A668AABEE2650C0,IMPHASH=E3FA2980E95BEAAF4EA84962D2493198",ParentProcess: C:\Windows\System32\svchost.exe,"ParentProcessID: 1696, ParentProcessGUID: c9182e32-c31d-69ca-2100-000000000900",ParentCommandLine: C:\Windows\system32\svchost.exe -k netsvcs -p -s Schedule,C:\Windows\system32\lpremove.exe,False,C:\Users\owunc\Desktop\lab_logs\DC_Sysmon_ws.evtx,Classic,0,"{""EventData"":{""Data"":[{""@Name"":""RuleName"",""#text"":""-""},{""@Name"":""UtcTime"",""#text"":""2026-03-30 18:48:49.849""},{""@Name"":""ProcessGuid"",""#text"":""c9182e32-c591-69ca-0601-000000000900""},{""@Name"":""ProcessId"",""#text"":""5500""},{""@Name"":""Image"",""#text"":""C:\\Windows\\System32\\lpremove.exe""},{""@Name"":""FileVersion"",""#text"":""10.0.20348.1 (WinBuild.160101.0800)""},{""@Name"":""Description"",""#text"":""MUI Language pack cleanup""},{""@Name"":""Product"",""#text"":""Microsoft® Windows® Operating System""},{""@Name"":""Company"",""#text"":""Microsoft Corporation""},{""@Name"":""OriginalFileName"",""#text"":""lpremove.exe""},{""@Name"":""CommandLine"",""#text"":""C:\\Windows\\system32\\lpremove.exe""},{""@Name"":""CurrentDirectory"",""#text"":""C:\\Windows\\system32\\""},{""@Name"":""User"",""#text"":""NT AUTHORITY\\SYSTEM""},{""@Name"":""LogonGuid"",""#text"":""c9182e32-c31a-69ca-e703-000000000000""},{""@Name"":""LogonId"",""#text"":""0x3E7""},{""@Name"":""TerminalSessionId"",""#text"":""0""},{""@Name"":""IntegrityLevel"",""#text"":""System""},{""@Name"":""Hashes"",""#text"":""MD5=2140DCCDD4DAB65241C309DF02CE09A2,SHA256=3C0C59F36292F63B80B3A143635A5EAC0C7CB149261C99249A668AABEE2650C0,IMPHASH=E3FA2980E95BEAAF4EA84962D2493198""},{""@Name"":""ParentProcessGuid"",""#text"":""c9182e32-c31d-69ca-2100-000000000900""},{""@Name"":""ParentProcessId"",""#text"":""1696""},{""@Name"":""ParentImage"",""#text"":""C:\\Windows\\System32\\svchost.exe""},{""@Name"":""ParentCommandLine"",""#text"":""C:\\Windows\\system32\\svchost.exe -k netsvcs -p -s Schedule""},{""@Name"":""ParentUser"",""#text"":""NT AUTHORITY\\SYSTEM""}]}}"
392,392,2026-03-30 18:48:49.8568743,1,Info,Microsoft-Windows-Sysmon,Microsoft-Windows-Sysmon/Operational,2448,4460,DC01.corp.local,7,S-1-5-18,Process creation,NT AUTHORITY\SYSTEM,,"ProcessID: 4684, ProcessGUID: c9182e32-c591-69ca-0801-000000000900",RuleName: -,"MD5=5487316514F4ADA7E6E0BD9EAA2256E7,SHA256=F447AE2E838D4DE71CA4BABA321FEA67DABB38AA4321EFAC81F3FF03CF55FE0A,IMPHASH=1C4E2D9936E4D9F2490B08AAB4D24260",ParentProcess: C:\Windows\System32\svchost.exe,"ParentProcessID: 1696, ParentProcessGUID: c9182e32-c31d-69ca-2100-000000000900",ParentCommandLine: C:\Windows\system32\svchost.exe -k netsvcs -p -s Schedule,taskhostw.exe Uninstall,False,C:\Users\owunc\Desktop\lab_logs\DC_Sysmon_ws.evtx,Classic,0,"{""EventData"":{""Data"":[{""@Name"":""RuleName"",""#text"":""-""},{""@Name"":""UtcTime"",""#text"":""2026-03-30 18:48:49.855""},{""@Name"":""ProcessGuid"",""#text"":""c9182e32-c591-69ca-0801-000000000900""},{""@Name"":""ProcessId"",""#text"":""4684""},{""@Name"":""Image"",""#text"":""C:\\Windows\\System32\\taskhostw.exe""},{""@Name"":""FileVersion"",""#text"":""10.0.20348.1 (WinBuild.160101.0800)""},{""@Name"":""Description"",""#text"":""Host Process for Windows Tasks""},{""@Name"":""Product"",""#text"":""Microsoft® Windows® Operating System""},{""@Name"":""Company"",""#text"":""Microsoft Corporation""},{""@Name"":""OriginalFileName"",""#text"":""taskhostw.exe""},{""@Name"":""CommandLine"",""#text"":""taskhostw.exe Uninstall""},{""@Name"":""CurrentDirectory"",""#text"":""C:\\Windows\\system32\\""},{""@Name"":""User"",""#text"":""NT AUTHORITY\\SYSTEM""},{""@Name"":""LogonGuid"",""#text"":""c9182e32-c31a-69ca-e703-000000000000""},{""@Name"":""LogonId"",""#text"":""0x3E7""},{""@Name"":""TerminalSessionId"",""#text"":""0""},{""@Name"":""IntegrityLevel"",""#text"":""System""},{""@Name"":""Hashes"",""#text"":""MD5=5487316514F4ADA7E6E0BD9EAA2256E7,SHA256=F447AE2E838D4DE71CA4BABA321FEA67DABB38AA4321EFAC81F3FF03CF55FE0A,IMPHASH=1C4E2D9936E4D9F2490B08AAB4D24260""},{""@Name"":""ParentProcessGuid"",""#text"":""c9182e32-c31d-69ca-2100-000000000900""},{""@Name"":""ParentProcessId"",""#text"":""1696""},{""@Name"":""ParentImage"",""#text"":""C:\\Windows\\System32\\svchost.exe""},{""@Name"":""ParentCommandLine"",""#text"":""C:\\Windows\\system32\\svchost.exe -k netsvcs -p -s Schedule""},{""@Name"":""ParentUser"",""#text"":""NT AUTHORITY\\SYSTEM""}]}}"
393,393,2026-03-30 18:48:49.8983406,1,Info,Microsoft-Windows-Sysmon,Microsoft-Windows-Sysmon/Operational,2448,4460,DC01.corp.local,7,S-1-5-18,Process creation,NT AUTHORITY\SYSTEM,,"ProcessID: 1380, ProcessGUID: c9182e32-c591-69ca-0901-000000000900",RuleName: -,"MD5=464D0D44C67DD965EE607CFCD99A48AB,SHA256=B864B5AF5F77F4A5D0FE8E22B240C34691D49815BC7FE3B7FAC7E1C959CBE528,IMPHASH=6CDFF17098638A6205128AAF982E8871",ParentProcess: C:\Windows\System32\services.exe,"ParentProcessID: 716, ParentProcessGUID: c9182e32-c31a-69ca-0b00-000000000900",ParentCommandLine: C:\Windows\system32\services.exe,C:\Windows\servicing\TrustedInstaller.exe,False,C:\Users\owunc\Desktop\lab_logs\DC_Sysmon_ws.evtx,Classic,0,"{""EventData"":{""Data"":[{""@Name"":""RuleName"",""#text"":""-""},{""@Name"":""UtcTime"",""#text"":""2026-03-30 18:48:49.882""},{""@Name"":""ProcessGuid"",""#text"":""c9182e32-c591-69ca-0901-000000000900""},{""@Name"":""ProcessId"",""#text"":""1380""},{""@Name"":""Image"",""#text"":""C:\\Windows\\servicing\\TrustedInstaller.exe""},{""@Name"":""FileVersion"",""#text"":""10.0.20348.502 (WinBuild.160101.0800)""},{""@Name"":""Description"",""#text"":""Windows Modules Installer""},{""@Name"":""Product"",""#text"":""Microsoft® Windows® Operating System""},{""@Name"":""Company"",""#text"":""Microsoft Corporation""},{""@Name"":""OriginalFileName"",""#text"":""TrustedInstaller.exe""},{""@Name"":""CommandLine"",""#text"":""C:\\Windows\\servicing\\TrustedInstaller.exe""},{""@Name"":""CurrentDirectory"",""#text"":""C:\\Windows\\system32\\""},{""@Name"":""User"",""#text"":""NT AUTHORITY\\SYSTEM""},{""@Name"":""LogonGuid"",""#text"":""c9182e32-c31a-69ca-e703-000000000000""},{""@Name"":""LogonId"",""#text"":""0x3E7""},{""@Name"":""TerminalSessionId"",""#text"":""0""},{""@Name"":""IntegrityLevel"",""#text"":""System""},{""@Name"":""Hashes"",""#text"":""MD5=464D0D44C67DD965EE607CFCD99A48AB,SHA256=B864B5AF5F77F4A5D0FE8E22B240C34691D49815BC7FE3B7FAC7E1C959CBE528,IMPHASH=6CDFF17098638A6205128AAF982E8871""},{""@Name"":""ParentProcessGuid"",""#text"":""c9182e32-c31a-69ca-0b00-000000000900""},{""@Name"":""ParentProcessId"",""#text"":""716""},{""@Name"":""ParentImage"",""#text"":""C:\\Windows\\System32\\services.exe""},{""@Name"":""ParentCommandLine"",""#text"":""C:\\Windows\\system32\\services.exe""},{""@Name"":""ParentUser"",""#text"":""NT AUTHORITY\\SYSTEM""}]}}"
394,394,2026-03-30 18:48:49.9147318,1,Info,Microsoft-Windows-Sysmon,Microsoft-Windows-Sysmon/Operational,2448,4460,DC01.corp.local,7,S-1-5-18,Process creation,NT AUTHORITY\SYSTEM,,"ProcessID: 4188, ProcessGUID: c9182e32-c591-69ca-0a01-000000000900",RuleName: -,"MD5=0B6F22DA11CC77C46AA67EE6B6C3EAD0,SHA256=E4C3EB66ECB2E946924031191D761A59DEBE940BE7F019FED78C8B558D67EE47,IMPHASH=D841FC50F72911FF192FAF83F874E4DF",ParentProcess: C:\Windows\System32\svchost.exe,"ParentProcessID: 948, ParentProcessGUID: c9182e32-c31b-69ca-0d00-000000000900",ParentCommandLine: C:\Windows\system32\svchost.exe -k DcomLaunch -p,C:\Windows\winsxs\amd64_microsoft-windows-servicingstack_31bf3856ad364e35_10.0.20348.557_none_f1edaeb8515fa10d\TiWorker.exe -Embedding,False,C:\Users\owunc\Desktop\lab_logs\DC_Sysmon_ws.evtx,Classic,0,"{""EventData"":{""Data"":[{""@Name"":""RuleName"",""#text"":""-""},{""@Name"":""UtcTime"",""#text"":""2026-03-30 18:48:49.910""},{""@Name"":""ProcessGuid"",""#text"":""c9182e32-c591-69ca-0a01-000000000900""},{""@Name"":""ProcessId"",""#text"":""4188""},{""@Name"":""Image"",""#text"":""C:\\Windows\\WinSxS\\amd64_microsoft-windows-servicingstack_31bf3856ad364e35_10.0.20348.557_none_f1edaeb8515fa10d\\TiWorker.exe""},{""@Name"":""FileVersion"",""#text"":""10.0.20348.557 (WinBuild.160101.0800)""},{""@Name"":""Description"",""#text"":""Windows Modules Installer Worker""},{""@Name"":""Product"",""#text"":""Microsoft® Windows® Operating System""},{""@Name"":""Company"",""#text"":""Microsoft Corporation""},{""@Name"":""OriginalFileName"",""#text"":""TiWorker.exe""},{""@Name"":""CommandLine"",""#text"":""C:\\Windows\\winsxs\\amd64_microsoft-windows-servicingstack_31bf3856ad364e35_10.0.20348.557_none_f1edaeb8515fa10d\\TiWorker.exe -Embedding""},{""@Name"":""CurrentDirectory"",""#text"":""C:\\Windows\\system32\\""},{""@Name"":""User"",""#text"":""NT AUTHORITY\\SYSTEM""},{""@Name"":""LogonGuid"",""#text"":""c9182e32-c31a-69ca-e703-000000000000""},{""@Name"":""LogonId"",""#text"":""0x3E7""},{""@Name"":""TerminalSessionId"",""#text"":""0""},{""@Name"":""IntegrityLevel"",""#text"":""System""},{""@Name"":""Hashes"",""#text"":""MD5=0B6F22DA11CC77C46AA67EE6B6C3EAD0,SHA256=E4C3EB66ECB2E946924031191D761A59DEBE940BE7F019FED78C8B558D67EE47,IMPHASH=D841FC50F72911FF192FAF83F874E4DF""},{""@Name"":""ParentProcessGuid"",""#text"":""c9182e32-c31b-69ca-0d00-000000000900""},{""@Name"":""ParentProcessId"",""#text"":""948""},{""@Name"":""ParentImage"",""#text"":""C:\\Windows\\System32\\svchost.exe""},{""@Name"":""ParentCommandLine"",""#text"":""C:\\Windows\\system32\\svchost.exe -k DcomLaunch -p""},{""@Name"":""ParentUser"",""#text"":""NT AUTHORITY\\SYSTEM""}]}}"
