207,207,2026-03-30 18:38:48.9014780,1,Info,Microsoft-Windows-Sysmon,Microsoft-Windows-Sysmon/Operational,2448,4460,DC01.corp.local,4,S-1-5-18,Process creation,NT AUTHORITY\SYSTEM,,"ProcessID: 5880, ProcessGUID: c9182e32-c338-69ca-6e00-000000000900",RuleName: -,"MD5=A550295A3AB5A8326F6C697AED19E00E,SHA256=E4645CB6092A470D4A60D04D15E760B9959FF25281E208C737C376F379CBF2CD,IMPHASH=615449A6A25801F47AE0D7578EB950B4",ParentProcess: C:\Windows\SysWOW64\WindowsPowerShell\v1.0\powershell.exe,"ParentProcessID: 4580, ParentProcessGUID: c9182e32-c326-69ca-5b00-000000000900","ParentCommandLine: powershell secedit /export /cfg $env:TEMP\secpol.cfg; Get-Content $env:TEMP\secpol.cfg | Select-String ""PasswordHistorySize""; Remove-Item $env:TEMP\secpol.cfg","""C:\Windows\system32\SecEdit.exe"" /export /cfg C:\Windows\TEMP\secpol.cfg",False,C:\Users\owunc\Desktop\lab_logs\DC_Sysmon_ws.evtx,Classic,0,"{""EventData"":{""Data"":[{""@Name"":""RuleName"",""#text"":""-""},{""@Name"":""UtcTime"",""#text"":""2026-03-30 18:38:48.899""},{""@Name"":""ProcessGuid"",""#text"":""c9182e32-c338-69ca-6e00-000000000900""},{""@Name"":""ProcessId"",""#text"":""5880""},{""@Name"":""Image"",""#text"":""C:\\Windows\\SysWOW64\\SecEdit.exe""},{""@Name"":""FileVersion"",""#text"":""10.0.20348.1 (WinBuild.160101.0800)""},{""@Name"":""Description"",""#text"":""Windows Security Configuration Editor Command Tool""},{""@Name"":""Product"",""#text"":""Microsoft® Windows® Operating System""},{""@Name"":""Company"",""#text"":""Microsoft Corporation""},{""@Name"":""OriginalFileName"",""#text"":""SeCEdit""},{""@Name"":""CommandLine"",""#text"":""\""C:\\Windows\\system32\\SecEdit.exe\"" /export /cfg C:\\Windows\\TEMP\\secpol.cfg""},{""@Name"":""CurrentDirectory"",""#text"":""C:\\Program Files (x86)\\ossec-agent\\""},{""@Name"":""User"",""#text"":""NT AUTHORITY\\SYSTEM""},{""@Name"":""LogonGuid"",""#text"":""c9182e32-c31a-69ca-e703-000000000000""},{""@Name"":""LogonId"",""#text"":""0x3E7""},{""@Name"":""TerminalSessionId"",""#text"":""0""},{""@Name"":""IntegrityLevel"",""#text"":""System""},{""@Name"":""Hashes"",""#text"":""MD5=A550295A3AB5A8326F6C697AED19E00E,SHA256=E4645CB6092A470D4A60D04D15E760B9959FF25281E208C737C376F379CBF2CD,IMPHASH=615449A6A25801F47AE0D7578EB950B4""},{""@Name"":""ParentProcessGuid"",""#text"":""c9182e32-c326-69ca-5b00-000000000900""},{""@Name"":""ParentProcessId"",""#text"":""4580""},{""@Name"":""ParentImage"",""#text"":""C:\\Windows\\SysWOW64\\WindowsPowerShell\\v1.0\\powershell.exe""},{""@Name"":""ParentCommandLine"",""#text"":""powershell secedit /export /cfg $env:TEMP\\secpol.cfg; Get-Content $env:TEMP\\secpol.cfg | Select-String \""PasswordHistorySize\""; Remove-Item $env:TEMP\\secpol.cfg""},{""@Name"":""ParentUser"",""#text"":""NT AUTHORITY\\SYSTEM""}]}}"
208,208,2026-03-30 18:38:48.9065152,1,Info,Microsoft-Windows-Sysmon,Microsoft-Windows-Sysmon/Operational,2448,4460,DC01.corp.local,4,S-1-5-18,Process creation,NT AUTHORITY\SYSTEM,,"ProcessID: 5896, ProcessGUID: c9182e32-c338-69ca-6f00-000000000900",RuleName: -,"MD5=9041407BE0BDCA2858AEBAD19E63EB14,SHA256=2BFCE8F56E3270DE28E13FF0C001FD8169223AAA21E12DDF68448E72F697FC48,IMPHASH=F201BCA438D2C46D950FC1DDB0A66687",ParentProcess: C:\ProgramData\Microsoft\Windows Defender\Platform\4.18.26020.6-0\MsMpEng.exe,"ParentProcessID: 2444, ParentProcessGUID: c9182e32-c326-69ca-4800-000000000900","ParentCommandLine: ""C:\ProgramData\Microsoft\Windows Defender\Platform\4.18.26020.6-0\MsMpEng.exe""","C:\Windows\system32\wevtutil.exe uninstall-manifest ""C:\ProgramData\Microsoft\Windows Defender\Platform\4.18.26020.6-0\Microsoft-Antimalware-Service.man""",False,C:\Users\owunc\Desktop\lab_logs\DC_Sysmon_ws.evtx,Classic,0,"{""EventData"":{""Data"":[{""@Name"":""RuleName"",""#text"":""-""},{""@Name"":""UtcTime"",""#text"":""2026-03-30 18:38:48.905""},{""@Name"":""ProcessGuid"",""#text"":""c9182e32-c338-69ca-6f00-000000000900""},{""@Name"":""ProcessId"",""#text"":""5896""},{""@Name"":""Image"",""#text"":""C:\\Windows\\System32\\wevtutil.exe""},{""@Name"":""FileVersion"",""#text"":""10.0.20348.1 (WinBuild.160101.0800)""},{""@Name"":""Description"",""#text"":""Eventing Command Line Utility""},{""@Name"":""Product"",""#text"":""Microsoft® Windows® Operating System""},{""@Name"":""Company"",""#text"":""Microsoft Corporation""},{""@Name"":""OriginalFileName"",""#text"":""wevtutil.exe""},{""@Name"":""CommandLine"",""#text"":""C:\\Windows\\system32\\wevtutil.exe uninstall-manifest \""C:\\ProgramData\\Microsoft\\Windows Defender\\Platform\\4.18.26020.6-0\\Microsoft-Antimalware-Service.man\""""},{""@Name"":""CurrentDirectory"",""#text"":""C:\\Windows\\system32\\""},{""@Name"":""User"",""#text"":""NT AUTHORITY\\SYSTEM""},{""@Name"":""LogonGuid"",""#text"":""c9182e32-c31a-69ca-e703-000000000000""},{""@Name"":""LogonId"",""#text"":""0x3E7""},{""@Name"":""TerminalSessionId"",""#text"":""0""},{""@Name"":""IntegrityLevel"",""#text"":""System""},{""@Name"":""Hashes"",""#text"":""MD5=9041407BE0BDCA2858AEBAD19E63EB14,SHA256=2BFCE8F56E3270DE28E13FF0C001FD8169223AAA21E12DDF68448E72F697FC48,IMPHASH=F201BCA438D2C46D950FC1DDB0A66687""},{""@Name"":""ParentProcessGuid"",""#text"":""c9182e32-c326-69ca-4800-000000000900""},{""@Name"":""ParentProcessId"",""#text"":""2444""},{""@Name"":""ParentImage"",""#text"":""C:\\ProgramData\\Microsoft\\Windows Defender\\Platform\\4.18.26020.6-0\\MsMpEng.exe""},{""@Name"":""ParentCommandLine"",""#text"":""\""C:\\ProgramData\\Microsoft\\Windows Defender\\Platform\\4.18.26020.6-0\\MsMpEng.exe\""""},{""@Name"":""ParentUser"",""#text"":""NT AUTHORITY\\SYSTEM""}]}}"
209,209,2026-03-30 18:38:48.9454583,1,Info,Microsoft-Windows-Sysmon,Microsoft-Windows-Sysmon/Operational,2448,4460,DC01.corp.local,4,S-1-5-18,Process creation,NT AUTHORITY\SYSTEM,,"ProcessID: 5952, ProcessGUID: c9182e32-c338-69ca-7100-000000000900",RuleName: -,"MD5=9041407BE0BDCA2858AEBAD19E63EB14,SHA256=2BFCE8F56E3270DE28E13FF0C001FD8169223AAA21E12DDF68448E72F697FC48,IMPHASH=F201BCA438D2C46D950FC1DDB0A66687",ParentProcess: C:\ProgramData\Microsoft\Windows Defender\Platform\4.18.26020.6-0\MsMpEng.exe,"ParentProcessID: 2444, ParentProcessGUID: c9182e32-c326-69ca-4800-000000000900","ParentCommandLine: ""C:\ProgramData\Microsoft\Windows Defender\Platform\4.18.26020.6-0\MsMpEng.exe""","C:\Windows\system32\wevtutil.exe install-manifest ""C:\ProgramData\Microsoft\Windows Defender\Platform\4.18.26020.6-0\Microsoft-Antimalware-Service.man"" ""/resourceFilePath:C:\ProgramData\Microsoft\Windows Defender\Platform\4.18.26020.6-0\MpSvc.dll"" ""/messageFilePath:C:\ProgramData\Microsoft\Windows Defender\Platform\4.18.26020.6-0\MpSvc.dll"" ""/parameterFilePath:C:\ProgramData\Microsoft\Windows Defender\Platform\4.18.26020.6-0\MpSvc.dll""",False,C:\Users\owunc\Desktop\lab_logs\DC_Sysmon_ws.evtx,Classic,0,"{""EventData"":{""Data"":[{""@Name"":""RuleName"",""#text"":""-""},{""@Name"":""UtcTime"",""#text"":""2026-03-30 18:38:48.944""},{""@Name"":""ProcessGuid"",""#text"":""c9182e32-c338-69ca-7100-000000000900""},{""@Name"":""ProcessId"",""#text"":""5952""},{""@Name"":""Image"",""#text"":""C:\\Windows\\System32\\wevtutil.exe""},{""@Name"":""FileVersion"",""#text"":""10.0.20348.1 (WinBuild.160101.0800)""},{""@Name"":""Description"",""#text"":""Eventing Command Line Utility""},{""@Name"":""Product"",""#text"":""Microsoft® Windows® Operating System""},{""@Name"":""Company"",""#text"":""Microsoft Corporation""},{""@Name"":""OriginalFileName"",""#text"":""wevtutil.exe""},{""@Name"":""CommandLine"",""#text"":""C:\\Windows\\system32\\wevtutil.exe install-manifest \""C:\\ProgramData\\Microsoft\\Windows Defender\\Platform\\4.18.26020.6-0\\Microsoft-Antimalware-Service.man\"" \""/resourceFilePath:C:\\ProgramData\\Microsoft\\Windows Defender\\Platform\\4.18.26020.6-0\\MpSvc.dll\"" \""/messageFilePath:C:\\ProgramData\\Microsoft\\Windows Defender\\Platform\\4.18.26020.6-0\\MpSvc.dll\"" \""/parameterFilePath:C:\\ProgramData\\Microsoft\\Windows Defender\\Platform\\4.18.26020.6-0\\MpSvc.dll\""""},{""@Name"":""CurrentDirectory"",""#text"":""C:\\Windows\\system32\\""},{""@Name"":""User"",""#text"":""NT AUTHORITY\\SYSTEM""},{""@Name"":""LogonGuid"",""#text"":""c9182e32-c31a-69ca-e703-000000000000""},{""@Name"":""LogonId"",""#text"":""0x3E7""},{""@Name"":""TerminalSessionId"",""#text"":""0""},{""@Name"":""IntegrityLevel"",""#text"":""System""},{""@Name"":""Hashes"",""#text"":""MD5=9041407BE0BDCA2858AEBAD19E63EB14,SHA256=2BFCE8F56E3270DE28E13FF0C001FD8169223AAA21E12DDF68448E72F697FC48,IMPHASH=F201BCA438D2C46D950FC1DDB0A66687""},{""@Name"":""ParentProcessGuid"",""#text"":""c9182e32-c326-69ca-4800-000000000900""},{""@Name"":""ParentProcessId"",""#text"":""2444""},{""@Name"":""ParentImage"",""#text"":""C:\\ProgramData\\Microsoft\\Windows Defender\\Platform\\4.18.26020.6-0\\MsMpEng.exe""},{""@Name"":""ParentCommandLine"",""#text"":""\""C:\\ProgramData\\Microsoft\\Windows Defender\\Platform\\4.18.26020.6-0\\MsMpEng.exe\""""},{""@Name"":""ParentUser"",""#text"":""NT AUTHORITY\\SYSTEM""}]}}"
210,210,2026-03-30 18:38:48.9994006,1,Info,Microsoft-Windows-Sysmon,Microsoft-Windows-Sysmon/Operational,2448,4460,DC01.corp.local,4,S-1-5-18,Process creation,NT AUTHORITY\SYSTEM,,"ProcessID: 6012, ProcessGUID: c9182e32-c338-69ca-7300-000000000900",RuleName: -,"MD5=9041407BE0BDCA2858AEBAD19E63EB14,SHA256=2BFCE8F56E3270DE28E13FF0C001FD8169223AAA21E12DDF68448E72F697FC48,IMPHASH=F201BCA438D2C46D950FC1DDB0A66687",ParentProcess: C:\ProgramData\Microsoft\Windows Defender\Platform\4.18.26020.6-0\MsMpEng.exe,"ParentProcessID: 2444, ParentProcessGUID: c9182e32-c326-69ca-4800-000000000900","ParentCommandLine: ""C:\ProgramData\Microsoft\Windows Defender\Platform\4.18.26020.6-0\MsMpEng.exe""","C:\Windows\system32\wevtutil.exe uninstall-manifest ""C:\ProgramData\Microsoft\Windows Defender\Platform\4.18.26020.6-0\Microsoft-Antimalware-NIS.man""",False,C:\Users\owunc\Desktop\lab_logs\DC_Sysmon_ws.evtx,Classic,0,"{""EventData"":{""Data"":[{""@Name"":""RuleName"",""#text"":""-""},{""@Name"":""UtcTime"",""#text"":""2026-03-30 18:38:48.998""},{""@Name"":""ProcessGuid"",""#text"":""c9182e32-c338-69ca-7300-000000000900""},{""@Name"":""ProcessId"",""#text"":""6012""},{""@Name"":""Image"",""#text"":""C:\\Windows\\System32\\wevtutil.exe""},{""@Name"":""FileVersion"",""#text"":""10.0.20348.1 (WinBuild.160101.0800)""},{""@Name"":""Description"",""#text"":""Eventing Command Line Utility""},{""@Name"":""Product"",""#text"":""Microsoft® Windows® Operating System""},{""@Name"":""Company"",""#text"":""Microsoft Corporation""},{""@Name"":""OriginalFileName"",""#text"":""wevtutil.exe""},{""@Name"":""CommandLine"",""#text"":""C:\\Windows\\system32\\wevtutil.exe uninstall-manifest \""C:\\ProgramData\\Microsoft\\Windows Defender\\Platform\\4.18.26020.6-0\\Microsoft-Antimalware-NIS.man\""""},{""@Name"":""CurrentDirectory"",""#text"":""C:\\Windows\\system32\\""},{""@Name"":""User"",""#text"":""NT AUTHORITY\\SYSTEM""},{""@Name"":""LogonGuid"",""#text"":""c9182e32-c31a-69ca-e703-000000000000""},{""@Name"":""LogonId"",""#text"":""0x3E7""},{""@Name"":""TerminalSessionId"",""#text"":""0""},{""@Name"":""IntegrityLevel"",""#text"":""System""},{""@Name"":""Hashes"",""#text"":""MD5=9041407BE0BDCA2858AEBAD19E63EB14,SHA256=2BFCE8F56E3270DE28E13FF0C001FD8169223AAA21E12DDF68448E72F697FC48,IMPHASH=F201BCA438D2C46D950FC1DDB0A66687""},{""@Name"":""ParentProcessGuid"",""#text"":""c9182e32-c326-69ca-4800-000000000900""},{""@Name"":""ParentProcessId"",""#text"":""2444""},{""@Name"":""ParentImage"",""#text"":""C:\\ProgramData\\Microsoft\\Windows Defender\\Platform\\4.18.26020.6-0\\MsMpEng.exe""},{""@Name"":""ParentCommandLine"",""#text"":""\""C:\\ProgramData\\Microsoft\\Windows Defender\\Platform\\4.18.26020.6-0\\MsMpEng.exe\""""},{""@Name"":""ParentUser"",""#text"":""NT AUTHORITY\\SYSTEM""}]}}"
211,211,2026-03-30 18:38:49.0342734,22,Info,Microsoft-Windows-Sysmon,Microsoft-Windows-Sysmon/Operational,2448,4476,DC01.corp.local,4,S-1-5-18,DNSEvent (DNS query),NT AUTHORITY\SYSTEM,,"ProcessID: 736, ProcessGUID: c9182e32-c31a-69ca-0c00-000000000900",RuleName: -,Image: C:\Windows\System32\lsass.exe,QueryName: _ldap._tcp.pdc._msdcs.corp.local.,QueryStatus: 1460,QueryResults: -,,False,C:\Users\owunc\Desktop\lab_logs\DC_Sysmon_ws.evtx,Classic,0,"{""EventData"":{""Data"":[{""@Name"":""RuleName"",""#text"":""-""},{""@Name"":""UtcTime"",""#text"":""2026-03-30 18:38:48.236""},{""@Name"":""ProcessGuid"",""#text"":""c9182e32-c31a-69ca-0c00-000000000900""},{""@Name"":""ProcessId"",""#text"":""736""},{""@Name"":""QueryName"",""#text"":""_ldap._tcp.pdc._msdcs.corp.local.""},{""@Name"":""QueryStatus"",""#text"":""1460""},{""@Name"":""QueryResults"",""#text"":""-""},{""@Name"":""Image"",""#text"":""C:\\Windows\\System32\\lsass.exe""},{""@Name"":""User"",""#text"":""NT AUTHORITY\\SYSTEM""}]}}"
212,212,2026-03-30 18:38:49.0378908,1,Info,Microsoft-Windows-Sysmon,Microsoft-Windows-Sysmon/Operational,2448,4460,DC01.corp.local,4,S-1-5-18,Process creation,NT AUTHORITY\SYSTEM,,"ProcessID: 6064, ProcessGUID: c9182e32-c339-69ca-7500-000000000900",RuleName: -,"MD5=9041407BE0BDCA2858AEBAD19E63EB14,SHA256=2BFCE8F56E3270DE28E13FF0C001FD8169223AAA21E12DDF68448E72F697FC48,IMPHASH=F201BCA438D2C46D950FC1DDB0A66687",ParentProcess: C:\ProgramData\Microsoft\Windows Defender\Platform\4.18.26020.6-0\MsMpEng.exe,"ParentProcessID: 2444, ParentProcessGUID: c9182e32-c326-69ca-4800-000000000900","ParentCommandLine: ""C:\ProgramData\Microsoft\Windows Defender\Platform\4.18.26020.6-0\MsMpEng.exe""","C:\Windows\system32\wevtutil.exe install-manifest ""C:\ProgramData\Microsoft\Windows Defender\Platform\4.18.26020.6-0\Microsoft-Antimalware-NIS.man"" ""/resourceFilePath:C:\ProgramData\Microsoft\Windows Defender\Platform\4.18.26020.6-0\NisSrv.exe"" ""/messageFilePath:C:\ProgramData\Microsoft\Windows Defender\Platform\4.18.26020.6-0\NisSrv.exe"" ""/parameterFilePath:C:\ProgramData\Microsoft\Windows Defender\Platform\4.18.26020.6-0\NisSrv.exe""",False,C:\Users\owunc\Desktop\lab_logs\DC_Sysmon_ws.evtx,Classic,0,"{""EventData"":{""Data"":[{""@Name"":""RuleName"",""#text"":""-""},{""@Name"":""UtcTime"",""#text"":""2026-03-30 18:38:49.037""},{""@Name"":""ProcessGuid"",""#text"":""c9182e32-c339-69ca-7500-000000000900""},{""@Name"":""ProcessId"",""#text"":""6064""},{""@Name"":""Image"",""#text"":""C:\\Windows\\System32\\wevtutil.exe""},{""@Name"":""FileVersion"",""#text"":""10.0.20348.1 (WinBuild.160101.0800)""},{""@Name"":""Description"",""#text"":""Eventing Command Line Utility""},{""@Name"":""Product"",""#text"":""Microsoft® Windows® Operating System""},{""@Name"":""Company"",""#text"":""Microsoft Corporation""},{""@Name"":""OriginalFileName"",""#text"":""wevtutil.exe""},{""@Name"":""CommandLine"",""#text"":""C:\\Windows\\system32\\wevtutil.exe install-manifest \""C:\\ProgramData\\Microsoft\\Windows Defender\\Platform\\4.18.26020.6-0\\Microsoft-Antimalware-NIS.man\"" \""/resourceFilePath:C:\\ProgramData\\Microsoft\\Windows Defender\\Platform\\4.18.26020.6-0\\NisSrv.exe\"" \""/messageFilePath:C:\\ProgramData\\Microsoft\\Windows Defender\\Platform\\4.18.26020.6-0\\NisSrv.exe\"" \""/parameterFilePath:C:\\ProgramData\\Microsoft\\Windows Defender\\Platform\\4.18.26020.6-0\\NisSrv.exe\""""},{""@Name"":""CurrentDirectory"",""#text"":""C:\\Windows\\system32\\""},{""@Name"":""User"",""#text"":""NT AUTHORITY\\SYSTEM""},{""@Name"":""LogonGuid"",""#text"":""c9182e32-c31a-69ca-e703-000000000000""},{""@Name"":""LogonId"",""#text"":""0x3E7""},{""@Name"":""TerminalSessionId"",""#text"":""0""},{""@Name"":""IntegrityLevel"",""#text"":""System""},{""@Name"":""Hashes"",""#text"":""MD5=9041407BE0BDCA2858AEBAD19E63EB14,SHA256=2BFCE8F56E3270DE28E13FF0C001FD8169223AAA21E12DDF68448E72F697FC48,IMPHASH=F201BCA438D2C46D950FC1DDB0A66687""},{""@Name"":""ParentProcessGuid"",""#text"":""c9182e32-c326-69ca-4800-000000000900""},{""@Name"":""ParentProcessId"",""#text"":""2444""},{""@Name"":""ParentImage"",""#text"":""C:\\ProgramData\\Microsoft\\Windows Defender\\Platform\\4.18.26020.6-0\\MsMpEng.exe""},{""@Name"":""ParentCommandLine"",""#text"":""\""C:\\ProgramData\\Microsoft\\Windows Defender\\Platform\\4.18.26020.6-0\\MsMpEng.exe\""""},{""@Name"":""ParentUser"",""#text"":""NT AUTHORITY\\SYSTEM""}]}}"
213,213,2026-03-30 18:38:49.0935770,1,Info,Microsoft-Windows-Sysmon,Microsoft-Windows-Sysmon/Operational,2448,4460,DC01.corp.local,4,S-1-5-18,Process creation,NT AUTHORITY\SYSTEM,,"ProcessID: 6124, ProcessGUID: c9182e32-c339-69ca-7700-000000000900",RuleName: -,"MD5=9041407BE0BDCA2858AEBAD19E63EB14,SHA256=2BFCE8F56E3270DE28E13FF0C001FD8169223AAA21E12DDF68448E72F697FC48,IMPHASH=F201BCA438D2C46D950FC1DDB0A66687",ParentProcess: C:\ProgramData\Microsoft\Windows Defender\Platform\4.18.26020.6-0\MsMpEng.exe,"ParentProcessID: 2444, ParentProcessGUID: c9182e32-c326-69ca-4800-000000000900","ParentCommandLine: ""C:\ProgramData\Microsoft\Windows Defender\Platform\4.18.26020.6-0\MsMpEng.exe""","C:\Windows\system32\wevtutil.exe uninstall-manifest ""C:\ProgramData\Microsoft\Windows Defender\Platform\4.18.26020.6-0\Microsoft-Antimalware-RTP.man""",False,C:\Users\owunc\Desktop\lab_logs\DC_Sysmon_ws.evtx,Classic,0,"{""EventData"":{""Data"":[{""@Name"":""RuleName"",""#text"":""-""},{""@Name"":""UtcTime"",""#text"":""2026-03-30 18:38:49.093""},{""@Name"":""ProcessGuid"",""#text"":""c9182e32-c339-69ca-7700-000000000900""},{""@Name"":""ProcessId"",""#text"":""6124""},{""@Name"":""Image"",""#text"":""C:\\Windows\\System32\\wevtutil.exe""},{""@Name"":""FileVersion"",""#text"":""10.0.20348.1 (WinBuild.160101.0800)""},{""@Name"":""Description"",""#text"":""Eventing Command Line Utility""},{""@Name"":""Product"",""#text"":""Microsoft® Windows® Operating System""},{""@Name"":""Company"",""#text"":""Microsoft Corporation""},{""@Name"":""OriginalFileName"",""#text"":""wevtutil.exe""},{""@Name"":""CommandLine"",""#text"":""C:\\Windows\\system32\\wevtutil.exe uninstall-manifest \""C:\\ProgramData\\Microsoft\\Windows Defender\\Platform\\4.18.26020.6-0\\Microsoft-Antimalware-RTP.man\""""},{""@Name"":""CurrentDirectory"",""#text"":""C:\\Windows\\system32\\""},{""@Name"":""User"",""#text"":""NT AUTHORITY\\SYSTEM""},{""@Name"":""LogonGuid"",""#text"":""c9182e32-c31a-69ca-e703-000000000000""},{""@Name"":""LogonId"",""#text"":""0x3E7""},{""@Name"":""TerminalSessionId"",""#text"":""0""},{""@Name"":""IntegrityLevel"",""#text"":""System""},{""@Name"":""Hashes"",""#text"":""MD5=9041407BE0BDCA2858AEBAD19E63EB14,SHA256=2BFCE8F56E3270DE28E13FF0C001FD8169223AAA21E12DDF68448E72F697FC48,IMPHASH=F201BCA438D2C46D950FC1DDB0A66687""},{""@Name"":""ParentProcessGuid"",""#text"":""c9182e32-c326-69ca-4800-000000000900""},{""@Name"":""ParentProcessId"",""#text"":""2444""},{""@Name"":""ParentImage"",""#text"":""C:\\ProgramData\\Microsoft\\Windows Defender\\Platform\\4.18.26020.6-0\\MsMpEng.exe""},{""@Name"":""ParentCommandLine"",""#text"":""\""C:\\ProgramData\\Microsoft\\Windows Defender\\Platform\\4.18.26020.6-0\\MsMpEng.exe\""""},{""@Name"":""ParentUser"",""#text"":""NT AUTHORITY\\SYSTEM""}]}}"
214,214,2026-03-30 18:38:49.1317161,1,Info,Microsoft-Windows-Sysmon,Microsoft-Windows-Sysmon/Operational,2448,4460,DC01.corp.local,4,S-1-5-18,Process creation,NT AUTHORITY\SYSTEM,,"ProcessID: 5252, ProcessGUID: c9182e32-c339-69ca-7900-000000000900",RuleName: -,"MD5=9041407BE0BDCA2858AEBAD19E63EB14,SHA256=2BFCE8F56E3270DE28E13FF0C001FD8169223AAA21E12DDF68448E72F697FC48,IMPHASH=F201BCA438D2C46D950FC1DDB0A66687",ParentProcess: C:\ProgramData\Microsoft\Windows Defender\Platform\4.18.26020.6-0\MsMpEng.exe,"ParentProcessID: 2444, ParentProcessGUID: c9182e32-c326-69ca-4800-000000000900","ParentCommandLine: ""C:\ProgramData\Microsoft\Windows Defender\Platform\4.18.26020.6-0\MsMpEng.exe""","C:\Windows\system32\wevtutil.exe install-manifest ""C:\ProgramData\Microsoft\Windows Defender\Platform\4.18.26020.6-0\Microsoft-Antimalware-RTP.man"" ""/resourceFilePath:C:\ProgramData\Microsoft\Windows Defender\Platform\4.18.26020.6-0\MpRtp.dll"" ""/messageFilePath:C:\ProgramData\Microsoft\Windows Defender\Platform\4.18.26020.6-0\MpRtp.dll"" ""/parameterFilePath:C:\ProgramData\Microsoft\Windows Defender\Platform\4.18.26020.6-0\MpRtp.dll""",False,C:\Users\owunc\Desktop\lab_logs\DC_Sysmon_ws.evtx,Classic,0,"{""EventData"":{""Data"":[{""@Name"":""RuleName"",""#text"":""-""},{""@Name"":""UtcTime"",""#text"":""2026-03-30 18:38:49.131""},{""@Name"":""ProcessGuid"",""#text"":""c9182e32-c339-69ca-7900-000000000900""},{""@Name"":""ProcessId"",""#text"":""5252""},{""@Name"":""Image"",""#text"":""C:\\Windows\\System32\\wevtutil.exe""},{""@Name"":""FileVersion"",""#text"":""10.0.20348.1 (WinBuild.160101.0800)""},{""@Name"":""Description"",""#text"":""Eventing Command Line Utility""},{""@Name"":""Product"",""#text"":""Microsoft® Windows® Operating System""},{""@Name"":""Company"",""#text"":""Microsoft Corporation""},{""@Name"":""OriginalFileName"",""#text"":""wevtutil.exe""},{""@Name"":""CommandLine"",""#text"":""C:\\Windows\\system32\\wevtutil.exe install-manifest \""C:\\ProgramData\\Microsoft\\Windows Defender\\Platform\\4.18.26020.6-0\\Microsoft-Antimalware-RTP.man\"" \""/resourceFilePath:C:\\ProgramData\\Microsoft\\Windows Defender\\Platform\\4.18.26020.6-0\\MpRtp.dll\"" \""/messageFilePath:C:\\ProgramData\\Microsoft\\Windows Defender\\Platform\\4.18.26020.6-0\\MpRtp.dll\"" \""/parameterFilePath:C:\\ProgramData\\Microsoft\\Windows Defender\\Platform\\4.18.26020.6-0\\MpRtp.dll\""""},{""@Name"":""CurrentDirectory"",""#text"":""C:\\Windows\\system32\\""},{""@Name"":""User"",""#text"":""NT AUTHORITY\\SYSTEM""},{""@Name"":""LogonGuid"",""#text"":""c9182e32-c31a-69ca-e703-000000000000""},{""@Name"":""LogonId"",""#text"":""0x3E7""},{""@Name"":""TerminalSessionId"",""#text"":""0""},{""@Name"":""IntegrityLevel"",""#text"":""System""},{""@Name"":""Hashes"",""#text"":""MD5=9041407BE0BDCA2858AEBAD19E63EB14,SHA256=2BFCE8F56E3270DE28E13FF0C001FD8169223AAA21E12DDF68448E72F697FC48,IMPHASH=F201BCA438D2C46D950FC1DDB0A66687""},{""@Name"":""ParentProcessGuid"",""#text"":""c9182e32-c326-69ca-4800-000000000900""},{""@Name"":""ParentProcessId"",""#text"":""2444""},{""@Name"":""ParentImage"",""#text"":""C:\\ProgramData\\Microsoft\\Windows Defender\\Platform\\4.18.26020.6-0\\MsMpEng.exe""},{""@Name"":""ParentCommandLine"",""#text"":""\""C:\\ProgramData\\Microsoft\\Windows Defender\\Platform\\4.18.26020.6-0\\MsMpEng.exe\""""},{""@Name"":""ParentUser"",""#text"":""NT AUTHORITY\\SYSTEM""}]}}"
215,215,2026-03-30 18:38:49.1872229,1,Info,Microsoft-Windows-Sysmon,Microsoft-Windows-Sysmon/Operational,2448,4460,DC01.corp.local,4,S-1-5-18,Process creation,NT AUTHORITY\SYSTEM,,"ProcessID: 5316, ProcessGUID: c9182e32-c339-69ca-7b00-000000000900",RuleName: -,"MD5=9041407BE0BDCA2858AEBAD19E63EB14,SHA256=2BFCE8F56E3270DE28E13FF0C001FD8169223AAA21E12DDF68448E72F697FC48,IMPHASH=F201BCA438D2C46D950FC1DDB0A66687",ParentProcess: C:\ProgramData\Microsoft\Windows Defender\Platform\4.18.26020.6-0\MsMpEng.exe,"ParentProcessID: 2444, ParentProcessGUID: c9182e32-c326-69ca-4800-000000000900","ParentCommandLine: ""C:\ProgramData\Microsoft\Windows Defender\Platform\4.18.26020.6-0\MsMpEng.exe""","C:\Windows\system32\wevtutil.exe uninstall-manifest ""C:\ProgramData\Microsoft\Windows Defender\Platform\4.18.26020.6-0\Microsoft-Antimalware-Protection.man""",False,C:\Users\owunc\Desktop\lab_logs\DC_Sysmon_ws.evtx,Classic,0,"{""EventData"":{""Data"":[{""@Name"":""RuleName"",""#text"":""-""},{""@Name"":""UtcTime"",""#text"":""2026-03-30 18:38:49.186""},{""@Name"":""ProcessGuid"",""#text"":""c9182e32-c339-69ca-7b00-000000000900""},{""@Name"":""ProcessId"",""#text"":""5316""},{""@Name"":""Image"",""#text"":""C:\\Windows\\System32\\wevtutil.exe""},{""@Name"":""FileVersion"",""#text"":""10.0.20348.1 (WinBuild.160101.0800)""},{""@Name"":""Description"",""#text"":""Eventing Command Line Utility""},{""@Name"":""Product"",""#text"":""Microsoft® Windows® Operating System""},{""@Name"":""Company"",""#text"":""Microsoft Corporation""},{""@Name"":""OriginalFileName"",""#text"":""wevtutil.exe""},{""@Name"":""CommandLine"",""#text"":""C:\\Windows\\system32\\wevtutil.exe uninstall-manifest \""C:\\ProgramData\\Microsoft\\Windows Defender\\Platform\\4.18.26020.6-0\\Microsoft-Antimalware-Protection.man\""""},{""@Name"":""CurrentDirectory"",""#text"":""C:\\Windows\\system32\\""},{""@Name"":""User"",""#text"":""NT AUTHORITY\\SYSTEM""},{""@Name"":""LogonGuid"",""#text"":""c9182e32-c31a-69ca-e703-000000000000""},{""@Name"":""LogonId"",""#text"":""0x3E7""},{""@Name"":""TerminalSessionId"",""#text"":""0""},{""@Name"":""IntegrityLevel"",""#text"":""System""},{""@Name"":""Hashes"",""#text"":""MD5=9041407BE0BDCA2858AEBAD19E63EB14,SHA256=2BFCE8F56E3270DE28E13FF0C001FD8169223AAA21E12DDF68448E72F697FC48,IMPHASH=F201BCA438D2C46D950FC1DDB0A66687""},{""@Name"":""ParentProcessGuid"",""#text"":""c9182e32-c326-69ca-4800-000000000900""},{""@Name"":""ParentProcessId"",""#text"":""2444""},{""@Name"":""ParentImage"",""#text"":""C:\\ProgramData\\Microsoft\\Windows Defender\\Platform\\4.18.26020.6-0\\MsMpEng.exe""},{""@Name"":""ParentCommandLine"",""#text"":""\""C:\\ProgramData\\Microsoft\\Windows Defender\\Platform\\4.18.26020.6-0\\MsMpEng.exe\""""},{""@Name"":""ParentUser"",""#text"":""NT AUTHORITY\\SYSTEM""}]}}"
216,216,2026-03-30 18:38:49.2224929,1,Info,Microsoft-Windows-Sysmon,Microsoft-Windows-Sysmon/Operational,2448,4460,DC01.corp.local,4,S-1-5-18,Process creation,NT AUTHORITY\SYSTEM,,"ProcessID: 5244, ProcessGUID: c9182e32-c339-69ca-7d00-000000000900",RuleName: -,"MD5=9041407BE0BDCA2858AEBAD19E63EB14,SHA256=2BFCE8F56E3270DE28E13FF0C001FD8169223AAA21E12DDF68448E72F697FC48,IMPHASH=F201BCA438D2C46D950FC1DDB0A66687",ParentProcess: C:\ProgramData\Microsoft\Windows Defender\Platform\4.18.26020.6-0\MsMpEng.exe,"ParentProcessID: 2444, ParentProcessGUID: c9182e32-c326-69ca-4800-000000000900","ParentCommandLine: ""C:\ProgramData\Microsoft\Windows Defender\Platform\4.18.26020.6-0\MsMpEng.exe""","C:\Windows\system32\wevtutil.exe install-manifest ""C:\ProgramData\Microsoft\Windows Defender\Platform\4.18.26020.6-0\Microsoft-Antimalware-Protection.man"" ""/resourceFilePath:C:\ProgramData\Microsoft\Windows Defender\Platform\4.18.26020.6-0\MpClient.dll"" ""/messageFilePath:C:\ProgramData\Microsoft\Windows Defender\Platform\4.18.26020.6-0\MpClient.dll"" ""/parameterFilePath:C:\ProgramData\Microsoft\Windows Defender\Platform\4.18.26020.6-0\MpClient.dll""",False,C:\Users\owunc\Desktop\lab_logs\DC_Sysmon_ws.evtx,Classic,0,"{""EventData"":{""Data"":[{""@Name"":""RuleName"",""#text"":""-""},{""@Name"":""UtcTime"",""#text"":""2026-03-30 18:38:49.222""},{""@Name"":""ProcessGuid"",""#text"":""c9182e32-c339-69ca-7d00-000000000900""},{""@Name"":""ProcessId"",""#text"":""5244""},{""@Name"":""Image"",""#text"":""C:\\Windows\\System32\\wevtutil.exe""},{""@Name"":""FileVersion"",""#text"":""10.0.20348.1 (WinBuild.160101.0800)""},{""@Name"":""Description"",""#text"":""Eventing Command Line Utility""},{""@Name"":""Product"",""#text"":""Microsoft® Windows® Operating System""},{""@Name"":""Company"",""#text"":""Microsoft Corporation""},{""@Name"":""OriginalFileName"",""#text"":""wevtutil.exe""},{""@Name"":""CommandLine"",""#text"":""C:\\Windows\\system32\\wevtutil.exe install-manifest \""C:\\ProgramData\\Microsoft\\Windows Defender\\Platform\\4.18.26020.6-0\\Microsoft-Antimalware-Protection.man\"" \""/resourceFilePath:C:\\ProgramData\\Microsoft\\Windows Defender\\Platform\\4.18.26020.6-0\\MpClient.dll\"" \""/messageFilePath:C:\\ProgramData\\Microsoft\\Windows Defender\\Platform\\4.18.26020.6-0\\MpClient.dll\"" \""/parameterFilePath:C:\\ProgramData\\Microsoft\\Windows Defender\\Platform\\4.18.26020.6-0\\MpClient.dll\""""},{""@Name"":""CurrentDirectory"",""#text"":""C:\\Windows\\system32\\""},{""@Name"":""User"",""#text"":""NT AUTHORITY\\SYSTEM""},{""@Name"":""LogonGuid"",""#text"":""c9182e32-c31a-69ca-e703-000000000000""},{""@Name"":""LogonId"",""#text"":""0x3E7""},{""@Name"":""TerminalSessionId"",""#text"":""0""},{""@Name"":""IntegrityLevel"",""#text"":""System""},{""@Name"":""Hashes"",""#text"":""MD5=9041407BE0BDCA2858AEBAD19E63EB14,SHA256=2BFCE8F56E3270DE28E13FF0C001FD8169223AAA21E12DDF68448E72F697FC48,IMPHASH=F201BCA438D2C46D950FC1DDB0A66687""},{""@Name"":""ParentProcessGuid"",""#text"":""c9182e32-c326-69ca-4800-000000000900""},{""@Name"":""ParentProcessId"",""#text"":""2444""},{""@Name"":""ParentImage"",""#text"":""C:\\ProgramData\\Microsoft\\Windows Defender\\Platform\\4.18.26020.6-0\\MsMpEng.exe""},{""@Name"":""ParentCommandLine"",""#text"":""\""C:\\ProgramData\\Microsoft\\Windows Defender\\Platform\\4.18.26020.6-0\\MsMpEng.exe\""""},{""@Name"":""ParentUser"",""#text"":""NT AUTHORITY\\SYSTEM""}]}}"
217,217,2026-03-30 18:38:49.2889176,13,Info,Microsoft-Windows-Sysmon,Microsoft-Windows-Sysmon/Operational,2448,4460,DC01.corp.local,4,S-1-5-18,RegistryEvent (Value Set),NT AUTHORITY\SYSTEM,,"ProcessID: 2444, ProcessGUID: c9182e32-c326-69ca-4800-000000000900",RuleName: T1122,Image: C:\ProgramData\Microsoft\Windows Defender\Platform\4.18.26020.6-0\MsMpEng.exe,EventType: SetValue,TargetObject: HKCR\CLSID\{2DCD7FDB-8809-48E4-8E4F-3157C57CF987}\InprocServer32\(Default),Details: C:\ProgramData\Microsoft\Windows Defender\Platform\4.18.26020.6-0\MPUXAGENT.DLL,,False,C:\Users\owunc\Desktop\lab_logs\DC_Sysmon_ws.evtx,Classic,0,"{""EventData"":{""Data"":[{""@Name"":""RuleName"",""#text"":""T1122""},{""@Name"":""EventType"",""#text"":""SetValue""},{""@Name"":""UtcTime"",""#text"":""2026-03-30 18:38:49.283""},{""@Name"":""ProcessGuid"",""#text"":""c9182e32-c326-69ca-4800-000000000900""},{""@Name"":""ProcessId"",""#text"":""2444""},{""@Name"":""Image"",""#text"":""C:\\ProgramData\\Microsoft\\Windows Defender\\Platform\\4.18.26020.6-0\\MsMpEng.exe""},{""@Name"":""TargetObject"",""#text"":""HKCR\\CLSID\\{2DCD7FDB-8809-48E4-8E4F-3157C57CF987}\\InprocServer32\\(Default)""},{""@Name"":""Details"",""#text"":""C:\\ProgramData\\Microsoft\\Windows Defender\\Platform\\4.18.26020.6-0\\MPUXAGENT.DLL""},{""@Name"":""User"",""#text"":""NT AUTHORITY\\SYSTEM""}]}}"
218,218,2026-03-30 18:38:49.2901176,13,Info,Microsoft-Windows-Sysmon,Microsoft-Windows-Sysmon/Operational,2448,4460,DC01.corp.local,4,S-1-5-18,RegistryEvent (Value Set),NT AUTHORITY\SYSTEM,,"ProcessID: 2444, ProcessGUID: c9182e32-c326-69ca-4800-000000000900",RuleName: T1122,Image: C:\ProgramData\Microsoft\Windows Defender\Platform\4.18.26020.6-0\MsMpEng.exe,EventType: SetValue,TargetObject: HKCR\CLSID\{4DB116D1-9B24-4DFC-946B-BFE03E852002}\InProcServer32\(Default),Details: C:\ProgramData\Microsoft\Windows Defender\Platform\4.18.26020.6-0\MPUXAGENT.DLL,,False,C:\Users\owunc\Desktop\lab_logs\DC_Sysmon_ws.evtx,Classic,0,"{""EventData"":{""Data"":[{""@Name"":""RuleName"",""#text"":""T1122""},{""@Name"":""EventType"",""#text"":""SetValue""},{""@Name"":""UtcTime"",""#text"":""2026-03-30 18:38:49.283""},{""@Name"":""ProcessGuid"",""#text"":""c9182e32-c326-69ca-4800-000000000900""},{""@Name"":""ProcessId"",""#text"":""2444""},{""@Name"":""Image"",""#text"":""C:\\ProgramData\\Microsoft\\Windows Defender\\Platform\\4.18.26020.6-0\\MsMpEng.exe""},{""@Name"":""TargetObject"",""#text"":""HKCR\\CLSID\\{4DB116D1-9B24-4DFC-946B-BFE03E852002}\\InProcServer32\\(Default)""},{""@Name"":""Details"",""#text"":""C:\\ProgramData\\Microsoft\\Windows Defender\\Platform\\4.18.26020.6-0\\MPUXAGENT.DLL""},{""@Name"":""User"",""#text"":""NT AUTHORITY\\SYSTEM""}]}}"
219,219,2026-03-30 18:38:49.2909198,13,Info,Microsoft-Windows-Sysmon,Microsoft-Windows-Sysmon/Operational,2448,4460,DC01.corp.local,4,S-1-5-18,RegistryEvent (Value Set),NT AUTHORITY\SYSTEM,,"ProcessID: 716, ProcessGUID: c9182e32-c31a-69ca-0b00-000000000900","RuleName: T1031,T1050",Image: C:\Windows\system32\services.exe,EventType: SetValue,TargetObject: HKLM\System\CurrentControlSet\Services\MDCoreSvc\Start,Details: DWORD (0x00000002),,False,C:\Users\owunc\Desktop\lab_logs\DC_Sysmon_ws.evtx,Classic,0,"{""EventData"":{""Data"":[{""@Name"":""RuleName"",""#text"":""T1031,T1050""},{""@Name"":""EventType"",""#text"":""SetValue""},{""@Name"":""UtcTime"",""#text"":""2026-03-30 18:38:49.283""},{""@Name"":""ProcessGuid"",""#text"":""c9182e32-c31a-69ca-0b00-000000000900""},{""@Name"":""ProcessId"",""#text"":""716""},{""@Name"":""Image"",""#text"":""C:\\Windows\\system32\\services.exe""},{""@Name"":""TargetObject"",""#text"":""HKLM\\System\\CurrentControlSet\\Services\\MDCoreSvc\\Start""},{""@Name"":""Details"",""#text"":""DWORD (0x00000002)""},{""@Name"":""User"",""#text"":""NT AUTHORITY\\SYSTEM""}]}}"
220,220,2026-03-30 18:38:49.2956709,13,Info,Microsoft-Windows-Sysmon,Microsoft-Windows-Sysmon/Operational,2448,4460,DC01.corp.local,4,S-1-5-18,RegistryEvent (Value Set),NT AUTHORITY\SYSTEM,,"ProcessID: 2444, ProcessGUID: c9182e32-c326-69ca-4800-000000000900",RuleName: -,Image: C:\ProgramData\Microsoft\Windows Defender\Platform\4.18.26020.6-0\MsMpEng.exe,EventType: SetValue,TargetObject: HKCR\*\shellex\ContextMenuHandlers\EPP\(Default),Details: {09A47860-11B0-4DA5-AFA5-26D86198A780},,False,C:\Users\owunc\Desktop\lab_logs\DC_Sysmon_ws.evtx,Classic,0,"{""EventData"":{""Data"":[{""@Name"":""RuleName"",""#text"":""-""},{""@Name"":""EventType"",""#text"":""SetValue""},{""@Name"":""UtcTime"",""#text"":""2026-03-30 18:38:49.283""},{""@Name"":""ProcessGuid"",""#text"":""c9182e32-c326-69ca-4800-000000000900""},{""@Name"":""ProcessId"",""#text"":""2444""},{""@Name"":""Image"",""#text"":""C:\\ProgramData\\Microsoft\\Windows Defender\\Platform\\4.18.26020.6-0\\MsMpEng.exe""},{""@Name"":""TargetObject"",""#text"":""HKCR\\*\\shellex\\ContextMenuHandlers\\EPP\\(Default)""},{""@Name"":""Details"",""#text"":""{09A47860-11B0-4DA5-AFA5-26D86198A780}""},{""@Name"":""User"",""#text"":""NT AUTHORITY\\SYSTEM""}]}}"
221,221,2026-03-30 18:38:49.2957010,13,Info,Microsoft-Windows-Sysmon,Microsoft-Windows-Sysmon/Operational,2448,4460,DC01.corp.local,4,S-1-5-18,RegistryEvent (Value Set),NT AUTHORITY\SYSTEM,,"ProcessID: 2444, ProcessGUID: c9182e32-c326-69ca-4800-000000000900",RuleName: -,Image: C:\ProgramData\Microsoft\Windows Defender\Platform\4.18.26020.6-0\MsMpEng.exe,EventType: SetValue,TargetObject: HKCR\Drive\shellex\ContextMenuHandlers\EPP\(Default),Details: {09A47860-11B0-4DA5-AFA5-26D86198A780},,False,C:\Users\owunc\Desktop\lab_logs\DC_Sysmon_ws.evtx,Classic,0,"{""EventData"":{""Data"":[{""@Name"":""RuleName"",""#text"":""-""},{""@Name"":""EventType"",""#text"":""SetValue""},{""@Name"":""UtcTime"",""#text"":""2026-03-30 18:38:49.283""},{""@Name"":""ProcessGuid"",""#text"":""c9182e32-c326-69ca-4800-000000000900""},{""@Name"":""ProcessId"",""#text"":""2444""},{""@Name"":""Image"",""#text"":""C:\\ProgramData\\Microsoft\\Windows Defender\\Platform\\4.18.26020.6-0\\MsMpEng.exe""},{""@Name"":""TargetObject"",""#text"":""HKCR\\Drive\\shellex\\ContextMenuHandlers\\EPP\\(Default)""},{""@Name"":""Details"",""#text"":""{09A47860-11B0-4DA5-AFA5-26D86198A780}""},{""@Name"":""User"",""#text"":""NT AUTHORITY\\SYSTEM""}]}}"
222,222,2026-03-30 18:38:49.2957224,13,Info,Microsoft-Windows-Sysmon,Microsoft-Windows-Sysmon/Operational,2448,4460,DC01.corp.local,4,S-1-5-18,RegistryEvent (Value Set),NT AUTHORITY\SYSTEM,,"ProcessID: 2444, ProcessGUID: c9182e32-c326-69ca-4800-000000000900",RuleName: -,Image: C:\ProgramData\Microsoft\Windows Defender\Platform\4.18.26020.6-0\MsMpEng.exe,EventType: SetValue,TargetObject: HKCR\Directory\shellex\ContextMenuHandlers\EPP\(Default),Details: {09A47860-11B0-4DA5-AFA5-26D86198A780},,False,C:\Users\owunc\Desktop\lab_logs\DC_Sysmon_ws.evtx,Classic,0,"{""EventData"":{""Data"":[{""@Name"":""RuleName"",""#text"":""-""},{""@Name"":""EventType"",""#text"":""SetValue""},{""@Name"":""UtcTime"",""#text"":""2026-03-30 18:38:49.283""},{""@Name"":""ProcessGuid"",""#text"":""c9182e32-c326-69ca-4800-000000000900""},{""@Name"":""ProcessId"",""#text"":""2444""},{""@Name"":""Image"",""#text"":""C:\\ProgramData\\Microsoft\\Windows Defender\\Platform\\4.18.26020.6-0\\MsMpEng.exe""},{""@Name"":""TargetObject"",""#text"":""HKCR\\Directory\\shellex\\ContextMenuHandlers\\EPP\\(Default)""},{""@Name"":""Details"",""#text"":""{09A47860-11B0-4DA5-AFA5-26D86198A780}""},{""@Name"":""User"",""#text"":""NT AUTHORITY\\SYSTEM""}]}}"
223,223,2026-03-30 18:38:49.3158153,1,Info,Microsoft-Windows-Sysmon,Microsoft-Windows-Sysmon/Operational,2448,4460,DC01.corp.local,4,S-1-5-18,Process creation,NT AUTHORITY\SYSTEM,,"ProcessID: 3108, ProcessGUID: c9182e32-c339-69ca-7f00-000000000900",RuleName: -,"MD5=EB5ACAC8A6DF89EB6BA751F468490734,SHA256=6633D15A90D38137ABF5E08BC5C14CF35128ECA168E875D9569295ECC88A4DBB,IMPHASH=C1E3C5E2580A8F5AD5F3DF2BCAEA7CAB",ParentProcess: C:\Program Files (x86)\ossec-agent\wazuh-agent.exe,"ParentProcessID: 2520, ParentProcessGUID: c9182e32-c326-69ca-4700-000000000900","ParentCommandLine: ""C:\Program Files (x86)\ossec-agent\wazuh-agent.exe""","powershell secedit /export /cfg $env:TEMP\secpol.cfg; Get-Content $env:TEMP\secpol.cfg | Select-String ""MaximumPasswordAge""; Remove-Item $env:TEMP\secpol.cfg",False,C:\Users\owunc\Desktop\lab_logs\DC_Sysmon_ws.evtx,Classic,0,"{""EventData"":{""Data"":[{""@Name"":""RuleName"",""#text"":""-""},{""@Name"":""UtcTime"",""#text"":""2026-03-30 18:38:49.314""},{""@Name"":""ProcessGuid"",""#text"":""c9182e32-c339-69ca-7f00-000000000900""},{""@Name"":""ProcessId"",""#text"":""3108""},{""@Name"":""Image"",""#text"":""C:\\Windows\\SysWOW64\\WindowsPowerShell\\v1.0\\powershell.exe""},{""@Name"":""FileVersion"",""#text"":""10.0.20348.1 (WinBuild.160101.0800)""},{""@Name"":""Description"",""#text"":""Windows PowerShell""},{""@Name"":""Product"",""#text"":""Microsoft® Windows® Operating System""},{""@Name"":""Company"",""#text"":""Microsoft Corporation""},{""@Name"":""OriginalFileName"",""#text"":""PowerShell.EXE""},{""@Name"":""CommandLine"",""#text"":""powershell secedit /export /cfg $env:TEMP\\secpol.cfg; Get-Content $env:TEMP\\secpol.cfg | Select-String \""MaximumPasswordAge\""; Remove-Item $env:TEMP\\secpol.cfg""},{""@Name"":""CurrentDirectory"",""#text"":""C:\\Program Files (x86)\\ossec-agent\\""},{""@Name"":""User"",""#text"":""NT AUTHORITY\\SYSTEM""},{""@Name"":""LogonGuid"",""#text"":""c9182e32-c31a-69ca-e703-000000000000""},{""@Name"":""LogonId"",""#text"":""0x3E7""},{""@Name"":""TerminalSessionId"",""#text"":""0""},{""@Name"":""IntegrityLevel"",""#text"":""System""},{""@Name"":""Hashes"",""#text"":""MD5=EB5ACAC8A6DF89EB6BA751F468490734,SHA256=6633D15A90D38137ABF5E08BC5C14CF35128ECA168E875D9569295ECC88A4DBB,IMPHASH=C1E3C5E2580A8F5AD5F3DF2BCAEA7CAB""},{""@Name"":""ParentProcessGuid"",""#text"":""c9182e32-c326-69ca-4700-000000000900""},{""@Name"":""ParentProcessId"",""#text"":""2520""},{""@Name"":""ParentImage"",""#text"":""C:\\Program Files (x86)\\ossec-agent\\wazuh-agent.exe""},{""@Name"":""ParentCommandLine"",""#text"":""\""C:\\Program Files (x86)\\ossec-agent\\wazuh-agent.exe\""""},{""@Name"":""ParentUser"",""#text"":""NT AUTHORITY\\SYSTEM""}]}}"
224,224,2026-03-30 18:38:49.3716885,11,Info,Microsoft-Windows-Sysmon,Microsoft-Windows-Sysmon/Operational,2448,4460,DC01.corp.local,4,S-1-5-18,FileCreate,NT AUTHORITY\SYSTEM,,"ProcessID: 3108, ProcessGUID: c9182e32-c339-69ca-7f00-000000000900",RuleName: -,Image: C:\Windows\SysWOW64\WindowsPowerShell\v1.0\powershell.exe,TargetFilename: C:\Windows\Temp\__PSScriptPolicyTest_1sv3xmcy.fal.ps1,,,,False,C:\Users\owunc\Desktop\lab_logs\DC_Sysmon_ws.evtx,Classic,0,"{""EventData"":{""Data"":[{""@Name"":""RuleName"",""#text"":""-""},{""@Name"":""UtcTime"",""#text"":""2026-03-30 18:38:49.361""},{""@Name"":""ProcessGuid"",""#text"":""c9182e32-c339-69ca-7f00-000000000900""},{""@Name"":""ProcessId"",""#text"":""3108""},{""@Name"":""Image"",""#text"":""C:\\Windows\\SysWOW64\\WindowsPowerShell\\v1.0\\powershell.exe""},{""@Name"":""TargetFilename"",""#text"":""C:\\Windows\\Temp\\__PSScriptPolicyTest_1sv3xmcy.fal.ps1""},{""@Name"":""CreationUtcTime"",""#text"":""2026-03-30 18:38:49.361""},{""@Name"":""User"",""#text"":""NT AUTHORITY\\SYSTEM""}]}}"
225,225,2026-03-30 18:38:49.4865896,1,Info,Microsoft-Windows-Sysmon,Microsoft-Windows-Sysmon/Operational,2448,4460,DC01.corp.local,4,S-1-5-18,Process creation,NT AUTHORITY\SYSTEM,,"ProcessID: 5596, ProcessGUID: c9182e32-c339-69ca-8100-000000000900",RuleName: -,"MD5=A550295A3AB5A8326F6C697AED19E00E,SHA256=E4645CB6092A470D4A60D04D15E760B9959FF25281E208C737C376F379CBF2CD,IMPHASH=615449A6A25801F47AE0D7578EB950B4",ParentProcess: C:\Windows\SysWOW64\WindowsPowerShell\v1.0\powershell.exe,"ParentProcessID: 3108, ParentProcessGUID: c9182e32-c339-69ca-7f00-000000000900","ParentCommandLine: powershell secedit /export /cfg $env:TEMP\secpol.cfg; Get-Content $env:TEMP\secpol.cfg | Select-String ""MaximumPasswordAge""; Remove-Item $env:TEMP\secpol.cfg","""C:\Windows\system32\SecEdit.exe"" /export /cfg C:\Windows\TEMP\secpol.cfg",False,C:\Users\owunc\Desktop\lab_logs\DC_Sysmon_ws.evtx,Classic,0,"{""EventData"":{""Data"":[{""@Name"":""RuleName"",""#text"":""-""},{""@Name"":""UtcTime"",""#text"":""2026-03-30 18:38:49.485""},{""@Name"":""ProcessGuid"",""#text"":""c9182e32-c339-69ca-8100-000000000900""},{""@Name"":""ProcessId"",""#text"":""5596""},{""@Name"":""Image"",""#text"":""C:\\Windows\\SysWOW64\\SecEdit.exe""},{""@Name"":""FileVersion"",""#text"":""10.0.20348.1 (WinBuild.160101.0800)""},{""@Name"":""Description"",""#text"":""Windows Security Configuration Editor Command Tool""},{""@Name"":""Product"",""#text"":""Microsoft® Windows® Operating System""},{""@Name"":""Company"",""#text"":""Microsoft Corporation""},{""@Name"":""OriginalFileName"",""#text"":""SeCEdit""},{""@Name"":""CommandLine"",""#text"":""\""C:\\Windows\\system32\\SecEdit.exe\"" /export /cfg C:\\Windows\\TEMP\\secpol.cfg""},{""@Name"":""CurrentDirectory"",""#text"":""C:\\Program Files (x86)\\ossec-agent\\""},{""@Name"":""User"",""#text"":""NT AUTHORITY\\SYSTEM""},{""@Name"":""LogonGuid"",""#text"":""c9182e32-c31a-69ca-e703-000000000000""},{""@Name"":""LogonId"",""#text"":""0x3E7""},{""@Name"":""TerminalSessionId"",""#text"":""0""},{""@Name"":""IntegrityLevel"",""#text"":""System""},{""@Name"":""Hashes"",""#text"":""MD5=A550295A3AB5A8326F6C697AED19E00E,SHA256=E4645CB6092A470D4A60D04D15E760B9959FF25281E208C737C376F379CBF2CD,IMPHASH=615449A6A25801F47AE0D7578EB950B4""},{""@Name"":""ParentProcessGuid"",""#text"":""c9182e32-c339-69ca-7f00-000000000900""},{""@Name"":""ParentProcessId"",""#text"":""3108""},{""@Name"":""ParentImage"",""#text"":""C:\\Windows\\SysWOW64\\WindowsPowerShell\\v1.0\\powershell.exe""},{""@Name"":""ParentCommandLine"",""#text"":""powershell secedit /export /cfg $env:TEMP\\secpol.cfg; Get-Content $env:TEMP\\secpol.cfg | Select-String \""MaximumPasswordAge\""; Remove-Item $env:TEMP\\secpol.cfg""},{""@Name"":""ParentUser"",""#text"":""NT AUTHORITY\\SYSTEM""}]}}"
226,226,2026-03-30 18:38:49.7981506,1,Info,Microsoft-Windows-Sysmon,Microsoft-Windows-Sysmon/Operational,2448,4460,DC01.corp.local,4,S-1-5-18,Process creation,NT AUTHORITY\SYSTEM,,"ProcessID: 5620, ProcessGUID: c9182e32-c339-69ca-8200-000000000900",RuleName: -,"MD5=EB5ACAC8A6DF89EB6BA751F468490734,SHA256=6633D15A90D38137ABF5E08BC5C14CF35128ECA168E875D9569295ECC88A4DBB,IMPHASH=C1E3C5E2580A8F5AD5F3DF2BCAEA7CAB",ParentProcess: C:\Program Files (x86)\ossec-agent\wazuh-agent.exe,"ParentProcessID: 2520, ParentProcessGUID: c9182e32-c326-69ca-4700-000000000900","ParentCommandLine: ""C:\Program Files (x86)\ossec-agent\wazuh-agent.exe""","powershell secedit /export /cfg $env:TEMP\secpol.cfg; Get-Content $env:TEMP\secpol.cfg | Select-String ""MinimumPasswordAge""; Remove-Item $env:TEMP\secpol.cfg",False,C:\Users\owunc\Desktop\lab_logs\DC_Sysmon_ws.evtx,Classic,0,"{""EventData"":{""Data"":[{""@Name"":""RuleName"",""#text"":""-""},{""@Name"":""UtcTime"",""#text"":""2026-03-30 18:38:49.797""},{""@Name"":""ProcessGuid"",""#text"":""c9182e32-c339-69ca-8200-000000000900""},{""@Name"":""ProcessId"",""#text"":""5620""},{""@Name"":""Image"",""#text"":""C:\\Windows\\SysWOW64\\WindowsPowerShell\\v1.0\\powershell.exe""},{""@Name"":""FileVersion"",""#text"":""10.0.20348.1 (WinBuild.160101.0800)""},{""@Name"":""Description"",""#text"":""Windows PowerShell""},{""@Name"":""Product"",""#text"":""Microsoft® Windows® Operating System""},{""@Name"":""Company"",""#text"":""Microsoft Corporation""},{""@Name"":""OriginalFileName"",""#text"":""PowerShell.EXE""},{""@Name"":""CommandLine"",""#text"":""powershell secedit /export /cfg $env:TEMP\\secpol.cfg; Get-Content $env:TEMP\\secpol.cfg | Select-String \""MinimumPasswordAge\""; Remove-Item $env:TEMP\\secpol.cfg""},{""@Name"":""CurrentDirectory"",""#text"":""C:\\Program Files (x86)\\ossec-agent\\""},{""@Name"":""User"",""#text"":""NT AUTHORITY\\SYSTEM""},{""@Name"":""LogonGuid"",""#text"":""c9182e32-c31a-69ca-e703-000000000000""},{""@Name"":""LogonId"",""#text"":""0x3E7""},{""@Name"":""TerminalSessionId"",""#text"":""0""},{""@Name"":""IntegrityLevel"",""#text"":""System""},{""@Name"":""Hashes"",""#text"":""MD5=EB5ACAC8A6DF89EB6BA751F468490734,SHA256=6633D15A90D38137ABF5E08BC5C14CF35128ECA168E875D9569295ECC88A4DBB,IMPHASH=C1E3C5E2580A8F5AD5F3DF2BCAEA7CAB""},{""@Name"":""ParentProcessGuid"",""#text"":""c9182e32-c326-69ca-4700-000000000900""},{""@Name"":""ParentProcessId"",""#text"":""2520""},{""@Name"":""ParentImage"",""#text"":""C:\\Program Files (x86)\\ossec-agent\\wazuh-agent.exe""},{""@Name"":""ParentCommandLine"",""#text"":""\""C:\\Program Files (x86)\\ossec-agent\\wazuh-agent.exe\""""},{""@Name"":""ParentUser"",""#text"":""NT AUTHORITY\\SYSTEM""}]}}"
227,227,2026-03-30 18:38:49.8517314,11,Info,Microsoft-Windows-Sysmon,Microsoft-Windows-Sysmon/Operational,2448,4460,DC01.corp.local,4,S-1-5-18,FileCreate,NT AUTHORITY\SYSTEM,,"ProcessID: 5620, ProcessGUID: c9182e32-c339-69ca-8200-000000000900",RuleName: -,Image: C:\Windows\SysWOW64\WindowsPowerShell\v1.0\powershell.exe,TargetFilename: C:\Windows\Temp\__PSScriptPolicyTest_xa3hcmfp.4lr.ps1,,,,False,C:\Users\owunc\Desktop\lab_logs\DC_Sysmon_ws.evtx,Classic,0,"{""EventData"":{""Data"":[{""@Name"":""RuleName"",""#text"":""-""},{""@Name"":""UtcTime"",""#text"":""2026-03-30 18:38:49.846""},{""@Name"":""ProcessGuid"",""#text"":""c9182e32-c339-69ca-8200-000000000900""},{""@Name"":""ProcessId"",""#text"":""5620""},{""@Name"":""Image"",""#text"":""C:\\Windows\\SysWOW64\\WindowsPowerShell\\v1.0\\powershell.exe""},{""@Name"":""TargetFilename"",""#text"":""C:\\Windows\\Temp\\__PSScriptPolicyTest_xa3hcmfp.4lr.ps1""},{""@Name"":""CreationUtcTime"",""#text"":""2026-03-30 18:38:49.846""},{""@Name"":""User"",""#text"":""NT AUTHORITY\\SYSTEM""}]}}"
228,228,2026-03-30 18:38:49.9481704,1,Info,Microsoft-Windows-Sysmon,Microsoft-Windows-Sysmon/Operational,2448,4460,DC01.corp.local,4,S-1-5-18,Process creation,NT AUTHORITY\SYSTEM,,"ProcessID: 5940, ProcessGUID: c9182e32-c339-69ca-8400-000000000900",RuleName: -,"MD5=A550295A3AB5A8326F6C697AED19E00E,SHA256=E4645CB6092A470D4A60D04D15E760B9959FF25281E208C737C376F379CBF2CD,IMPHASH=615449A6A25801F47AE0D7578EB950B4",ParentProcess: C:\Windows\SysWOW64\WindowsPowerShell\v1.0\powershell.exe,"ParentProcessID: 5620, ParentProcessGUID: c9182e32-c339-69ca-8200-000000000900","ParentCommandLine: powershell secedit /export /cfg $env:TEMP\secpol.cfg; Get-Content $env:TEMP\secpol.cfg | Select-String ""MinimumPasswordAge""; Remove-Item $env:TEMP\secpol.cfg","""C:\Windows\system32\SecEdit.exe"" /export /cfg C:\Windows\TEMP\secpol.cfg",False,C:\Users\owunc\Desktop\lab_logs\DC_Sysmon_ws.evtx,Classic,0,"{""EventData"":{""Data"":[{""@Name"":""RuleName"",""#text"":""-""},{""@Name"":""UtcTime"",""#text"":""2026-03-30 18:38:49.947""},{""@Name"":""ProcessGuid"",""#text"":""c9182e32-c339-69ca-8400-000000000900""},{""@Name"":""ProcessId"",""#text"":""5940""},{""@Name"":""Image"",""#text"":""C:\\Windows\\SysWOW64\\SecEdit.exe""},{""@Name"":""FileVersion"",""#text"":""10.0.20348.1 (WinBuild.160101.0800)""},{""@Name"":""Description"",""#text"":""Windows Security Configuration Editor Command Tool""},{""@Name"":""Product"",""#text"":""Microsoft® Windows® Operating System""},{""@Name"":""Company"",""#text"":""Microsoft Corporation""},{""@Name"":""OriginalFileName"",""#text"":""SeCEdit""},{""@Name"":""CommandLine"",""#text"":""\""C:\\Windows\\system32\\SecEdit.exe\"" /export /cfg C:\\Windows\\TEMP\\secpol.cfg""},{""@Name"":""CurrentDirectory"",""#text"":""C:\\Program Files (x86)\\ossec-agent\\""},{""@Name"":""User"",""#text"":""NT AUTHORITY\\SYSTEM""},{""@Name"":""LogonGuid"",""#text"":""c9182e32-c31a-69ca-e703-000000000000""},{""@Name"":""LogonId"",""#text"":""0x3E7""},{""@Name"":""TerminalSessionId"",""#text"":""0""},{""@Name"":""IntegrityLevel"",""#text"":""System""},{""@Name"":""Hashes"",""#text"":""MD5=A550295A3AB5A8326F6C697AED19E00E,SHA256=E4645CB6092A470D4A60D04D15E760B9959FF25281E208C737C376F379CBF2CD,IMPHASH=615449A6A25801F47AE0D7578EB950B4""},{""@Name"":""ParentProcessGuid"",""#text"":""c9182e32-c339-69ca-8200-000000000900""},{""@Name"":""ParentProcessId"",""#text"":""5620""},{""@Name"":""ParentImage"",""#text"":""C:\\Windows\\SysWOW64\\WindowsPowerShell\\v1.0\\powershell.exe""},{""@Name"":""ParentCommandLine"",""#text"":""powershell secedit /export /cfg $env:TEMP\\secpol.cfg; Get-Content $env:TEMP\\secpol.cfg | Select-String \""MinimumPasswordAge\""; Remove-Item $env:TEMP\\secpol.cfg""},{""@Name"":""ParentUser"",""#text"":""NT AUTHORITY\\SYSTEM""}]}}"
