57,57,2026-03-30 18:32:52.1909868,1,Info,Microsoft-Windows-Sysmon,Microsoft-Windows-Sysmon/Operational,1820,4016,DC01.corp.local,1,S-1-5-18,Process creation,NT AUTHORITY\SYSTEM,,"ProcessID: 8016, ProcessGUID: c9182e32-c1d4-69ca-9e08-000000000700",RuleName: -,"MD5=E4FD0A267E8D740F62E3DDF99917CBCC,SHA256=1AB1390EEEB69E7F3975225A9759DBD6621EE858FBD31098C8EB5ADF810F9407,IMPHASH=59970DB1D5EF76D2AB92AE1BF6482723",ParentProcess: C:\Windows\System32\svchost.exe,"ParentProcessID: 1688, ParentProcessGUID: c9182e32-a487-69ca-2400-000000000700",ParentCommandLine: C:\Windows\system32\svchost.exe -k netsvcs -p -s Schedule,C:\Windows\system32\usoclient.exe StartScan,False,C:\Users\owunc\Desktop\lab_logs\DC_Sysmon_ws.evtx,Classic,0,"{""EventData"":{""Data"":[{""@Name"":""RuleName"",""#text"":""-""},{""@Name"":""UtcTime"",""#text"":""2026-03-30 18:32:52.187""},{""@Name"":""ProcessGuid"",""#text"":""c9182e32-c1d4-69ca-9e08-000000000700""},{""@Name"":""ProcessId"",""#text"":""8016""},{""@Name"":""Image"",""#text"":""C:\\Windows\\System32\\UsoClient.exe""},{""@Name"":""FileVersion"",""#text"":""10.0.20348.1 (WinBuild.160101.0800)""},{""@Name"":""Description"",""#text"":""UsoClient""},{""@Name"":""Product"",""#text"":""Microsoft® Windows® Operating System""},{""@Name"":""Company"",""#text"":""Microsoft Corporation""},{""@Name"":""OriginalFileName"",""#text"":""UsoClient""},{""@Name"":""CommandLine"",""#text"":""C:\\Windows\\system32\\usoclient.exe StartScan""},{""@Name"":""CurrentDirectory"",""#text"":""C:\\Windows\\system32\\""},{""@Name"":""User"",""#text"":""NT AUTHORITY\\SYSTEM""},{""@Name"":""LogonGuid"",""#text"":""c9182e32-a485-69ca-e703-000000000000""},{""@Name"":""LogonId"",""#text"":""0x3E7""},{""@Name"":""TerminalSessionId"",""#text"":""0""},{""@Name"":""IntegrityLevel"",""#text"":""System""},{""@Name"":""Hashes"",""#text"":""MD5=E4FD0A267E8D740F62E3DDF99917CBCC,SHA256=1AB1390EEEB69E7F3975225A9759DBD6621EE858FBD31098C8EB5ADF810F9407,IMPHASH=59970DB1D5EF76D2AB92AE1BF6482723""},{""@Name"":""ParentProcessGuid"",""#text"":""c9182e32-a487-69ca-2400-000000000700""},{""@Name"":""ParentProcessId"",""#text"":""1688""},{""@Name"":""ParentImage"",""#text"":""C:\\Windows\\System32\\svchost.exe""},{""@Name"":""ParentCommandLine"",""#text"":""C:\\Windows\\system32\\svchost.exe -k netsvcs -p -s Schedule""},{""@Name"":""ParentUser"",""#text"":""NT AUTHORITY\\SYSTEM""}]}}"
58,58,2026-03-30 18:33:33.4921786,11,Info,Microsoft-Windows-Sysmon,Microsoft-Windows-Sysmon/Operational,1820,4016,DC01.corp.local,1,S-1-5-18,FileCreate,NT AUTHORITY\SYSTEM,,"ProcessID: 5624, ProcessGUID: c9182e32-a50d-69ca-9900-000000000700",RuleName: DLL,Image: C:\Windows\system32\svchost.exe,TargetFilename: C:\Windows\SoftwareDistribution\Download\029434a94f3777c3cfbababf7fd2b429\Metadata\UpdateAgent.dll,,,,False,C:\Users\owunc\Desktop\lab_logs\DC_Sysmon_ws.evtx,Classic,0,"{""EventData"":{""Data"":[{""@Name"":""RuleName"",""#text"":""DLL""},{""@Name"":""UtcTime"",""#text"":""2026-03-30 18:33:33.482""},{""@Name"":""ProcessGuid"",""#text"":""c9182e32-a50d-69ca-9900-000000000700""},{""@Name"":""ProcessId"",""#text"":""5624""},{""@Name"":""Image"",""#text"":""C:\\Windows\\system32\\svchost.exe""},{""@Name"":""TargetFilename"",""#text"":""C:\\Windows\\SoftwareDistribution\\Download\\029434a94f3777c3cfbababf7fd2b429\\Metadata\\UpdateAgent.dll""},{""@Name"":""CreationUtcTime"",""#text"":""2026-02-28 09:34:24.000""},{""@Name"":""User"",""#text"":""NT AUTHORITY\\SYSTEM""}]}}"
59,59,2026-03-30 18:33:33.5091847,11,Info,Microsoft-Windows-Sysmon,Microsoft-Windows-Sysmon/Operational,1820,4016,DC01.corp.local,1,S-1-5-18,FileCreate,NT AUTHORITY\SYSTEM,,"ProcessID: 5624, ProcessGUID: c9182e32-a50d-69ca-9900-000000000700",RuleName: DLL,Image: C:\Windows\system32\svchost.exe,TargetFilename: C:\Windows\SoftwareDistribution\Download\029434a94f3777c3cfbababf7fd2b429\Metadata\dpx.dll,,,,False,C:\Users\owunc\Desktop\lab_logs\DC_Sysmon_ws.evtx,Classic,0,"{""EventData"":{""Data"":[{""@Name"":""RuleName"",""#text"":""DLL""},{""@Name"":""UtcTime"",""#text"":""2026-03-30 18:33:33.498""},{""@Name"":""ProcessGuid"",""#text"":""c9182e32-a50d-69ca-9900-000000000700""},{""@Name"":""ProcessId"",""#text"":""5624""},{""@Name"":""Image"",""#text"":""C:\\Windows\\system32\\svchost.exe""},{""@Name"":""TargetFilename"",""#text"":""C:\\Windows\\SoftwareDistribution\\Download\\029434a94f3777c3cfbababf7fd2b429\\Metadata\\dpx.dll""},{""@Name"":""CreationUtcTime"",""#text"":""2026-02-28 09:33:52.000""},{""@Name"":""User"",""#text"":""NT AUTHORITY\\SYSTEM""}]}}"
60,60,2026-03-30 18:33:33.5143263,11,Info,Microsoft-Windows-Sysmon,Microsoft-Windows-Sysmon/Operational,1820,4016,DC01.corp.local,1,S-1-5-18,FileCreate,NT AUTHORITY\SYSTEM,,"ProcessID: 5624, ProcessGUID: c9182e32-a50d-69ca-9900-000000000700",RuleName: DLL,Image: C:\Windows\system32\svchost.exe,TargetFilename: C:\Windows\SoftwareDistribution\Download\029434a94f3777c3cfbababf7fd2b429\Metadata\Mitigation.dll,,,,False,C:\Users\owunc\Desktop\lab_logs\DC_Sysmon_ws.evtx,Classic,0,"{""EventData"":{""Data"":[{""@Name"":""RuleName"",""#text"":""DLL""},{""@Name"":""UtcTime"",""#text"":""2026-03-30 18:33:33.514""},{""@Name"":""ProcessGuid"",""#text"":""c9182e32-a50d-69ca-9900-000000000700""},{""@Name"":""ProcessId"",""#text"":""5624""},{""@Name"":""Image"",""#text"":""C:\\Windows\\system32\\svchost.exe""},{""@Name"":""TargetFilename"",""#text"":""C:\\Windows\\SoftwareDistribution\\Download\\029434a94f3777c3cfbababf7fd2b429\\Metadata\\Mitigation.dll""},{""@Name"":""CreationUtcTime"",""#text"":""2026-02-28 13:23:36.000""},{""@Name"":""User"",""#text"":""NT AUTHORITY\\SYSTEM""}]}}"
61,61,2026-03-30 18:33:33.5167844,11,Info,Microsoft-Windows-Sysmon,Microsoft-Windows-Sysmon/Operational,1820,4016,DC01.corp.local,1,S-1-5-18,FileCreate,NT AUTHORITY\SYSTEM,,"ProcessID: 5624, ProcessGUID: c9182e32-a50d-69ca-9900-000000000700",RuleName: DLL,Image: C:\Windows\system32\svchost.exe,TargetFilename: C:\Windows\SoftwareDistribution\Download\029434a94f3777c3cfbababf7fd2b429\Metadata\UAOneSettings.dll,,,,False,C:\Users\owunc\Desktop\lab_logs\DC_Sysmon_ws.evtx,Classic,0,"{""EventData"":{""Data"":[{""@Name"":""RuleName"",""#text"":""DLL""},{""@Name"":""UtcTime"",""#text"":""2026-03-30 18:33:33.514""},{""@Name"":""ProcessGuid"",""#text"":""c9182e32-a50d-69ca-9900-000000000700""},{""@Name"":""ProcessId"",""#text"":""5624""},{""@Name"":""Image"",""#text"":""C:\\Windows\\system32\\svchost.exe""},{""@Name"":""TargetFilename"",""#text"":""C:\\Windows\\SoftwareDistribution\\Download\\029434a94f3777c3cfbababf7fd2b429\\Metadata\\UAOneSettings.dll""},{""@Name"":""CreationUtcTime"",""#text"":""2026-02-28 09:39:56.000""},{""@Name"":""User"",""#text"":""NT AUTHORITY\\SYSTEM""}]}}"
62,62,2026-03-30 18:33:33.5186367,11,Info,Microsoft-Windows-Sysmon,Microsoft-Windows-Sysmon/Operational,1820,4016,DC01.corp.local,1,S-1-5-18,FileCreate,NT AUTHORITY\SYSTEM,,"ProcessID: 5624, ProcessGUID: c9182e32-a50d-69ca-9900-000000000700",RuleName: DLL,Image: C:\Windows\system32\svchost.exe,TargetFilename: C:\Windows\SoftwareDistribution\Download\029434a94f3777c3cfbababf7fd2b429\Metadata\wcp.dll,,,,False,C:\Users\owunc\Desktop\lab_logs\DC_Sysmon_ws.evtx,Classic,0,"{""EventData"":{""Data"":[{""@Name"":""RuleName"",""#text"":""DLL""},{""@Name"":""UtcTime"",""#text"":""2026-03-30 18:33:33.514""},{""@Name"":""ProcessGuid"",""#text"":""c9182e32-a50d-69ca-9900-000000000700""},{""@Name"":""ProcessId"",""#text"":""5624""},{""@Name"":""Image"",""#text"":""C:\\Windows\\system32\\svchost.exe""},{""@Name"":""TargetFilename"",""#text"":""C:\\Windows\\SoftwareDistribution\\Download\\029434a94f3777c3cfbababf7fd2b429\\Metadata\\wcp.dll""},{""@Name"":""CreationUtcTime"",""#text"":""2026-02-28 09:33:52.000""},{""@Name"":""User"",""#text"":""NT AUTHORITY\\SYSTEM""}]}}"
63,63,2026-03-30 18:33:33.5404141,11,Info,Microsoft-Windows-Sysmon,Microsoft-Windows-Sysmon/Operational,1820,4016,DC01.corp.local,1,S-1-5-18,FileCreate,NT AUTHORITY\SYSTEM,,"ProcessID: 5624, ProcessGUID: c9182e32-a50d-69ca-9900-000000000700",RuleName: DLL,Image: C:\Windows\system32\svchost.exe,TargetFilename: C:\Windows\SoftwareDistribution\Download\029434a94f3777c3cfbababf7fd2b429\Metadata\TurboStack.dll,,,,False,C:\Users\owunc\Desktop\lab_logs\DC_Sysmon_ws.evtx,Classic,0,"{""EventData"":{""Data"":[{""@Name"":""RuleName"",""#text"":""DLL""},{""@Name"":""UtcTime"",""#text"":""2026-03-30 18:33:33.529""},{""@Name"":""ProcessGuid"",""#text"":""c9182e32-a50d-69ca-9900-000000000700""},{""@Name"":""ProcessId"",""#text"":""5624""},{""@Name"":""Image"",""#text"":""C:\\Windows\\system32\\svchost.exe""},{""@Name"":""TargetFilename"",""#text"":""C:\\Windows\\SoftwareDistribution\\Download\\029434a94f3777c3cfbababf7fd2b429\\Metadata\\TurboStack.dll""},{""@Name"":""CreationUtcTime"",""#text"":""2026-02-28 09:34:00.000""},{""@Name"":""User"",""#text"":""NT AUTHORITY\\SYSTEM""}]}}"
64,64,2026-03-30 18:33:33.5476065,11,Info,Microsoft-Windows-Sysmon,Microsoft-Windows-Sysmon/Operational,1820,4016,DC01.corp.local,1,S-1-5-18,FileCreate,NT AUTHORITY\SYSTEM,,"ProcessID: 5624, ProcessGUID: c9182e32-a50d-69ca-9900-000000000700",RuleName: DLL,Image: C:\Windows\system32\svchost.exe,TargetFilename: C:\Windows\SoftwareDistribution\Download\029434a94f3777c3cfbababf7fd2b429\Metadata\ReserveManager.dll,,,,False,C:\Users\owunc\Desktop\lab_logs\DC_Sysmon_ws.evtx,Classic,0,"{""EventData"":{""Data"":[{""@Name"":""RuleName"",""#text"":""DLL""},{""@Name"":""UtcTime"",""#text"":""2026-03-30 18:33:33.544""},{""@Name"":""ProcessGuid"",""#text"":""c9182e32-a50d-69ca-9900-000000000700""},{""@Name"":""ProcessId"",""#text"":""5624""},{""@Name"":""Image"",""#text"":""C:\\Windows\\system32\\svchost.exe""},{""@Name"":""TargetFilename"",""#text"":""C:\\Windows\\SoftwareDistribution\\Download\\029434a94f3777c3cfbababf7fd2b429\\Metadata\\ReserveManager.dll""},{""@Name"":""CreationUtcTime"",""#text"":""2026-02-28 09:34:04.000""},{""@Name"":""User"",""#text"":""NT AUTHORITY\\SYSTEM""}]}}"
65,65,2026-03-30 18:33:33.5499599,11,Info,Microsoft-Windows-Sysmon,Microsoft-Windows-Sysmon/Operational,1820,4016,DC01.corp.local,1,S-1-5-18,FileCreate,NT AUTHORITY\SYSTEM,,"ProcessID: 5624, ProcessGUID: c9182e32-a50d-69ca-9900-000000000700",RuleName: DLL,Image: C:\Windows\system32\svchost.exe,TargetFilename: C:\Windows\SoftwareDistribution\Download\029434a94f3777c3cfbababf7fd2b429\Metadata\WinREAgent.dll,,,,False,C:\Users\owunc\Desktop\lab_logs\DC_Sysmon_ws.evtx,Classic,0,"{""EventData"":{""Data"":[{""@Name"":""RuleName"",""#text"":""DLL""},{""@Name"":""UtcTime"",""#text"":""2026-03-30 18:33:33.544""},{""@Name"":""ProcessGuid"",""#text"":""c9182e32-a50d-69ca-9900-000000000700""},{""@Name"":""ProcessId"",""#text"":""5624""},{""@Name"":""Image"",""#text"":""C:\\Windows\\system32\\svchost.exe""},{""@Name"":""TargetFilename"",""#text"":""C:\\Windows\\SoftwareDistribution\\Download\\029434a94f3777c3cfbababf7fd2b429\\Metadata\\WinREAgent.dll""},{""@Name"":""CreationUtcTime"",""#text"":""2026-02-28 13:20:30.000""},{""@Name"":""User"",""#text"":""NT AUTHORITY\\SYSTEM""}]}}"
66,66,2026-03-30 18:33:33.5534716,11,Info,Microsoft-Windows-Sysmon,Microsoft-Windows-Sysmon/Operational,1820,4016,DC01.corp.local,1,S-1-5-18,FileCreate,NT AUTHORITY\SYSTEM,,"ProcessID: 5624, ProcessGUID: c9182e32-a50d-69ca-9900-000000000700",RuleName: DLL,Image: C:\Windows\system32\svchost.exe,TargetFilename: C:\Windows\SoftwareDistribution\Download\029434a94f3777c3cfbababf7fd2b429\Metadata\UpdateDeploy.dll,,,,False,C:\Users\owunc\Desktop\lab_logs\DC_Sysmon_ws.evtx,Classic,0,"{""EventData"":{""Data"":[{""@Name"":""RuleName"",""#text"":""DLL""},{""@Name"":""UtcTime"",""#text"":""2026-03-30 18:33:33.544""},{""@Name"":""ProcessGuid"",""#text"":""c9182e32-a50d-69ca-9900-000000000700""},{""@Name"":""ProcessId"",""#text"":""5624""},{""@Name"":""Image"",""#text"":""C:\\Windows\\system32\\svchost.exe""},{""@Name"":""TargetFilename"",""#text"":""C:\\Windows\\SoftwareDistribution\\Download\\029434a94f3777c3cfbababf7fd2b429\\Metadata\\UpdateDeploy.dll""},{""@Name"":""CreationUtcTime"",""#text"":""2026-02-28 09:35:26.000""},{""@Name"":""User"",""#text"":""NT AUTHORITY\\SYSTEM""}]}}"
67,67,2026-03-30 18:33:33.5574027,11,Info,Microsoft-Windows-Sysmon,Microsoft-Windows-Sysmon/Operational,1820,4016,DC01.corp.local,1,S-1-5-18,FileCreate,NT AUTHORITY\SYSTEM,,"ProcessID: 5624, ProcessGUID: c9182e32-a50d-69ca-9900-000000000700",RuleName: DLL,Image: C:\Windows\system32\svchost.exe,TargetFilename: C:\Windows\SoftwareDistribution\Download\029434a94f3777c3cfbababf7fd2b429\Metadata\fvereseal.dll,,,,False,C:\Users\owunc\Desktop\lab_logs\DC_Sysmon_ws.evtx,Classic,0,"{""EventData"":{""Data"":[{""@Name"":""RuleName"",""#text"":""DLL""},{""@Name"":""UtcTime"",""#text"":""2026-03-30 18:33:33.544""},{""@Name"":""ProcessGuid"",""#text"":""c9182e32-a50d-69ca-9900-000000000700""},{""@Name"":""ProcessId"",""#text"":""5624""},{""@Name"":""Image"",""#text"":""C:\\Windows\\system32\\svchost.exe""},{""@Name"":""TargetFilename"",""#text"":""C:\\Windows\\SoftwareDistribution\\Download\\029434a94f3777c3cfbababf7fd2b429\\Metadata\\fvereseal.dll""},{""@Name"":""CreationUtcTime"",""#text"":""2026-02-28 09:50:54.000""},{""@Name"":""User"",""#text"":""NT AUTHORITY\\SYSTEM""}]}}"
68,68,2026-03-30 18:37:25.6110583,1,Info,Microsoft-Windows-Sysmon,Microsoft-Windows-Sysmon/Operational,1820,4016,DC01.corp.local,1,S-1-5-18,Process creation,NT AUTHORITY\SYSTEM,,"ProcessID: 7600, ProcessGUID: c9182e32-c2e5-69ca-a208-000000000700",RuleName: -,"MD5=E89CE4D977963E8734B4E68644F7FC63,SHA256=CE38B4D6208D3D975FFB21E67775F52AD70733FDDB1306EF6D070DDD13B5D193,IMPHASH=777EA90B75B4F80FB2E01F17AFF412ED",ParentProcess: C:\Program Files\VMware\VMware Tools\vmtoolsd.exe,"ParentProcessID: 2404, ParentProcessGUID: c9182e32-a491-69ca-4500-000000000700","ParentCommandLine: ""C:\Program Files\VMware\VMware Tools\vmtoolsd.exe""","""C:\Program Files\VMware\VMware Tools\VMwareResolutionSet.exe"" 0 1 , 0 0 1680 920 0",False,C:\Users\owunc\Desktop\lab_logs\DC_Sysmon_ws.evtx,Classic,0,"{""EventData"":{""Data"":[{""@Name"":""RuleName"",""#text"":""-""},{""@Name"":""UtcTime"",""#text"":""2026-03-30 18:37:25.609""},{""@Name"":""ProcessGuid"",""#text"":""c9182e32-c2e5-69ca-a208-000000000700""},{""@Name"":""ProcessId"",""#text"":""7600""},{""@Name"":""Image"",""#text"":""C:\\Program Files\\VMware\\VMware Tools\\VMwareResolutionSet.exe""},{""@Name"":""FileVersion"",""#text"":""13.0.1.0""},{""@Name"":""Description"",""#text"":""VMware Resolution Set""},{""@Name"":""Product"",""#text"":""VMware Tools""},{""@Name"":""Company"",""#text"":""Broadcom Inc.""},{""@Name"":""OriginalFileName"",""#text"":""ResolutionSet.exe""},{""@Name"":""CommandLine"",""#text"":""\""C:\\Program Files\\VMware\\VMware Tools\\VMwareResolutionSet.exe\"" 0 1 , 0 0 1680 920 0""},{""@Name"":""CurrentDirectory"",""#text"":""C:\\Windows\\system32\\""},{""@Name"":""User"",""#text"":""NT AUTHORITY\\SYSTEM""},{""@Name"":""LogonGuid"",""#text"":""c9182e32-a485-69ca-e703-000000000000""},{""@Name"":""LogonId"",""#text"":""0x3E7""},{""@Name"":""TerminalSessionId"",""#text"":""1""},{""@Name"":""IntegrityLevel"",""#text"":""System""},{""@Name"":""Hashes"",""#text"":""MD5=E89CE4D977963E8734B4E68644F7FC63,SHA256=CE38B4D6208D3D975FFB21E67775F52AD70733FDDB1306EF6D070DDD13B5D193,IMPHASH=777EA90B75B4F80FB2E01F17AFF412ED""},{""@Name"":""ParentProcessGuid"",""#text"":""c9182e32-a491-69ca-4500-000000000700""},{""@Name"":""ParentProcessId"",""#text"":""2404""},{""@Name"":""ParentImage"",""#text"":""C:\\Program Files\\VMware\\VMware Tools\\vmtoolsd.exe""},{""@Name"":""ParentCommandLine"",""#text"":""\""C:\\Program Files\\VMware\\VMware Tools\\vmtoolsd.exe\""""},{""@Name"":""ParentUser"",""#text"":""NT AUTHORITY\\SYSTEM""}]}}"
69,69,2026-03-30 18:37:26.6726349,1,Info,Microsoft-Windows-Sysmon,Microsoft-Windows-Sysmon/Operational,1820,4016,DC01.corp.local,1,S-1-5-18,Process creation,NT AUTHORITY\SYSTEM,,"ProcessID: 5584, ProcessGUID: c9182e32-c2e6-69ca-a308-000000000700",RuleName: -,"MD5=DC32ABA4669EAFB22FCACD5EC836A107,SHA256=31780FF2AAF7BC71F755BA0E4FEF1D61B060D1D2741EAFB33CBAB44D889595A0,IMPHASH=D8C4E4978657CEA220B495778C972E64",ParentProcess: C:\Windows\System32\services.exe,"ParentProcessID: 708, ParentProcessGUID: c9182e32-a485-69ca-0b00-000000000700",ParentCommandLine: C:\Windows\system32\services.exe,C:\Windows\System32\svchost.exe -k CameraMonitor,False,C:\Users\owunc\Desktop\lab_logs\DC_Sysmon_ws.evtx,Classic,0,"{""EventData"":{""Data"":[{""@Name"":""RuleName"",""#text"":""-""},{""@Name"":""UtcTime"",""#text"":""2026-03-30 18:37:26.670""},{""@Name"":""ProcessGuid"",""#text"":""c9182e32-c2e6-69ca-a308-000000000700""},{""@Name"":""ProcessId"",""#text"":""5584""},{""@Name"":""Image"",""#text"":""C:\\Windows\\System32\\svchost.exe""},{""@Name"":""FileVersion"",""#text"":""10.0.20348.558 (WinBuild.160101.0800)""},{""@Name"":""Description"",""#text"":""Host Process for Windows Services""},{""@Name"":""Product"",""#text"":""Microsoft® Windows® Operating System""},{""@Name"":""Company"",""#text"":""Microsoft Corporation""},{""@Name"":""OriginalFileName"",""#text"":""svchost.exe""},{""@Name"":""CommandLine"",""#text"":""C:\\Windows\\System32\\svchost.exe -k CameraMonitor""},{""@Name"":""CurrentDirectory"",""#text"":""C:\\Windows\\system32\\""},{""@Name"":""User"",""#text"":""NT AUTHORITY\\SYSTEM""},{""@Name"":""LogonGuid"",""#text"":""c9182e32-a485-69ca-e703-000000000000""},{""@Name"":""LogonId"",""#text"":""0x3E7""},{""@Name"":""TerminalSessionId"",""#text"":""0""},{""@Name"":""IntegrityLevel"",""#text"":""System""},{""@Name"":""Hashes"",""#text"":""MD5=DC32ABA4669EAFB22FCACD5EC836A107,SHA256=31780FF2AAF7BC71F755BA0E4FEF1D61B060D1D2741EAFB33CBAB44D889595A0,IMPHASH=D8C4E4978657CEA220B495778C972E64""},{""@Name"":""ParentProcessGuid"",""#text"":""c9182e32-a485-69ca-0b00-000000000700""},{""@Name"":""ParentProcessId"",""#text"":""708""},{""@Name"":""ParentImage"",""#text"":""C:\\Windows\\System32\\services.exe""},{""@Name"":""ParentCommandLine"",""#text"":""C:\\Windows\\system32\\services.exe""},{""@Name"":""ParentUser"",""#text"":""NT AUTHORITY\\SYSTEM""}]}}"
70,70,2026-03-30 18:37:31.8476443,12,Info,Microsoft-Windows-Sysmon,Microsoft-Windows-Sysmon/Operational,1820,4016,DC01.corp.local,1,S-1-5-18,RegistryEvent (Object create and delete),NT AUTHORITY\SYSTEM,,"ProcessID: 7072, ProcessGUID: c9182e32-bde0-69ca-9908-000000000700",RuleName: -,Image: C:\Windows\system32\LogonUI.exe,EventType: DeleteValue,TargetObject: HKU\.DEFAULT\Keyboard Layout\Preload\1,,,False,C:\Users\owunc\Desktop\lab_logs\DC_Sysmon_ws.evtx,Classic,0,"{""EventData"":{""Data"":[{""@Name"":""RuleName"",""#text"":""-""},{""@Name"":""EventType"",""#text"":""DeleteValue""},{""@Name"":""UtcTime"",""#text"":""2026-03-30 18:37:31.844""},{""@Name"":""ProcessGuid"",""#text"":""c9182e32-bde0-69ca-9908-000000000700""},{""@Name"":""ProcessId"",""#text"":""7072""},{""@Name"":""Image"",""#text"":""C:\\Windows\\system32\\LogonUI.exe""},{""@Name"":""TargetObject"",""#text"":""HKU\\.DEFAULT\\Keyboard Layout\\Preload\\1""},{""@Name"":""User"",""#text"":""NT AUTHORITY\\SYSTEM""}]}}"
71,71,2026-03-30 18:37:31.8476680,13,Info,Microsoft-Windows-Sysmon,Microsoft-Windows-Sysmon/Operational,1820,4016,DC01.corp.local,1,S-1-5-18,RegistryEvent (Value Set),NT AUTHORITY\SYSTEM,,"ProcessID: 7072, ProcessGUID: c9182e32-bde0-69ca-9908-000000000700",RuleName: -,Image: C:\Windows\system32\LogonUI.exe,EventType: SetValue,TargetObject: HKU\.DEFAULT\Keyboard Layout\Preload\1,Details: 00000409,,False,C:\Users\owunc\Desktop\lab_logs\DC_Sysmon_ws.evtx,Classic,0,"{""EventData"":{""Data"":[{""@Name"":""RuleName"",""#text"":""-""},{""@Name"":""EventType"",""#text"":""SetValue""},{""@Name"":""UtcTime"",""#text"":""2026-03-30 18:37:31.844""},{""@Name"":""ProcessGuid"",""#text"":""c9182e32-bde0-69ca-9908-000000000700""},{""@Name"":""ProcessId"",""#text"":""7072""},{""@Name"":""Image"",""#text"":""C:\\Windows\\system32\\LogonUI.exe""},{""@Name"":""TargetObject"",""#text"":""HKU\\.DEFAULT\\Keyboard Layout\\Preload\\1""},{""@Name"":""Details"",""#text"":""00000409""},{""@Name"":""User"",""#text"":""NT AUTHORITY\\SYSTEM""}]}}"
72,72,2026-03-30 18:37:35.6821512,13,Info,Microsoft-Windows-Sysmon,Microsoft-Windows-Sysmon/Operational,1820,4016,DC01.corp.local,1,S-1-5-18,RegistryEvent (Value Set),NT AUTHORITY\SYSTEM,,"ProcessID: 7072, ProcessGUID: c9182e32-bde0-69ca-9908-000000000700",RuleName: -,Image: C:\Windows\system32\LogonUI.exe,EventType: SetValue,TargetObject: HKLM\SOFTWARE\Microsoft\Windows\CurrentVersion\Authentication\LogonUI\LastLoggedOnUser,Details: CORP\Administrator,,False,C:\Users\owunc\Desktop\lab_logs\DC_Sysmon_ws.evtx,Classic,0,"{""EventData"":{""Data"":[{""@Name"":""RuleName"",""#text"":""-""},{""@Name"":""EventType"",""#text"":""SetValue""},{""@Name"":""UtcTime"",""#text"":""2026-03-30 18:37:35.679""},{""@Name"":""ProcessGuid"",""#text"":""c9182e32-bde0-69ca-9908-000000000700""},{""@Name"":""ProcessId"",""#text"":""7072""},{""@Name"":""Image"",""#text"":""C:\\Windows\\system32\\LogonUI.exe""},{""@Name"":""TargetObject"",""#text"":""HKLM\\SOFTWARE\\Microsoft\\Windows\\CurrentVersion\\Authentication\\LogonUI\\LastLoggedOnUser""},{""@Name"":""Details"",""#text"":""CORP\\Administrator""},{""@Name"":""User"",""#text"":""NT AUTHORITY\\SYSTEM""}]}}"
73,73,2026-03-30 18:37:35.6913679,1,Info,Microsoft-Windows-Sysmon,Microsoft-Windows-Sysmon/Operational,1820,4016,DC01.corp.local,1,S-1-5-18,Process creation,CORP\Administrator,,"ProcessID: 7640, ProcessGUID: c9182e32-c2ef-69ca-a508-000000000700",RuleName: -,"MD5=5487316514F4ADA7E6E0BD9EAA2256E7,SHA256=F447AE2E838D4DE71CA4BABA321FEA67DABB38AA4321EFAC81F3FF03CF55FE0A,IMPHASH=1C4E2D9936E4D9F2490B08AAB4D24260",ParentProcess: C:\Windows\System32\svchost.exe,"ParentProcessID: 1688, ParentProcessGUID: c9182e32-a487-69ca-2400-000000000700",ParentCommandLine: C:\Windows\system32\svchost.exe -k netsvcs -p -s Schedule,taskhostw.exe KEYROAMING,False,C:\Users\owunc\Desktop\lab_logs\DC_Sysmon_ws.evtx,Classic,0,"{""EventData"":{""Data"":[{""@Name"":""RuleName"",""#text"":""-""},{""@Name"":""UtcTime"",""#text"":""2026-03-30 18:37:35.690""},{""@Name"":""ProcessGuid"",""#text"":""c9182e32-c2ef-69ca-a508-000000000700""},{""@Name"":""ProcessId"",""#text"":""7640""},{""@Name"":""Image"",""#text"":""C:\\Windows\\System32\\taskhostw.exe""},{""@Name"":""FileVersion"",""#text"":""10.0.20348.1 (WinBuild.160101.0800)""},{""@Name"":""Description"",""#text"":""Host Process for Windows Tasks""},{""@Name"":""Product"",""#text"":""Microsoft® Windows® Operating System""},{""@Name"":""Company"",""#text"":""Microsoft Corporation""},{""@Name"":""OriginalFileName"",""#text"":""taskhostw.exe""},{""@Name"":""CommandLine"",""#text"":""taskhostw.exe KEYROAMING""},{""@Name"":""CurrentDirectory"",""#text"":""C:\\Windows\\system32\\""},{""@Name"":""User"",""#text"":""CORP\\Administrator""},{""@Name"":""LogonGuid"",""#text"":""c9182e32-a553-69ca-3dc2-090000000000""},{""@Name"":""LogonId"",""#text"":""0x9C23D""},{""@Name"":""TerminalSessionId"",""#text"":""1""},{""@Name"":""IntegrityLevel"",""#text"":""High""},{""@Name"":""Hashes"",""#text"":""MD5=5487316514F4ADA7E6E0BD9EAA2256E7,SHA256=F447AE2E838D4DE71CA4BABA321FEA67DABB38AA4321EFAC81F3FF03CF55FE0A,IMPHASH=1C4E2D9936E4D9F2490B08AAB4D24260""},{""@Name"":""ParentProcessGuid"",""#text"":""c9182e32-a487-69ca-2400-000000000700""},{""@Name"":""ParentProcessId"",""#text"":""1688""},{""@Name"":""ParentImage"",""#text"":""C:\\Windows\\System32\\svchost.exe""},{""@Name"":""ParentCommandLine"",""#text"":""C:\\Windows\\system32\\svchost.exe -k netsvcs -p -s Schedule""},{""@Name"":""ParentUser"",""#text"":""NT AUTHORITY\\SYSTEM""}]}}"
74,74,2026-03-30 18:37:43.7717461,1,Info,Microsoft-Windows-Sysmon,Microsoft-Windows-Sysmon/Operational,1820,4016,DC01.corp.local,1,S-1-5-18,Process creation,NT AUTHORITY\SYSTEM,,"ProcessID: 8172, ProcessGUID: c9182e32-c2f7-69ca-a708-000000000700",RuleName: -,"MD5=6CD47CA4515B2F81B5CA1E6CA9A323CC,SHA256=CABE8FF476F814DF398735AD3AD993884AD100C9AA4C153B4BACB7EF9FB555F9,IMPHASH=0EF1A1FBF5FA5B3737A8D19C60F416A9",ParentProcess: C:\Windows\System32\winlogon.exe,"ParentProcessID: 664, ParentProcessGUID: c9182e32-a485-69ca-0a00-000000000700",ParentCommandLine: winlogon.exe,"""LogonUI.exe"" /flags:0x4 /state0:0xa3c8c055 /state1:0x41c64e6d",False,C:\Users\owunc\Desktop\lab_logs\DC_Sysmon_ws.evtx,Classic,0,"{""EventData"":{""Data"":[{""@Name"":""RuleName"",""#text"":""-""},{""@Name"":""UtcTime"",""#text"":""2026-03-30 18:37:43.769""},{""@Name"":""ProcessGuid"",""#text"":""c9182e32-c2f7-69ca-a708-000000000700""},{""@Name"":""ProcessId"",""#text"":""8172""},{""@Name"":""Image"",""#text"":""C:\\Windows\\System32\\LogonUI.exe""},{""@Name"":""FileVersion"",""#text"":""10.0.20348.1 (WinBuild.160101.0800)""},{""@Name"":""Description"",""#text"":""Windows Logon User Interface Host""},{""@Name"":""Product"",""#text"":""Microsoft® Windows® Operating System""},{""@Name"":""Company"",""#text"":""Microsoft Corporation""},{""@Name"":""OriginalFileName"",""#text"":""logonui.exe""},{""@Name"":""CommandLine"",""#text"":""\""LogonUI.exe\"" /flags:0x4 /state0:0xa3c8c055 /state1:0x41c64e6d""},{""@Name"":""CurrentDirectory"",""#text"":""C:\\Windows\\system32\\""},{""@Name"":""User"",""#text"":""NT AUTHORITY\\SYSTEM""},{""@Name"":""LogonGuid"",""#text"":""c9182e32-a485-69ca-e703-000000000000""},{""@Name"":""LogonId"",""#text"":""0x3E7""},{""@Name"":""TerminalSessionId"",""#text"":""1""},{""@Name"":""IntegrityLevel"",""#text"":""System""},{""@Name"":""Hashes"",""#text"":""MD5=6CD47CA4515B2F81B5CA1E6CA9A323CC,SHA256=CABE8FF476F814DF398735AD3AD993884AD100C9AA4C153B4BACB7EF9FB555F9,IMPHASH=0EF1A1FBF5FA5B3737A8D19C60F416A9""},{""@Name"":""ParentProcessGuid"",""#text"":""c9182e32-a485-69ca-0a00-000000000700""},{""@Name"":""ParentProcessId"",""#text"":""664""},{""@Name"":""ParentImage"",""#text"":""C:\\Windows\\System32\\winlogon.exe""},{""@Name"":""ParentCommandLine"",""#text"":""winlogon.exe""},{""@Name"":""ParentUser"",""#text"":""NT AUTHORITY\\SYSTEM""}]}}"
75,75,2026-03-30 18:37:45.7230281,8,Info,Microsoft-Windows-Sysmon,Microsoft-Windows-Sysmon/Operational,1820,4016,DC01.corp.local,1,S-1-5-18,CreateRemoteThread,SourceUser: NT AUTHORITY\SYSTEM | TargetUser: NT AUTHORITY\SYSTEM,,StartAddress: 0x00007FF9CD3182C0,RuleName: -,"SourceProcessID: 464, SourceProcessGUID: c9182e32-a485-69ca-0600-000000000700",SourceImage: &lt;unknown process&gt;,"TargetProcessID: 1988, TargetProcessGUID: c9182e32-a491-69ca-4700-000000000700",TargetImage: C:\Windows\system32\svchost.exe,,False,C:\Users\owunc\Desktop\lab_logs\DC_Sysmon_ws.evtx,Classic,0,"{""EventData"":{""Data"":[{""@Name"":""RuleName"",""#text"":""-""},{""@Name"":""UtcTime"",""#text"":""2026-03-30 18:37:45.719""},{""@Name"":""SourceProcessGuid"",""#text"":""c9182e32-a485-69ca-0600-000000000700""},{""@Name"":""SourceProcessId"",""#text"":""464""},{""@Name"":""SourceImage"",""#text"":""&lt;unknown process&gt;""},{""@Name"":""TargetProcessGuid"",""#text"":""c9182e32-a491-69ca-4700-000000000700""},{""@Name"":""TargetProcessId"",""#text"":""1988""},{""@Name"":""TargetImage"",""#text"":""C:\\Windows\\system32\\svchost.exe""},{""@Name"":""NewThreadId"",""#text"":""5744""},{""@Name"":""StartAddress"",""#text"":""0x00007FF9CD3182C0""},{""@Name"":""StartModule"",""#text"":""C:\\Windows\\System32\\KERNELBASE.dll""},{""@Name"":""StartFunction"",""#text"":""CtrlRoutine""},{""@Name"":""SourceUser"",""#text"":""NT AUTHORITY\\SYSTEM""},{""@Name"":""TargetUser"",""#text"":""NT AUTHORITY\\SYSTEM""}]}}"
76,76,2026-03-30 18:38:30.6741478,4,Info,Microsoft-Windows-Sysmon,Microsoft-Windows-Sysmon/Operational,2448,4460,DC01.corp.local,1,S-1-5-18,Sysmon service state changed,,,Sysmon Version 15.20,Status: Started,Timestamp: 2026-03-30 18:38:30.671,,,,,False,C:\Users\owunc\Desktop\lab_logs\DC_Sysmon_ws.evtx,Classic,0,"{""EventData"":{""Data"":[{""@Name"":""UtcTime"",""#text"":""2026-03-30 18:38:30.671""},{""@Name"":""State"",""#text"":""Started""},{""@Name"":""Version"",""#text"":""15.20""},{""@Name"":""SchemaVersion"",""#text"":""4.91""}]}}"
77,77,2026-03-30 18:38:30.6838243,13,Info,Microsoft-Windows-Sysmon,Microsoft-Windows-Sysmon/Operational,2448,4460,DC01.corp.local,1,S-1-5-18,RegistryEvent (Value Set),NT AUTHORITY\SYSTEM,,"ProcessID: 4, ProcessGUID: c9182e32-c318-69ca-eb03-000000000000","RuleName: Context,DeviceConnectedOrUpdated",Image: System,EventType: SetValue,TargetObject: HKLM\System\CurrentControlSet\Control\DeviceClasses\{0a4252a0-7e70-11d0-a5d6-28db04c10000}\##?#ROOT#SYSTEM#0000#{0a4252a0-7e70-11d0-a5d6-28db04c10000}\#{cfd669f1-9bc2-11d0-8299-0000f822fe8a}&amp;{0A4252A0-7E70-11D0-A5D6-28DB04C10000}\Device Parameters\FriendlyName,Details: Tee/Sink-to-Sink Converter,,False,C:\Users\owunc\Desktop\lab_logs\DC_Sysmon_ws.evtx,Classic,0,"{""EventData"":{""Data"":[{""@Name"":""RuleName"",""#text"":""Context,DeviceConnectedOrUpdated""},{""@Name"":""EventType"",""#text"":""SetValue""},{""@Name"":""UtcTime"",""#text"":""2026-03-30 18:38:17.771""},{""@Name"":""ProcessGuid"",""#text"":""c9182e32-c318-69ca-eb03-000000000000""},{""@Name"":""ProcessId"",""#text"":""4""},{""@Name"":""Image"",""#text"":""System""},{""@Name"":""TargetObject"",""#text"":""HKLM\\System\\CurrentControlSet\\Control\\DeviceClasses\\{0a4252a0-7e70-11d0-a5d6-28db04c10000}\\##?#ROOT#SYSTEM#0000#{0a4252a0-7e70-11d0-a5d6-28db04c10000}\\#{cfd669f1-9bc2-11d0-8299-0000f822fe8a}&amp;{0A4252A0-7E70-11D0-A5D6-28DB04C10000}\\Device Parameters\\FriendlyName""},{""@Name"":""Details"",""#text"":""Tee/Sink-to-Sink Converter""},{""@Name"":""User"",""#text"":""NT AUTHORITY\\SYSTEM""}]}}"
78,78,2026-03-30 18:38:30.6839854,13,Info,Microsoft-Windows-Sysmon,Microsoft-Windows-Sysmon/Operational,2448,4460,DC01.corp.local,1,S-1-5-18,RegistryEvent (Value Set),NT AUTHORITY\SYSTEM,,"ProcessID: 4, ProcessGUID: c9182e32-c318-69ca-eb03-000000000000","RuleName: Context,DeviceConnectedOrUpdated",Image: System,EventType: SetValue,TargetObject: HKLM\System\CurrentControlSet\Control\DeviceClasses\{cf1dda2c-9743-11d0-a3ee-00a0c9223196}\##?#ROOT#SYSTEM#0000#{cf1dda2c-9743-11d0-a3ee-00a0c9223196}\#{cfd669f1-9bc2-11d0-8299-0000f822fe8a}&amp;{CF1DDA2C-9743-11D0-A3EE-00A0C9223196}\Device Parameters\FriendlyName,Details: Tee/Sink-to-Sink Converter,,False,C:\Users\owunc\Desktop\lab_logs\DC_Sysmon_ws.evtx,Classic,0,"{""EventData"":{""Data"":[{""@Name"":""RuleName"",""#text"":""Context,DeviceConnectedOrUpdated""},{""@Name"":""EventType"",""#text"":""SetValue""},{""@Name"":""UtcTime"",""#text"":""2026-03-30 18:38:17.771""},{""@Name"":""ProcessGuid"",""#text"":""c9182e32-c318-69ca-eb03-000000000000""},{""@Name"":""ProcessId"",""#text"":""4""},{""@Name"":""Image"",""#text"":""System""},{""@Name"":""TargetObject"",""#text"":""HKLM\\System\\CurrentControlSet\\Control\\DeviceClasses\\{cf1dda2c-9743-11d0-a3ee-00a0c9223196}\\##?#ROOT#SYSTEM#0000#{cf1dda2c-9743-11d0-a3ee-00a0c9223196}\\#{cfd669f1-9bc2-11d0-8299-0000f822fe8a}&amp;{CF1DDA2C-9743-11D0-A3EE-00A0C9223196}\\Device Parameters\\FriendlyName""},{""@Name"":""Details"",""#text"":""Tee/Sink-to-Sink Converter""},{""@Name"":""User"",""#text"":""NT AUTHORITY\\SYSTEM""}]}}"
79,79,2026-03-30 18:38:30.6841320,13,Info,Microsoft-Windows-Sysmon,Microsoft-Windows-Sysmon/Operational,2448,4460,DC01.corp.local,1,S-1-5-18,RegistryEvent (Value Set),NT AUTHORITY\SYSTEM,,"ProcessID: 4, ProcessGUID: c9182e32-c318-69ca-eb03-000000000000","RuleName: Context,DeviceConnectedOrUpdated",Image: System,EventType: SetValue,TargetObject: HKLM\System\CurrentControlSet\Control\DeviceClasses\{ffbb6e3f-ccfe-4d84-90d9-421418b03a8e}\##?#ROOT#SYSTEM#0000#{ffbb6e3f-ccfe-4d84-90d9-421418b03a8e}\#{EEC12DB6-AD9C-4168-8658-B03DAEF417FE}&amp;{ABD61E00-9350-47e2-A632-4438B90C6641}\Device Parameters\FriendlyName,Details: Microsoft Trusted Audio Drivers,,False,C:\Users\owunc\Desktop\lab_logs\DC_Sysmon_ws.evtx,Classic,0,"{""EventData"":{""Data"":[{""@Name"":""RuleName"",""#text"":""Context,DeviceConnectedOrUpdated""},{""@Name"":""EventType"",""#text"":""SetValue""},{""@Name"":""UtcTime"",""#text"":""2026-03-30 18:38:17.771""},{""@Name"":""ProcessGuid"",""#text"":""c9182e32-c318-69ca-eb03-000000000000""},{""@Name"":""ProcessId"",""#text"":""4""},{""@Name"":""Image"",""#text"":""System""},{""@Name"":""TargetObject"",""#text"":""HKLM\\System\\CurrentControlSet\\Control\\DeviceClasses\\{ffbb6e3f-ccfe-4d84-90d9-421418b03a8e}\\##?#ROOT#SYSTEM#0000#{ffbb6e3f-ccfe-4d84-90d9-421418b03a8e}\\#{EEC12DB6-AD9C-4168-8658-B03DAEF417FE}&amp;{ABD61E00-9350-47e2-A632-4438B90C6641}\\Device Parameters\\FriendlyName""},{""@Name"":""Details"",""#text"":""Microsoft Trusted Audio Drivers""},{""@Name"":""User"",""#text"":""NT AUTHORITY\\SYSTEM""}]}}"
80,80,2026-03-30 18:38:30.6926859,13,Info,Microsoft-Windows-Sysmon,Microsoft-Windows-Sysmon/Operational,2448,4460,DC01.corp.local,1,S-1-5-18,RegistryEvent (Value Set),NT AUTHORITY\SYSTEM,,"ProcessID: 4, ProcessGUID: c9182e32-c318-69ca-eb03-000000000000","RuleName: Context,DeviceConnectedOrUpdated",Image: System,EventType: SetValue,TargetObject: HKLM\System\CurrentControlSet\Control\DeviceClasses\{6994ad04-93ef-11d0-a3cc-00a0c9223196}\##?#HDAUDIO#FUNC_01&amp;VEN_15AD&amp;DEV_1975&amp;SUBSYS_15AD1975&amp;REV_1001#5&amp;217be3d6&amp;0&amp;0001#{6994ad04-93ef-11d0-a3cc-00a0c9223196}\#eLineOutTopo\Device Parameters\FriendlyName,Details: HD Audio Speaker mixer,,False,C:\Users\owunc\Desktop\lab_logs\DC_Sysmon_ws.evtx,Classic,0,"{""EventData"":{""Data"":[{""@Name"":""RuleName"",""#text"":""Context,DeviceConnectedOrUpdated""},{""@Name"":""EventType"",""#text"":""SetValue""},{""@Name"":""UtcTime"",""#text"":""2026-03-30 18:38:17.992""},{""@Name"":""ProcessGuid"",""#text"":""c9182e32-c318-69ca-eb03-000000000000""},{""@Name"":""ProcessId"",""#text"":""4""},{""@Name"":""Image"",""#text"":""System""},{""@Name"":""TargetObject"",""#text"":""HKLM\\System\\CurrentControlSet\\Control\\DeviceClasses\\{6994ad04-93ef-11d0-a3cc-00a0c9223196}\\##?#HDAUDIO#FUNC_01&amp;VEN_15AD&amp;DEV_1975&amp;SUBSYS_15AD1975&amp;REV_1001#5&amp;217be3d6&amp;0&amp;0001#{6994ad04-93ef-11d0-a3cc-00a0c9223196}\\#eLineOutTopo\\Device Parameters\\FriendlyName""},{""@Name"":""Details"",""#text"":""HD Audio Speaker mixer""},{""@Name"":""User"",""#text"":""NT AUTHORITY\\SYSTEM""}]}}"
81,81,2026-03-30 18:38:30.6934342,13,Info,Microsoft-Windows-Sysmon,Microsoft-Windows-Sysmon/Operational,2448,4460,DC01.corp.local,1,S-1-5-18,RegistryEvent (Value Set),NT AUTHORITY\SYSTEM,,"ProcessID: 4, ProcessGUID: c9182e32-c318-69ca-eb03-000000000000","RuleName: Context,DeviceConnectedOrUpdated",Image: System,EventType: SetValue,TargetObject: HKLM\System\CurrentControlSet\Control\DeviceClasses\{dda54a40-1e4c-11d1-a050-405705c10000}\##?#HDAUDIO#FUNC_01&amp;VEN_15AD&amp;DEV_1975&amp;SUBSYS_15AD1975&amp;REV_1001#5&amp;217be3d6&amp;0&amp;0001#{dda54a40-1e4c-11d1-a050-405705c10000}\#eLineOutTopo\Device Parameters\FriendlyName,Details: HD Audio Speaker mixer,,False,C:\Users\owunc\Desktop\lab_logs\DC_Sysmon_ws.evtx,Classic,0,"{""EventData"":{""Data"":[{""@Name"":""RuleName"",""#text"":""Context,DeviceConnectedOrUpdated""},{""@Name"":""EventType"",""#text"":""SetValue""},{""@Name"":""UtcTime"",""#text"":""2026-03-30 18:38:17.992""},{""@Name"":""ProcessGuid"",""#text"":""c9182e32-c318-69ca-eb03-000000000000""},{""@Name"":""ProcessId"",""#text"":""4""},{""@Name"":""Image"",""#text"":""System""},{""@Name"":""TargetObject"",""#text"":""HKLM\\System\\CurrentControlSet\\Control\\DeviceClasses\\{dda54a40-1e4c-11d1-a050-405705c10000}\\##?#HDAUDIO#FUNC_01&amp;VEN_15AD&amp;DEV_1975&amp;SUBSYS_15AD1975&amp;REV_1001#5&amp;217be3d6&amp;0&amp;0001#{dda54a40-1e4c-11d1-a050-405705c10000}\\#eLineOutTopo\\Device Parameters\\FriendlyName""},{""@Name"":""Details"",""#text"":""HD Audio Speaker mixer""},{""@Name"":""User"",""#text"":""NT AUTHORITY\\SYSTEM""}]}}"
82,82,2026-03-30 18:38:30.6942745,13,Info,Microsoft-Windows-Sysmon,Microsoft-Windows-Sysmon/Operational,2448,4460,DC01.corp.local,1,S-1-5-18,RegistryEvent (Value Set),NT AUTHORITY\SYSTEM,,"ProcessID: 4, ProcessGUID: c9182e32-c318-69ca-eb03-000000000000","RuleName: Context,DeviceConnectedOrUpdated",Image: System,EventType: SetValue,TargetObject: HKLM\System\CurrentControlSet\Control\DeviceClasses\{6994ad04-93ef-11d0-a3cc-00a0c9223196}\##?#HDAUDIO#FUNC_01&amp;VEN_15AD&amp;DEV_1975&amp;SUBSYS_15AD1975&amp;REV_1001#5&amp;217be3d6&amp;0&amp;0001#{6994ad04-93ef-11d0-a3cc-00a0c9223196}\#eMicInTopo\Device Parameters\FriendlyName,Details: HD Audio Microphone mixer,,False,C:\Users\owunc\Desktop\lab_logs\DC_Sysmon_ws.evtx,Classic,0,"{""EventData"":{""Data"":[{""@Name"":""RuleName"",""#text"":""Context,DeviceConnectedOrUpdated""},{""@Name"":""EventType"",""#text"":""SetValue""},{""@Name"":""UtcTime"",""#text"":""2026-03-30 18:38:17.992""},{""@Name"":""ProcessGuid"",""#text"":""c9182e32-c318-69ca-eb03-000000000000""},{""@Name"":""ProcessId"",""#text"":""4""},{""@Name"":""Image"",""#text"":""System""},{""@Name"":""TargetObject"",""#text"":""HKLM\\System\\CurrentControlSet\\Control\\DeviceClasses\\{6994ad04-93ef-11d0-a3cc-00a0c9223196}\\##?#HDAUDIO#FUNC_01&amp;VEN_15AD&amp;DEV_1975&amp;SUBSYS_15AD1975&amp;REV_1001#5&amp;217be3d6&amp;0&amp;0001#{6994ad04-93ef-11d0-a3cc-00a0c9223196}\\#eMicInTopo\\Device Parameters\\FriendlyName""},{""@Name"":""Details"",""#text"":""HD Audio Microphone mixer""},{""@Name"":""User"",""#text"":""NT AUTHORITY\\SYSTEM""}]}}"
83,83,2026-03-30 18:38:30.6945548,13,Info,Microsoft-Windows-Sysmon,Microsoft-Windows-Sysmon/Operational,2448,4460,DC01.corp.local,1,S-1-5-18,RegistryEvent (Value Set),NT AUTHORITY\SYSTEM,,"ProcessID: 4, ProcessGUID: c9182e32-c318-69ca-eb03-000000000000","RuleName: Context,DeviceConnectedOrUpdated",Image: System,EventType: SetValue,TargetObject: HKLM\System\CurrentControlSet\Control\DeviceClasses\{dda54a40-1e4c-11d1-a050-405705c10000}\##?#HDAUDIO#FUNC_01&amp;VEN_15AD&amp;DEV_1975&amp;SUBSYS_15AD1975&amp;REV_1001#5&amp;217be3d6&amp;0&amp;0001#{dda54a40-1e4c-11d1-a050-405705c10000}\#eMicInTopo\Device Parameters\FriendlyName,Details: HD Audio Microphone mixer,,False,C:\Users\owunc\Desktop\lab_logs\DC_Sysmon_ws.evtx,Classic,0,"{""EventData"":{""Data"":[{""@Name"":""RuleName"",""#text"":""Context,DeviceConnectedOrUpdated""},{""@Name"":""EventType"",""#text"":""SetValue""},{""@Name"":""UtcTime"",""#text"":""2026-03-30 18:38:17.992""},{""@Name"":""ProcessGuid"",""#text"":""c9182e32-c318-69ca-eb03-000000000000""},{""@Name"":""ProcessId"",""#text"":""4""},{""@Name"":""Image"",""#text"":""System""},{""@Name"":""TargetObject"",""#text"":""HKLM\\System\\CurrentControlSet\\Control\\DeviceClasses\\{dda54a40-1e4c-11d1-a050-405705c10000}\\##?#HDAUDIO#FUNC_01&amp;VEN_15AD&amp;DEV_1975&amp;SUBSYS_15AD1975&amp;REV_1001#5&amp;217be3d6&amp;0&amp;0001#{dda54a40-1e4c-11d1-a050-405705c10000}\\#eMicInTopo\\Device Parameters\\FriendlyName""},{""@Name"":""Details"",""#text"":""HD Audio Microphone mixer""},{""@Name"":""User"",""#text"":""NT AUTHORITY\\SYSTEM""}]}}"
84,84,2026-03-30 18:38:30.6949148,13,Info,Microsoft-Windows-Sysmon,Microsoft-Windows-Sysmon/Operational,2448,4460,DC01.corp.local,1,S-1-5-18,RegistryEvent (Value Set),NT AUTHORITY\SYSTEM,,"ProcessID: 4, ProcessGUID: c9182e32-c318-69ca-eb03-000000000000","RuleName: Context,DeviceConnectedOrUpdated",Image: System,EventType: SetValue,TargetObject: HKLM\System\CurrentControlSet\Control\DeviceClasses\{6994ad04-93ef-11d0-a3cc-00a0c9223196}\##?#HDAUDIO#FUNC_01&amp;VEN_15AD&amp;DEV_1975&amp;SUBSYS_15AD1975&amp;REV_1001#5&amp;217be3d6&amp;0&amp;0001#{6994ad04-93ef-11d0-a3cc-00a0c9223196}\#eLineOutWave\Device Parameters\FriendlyName,Details: HD Audio Speaker,,False,C:\Users\owunc\Desktop\lab_logs\DC_Sysmon_ws.evtx,Classic,0,"{""EventData"":{""Data"":[{""@Name"":""RuleName"",""#text"":""Context,DeviceConnectedOrUpdated""},{""@Name"":""EventType"",""#text"":""SetValue""},{""@Name"":""UtcTime"",""#text"":""2026-03-30 18:38:17.992""},{""@Name"":""ProcessGuid"",""#text"":""c9182e32-c318-69ca-eb03-000000000000""},{""@Name"":""ProcessId"",""#text"":""4""},{""@Name"":""Image"",""#text"":""System""},{""@Name"":""TargetObject"",""#text"":""HKLM\\System\\CurrentControlSet\\Control\\DeviceClasses\\{6994ad04-93ef-11d0-a3cc-00a0c9223196}\\##?#HDAUDIO#FUNC_01&amp;VEN_15AD&amp;DEV_1975&amp;SUBSYS_15AD1975&amp;REV_1001#5&amp;217be3d6&amp;0&amp;0001#{6994ad04-93ef-11d0-a3cc-00a0c9223196}\\#eLineOutWave\\Device Parameters\\FriendlyName""},{""@Name"":""Details"",""#text"":""HD Audio Speaker""},{""@Name"":""User"",""#text"":""NT AUTHORITY\\SYSTEM""}]}}"
85,85,2026-03-30 18:38:30.6950295,13,Info,Microsoft-Windows-Sysmon,Microsoft-Windows-Sysmon/Operational,2448,4460,DC01.corp.local,1,S-1-5-18,RegistryEvent (Value Set),NT AUTHORITY\SYSTEM,,"ProcessID: 4, ProcessGUID: c9182e32-c318-69ca-eb03-000000000000","RuleName: Context,DeviceConnectedOrUpdated",Image: System,EventType: SetValue,TargetObject: HKLM\System\CurrentControlSet\Control\DeviceClasses\{65e8773e-8f56-11d0-a3b9-00a0c9223196}\##?#HDAUDIO#FUNC_01&amp;VEN_15AD&amp;DEV_1975&amp;SUBSYS_15AD1975&amp;REV_1001#5&amp;217be3d6&amp;0&amp;0001#{65e8773e-8f56-11d0-a3b9-00a0c9223196}\#eLineOutWave\Device Parameters\FriendlyName,Details: HD Audio Speaker,,False,C:\Users\owunc\Desktop\lab_logs\DC_Sysmon_ws.evtx,Classic,0,"{""EventData"":{""Data"":[{""@Name"":""RuleName"",""#text"":""Context,DeviceConnectedOrUpdated""},{""@Name"":""EventType"",""#text"":""SetValue""},{""@Name"":""UtcTime"",""#text"":""2026-03-30 18:38:17.992""},{""@Name"":""ProcessGuid"",""#text"":""c9182e32-c318-69ca-eb03-000000000000""},{""@Name"":""ProcessId"",""#text"":""4""},{""@Name"":""Image"",""#text"":""System""},{""@Name"":""TargetObject"",""#text"":""HKLM\\System\\CurrentControlSet\\Control\\DeviceClasses\\{65e8773e-8f56-11d0-a3b9-00a0c9223196}\\##?#HDAUDIO#FUNC_01&amp;VEN_15AD&amp;DEV_1975&amp;SUBSYS_15AD1975&amp;REV_1001#5&amp;217be3d6&amp;0&amp;0001#{65e8773e-8f56-11d0-a3b9-00a0c9223196}\\#eLineOutWave\\Device Parameters\\FriendlyName""},{""@Name"":""Details"",""#text"":""HD Audio Speaker""},{""@Name"":""User"",""#text"":""NT AUTHORITY\\SYSTEM""}]}}"
86,86,2026-03-30 18:38:30.6951457,13,Info,Microsoft-Windows-Sysmon,Microsoft-Windows-Sysmon/Operational,2448,4460,DC01.corp.local,1,S-1-5-18,RegistryEvent (Value Set),NT AUTHORITY\SYSTEM,,"ProcessID: 4, ProcessGUID: c9182e32-c318-69ca-eb03-000000000000","RuleName: Context,DeviceConnectedOrUpdated",Image: System,EventType: SetValue,TargetObject: HKLM\System\CurrentControlSet\Control\DeviceClasses\{eb115ffc-10c8-4964-831d-6dcb02e6f23f}\##?#HDAUDIO#FUNC_01&amp;VEN_15AD&amp;DEV_1975&amp;SUBSYS_15AD1975&amp;REV_1001#5&amp;217be3d6&amp;0&amp;0001#{eb115ffc-10c8-4964-831d-6dcb02e6f23f}\#eLineOutWave\Device Parameters\FriendlyName,Details: HD Audio Speaker,,False,C:\Users\owunc\Desktop\lab_logs\DC_Sysmon_ws.evtx,Classic,0,"{""EventData"":{""Data"":[{""@Name"":""RuleName"",""#text"":""Context,DeviceConnectedOrUpdated""},{""@Name"":""EventType"",""#text"":""SetValue""},{""@Name"":""UtcTime"",""#text"":""2026-03-30 18:38:17.992""},{""@Name"":""ProcessGuid"",""#text"":""c9182e32-c318-69ca-eb03-000000000000""},{""@Name"":""ProcessId"",""#text"":""4""},{""@Name"":""Image"",""#text"":""System""},{""@Name"":""TargetObject"",""#text"":""HKLM\\System\\CurrentControlSet\\Control\\DeviceClasses\\{eb115ffc-10c8-4964-831d-6dcb02e6f23f}\\##?#HDAUDIO#FUNC_01&amp;VEN_15AD&amp;DEV_1975&amp;SUBSYS_15AD1975&amp;REV_1001#5&amp;217be3d6&amp;0&amp;0001#{eb115ffc-10c8-4964-831d-6dcb02e6f23f}\\#eLineOutWave\\Device Parameters\\FriendlyName""},{""@Name"":""Details"",""#text"":""HD Audio Speaker""},{""@Name"":""User"",""#text"":""NT AUTHORITY\\SYSTEM""}]}}"
87,87,2026-03-30 18:38:30.6964355,13,Info,Microsoft-Windows-Sysmon,Microsoft-Windows-Sysmon/Operational,2448,4460,DC01.corp.local,1,S-1-5-18,RegistryEvent (Value Set),NT AUTHORITY\SYSTEM,,"ProcessID: 4, ProcessGUID: c9182e32-c318-69ca-eb03-000000000000","RuleName: Context,DeviceConnectedOrUpdated",Image: System,EventType: SetValue,TargetObject: HKLM\System\CurrentControlSet\Control\DeviceClasses\{6994ad04-93ef-11d0-a3cc-00a0c9223196}\##?#HDAUDIO#FUNC_01&amp;VEN_15AD&amp;DEV_1975&amp;SUBSYS_15AD1975&amp;REV_1001#5&amp;217be3d6&amp;0&amp;0001#{6994ad04-93ef-11d0-a3cc-00a0c9223196}\#eMicInWave\Device Parameters\FriendlyName,Details: HD Audio Microphone,,False,C:\Users\owunc\Desktop\lab_logs\DC_Sysmon_ws.evtx,Classic,0,"{""EventData"":{""Data"":[{""@Name"":""RuleName"",""#text"":""Context,DeviceConnectedOrUpdated""},{""@Name"":""EventType"",""#text"":""SetValue""},{""@Name"":""UtcTime"",""#text"":""2026-03-30 18:38:18.007""},{""@Name"":""ProcessGuid"",""#text"":""c9182e32-c318-69ca-eb03-000000000000""},{""@Name"":""ProcessId"",""#text"":""4""},{""@Name"":""Image"",""#text"":""System""},{""@Name"":""TargetObject"",""#text"":""HKLM\\System\\CurrentControlSet\\Control\\DeviceClasses\\{6994ad04-93ef-11d0-a3cc-00a0c9223196}\\##?#HDAUDIO#FUNC_01&amp;VEN_15AD&amp;DEV_1975&amp;SUBSYS_15AD1975&amp;REV_1001#5&amp;217be3d6&amp;0&amp;0001#{6994ad04-93ef-11d0-a3cc-00a0c9223196}\\#eMicInWave\\Device Parameters\\FriendlyName""},{""@Name"":""Details"",""#text"":""HD Audio Microphone""},{""@Name"":""User"",""#text"":""NT AUTHORITY\\SYSTEM""}]}}"
88,88,2026-03-30 18:38:30.6965498,13,Info,Microsoft-Windows-Sysmon,Microsoft-Windows-Sysmon/Operational,2448,4460,DC01.corp.local,1,S-1-5-18,RegistryEvent (Value Set),NT AUTHORITY\SYSTEM,,"ProcessID: 4, ProcessGUID: c9182e32-c318-69ca-eb03-000000000000","RuleName: Context,DeviceConnectedOrUpdated",Image: System,EventType: SetValue,TargetObject: HKLM\System\CurrentControlSet\Control\DeviceClasses\{65e8773d-8f56-11d0-a3b9-00a0c9223196}\##?#HDAUDIO#FUNC_01&amp;VEN_15AD&amp;DEV_1975&amp;SUBSYS_15AD1975&amp;REV_1001#5&amp;217be3d6&amp;0&amp;0001#{65e8773d-8f56-11d0-a3b9-00a0c9223196}\#eMicInWave\Device Parameters\FriendlyName,Details: HD Audio Microphone,,False,C:\Users\owunc\Desktop\lab_logs\DC_Sysmon_ws.evtx,Classic,0,"{""EventData"":{""Data"":[{""@Name"":""RuleName"",""#text"":""Context,DeviceConnectedOrUpdated""},{""@Name"":""EventType"",""#text"":""SetValue""},{""@Name"":""UtcTime"",""#text"":""2026-03-30 18:38:18.007""},{""@Name"":""ProcessGuid"",""#text"":""c9182e32-c318-69ca-eb03-000000000000""},{""@Name"":""ProcessId"",""#text"":""4""},{""@Name"":""Image"",""#text"":""System""},{""@Name"":""TargetObject"",""#text"":""HKLM\\System\\CurrentControlSet\\Control\\DeviceClasses\\{65e8773d-8f56-11d0-a3b9-00a0c9223196}\\##?#HDAUDIO#FUNC_01&amp;VEN_15AD&amp;DEV_1975&amp;SUBSYS_15AD1975&amp;REV_1001#5&amp;217be3d6&amp;0&amp;0001#{65e8773d-8f56-11d0-a3b9-00a0c9223196}\\#eMicInWave\\Device Parameters\\FriendlyName""},{""@Name"":""Details"",""#text"":""HD Audio Microphone""},{""@Name"":""User"",""#text"":""NT AUTHORITY\\SYSTEM""}]}}"
89,89,2026-03-30 18:38:30.6966627,13,Info,Microsoft-Windows-Sysmon,Microsoft-Windows-Sysmon/Operational,2448,4460,DC01.corp.local,1,S-1-5-18,RegistryEvent (Value Set),NT AUTHORITY\SYSTEM,,"ProcessID: 4, ProcessGUID: c9182e32-c318-69ca-eb03-000000000000","RuleName: Context,DeviceConnectedOrUpdated",Image: System,EventType: SetValue,TargetObject: HKLM\System\CurrentControlSet\Control\DeviceClasses\{eb115ffc-10c8-4964-831d-6dcb02e6f23f}\##?#HDAUDIO#FUNC_01&amp;VEN_15AD&amp;DEV_1975&amp;SUBSYS_15AD1975&amp;REV_1001#5&amp;217be3d6&amp;0&amp;0001#{eb115ffc-10c8-4964-831d-6dcb02e6f23f}\#eMicInWave\Device Parameters\FriendlyName,Details: HD Audio Microphone,,False,C:\Users\owunc\Desktop\lab_logs\DC_Sysmon_ws.evtx,Classic,0,"{""EventData"":{""Data"":[{""@Name"":""RuleName"",""#text"":""Context,DeviceConnectedOrUpdated""},{""@Name"":""EventType"",""#text"":""SetValue""},{""@Name"":""UtcTime"",""#text"":""2026-03-30 18:38:18.007""},{""@Name"":""ProcessGuid"",""#text"":""c9182e32-c318-69ca-eb03-000000000000""},{""@Name"":""ProcessId"",""#text"":""4""},{""@Name"":""Image"",""#text"":""System""},{""@Name"":""TargetObject"",""#text"":""HKLM\\System\\CurrentControlSet\\Control\\DeviceClasses\\{eb115ffc-10c8-4964-831d-6dcb02e6f23f}\\##?#HDAUDIO#FUNC_01&amp;VEN_15AD&amp;DEV_1975&amp;SUBSYS_15AD1975&amp;REV_1001#5&amp;217be3d6&amp;0&amp;0001#{eb115ffc-10c8-4964-831d-6dcb02e6f23f}\\#eMicInWave\\Device Parameters\\FriendlyName""},{""@Name"":""Details"",""#text"":""HD Audio Microphone""},{""@Name"":""User"",""#text"":""NT AUTHORITY\\SYSTEM""}]}}"
