293,293,2026-03-30 18:39:00.5661055,22,Info,Microsoft-Windows-Sysmon,Microsoft-Windows-Sysmon/Operational,2448,4476,DC01.corp.local,6,S-1-5-18,DNSEvent (DNS query),NT AUTHORITY\SYSTEM,,"ProcessID: 2936, ProcessGUID: c9182e32-c326-69ca-3800-000000000900",RuleName: -,Image: C:\Windows\System32\dns.exe,QueryName: DC01.corp.local,QueryStatus: 0,QueryResults: fe80::edbf:7020:ccdd:502e;::ffff:192.168.93.50;,,False,C:\Users\owunc\Desktop\lab_logs\DC_Sysmon_ws.evtx,Classic,0,"{""EventData"":{""Data"":[{""@Name"":""RuleName"",""#text"":""-""},{""@Name"":""UtcTime"",""#text"":""2026-03-30 18:39:00.012""},{""@Name"":""ProcessGuid"",""#text"":""c9182e32-c326-69ca-3800-000000000900""},{""@Name"":""ProcessId"",""#text"":""2936""},{""@Name"":""QueryName"",""#text"":""DC01.corp.local""},{""@Name"":""QueryStatus"",""#text"":""0""},{""@Name"":""QueryResults"",""#text"":""fe80::edbf:7020:ccdd:502e;::ffff:192.168.93.50;""},{""@Name"":""Image"",""#text"":""C:\\Windows\\System32\\dns.exe""},{""@Name"":""User"",""#text"":""NT AUTHORITY\\SYSTEM""}]}}"
294,294,2026-03-30 18:39:00.5661473,22,Info,Microsoft-Windows-Sysmon,Microsoft-Windows-Sysmon/Operational,2448,4476,DC01.corp.local,6,S-1-5-18,DNSEvent (DNS query),NT AUTHORITY\SYSTEM,,"ProcessID: 736, ProcessGUID: c9182e32-c31a-69ca-0c00-000000000900",RuleName: -,Image: C:\Windows\System32\lsass.exe,QueryName: _kerberos._tcp.Default-First-Site-Name._sites.dc._msdcs.CORP.LOCAL.,QueryStatus: 9502,QueryResults: -,,False,C:\Users\owunc\Desktop\lab_logs\DC_Sysmon_ws.evtx,Classic,0,"{""EventData"":{""Data"":[{""@Name"":""RuleName"",""#text"":""-""},{""@Name"":""UtcTime"",""#text"":""2026-03-30 18:39:00.176""},{""@Name"":""ProcessGuid"",""#text"":""c9182e32-c31a-69ca-0c00-000000000900""},{""@Name"":""ProcessId"",""#text"":""736""},{""@Name"":""QueryName"",""#text"":""_kerberos._tcp.Default-First-Site-Name._sites.dc._msdcs.CORP.LOCAL.""},{""@Name"":""QueryStatus"",""#text"":""9502""},{""@Name"":""QueryResults"",""#text"":""-""},{""@Name"":""Image"",""#text"":""C:\\Windows\\System32\\lsass.exe""},{""@Name"":""User"",""#text"":""NT AUTHORITY\\SYSTEM""}]}}"
295,295,2026-03-30 18:39:00.5661670,22,Info,Microsoft-Windows-Sysmon,Microsoft-Windows-Sysmon/Operational,2448,4476,DC01.corp.local,6,S-1-5-18,DNSEvent (DNS query),NT AUTHORITY\SYSTEM,,"ProcessID: 2988, ProcessGUID: c9182e32-c326-69ca-3d00-000000000900",RuleName: -,Image: C:\Windows\System32\dfsrs.exe,QueryName: DC01.corp.local,QueryStatus: 0,QueryResults: fe80::edbf:7020:ccdd:502e;::ffff:192.168.93.50;,,False,C:\Users\owunc\Desktop\lab_logs\DC_Sysmon_ws.evtx,Classic,0,"{""EventData"":{""Data"":[{""@Name"":""RuleName"",""#text"":""-""},{""@Name"":""UtcTime"",""#text"":""2026-03-30 18:39:00.180""},{""@Name"":""ProcessGuid"",""#text"":""c9182e32-c326-69ca-3d00-000000000900""},{""@Name"":""ProcessId"",""#text"":""2988""},{""@Name"":""QueryName"",""#text"":""DC01.corp.local""},{""@Name"":""QueryStatus"",""#text"":""0""},{""@Name"":""QueryResults"",""#text"":""fe80::edbf:7020:ccdd:502e;::ffff:192.168.93.50;""},{""@Name"":""Image"",""#text"":""C:\\Windows\\System32\\dfsrs.exe""},{""@Name"":""User"",""#text"":""NT AUTHORITY\\SYSTEM""}]}}"
296,296,2026-03-30 18:39:00.5661801,22,Info,Microsoft-Windows-Sysmon,Microsoft-Windows-Sysmon/Operational,2448,4476,DC01.corp.local,6,S-1-5-18,DNSEvent (DNS query),NT AUTHORITY\SYSTEM,,"ProcessID: 736, ProcessGUID: c9182e32-c31a-69ca-0c00-000000000900",RuleName: -,Image: C:\Windows\System32\lsass.exe,QueryName: corp.local.,QueryStatus: 0,QueryResults: type: 6 dc01.corp.local;192.168.93.50;,,False,C:\Users\owunc\Desktop\lab_logs\DC_Sysmon_ws.evtx,Classic,0,"{""EventData"":{""Data"":[{""@Name"":""RuleName"",""#text"":""-""},{""@Name"":""UtcTime"",""#text"":""2026-03-30 18:39:00.184""},{""@Name"":""ProcessGuid"",""#text"":""c9182e32-c31a-69ca-0c00-000000000900""},{""@Name"":""ProcessId"",""#text"":""736""},{""@Name"":""QueryName"",""#text"":""corp.local.""},{""@Name"":""QueryStatus"",""#text"":""0""},{""@Name"":""QueryResults"",""#text"":""type: 6 dc01.corp.local;192.168.93.50;""},{""@Name"":""Image"",""#text"":""C:\\Windows\\System32\\lsass.exe""},{""@Name"":""User"",""#text"":""NT AUTHORITY\\SYSTEM""}]}}"
297,297,2026-03-30 18:39:00.5661948,22,Info,Microsoft-Windows-Sysmon,Microsoft-Windows-Sysmon/Operational,2448,4476,DC01.corp.local,6,S-1-5-18,DNSEvent (DNS query),NT AUTHORITY\SYSTEM,,"ProcessID: 736, ProcessGUID: c9182e32-c31a-69ca-0c00-000000000900",RuleName: -,Image: C:\Windows\System32\lsass.exe,QueryName: _ldap._tcp.Default-First-Site-Name._sites.dc._msdcs.corp.local.,QueryStatus: 0,QueryResults: type: 33 dc01.corp.local;192.168.93.50;,,False,C:\Users\owunc\Desktop\lab_logs\DC_Sysmon_ws.evtx,Classic,0,"{""EventData"":{""Data"":[{""@Name"":""RuleName"",""#text"":""-""},{""@Name"":""UtcTime"",""#text"":""2026-03-30 18:39:00.184""},{""@Name"":""ProcessGuid"",""#text"":""c9182e32-c31a-69ca-0c00-000000000900""},{""@Name"":""ProcessId"",""#text"":""736""},{""@Name"":""QueryName"",""#text"":""_ldap._tcp.Default-First-Site-Name._sites.dc._msdcs.corp.local.""},{""@Name"":""QueryStatus"",""#text"":""0""},{""@Name"":""QueryResults"",""#text"":""type: 33 dc01.corp.local;192.168.93.50;""},{""@Name"":""Image"",""#text"":""C:\\Windows\\System32\\lsass.exe""},{""@Name"":""User"",""#text"":""NT AUTHORITY\\SYSTEM""}]}}"
298,298,2026-03-30 18:39:00.5662038,22,Info,Microsoft-Windows-Sysmon,Microsoft-Windows-Sysmon/Operational,2448,4476,DC01.corp.local,6,S-1-5-18,DNSEvent (DNS query),NT AUTHORITY\SYSTEM,,"ProcessID: 736, ProcessGUID: c9182e32-c31a-69ca-0c00-000000000900",RuleName: -,Image: C:\Windows\System32\lsass.exe,QueryName: corp.local.,QueryStatus: 0,QueryResults: type: 2 dc01.corp.local;192.168.93.50;,,False,C:\Users\owunc\Desktop\lab_logs\DC_Sysmon_ws.evtx,Classic,0,"{""EventData"":{""Data"":[{""@Name"":""RuleName"",""#text"":""-""},{""@Name"":""UtcTime"",""#text"":""2026-03-30 18:39:00.184""},{""@Name"":""ProcessGuid"",""#text"":""c9182e32-c31a-69ca-0c00-000000000900""},{""@Name"":""ProcessId"",""#text"":""736""},{""@Name"":""QueryName"",""#text"":""corp.local.""},{""@Name"":""QueryStatus"",""#text"":""0""},{""@Name"":""QueryResults"",""#text"":""type: 2 dc01.corp.local;192.168.93.50;""},{""@Name"":""Image"",""#text"":""C:\\Windows\\System32\\lsass.exe""},{""@Name"":""User"",""#text"":""NT AUTHORITY\\SYSTEM""}]}}"
299,299,2026-03-30 18:39:00.5662215,22,Info,Microsoft-Windows-Sysmon,Microsoft-Windows-Sysmon/Operational,2448,4476,DC01.corp.local,6,S-1-5-18,DNSEvent (DNS query),NT AUTHORITY\SYSTEM,,"ProcessID: 736, ProcessGUID: c9182e32-c31a-69ca-0c00-000000000900",RuleName: -,Image: C:\Windows\System32\lsass.exe,QueryName: _ldap._tcp.corp.local.,QueryStatus: 9501,QueryResults: type: 6 dc01.corp.local;192.168.93.50;,,False,C:\Users\owunc\Desktop\lab_logs\DC_Sysmon_ws.evtx,Classic,0,"{""EventData"":{""Data"":[{""@Name"":""RuleName"",""#text"":""-""},{""@Name"":""UtcTime"",""#text"":""2026-03-30 18:39:00.186""},{""@Name"":""ProcessGuid"",""#text"":""c9182e32-c31a-69ca-0c00-000000000900""},{""@Name"":""ProcessId"",""#text"":""736""},{""@Name"":""QueryName"",""#text"":""_ldap._tcp.corp.local.""},{""@Name"":""QueryStatus"",""#text"":""9501""},{""@Name"":""QueryResults"",""#text"":""type: 6 dc01.corp.local;192.168.93.50;""},{""@Name"":""Image"",""#text"":""C:\\Windows\\System32\\lsass.exe""},{""@Name"":""User"",""#text"":""NT AUTHORITY\\SYSTEM""}]}}"
300,300,2026-03-30 18:39:00.5662373,22,Info,Microsoft-Windows-Sysmon,Microsoft-Windows-Sysmon/Operational,2448,4476,DC01.corp.local,6,S-1-5-18,DNSEvent (DNS query),NT AUTHORITY\SYSTEM,,"ProcessID: 736, ProcessGUID: c9182e32-c31a-69ca-0c00-000000000900",RuleName: -,Image: C:\Windows\System32\lsass.exe,QueryName: _ldap._tcp.Default-First-Site-Name._sites.corp.local.,QueryStatus: 9501,QueryResults: type: 6 dc01.corp.local;192.168.93.50;,,False,C:\Users\owunc\Desktop\lab_logs\DC_Sysmon_ws.evtx,Classic,0,"{""EventData"":{""Data"":[{""@Name"":""RuleName"",""#text"":""-""},{""@Name"":""UtcTime"",""#text"":""2026-03-30 18:39:00.190""},{""@Name"":""ProcessGuid"",""#text"":""c9182e32-c31a-69ca-0c00-000000000900""},{""@Name"":""ProcessId"",""#text"":""736""},{""@Name"":""QueryName"",""#text"":""_ldap._tcp.Default-First-Site-Name._sites.corp.local.""},{""@Name"":""QueryStatus"",""#text"":""9501""},{""@Name"":""QueryResults"",""#text"":""type: 6 dc01.corp.local;192.168.93.50;""},{""@Name"":""Image"",""#text"":""C:\\Windows\\System32\\lsass.exe""},{""@Name"":""User"",""#text"":""NT AUTHORITY\\SYSTEM""}]}}"
301,301,2026-03-30 18:39:00.5662549,22,Info,Microsoft-Windows-Sysmon,Microsoft-Windows-Sysmon/Operational,2448,4476,DC01.corp.local,6,S-1-5-18,DNSEvent (DNS query),NT AUTHORITY\SYSTEM,,"ProcessID: 736, ProcessGUID: c9182e32-c31a-69ca-0c00-000000000900",RuleName: -,Image: C:\Windows\System32\lsass.exe,QueryName: _ldap._tcp.dc._msdcs.corp.local.,QueryStatus: 0,QueryResults: type: 33 dc01.corp.local;192.168.93.50;,,False,C:\Users\owunc\Desktop\lab_logs\DC_Sysmon_ws.evtx,Classic,0,"{""EventData"":{""Data"":[{""@Name"":""RuleName"",""#text"":""-""},{""@Name"":""UtcTime"",""#text"":""2026-03-30 18:39:00.191""},{""@Name"":""ProcessGuid"",""#text"":""c9182e32-c31a-69ca-0c00-000000000900""},{""@Name"":""ProcessId"",""#text"":""736""},{""@Name"":""QueryName"",""#text"":""_ldap._tcp.dc._msdcs.corp.local.""},{""@Name"":""QueryStatus"",""#text"":""0""},{""@Name"":""QueryResults"",""#text"":""type: 33 dc01.corp.local;192.168.93.50;""},{""@Name"":""Image"",""#text"":""C:\\Windows\\System32\\lsass.exe""},{""@Name"":""User"",""#text"":""NT AUTHORITY\\SYSTEM""}]}}"
302,302,2026-03-30 18:39:00.5662672,22,Info,Microsoft-Windows-Sysmon,Microsoft-Windows-Sysmon/Operational,2448,4476,DC01.corp.local,6,S-1-5-18,DNSEvent (DNS query),NT AUTHORITY\SYSTEM,,"ProcessID: 736, ProcessGUID: c9182e32-c31a-69ca-0c00-000000000900",RuleName: -,Image: C:\Windows\System32\lsass.exe,QueryName: _ldap._tcp.pdc._msdcs.corp.local.,QueryStatus: 9501,QueryResults: type: 6 dc01.corp.local;192.168.93.50;,,False,C:\Users\owunc\Desktop\lab_logs\DC_Sysmon_ws.evtx,Classic,0,"{""EventData"":{""Data"":[{""@Name"":""RuleName"",""#text"":""-""},{""@Name"":""UtcTime"",""#text"":""2026-03-30 18:39:00.191""},{""@Name"":""ProcessGuid"",""#text"":""c9182e32-c31a-69ca-0c00-000000000900""},{""@Name"":""ProcessId"",""#text"":""736""},{""@Name"":""QueryName"",""#text"":""_ldap._tcp.pdc._msdcs.corp.local.""},{""@Name"":""QueryStatus"",""#text"":""9501""},{""@Name"":""QueryResults"",""#text"":""type: 6 dc01.corp.local;192.168.93.50;""},{""@Name"":""Image"",""#text"":""C:\\Windows\\System32\\lsass.exe""},{""@Name"":""User"",""#text"":""NT AUTHORITY\\SYSTEM""}]}}"
303,303,2026-03-30 18:39:00.5662826,22,Info,Microsoft-Windows-Sysmon,Microsoft-Windows-Sysmon/Operational,2448,4476,DC01.corp.local,6,S-1-5-18,DNSEvent (DNS query),NT AUTHORITY\SYSTEM,,"ProcessID: 736, ProcessGUID: c9182e32-c31a-69ca-0c00-000000000900",RuleName: -,Image: C:\Windows\System32\lsass.exe,QueryName: _ldap._tcp.ea69d601-39f9-4b75-bf93-8263682a2e54.domains._msdcs.corp.local.,QueryStatus: 0,QueryResults: type: 33 dc01.corp.local;192.168.93.50;,,False,C:\Users\owunc\Desktop\lab_logs\DC_Sysmon_ws.evtx,Classic,0,"{""EventData"":{""Data"":[{""@Name"":""RuleName"",""#text"":""-""},{""@Name"":""UtcTime"",""#text"":""2026-03-30 18:39:00.192""},{""@Name"":""ProcessGuid"",""#text"":""c9182e32-c31a-69ca-0c00-000000000900""},{""@Name"":""ProcessId"",""#text"":""736""},{""@Name"":""QueryName"",""#text"":""_ldap._tcp.ea69d601-39f9-4b75-bf93-8263682a2e54.domains._msdcs.corp.local.""},{""@Name"":""QueryStatus"",""#text"":""0""},{""@Name"":""QueryResults"",""#text"":""type: 33 dc01.corp.local;192.168.93.50;""},{""@Name"":""Image"",""#text"":""C:\\Windows\\System32\\lsass.exe""},{""@Name"":""User"",""#text"":""NT AUTHORITY\\SYSTEM""}]}}"
304,304,2026-03-30 18:39:00.5662922,22,Info,Microsoft-Windows-Sysmon,Microsoft-Windows-Sysmon/Operational,2448,4476,DC01.corp.local,6,S-1-5-18,DNSEvent (DNS query),NT AUTHORITY\SYSTEM,,"ProcessID: 736, ProcessGUID: c9182e32-c31a-69ca-0c00-000000000900",RuleName: -,Image: C:\Windows\System32\lsass.exe,QueryName: _msdcs.corp.local.,QueryStatus: 0,QueryResults: type: 2 dc01.corp.local;192.168.93.50;,,False,C:\Users\owunc\Desktop\lab_logs\DC_Sysmon_ws.evtx,Classic,0,"{""EventData"":{""Data"":[{""@Name"":""RuleName"",""#text"":""-""},{""@Name"":""UtcTime"",""#text"":""2026-03-30 18:39:00.192""},{""@Name"":""ProcessGuid"",""#text"":""c9182e32-c31a-69ca-0c00-000000000900""},{""@Name"":""ProcessId"",""#text"":""736""},{""@Name"":""QueryName"",""#text"":""_msdcs.corp.local.""},{""@Name"":""QueryStatus"",""#text"":""0""},{""@Name"":""QueryResults"",""#text"":""type: 2 dc01.corp.local;192.168.93.50;""},{""@Name"":""Image"",""#text"":""C:\\Windows\\System32\\lsass.exe""},{""@Name"":""User"",""#text"":""NT AUTHORITY\\SYSTEM""}]}}"
305,305,2026-03-30 18:39:00.5663295,22,Info,Microsoft-Windows-Sysmon,Microsoft-Windows-Sysmon/Operational,2448,4476,DC01.corp.local,6,S-1-5-18,DNSEvent (DNS query),NT AUTHORITY\SYSTEM,,"ProcessID: 736, ProcessGUID: c9182e32-c31a-69ca-0c00-000000000900",RuleName: -,Image: C:\Windows\System32\lsass.exe,QueryName: _msdcs.corp.local.,QueryStatus: 0,QueryResults: type: 6 dc01.corp.local;192.168.93.50;,,False,C:\Users\owunc\Desktop\lab_logs\DC_Sysmon_ws.evtx,Classic,0,"{""EventData"":{""Data"":[{""@Name"":""RuleName"",""#text"":""-""},{""@Name"":""UtcTime"",""#text"":""2026-03-30 18:39:00.192""},{""@Name"":""ProcessGuid"",""#text"":""c9182e32-c31a-69ca-0c00-000000000900""},{""@Name"":""ProcessId"",""#text"":""736""},{""@Name"":""QueryName"",""#text"":""_msdcs.corp.local.""},{""@Name"":""QueryStatus"",""#text"":""0""},{""@Name"":""QueryResults"",""#text"":""type: 6 dc01.corp.local;192.168.93.50;""},{""@Name"":""Image"",""#text"":""C:\\Windows\\System32\\lsass.exe""},{""@Name"":""User"",""#text"":""NT AUTHORITY\\SYSTEM""}]}}"
306,306,2026-03-30 18:39:00.5664822,22,Info,Microsoft-Windows-Sysmon,Microsoft-Windows-Sysmon/Operational,2448,4476,DC01.corp.local,6,S-1-5-18,DNSEvent (DNS query),NT AUTHORITY\NETWORK SERVICE,,"ProcessID: 1272, ProcessGUID: c9182e32-c31d-69ca-1a00-000000000900",RuleName: -,Image: C:\Windows\System32\svchost.exe,QueryName: corp.local,QueryStatus: 0,QueryResults: 192.168.93.50;,,False,C:\Users\owunc\Desktop\lab_logs\DC_Sysmon_ws.evtx,Classic,0,"{""EventData"":{""Data"":[{""@Name"":""RuleName"",""#text"":""-""},{""@Name"":""UtcTime"",""#text"":""2026-03-30 18:39:00.192""},{""@Name"":""ProcessGuid"",""#text"":""c9182e32-c31d-69ca-1a00-000000000900""},{""@Name"":""ProcessId"",""#text"":""1272""},{""@Name"":""QueryName"",""#text"":""corp.local""},{""@Name"":""QueryStatus"",""#text"":""0""},{""@Name"":""QueryResults"",""#text"":""192.168.93.50;""},{""@Name"":""Image"",""#text"":""C:\\Windows\\System32\\svchost.exe""},{""@Name"":""User"",""#text"":""NT AUTHORITY\\NETWORK SERVICE""}]}}"
307,307,2026-03-30 18:39:00.5665113,22,Info,Microsoft-Windows-Sysmon,Microsoft-Windows-Sysmon/Operational,2448,4476,DC01.corp.local,6,S-1-5-18,DNSEvent (DNS query),NT AUTHORITY\SYSTEM,,"ProcessID: 736, ProcessGUID: c9182e32-c31a-69ca-0c00-000000000900",RuleName: -,Image: C:\Windows\System32\lsass.exe,QueryName: _ldap._tcp.gc._msdcs.corp.local.,QueryStatus: 9501,QueryResults: type: 6 dc01.corp.local;192.168.93.50;,,False,C:\Users\owunc\Desktop\lab_logs\DC_Sysmon_ws.evtx,Classic,0,"{""EventData"":{""Data"":[{""@Name"":""RuleName"",""#text"":""-""},{""@Name"":""UtcTime"",""#text"":""2026-03-30 18:39:00.193""},{""@Name"":""ProcessGuid"",""#text"":""c9182e32-c31a-69ca-0c00-000000000900""},{""@Name"":""ProcessId"",""#text"":""736""},{""@Name"":""QueryName"",""#text"":""_ldap._tcp.gc._msdcs.corp.local.""},{""@Name"":""QueryStatus"",""#text"":""9501""},{""@Name"":""QueryResults"",""#text"":""type: 6 dc01.corp.local;192.168.93.50;""},{""@Name"":""Image"",""#text"":""C:\\Windows\\System32\\lsass.exe""},{""@Name"":""User"",""#text"":""NT AUTHORITY\\SYSTEM""}]}}"
308,308,2026-03-30 18:39:00.5665488,22,Info,Microsoft-Windows-Sysmon,Microsoft-Windows-Sysmon/Operational,2448,4476,DC01.corp.local,6,S-1-5-18,DNSEvent (DNS query),NT AUTHORITY\SYSTEM,,"ProcessID: 736, ProcessGUID: c9182e32-c31a-69ca-0c00-000000000900",RuleName: -,Image: C:\Windows\System32\lsass.exe,QueryName: _ldap._tcp.Default-First-Site-Name._sites.gc._msdcs.corp.local.,QueryStatus: 9501,QueryResults: type: 6 dc01.corp.local;192.168.93.50;,,False,C:\Users\owunc\Desktop\lab_logs\DC_Sysmon_ws.evtx,Classic,0,"{""EventData"":{""Data"":[{""@Name"":""RuleName"",""#text"":""-""},{""@Name"":""UtcTime"",""#text"":""2026-03-30 18:39:00.196""},{""@Name"":""ProcessGuid"",""#text"":""c9182e32-c31a-69ca-0c00-000000000900""},{""@Name"":""ProcessId"",""#text"":""736""},{""@Name"":""QueryName"",""#text"":""_ldap._tcp.Default-First-Site-Name._sites.gc._msdcs.corp.local.""},{""@Name"":""QueryStatus"",""#text"":""9501""},{""@Name"":""QueryResults"",""#text"":""type: 6 dc01.corp.local;192.168.93.50;""},{""@Name"":""Image"",""#text"":""C:\\Windows\\System32\\lsass.exe""},{""@Name"":""User"",""#text"":""NT AUTHORITY\\SYSTEM""}]}}"
309,309,2026-03-30 18:39:00.5665717,22,Info,Microsoft-Windows-Sysmon,Microsoft-Windows-Sysmon/Operational,2448,4476,DC01.corp.local,6,S-1-5-18,DNSEvent (DNS query),NT AUTHORITY\SYSTEM,,"ProcessID: 736, ProcessGUID: c9182e32-c31a-69ca-0c00-000000000900",RuleName: -,Image: C:\Windows\System32\lsass.exe,QueryName: _ldap._tcp.ea69d601-39f9-4b75-bf93-8263682a2e54.domains._msdcs.corp.local.,QueryStatus: 9501,QueryResults: type: 6 dc01.corp.local;192.168.93.50;,,False,C:\Users\owunc\Desktop\lab_logs\DC_Sysmon_ws.evtx,Classic,0,"{""EventData"":{""Data"":[{""@Name"":""RuleName"",""#text"":""-""},{""@Name"":""UtcTime"",""#text"":""2026-03-30 18:39:00.198""},{""@Name"":""ProcessGuid"",""#text"":""c9182e32-c31a-69ca-0c00-000000000900""},{""@Name"":""ProcessId"",""#text"":""736""},{""@Name"":""QueryName"",""#text"":""_ldap._tcp.ea69d601-39f9-4b75-bf93-8263682a2e54.domains._msdcs.corp.local.""},{""@Name"":""QueryStatus"",""#text"":""9501""},{""@Name"":""QueryResults"",""#text"":""type: 6 dc01.corp.local;192.168.93.50;""},{""@Name"":""Image"",""#text"":""C:\\Windows\\System32\\lsass.exe""},{""@Name"":""User"",""#text"":""NT AUTHORITY\\SYSTEM""}]}}"
310,310,2026-03-30 18:39:00.5665859,22,Info,Microsoft-Windows-Sysmon,Microsoft-Windows-Sysmon/Operational,2448,4476,DC01.corp.local,6,S-1-5-18,DNSEvent (DNS query),NT AUTHORITY\SYSTEM,,"ProcessID: 736, ProcessGUID: c9182e32-c31a-69ca-0c00-000000000900",RuleName: -,Image: C:\Windows\System32\lsass.exe,QueryName: gc._msdcs.corp.local.,QueryStatus: 9501,QueryResults: type: 6 dc01.corp.local;192.168.93.50;,,False,C:\Users\owunc\Desktop\lab_logs\DC_Sysmon_ws.evtx,Classic,0,"{""EventData"":{""Data"":[{""@Name"":""RuleName"",""#text"":""-""},{""@Name"":""UtcTime"",""#text"":""2026-03-30 18:39:00.199""},{""@Name"":""ProcessGuid"",""#text"":""c9182e32-c31a-69ca-0c00-000000000900""},{""@Name"":""ProcessId"",""#text"":""736""},{""@Name"":""QueryName"",""#text"":""gc._msdcs.corp.local.""},{""@Name"":""QueryStatus"",""#text"":""9501""},{""@Name"":""QueryResults"",""#text"":""type: 6 dc01.corp.local;192.168.93.50;""},{""@Name"":""Image"",""#text"":""C:\\Windows\\System32\\lsass.exe""},{""@Name"":""User"",""#text"":""NT AUTHORITY\\SYSTEM""}]}}"
311,311,2026-03-30 18:39:00.5666119,22,Info,Microsoft-Windows-Sysmon,Microsoft-Windows-Sysmon/Operational,2448,4476,DC01.corp.local,6,S-1-5-18,DNSEvent (DNS query),NT AUTHORITY\SYSTEM,,"ProcessID: 736, ProcessGUID: c9182e32-c31a-69ca-0c00-000000000900",RuleName: -,Image: C:\Windows\System32\lsass.exe,QueryName: 3779145a-bae1-4164-90a2-59d594514944._msdcs.corp.local.,QueryStatus: 0,QueryResults: type: 5 dc01.corp.local;,,False,C:\Users\owunc\Desktop\lab_logs\DC_Sysmon_ws.evtx,Classic,0,"{""EventData"":{""Data"":[{""@Name"":""RuleName"",""#text"":""-""},{""@Name"":""UtcTime"",""#text"":""2026-03-30 18:39:00.201""},{""@Name"":""ProcessGuid"",""#text"":""c9182e32-c31a-69ca-0c00-000000000900""},{""@Name"":""ProcessId"",""#text"":""736""},{""@Name"":""QueryName"",""#text"":""3779145a-bae1-4164-90a2-59d594514944._msdcs.corp.local.""},{""@Name"":""QueryStatus"",""#text"":""0""},{""@Name"":""QueryResults"",""#text"":""type: 5 dc01.corp.local;""},{""@Name"":""Image"",""#text"":""C:\\Windows\\System32\\lsass.exe""},{""@Name"":""User"",""#text"":""NT AUTHORITY\\SYSTEM""}]}}"
312,312,2026-03-30 18:39:00.5666421,22,Info,Microsoft-Windows-Sysmon,Microsoft-Windows-Sysmon/Operational,2448,4476,DC01.corp.local,6,S-1-5-18,DNSEvent (DNS query),NT AUTHORITY\SYSTEM,,"ProcessID: 736, ProcessGUID: c9182e32-c31a-69ca-0c00-000000000900",RuleName: -,Image: C:\Windows\System32\lsass.exe,QueryName: _kerberos._tcp.dc._msdcs.corp.local.,QueryStatus: 9501,QueryResults: type: 6 dc01.corp.local;192.168.93.50;,,False,C:\Users\owunc\Desktop\lab_logs\DC_Sysmon_ws.evtx,Classic,0,"{""EventData"":{""Data"":[{""@Name"":""RuleName"",""#text"":""-""},{""@Name"":""UtcTime"",""#text"":""2026-03-30 18:39:00.205""},{""@Name"":""ProcessGuid"",""#text"":""c9182e32-c31a-69ca-0c00-000000000900""},{""@Name"":""ProcessId"",""#text"":""736""},{""@Name"":""QueryName"",""#text"":""_kerberos._tcp.dc._msdcs.corp.local.""},{""@Name"":""QueryStatus"",""#text"":""9501""},{""@Name"":""QueryResults"",""#text"":""type: 6 dc01.corp.local;192.168.93.50;""},{""@Name"":""Image"",""#text"":""C:\\Windows\\System32\\lsass.exe""},{""@Name"":""User"",""#text"":""NT AUTHORITY\\SYSTEM""}]}}"
313,313,2026-03-30 18:39:00.5666589,22,Info,Microsoft-Windows-Sysmon,Microsoft-Windows-Sysmon/Operational,2448,4476,DC01.corp.local,6,S-1-5-18,DNSEvent (DNS query),NT AUTHORITY\SYSTEM,,"ProcessID: 736, ProcessGUID: c9182e32-c31a-69ca-0c00-000000000900",RuleName: -,Image: C:\Windows\System32\lsass.exe,QueryName: _kerberos._tcp.Default-First-Site-Name._sites.dc._msdcs.corp.local.,QueryStatus: 9501,QueryResults: type: 6 dc01.corp.local;192.168.93.50;,,False,C:\Users\owunc\Desktop\lab_logs\DC_Sysmon_ws.evtx,Classic,0,"{""EventData"":{""Data"":[{""@Name"":""RuleName"",""#text"":""-""},{""@Name"":""UtcTime"",""#text"":""2026-03-30 18:39:00.207""},{""@Name"":""ProcessGuid"",""#text"":""c9182e32-c31a-69ca-0c00-000000000900""},{""@Name"":""ProcessId"",""#text"":""736""},{""@Name"":""QueryName"",""#text"":""_kerberos._tcp.Default-First-Site-Name._sites.dc._msdcs.corp.local.""},{""@Name"":""QueryStatus"",""#text"":""9501""},{""@Name"":""QueryResults"",""#text"":""type: 6 dc01.corp.local;192.168.93.50;""},{""@Name"":""Image"",""#text"":""C:\\Windows\\System32\\lsass.exe""},{""@Name"":""User"",""#text"":""NT AUTHORITY\\SYSTEM""}]}}"
314,314,2026-03-30 18:39:00.5666762,22,Info,Microsoft-Windows-Sysmon,Microsoft-Windows-Sysmon/Operational,2448,4476,DC01.corp.local,6,S-1-5-18,DNSEvent (DNS query),NT AUTHORITY\SYSTEM,,"ProcessID: 736, ProcessGUID: c9182e32-c31a-69ca-0c00-000000000900",RuleName: -,Image: C:\Windows\System32\lsass.exe,QueryName: _ldap._tcp.dc._msdcs.corp.local.,QueryStatus: 9501,QueryResults: type: 6 dc01.corp.local;192.168.93.50;,,False,C:\Users\owunc\Desktop\lab_logs\DC_Sysmon_ws.evtx,Classic,0,"{""EventData"":{""Data"":[{""@Name"":""RuleName"",""#text"":""-""},{""@Name"":""UtcTime"",""#text"":""2026-03-30 18:39:00.209""},{""@Name"":""ProcessGuid"",""#text"":""c9182e32-c31a-69ca-0c00-000000000900""},{""@Name"":""ProcessId"",""#text"":""736""},{""@Name"":""QueryName"",""#text"":""_ldap._tcp.dc._msdcs.corp.local.""},{""@Name"":""QueryStatus"",""#text"":""9501""},{""@Name"":""QueryResults"",""#text"":""type: 6 dc01.corp.local;192.168.93.50;""},{""@Name"":""Image"",""#text"":""C:\\Windows\\System32\\lsass.exe""},{""@Name"":""User"",""#text"":""NT AUTHORITY\\SYSTEM""}]}}"
315,315,2026-03-30 18:39:00.5666937,22,Info,Microsoft-Windows-Sysmon,Microsoft-Windows-Sysmon/Operational,2448,4476,DC01.corp.local,6,S-1-5-18,DNSEvent (DNS query),NT AUTHORITY\SYSTEM,,"ProcessID: 736, ProcessGUID: c9182e32-c31a-69ca-0c00-000000000900",RuleName: -,Image: C:\Windows\System32\lsass.exe,QueryName: _ldap._tcp.Default-First-Site-Name._sites.dc._msdcs.corp.local.,QueryStatus: 9501,QueryResults: type: 6 dc01.corp.local;192.168.93.50;,,False,C:\Users\owunc\Desktop\lab_logs\DC_Sysmon_ws.evtx,Classic,0,"{""EventData"":{""Data"":[{""@Name"":""RuleName"",""#text"":""-""},{""@Name"":""UtcTime"",""#text"":""2026-03-30 18:39:00.211""},{""@Name"":""ProcessGuid"",""#text"":""c9182e32-c31a-69ca-0c00-000000000900""},{""@Name"":""ProcessId"",""#text"":""736""},{""@Name"":""QueryName"",""#text"":""_ldap._tcp.Default-First-Site-Name._sites.dc._msdcs.corp.local.""},{""@Name"":""QueryStatus"",""#text"":""9501""},{""@Name"":""QueryResults"",""#text"":""type: 6 dc01.corp.local;192.168.93.50;""},{""@Name"":""Image"",""#text"":""C:\\Windows\\System32\\lsass.exe""},{""@Name"":""User"",""#text"":""NT AUTHORITY\\SYSTEM""}]}}"
316,316,2026-03-30 18:39:00.5667137,22,Info,Microsoft-Windows-Sysmon,Microsoft-Windows-Sysmon/Operational,2448,4476,DC01.corp.local,6,S-1-5-18,DNSEvent (DNS query),NT AUTHORITY\SYSTEM,,"ProcessID: 736, ProcessGUID: c9182e32-c31a-69ca-0c00-000000000900",RuleName: -,Image: C:\Windows\System32\lsass.exe,QueryName: _kerberos._tcp.corp.local.,QueryStatus: 9501,QueryResults: type: 6 dc01.corp.local;192.168.93.50;,,False,C:\Users\owunc\Desktop\lab_logs\DC_Sysmon_ws.evtx,Classic,0,"{""EventData"":{""Data"":[{""@Name"":""RuleName"",""#text"":""-""},{""@Name"":""UtcTime"",""#text"":""2026-03-30 18:39:00.213""},{""@Name"":""ProcessGuid"",""#text"":""c9182e32-c31a-69ca-0c00-000000000900""},{""@Name"":""ProcessId"",""#text"":""736""},{""@Name"":""QueryName"",""#text"":""_kerberos._tcp.corp.local.""},{""@Name"":""QueryStatus"",""#text"":""9501""},{""@Name"":""QueryResults"",""#text"":""type: 6 dc01.corp.local;192.168.93.50;""},{""@Name"":""Image"",""#text"":""C:\\Windows\\System32\\lsass.exe""},{""@Name"":""User"",""#text"":""NT AUTHORITY\\SYSTEM""}]}}"
317,317,2026-03-30 18:39:00.5667295,22,Info,Microsoft-Windows-Sysmon,Microsoft-Windows-Sysmon/Operational,2448,4476,DC01.corp.local,6,S-1-5-18,DNSEvent (DNS query),NT AUTHORITY\SYSTEM,,"ProcessID: 736, ProcessGUID: c9182e32-c31a-69ca-0c00-000000000900",RuleName: -,Image: C:\Windows\System32\lsass.exe,QueryName: _kerberos._tcp.Default-First-Site-Name._sites.corp.local.,QueryStatus: 9501,QueryResults: type: 6 dc01.corp.local;192.168.93.50;,,False,C:\Users\owunc\Desktop\lab_logs\DC_Sysmon_ws.evtx,Classic,0,"{""EventData"":{""Data"":[{""@Name"":""RuleName"",""#text"":""-""},{""@Name"":""UtcTime"",""#text"":""2026-03-30 18:39:00.216""},{""@Name"":""ProcessGuid"",""#text"":""c9182e32-c31a-69ca-0c00-000000000900""},{""@Name"":""ProcessId"",""#text"":""736""},{""@Name"":""QueryName"",""#text"":""_kerberos._tcp.Default-First-Site-Name._sites.corp.local.""},{""@Name"":""QueryStatus"",""#text"":""9501""},{""@Name"":""QueryResults"",""#text"":""type: 6 dc01.corp.local;192.168.93.50;""},{""@Name"":""Image"",""#text"":""C:\\Windows\\System32\\lsass.exe""},{""@Name"":""User"",""#text"":""NT AUTHORITY\\SYSTEM""}]}}"
318,318,2026-03-30 18:39:00.5667427,22,Info,Microsoft-Windows-Sysmon,Microsoft-Windows-Sysmon/Operational,2448,4476,DC01.corp.local,6,S-1-5-18,DNSEvent (DNS query),NT AUTHORITY\SYSTEM,,"ProcessID: 736, ProcessGUID: c9182e32-c31a-69ca-0c00-000000000900",RuleName: -,Image: C:\Windows\System32\lsass.exe,QueryName: _gc._tcp.corp.local.,QueryStatus: 9501,QueryResults: type: 6 dc01.corp.local;192.168.93.50;,,False,C:\Users\owunc\Desktop\lab_logs\DC_Sysmon_ws.evtx,Classic,0,"{""EventData"":{""Data"":[{""@Name"":""RuleName"",""#text"":""-""},{""@Name"":""UtcTime"",""#text"":""2026-03-30 18:39:00.219""},{""@Name"":""ProcessGuid"",""#text"":""c9182e32-c31a-69ca-0c00-000000000900""},{""@Name"":""ProcessId"",""#text"":""736""},{""@Name"":""QueryName"",""#text"":""_gc._tcp.corp.local.""},{""@Name"":""QueryStatus"",""#text"":""9501""},{""@Name"":""QueryResults"",""#text"":""type: 6 dc01.corp.local;192.168.93.50;""},{""@Name"":""Image"",""#text"":""C:\\Windows\\System32\\lsass.exe""},{""@Name"":""User"",""#text"":""NT AUTHORITY\\SYSTEM""}]}}"
319,319,2026-03-30 18:39:00.5668087,22,Info,Microsoft-Windows-Sysmon,Microsoft-Windows-Sysmon/Operational,2448,4476,DC01.corp.local,6,S-1-5-18,DNSEvent (DNS query),NT AUTHORITY\SYSTEM,,"ProcessID: 736, ProcessGUID: c9182e32-c31a-69ca-0c00-000000000900",RuleName: -,Image: C:\Windows\System32\lsass.exe,QueryName: _gc._tcp.Default-First-Site-Name._sites.corp.local.,QueryStatus: 9501,QueryResults: type: 6 dc01.corp.local;192.168.93.50;,,False,C:\Users\owunc\Desktop\lab_logs\DC_Sysmon_ws.evtx,Classic,0,"{""EventData"":{""Data"":[{""@Name"":""RuleName"",""#text"":""-""},{""@Name"":""UtcTime"",""#text"":""2026-03-30 18:39:00.222""},{""@Name"":""ProcessGuid"",""#text"":""c9182e32-c31a-69ca-0c00-000000000900""},{""@Name"":""ProcessId"",""#text"":""736""},{""@Name"":""QueryName"",""#text"":""_gc._tcp.Default-First-Site-Name._sites.corp.local.""},{""@Name"":""QueryStatus"",""#text"":""9501""},{""@Name"":""QueryResults"",""#text"":""type: 6 dc01.corp.local;192.168.93.50;""},{""@Name"":""Image"",""#text"":""C:\\Windows\\System32\\lsass.exe""},{""@Name"":""User"",""#text"":""NT AUTHORITY\\SYSTEM""}]}}"
320,320,2026-03-30 18:39:00.5668287,22,Info,Microsoft-Windows-Sysmon,Microsoft-Windows-Sysmon/Operational,2448,4476,DC01.corp.local,6,S-1-5-18,DNSEvent (DNS query),NT AUTHORITY\SYSTEM,,"ProcessID: 736, ProcessGUID: c9182e32-c31a-69ca-0c00-000000000900",RuleName: -,Image: C:\Windows\System32\lsass.exe,QueryName: _kerberos._udp.corp.local.,QueryStatus: 9501,QueryResults: type: 6 dc01.corp.local;192.168.93.50;,,False,C:\Users\owunc\Desktop\lab_logs\DC_Sysmon_ws.evtx,Classic,0,"{""EventData"":{""Data"":[{""@Name"":""RuleName"",""#text"":""-""},{""@Name"":""UtcTime"",""#text"":""2026-03-30 18:39:00.225""},{""@Name"":""ProcessGuid"",""#text"":""c9182e32-c31a-69ca-0c00-000000000900""},{""@Name"":""ProcessId"",""#text"":""736""},{""@Name"":""QueryName"",""#text"":""_kerberos._udp.corp.local.""},{""@Name"":""QueryStatus"",""#text"":""9501""},{""@Name"":""QueryResults"",""#text"":""type: 6 dc01.corp.local;192.168.93.50;""},{""@Name"":""Image"",""#text"":""C:\\Windows\\System32\\lsass.exe""},{""@Name"":""User"",""#text"":""NT AUTHORITY\\SYSTEM""}]}}"
321,321,2026-03-30 18:39:00.5668434,22,Info,Microsoft-Windows-Sysmon,Microsoft-Windows-Sysmon/Operational,2448,4476,DC01.corp.local,6,S-1-5-18,DNSEvent (DNS query),NT AUTHORITY\SYSTEM,,"ProcessID: 736, ProcessGUID: c9182e32-c31a-69ca-0c00-000000000900",RuleName: -,Image: C:\Windows\System32\lsass.exe,QueryName: _kpasswd._tcp.corp.local.,QueryStatus: 9501,QueryResults: type: 6 dc01.corp.local;192.168.93.50;,,False,C:\Users\owunc\Desktop\lab_logs\DC_Sysmon_ws.evtx,Classic,0,"{""EventData"":{""Data"":[{""@Name"":""RuleName"",""#text"":""-""},{""@Name"":""UtcTime"",""#text"":""2026-03-30 18:39:00.228""},{""@Name"":""ProcessGuid"",""#text"":""c9182e32-c31a-69ca-0c00-000000000900""},{""@Name"":""ProcessId"",""#text"":""736""},{""@Name"":""QueryName"",""#text"":""_kpasswd._tcp.corp.local.""},{""@Name"":""QueryStatus"",""#text"":""9501""},{""@Name"":""QueryResults"",""#text"":""type: 6 dc01.corp.local;192.168.93.50;""},{""@Name"":""Image"",""#text"":""C:\\Windows\\System32\\lsass.exe""},{""@Name"":""User"",""#text"":""NT AUTHORITY\\SYSTEM""}]}}"
322,322,2026-03-30 18:39:00.5668566,22,Info,Microsoft-Windows-Sysmon,Microsoft-Windows-Sysmon/Operational,2448,4476,DC01.corp.local,6,S-1-5-18,DNSEvent (DNS query),NT AUTHORITY\SYSTEM,,"ProcessID: 736, ProcessGUID: c9182e32-c31a-69ca-0c00-000000000900",RuleName: -,Image: C:\Windows\System32\lsass.exe,QueryName: _kpasswd._udp.corp.local.,QueryStatus: 9501,QueryResults: type: 6 dc01.corp.local;192.168.93.50;,,False,C:\Users\owunc\Desktop\lab_logs\DC_Sysmon_ws.evtx,Classic,0,"{""EventData"":{""Data"":[{""@Name"":""RuleName"",""#text"":""-""},{""@Name"":""UtcTime"",""#text"":""2026-03-30 18:39:00.231""},{""@Name"":""ProcessGuid"",""#text"":""c9182e32-c31a-69ca-0c00-000000000900""},{""@Name"":""ProcessId"",""#text"":""736""},{""@Name"":""QueryName"",""#text"":""_kpasswd._udp.corp.local.""},{""@Name"":""QueryStatus"",""#text"":""9501""},{""@Name"":""QueryResults"",""#text"":""type: 6 dc01.corp.local;192.168.93.50;""},{""@Name"":""Image"",""#text"":""C:\\Windows\\System32\\lsass.exe""},{""@Name"":""User"",""#text"":""NT AUTHORITY\\SYSTEM""}]}}"
323,323,2026-03-30 18:39:00.5668752,22,Info,Microsoft-Windows-Sysmon,Microsoft-Windows-Sysmon/Operational,2448,4476,DC01.corp.local,6,S-1-5-18,DNSEvent (DNS query),NT AUTHORITY\SYSTEM,,"ProcessID: 736, ProcessGUID: c9182e32-c31a-69ca-0c00-000000000900",RuleName: -,Image: C:\Windows\System32\lsass.exe,QueryName: DomainDnsZones.corp.local.,QueryStatus: 9501,QueryResults: type: 6 dc01.corp.local;192.168.93.50;,,False,C:\Users\owunc\Desktop\lab_logs\DC_Sysmon_ws.evtx,Classic,0,"{""EventData"":{""Data"":[{""@Name"":""RuleName"",""#text"":""-""},{""@Name"":""UtcTime"",""#text"":""2026-03-30 18:39:00.233""},{""@Name"":""ProcessGuid"",""#text"":""c9182e32-c31a-69ca-0c00-000000000900""},{""@Name"":""ProcessId"",""#text"":""736""},{""@Name"":""QueryName"",""#text"":""DomainDnsZones.corp.local.""},{""@Name"":""QueryStatus"",""#text"":""9501""},{""@Name"":""QueryResults"",""#text"":""type: 6 dc01.corp.local;192.168.93.50;""},{""@Name"":""Image"",""#text"":""C:\\Windows\\System32\\lsass.exe""},{""@Name"":""User"",""#text"":""NT AUTHORITY\\SYSTEM""}]}}"
324,324,2026-03-30 18:39:00.5668912,22,Info,Microsoft-Windows-Sysmon,Microsoft-Windows-Sysmon/Operational,2448,4476,DC01.corp.local,6,S-1-5-18,DNSEvent (DNS query),NT AUTHORITY\SYSTEM,,"ProcessID: 736, ProcessGUID: c9182e32-c31a-69ca-0c00-000000000900",RuleName: -,Image: C:\Windows\System32\lsass.exe,QueryName: _ldap._tcp.DomainDnsZones.corp.local.,QueryStatus: 9501,QueryResults: type: 6 dc01.corp.local;192.168.93.50;,,False,C:\Users\owunc\Desktop\lab_logs\DC_Sysmon_ws.evtx,Classic,0,"{""EventData"":{""Data"":[{""@Name"":""RuleName"",""#text"":""-""},{""@Name"":""UtcTime"",""#text"":""2026-03-30 18:39:00.236""},{""@Name"":""ProcessGuid"",""#text"":""c9182e32-c31a-69ca-0c00-000000000900""},{""@Name"":""ProcessId"",""#text"":""736""},{""@Name"":""QueryName"",""#text"":""_ldap._tcp.DomainDnsZones.corp.local.""},{""@Name"":""QueryStatus"",""#text"":""9501""},{""@Name"":""QueryResults"",""#text"":""type: 6 dc01.corp.local;192.168.93.50;""},{""@Name"":""Image"",""#text"":""C:\\Windows\\System32\\lsass.exe""},{""@Name"":""User"",""#text"":""NT AUTHORITY\\SYSTEM""}]}}"
325,325,2026-03-30 18:39:00.5669417,22,Info,Microsoft-Windows-Sysmon,Microsoft-Windows-Sysmon/Operational,2448,4476,DC01.corp.local,6,S-1-5-18,DNSEvent (DNS query),NT AUTHORITY\SYSTEM,,"ProcessID: 736, ProcessGUID: c9182e32-c31a-69ca-0c00-000000000900",RuleName: -,Image: C:\Windows\System32\lsass.exe,QueryName: _ldap._tcp.Default-First-Site-Name._sites.DomainDnsZones.corp.local.,QueryStatus: 9501,QueryResults: type: 6 dc01.corp.local;192.168.93.50;,,False,C:\Users\owunc\Desktop\lab_logs\DC_Sysmon_ws.evtx,Classic,0,"{""EventData"":{""Data"":[{""@Name"":""RuleName"",""#text"":""-""},{""@Name"":""UtcTime"",""#text"":""2026-03-30 18:39:00.239""},{""@Name"":""ProcessGuid"",""#text"":""c9182e32-c31a-69ca-0c00-000000000900""},{""@Name"":""ProcessId"",""#text"":""736""},{""@Name"":""QueryName"",""#text"":""_ldap._tcp.Default-First-Site-Name._sites.DomainDnsZones.corp.local.""},{""@Name"":""QueryStatus"",""#text"":""9501""},{""@Name"":""QueryResults"",""#text"":""type: 6 dc01.corp.local;192.168.93.50;""},{""@Name"":""Image"",""#text"":""C:\\Windows\\System32\\lsass.exe""},{""@Name"":""User"",""#text"":""NT AUTHORITY\\SYSTEM""}]}}"
326,326,2026-03-30 18:39:00.5669608,22,Info,Microsoft-Windows-Sysmon,Microsoft-Windows-Sysmon/Operational,2448,4476,DC01.corp.local,6,S-1-5-18,DNSEvent (DNS query),NT AUTHORITY\SYSTEM,,"ProcessID: 736, ProcessGUID: c9182e32-c31a-69ca-0c00-000000000900",RuleName: -,Image: C:\Windows\System32\lsass.exe,QueryName: ForestDnsZones.corp.local.,QueryStatus: 9501,QueryResults: type: 6 dc01.corp.local;192.168.93.50;,,False,C:\Users\owunc\Desktop\lab_logs\DC_Sysmon_ws.evtx,Classic,0,"{""EventData"":{""Data"":[{""@Name"":""RuleName"",""#text"":""-""},{""@Name"":""UtcTime"",""#text"":""2026-03-30 18:39:00.242""},{""@Name"":""ProcessGuid"",""#text"":""c9182e32-c31a-69ca-0c00-000000000900""},{""@Name"":""ProcessId"",""#text"":""736""},{""@Name"":""QueryName"",""#text"":""ForestDnsZones.corp.local.""},{""@Name"":""QueryStatus"",""#text"":""9501""},{""@Name"":""QueryResults"",""#text"":""type: 6 dc01.corp.local;192.168.93.50;""},{""@Name"":""Image"",""#text"":""C:\\Windows\\System32\\lsass.exe""},{""@Name"":""User"",""#text"":""NT AUTHORITY\\SYSTEM""}]}}"
327,327,2026-03-30 18:39:00.5669762,22,Info,Microsoft-Windows-Sysmon,Microsoft-Windows-Sysmon/Operational,2448,4476,DC01.corp.local,6,S-1-5-18,DNSEvent (DNS query),NT AUTHORITY\SYSTEM,,"ProcessID: 736, ProcessGUID: c9182e32-c31a-69ca-0c00-000000000900",RuleName: -,Image: C:\Windows\System32\lsass.exe,QueryName: _ldap._tcp.ForestDnsZones.corp.local.,QueryStatus: 9501,QueryResults: type: 6 dc01.corp.local;192.168.93.50;,,False,C:\Users\owunc\Desktop\lab_logs\DC_Sysmon_ws.evtx,Classic,0,"{""EventData"":{""Data"":[{""@Name"":""RuleName"",""#text"":""-""},{""@Name"":""UtcTime"",""#text"":""2026-03-30 18:39:00.246""},{""@Name"":""ProcessGuid"",""#text"":""c9182e32-c31a-69ca-0c00-000000000900""},{""@Name"":""ProcessId"",""#text"":""736""},{""@Name"":""QueryName"",""#text"":""_ldap._tcp.ForestDnsZones.corp.local.""},{""@Name"":""QueryStatus"",""#text"":""9501""},{""@Name"":""QueryResults"",""#text"":""type: 6 dc01.corp.local;192.168.93.50;""},{""@Name"":""Image"",""#text"":""C:\\Windows\\System32\\lsass.exe""},{""@Name"":""User"",""#text"":""NT AUTHORITY\\SYSTEM""}]}}"
328,328,2026-03-30 18:39:00.5670060,22,Info,Microsoft-Windows-Sysmon,Microsoft-Windows-Sysmon/Operational,2448,4476,DC01.corp.local,6,S-1-5-18,DNSEvent (DNS query),NT AUTHORITY\SYSTEM,,"ProcessID: 736, ProcessGUID: c9182e32-c31a-69ca-0c00-000000000900",RuleName: -,Image: C:\Windows\System32\lsass.exe,QueryName: _ldap._tcp.Default-First-Site-Name._sites.ForestDnsZones.corp.local.,QueryStatus: 9502,QueryResults: -,,False,C:\Users\owunc\Desktop\lab_logs\DC_Sysmon_ws.evtx,Classic,0,"{""EventData"":{""Data"":[{""@Name"":""RuleName"",""#text"":""-""},{""@Name"":""UtcTime"",""#text"":""2026-03-30 18:39:00.250""},{""@Name"":""ProcessGuid"",""#text"":""c9182e32-c31a-69ca-0c00-000000000900""},{""@Name"":""ProcessId"",""#text"":""736""},{""@Name"":""QueryName"",""#text"":""_ldap._tcp.Default-First-Site-Name._sites.ForestDnsZones.corp.local.""},{""@Name"":""QueryStatus"",""#text"":""9502""},{""@Name"":""QueryResults"",""#text"":""-""},{""@Name"":""Image"",""#text"":""C:\\Windows\\System32\\lsass.exe""},{""@Name"":""User"",""#text"":""NT AUTHORITY\\SYSTEM""}]}}"
329,329,2026-03-30 18:39:00.5670307,22,Info,Microsoft-Windows-Sysmon,Microsoft-Windows-Sysmon/Operational,2448,4476,DC01.corp.local,6,S-1-5-18,DNSEvent (DNS query),NT AUTHORITY\SYSTEM,,"ProcessID: 2996, ProcessGUID: c9182e32-c326-69ca-3e00-000000000900",RuleName: -,Image: C:\Windows\ADWS\Microsoft.ActiveDirectory.WebServices.exe,QueryName: DC01,QueryStatus: 0,QueryResults: fe80::edbf:7020:ccdd:502e;::ffff:192.168.93.50;,,False,C:\Users\owunc\Desktop\lab_logs\DC_Sysmon_ws.evtx,Classic,0,"{""EventData"":{""Data"":[{""@Name"":""RuleName"",""#text"":""-""},{""@Name"":""UtcTime"",""#text"":""2026-03-30 18:39:00.322""},{""@Name"":""ProcessGuid"",""#text"":""c9182e32-c326-69ca-3e00-000000000900""},{""@Name"":""ProcessId"",""#text"":""2996""},{""@Name"":""QueryName"",""#text"":""DC01""},{""@Name"":""QueryStatus"",""#text"":""0""},{""@Name"":""QueryResults"",""#text"":""fe80::edbf:7020:ccdd:502e;::ffff:192.168.93.50;""},{""@Name"":""Image"",""#text"":""C:\\Windows\\ADWS\\Microsoft.ActiveDirectory.WebServices.exe""},{""@Name"":""User"",""#text"":""NT AUTHORITY\\SYSTEM""}]}}"
330,330,2026-03-30 18:39:00.5670448,22,Info,Microsoft-Windows-Sysmon,Microsoft-Windows-Sysmon/Operational,2448,4476,DC01.corp.local,6,S-1-5-18,DNSEvent (DNS query),NT AUTHORITY\SYSTEM,,"ProcessID: 2872, ProcessGUID: c9182e32-c326-69ca-3600-000000000900",RuleName: -,Image: C:\Windows\System32\spoolsv.exe,QueryName: DC01,QueryStatus: 0,QueryResults: fe80::edbf:7020:ccdd:502e;::ffff:192.168.93.50;,,False,C:\Users\owunc\Desktop\lab_logs\DC_Sysmon_ws.evtx,Classic,0,"{""EventData"":{""Data"":[{""@Name"":""RuleName"",""#text"":""-""},{""@Name"":""UtcTime"",""#text"":""2026-03-30 18:39:00.330""},{""@Name"":""ProcessGuid"",""#text"":""c9182e32-c326-69ca-3600-000000000900""},{""@Name"":""ProcessId"",""#text"":""2872""},{""@Name"":""QueryName"",""#text"":""DC01""},{""@Name"":""QueryStatus"",""#text"":""0""},{""@Name"":""QueryResults"",""#text"":""fe80::edbf:7020:ccdd:502e;::ffff:192.168.93.50;""},{""@Name"":""Image"",""#text"":""C:\\Windows\\System32\\spoolsv.exe""},{""@Name"":""User"",""#text"":""NT AUTHORITY\\SYSTEM""}]}}"
331,331,2026-03-30 18:39:00.5670618,22,Info,Microsoft-Windows-Sysmon,Microsoft-Windows-Sysmon/Operational,2448,4476,DC01.corp.local,6,S-1-5-18,DNSEvent (DNS query),NT AUTHORITY\SYSTEM,,"ProcessID: 2872, ProcessGUID: c9182e32-c326-69ca-3600-000000000900",RuleName: -,Image: C:\Windows\System32\spoolsv.exe,QueryName: DC01,QueryStatus: 0,QueryResults: 192.168.93.50;,,False,C:\Users\owunc\Desktop\lab_logs\DC_Sysmon_ws.evtx,Classic,0,"{""EventData"":{""Data"":[{""@Name"":""RuleName"",""#text"":""-""},{""@Name"":""UtcTime"",""#text"":""2026-03-30 18:39:00.444""},{""@Name"":""ProcessGuid"",""#text"":""c9182e32-c326-69ca-3600-000000000900""},{""@Name"":""ProcessId"",""#text"":""2872""},{""@Name"":""QueryName"",""#text"":""DC01""},{""@Name"":""QueryStatus"",""#text"":""0""},{""@Name"":""QueryResults"",""#text"":""192.168.93.50;""},{""@Name"":""Image"",""#text"":""C:\\Windows\\System32\\spoolsv.exe""},{""@Name"":""User"",""#text"":""NT AUTHORITY\\SYSTEM""}]}}"
332,332,2026-03-30 18:39:00.5670691,22,Info,Microsoft-Windows-Sysmon,Microsoft-Windows-Sysmon/Operational,2448,4476,DC01.corp.local,6,S-1-5-18,DNSEvent (DNS query),NT AUTHORITY\SYSTEM,,"ProcessID: 2872, ProcessGUID: c9182e32-c326-69ca-3600-000000000900",RuleName: -,Image: C:\Windows\System32\spoolsv.exe,QueryName: DC01,QueryStatus: 0,QueryResults: fe80::edbf:7020:ccdd:502e;,,False,C:\Users\owunc\Desktop\lab_logs\DC_Sysmon_ws.evtx,Classic,0,"{""EventData"":{""Data"":[{""@Name"":""RuleName"",""#text"":""-""},{""@Name"":""UtcTime"",""#text"":""2026-03-30 18:39:00.444""},{""@Name"":""ProcessGuid"",""#text"":""c9182e32-c326-69ca-3600-000000000900""},{""@Name"":""ProcessId"",""#text"":""2872""},{""@Name"":""QueryName"",""#text"":""DC01""},{""@Name"":""QueryStatus"",""#text"":""0""},{""@Name"":""QueryResults"",""#text"":""fe80::edbf:7020:ccdd:502e;""},{""@Name"":""Image"",""#text"":""C:\\Windows\\System32\\spoolsv.exe""},{""@Name"":""User"",""#text"":""NT AUTHORITY\\SYSTEM""}]}}"
333,333,2026-03-30 18:39:03.5664737,22,Info,Microsoft-Windows-Sysmon,Microsoft-Windows-Sysmon/Operational,2448,4476,DC01.corp.local,6,S-1-5-18,DNSEvent (DNS query),NT AUTHORITY\NETWORK SERVICE,,"ProcessID: 1272, ProcessGUID: c9182e32-c31d-69ca-1a00-000000000900",RuleName: -,Image: C:\Windows\System32\svchost.exe,QueryName: corp.local,QueryStatus: 1460,QueryResults: -,,False,C:\Users\owunc\Desktop\lab_logs\DC_Sysmon_ws.evtx,Classic,0,"{""EventData"":{""Data"":[{""@Name"":""RuleName"",""#text"":""-""},{""@Name"":""UtcTime"",""#text"":""2026-03-30 18:39:02.284""},{""@Name"":""ProcessGuid"",""#text"":""c9182e32-c31d-69ca-1a00-000000000900""},{""@Name"":""ProcessId"",""#text"":""1272""},{""@Name"":""QueryName"",""#text"":""corp.local""},{""@Name"":""QueryStatus"",""#text"":""1460""},{""@Name"":""QueryResults"",""#text"":""-""},{""@Name"":""Image"",""#text"":""C:\\Windows\\System32\\svchost.exe""},{""@Name"":""User"",""#text"":""NT AUTHORITY\\NETWORK SERVICE""}]}}"
334,334,2026-03-30 18:39:21.8521621,1,Info,Microsoft-Windows-Sysmon,Microsoft-Windows-Sysmon/Operational,2448,4460,DC01.corp.local,6,S-1-5-18,Process creation,NT AUTHORITY\SYSTEM,,"ProcessID: 4392, ProcessGUID: c9182e32-c359-69ca-eb00-000000000900",RuleName: -,"MD5=FBCFF8772630726EF5F00F26A3BCB437,SHA256=FDD374DF8A9EBED2376B6E7F21690F31F5A162A0B052EFE2B5DB8CB8FE67C9F3,IMPHASH=2D0256D01E3040C4CBAC0B67964DBD15",ParentProcess: C:\Windows\System32\svchost.exe,"ParentProcessID: 1696, ParentProcessGUID: c9182e32-c31d-69ca-2100-000000000900",ParentCommandLine: C:\Windows\system32\svchost.exe -k netsvcs -p -s Schedule,C:\Windows\system32\dxgiadaptercache.exe,False,C:\Users\owunc\Desktop\lab_logs\DC_Sysmon_ws.evtx,Classic,0,"{""EventData"":{""Data"":[{""@Name"":""RuleName"",""#text"":""-""},{""@Name"":""UtcTime"",""#text"":""2026-03-30 18:39:21.848""},{""@Name"":""ProcessGuid"",""#text"":""c9182e32-c359-69ca-eb00-000000000900""},{""@Name"":""ProcessId"",""#text"":""4392""},{""@Name"":""Image"",""#text"":""C:\\Windows\\System32\\dxgiadaptercache.exe""},{""@Name"":""FileVersion"",""#text"":""10.0.20348.1 (WinBuild.160101.0800)""},{""@Name"":""Description"",""#text"":""DXGI Adapter Cache""},{""@Name"":""Product"",""#text"":""Microsoft® Windows® Operating System""},{""@Name"":""Company"",""#text"":""Microsoft Corporation""},{""@Name"":""OriginalFileName"",""#text"":""DXGIAdapterCache.exe""},{""@Name"":""CommandLine"",""#text"":""C:\\Windows\\system32\\dxgiadaptercache.exe""},{""@Name"":""CurrentDirectory"",""#text"":""C:\\Windows\\system32\\""},{""@Name"":""User"",""#text"":""NT AUTHORITY\\SYSTEM""},{""@Name"":""LogonGuid"",""#text"":""c9182e32-c31a-69ca-e703-000000000000""},{""@Name"":""LogonId"",""#text"":""0x3E7""},{""@Name"":""TerminalSessionId"",""#text"":""0""},{""@Name"":""IntegrityLevel"",""#text"":""System""},{""@Name"":""Hashes"",""#text"":""MD5=FBCFF8772630726EF5F00F26A3BCB437,SHA256=FDD374DF8A9EBED2376B6E7F21690F31F5A162A0B052EFE2B5DB8CB8FE67C9F3,IMPHASH=2D0256D01E3040C4CBAC0B67964DBD15""},{""@Name"":""ParentProcessGuid"",""#text"":""c9182e32-c31d-69ca-2100-000000000900""},{""@Name"":""ParentProcessId"",""#text"":""1696""},{""@Name"":""ParentImage"",""#text"":""C:\\Windows\\System32\\svchost.exe""},{""@Name"":""ParentCommandLine"",""#text"":""C:\\Windows\\system32\\svchost.exe -k netsvcs -p -s Schedule""},{""@Name"":""ParentUser"",""#text"":""NT AUTHORITY\\SYSTEM""}]}}"
335,335,2026-03-30 18:39:21.8580770,1,Info,Microsoft-Windows-Sysmon,Microsoft-Windows-Sysmon/Operational,2448,4460,DC01.corp.local,6,S-1-5-18,Process creation,NT AUTHORITY\SYSTEM,,"ProcessID: 6048, ProcessGUID: c9182e32-c359-69ca-ec00-000000000900",RuleName: -,"MD5=E7A6B1F51EFB405287A8048CFA4690F4,SHA256=EB71EA69DD19F728AB9240565E8C7EFB59821E19E3788E289301E1E74940C208,IMPHASH=D60B77062898DC6BFAE7FE11A0F8806C",ParentProcess: C:\Windows\System32\svchost.exe,"ParentProcessID: 1696, ParentProcessGUID: c9182e32-c31d-69ca-2100-000000000900",ParentCommandLine: C:\Windows\system32\svchost.exe -k netsvcs -p -s Schedule,C:\Windows\system32\cmd.exe /d /c C:\Windows\system32\silcollector.cmd configure,False,C:\Users\owunc\Desktop\lab_logs\DC_Sysmon_ws.evtx,Classic,0,"{""EventData"":{""Data"":[{""@Name"":""RuleName"",""#text"":""-""},{""@Name"":""UtcTime"",""#text"":""2026-03-30 18:39:21.849""},{""@Name"":""ProcessGuid"",""#text"":""c9182e32-c359-69ca-ec00-000000000900""},{""@Name"":""ProcessId"",""#text"":""6048""},{""@Name"":""Image"",""#text"":""C:\\Windows\\System32\\cmd.exe""},{""@Name"":""FileVersion"",""#text"":""10.0.20348.1 (WinBuild.160101.0800)""},{""@Name"":""Description"",""#text"":""Windows Command Processor""},{""@Name"":""Product"",""#text"":""Microsoft® Windows® Operating System""},{""@Name"":""Company"",""#text"":""Microsoft Corporation""},{""@Name"":""OriginalFileName"",""#text"":""Cmd.Exe""},{""@Name"":""CommandLine"",""#text"":""C:\\Windows\\system32\\cmd.exe /d /c C:\\Windows\\system32\\silcollector.cmd configure""},{""@Name"":""CurrentDirectory"",""#text"":""C:\\Windows\\system32\\""},{""@Name"":""User"",""#text"":""NT AUTHORITY\\SYSTEM""},{""@Name"":""LogonGuid"",""#text"":""c9182e32-c31a-69ca-e703-000000000000""},{""@Name"":""LogonId"",""#text"":""0x3E7""},{""@Name"":""TerminalSessionId"",""#text"":""0""},{""@Name"":""IntegrityLevel"",""#text"":""System""},{""@Name"":""Hashes"",""#text"":""MD5=E7A6B1F51EFB405287A8048CFA4690F4,SHA256=EB71EA69DD19F728AB9240565E8C7EFB59821E19E3788E289301E1E74940C208,IMPHASH=D60B77062898DC6BFAE7FE11A0F8806C""},{""@Name"":""ParentProcessGuid"",""#text"":""c9182e32-c31d-69ca-2100-000000000900""},{""@Name"":""ParentProcessId"",""#text"":""1696""},{""@Name"":""ParentImage"",""#text"":""C:\\Windows\\System32\\svchost.exe""},{""@Name"":""ParentCommandLine"",""#text"":""C:\\Windows\\system32\\svchost.exe -k netsvcs -p -s Schedule""},{""@Name"":""ParentUser"",""#text"":""NT AUTHORITY\\SYSTEM""}]}}"
