930,930,2026-03-30 22:45:51.1586566,1,Info,Microsoft-Windows-Sysmon,Microsoft-Windows-Sysmon/Operational,2400,4356,DC01.corp.local,19,S-1-5-18,Process creation,NT AUTHORITY\LOCAL SERVICE,,"ProcessID: 1252, ProcessGUID: c9182e32-fd14-69ca-1a00-000000000a00",RuleName: -,"MD5=DC32ABA4669EAFB22FCACD5EC836A107,SHA256=31780FF2AAF7BC71F755BA0E4FEF1D61B060D1D2741EAFB33CBAB44D889595A0,IMPHASH=D8C4E4978657CEA220B495778C972E64",ParentProcess: C:\Windows\System32\services.exe,"ParentProcessID: 736, ParentProcessGUID: c9182e32-fd12-69ca-0b00-000000000a00",ParentCommandLine: C:\Windows\system32\services.exe,C:\Windows\System32\svchost.exe -k LocalServiceNetworkRestricted -p -s EventLog,False,C:\Users\owunc\Desktop\lab_logs\DC_Sysmon_ws.evtx,Classic,0,"{""EventData"":{""Data"":[{""@Name"":""RuleName"",""#text"":""-""},{""@Name"":""UtcTime"",""#text"":""2026-03-30 22:45:40.450""},{""@Name"":""ProcessGuid"",""#text"":""c9182e32-fd14-69ca-1a00-000000000a00""},{""@Name"":""ProcessId"",""#text"":""1252""},{""@Name"":""Image"",""#text"":""C:\\Windows\\System32\\svchost.exe""},{""@Name"":""FileVersion"",""#text"":""10.0.20348.558 (WinBuild.160101.0800)""},{""@Name"":""Description"",""#text"":""Host Process for Windows Services""},{""@Name"":""Product"",""#text"":""Microsoft® Windows® Operating System""},{""@Name"":""Company"",""#text"":""Microsoft Corporation""},{""@Name"":""OriginalFileName"",""#text"":""svchost.exe""},{""@Name"":""CommandLine"",""#text"":""C:\\Windows\\System32\\svchost.exe -k LocalServiceNetworkRestricted -p -s EventLog""},{""@Name"":""CurrentDirectory"",""#text"":""C:\\Windows\\system32\\""},{""@Name"":""User"",""#text"":""NT AUTHORITY\\LOCAL SERVICE""},{""@Name"":""LogonGuid"",""#text"":""c9182e32-fd14-69ca-e503-000000000000""},{""@Name"":""LogonId"",""#text"":""0x3E5""},{""@Name"":""TerminalSessionId"",""#text"":""0""},{""@Name"":""IntegrityLevel"",""#text"":""System""},{""@Name"":""Hashes"",""#text"":""MD5=DC32ABA4669EAFB22FCACD5EC836A107,SHA256=31780FF2AAF7BC71F755BA0E4FEF1D61B060D1D2741EAFB33CBAB44D889595A0,IMPHASH=D8C4E4978657CEA220B495778C972E64""},{""@Name"":""ParentProcessGuid"",""#text"":""c9182e32-fd12-69ca-0b00-000000000a00""},{""@Name"":""ParentProcessId"",""#text"":""736""},{""@Name"":""ParentImage"",""#text"":""C:\\Windows\\System32\\services.exe""},{""@Name"":""ParentCommandLine"",""#text"":""C:\\Windows\\system32\\services.exe""},{""@Name"":""ParentUser"",""#text"":""NT AUTHORITY\\SYSTEM""}]}}"
931,931,2026-03-30 22:45:51.1592552,1,Info,Microsoft-Windows-Sysmon,Microsoft-Windows-Sysmon/Operational,2400,4356,DC01.corp.local,19,S-1-5-18,Process creation,NT AUTHORITY\SYSTEM,,"ProcessID: 1360, ProcessGUID: c9182e32-fd14-69ca-1c00-000000000a00",RuleName: -,"MD5=0828D585862FC8B01098033B4E621B38,SHA256=67CAB3E7451698160556A2211632CB3272E14EBAF641B7A644A7821B88C45BCA,IMPHASH=7D745E1499C1F1DB4070CB4745CA0E22",ParentProcess: C:\Windows\System32\services.exe,"ParentProcessID: 736, ParentProcessGUID: c9182e32-fd12-69ca-0b00-000000000a00",ParentCommandLine: C:\Windows\system32\services.exe,C:\Windows\System32\Upfc.exe /launchtype boot /cv eIDNh+FPfkakVtLg/pdnzA.0,False,C:\Users\owunc\Desktop\lab_logs\DC_Sysmon_ws.evtx,Classic,0,"{""EventData"":{""Data"":[{""@Name"":""RuleName"",""#text"":""-""},{""@Name"":""UtcTime"",""#text"":""2026-03-30 22:45:40.470""},{""@Name"":""ProcessGuid"",""#text"":""c9182e32-fd14-69ca-1c00-000000000a00""},{""@Name"":""ProcessId"",""#text"":""1360""},{""@Name"":""Image"",""#text"":""C:\\Windows\\System32\\upfc.exe""},{""@Name"":""FileVersion"",""#text"":""10.0.20348.1 (WinBuild.160101.0800)""},{""@Name"":""Description"",""#text"":""Updateability From SCM""},{""@Name"":""Product"",""#text"":""Microsoft® Windows® Operating System""},{""@Name"":""Company"",""#text"":""Microsoft Corporation""},{""@Name"":""OriginalFileName"",""#text"":""upfc.exe""},{""@Name"":""CommandLine"",""#text"":""C:\\Windows\\System32\\Upfc.exe /launchtype boot /cv eIDNh+FPfkakVtLg/pdnzA.0""},{""@Name"":""CurrentDirectory"",""#text"":""C:\\Windows\\system32\\""},{""@Name"":""User"",""#text"":""NT AUTHORITY\\SYSTEM""},{""@Name"":""LogonGuid"",""#text"":""c9182e32-fd12-69ca-e703-000000000000""},{""@Name"":""LogonId"",""#text"":""0x3E7""},{""@Name"":""TerminalSessionId"",""#text"":""0""},{""@Name"":""IntegrityLevel"",""#text"":""System""},{""@Name"":""Hashes"",""#text"":""MD5=0828D585862FC8B01098033B4E621B38,SHA256=67CAB3E7451698160556A2211632CB3272E14EBAF641B7A644A7821B88C45BCA,IMPHASH=7D745E1499C1F1DB4070CB4745CA0E22""},{""@Name"":""ParentProcessGuid"",""#text"":""c9182e32-fd12-69ca-0b00-000000000a00""},{""@Name"":""ParentProcessId"",""#text"":""736""},{""@Name"":""ParentImage"",""#text"":""C:\\Windows\\System32\\services.exe""},{""@Name"":""ParentCommandLine"",""#text"":""C:\\Windows\\system32\\services.exe""},{""@Name"":""ParentUser"",""#text"":""NT AUTHORITY\\SYSTEM""}]}}"
932,932,2026-03-30 22:45:51.1594862,1,Info,Microsoft-Windows-Sysmon,Microsoft-Windows-Sysmon/Operational,2400,4356,DC01.corp.local,19,S-1-5-18,Process creation,NT AUTHORITY\LOCAL SERVICE,,"ProcessID: 1400, ProcessGUID: c9182e32-fd14-69ca-1d00-000000000a00",RuleName: -,"MD5=DC32ABA4669EAFB22FCACD5EC836A107,SHA256=31780FF2AAF7BC71F755BA0E4FEF1D61B060D1D2741EAFB33CBAB44D889595A0,IMPHASH=D8C4E4978657CEA220B495778C972E64",ParentProcess: C:\Windows\System32\services.exe,"ParentProcessID: 736, ParentProcessGUID: c9182e32-fd12-69ca-0b00-000000000a00",ParentCommandLine: C:\Windows\system32\services.exe,C:\Windows\system32\svchost.exe -k LocalServiceNoNetworkFirewall -p,False,C:\Users\owunc\Desktop\lab_logs\DC_Sysmon_ws.evtx,Classic,0,"{""EventData"":{""Data"":[{""@Name"":""RuleName"",""#text"":""-""},{""@Name"":""UtcTime"",""#text"":""2026-03-30 22:45:40.474""},{""@Name"":""ProcessGuid"",""#text"":""c9182e32-fd14-69ca-1d00-000000000a00""},{""@Name"":""ProcessId"",""#text"":""1400""},{""@Name"":""Image"",""#text"":""C:\\Windows\\System32\\svchost.exe""},{""@Name"":""FileVersion"",""#text"":""10.0.20348.558 (WinBuild.160101.0800)""},{""@Name"":""Description"",""#text"":""Host Process for Windows Services""},{""@Name"":""Product"",""#text"":""Microsoft® Windows® Operating System""},{""@Name"":""Company"",""#text"":""Microsoft Corporation""},{""@Name"":""OriginalFileName"",""#text"":""svchost.exe""},{""@Name"":""CommandLine"",""#text"":""C:\\Windows\\system32\\svchost.exe -k LocalServiceNoNetworkFirewall -p""},{""@Name"":""CurrentDirectory"",""#text"":""C:\\Windows\\system32\\""},{""@Name"":""User"",""#text"":""NT AUTHORITY\\LOCAL SERVICE""},{""@Name"":""LogonGuid"",""#text"":""c9182e32-fd14-69ca-e503-000000000000""},{""@Name"":""LogonId"",""#text"":""0x3E5""},{""@Name"":""TerminalSessionId"",""#text"":""0""},{""@Name"":""IntegrityLevel"",""#text"":""System""},{""@Name"":""Hashes"",""#text"":""MD5=DC32ABA4669EAFB22FCACD5EC836A107,SHA256=31780FF2AAF7BC71F755BA0E4FEF1D61B060D1D2741EAFB33CBAB44D889595A0,IMPHASH=D8C4E4978657CEA220B495778C972E64""},{""@Name"":""ParentProcessGuid"",""#text"":""c9182e32-fd12-69ca-0b00-000000000a00""},{""@Name"":""ParentProcessId"",""#text"":""736""},{""@Name"":""ParentImage"",""#text"":""C:\\Windows\\System32\\services.exe""},{""@Name"":""ParentCommandLine"",""#text"":""C:\\Windows\\system32\\services.exe""},{""@Name"":""ParentUser"",""#text"":""NT AUTHORITY\\SYSTEM""}]}}"
933,933,2026-03-30 22:45:51.1600732,1,Info,Microsoft-Windows-Sysmon,Microsoft-Windows-Sysmon/Operational,2400,4356,DC01.corp.local,19,S-1-5-18,Process creation,NT AUTHORITY\NETWORK SERVICE,,"ProcessID: 1444, ProcessGUID: c9182e32-fd14-69ca-1e00-000000000a00",RuleName: -,"MD5=DC32ABA4669EAFB22FCACD5EC836A107,SHA256=31780FF2AAF7BC71F755BA0E4FEF1D61B060D1D2741EAFB33CBAB44D889595A0,IMPHASH=D8C4E4978657CEA220B495778C972E64",ParentProcess: C:\Windows\System32\services.exe,"ParentProcessID: 736, ParentProcessGUID: c9182e32-fd12-69ca-0b00-000000000a00",ParentCommandLine: C:\Windows\system32\services.exe,C:\Windows\System32\svchost.exe -k NetworkService -p -s NlaSvc,False,C:\Users\owunc\Desktop\lab_logs\DC_Sysmon_ws.evtx,Classic,0,"{""EventData"":{""Data"":[{""@Name"":""RuleName"",""#text"":""-""},{""@Name"":""UtcTime"",""#text"":""2026-03-30 22:45:40.489""},{""@Name"":""ProcessGuid"",""#text"":""c9182e32-fd14-69ca-1e00-000000000a00""},{""@Name"":""ProcessId"",""#text"":""1444""},{""@Name"":""Image"",""#text"":""C:\\Windows\\System32\\svchost.exe""},{""@Name"":""FileVersion"",""#text"":""10.0.20348.558 (WinBuild.160101.0800)""},{""@Name"":""Description"",""#text"":""Host Process for Windows Services""},{""@Name"":""Product"",""#text"":""Microsoft® Windows® Operating System""},{""@Name"":""Company"",""#text"":""Microsoft Corporation""},{""@Name"":""OriginalFileName"",""#text"":""svchost.exe""},{""@Name"":""CommandLine"",""#text"":""C:\\Windows\\System32\\svchost.exe -k NetworkService -p -s NlaSvc""},{""@Name"":""CurrentDirectory"",""#text"":""C:\\Windows\\system32\\""},{""@Name"":""User"",""#text"":""NT AUTHORITY\\NETWORK SERVICE""},{""@Name"":""LogonGuid"",""#text"":""c9182e32-fd14-69ca-e403-000000000000""},{""@Name"":""LogonId"",""#text"":""0x3E4""},{""@Name"":""TerminalSessionId"",""#text"":""0""},{""@Name"":""IntegrityLevel"",""#text"":""System""},{""@Name"":""Hashes"",""#text"":""MD5=DC32ABA4669EAFB22FCACD5EC836A107,SHA256=31780FF2AAF7BC71F755BA0E4FEF1D61B060D1D2741EAFB33CBAB44D889595A0,IMPHASH=D8C4E4978657CEA220B495778C972E64""},{""@Name"":""ParentProcessGuid"",""#text"":""c9182e32-fd12-69ca-0b00-000000000a00""},{""@Name"":""ParentProcessId"",""#text"":""736""},{""@Name"":""ParentImage"",""#text"":""C:\\Windows\\System32\\services.exe""},{""@Name"":""ParentCommandLine"",""#text"":""C:\\Windows\\system32\\services.exe""},{""@Name"":""ParentUser"",""#text"":""NT AUTHORITY\\SYSTEM""}]}}"
934,934,2026-03-30 22:45:51.1605509,1,Info,Microsoft-Windows-Sysmon,Microsoft-Windows-Sysmon/Operational,2400,4356,DC01.corp.local,19,S-1-5-18,Process creation,NT AUTHORITY\SYSTEM,,"ProcessID: 1536, ProcessGUID: c9182e32-fd14-69ca-1f00-000000000a00",RuleName: -,"MD5=DC32ABA4669EAFB22FCACD5EC836A107,SHA256=31780FF2AAF7BC71F755BA0E4FEF1D61B060D1D2741EAFB33CBAB44D889595A0,IMPHASH=D8C4E4978657CEA220B495778C972E64",ParentProcess: C:\Windows\System32\services.exe,"ParentProcessID: 736, ParentProcessGUID: c9182e32-fd12-69ca-0b00-000000000a00",ParentCommandLine: C:\Windows\system32\services.exe,C:\Windows\system32\svchost.exe -k netsvcs -p -s ProfSvc,False,C:\Users\owunc\Desktop\lab_logs\DC_Sysmon_ws.evtx,Classic,0,"{""EventData"":{""Data"":[{""@Name"":""RuleName"",""#text"":""-""},{""@Name"":""UtcTime"",""#text"":""2026-03-30 22:45:40.511""},{""@Name"":""ProcessGuid"",""#text"":""c9182e32-fd14-69ca-1f00-000000000a00""},{""@Name"":""ProcessId"",""#text"":""1536""},{""@Name"":""Image"",""#text"":""C:\\Windows\\System32\\svchost.exe""},{""@Name"":""FileVersion"",""#text"":""10.0.20348.558 (WinBuild.160101.0800)""},{""@Name"":""Description"",""#text"":""Host Process for Windows Services""},{""@Name"":""Product"",""#text"":""Microsoft® Windows® Operating System""},{""@Name"":""Company"",""#text"":""Microsoft Corporation""},{""@Name"":""OriginalFileName"",""#text"":""svchost.exe""},{""@Name"":""CommandLine"",""#text"":""C:\\Windows\\system32\\svchost.exe -k netsvcs -p -s ProfSvc""},{""@Name"":""CurrentDirectory"",""#text"":""C:\\Windows\\system32\\""},{""@Name"":""User"",""#text"":""NT AUTHORITY\\SYSTEM""},{""@Name"":""LogonGuid"",""#text"":""c9182e32-fd12-69ca-e703-000000000000""},{""@Name"":""LogonId"",""#text"":""0x3E7""},{""@Name"":""TerminalSessionId"",""#text"":""0""},{""@Name"":""IntegrityLevel"",""#text"":""System""},{""@Name"":""Hashes"",""#text"":""MD5=DC32ABA4669EAFB22FCACD5EC836A107,SHA256=31780FF2AAF7BC71F755BA0E4FEF1D61B060D1D2741EAFB33CBAB44D889595A0,IMPHASH=D8C4E4978657CEA220B495778C972E64""},{""@Name"":""ParentProcessGuid"",""#text"":""c9182e32-fd12-69ca-0b00-000000000a00""},{""@Name"":""ParentProcessId"",""#text"":""736""},{""@Name"":""ParentImage"",""#text"":""C:\\Windows\\System32\\services.exe""},{""@Name"":""ParentCommandLine"",""#text"":""C:\\Windows\\system32\\services.exe""},{""@Name"":""ParentUser"",""#text"":""NT AUTHORITY\\SYSTEM""}]}}"
935,935,2026-03-30 22:45:51.1607471,1,Info,Microsoft-Windows-Sysmon,Microsoft-Windows-Sysmon/Operational,2400,4356,DC01.corp.local,19,S-1-5-18,Process creation,NT AUTHORITY\SYSTEM,,"ProcessID: 1544, ProcessGUID: c9182e32-fd14-69ca-2000-000000000a00",RuleName: -,"MD5=DC32ABA4669EAFB22FCACD5EC836A107,SHA256=31780FF2AAF7BC71F755BA0E4FEF1D61B060D1D2741EAFB33CBAB44D889595A0,IMPHASH=D8C4E4978657CEA220B495778C972E64",ParentProcess: C:\Windows\System32\services.exe,"ParentProcessID: 736, ParentProcessGUID: c9182e32-fd12-69ca-0b00-000000000a00",ParentCommandLine: C:\Windows\system32\services.exe,C:\Windows\system32\svchost.exe -k netsvcs -p -s gpsvc,False,C:\Users\owunc\Desktop\lab_logs\DC_Sysmon_ws.evtx,Classic,0,"{""EventData"":{""Data"":[{""@Name"":""RuleName"",""#text"":""-""},{""@Name"":""UtcTime"",""#text"":""2026-03-30 22:45:40.511""},{""@Name"":""ProcessGuid"",""#text"":""c9182e32-fd14-69ca-2000-000000000a00""},{""@Name"":""ProcessId"",""#text"":""1544""},{""@Name"":""Image"",""#text"":""C:\\Windows\\System32\\svchost.exe""},{""@Name"":""FileVersion"",""#text"":""10.0.20348.558 (WinBuild.160101.0800)""},{""@Name"":""Description"",""#text"":""Host Process for Windows Services""},{""@Name"":""Product"",""#text"":""Microsoft® Windows® Operating System""},{""@Name"":""Company"",""#text"":""Microsoft Corporation""},{""@Name"":""OriginalFileName"",""#text"":""svchost.exe""},{""@Name"":""CommandLine"",""#text"":""C:\\Windows\\system32\\svchost.exe -k netsvcs -p -s gpsvc""},{""@Name"":""CurrentDirectory"",""#text"":""C:\\Windows\\system32\\""},{""@Name"":""User"",""#text"":""NT AUTHORITY\\SYSTEM""},{""@Name"":""LogonGuid"",""#text"":""c9182e32-fd12-69ca-e703-000000000000""},{""@Name"":""LogonId"",""#text"":""0x3E7""},{""@Name"":""TerminalSessionId"",""#text"":""0""},{""@Name"":""IntegrityLevel"",""#text"":""System""},{""@Name"":""Hashes"",""#text"":""MD5=DC32ABA4669EAFB22FCACD5EC836A107,SHA256=31780FF2AAF7BC71F755BA0E4FEF1D61B060D1D2741EAFB33CBAB44D889595A0,IMPHASH=D8C4E4978657CEA220B495778C972E64""},{""@Name"":""ParentProcessGuid"",""#text"":""c9182e32-fd12-69ca-0b00-000000000a00""},{""@Name"":""ParentProcessId"",""#text"":""736""},{""@Name"":""ParentImage"",""#text"":""C:\\Windows\\System32\\services.exe""},{""@Name"":""ParentCommandLine"",""#text"":""C:\\Windows\\system32\\services.exe""},{""@Name"":""ParentUser"",""#text"":""NT AUTHORITY\\SYSTEM""}]}}"
936,936,2026-03-30 22:45:51.1609366,1,Info,Microsoft-Windows-Sysmon,Microsoft-Windows-Sysmon/Operational,2400,4356,DC01.corp.local,19,S-1-5-18,Process creation,NT AUTHORITY\SYSTEM,,"ProcessID: 1552, ProcessGUID: c9182e32-fd14-69ca-2100-000000000a00",RuleName: -,"MD5=DC32ABA4669EAFB22FCACD5EC836A107,SHA256=31780FF2AAF7BC71F755BA0E4FEF1D61B060D1D2741EAFB33CBAB44D889595A0,IMPHASH=D8C4E4978657CEA220B495778C972E64",ParentProcess: C:\Windows\System32\services.exe,"ParentProcessID: 736, ParentProcessGUID: c9182e32-fd12-69ca-0b00-000000000a00",ParentCommandLine: C:\Windows\system32\services.exe,C:\Windows\System32\svchost.exe -k netsvcs -p -s Themes,False,C:\Users\owunc\Desktop\lab_logs\DC_Sysmon_ws.evtx,Classic,0,"{""EventData"":{""Data"":[{""@Name"":""RuleName"",""#text"":""-""},{""@Name"":""UtcTime"",""#text"":""2026-03-30 22:45:40.512""},{""@Name"":""ProcessGuid"",""#text"":""c9182e32-fd14-69ca-2100-000000000a00""},{""@Name"":""ProcessId"",""#text"":""1552""},{""@Name"":""Image"",""#text"":""C:\\Windows\\System32\\svchost.exe""},{""@Name"":""FileVersion"",""#text"":""10.0.20348.558 (WinBuild.160101.0800)""},{""@Name"":""Description"",""#text"":""Host Process for Windows Services""},{""@Name"":""Product"",""#text"":""Microsoft® Windows® Operating System""},{""@Name"":""Company"",""#text"":""Microsoft Corporation""},{""@Name"":""OriginalFileName"",""#text"":""svchost.exe""},{""@Name"":""CommandLine"",""#text"":""C:\\Windows\\System32\\svchost.exe -k netsvcs -p -s Themes""},{""@Name"":""CurrentDirectory"",""#text"":""C:\\Windows\\system32\\""},{""@Name"":""User"",""#text"":""NT AUTHORITY\\SYSTEM""},{""@Name"":""LogonGuid"",""#text"":""c9182e32-fd12-69ca-e703-000000000000""},{""@Name"":""LogonId"",""#text"":""0x3E7""},{""@Name"":""TerminalSessionId"",""#text"":""0""},{""@Name"":""IntegrityLevel"",""#text"":""System""},{""@Name"":""Hashes"",""#text"":""MD5=DC32ABA4669EAFB22FCACD5EC836A107,SHA256=31780FF2AAF7BC71F755BA0E4FEF1D61B060D1D2741EAFB33CBAB44D889595A0,IMPHASH=D8C4E4978657CEA220B495778C972E64""},{""@Name"":""ParentProcessGuid"",""#text"":""c9182e32-fd12-69ca-0b00-000000000a00""},{""@Name"":""ParentProcessId"",""#text"":""736""},{""@Name"":""ParentImage"",""#text"":""C:\\Windows\\System32\\services.exe""},{""@Name"":""ParentCommandLine"",""#text"":""C:\\Windows\\system32\\services.exe""},{""@Name"":""ParentUser"",""#text"":""NT AUTHORITY\\SYSTEM""}]}}"
937,937,2026-03-30 22:45:51.1611492,1,Info,Microsoft-Windows-Sysmon,Microsoft-Windows-Sysmon/Operational,2400,4356,DC01.corp.local,19,S-1-5-18,Process creation,NT AUTHORITY\LOCAL SERVICE,,"ProcessID: 1560, ProcessGUID: c9182e32-fd14-69ca-2200-000000000a00",RuleName: -,"MD5=DC32ABA4669EAFB22FCACD5EC836A107,SHA256=31780FF2AAF7BC71F755BA0E4FEF1D61B060D1D2741EAFB33CBAB44D889595A0,IMPHASH=D8C4E4978657CEA220B495778C972E64",ParentProcess: C:\Windows\System32\services.exe,"ParentProcessID: 736, ParentProcessGUID: c9182e32-fd12-69ca-0b00-000000000a00",ParentCommandLine: C:\Windows\system32\services.exe,C:\Windows\system32\svchost.exe -k LocalService -p -s EventSystem,False,C:\Users\owunc\Desktop\lab_logs\DC_Sysmon_ws.evtx,Classic,0,"{""EventData"":{""Data"":[{""@Name"":""RuleName"",""#text"":""-""},{""@Name"":""UtcTime"",""#text"":""2026-03-30 22:45:40.513""},{""@Name"":""ProcessGuid"",""#text"":""c9182e32-fd14-69ca-2200-000000000a00""},{""@Name"":""ProcessId"",""#text"":""1560""},{""@Name"":""Image"",""#text"":""C:\\Windows\\System32\\svchost.exe""},{""@Name"":""FileVersion"",""#text"":""10.0.20348.558 (WinBuild.160101.0800)""},{""@Name"":""Description"",""#text"":""Host Process for Windows Services""},{""@Name"":""Product"",""#text"":""Microsoft® Windows® Operating System""},{""@Name"":""Company"",""#text"":""Microsoft Corporation""},{""@Name"":""OriginalFileName"",""#text"":""svchost.exe""},{""@Name"":""CommandLine"",""#text"":""C:\\Windows\\system32\\svchost.exe -k LocalService -p -s EventSystem""},{""@Name"":""CurrentDirectory"",""#text"":""C:\\Windows\\system32\\""},{""@Name"":""User"",""#text"":""NT AUTHORITY\\LOCAL SERVICE""},{""@Name"":""LogonGuid"",""#text"":""c9182e32-fd14-69ca-e503-000000000000""},{""@Name"":""LogonId"",""#text"":""0x3E5""},{""@Name"":""TerminalSessionId"",""#text"":""0""},{""@Name"":""IntegrityLevel"",""#text"":""System""},{""@Name"":""Hashes"",""#text"":""MD5=DC32ABA4669EAFB22FCACD5EC836A107,SHA256=31780FF2AAF7BC71F755BA0E4FEF1D61B060D1D2741EAFB33CBAB44D889595A0,IMPHASH=D8C4E4978657CEA220B495778C972E64""},{""@Name"":""ParentProcessGuid"",""#text"":""c9182e32-fd12-69ca-0b00-000000000a00""},{""@Name"":""ParentProcessId"",""#text"":""736""},{""@Name"":""ParentImage"",""#text"":""C:\\Windows\\System32\\services.exe""},{""@Name"":""ParentCommandLine"",""#text"":""C:\\Windows\\system32\\services.exe""},{""@Name"":""ParentUser"",""#text"":""NT AUTHORITY\\SYSTEM""}]}}"
938,938,2026-03-30 22:45:51.1615587,1,Info,Microsoft-Windows-Sysmon,Microsoft-Windows-Sysmon/Operational,2400,4356,DC01.corp.local,19,S-1-5-18,Process creation,NT AUTHORITY\LOCAL SERVICE,,"ProcessID: 1676, ProcessGUID: c9182e32-fd14-69ca-2300-000000000a00",RuleName: -,"MD5=DC32ABA4669EAFB22FCACD5EC836A107,SHA256=31780FF2AAF7BC71F755BA0E4FEF1D61B060D1D2741EAFB33CBAB44D889595A0,IMPHASH=D8C4E4978657CEA220B495778C972E64",ParentProcess: C:\Windows\System32\services.exe,"ParentProcessID: 736, ParentProcessGUID: c9182e32-fd12-69ca-0b00-000000000a00",ParentCommandLine: C:\Windows\system32\services.exe,C:\Windows\System32\svchost.exe -k LocalService -p -s netprofm,False,C:\Users\owunc\Desktop\lab_logs\DC_Sysmon_ws.evtx,Classic,0,"{""EventData"":{""Data"":[{""@Name"":""RuleName"",""#text"":""-""},{""@Name"":""UtcTime"",""#text"":""2026-03-30 22:45:40.531""},{""@Name"":""ProcessGuid"",""#text"":""c9182e32-fd14-69ca-2300-000000000a00""},{""@Name"":""ProcessId"",""#text"":""1676""},{""@Name"":""Image"",""#text"":""C:\\Windows\\System32\\svchost.exe""},{""@Name"":""FileVersion"",""#text"":""10.0.20348.558 (WinBuild.160101.0800)""},{""@Name"":""Description"",""#text"":""Host Process for Windows Services""},{""@Name"":""Product"",""#text"":""Microsoft® Windows® Operating System""},{""@Name"":""Company"",""#text"":""Microsoft Corporation""},{""@Name"":""OriginalFileName"",""#text"":""svchost.exe""},{""@Name"":""CommandLine"",""#text"":""C:\\Windows\\System32\\svchost.exe -k LocalService -p -s netprofm""},{""@Name"":""CurrentDirectory"",""#text"":""C:\\Windows\\system32\\""},{""@Name"":""User"",""#text"":""NT AUTHORITY\\LOCAL SERVICE""},{""@Name"":""LogonGuid"",""#text"":""c9182e32-fd14-69ca-e503-000000000000""},{""@Name"":""LogonId"",""#text"":""0x3E5""},{""@Name"":""TerminalSessionId"",""#text"":""0""},{""@Name"":""IntegrityLevel"",""#text"":""System""},{""@Name"":""Hashes"",""#text"":""MD5=DC32ABA4669EAFB22FCACD5EC836A107,SHA256=31780FF2AAF7BC71F755BA0E4FEF1D61B060D1D2741EAFB33CBAB44D889595A0,IMPHASH=D8C4E4978657CEA220B495778C972E64""},{""@Name"":""ParentProcessGuid"",""#text"":""c9182e32-fd12-69ca-0b00-000000000a00""},{""@Name"":""ParentProcessId"",""#text"":""736""},{""@Name"":""ParentImage"",""#text"":""C:\\Windows\\System32\\services.exe""},{""@Name"":""ParentCommandLine"",""#text"":""C:\\Windows\\system32\\services.exe""},{""@Name"":""ParentUser"",""#text"":""NT AUTHORITY\\SYSTEM""}]}}"
939,939,2026-03-30 22:45:51.1617891,1,Info,Microsoft-Windows-Sysmon,Microsoft-Windows-Sysmon/Operational,2400,4356,DC01.corp.local,19,S-1-5-18,Process creation,NT AUTHORITY\SYSTEM,,"ProcessID: 1684, ProcessGUID: c9182e32-fd14-69ca-2400-000000000a00",RuleName: -,"MD5=DC32ABA4669EAFB22FCACD5EC836A107,SHA256=31780FF2AAF7BC71F755BA0E4FEF1D61B060D1D2741EAFB33CBAB44D889595A0,IMPHASH=D8C4E4978657CEA220B495778C972E64",ParentProcess: C:\Windows\System32\services.exe,"ParentProcessID: 736, ParentProcessGUID: c9182e32-fd12-69ca-0b00-000000000a00",ParentCommandLine: C:\Windows\system32\services.exe,C:\Windows\system32\svchost.exe -k netsvcs -p -s SENS,False,C:\Users\owunc\Desktop\lab_logs\DC_Sysmon_ws.evtx,Classic,0,"{""EventData"":{""Data"":[{""@Name"":""RuleName"",""#text"":""-""},{""@Name"":""UtcTime"",""#text"":""2026-03-30 22:45:40.532""},{""@Name"":""ProcessGuid"",""#text"":""c9182e32-fd14-69ca-2400-000000000a00""},{""@Name"":""ProcessId"",""#text"":""1684""},{""@Name"":""Image"",""#text"":""C:\\Windows\\System32\\svchost.exe""},{""@Name"":""FileVersion"",""#text"":""10.0.20348.558 (WinBuild.160101.0800)""},{""@Name"":""Description"",""#text"":""Host Process for Windows Services""},{""@Name"":""Product"",""#text"":""Microsoft® Windows® Operating System""},{""@Name"":""Company"",""#text"":""Microsoft Corporation""},{""@Name"":""OriginalFileName"",""#text"":""svchost.exe""},{""@Name"":""CommandLine"",""#text"":""C:\\Windows\\system32\\svchost.exe -k netsvcs -p -s SENS""},{""@Name"":""CurrentDirectory"",""#text"":""C:\\Windows\\system32\\""},{""@Name"":""User"",""#text"":""NT AUTHORITY\\SYSTEM""},{""@Name"":""LogonGuid"",""#text"":""c9182e32-fd12-69ca-e703-000000000000""},{""@Name"":""LogonId"",""#text"":""0x3E7""},{""@Name"":""TerminalSessionId"",""#text"":""0""},{""@Name"":""IntegrityLevel"",""#text"":""System""},{""@Name"":""Hashes"",""#text"":""MD5=DC32ABA4669EAFB22FCACD5EC836A107,SHA256=31780FF2AAF7BC71F755BA0E4FEF1D61B060D1D2741EAFB33CBAB44D889595A0,IMPHASH=D8C4E4978657CEA220B495778C972E64""},{""@Name"":""ParentProcessGuid"",""#text"":""c9182e32-fd12-69ca-0b00-000000000a00""},{""@Name"":""ParentProcessId"",""#text"":""736""},{""@Name"":""ParentImage"",""#text"":""C:\\Windows\\System32\\services.exe""},{""@Name"":""ParentCommandLine"",""#text"":""C:\\Windows\\system32\\services.exe""},{""@Name"":""ParentUser"",""#text"":""NT AUTHORITY\\SYSTEM""}]}}"
940,940,2026-03-30 22:45:51.1620333,1,Info,Microsoft-Windows-Sysmon,Microsoft-Windows-Sysmon/Operational,2400,4356,DC01.corp.local,19,S-1-5-18,Process creation,NT AUTHORITY\SYSTEM,,"ProcessID: 1724, ProcessGUID: c9182e32-fd14-69ca-2500-000000000a00",RuleName: -,"MD5=DC32ABA4669EAFB22FCACD5EC836A107,SHA256=31780FF2AAF7BC71F755BA0E4FEF1D61B060D1D2741EAFB33CBAB44D889595A0,IMPHASH=D8C4E4978657CEA220B495778C972E64",ParentProcess: C:\Windows\System32\services.exe,"ParentProcessID: 736, ParentProcessGUID: c9182e32-fd12-69ca-0b00-000000000a00",ParentCommandLine: C:\Windows\system32\services.exe,C:\Windows\system32\svchost.exe -k netsvcs -p -s Schedule,False,C:\Users\owunc\Desktop\lab_logs\DC_Sysmon_ws.evtx,Classic,0,"{""EventData"":{""Data"":[{""@Name"":""RuleName"",""#text"":""-""},{""@Name"":""UtcTime"",""#text"":""2026-03-30 22:45:40.541""},{""@Name"":""ProcessGuid"",""#text"":""c9182e32-fd14-69ca-2500-000000000a00""},{""@Name"":""ProcessId"",""#text"":""1724""},{""@Name"":""Image"",""#text"":""C:\\Windows\\System32\\svchost.exe""},{""@Name"":""FileVersion"",""#text"":""10.0.20348.558 (WinBuild.160101.0800)""},{""@Name"":""Description"",""#text"":""Host Process for Windows Services""},{""@Name"":""Product"",""#text"":""Microsoft® Windows® Operating System""},{""@Name"":""Company"",""#text"":""Microsoft Corporation""},{""@Name"":""OriginalFileName"",""#text"":""svchost.exe""},{""@Name"":""CommandLine"",""#text"":""C:\\Windows\\system32\\svchost.exe -k netsvcs -p -s Schedule""},{""@Name"":""CurrentDirectory"",""#text"":""C:\\Windows\\system32\\""},{""@Name"":""User"",""#text"":""NT AUTHORITY\\SYSTEM""},{""@Name"":""LogonGuid"",""#text"":""c9182e32-fd12-69ca-e703-000000000000""},{""@Name"":""LogonId"",""#text"":""0x3E7""},{""@Name"":""TerminalSessionId"",""#text"":""0""},{""@Name"":""IntegrityLevel"",""#text"":""System""},{""@Name"":""Hashes"",""#text"":""MD5=DC32ABA4669EAFB22FCACD5EC836A107,SHA256=31780FF2AAF7BC71F755BA0E4FEF1D61B060D1D2741EAFB33CBAB44D889595A0,IMPHASH=D8C4E4978657CEA220B495778C972E64""},{""@Name"":""ParentProcessGuid"",""#text"":""c9182e32-fd12-69ca-0b00-000000000a00""},{""@Name"":""ParentProcessId"",""#text"":""736""},{""@Name"":""ParentImage"",""#text"":""C:\\Windows\\System32\\services.exe""},{""@Name"":""ParentCommandLine"",""#text"":""C:\\Windows\\system32\\services.exe""},{""@Name"":""ParentUser"",""#text"":""NT AUTHORITY\\SYSTEM""}]}}"
941,941,2026-03-30 22:45:51.1635540,1,Info,Microsoft-Windows-Sysmon,Microsoft-Windows-Sysmon/Operational,2400,4356,DC01.corp.local,19,S-1-5-18,Process creation,NT AUTHORITY\LOCAL SERVICE,,"ProcessID: 1784, ProcessGUID: c9182e32-fd14-69ca-2600-000000000a00",RuleName: -,"MD5=DC32ABA4669EAFB22FCACD5EC836A107,SHA256=31780FF2AAF7BC71F755BA0E4FEF1D61B060D1D2741EAFB33CBAB44D889595A0,IMPHASH=D8C4E4978657CEA220B495778C972E64",ParentProcess: C:\Windows\System32\services.exe,"ParentProcessID: 736, ParentProcessGUID: c9182e32-fd12-69ca-0b00-000000000a00",ParentCommandLine: C:\Windows\system32\services.exe,C:\Windows\system32\svchost.exe -k LocalServiceNetworkRestricted -p,False,C:\Users\owunc\Desktop\lab_logs\DC_Sysmon_ws.evtx,Classic,0,"{""EventData"":{""Data"":[{""@Name"":""RuleName"",""#text"":""-""},{""@Name"":""UtcTime"",""#text"":""2026-03-30 22:45:40.556""},{""@Name"":""ProcessGuid"",""#text"":""c9182e32-fd14-69ca-2600-000000000a00""},{""@Name"":""ProcessId"",""#text"":""1784""},{""@Name"":""Image"",""#text"":""C:\\Windows\\System32\\svchost.exe""},{""@Name"":""FileVersion"",""#text"":""10.0.20348.558 (WinBuild.160101.0800)""},{""@Name"":""Description"",""#text"":""Host Process for Windows Services""},{""@Name"":""Product"",""#text"":""Microsoft® Windows® Operating System""},{""@Name"":""Company"",""#text"":""Microsoft Corporation""},{""@Name"":""OriginalFileName"",""#text"":""svchost.exe""},{""@Name"":""CommandLine"",""#text"":""C:\\Windows\\system32\\svchost.exe -k LocalServiceNetworkRestricted -p""},{""@Name"":""CurrentDirectory"",""#text"":""C:\\Windows\\system32\\""},{""@Name"":""User"",""#text"":""NT AUTHORITY\\LOCAL SERVICE""},{""@Name"":""LogonGuid"",""#text"":""c9182e32-fd14-69ca-e503-000000000000""},{""@Name"":""LogonId"",""#text"":""0x3E5""},{""@Name"":""TerminalSessionId"",""#text"":""0""},{""@Name"":""IntegrityLevel"",""#text"":""System""},{""@Name"":""Hashes"",""#text"":""MD5=DC32ABA4669EAFB22FCACD5EC836A107,SHA256=31780FF2AAF7BC71F755BA0E4FEF1D61B060D1D2741EAFB33CBAB44D889595A0,IMPHASH=D8C4E4978657CEA220B495778C972E64""},{""@Name"":""ParentProcessGuid"",""#text"":""c9182e32-fd12-69ca-0b00-000000000a00""},{""@Name"":""ParentProcessId"",""#text"":""736""},{""@Name"":""ParentImage"",""#text"":""C:\\Windows\\System32\\services.exe""},{""@Name"":""ParentCommandLine"",""#text"":""C:\\Windows\\system32\\services.exe""},{""@Name"":""ParentUser"",""#text"":""NT AUTHORITY\\SYSTEM""}]}}"
942,942,2026-03-30 22:45:51.1639003,1,Info,Microsoft-Windows-Sysmon,Microsoft-Windows-Sysmon/Operational,2400,4356,DC01.corp.local,19,S-1-5-18,Process creation,NT AUTHORITY\SYSTEM,,"ProcessID: 1848, ProcessGUID: c9182e32-fd14-69ca-2700-000000000a00",RuleName: -,"MD5=DC32ABA4669EAFB22FCACD5EC836A107,SHA256=31780FF2AAF7BC71F755BA0E4FEF1D61B060D1D2741EAFB33CBAB44D889595A0,IMPHASH=D8C4E4978657CEA220B495778C972E64",ParentProcess: C:\Windows\System32\services.exe,"ParentProcessID: 736, ParentProcessGUID: c9182e32-fd12-69ca-0b00-000000000a00",ParentCommandLine: C:\Windows\system32\services.exe,C:\Windows\System32\svchost.exe -k netsvcs -p -s ShellHWDetection,False,C:\Users\owunc\Desktop\lab_logs\DC_Sysmon_ws.evtx,Classic,0,"{""EventData"":{""Data"":[{""@Name"":""RuleName"",""#text"":""-""},{""@Name"":""UtcTime"",""#text"":""2026-03-30 22:45:40.568""},{""@Name"":""ProcessGuid"",""#text"":""c9182e32-fd14-69ca-2700-000000000a00""},{""@Name"":""ProcessId"",""#text"":""1848""},{""@Name"":""Image"",""#text"":""C:\\Windows\\System32\\svchost.exe""},{""@Name"":""FileVersion"",""#text"":""10.0.20348.558 (WinBuild.160101.0800)""},{""@Name"":""Description"",""#text"":""Host Process for Windows Services""},{""@Name"":""Product"",""#text"":""Microsoft® Windows® Operating System""},{""@Name"":""Company"",""#text"":""Microsoft Corporation""},{""@Name"":""OriginalFileName"",""#text"":""svchost.exe""},{""@Name"":""CommandLine"",""#text"":""C:\\Windows\\System32\\svchost.exe -k netsvcs -p -s ShellHWDetection""},{""@Name"":""CurrentDirectory"",""#text"":""C:\\Windows\\system32\\""},{""@Name"":""User"",""#text"":""NT AUTHORITY\\SYSTEM""},{""@Name"":""LogonGuid"",""#text"":""c9182e32-fd12-69ca-e703-000000000000""},{""@Name"":""LogonId"",""#text"":""0x3E7""},{""@Name"":""TerminalSessionId"",""#text"":""0""},{""@Name"":""IntegrityLevel"",""#text"":""System""},{""@Name"":""Hashes"",""#text"":""MD5=DC32ABA4669EAFB22FCACD5EC836A107,SHA256=31780FF2AAF7BC71F755BA0E4FEF1D61B060D1D2741EAFB33CBAB44D889595A0,IMPHASH=D8C4E4978657CEA220B495778C972E64""},{""@Name"":""ParentProcessGuid"",""#text"":""c9182e32-fd12-69ca-0b00-000000000a00""},{""@Name"":""ParentProcessId"",""#text"":""736""},{""@Name"":""ParentImage"",""#text"":""C:\\Windows\\System32\\services.exe""},{""@Name"":""ParentCommandLine"",""#text"":""C:\\Windows\\system32\\services.exe""},{""@Name"":""ParentUser"",""#text"":""NT AUTHORITY\\SYSTEM""}]}}"
943,943,2026-03-30 22:45:51.1639363,11,Info,Microsoft-Windows-Sysmon,Microsoft-Windows-Sysmon/Operational,2400,4356,DC01.corp.local,19,S-1-5-18,FileCreate,NT AUTHORITY\SYSTEM,,"ProcessID: 1724, ProcessGUID: c9182e32-fd14-69ca-2500-000000000a00",RuleName: T1053,Image: C:\Windows\system32\svchost.exe,TargetFilename: C:\Windows\Tasks\SA.DAT,,,,False,C:\Users\owunc\Desktop\lab_logs\DC_Sysmon_ws.evtx,Classic,0,"{""EventData"":{""Data"":[{""@Name"":""RuleName"",""#text"":""T1053""},{""@Name"":""UtcTime"",""#text"":""2026-03-30 22:45:40.573""},{""@Name"":""ProcessGuid"",""#text"":""c9182e32-fd14-69ca-2500-000000000a00""},{""@Name"":""ProcessId"",""#text"":""1724""},{""@Name"":""Image"",""#text"":""C:\\Windows\\system32\\svchost.exe""},{""@Name"":""TargetFilename"",""#text"":""C:\\Windows\\Tasks\\SA.DAT""},{""@Name"":""CreationUtcTime"",""#text"":""2026-03-27 19:42:28.794""},{""@Name"":""User"",""#text"":""NT AUTHORITY\\SYSTEM""}]}}"
944,944,2026-03-30 22:45:51.1642683,1,Info,Microsoft-Windows-Sysmon,Microsoft-Windows-Sysmon/Operational,2400,4356,DC01.corp.local,19,S-1-5-18,Process creation,NT AUTHORITY\LOCAL SERVICE,,"ProcessID: 1900, ProcessGUID: c9182e32-fd14-69ca-2800-000000000a00",RuleName: -,"MD5=DC32ABA4669EAFB22FCACD5EC836A107,SHA256=31780FF2AAF7BC71F755BA0E4FEF1D61B060D1D2741EAFB33CBAB44D889595A0,IMPHASH=D8C4E4978657CEA220B495778C972E64",ParentProcess: C:\Windows\System32\services.exe,"ParentProcessID: 736, ParentProcessGUID: c9182e32-fd12-69ca-0b00-000000000a00",ParentCommandLine: C:\Windows\system32\services.exe,C:\Windows\system32\svchost.exe -k LocalService -p -s FontCache,False,C:\Users\owunc\Desktop\lab_logs\DC_Sysmon_ws.evtx,Classic,0,"{""EventData"":{""Data"":[{""@Name"":""RuleName"",""#text"":""-""},{""@Name"":""UtcTime"",""#text"":""2026-03-30 22:45:40.581""},{""@Name"":""ProcessGuid"",""#text"":""c9182e32-fd14-69ca-2800-000000000a00""},{""@Name"":""ProcessId"",""#text"":""1900""},{""@Name"":""Image"",""#text"":""C:\\Windows\\System32\\svchost.exe""},{""@Name"":""FileVersion"",""#text"":""10.0.20348.558 (WinBuild.160101.0800)""},{""@Name"":""Description"",""#text"":""Host Process for Windows Services""},{""@Name"":""Product"",""#text"":""Microsoft® Windows® Operating System""},{""@Name"":""Company"",""#text"":""Microsoft Corporation""},{""@Name"":""OriginalFileName"",""#text"":""svchost.exe""},{""@Name"":""CommandLine"",""#text"":""C:\\Windows\\system32\\svchost.exe -k LocalService -p -s FontCache""},{""@Name"":""CurrentDirectory"",""#text"":""C:\\Windows\\system32\\""},{""@Name"":""User"",""#text"":""NT AUTHORITY\\LOCAL SERVICE""},{""@Name"":""LogonGuid"",""#text"":""c9182e32-fd14-69ca-e503-000000000000""},{""@Name"":""LogonId"",""#text"":""0x3E5""},{""@Name"":""TerminalSessionId"",""#text"":""0""},{""@Name"":""IntegrityLevel"",""#text"":""System""},{""@Name"":""Hashes"",""#text"":""MD5=DC32ABA4669EAFB22FCACD5EC836A107,SHA256=31780FF2AAF7BC71F755BA0E4FEF1D61B060D1D2741EAFB33CBAB44D889595A0,IMPHASH=D8C4E4978657CEA220B495778C972E64""},{""@Name"":""ParentProcessGuid"",""#text"":""c9182e32-fd12-69ca-0b00-000000000a00""},{""@Name"":""ParentProcessId"",""#text"":""736""},{""@Name"":""ParentImage"",""#text"":""C:\\Windows\\System32\\services.exe""},{""@Name"":""ParentCommandLine"",""#text"":""C:\\Windows\\system32\\services.exe""},{""@Name"":""ParentUser"",""#text"":""NT AUTHORITY\\SYSTEM""}]}}"
945,945,2026-03-30 22:45:51.1645375,1,Info,Microsoft-Windows-Sysmon,Microsoft-Windows-Sysmon/Operational,2400,4356,DC01.corp.local,19,S-1-5-18,Process creation,NT AUTHORITY\LOCAL SERVICE,,"ProcessID: 1952, ProcessGUID: c9182e32-fd14-69ca-2900-000000000a00",RuleName: -,"MD5=DC32ABA4669EAFB22FCACD5EC836A107,SHA256=31780FF2AAF7BC71F755BA0E4FEF1D61B060D1D2741EAFB33CBAB44D889595A0,IMPHASH=D8C4E4978657CEA220B495778C972E64",ParentProcess: C:\Windows\System32\services.exe,"ParentProcessID: 736, ParentProcessGUID: c9182e32-fd12-69ca-0b00-000000000a00",ParentCommandLine: C:\Windows\system32\services.exe,C:\Windows\system32\svchost.exe -k LocalServiceNetworkRestricted -p -s WinHttpAutoProxySvc,False,C:\Users\owunc\Desktop\lab_logs\DC_Sysmon_ws.evtx,Classic,0,"{""EventData"":{""Data"":[{""@Name"":""RuleName"",""#text"":""-""},{""@Name"":""UtcTime"",""#text"":""2026-03-30 22:45:40.590""},{""@Name"":""ProcessGuid"",""#text"":""c9182e32-fd14-69ca-2900-000000000a00""},{""@Name"":""ProcessId"",""#text"":""1952""},{""@Name"":""Image"",""#text"":""C:\\Windows\\System32\\svchost.exe""},{""@Name"":""FileVersion"",""#text"":""10.0.20348.558 (WinBuild.160101.0800)""},{""@Name"":""Description"",""#text"":""Host Process for Windows Services""},{""@Name"":""Product"",""#text"":""Microsoft® Windows® Operating System""},{""@Name"":""Company"",""#text"":""Microsoft Corporation""},{""@Name"":""OriginalFileName"",""#text"":""svchost.exe""},{""@Name"":""CommandLine"",""#text"":""C:\\Windows\\system32\\svchost.exe -k LocalServiceNetworkRestricted -p -s WinHttpAutoProxySvc""},{""@Name"":""CurrentDirectory"",""#text"":""C:\\Windows\\system32\\""},{""@Name"":""User"",""#text"":""NT AUTHORITY\\LOCAL SERVICE""},{""@Name"":""LogonGuid"",""#text"":""c9182e32-fd14-69ca-e503-000000000000""},{""@Name"":""LogonId"",""#text"":""0x3E5""},{""@Name"":""TerminalSessionId"",""#text"":""0""},{""@Name"":""IntegrityLevel"",""#text"":""System""},{""@Name"":""Hashes"",""#text"":""MD5=DC32ABA4669EAFB22FCACD5EC836A107,SHA256=31780FF2AAF7BC71F755BA0E4FEF1D61B060D1D2741EAFB33CBAB44D889595A0,IMPHASH=D8C4E4978657CEA220B495778C972E64""},{""@Name"":""ParentProcessGuid"",""#text"":""c9182e32-fd12-69ca-0b00-000000000a00""},{""@Name"":""ParentProcessId"",""#text"":""736""},{""@Name"":""ParentImage"",""#text"":""C:\\Windows\\System32\\services.exe""},{""@Name"":""ParentCommandLine"",""#text"":""C:\\Windows\\system32\\services.exe""},{""@Name"":""ParentUser"",""#text"":""NT AUTHORITY\\SYSTEM""}]}}"
946,946,2026-03-30 22:45:51.1653658,1,Info,Microsoft-Windows-Sysmon,Microsoft-Windows-Sysmon/Operational,2400,4356,DC01.corp.local,19,S-1-5-18,Process creation,NT AUTHORITY\NETWORK SERVICE,,"ProcessID: 1424, ProcessGUID: c9182e32-fd14-69ca-2a00-000000000a00",RuleName: -,"MD5=DC32ABA4669EAFB22FCACD5EC836A107,SHA256=31780FF2AAF7BC71F755BA0E4FEF1D61B060D1D2741EAFB33CBAB44D889595A0,IMPHASH=D8C4E4978657CEA220B495778C972E64",ParentProcess: C:\Windows\System32\services.exe,"ParentProcessID: 736, ParentProcessGUID: c9182e32-fd12-69ca-0b00-000000000a00",ParentCommandLine: C:\Windows\system32\services.exe,C:\Windows\System32\svchost.exe -k NetworkService -p -s LanmanWorkstation,False,C:\Users\owunc\Desktop\lab_logs\DC_Sysmon_ws.evtx,Classic,0,"{""EventData"":{""Data"":[{""@Name"":""RuleName"",""#text"":""-""},{""@Name"":""UtcTime"",""#text"":""2026-03-30 22:45:40.630""},{""@Name"":""ProcessGuid"",""#text"":""c9182e32-fd14-69ca-2a00-000000000a00""},{""@Name"":""ProcessId"",""#text"":""1424""},{""@Name"":""Image"",""#text"":""C:\\Windows\\System32\\svchost.exe""},{""@Name"":""FileVersion"",""#text"":""10.0.20348.558 (WinBuild.160101.0800)""},{""@Name"":""Description"",""#text"":""Host Process for Windows Services""},{""@Name"":""Product"",""#text"":""Microsoft® Windows® Operating System""},{""@Name"":""Company"",""#text"":""Microsoft Corporation""},{""@Name"":""OriginalFileName"",""#text"":""svchost.exe""},{""@Name"":""CommandLine"",""#text"":""C:\\Windows\\System32\\svchost.exe -k NetworkService -p -s LanmanWorkstation""},{""@Name"":""CurrentDirectory"",""#text"":""C:\\Windows\\system32\\""},{""@Name"":""User"",""#text"":""NT AUTHORITY\\NETWORK SERVICE""},{""@Name"":""LogonGuid"",""#text"":""c9182e32-fd14-69ca-e403-000000000000""},{""@Name"":""LogonId"",""#text"":""0x3E4""},{""@Name"":""TerminalSessionId"",""#text"":""0""},{""@Name"":""IntegrityLevel"",""#text"":""System""},{""@Name"":""Hashes"",""#text"":""MD5=DC32ABA4669EAFB22FCACD5EC836A107,SHA256=31780FF2AAF7BC71F755BA0E4FEF1D61B060D1D2741EAFB33CBAB44D889595A0,IMPHASH=D8C4E4978657CEA220B495778C972E64""},{""@Name"":""ParentProcessGuid"",""#text"":""c9182e32-fd12-69ca-0b00-000000000a00""},{""@Name"":""ParentProcessId"",""#text"":""736""},{""@Name"":""ParentImage"",""#text"":""C:\\Windows\\System32\\services.exe""},{""@Name"":""ParentCommandLine"",""#text"":""C:\\Windows\\system32\\services.exe""},{""@Name"":""ParentUser"",""#text"":""NT AUTHORITY\\SYSTEM""}]}}"
947,947,2026-03-30 22:45:51.1655528,1,Info,Microsoft-Windows-Sysmon,Microsoft-Windows-Sysmon/Operational,2400,4356,DC01.corp.local,19,S-1-5-18,Process creation,NT AUTHORITY\SYSTEM,,"ProcessID: 1604, ProcessGUID: c9182e32-fd14-69ca-2b00-000000000a00",RuleName: -,"MD5=5487316514F4ADA7E6E0BD9EAA2256E7,SHA256=F447AE2E838D4DE71CA4BABA321FEA67DABB38AA4321EFAC81F3FF03CF55FE0A,IMPHASH=1C4E2D9936E4D9F2490B08AAB4D24260",ParentProcess: C:\Windows\System32\svchost.exe,"ParentProcessID: 1724, ParentProcessGUID: c9182e32-fd14-69ca-2500-000000000a00",ParentCommandLine: C:\Windows\system32\svchost.exe -k netsvcs -p -s Schedule,taskhostw.exe ExploitGuardPolicy,False,C:\Users\owunc\Desktop\lab_logs\DC_Sysmon_ws.evtx,Classic,0,"{""EventData"":{""Data"":[{""@Name"":""RuleName"",""#text"":""-""},{""@Name"":""UtcTime"",""#text"":""2026-03-30 22:45:40.636""},{""@Name"":""ProcessGuid"",""#text"":""c9182e32-fd14-69ca-2b00-000000000a00""},{""@Name"":""ProcessId"",""#text"":""1604""},{""@Name"":""Image"",""#text"":""C:\\Windows\\System32\\taskhostw.exe""},{""@Name"":""FileVersion"",""#text"":""10.0.20348.1 (WinBuild.160101.0800)""},{""@Name"":""Description"",""#text"":""Host Process for Windows Tasks""},{""@Name"":""Product"",""#text"":""Microsoft® Windows® Operating System""},{""@Name"":""Company"",""#text"":""Microsoft Corporation""},{""@Name"":""OriginalFileName"",""#text"":""taskhostw.exe""},{""@Name"":""CommandLine"",""#text"":""taskhostw.exe ExploitGuardPolicy""},{""@Name"":""CurrentDirectory"",""#text"":""C:\\Windows\\system32\\""},{""@Name"":""User"",""#text"":""NT AUTHORITY\\SYSTEM""},{""@Name"":""LogonGuid"",""#text"":""c9182e32-fd12-69ca-e703-000000000000""},{""@Name"":""LogonId"",""#text"":""0x3E7""},{""@Name"":""TerminalSessionId"",""#text"":""0""},{""@Name"":""IntegrityLevel"",""#text"":""System""},{""@Name"":""Hashes"",""#text"":""MD5=5487316514F4ADA7E6E0BD9EAA2256E7,SHA256=F447AE2E838D4DE71CA4BABA321FEA67DABB38AA4321EFAC81F3FF03CF55FE0A,IMPHASH=1C4E2D9936E4D9F2490B08AAB4D24260""},{""@Name"":""ParentProcessGuid"",""#text"":""c9182e32-fd14-69ca-2500-000000000a00""},{""@Name"":""ParentProcessId"",""#text"":""1724""},{""@Name"":""ParentImage"",""#text"":""C:\\Windows\\System32\\svchost.exe""},{""@Name"":""ParentCommandLine"",""#text"":""C:\\Windows\\system32\\svchost.exe -k netsvcs -p -s Schedule""},{""@Name"":""ParentUser"",""#text"":""NT AUTHORITY\\SYSTEM""}]}}"
948,948,2026-03-30 22:45:51.1660881,1,Info,Microsoft-Windows-Sysmon,Microsoft-Windows-Sysmon/Operational,2400,4356,DC01.corp.local,19,S-1-5-18,Process creation,NT AUTHORITY\SYSTEM,,"ProcessID: 1720, ProcessGUID: c9182e32-fd14-69ca-2c00-000000000a00",RuleName: -,"MD5=FBCFF8772630726EF5F00F26A3BCB437,SHA256=FDD374DF8A9EBED2376B6E7F21690F31F5A162A0B052EFE2B5DB8CB8FE67C9F3,IMPHASH=2D0256D01E3040C4CBAC0B67964DBD15",ParentProcess: C:\Windows\System32\svchost.exe,"ParentProcessID: 1724, ParentProcessGUID: c9182e32-fd14-69ca-2500-000000000a00",ParentCommandLine: C:\Windows\system32\svchost.exe -k netsvcs -p -s Schedule,C:\Windows\system32\dxgiadaptercache.exe,False,C:\Users\owunc\Desktop\lab_logs\DC_Sysmon_ws.evtx,Classic,0,"{""EventData"":{""Data"":[{""@Name"":""RuleName"",""#text"":""-""},{""@Name"":""UtcTime"",""#text"":""2026-03-30 22:45:40.636""},{""@Name"":""ProcessGuid"",""#text"":""c9182e32-fd14-69ca-2c00-000000000a00""},{""@Name"":""ProcessId"",""#text"":""1720""},{""@Name"":""Image"",""#text"":""C:\\Windows\\System32\\dxgiadaptercache.exe""},{""@Name"":""FileVersion"",""#text"":""10.0.20348.1 (WinBuild.160101.0800)""},{""@Name"":""Description"",""#text"":""DXGI Adapter Cache""},{""@Name"":""Product"",""#text"":""Microsoft® Windows® Operating System""},{""@Name"":""Company"",""#text"":""Microsoft Corporation""},{""@Name"":""OriginalFileName"",""#text"":""DXGIAdapterCache.exe""},{""@Name"":""CommandLine"",""#text"":""C:\\Windows\\system32\\dxgiadaptercache.exe""},{""@Name"":""CurrentDirectory"",""#text"":""C:\\Windows\\system32\\""},{""@Name"":""User"",""#text"":""NT AUTHORITY\\SYSTEM""},{""@Name"":""LogonGuid"",""#text"":""c9182e32-fd12-69ca-e703-000000000000""},{""@Name"":""LogonId"",""#text"":""0x3E7""},{""@Name"":""TerminalSessionId"",""#text"":""0""},{""@Name"":""IntegrityLevel"",""#text"":""System""},{""@Name"":""Hashes"",""#text"":""MD5=FBCFF8772630726EF5F00F26A3BCB437,SHA256=FDD374DF8A9EBED2376B6E7F21690F31F5A162A0B052EFE2B5DB8CB8FE67C9F3,IMPHASH=2D0256D01E3040C4CBAC0B67964DBD15""},{""@Name"":""ParentProcessGuid"",""#text"":""c9182e32-fd14-69ca-2500-000000000a00""},{""@Name"":""ParentProcessId"",""#text"":""1724""},{""@Name"":""ParentImage"",""#text"":""C:\\Windows\\System32\\svchost.exe""},{""@Name"":""ParentCommandLine"",""#text"":""C:\\Windows\\system32\\svchost.exe -k netsvcs -p -s Schedule""},{""@Name"":""ParentUser"",""#text"":""NT AUTHORITY\\SYSTEM""}]}}"
949,949,2026-03-30 22:45:51.1670096,1,Info,Microsoft-Windows-Sysmon,Microsoft-Windows-Sysmon/Operational,2400,4356,DC01.corp.local,19,S-1-5-18,Process creation,NT AUTHORITY\SYSTEM,,"ProcessID: 2120, ProcessGUID: c9182e32-fd14-69ca-2d00-000000000a00",RuleName: -,"MD5=DC32ABA4669EAFB22FCACD5EC836A107,SHA256=31780FF2AAF7BC71F755BA0E4FEF1D61B060D1D2741EAFB33CBAB44D889595A0,IMPHASH=D8C4E4978657CEA220B495778C972E64",ParentProcess: C:\Windows\System32\services.exe,"ParentProcessID: 736, ParentProcessGUID: c9182e32-fd12-69ca-0b00-000000000a00",ParentCommandLine: C:\Windows\system32\services.exe,C:\Windows\System32\svchost.exe -k NetSvcs -p -s iphlpsvc,False,C:\Users\owunc\Desktop\lab_logs\DC_Sysmon_ws.evtx,Classic,0,"{""EventData"":{""Data"":[{""@Name"":""RuleName"",""#text"":""-""},{""@Name"":""UtcTime"",""#text"":""2026-03-30 22:45:40.651""},{""@Name"":""ProcessGuid"",""#text"":""c9182e32-fd14-69ca-2d00-000000000a00""},{""@Name"":""ProcessId"",""#text"":""2120""},{""@Name"":""Image"",""#text"":""C:\\Windows\\System32\\svchost.exe""},{""@Name"":""FileVersion"",""#text"":""10.0.20348.558 (WinBuild.160101.0800)""},{""@Name"":""Description"",""#text"":""Host Process for Windows Services""},{""@Name"":""Product"",""#text"":""Microsoft® Windows® Operating System""},{""@Name"":""Company"",""#text"":""Microsoft Corporation""},{""@Name"":""OriginalFileName"",""#text"":""svchost.exe""},{""@Name"":""CommandLine"",""#text"":""C:\\Windows\\System32\\svchost.exe -k NetSvcs -p -s iphlpsvc""},{""@Name"":""CurrentDirectory"",""#text"":""C:\\Windows\\system32\\""},{""@Name"":""User"",""#text"":""NT AUTHORITY\\SYSTEM""},{""@Name"":""LogonGuid"",""#text"":""c9182e32-fd12-69ca-e703-000000000000""},{""@Name"":""LogonId"",""#text"":""0x3E7""},{""@Name"":""TerminalSessionId"",""#text"":""0""},{""@Name"":""IntegrityLevel"",""#text"":""System""},{""@Name"":""Hashes"",""#text"":""MD5=DC32ABA4669EAFB22FCACD5EC836A107,SHA256=31780FF2AAF7BC71F755BA0E4FEF1D61B060D1D2741EAFB33CBAB44D889595A0,IMPHASH=D8C4E4978657CEA220B495778C972E64""},{""@Name"":""ParentProcessGuid"",""#text"":""c9182e32-fd12-69ca-0b00-000000000a00""},{""@Name"":""ParentProcessId"",""#text"":""736""},{""@Name"":""ParentImage"",""#text"":""C:\\Windows\\System32\\services.exe""},{""@Name"":""ParentCommandLine"",""#text"":""C:\\Windows\\system32\\services.exe""},{""@Name"":""ParentUser"",""#text"":""NT AUTHORITY\\SYSTEM""}]}}"
950,950,2026-03-30 22:45:51.1676674,1,Info,Microsoft-Windows-Sysmon,Microsoft-Windows-Sysmon/Operational,2400,4356,DC01.corp.local,19,S-1-5-18,Process creation,NT AUTHORITY\SYSTEM,,"ProcessID: 2152, ProcessGUID: c9182e32-fd14-69ca-2e00-000000000a00",RuleName: -,"MD5=DC32ABA4669EAFB22FCACD5EC836A107,SHA256=31780FF2AAF7BC71F755BA0E4FEF1D61B060D1D2741EAFB33CBAB44D889595A0,IMPHASH=D8C4E4978657CEA220B495778C972E64",ParentProcess: C:\Windows\System32\services.exe,"ParentProcessID: 736, ParentProcessGUID: c9182e32-fd12-69ca-0b00-000000000a00",ParentCommandLine: C:\Windows\system32\services.exe,C:\Windows\system32\svchost.exe -k netsvcs -p -s UserManager,False,C:\Users\owunc\Desktop\lab_logs\DC_Sysmon_ws.evtx,Classic,0,"{""EventData"":{""Data"":[{""@Name"":""RuleName"",""#text"":""-""},{""@Name"":""UtcTime"",""#text"":""2026-03-30 22:45:40.659""},{""@Name"":""ProcessGuid"",""#text"":""c9182e32-fd14-69ca-2e00-000000000a00""},{""@Name"":""ProcessId"",""#text"":""2152""},{""@Name"":""Image"",""#text"":""C:\\Windows\\System32\\svchost.exe""},{""@Name"":""FileVersion"",""#text"":""10.0.20348.558 (WinBuild.160101.0800)""},{""@Name"":""Description"",""#text"":""Host Process for Windows Services""},{""@Name"":""Product"",""#text"":""Microsoft® Windows® Operating System""},{""@Name"":""Company"",""#text"":""Microsoft Corporation""},{""@Name"":""OriginalFileName"",""#text"":""svchost.exe""},{""@Name"":""CommandLine"",""#text"":""C:\\Windows\\system32\\svchost.exe -k netsvcs -p -s UserManager""},{""@Name"":""CurrentDirectory"",""#text"":""C:\\Windows\\system32\\""},{""@Name"":""User"",""#text"":""NT AUTHORITY\\SYSTEM""},{""@Name"":""LogonGuid"",""#text"":""c9182e32-fd12-69ca-e703-000000000000""},{""@Name"":""LogonId"",""#text"":""0x3E7""},{""@Name"":""TerminalSessionId"",""#text"":""0""},{""@Name"":""IntegrityLevel"",""#text"":""System""},{""@Name"":""Hashes"",""#text"":""MD5=DC32ABA4669EAFB22FCACD5EC836A107,SHA256=31780FF2AAF7BC71F755BA0E4FEF1D61B060D1D2741EAFB33CBAB44D889595A0,IMPHASH=D8C4E4978657CEA220B495778C972E64""},{""@Name"":""ParentProcessGuid"",""#text"":""c9182e32-fd12-69ca-0b00-000000000a00""},{""@Name"":""ParentProcessId"",""#text"":""736""},{""@Name"":""ParentImage"",""#text"":""C:\\Windows\\System32\\services.exe""},{""@Name"":""ParentCommandLine"",""#text"":""C:\\Windows\\system32\\services.exe""},{""@Name"":""ParentUser"",""#text"":""NT AUTHORITY\\SYSTEM""}]}}"
