645,645,2026-03-30 22:00:50.7782209,1,Info,Microsoft-Windows-Sysmon,Microsoft-Windows-Sysmon/Operational,2448,4460,DC01.corp.local,12,S-1-5-18,Process creation,NT AUTHORITY\SYSTEM,,"ProcessID: 6764, ProcessGUID: c9182e32-f292-69ca-d101-000000000900",RuleName: -,"MD5=5487316514F4ADA7E6E0BD9EAA2256E7,SHA256=F447AE2E838D4DE71CA4BABA321FEA67DABB38AA4321EFAC81F3FF03CF55FE0A,IMPHASH=1C4E2D9936E4D9F2490B08AAB4D24260",ParentProcess: C:\Windows\System32\svchost.exe,"ParentProcessID: 1696, ParentProcessGUID: c9182e32-c31d-69ca-2100-000000000900",ParentCommandLine: C:\Windows\system32\svchost.exe -k netsvcs -p -s Schedule,taskhostw.exe NGCKeyPregen,False,C:\Users\owunc\Desktop\lab_logs\DC_Sysmon_ws.evtx,Classic,0,"{""EventData"":{""Data"":[{""@Name"":""RuleName"",""#text"":""-""},{""@Name"":""UtcTime"",""#text"":""2026-03-30 22:00:50.774""},{""@Name"":""ProcessGuid"",""#text"":""c9182e32-f292-69ca-d101-000000000900""},{""@Name"":""ProcessId"",""#text"":""6764""},{""@Name"":""Image"",""#text"":""C:\\Windows\\System32\\taskhostw.exe""},{""@Name"":""FileVersion"",""#text"":""10.0.20348.1 (WinBuild.160101.0800)""},{""@Name"":""Description"",""#text"":""Host Process for Windows Tasks""},{""@Name"":""Product"",""#text"":""Microsoft® Windows® Operating System""},{""@Name"":""Company"",""#text"":""Microsoft Corporation""},{""@Name"":""OriginalFileName"",""#text"":""taskhostw.exe""},{""@Name"":""CommandLine"",""#text"":""taskhostw.exe NGCKeyPregen""},{""@Name"":""CurrentDirectory"",""#text"":""C:\\Windows\\system32\\""},{""@Name"":""User"",""#text"":""NT AUTHORITY\\SYSTEM""},{""@Name"":""LogonGuid"",""#text"":""c9182e32-c31a-69ca-e703-000000000000""},{""@Name"":""LogonId"",""#text"":""0x3E7""},{""@Name"":""TerminalSessionId"",""#text"":""0""},{""@Name"":""IntegrityLevel"",""#text"":""System""},{""@Name"":""Hashes"",""#text"":""MD5=5487316514F4ADA7E6E0BD9EAA2256E7,SHA256=F447AE2E838D4DE71CA4BABA321FEA67DABB38AA4321EFAC81F3FF03CF55FE0A,IMPHASH=1C4E2D9936E4D9F2490B08AAB4D24260""},{""@Name"":""ParentProcessGuid"",""#text"":""c9182e32-c31d-69ca-2100-000000000900""},{""@Name"":""ParentProcessId"",""#text"":""1696""},{""@Name"":""ParentImage"",""#text"":""C:\\Windows\\System32\\svchost.exe""},{""@Name"":""ParentCommandLine"",""#text"":""C:\\Windows\\system32\\svchost.exe -k netsvcs -p -s Schedule""},{""@Name"":""ParentUser"",""#text"":""NT AUTHORITY\\SYSTEM""}]}}"
646,646,2026-03-30 22:01:25.1240440,1,Info,Microsoft-Windows-Sysmon,Microsoft-Windows-Sysmon/Operational,2448,4460,DC01.corp.local,12,S-1-5-18,Process creation,NT AUTHORITY\SYSTEM,,"ProcessID: 3244, ProcessGUID: c9182e32-f2b5-69ca-d201-000000000900",RuleName: -,"MD5=6CD47CA4515B2F81B5CA1E6CA9A323CC,SHA256=CABE8FF476F814DF398735AD3AD993884AD100C9AA4C153B4BACB7EF9FB555F9,IMPHASH=0EF1A1FBF5FA5B3737A8D19C60F416A9",ParentProcess: C:\Windows\System32\winlogon.exe,"ParentProcessID: 668, ParentProcessGUID: c9182e32-c31a-69ca-0a00-000000000900",ParentCommandLine: winlogon.exe,"""LogonUI.exe"" /flags:0x0 /state0:0xa386a055 /state1:0x41c64e6d",False,C:\Users\owunc\Desktop\lab_logs\DC_Sysmon_ws.evtx,Classic,0,"{""EventData"":{""Data"":[{""@Name"":""RuleName"",""#text"":""-""},{""@Name"":""UtcTime"",""#text"":""2026-03-30 22:01:25.120""},{""@Name"":""ProcessGuid"",""#text"":""c9182e32-f2b5-69ca-d201-000000000900""},{""@Name"":""ProcessId"",""#text"":""3244""},{""@Name"":""Image"",""#text"":""C:\\Windows\\System32\\LogonUI.exe""},{""@Name"":""FileVersion"",""#text"":""10.0.20348.1 (WinBuild.160101.0800)""},{""@Name"":""Description"",""#text"":""Windows Logon User Interface Host""},{""@Name"":""Product"",""#text"":""Microsoft® Windows® Operating System""},{""@Name"":""Company"",""#text"":""Microsoft Corporation""},{""@Name"":""OriginalFileName"",""#text"":""logonui.exe""},{""@Name"":""CommandLine"",""#text"":""\""LogonUI.exe\"" /flags:0x0 /state0:0xa386a055 /state1:0x41c64e6d""},{""@Name"":""CurrentDirectory"",""#text"":""C:\\Windows\\system32\\""},{""@Name"":""User"",""#text"":""NT AUTHORITY\\SYSTEM""},{""@Name"":""LogonGuid"",""#text"":""c9182e32-c31a-69ca-e703-000000000000""},{""@Name"":""LogonId"",""#text"":""0x3E7""},{""@Name"":""TerminalSessionId"",""#text"":""1""},{""@Name"":""IntegrityLevel"",""#text"":""System""},{""@Name"":""Hashes"",""#text"":""MD5=6CD47CA4515B2F81B5CA1E6CA9A323CC,SHA256=CABE8FF476F814DF398735AD3AD993884AD100C9AA4C153B4BACB7EF9FB555F9,IMPHASH=0EF1A1FBF5FA5B3737A8D19C60F416A9""},{""@Name"":""ParentProcessGuid"",""#text"":""c9182e32-c31a-69ca-0a00-000000000900""},{""@Name"":""ParentProcessId"",""#text"":""668""},{""@Name"":""ParentImage"",""#text"":""C:\\Windows\\System32\\winlogon.exe""},{""@Name"":""ParentCommandLine"",""#text"":""winlogon.exe""},{""@Name"":""ParentUser"",""#text"":""NT AUTHORITY\\SYSTEM""}]}}"
647,647,2026-03-30 22:01:25.1636213,1,Info,Microsoft-Windows-Sysmon,Microsoft-Windows-Sysmon/Operational,2448,4460,DC01.corp.local,12,S-1-5-18,Process creation,CORP\Administrator,,"ProcessID: 2324, ProcessGUID: c9182e32-f2b5-69ca-d401-000000000900",RuleName: -,"MD5=5487316514F4ADA7E6E0BD9EAA2256E7,SHA256=F447AE2E838D4DE71CA4BABA321FEA67DABB38AA4321EFAC81F3FF03CF55FE0A,IMPHASH=1C4E2D9936E4D9F2490B08AAB4D24260",ParentProcess: C:\Windows\System32\svchost.exe,"ParentProcessID: 1696, ParentProcessGUID: c9182e32-c31d-69ca-2100-000000000900",ParentCommandLine: C:\Windows\system32\svchost.exe -k netsvcs -p -s Schedule,taskhostw.exe KEYROAMING,False,C:\Users\owunc\Desktop\lab_logs\DC_Sysmon_ws.evtx,Classic,0,"{""EventData"":{""Data"":[{""@Name"":""RuleName"",""#text"":""-""},{""@Name"":""UtcTime"",""#text"":""2026-03-30 22:01:25.162""},{""@Name"":""ProcessGuid"",""#text"":""c9182e32-f2b5-69ca-d401-000000000900""},{""@Name"":""ProcessId"",""#text"":""2324""},{""@Name"":""Image"",""#text"":""C:\\Windows\\System32\\taskhostw.exe""},{""@Name"":""FileVersion"",""#text"":""10.0.20348.1 (WinBuild.160101.0800)""},{""@Name"":""Description"",""#text"":""Host Process for Windows Tasks""},{""@Name"":""Product"",""#text"":""Microsoft® Windows® Operating System""},{""@Name"":""Company"",""#text"":""Microsoft Corporation""},{""@Name"":""OriginalFileName"",""#text"":""taskhostw.exe""},{""@Name"":""CommandLine"",""#text"":""taskhostw.exe KEYROAMING""},{""@Name"":""CurrentDirectory"",""#text"":""C:\\Windows\\system32\\""},{""@Name"":""User"",""#text"":""CORP\\Administrator""},{""@Name"":""LogonGuid"",""#text"":""c9182e32-e839-69ca-bb8f-310000000000""},{""@Name"":""LogonId"",""#text"":""0x318FBB""},{""@Name"":""TerminalSessionId"",""#text"":""1""},{""@Name"":""IntegrityLevel"",""#text"":""High""},{""@Name"":""Hashes"",""#text"":""MD5=5487316514F4ADA7E6E0BD9EAA2256E7,SHA256=F447AE2E838D4DE71CA4BABA321FEA67DABB38AA4321EFAC81F3FF03CF55FE0A,IMPHASH=1C4E2D9936E4D9F2490B08AAB4D24260""},{""@Name"":""ParentProcessGuid"",""#text"":""c9182e32-c31d-69ca-2100-000000000900""},{""@Name"":""ParentProcessId"",""#text"":""1696""},{""@Name"":""ParentImage"",""#text"":""C:\\Windows\\System32\\svchost.exe""},{""@Name"":""ParentCommandLine"",""#text"":""C:\\Windows\\system32\\svchost.exe -k netsvcs -p -s Schedule""},{""@Name"":""ParentUser"",""#text"":""NT AUTHORITY\\SYSTEM""}]}}"
648,648,2026-03-30 22:05:46.0280163,1,Info,Microsoft-Windows-Sysmon,Microsoft-Windows-Sysmon/Operational,2448,4460,DC01.corp.local,12,S-1-5-18,Process creation,NT AUTHORITY\SYSTEM,,"ProcessID: 5276, ProcessGUID: c9182e32-f3ba-69ca-d501-000000000900",RuleName: -,"MD5=E89CE4D977963E8734B4E68644F7FC63,SHA256=CE38B4D6208D3D975FFB21E67775F52AD70733FDDB1306EF6D070DDD13B5D193,IMPHASH=777EA90B75B4F80FB2E01F17AFF412ED",ParentProcess: C:\Program Files\VMware\VMware Tools\vmtoolsd.exe,"ParentProcessID: 2380, ParentProcessGUID: c9182e32-c326-69ca-4400-000000000900","ParentCommandLine: ""C:\Program Files\VMware\VMware Tools\vmtoolsd.exe""","""C:\Program Files\VMware\VMware Tools\VMwareResolutionSet.exe"" 0 1 , 0 0 1680 920 0",False,C:\Users\owunc\Desktop\lab_logs\DC_Sysmon_ws.evtx,Classic,0,"{""EventData"":{""Data"":[{""@Name"":""RuleName"",""#text"":""-""},{""@Name"":""UtcTime"",""#text"":""2026-03-30 22:05:46.026""},{""@Name"":""ProcessGuid"",""#text"":""c9182e32-f3ba-69ca-d501-000000000900""},{""@Name"":""ProcessId"",""#text"":""5276""},{""@Name"":""Image"",""#text"":""C:\\Program Files\\VMware\\VMware Tools\\VMwareResolutionSet.exe""},{""@Name"":""FileVersion"",""#text"":""13.0.1.0""},{""@Name"":""Description"",""#text"":""VMware Resolution Set""},{""@Name"":""Product"",""#text"":""VMware Tools""},{""@Name"":""Company"",""#text"":""Broadcom Inc.""},{""@Name"":""OriginalFileName"",""#text"":""ResolutionSet.exe""},{""@Name"":""CommandLine"",""#text"":""\""C:\\Program Files\\VMware\\VMware Tools\\VMwareResolutionSet.exe\"" 0 1 , 0 0 1680 920 0""},{""@Name"":""CurrentDirectory"",""#text"":""C:\\Windows\\system32\\""},{""@Name"":""User"",""#text"":""NT AUTHORITY\\SYSTEM""},{""@Name"":""LogonGuid"",""#text"":""c9182e32-c31a-69ca-e703-000000000000""},{""@Name"":""LogonId"",""#text"":""0x3E7""},{""@Name"":""TerminalSessionId"",""#text"":""1""},{""@Name"":""IntegrityLevel"",""#text"":""System""},{""@Name"":""Hashes"",""#text"":""MD5=E89CE4D977963E8734B4E68644F7FC63,SHA256=CE38B4D6208D3D975FFB21E67775F52AD70733FDDB1306EF6D070DDD13B5D193,IMPHASH=777EA90B75B4F80FB2E01F17AFF412ED""},{""@Name"":""ParentProcessGuid"",""#text"":""c9182e32-c326-69ca-4400-000000000900""},{""@Name"":""ParentProcessId"",""#text"":""2380""},{""@Name"":""ParentImage"",""#text"":""C:\\Program Files\\VMware\\VMware Tools\\vmtoolsd.exe""},{""@Name"":""ParentCommandLine"",""#text"":""\""C:\\Program Files\\VMware\\VMware Tools\\vmtoolsd.exe\""""},{""@Name"":""ParentUser"",""#text"":""NT AUTHORITY\\SYSTEM""}]}}"
649,649,2026-03-30 22:05:46.9118665,1,Info,Microsoft-Windows-Sysmon,Microsoft-Windows-Sysmon/Operational,2448,4460,DC01.corp.local,12,S-1-5-18,Process creation,NT AUTHORITY\SYSTEM,,"ProcessID: 6212, ProcessGUID: c9182e32-f3ba-69ca-d601-000000000900",RuleName: -,"MD5=DC32ABA4669EAFB22FCACD5EC836A107,SHA256=31780FF2AAF7BC71F755BA0E4FEF1D61B060D1D2741EAFB33CBAB44D889595A0,IMPHASH=D8C4E4978657CEA220B495778C972E64",ParentProcess: C:\Windows\System32\services.exe,"ParentProcessID: 716, ParentProcessGUID: c9182e32-c31a-69ca-0b00-000000000900",ParentCommandLine: C:\Windows\system32\services.exe,C:\Windows\System32\svchost.exe -k CameraMonitor,False,C:\Users\owunc\Desktop\lab_logs\DC_Sysmon_ws.evtx,Classic,0,"{""EventData"":{""Data"":[{""@Name"":""RuleName"",""#text"":""-""},{""@Name"":""UtcTime"",""#text"":""2026-03-30 22:05:46.910""},{""@Name"":""ProcessGuid"",""#text"":""c9182e32-f3ba-69ca-d601-000000000900""},{""@Name"":""ProcessId"",""#text"":""6212""},{""@Name"":""Image"",""#text"":""C:\\Windows\\System32\\svchost.exe""},{""@Name"":""FileVersion"",""#text"":""10.0.20348.558 (WinBuild.160101.0800)""},{""@Name"":""Description"",""#text"":""Host Process for Windows Services""},{""@Name"":""Product"",""#text"":""Microsoft® Windows® Operating System""},{""@Name"":""Company"",""#text"":""Microsoft Corporation""},{""@Name"":""OriginalFileName"",""#text"":""svchost.exe""},{""@Name"":""CommandLine"",""#text"":""C:\\Windows\\System32\\svchost.exe -k CameraMonitor""},{""@Name"":""CurrentDirectory"",""#text"":""C:\\Windows\\system32\\""},{""@Name"":""User"",""#text"":""NT AUTHORITY\\SYSTEM""},{""@Name"":""LogonGuid"",""#text"":""c9182e32-c31a-69ca-e703-000000000000""},{""@Name"":""LogonId"",""#text"":""0x3E7""},{""@Name"":""TerminalSessionId"",""#text"":""0""},{""@Name"":""IntegrityLevel"",""#text"":""System""},{""@Name"":""Hashes"",""#text"":""MD5=DC32ABA4669EAFB22FCACD5EC836A107,SHA256=31780FF2AAF7BC71F755BA0E4FEF1D61B060D1D2741EAFB33CBAB44D889595A0,IMPHASH=D8C4E4978657CEA220B495778C972E64""},{""@Name"":""ParentProcessGuid"",""#text"":""c9182e32-c31a-69ca-0b00-000000000900""},{""@Name"":""ParentProcessId"",""#text"":""716""},{""@Name"":""ParentImage"",""#text"":""C:\\Windows\\System32\\services.exe""},{""@Name"":""ParentCommandLine"",""#text"":""C:\\Windows\\system32\\services.exe""},{""@Name"":""ParentUser"",""#text"":""NT AUTHORITY\\SYSTEM""}]}}"
650,650,2026-03-30 22:05:50.9469091,12,Info,Microsoft-Windows-Sysmon,Microsoft-Windows-Sysmon/Operational,2448,4460,DC01.corp.local,12,S-1-5-18,RegistryEvent (Object create and delete),NT AUTHORITY\SYSTEM,,"ProcessID: 3244, ProcessGUID: c9182e32-f2b5-69ca-d201-000000000900",RuleName: -,Image: C:\Windows\system32\LogonUI.exe,EventType: DeleteValue,TargetObject: HKU\.DEFAULT\Keyboard Layout\Preload\1,,,False,C:\Users\owunc\Desktop\lab_logs\DC_Sysmon_ws.evtx,Classic,0,"{""EventData"":{""Data"":[{""@Name"":""RuleName"",""#text"":""-""},{""@Name"":""EventType"",""#text"":""DeleteValue""},{""@Name"":""UtcTime"",""#text"":""2026-03-30 22:05:50.946""},{""@Name"":""ProcessGuid"",""#text"":""c9182e32-f2b5-69ca-d201-000000000900""},{""@Name"":""ProcessId"",""#text"":""3244""},{""@Name"":""Image"",""#text"":""C:\\Windows\\system32\\LogonUI.exe""},{""@Name"":""TargetObject"",""#text"":""HKU\\.DEFAULT\\Keyboard Layout\\Preload\\1""},{""@Name"":""User"",""#text"":""NT AUTHORITY\\SYSTEM""}]}}"
651,651,2026-03-30 22:05:50.9469329,13,Info,Microsoft-Windows-Sysmon,Microsoft-Windows-Sysmon/Operational,2448,4460,DC01.corp.local,12,S-1-5-18,RegistryEvent (Value Set),NT AUTHORITY\SYSTEM,,"ProcessID: 3244, ProcessGUID: c9182e32-f2b5-69ca-d201-000000000900",RuleName: -,Image: C:\Windows\system32\LogonUI.exe,EventType: SetValue,TargetObject: HKU\.DEFAULT\Keyboard Layout\Preload\1,Details: 00000409,,False,C:\Users\owunc\Desktop\lab_logs\DC_Sysmon_ws.evtx,Classic,0,"{""EventData"":{""Data"":[{""@Name"":""RuleName"",""#text"":""-""},{""@Name"":""EventType"",""#text"":""SetValue""},{""@Name"":""UtcTime"",""#text"":""2026-03-30 22:05:50.946""},{""@Name"":""ProcessGuid"",""#text"":""c9182e32-f2b5-69ca-d201-000000000900""},{""@Name"":""ProcessId"",""#text"":""3244""},{""@Name"":""Image"",""#text"":""C:\\Windows\\system32\\LogonUI.exe""},{""@Name"":""TargetObject"",""#text"":""HKU\\.DEFAULT\\Keyboard Layout\\Preload\\1""},{""@Name"":""Details"",""#text"":""00000409""},{""@Name"":""User"",""#text"":""NT AUTHORITY\\SYSTEM""}]}}"
652,652,2026-03-30 22:05:54.4984528,13,Info,Microsoft-Windows-Sysmon,Microsoft-Windows-Sysmon/Operational,2448,4460,DC01.corp.local,12,S-1-5-18,RegistryEvent (Value Set),NT AUTHORITY\SYSTEM,,"ProcessID: 3244, ProcessGUID: c9182e32-f2b5-69ca-d201-000000000900",RuleName: -,Image: C:\Windows\system32\LogonUI.exe,EventType: SetValue,TargetObject: HKLM\SOFTWARE\Microsoft\Windows\CurrentVersion\Authentication\LogonUI\LastLoggedOnUser,Details: CORP\Administrator,,False,C:\Users\owunc\Desktop\lab_logs\DC_Sysmon_ws.evtx,Classic,0,"{""EventData"":{""Data"":[{""@Name"":""RuleName"",""#text"":""-""},{""@Name"":""EventType"",""#text"":""SetValue""},{""@Name"":""UtcTime"",""#text"":""2026-03-30 22:05:54.489""},{""@Name"":""ProcessGuid"",""#text"":""c9182e32-f2b5-69ca-d201-000000000900""},{""@Name"":""ProcessId"",""#text"":""3244""},{""@Name"":""Image"",""#text"":""C:\\Windows\\system32\\LogonUI.exe""},{""@Name"":""TargetObject"",""#text"":""HKLM\\SOFTWARE\\Microsoft\\Windows\\CurrentVersion\\Authentication\\LogonUI\\LastLoggedOnUser""},{""@Name"":""Details"",""#text"":""CORP\\Administrator""},{""@Name"":""User"",""#text"":""NT AUTHORITY\\SYSTEM""}]}}"
653,653,2026-03-30 22:05:54.5062159,1,Info,Microsoft-Windows-Sysmon,Microsoft-Windows-Sysmon/Operational,2448,4460,DC01.corp.local,12,S-1-5-18,Process creation,CORP\Administrator,,"ProcessID: 976, ProcessGUID: c9182e32-f3c2-69ca-d901-000000000900",RuleName: -,"MD5=5487316514F4ADA7E6E0BD9EAA2256E7,SHA256=F447AE2E838D4DE71CA4BABA321FEA67DABB38AA4321EFAC81F3FF03CF55FE0A,IMPHASH=1C4E2D9936E4D9F2490B08AAB4D24260",ParentProcess: C:\Windows\System32\svchost.exe,"ParentProcessID: 1696, ParentProcessGUID: c9182e32-c31d-69ca-2100-000000000900",ParentCommandLine: C:\Windows\system32\svchost.exe -k netsvcs -p -s Schedule,taskhostw.exe KEYROAMING,False,C:\Users\owunc\Desktop\lab_logs\DC_Sysmon_ws.evtx,Classic,0,"{""EventData"":{""Data"":[{""@Name"":""RuleName"",""#text"":""-""},{""@Name"":""UtcTime"",""#text"":""2026-03-30 22:05:54.504""},{""@Name"":""ProcessGuid"",""#text"":""c9182e32-f3c2-69ca-d901-000000000900""},{""@Name"":""ProcessId"",""#text"":""976""},{""@Name"":""Image"",""#text"":""C:\\Windows\\System32\\taskhostw.exe""},{""@Name"":""FileVersion"",""#text"":""10.0.20348.1 (WinBuild.160101.0800)""},{""@Name"":""Description"",""#text"":""Host Process for Windows Tasks""},{""@Name"":""Product"",""#text"":""Microsoft® Windows® Operating System""},{""@Name"":""Company"",""#text"":""Microsoft Corporation""},{""@Name"":""OriginalFileName"",""#text"":""taskhostw.exe""},{""@Name"":""CommandLine"",""#text"":""taskhostw.exe KEYROAMING""},{""@Name"":""CurrentDirectory"",""#text"":""C:\\Windows\\system32\\""},{""@Name"":""User"",""#text"":""CORP\\Administrator""},{""@Name"":""LogonGuid"",""#text"":""c9182e32-e839-69ca-bb8f-310000000000""},{""@Name"":""LogonId"",""#text"":""0x318FBB""},{""@Name"":""TerminalSessionId"",""#text"":""1""},{""@Name"":""IntegrityLevel"",""#text"":""High""},{""@Name"":""Hashes"",""#text"":""MD5=5487316514F4ADA7E6E0BD9EAA2256E7,SHA256=F447AE2E838D4DE71CA4BABA321FEA67DABB38AA4321EFAC81F3FF03CF55FE0A,IMPHASH=1C4E2D9936E4D9F2490B08AAB4D24260""},{""@Name"":""ParentProcessGuid"",""#text"":""c9182e32-c31d-69ca-2100-000000000900""},{""@Name"":""ParentProcessId"",""#text"":""1696""},{""@Name"":""ParentImage"",""#text"":""C:\\Windows\\System32\\svchost.exe""},{""@Name"":""ParentCommandLine"",""#text"":""C:\\Windows\\system32\\svchost.exe -k netsvcs -p -s Schedule""},{""@Name"":""ParentUser"",""#text"":""NT AUTHORITY\\SYSTEM""}]}}"
654,654,2026-03-30 22:06:03.3691597,1,Info,Microsoft-Windows-Sysmon,Microsoft-Windows-Sysmon/Operational,2448,4460,DC01.corp.local,12,S-1-5-18,Process creation,CORP\Administrator,,"ProcessID: 4788, ProcessGUID: c9182e32-f3cb-69ca-db01-000000000900",RuleName: -,"MD5=2E0CCB27064856E3D55017FA2D33A7B9,SHA256=1C84C8632C5269F24876ED9F49FA810B49F77E1E92E8918FC164C34B020F9A94,IMPHASH=BF7A6E7A62C3F5B2E8E069438AC1DD3D",ParentProcess: C:\Windows\System32\cmd.exe,"ParentProcessID: 6644, ParentProcessGUID: c9182e32-e83f-69ca-9b01-000000000900","ParentCommandLine: ""C:\Windows\system32\cmd.exe"" ",powershell  -ep bypass,False,C:\Users\owunc\Desktop\lab_logs\DC_Sysmon_ws.evtx,Classic,0,"{""EventData"":{""Data"":[{""@Name"":""RuleName"",""#text"":""-""},{""@Name"":""UtcTime"",""#text"":""2026-03-30 22:06:03.361""},{""@Name"":""ProcessGuid"",""#text"":""c9182e32-f3cb-69ca-db01-000000000900""},{""@Name"":""ProcessId"",""#text"":""4788""},{""@Name"":""Image"",""#text"":""C:\\Windows\\System32\\WindowsPowerShell\\v1.0\\powershell.exe""},{""@Name"":""FileVersion"",""#text"":""10.0.20348.1 (WinBuild.160101.0800)""},{""@Name"":""Description"",""#text"":""Windows PowerShell""},{""@Name"":""Product"",""#text"":""Microsoft® Windows® Operating System""},{""@Name"":""Company"",""#text"":""Microsoft Corporation""},{""@Name"":""OriginalFileName"",""#text"":""PowerShell.EXE""},{""@Name"":""CommandLine"",""#text"":""powershell  -ep bypass""},{""@Name"":""CurrentDirectory"",""#text"":""C:\\Users\\Administrator\\""},{""@Name"":""User"",""#text"":""CORP\\Administrator""},{""@Name"":""LogonGuid"",""#text"":""c9182e32-e839-69ca-bb8f-310000000000""},{""@Name"":""LogonId"",""#text"":""0x318FBB""},{""@Name"":""TerminalSessionId"",""#text"":""1""},{""@Name"":""IntegrityLevel"",""#text"":""High""},{""@Name"":""Hashes"",""#text"":""MD5=2E0CCB27064856E3D55017FA2D33A7B9,SHA256=1C84C8632C5269F24876ED9F49FA810B49F77E1E92E8918FC164C34B020F9A94,IMPHASH=BF7A6E7A62C3F5B2E8E069438AC1DD3D""},{""@Name"":""ParentProcessGuid"",""#text"":""c9182e32-e83f-69ca-9b01-000000000900""},{""@Name"":""ParentProcessId"",""#text"":""6644""},{""@Name"":""ParentImage"",""#text"":""C:\\Windows\\System32\\cmd.exe""},{""@Name"":""ParentCommandLine"",""#text"":""\""C:\\Windows\\system32\\cmd.exe\"" ""},{""@Name"":""ParentUser"",""#text"":""CORP\\Administrator""}]}}"
655,655,2026-03-30 22:06:03.4027785,11,Info,Microsoft-Windows-Sysmon,Microsoft-Windows-Sysmon/Operational,2448,4460,DC01.corp.local,13,S-1-5-18,FileCreate,CORP\Administrator,,"ProcessID: 4788, ProcessGUID: c9182e32-f3cb-69ca-db01-000000000900",RuleName: -,Image: C:\Windows\System32\WindowsPowerShell\v1.0\powershell.exe,TargetFilename: C:\Users\Administrator\AppData\Local\Temp\__PSScriptPolicyTest_vneoas5v.mx0.ps1,,,,False,C:\Users\owunc\Desktop\lab_logs\DC_Sysmon_ws.evtx,Classic,0,"{""EventData"":{""Data"":[{""@Name"":""RuleName"",""#text"":""-""},{""@Name"":""UtcTime"",""#text"":""2026-03-30 22:06:03.392""},{""@Name"":""ProcessGuid"",""#text"":""c9182e32-f3cb-69ca-db01-000000000900""},{""@Name"":""ProcessId"",""#text"":""4788""},{""@Name"":""Image"",""#text"":""C:\\Windows\\System32\\WindowsPowerShell\\v1.0\\powershell.exe""},{""@Name"":""TargetFilename"",""#text"":""C:\\Users\\Administrator\\AppData\\Local\\Temp\\__PSScriptPolicyTest_vneoas5v.mx0.ps1""},{""@Name"":""CreationUtcTime"",""#text"":""2026-03-30 22:06:03.392""},{""@Name"":""User"",""#text"":""CORP\\Administrator""}]}}"
656,656,2026-03-30 22:06:07.4559374,11,Info,Microsoft-Windows-Sysmon,Microsoft-Windows-Sysmon/Operational,2448,4460,DC01.corp.local,13,S-1-5-18,FileCreate,CORP\Administrator,,"ProcessID: 4788, ProcessGUID: c9182e32-f3cb-69ca-db01-000000000900",RuleName: -,Image: C:\Windows\System32\WindowsPowerShell\v1.0\powershell.exe,TargetFilename: C:\Users\Administrator\AppData\Local\Temp\__PSScriptPolicyTest_pxrdyfm2.22t.ps1,,,,False,C:\Users\owunc\Desktop\lab_logs\DC_Sysmon_ws.evtx,Classic,0,"{""EventData"":{""Data"":[{""@Name"":""RuleName"",""#text"":""-""},{""@Name"":""UtcTime"",""#text"":""2026-03-30 22:06:07.455""},{""@Name"":""ProcessGuid"",""#text"":""c9182e32-f3cb-69ca-db01-000000000900""},{""@Name"":""ProcessId"",""#text"":""4788""},{""@Name"":""Image"",""#text"":""C:\\Windows\\System32\\WindowsPowerShell\\v1.0\\powershell.exe""},{""@Name"":""TargetFilename"",""#text"":""C:\\Users\\Administrator\\AppData\\Local\\Temp\\__PSScriptPolicyTest_pxrdyfm2.22t.ps1""},{""@Name"":""CreationUtcTime"",""#text"":""2026-03-30 22:06:07.455""},{""@Name"":""User"",""#text"":""CORP\\Administrator""}]}}"
657,657,2026-03-30 22:06:44.3961729,1,Info,Microsoft-Windows-Sysmon,Microsoft-Windows-Sysmon/Operational,2448,4460,DC01.corp.local,13,S-1-5-18,Process creation,NT AUTHORITY\SYSTEM,,"ProcessID: 1580, ProcessGUID: c9182e32-f3f4-69ca-dd01-000000000900",RuleName: -,"MD5=DC32ABA4669EAFB22FCACD5EC836A107,SHA256=31780FF2AAF7BC71F755BA0E4FEF1D61B060D1D2741EAFB33CBAB44D889595A0,IMPHASH=D8C4E4978657CEA220B495778C972E64",ParentProcess: C:\Windows\System32\services.exe,"ParentProcessID: 716, ParentProcessGUID: c9182e32-c31a-69ca-0b00-000000000900",ParentCommandLine: C:\Windows\system32\services.exe,C:\Windows\System32\svchost.exe -k netsvcs -p -s NetSetupSvc,False,C:\Users\owunc\Desktop\lab_logs\DC_Sysmon_ws.evtx,Classic,0,"{""EventData"":{""Data"":[{""@Name"":""RuleName"",""#text"":""-""},{""@Name"":""UtcTime"",""#text"":""2026-03-30 22:06:44.395""},{""@Name"":""ProcessGuid"",""#text"":""c9182e32-f3f4-69ca-dd01-000000000900""},{""@Name"":""ProcessId"",""#text"":""1580""},{""@Name"":""Image"",""#text"":""C:\\Windows\\System32\\svchost.exe""},{""@Name"":""FileVersion"",""#text"":""10.0.20348.558 (WinBuild.160101.0800)""},{""@Name"":""Description"",""#text"":""Host Process for Windows Services""},{""@Name"":""Product"",""#text"":""Microsoft® Windows® Operating System""},{""@Name"":""Company"",""#text"":""Microsoft Corporation""},{""@Name"":""OriginalFileName"",""#text"":""svchost.exe""},{""@Name"":""CommandLine"",""#text"":""C:\\Windows\\System32\\svchost.exe -k netsvcs -p -s NetSetupSvc""},{""@Name"":""CurrentDirectory"",""#text"":""C:\\Windows\\system32\\""},{""@Name"":""User"",""#text"":""NT AUTHORITY\\SYSTEM""},{""@Name"":""LogonGuid"",""#text"":""c9182e32-c31a-69ca-e703-000000000000""},{""@Name"":""LogonId"",""#text"":""0x3E7""},{""@Name"":""TerminalSessionId"",""#text"":""0""},{""@Name"":""IntegrityLevel"",""#text"":""System""},{""@Name"":""Hashes"",""#text"":""MD5=DC32ABA4669EAFB22FCACD5EC836A107,SHA256=31780FF2AAF7BC71F755BA0E4FEF1D61B060D1D2741EAFB33CBAB44D889595A0,IMPHASH=D8C4E4978657CEA220B495778C972E64""},{""@Name"":""ParentProcessGuid"",""#text"":""c9182e32-c31a-69ca-0b00-000000000900""},{""@Name"":""ParentProcessId"",""#text"":""716""},{""@Name"":""ParentImage"",""#text"":""C:\\Windows\\System32\\services.exe""},{""@Name"":""ParentCommandLine"",""#text"":""C:\\Windows\\system32\\services.exe""},{""@Name"":""ParentUser"",""#text"":""NT AUTHORITY\\SYSTEM""}]}}"
658,658,2026-03-30 22:12:21.1939063,13,Info,Microsoft-Windows-Sysmon,Microsoft-Windows-Sysmon/Operational,2448,4460,DC01.corp.local,13,S-1-5-18,RegistryEvent (Value Set),CORP\Administrator,,"ProcessID: 4912, ProcessGUID: c9182e32-e839-69ca-8a01-000000000900",RuleName: -,Image: C:\Windows\Explorer.EXE,EventType: SetValue,TargetObject: HKU\S-1-5-21-2059623569-3469877166-3092952166-500\Software\Microsoft\Windows\CurrentVersion\Shell Extensions\Cached\{9343812E-1C37-4A49-A12E-4B2D810D956B} {000214E6-0000-0000-C000-000000000046} 0xFFFF,Details: Binary Data,,False,C:\Users\owunc\Desktop\lab_logs\DC_Sysmon_ws.evtx,Classic,0,"{""EventData"":{""Data"":[{""@Name"":""RuleName"",""#text"":""-""},{""@Name"":""EventType"",""#text"":""SetValue""},{""@Name"":""UtcTime"",""#text"":""2026-03-30 22:12:21.190""},{""@Name"":""ProcessGuid"",""#text"":""c9182e32-e839-69ca-8a01-000000000900""},{""@Name"":""ProcessId"",""#text"":""4912""},{""@Name"":""Image"",""#text"":""C:\\Windows\\Explorer.EXE""},{""@Name"":""TargetObject"",""#text"":""HKU\\S-1-5-21-2059623569-3469877166-3092952166-500\\Software\\Microsoft\\Windows\\CurrentVersion\\Shell Extensions\\Cached\\{9343812E-1C37-4A49-A12E-4B2D810D956B} {000214E6-0000-0000-C000-000000000046} 0xFFFF""},{""@Name"":""Details"",""#text"":""Binary Data""},{""@Name"":""User"",""#text"":""CORP\\Administrator""}]}}"
659,659,2026-03-30 22:12:23.5184522,1,Info,Microsoft-Windows-Sysmon,Microsoft-Windows-Sysmon/Operational,2448,4460,DC01.corp.local,13,S-1-5-18,Process creation,CORP\Administrator,,"ProcessID: 1524, ProcessGUID: c9182e32-f547-69ca-e001-000000000900",RuleName: -,"MD5=F5B2D37BED0D2B15957736C23B9F547F,SHA256=0BB68E54629555FB9F70FB8D7B95FE1A5F987EEEEF57DE0A2671EEB14063CED1,IMPHASH=5C68DE198B5D2DD5C1129782AD19676C",ParentProcess: C:\Windows\System32\svchost.exe,"ParentProcessID: 948, ParentProcessGUID: c9182e32-c31b-69ca-0d00-000000000900",ParentCommandLine: C:\Windows\system32\svchost.exe -k DcomLaunch -p,"C:\Windows\System32\rundll32.exe C:\Windows\System32\shell32.dll,SHCreateLocalServerRunDll {9aa46009-3ce0-458a-a354-715610a075e6} -Embedding",False,C:\Users\owunc\Desktop\lab_logs\DC_Sysmon_ws.evtx,Classic,0,"{""EventData"":{""Data"":[{""@Name"":""RuleName"",""#text"":""-""},{""@Name"":""UtcTime"",""#text"":""2026-03-30 22:12:23.512""},{""@Name"":""ProcessGuid"",""#text"":""c9182e32-f547-69ca-e001-000000000900""},{""@Name"":""ProcessId"",""#text"":""1524""},{""@Name"":""Image"",""#text"":""C:\\Windows\\System32\\rundll32.exe""},{""@Name"":""FileVersion"",""#text"":""10.0.20348.1 (WinBuild.160101.0800)""},{""@Name"":""Description"",""#text"":""Windows host process (Rundll32)""},{""@Name"":""Product"",""#text"":""Microsoft® Windows® Operating System""},{""@Name"":""Company"",""#text"":""Microsoft Corporation""},{""@Name"":""OriginalFileName"",""#text"":""RUNDLL32.EXE""},{""@Name"":""CommandLine"",""#text"":""C:\\Windows\\System32\\rundll32.exe C:\\Windows\\System32\\shell32.dll,SHCreateLocalServerRunDll {9aa46009-3ce0-458a-a354-715610a075e6} -Embedding""},{""@Name"":""CurrentDirectory"",""#text"":""C:\\Windows\\system32\\""},{""@Name"":""User"",""#text"":""CORP\\Administrator""},{""@Name"":""LogonGuid"",""#text"":""c9182e32-e839-69ca-bb8f-310000000000""},{""@Name"":""LogonId"",""#text"":""0x318FBB""},{""@Name"":""TerminalSessionId"",""#text"":""1""},{""@Name"":""IntegrityLevel"",""#text"":""High""},{""@Name"":""Hashes"",""#text"":""MD5=F5B2D37BED0D2B15957736C23B9F547F,SHA256=0BB68E54629555FB9F70FB8D7B95FE1A5F987EEEEF57DE0A2671EEB14063CED1,IMPHASH=5C68DE198B5D2DD5C1129782AD19676C""},{""@Name"":""ParentProcessGuid"",""#text"":""c9182e32-c31b-69ca-0d00-000000000900""},{""@Name"":""ParentProcessId"",""#text"":""948""},{""@Name"":""ParentImage"",""#text"":""C:\\Windows\\System32\\svchost.exe""},{""@Name"":""ParentCommandLine"",""#text"":""C:\\Windows\\system32\\svchost.exe -k DcomLaunch -p""},{""@Name"":""ParentUser"",""#text"":""NT AUTHORITY\\SYSTEM""}]}}"
660,660,2026-03-30 22:12:33.5395593,13,Info,Microsoft-Windows-Sysmon,Microsoft-Windows-Sysmon/Operational,2448,4460,DC01.corp.local,13,S-1-5-18,RegistryEvent (Value Set),CORP\Administrator,,"ProcessID: 4912, ProcessGUID: c9182e32-e839-69ca-8a01-000000000900",RuleName: -,Image: C:\Windows\Explorer.EXE,EventType: SetValue,TargetObject: HKU\S-1-5-21-2059623569-3469877166-3092952166-500\Software\Microsoft\Windows\CurrentVersion\Shell Extensions\Cached\{E2BF9676-5F8F-435C-97EB-11607A5BEDF7} {A08CE4D0-FA25-44AB-B57C-C7B1C323E0B9} 0xFFFF,Details: Binary Data,,False,C:\Users\owunc\Desktop\lab_logs\DC_Sysmon_ws.evtx,Classic,0,"{""EventData"":{""Data"":[{""@Name"":""RuleName"",""#text"":""-""},{""@Name"":""EventType"",""#text"":""SetValue""},{""@Name"":""UtcTime"",""#text"":""2026-03-30 22:12:33.533""},{""@Name"":""ProcessGuid"",""#text"":""c9182e32-e839-69ca-8a01-000000000900""},{""@Name"":""ProcessId"",""#text"":""4912""},{""@Name"":""Image"",""#text"":""C:\\Windows\\Explorer.EXE""},{""@Name"":""TargetObject"",""#text"":""HKU\\S-1-5-21-2059623569-3469877166-3092952166-500\\Software\\Microsoft\\Windows\\CurrentVersion\\Shell Extensions\\Cached\\{E2BF9676-5F8F-435C-97EB-11607A5BEDF7} {A08CE4D0-FA25-44AB-B57C-C7B1C323E0B9} 0xFFFF""},{""@Name"":""Details"",""#text"":""Binary Data""},{""@Name"":""User"",""#text"":""CORP\\Administrator""}]}}"
661,661,2026-03-30 22:12:33.5705589,13,Info,Microsoft-Windows-Sysmon,Microsoft-Windows-Sysmon/Operational,2448,4460,DC01.corp.local,13,S-1-5-18,RegistryEvent (Value Set),CORP\Administrator,,"ProcessID: 4912, ProcessGUID: c9182e32-e839-69ca-8a01-000000000900",RuleName: -,Image: C:\Windows\Explorer.EXE,EventType: SetValue,TargetObject: HKU\S-1-5-21-2059623569-3469877166-3092952166-500\Software\Microsoft\Windows\CurrentVersion\Shell Extensions\Cached\{888DCA60-FC0A-11CF-8F0F-00C04FD7D062} {00000122-0000-0000-C000-000000000046} 0xFFFF,Details: Binary Data,,False,C:\Users\owunc\Desktop\lab_logs\DC_Sysmon_ws.evtx,Classic,0,"{""EventData"":{""Data"":[{""@Name"":""RuleName"",""#text"":""-""},{""@Name"":""EventType"",""#text"":""SetValue""},{""@Name"":""UtcTime"",""#text"":""2026-03-30 22:12:33.565""},{""@Name"":""ProcessGuid"",""#text"":""c9182e32-e839-69ca-8a01-000000000900""},{""@Name"":""ProcessId"",""#text"":""4912""},{""@Name"":""Image"",""#text"":""C:\\Windows\\Explorer.EXE""},{""@Name"":""TargetObject"",""#text"":""HKU\\S-1-5-21-2059623569-3469877166-3092952166-500\\Software\\Microsoft\\Windows\\CurrentVersion\\Shell Extensions\\Cached\\{888DCA60-FC0A-11CF-8F0F-00C04FD7D062} {00000122-0000-0000-C000-000000000046} 0xFFFF""},{""@Name"":""Details"",""#text"":""Binary Data""},{""@Name"":""User"",""#text"":""CORP\\Administrator""}]}}"
662,662,2026-03-30 22:12:33.5745532,13,Info,Microsoft-Windows-Sysmon,Microsoft-Windows-Sysmon/Operational,2448,4460,DC01.corp.local,13,S-1-5-18,RegistryEvent (Value Set),CORP\Administrator,,"ProcessID: 4912, ProcessGUID: c9182e32-e839-69ca-8a01-000000000900",RuleName: -,Image: C:\Windows\Explorer.EXE,EventType: SetValue,TargetObject: HKU\S-1-5-21-2059623569-3469877166-3092952166-500\Software\Microsoft\Windows\CurrentVersion\Shell Extensions\Cached\{9E56BE61-C50F-11CF-9A2C-00A0C90A90CE} {00000122-0000-0000-C000-000000000046} 0xFFFF,Details: Binary Data,,False,C:\Users\owunc\Desktop\lab_logs\DC_Sysmon_ws.evtx,Classic,0,"{""EventData"":{""Data"":[{""@Name"":""RuleName"",""#text"":""-""},{""@Name"":""EventType"",""#text"":""SetValue""},{""@Name"":""UtcTime"",""#text"":""2026-03-30 22:12:33.565""},{""@Name"":""ProcessGuid"",""#text"":""c9182e32-e839-69ca-8a01-000000000900""},{""@Name"":""ProcessId"",""#text"":""4912""},{""@Name"":""Image"",""#text"":""C:\\Windows\\Explorer.EXE""},{""@Name"":""TargetObject"",""#text"":""HKU\\S-1-5-21-2059623569-3469877166-3092952166-500\\Software\\Microsoft\\Windows\\CurrentVersion\\Shell Extensions\\Cached\\{9E56BE61-C50F-11CF-9A2C-00A0C90A90CE} {00000122-0000-0000-C000-000000000046} 0xFFFF""},{""@Name"":""Details"",""#text"":""Binary Data""},{""@Name"":""User"",""#text"":""CORP\\Administrator""}]}}"
663,663,2026-03-30 22:12:33.5835235,13,Info,Microsoft-Windows-Sysmon,Microsoft-Windows-Sysmon/Operational,2448,4460,DC01.corp.local,13,S-1-5-18,RegistryEvent (Value Set),CORP\Administrator,,"ProcessID: 4912, ProcessGUID: c9182e32-e839-69ca-8a01-000000000900",RuleName: -,Image: C:\Windows\Explorer.EXE,EventType: SetValue,TargetObject: HKU\S-1-5-21-2059623569-3469877166-3092952166-500\Software\Microsoft\Windows\CurrentVersion\Shell Extensions\Cached\{ECF03A32-103D-11D2-854D-006008059367} {00000122-0000-0000-C000-000000000046} 0xFFFF,Details: Binary Data,,False,C:\Users\owunc\Desktop\lab_logs\DC_Sysmon_ws.evtx,Classic,0,"{""EventData"":{""Data"":[{""@Name"":""RuleName"",""#text"":""-""},{""@Name"":""EventType"",""#text"":""SetValue""},{""@Name"":""UtcTime"",""#text"":""2026-03-30 22:12:33.581""},{""@Name"":""ProcessGuid"",""#text"":""c9182e32-e839-69ca-8a01-000000000900""},{""@Name"":""ProcessId"",""#text"":""4912""},{""@Name"":""Image"",""#text"":""C:\\Windows\\Explorer.EXE""},{""@Name"":""TargetObject"",""#text"":""HKU\\S-1-5-21-2059623569-3469877166-3092952166-500\\Software\\Microsoft\\Windows\\CurrentVersion\\Shell Extensions\\Cached\\{ECF03A32-103D-11D2-854D-006008059367} {00000122-0000-0000-C000-000000000046} 0xFFFF""},{""@Name"":""Details"",""#text"":""Binary Data""},{""@Name"":""User"",""#text"":""CORP\\Administrator""}]}}"
664,664,2026-03-30 22:12:33.5999477,13,Info,Microsoft-Windows-Sysmon,Microsoft-Windows-Sysmon/Operational,2448,4460,DC01.corp.local,13,S-1-5-18,RegistryEvent (Value Set),CORP\Administrator,,"ProcessID: 4912, ProcessGUID: c9182e32-e839-69ca-8a01-000000000900",RuleName: -,Image: C:\Windows\Explorer.EXE,EventType: SetValue,TargetObject: HKU\S-1-5-21-2059623569-3469877166-3092952166-500\Software\Microsoft\Windows\CurrentVersion\Shell Extensions\Cached\{9E56BE60-C50F-11CF-9A2C-00A0C90A90CE} {00000122-0000-0000-C000-000000000046} 0xFFFF,Details: Binary Data,,False,C:\Users\owunc\Desktop\lab_logs\DC_Sysmon_ws.evtx,Classic,0,"{""EventData"":{""Data"":[{""@Name"":""RuleName"",""#text"":""-""},{""@Name"":""EventType"",""#text"":""SetValue""},{""@Name"":""UtcTime"",""#text"":""2026-03-30 22:12:33.596""},{""@Name"":""ProcessGuid"",""#text"":""c9182e32-e839-69ca-8a01-000000000900""},{""@Name"":""ProcessId"",""#text"":""4912""},{""@Name"":""Image"",""#text"":""C:\\Windows\\Explorer.EXE""},{""@Name"":""TargetObject"",""#text"":""HKU\\S-1-5-21-2059623569-3469877166-3092952166-500\\Software\\Microsoft\\Windows\\CurrentVersion\\Shell Extensions\\Cached\\{9E56BE60-C50F-11CF-9A2C-00A0C90A90CE} {00000122-0000-0000-C000-000000000046} 0xFFFF""},{""@Name"":""Details"",""#text"":""Binary Data""},{""@Name"":""User"",""#text"":""CORP\\Administrator""}]}}"
665,665,2026-03-30 22:12:34.3799183,1,Info,Microsoft-Windows-Sysmon,Microsoft-Windows-Sysmon/Operational,2448,4460,DC01.corp.local,13,S-1-5-18,Process creation,CORP\Administrator,,"ProcessID: 2588, ProcessGUID: c9182e32-f552-69ca-e101-000000000900",RuleName: -,"MD5=E91BFBB1471048486DAEC863188C0C65,SHA256=56E793491C11180876932D27B40EDFF046978656035172B672ED32B057FAE88D,IMPHASH=259634154CC16A4DA7F582DDD5999089",ParentProcess: C:\Windows\System32\svchost.exe,"ParentProcessID: 948, ParentProcessGUID: c9182e32-c31b-69ca-0d00-000000000900",ParentCommandLine: C:\Windows\system32\svchost.exe -k DcomLaunch -p,C:\Windows\System32\smartscreen.exe -Embedding,False,C:\Users\owunc\Desktop\lab_logs\DC_Sysmon_ws.evtx,Classic,0,"{""EventData"":{""Data"":[{""@Name"":""RuleName"",""#text"":""-""},{""@Name"":""UtcTime"",""#text"":""2026-03-30 22:12:34.378""},{""@Name"":""ProcessGuid"",""#text"":""c9182e32-f552-69ca-e101-000000000900""},{""@Name"":""ProcessId"",""#text"":""2588""},{""@Name"":""Image"",""#text"":""C:\\Windows\\System32\\smartscreen.exe""},{""@Name"":""FileVersion"",""#text"":""10.0.20348.1 (WinBuild.160101.0800)""},{""@Name"":""Description"",""#text"":""Windows Defender SmartScreen""},{""@Name"":""Product"",""#text"":""Microsoft® Windows® Operating System""},{""@Name"":""Company"",""#text"":""Microsoft Corporation""},{""@Name"":""OriginalFileName"",""#text"":""smartscreen.exe""},{""@Name"":""CommandLine"",""#text"":""C:\\Windows\\System32\\smartscreen.exe -Embedding""},{""@Name"":""CurrentDirectory"",""#text"":""C:\\Windows\\system32\\""},{""@Name"":""User"",""#text"":""CORP\\Administrator""},{""@Name"":""LogonGuid"",""#text"":""c9182e32-e839-69ca-bb8f-310000000000""},{""@Name"":""LogonId"",""#text"":""0x318FBB""},{""@Name"":""TerminalSessionId"",""#text"":""1""},{""@Name"":""IntegrityLevel"",""#text"":""High""},{""@Name"":""Hashes"",""#text"":""MD5=E91BFBB1471048486DAEC863188C0C65,SHA256=56E793491C11180876932D27B40EDFF046978656035172B672ED32B057FAE88D,IMPHASH=259634154CC16A4DA7F582DDD5999089""},{""@Name"":""ParentProcessGuid"",""#text"":""c9182e32-c31b-69ca-0d00-000000000900""},{""@Name"":""ParentProcessId"",""#text"":""948""},{""@Name"":""ParentImage"",""#text"":""C:\\Windows\\System32\\svchost.exe""},{""@Name"":""ParentCommandLine"",""#text"":""C:\\Windows\\system32\\svchost.exe -k DcomLaunch -p""},{""@Name"":""ParentUser"",""#text"":""NT AUTHORITY\\SYSTEM""}]}}"
666,666,2026-03-30 22:12:34.4058243,13,Info,Microsoft-Windows-Sysmon,Microsoft-Windows-Sysmon/Operational,2448,4460,DC01.corp.local,13,S-1-5-18,RegistryEvent (Value Set),CORP\Administrator,,"ProcessID: 4912, ProcessGUID: c9182e32-e839-69ca-8a01-000000000900",RuleName: -,Image: C:\Windows\Explorer.EXE,EventType: SetValue,TargetObject: HKU\S-1-5-21-2059623569-3469877166-3092952166-500\Software\Microsoft\Windows\CurrentVersion\Shell Extensions\Cached\{E44E9428-BDBC-4987-A099-40DC8FD255E7} {7F9185B0-CB92-43C5-80A9-92277A4F7B54} 0xFFFF,Details: Binary Data,,False,C:\Users\owunc\Desktop\lab_logs\DC_Sysmon_ws.evtx,Classic,0,"{""EventData"":{""Data"":[{""@Name"":""RuleName"",""#text"":""-""},{""@Name"":""EventType"",""#text"":""SetValue""},{""@Name"":""UtcTime"",""#text"":""2026-03-30 22:12:34.393""},{""@Name"":""ProcessGuid"",""#text"":""c9182e32-e839-69ca-8a01-000000000900""},{""@Name"":""ProcessId"",""#text"":""4912""},{""@Name"":""Image"",""#text"":""C:\\Windows\\Explorer.EXE""},{""@Name"":""TargetObject"",""#text"":""HKU\\S-1-5-21-2059623569-3469877166-3092952166-500\\Software\\Microsoft\\Windows\\CurrentVersion\\Shell Extensions\\Cached\\{E44E9428-BDBC-4987-A099-40DC8FD255E7} {7F9185B0-CB92-43C5-80A9-92277A4F7B54} 0xFFFF""},{""@Name"":""Details"",""#text"":""Binary Data""},{""@Name"":""User"",""#text"":""CORP\\Administrator""}]}}"
667,667,2026-03-30 22:12:34.4122927,1,Info,Microsoft-Windows-Sysmon,Microsoft-Windows-Sysmon/Operational,2448,4460,DC01.corp.local,13,S-1-5-18,Process creation,CORP\Administrator,,"ProcessID: 2460, ProcessGUID: c9182e32-f552-69ca-e201-000000000900",RuleName: -,"MD5=686FDF98FBA0B24991605EFB03F783B8,SHA256=95E8CCC251F7F4021E30D2D50930CCA9DAE84753B36E1A789037EE9BE61DFEE7,IMPHASH=58A126FC770B177F3E7A22EBB4EBD21D",ParentProcess: C:\Windows\System32\svchost.exe,"ParentProcessID: 948, ParentProcessGUID: c9182e32-c31b-69ca-0d00-000000000900",ParentCommandLine: C:\Windows\system32\svchost.exe -k DcomLaunch -p,C:\Windows\system32\OpenWith.exe -Embedding,False,C:\Users\owunc\Desktop\lab_logs\DC_Sysmon_ws.evtx,Classic,0,"{""EventData"":{""Data"":[{""@Name"":""RuleName"",""#text"":""-""},{""@Name"":""UtcTime"",""#text"":""2026-03-30 22:12:34.408""},{""@Name"":""ProcessGuid"",""#text"":""c9182e32-f552-69ca-e201-000000000900""},{""@Name"":""ProcessId"",""#text"":""2460""},{""@Name"":""Image"",""#text"":""C:\\Windows\\System32\\OpenWith.exe""},{""@Name"":""FileVersion"",""#text"":""10.0.20348.1 (WinBuild.160101.0800)""},{""@Name"":""Description"",""#text"":""Pick an app""},{""@Name"":""Product"",""#text"":""Microsoft® Windows® Operating System""},{""@Name"":""Company"",""#text"":""Microsoft Corporation""},{""@Name"":""OriginalFileName"",""#text"":""OpenWith.exe""},{""@Name"":""CommandLine"",""#text"":""C:\\Windows\\system32\\OpenWith.exe -Embedding""},{""@Name"":""CurrentDirectory"",""#text"":""C:\\Windows\\system32\\""},{""@Name"":""User"",""#text"":""CORP\\Administrator""},{""@Name"":""LogonGuid"",""#text"":""c9182e32-e839-69ca-bb8f-310000000000""},{""@Name"":""LogonId"",""#text"":""0x318FBB""},{""@Name"":""TerminalSessionId"",""#text"":""1""},{""@Name"":""IntegrityLevel"",""#text"":""High""},{""@Name"":""Hashes"",""#text"":""MD5=686FDF98FBA0B24991605EFB03F783B8,SHA256=95E8CCC251F7F4021E30D2D50930CCA9DAE84753B36E1A789037EE9BE61DFEE7,IMPHASH=58A126FC770B177F3E7A22EBB4EBD21D""},{""@Name"":""ParentProcessGuid"",""#text"":""c9182e32-c31b-69ca-0d00-000000000900""},{""@Name"":""ParentProcessId"",""#text"":""948""},{""@Name"":""ParentImage"",""#text"":""C:\\Windows\\System32\\svchost.exe""},{""@Name"":""ParentCommandLine"",""#text"":""C:\\Windows\\system32\\svchost.exe -k DcomLaunch -p""},{""@Name"":""ParentUser"",""#text"":""NT AUTHORITY\\SYSTEM""}]}}"
668,668,2026-03-30 22:12:34.4527343,1,Info,Microsoft-Windows-Sysmon,Microsoft-Windows-Sysmon/Operational,2448,4460,DC01.corp.local,13,S-1-5-18,Process creation,NT AUTHORITY\SYSTEM,,"ProcessID: 1460, ProcessGUID: c9182e32-f552-69ca-e301-000000000900",RuleName: -,"MD5=DC32ABA4669EAFB22FCACD5EC836A107,SHA256=31780FF2AAF7BC71F755BA0E4FEF1D61B060D1D2741EAFB33CBAB44D889595A0,IMPHASH=D8C4E4978657CEA220B495778C972E64",ParentProcess: C:\Windows\System32\services.exe,"ParentProcessID: 716, ParentProcessGUID: c9182e32-c31a-69ca-0b00-000000000900",ParentCommandLine: C:\Windows\system32\services.exe,C:\Windows\system32\svchost.exe -k netsvcs -p -s AppMgmt,False,C:\Users\owunc\Desktop\lab_logs\DC_Sysmon_ws.evtx,Classic,0,"{""EventData"":{""Data"":[{""@Name"":""RuleName"",""#text"":""-""},{""@Name"":""UtcTime"",""#text"":""2026-03-30 22:12:34.451""},{""@Name"":""ProcessGuid"",""#text"":""c9182e32-f552-69ca-e301-000000000900""},{""@Name"":""ProcessId"",""#text"":""1460""},{""@Name"":""Image"",""#text"":""C:\\Windows\\System32\\svchost.exe""},{""@Name"":""FileVersion"",""#text"":""10.0.20348.558 (WinBuild.160101.0800)""},{""@Name"":""Description"",""#text"":""Host Process for Windows Services""},{""@Name"":""Product"",""#text"":""Microsoft® Windows® Operating System""},{""@Name"":""Company"",""#text"":""Microsoft Corporation""},{""@Name"":""OriginalFileName"",""#text"":""svchost.exe""},{""@Name"":""CommandLine"",""#text"":""C:\\Windows\\system32\\svchost.exe -k netsvcs -p -s AppMgmt""},{""@Name"":""CurrentDirectory"",""#text"":""C:\\Windows\\system32\\""},{""@Name"":""User"",""#text"":""NT AUTHORITY\\SYSTEM""},{""@Name"":""LogonGuid"",""#text"":""c9182e32-c31a-69ca-e703-000000000000""},{""@Name"":""LogonId"",""#text"":""0x3E7""},{""@Name"":""TerminalSessionId"",""#text"":""0""},{""@Name"":""IntegrityLevel"",""#text"":""System""},{""@Name"":""Hashes"",""#text"":""MD5=DC32ABA4669EAFB22FCACD5EC836A107,SHA256=31780FF2AAF7BC71F755BA0E4FEF1D61B060D1D2741EAFB33CBAB44D889595A0,IMPHASH=D8C4E4978657CEA220B495778C972E64""},{""@Name"":""ParentProcessGuid"",""#text"":""c9182e32-c31a-69ca-0b00-000000000900""},{""@Name"":""ParentProcessId"",""#text"":""716""},{""@Name"":""ParentImage"",""#text"":""C:\\Windows\\System32\\services.exe""},{""@Name"":""ParentCommandLine"",""#text"":""C:\\Windows\\system32\\services.exe""},{""@Name"":""ParentUser"",""#text"":""NT AUTHORITY\\SYSTEM""}]}}"
669,669,2026-03-30 22:12:37.8706367,1,Info,Microsoft-Windows-Sysmon,Microsoft-Windows-Sysmon/Operational,2448,4460,DC01.corp.local,13,S-1-5-18,Process creation,CORP\Administrator,,"ProcessID: 7128, ProcessGUID: c9182e32-f555-69ca-e401-000000000900",RuleName: -,"MD5=D1B7CDDA67EEE0C98833B0CDB94403DA,SHA256=B65079972E88691FE19B5D4D5EB3159F6CD627FB6C4F09AE9B9DF959330082DF,IMPHASH=6B4FA5BA42928C186636D2D0E31789E6",ParentProcess: C:\Windows\System32\OpenWith.exe,"ParentProcessID: 2460, ParentProcessGUID: c9182e32-f552-69ca-e201-000000000900",ParentCommandLine: C:\Windows\system32\OpenWith.exe -Embedding,"""C:\Windows\system32\NOTEPAD.EXE"" C:\Program Files (x86)\ossec-agent\ossec.conf",False,C:\Users\owunc\Desktop\lab_logs\DC_Sysmon_ws.evtx,Classic,0,"{""EventData"":{""Data"":[{""@Name"":""RuleName"",""#text"":""-""},{""@Name"":""UtcTime"",""#text"":""2026-03-30 22:12:37.865""},{""@Name"":""ProcessGuid"",""#text"":""c9182e32-f555-69ca-e401-000000000900""},{""@Name"":""ProcessId"",""#text"":""7128""},{""@Name"":""Image"",""#text"":""C:\\Windows\\System32\\notepad.exe""},{""@Name"":""FileVersion"",""#text"":""10.0.20348.1 (WinBuild.160101.0800)""},{""@Name"":""Description"",""#text"":""Notepad""},{""@Name"":""Product"",""#text"":""Microsoft® Windows® Operating System""},{""@Name"":""Company"",""#text"":""Microsoft Corporation""},{""@Name"":""OriginalFileName"",""#text"":""NOTEPAD.EXE""},{""@Name"":""CommandLine"",""#text"":""\""C:\\Windows\\system32\\NOTEPAD.EXE\"" C:\\Program Files (x86)\\ossec-agent\\ossec.conf""},{""@Name"":""CurrentDirectory"",""#text"":""C:\\Windows\\system32\\""},{""@Name"":""User"",""#text"":""CORP\\Administrator""},{""@Name"":""LogonGuid"",""#text"":""c9182e32-e839-69ca-bb8f-310000000000""},{""@Name"":""LogonId"",""#text"":""0x318FBB""},{""@Name"":""TerminalSessionId"",""#text"":""1""},{""@Name"":""IntegrityLevel"",""#text"":""High""},{""@Name"":""Hashes"",""#text"":""MD5=D1B7CDDA67EEE0C98833B0CDB94403DA,SHA256=B65079972E88691FE19B5D4D5EB3159F6CD627FB6C4F09AE9B9DF959330082DF,IMPHASH=6B4FA5BA42928C186636D2D0E31789E6""},{""@Name"":""ParentProcessGuid"",""#text"":""c9182e32-f552-69ca-e201-000000000900""},{""@Name"":""ParentProcessId"",""#text"":""2460""},{""@Name"":""ParentImage"",""#text"":""C:\\Windows\\System32\\OpenWith.exe""},{""@Name"":""ParentCommandLine"",""#text"":""C:\\Windows\\system32\\OpenWith.exe -Embedding""},{""@Name"":""ParentUser"",""#text"":""CORP\\Administrator""}]}}"
670,670,2026-03-30 22:14:34.6617825,1,Info,Microsoft-Windows-Sysmon,Microsoft-Windows-Sysmon/Operational,2448,4460,DC01.corp.local,13,S-1-5-18,Process creation,CORP\Administrator,,"ProcessID: 3420, ProcessGUID: c9182e32-f5ca-69ca-e501-000000000900",RuleName: -,"MD5=4A832ED4D87AD63BE53E42CFED39E0A1,SHA256=68D13933F1C9DA2BF3BCD8C8B6D3E561EAE0A4CAB3C6C69C002E6CB696389DC7,IMPHASH=52182582DB3FC49E327853C5E45E3FB9",ParentProcess: C:\Windows\System32\WindowsPowerShell\v1.0\powershell.exe,"ParentProcessID: 4788, ParentProcessGUID: c9182e32-f3cb-69ca-db01-000000000900",ParentCommandLine: powershell  -ep bypass,"""C:\Windows\system32\PING.EXE"" 192.168.93.50",False,C:\Users\owunc\Desktop\lab_logs\DC_Sysmon_ws.evtx,Classic,0,"{""EventData"":{""Data"":[{""@Name"":""RuleName"",""#text"":""-""},{""@Name"":""UtcTime"",""#text"":""2026-03-30 22:14:34.657""},{""@Name"":""ProcessGuid"",""#text"":""c9182e32-f5ca-69ca-e501-000000000900""},{""@Name"":""ProcessId"",""#text"":""3420""},{""@Name"":""Image"",""#text"":""C:\\Windows\\System32\\PING.EXE""},{""@Name"":""FileVersion"",""#text"":""10.0.20348.1 (WinBuild.160101.0800)""},{""@Name"":""Description"",""#text"":""TCP/IP Ping Command""},{""@Name"":""Product"",""#text"":""Microsoft® Windows® Operating System""},{""@Name"":""Company"",""#text"":""Microsoft Corporation""},{""@Name"":""OriginalFileName"",""#text"":""ping.exe""},{""@Name"":""CommandLine"",""#text"":""\""C:\\Windows\\system32\\PING.EXE\"" 192.168.93.50""},{""@Name"":""CurrentDirectory"",""#text"":""C:\\Users\\Administrator\\""},{""@Name"":""User"",""#text"":""CORP\\Administrator""},{""@Name"":""LogonGuid"",""#text"":""c9182e32-e839-69ca-bb8f-310000000000""},{""@Name"":""LogonId"",""#text"":""0x318FBB""},{""@Name"":""TerminalSessionId"",""#text"":""1""},{""@Name"":""IntegrityLevel"",""#text"":""High""},{""@Name"":""Hashes"",""#text"":""MD5=4A832ED4D87AD63BE53E42CFED39E0A1,SHA256=68D13933F1C9DA2BF3BCD8C8B6D3E561EAE0A4CAB3C6C69C002E6CB696389DC7,IMPHASH=52182582DB3FC49E327853C5E45E3FB9""},{""@Name"":""ParentProcessGuid"",""#text"":""c9182e32-f3cb-69ca-db01-000000000900""},{""@Name"":""ParentProcessId"",""#text"":""4788""},{""@Name"":""ParentImage"",""#text"":""C:\\Windows\\System32\\WindowsPowerShell\\v1.0\\powershell.exe""},{""@Name"":""ParentCommandLine"",""#text"":""powershell  -ep bypass""},{""@Name"":""ParentUser"",""#text"":""CORP\\Administrator""}]}}"
