27,27,2026-03-30 18:01:49.3581948,22,Info,Microsoft-Windows-Sysmon,Microsoft-Windows-Sysmon/Operational,1820,3792,DC01.corp.local,0,S-1-5-18,DNSEvent (DNS query),CORP\Administrator,,"ProcessID: 2000, ProcessGUID: c9182e32-ba8b-69ca-8808-000000000700",RuleName: -,Image: C:\Windows\System32\mmc.exe,QueryName: DC01.corp.local,QueryStatus: 0,QueryResults: fe80::edbf:7020:ccdd:502e;::ffff:192.168.93.50;,,False,C:\Users\owunc\Desktop\lab_logs\DC_Sysmon_ws.evtx,Classic,0,"{""EventData"":{""Data"":[{""@Name"":""RuleName"",""#text"":""-""},{""@Name"":""UtcTime"",""#text"":""2026-03-30 18:01:47.528""},{""@Name"":""ProcessGuid"",""#text"":""c9182e32-ba8b-69ca-8808-000000000700""},{""@Name"":""ProcessId"",""#text"":""2000""},{""@Name"":""QueryName"",""#text"":""DC01.corp.local""},{""@Name"":""QueryStatus"",""#text"":""0""},{""@Name"":""QueryResults"",""#text"":""fe80::edbf:7020:ccdd:502e;::ffff:192.168.93.50;""},{""@Name"":""Image"",""#text"":""C:\\Windows\\System32\\mmc.exe""},{""@Name"":""User"",""#text"":""CORP\\Administrator""}]}}"
28,28,2026-03-30 18:02:04.4988584,22,Info,Microsoft-Windows-Sysmon,Microsoft-Windows-Sysmon/Operational,1820,3792,DC01.corp.local,0,S-1-5-18,DNSEvent (DNS query),NT AUTHORITY\SYSTEM,,"ProcessID: 728, ProcessGUID: c9182e32-a485-69ca-0c00-000000000700",RuleName: -,Image: C:\Windows\System32\lsass.exe,QueryName: _ldap._tcp.Default-First-Site-Name._sites.DC01.corp.local.,QueryStatus: 9003,QueryResults: -,,False,C:\Users\owunc\Desktop\lab_logs\DC_Sysmon_ws.evtx,Classic,0,"{""EventData"":{""Data"":[{""@Name"":""RuleName"",""#text"":""-""},{""@Name"":""UtcTime"",""#text"":""2026-03-30 18:02:02.409""},{""@Name"":""ProcessGuid"",""#text"":""c9182e32-a485-69ca-0c00-000000000700""},{""@Name"":""ProcessId"",""#text"":""728""},{""@Name"":""QueryName"",""#text"":""_ldap._tcp.Default-First-Site-Name._sites.DC01.corp.local.""},{""@Name"":""QueryStatus"",""#text"":""9003""},{""@Name"":""QueryResults"",""#text"":""-""},{""@Name"":""Image"",""#text"":""C:\\Windows\\System32\\lsass.exe""},{""@Name"":""User"",""#text"":""NT AUTHORITY\\SYSTEM""}]}}"
29,29,2026-03-30 18:02:04.4988806,22,Info,Microsoft-Windows-Sysmon,Microsoft-Windows-Sysmon/Operational,1820,3792,DC01.corp.local,0,S-1-5-18,DNSEvent (DNS query),NT AUTHORITY\SYSTEM,,"ProcessID: 728, ProcessGUID: c9182e32-a485-69ca-0c00-000000000700",RuleName: -,Image: C:\Windows\System32\lsass.exe,QueryName: _ldap._tcp.DC01.corp.local.,QueryStatus: 9003,QueryResults: -,,False,C:\Users\owunc\Desktop\lab_logs\DC_Sysmon_ws.evtx,Classic,0,"{""EventData"":{""Data"":[{""@Name"":""RuleName"",""#text"":""-""},{""@Name"":""UtcTime"",""#text"":""2026-03-30 18:02:02.409""},{""@Name"":""ProcessGuid"",""#text"":""c9182e32-a485-69ca-0c00-000000000700""},{""@Name"":""ProcessId"",""#text"":""728""},{""@Name"":""QueryName"",""#text"":""_ldap._tcp.DC01.corp.local.""},{""@Name"":""QueryStatus"",""#text"":""9003""},{""@Name"":""QueryResults"",""#text"":""-""},{""@Name"":""Image"",""#text"":""C:\\Windows\\System32\\lsass.exe""},{""@Name"":""User"",""#text"":""NT AUTHORITY\\SYSTEM""}]}}"
30,30,2026-03-30 18:02:04.4989448,22,Info,Microsoft-Windows-Sysmon,Microsoft-Windows-Sysmon/Operational,1820,3792,DC01.corp.local,0,S-1-5-18,DNSEvent (DNS query),CORP\Administrator,,"ProcessID: 2000, ProcessGUID: c9182e32-ba8b-69ca-8808-000000000700",RuleName: -,Image: C:\Windows\System32\mmc.exe,QueryName: _ldap._tcp.Default-First-Site-Name._sites.DC01.corp.local.,QueryStatus: 9003,QueryResults: -,,False,C:\Users\owunc\Desktop\lab_logs\DC_Sysmon_ws.evtx,Classic,0,"{""EventData"":{""Data"":[{""@Name"":""RuleName"",""#text"":""-""},{""@Name"":""UtcTime"",""#text"":""2026-03-30 18:02:02.410""},{""@Name"":""ProcessGuid"",""#text"":""c9182e32-ba8b-69ca-8808-000000000700""},{""@Name"":""ProcessId"",""#text"":""2000""},{""@Name"":""QueryName"",""#text"":""_ldap._tcp.Default-First-Site-Name._sites.DC01.corp.local.""},{""@Name"":""QueryStatus"",""#text"":""9003""},{""@Name"":""QueryResults"",""#text"":""-""},{""@Name"":""Image"",""#text"":""C:\\Windows\\System32\\mmc.exe""},{""@Name"":""User"",""#text"":""CORP\\Administrator""}]}}"
31,31,2026-03-30 18:02:04.4989572,22,Info,Microsoft-Windows-Sysmon,Microsoft-Windows-Sysmon/Operational,1820,3792,DC01.corp.local,0,S-1-5-18,DNSEvent (DNS query),CORP\Administrator,,"ProcessID: 2000, ProcessGUID: c9182e32-ba8b-69ca-8808-000000000700",RuleName: -,Image: C:\Windows\System32\mmc.exe,QueryName: _ldap._tcp.DC01.corp.local.,QueryStatus: 9003,QueryResults: -,,False,C:\Users\owunc\Desktop\lab_logs\DC_Sysmon_ws.evtx,Classic,0,"{""EventData"":{""Data"":[{""@Name"":""RuleName"",""#text"":""-""},{""@Name"":""UtcTime"",""#text"":""2026-03-30 18:02:02.410""},{""@Name"":""ProcessGuid"",""#text"":""c9182e32-ba8b-69ca-8808-000000000700""},{""@Name"":""ProcessId"",""#text"":""2000""},{""@Name"":""QueryName"",""#text"":""_ldap._tcp.DC01.corp.local.""},{""@Name"":""QueryStatus"",""#text"":""9003""},{""@Name"":""QueryResults"",""#text"":""-""},{""@Name"":""Image"",""#text"":""C:\\Windows\\System32\\mmc.exe""},{""@Name"":""User"",""#text"":""CORP\\Administrator""}]}}"
32,32,2026-03-30 18:02:16.4454857,1,Info,Microsoft-Windows-Sysmon,Microsoft-Windows-Sysmon/Operational,1820,4016,DC01.corp.local,0,S-1-5-18,Process creation,CORP\Administrator,,"ProcessID: 5348, ProcessGUID: c9182e32-baa8-69ca-8a08-000000000700",RuleName: -,"MD5=F1819EC3B6DC5C1A20C7AC8AE825BF71,SHA256=943423170E2EF79BF499FDEF9ED1EBB53034ED039A768B232BDA5887B198068A,IMPHASH=8E50F3DB4704D326E38560580722C9B1",ParentProcess: C:\Windows\System32\mmc.exe,"ParentProcessID: 2000, ParentProcessGUID: c9182e32-ba8b-69ca-8808-000000000700","ParentCommandLine: ""C:\Windows\system32\mmc.exe"" C:\Windows\system32\gpmc.msc","""C:\Windows\system32\mmc.exe"" ""C:\Windows\System32\gpme.msc"" /s /gpobject:""LDAP://DC01.corp.local/cn={31B2F340-016D-11D2-945F-00C04FB984F9},cn=policies,cn=system,DC=corp,DC=local""",False,C:\Users\owunc\Desktop\lab_logs\DC_Sysmon_ws.evtx,Classic,0,"{""EventData"":{""Data"":[{""@Name"":""RuleName"",""#text"":""-""},{""@Name"":""UtcTime"",""#text"":""2026-03-30 18:02:16.443""},{""@Name"":""ProcessGuid"",""#text"":""c9182e32-baa8-69ca-8a08-000000000700""},{""@Name"":""ProcessId"",""#text"":""5348""},{""@Name"":""Image"",""#text"":""C:\\Windows\\System32\\mmc.exe""},{""@Name"":""FileVersion"",""#text"":""10.0.20348.587 (WinBuild.160101.0800)""},{""@Name"":""Description"",""#text"":""Microsoft Management Console""},{""@Name"":""Product"",""#text"":""Microsoft® Windows® Operating System""},{""@Name"":""Company"",""#text"":""Microsoft Corporation""},{""@Name"":""OriginalFileName"",""#text"":""mmc.exe""},{""@Name"":""CommandLine"",""#text"":""\""C:\\Windows\\system32\\mmc.exe\"" \""C:\\Windows\\System32\\gpme.msc\"" /s /gpobject:\""LDAP://DC01.corp.local/cn={31B2F340-016D-11D2-945F-00C04FB984F9},cn=policies,cn=system,DC=corp,DC=local\""""},{""@Name"":""CurrentDirectory"",""#text"":""C:\\Users\\Administrator\\""},{""@Name"":""User"",""#text"":""CORP\\Administrator""},{""@Name"":""LogonGuid"",""#text"":""c9182e32-a553-69ca-3dc2-090000000000""},{""@Name"":""LogonId"",""#text"":""0x9C23D""},{""@Name"":""TerminalSessionId"",""#text"":""1""},{""@Name"":""IntegrityLevel"",""#text"":""High""},{""@Name"":""Hashes"",""#text"":""MD5=F1819EC3B6DC5C1A20C7AC8AE825BF71,SHA256=943423170E2EF79BF499FDEF9ED1EBB53034ED039A768B232BDA5887B198068A,IMPHASH=8E50F3DB4704D326E38560580722C9B1""},{""@Name"":""ParentProcessGuid"",""#text"":""c9182e32-ba8b-69ca-8808-000000000700""},{""@Name"":""ParentProcessId"",""#text"":""2000""},{""@Name"":""ParentImage"",""#text"":""C:\\Windows\\System32\\mmc.exe""},{""@Name"":""ParentCommandLine"",""#text"":""\""C:\\Windows\\system32\\mmc.exe\"" C:\\Windows\\system32\\gpmc.msc""},{""@Name"":""ParentUser"",""#text"":""CORP\\Administrator""}]}}"
33,33,2026-03-30 18:02:18.7955868,22,Info,Microsoft-Windows-Sysmon,Microsoft-Windows-Sysmon/Operational,1820,3792,DC01.corp.local,0,S-1-5-18,DNSEvent (DNS query),CORP\Administrator,,"ProcessID: 5348, ProcessGUID: c9182e32-baa8-69ca-8a08-000000000700",RuleName: -,Image: C:\Windows\System32\mmc.exe,QueryName: DC01.CORP.LOCAL,QueryStatus: 0,QueryResults: fe80::edbf:7020:ccdd:502e;::ffff:192.168.93.50;,,False,C:\Users\owunc\Desktop\lab_logs\DC_Sysmon_ws.evtx,Classic,0,"{""EventData"":{""Data"":[{""@Name"":""RuleName"",""#text"":""-""},{""@Name"":""UtcTime"",""#text"":""2026-03-30 18:02:16.599""},{""@Name"":""ProcessGuid"",""#text"":""c9182e32-baa8-69ca-8a08-000000000700""},{""@Name"":""ProcessId"",""#text"":""5348""},{""@Name"":""QueryName"",""#text"":""DC01.CORP.LOCAL""},{""@Name"":""QueryStatus"",""#text"":""0""},{""@Name"":""QueryResults"",""#text"":""fe80::edbf:7020:ccdd:502e;::ffff:192.168.93.50;""},{""@Name"":""Image"",""#text"":""C:\\Windows\\System32\\mmc.exe""},{""@Name"":""User"",""#text"":""CORP\\Administrator""}]}}"
34,34,2026-03-30 18:02:18.7956068,22,Info,Microsoft-Windows-Sysmon,Microsoft-Windows-Sysmon/Operational,1820,3792,DC01.corp.local,0,S-1-5-18,DNSEvent (DNS query),NT AUTHORITY\NETWORK SERVICE,,"ProcessID: 1196, ProcessGUID: c9182e32-a487-69ca-1800-000000000700",RuleName: -,Image: C:\Windows\System32\svchost.exe,QueryName: DC01.corp.local,QueryStatus: 0,QueryResults: fe80::edbf:7020:ccdd:502e;::ffff:192.168.93.50;,,False,C:\Users\owunc\Desktop\lab_logs\DC_Sysmon_ws.evtx,Classic,0,"{""EventData"":{""Data"":[{""@Name"":""RuleName"",""#text"":""-""},{""@Name"":""UtcTime"",""#text"":""2026-03-30 18:02:16.629""},{""@Name"":""ProcessGuid"",""#text"":""c9182e32-a487-69ca-1800-000000000700""},{""@Name"":""ProcessId"",""#text"":""1196""},{""@Name"":""QueryName"",""#text"":""DC01.corp.local""},{""@Name"":""QueryStatus"",""#text"":""0""},{""@Name"":""QueryResults"",""#text"":""fe80::edbf:7020:ccdd:502e;::ffff:192.168.93.50;""},{""@Name"":""Image"",""#text"":""C:\\Windows\\System32\\svchost.exe""},{""@Name"":""User"",""#text"":""NT AUTHORITY\\NETWORK SERVICE""}]}}"
35,35,2026-03-30 18:02:30.7539970,1,Info,Microsoft-Windows-Sysmon,Microsoft-Windows-Sysmon/Operational,1820,4016,DC01.corp.local,0,S-1-5-18,Process creation,NT AUTHORITY\SYSTEM,,"ProcessID: 3428, ProcessGUID: c9182e32-bab6-69ca-8b08-000000000700",RuleName: -,"MD5=6FB10CD439B40D92935F8F6A0C99670A,SHA256=2BF663EA493CDC21AD33AEBD8DA40CC5D2AFA55E24F9E1BBF3D73E99DCADF693,IMPHASH=803254E010814E69947095A2725B2AFD",ParentProcess: C:\Windows\System32\svchost.exe,"ParentProcessID: 1688, ParentProcessGUID: c9182e32-a487-69ca-2400-000000000700",ParentCommandLine: C:\Windows\system32\svchost.exe -k netsvcs -p -s Schedule,C:\Windows\system32\sc.exe start wuauserv,False,C:\Users\owunc\Desktop\lab_logs\DC_Sysmon_ws.evtx,Classic,0,"{""EventData"":{""Data"":[{""@Name"":""RuleName"",""#text"":""-""},{""@Name"":""UtcTime"",""#text"":""2026-03-30 18:02:30.750""},{""@Name"":""ProcessGuid"",""#text"":""c9182e32-bab6-69ca-8b08-000000000700""},{""@Name"":""ProcessId"",""#text"":""3428""},{""@Name"":""Image"",""#text"":""C:\\Windows\\System32\\sc.exe""},{""@Name"":""FileVersion"",""#text"":""10.0.20348.1 (WinBuild.160101.0800)""},{""@Name"":""Description"",""#text"":""Service Control Manager Configuration Tool""},{""@Name"":""Product"",""#text"":""Microsoft® Windows® Operating System""},{""@Name"":""Company"",""#text"":""Microsoft Corporation""},{""@Name"":""OriginalFileName"",""#text"":""sc.exe""},{""@Name"":""CommandLine"",""#text"":""C:\\Windows\\system32\\sc.exe start wuauserv""},{""@Name"":""CurrentDirectory"",""#text"":""C:\\Windows\\system32\\""},{""@Name"":""User"",""#text"":""NT AUTHORITY\\SYSTEM""},{""@Name"":""LogonGuid"",""#text"":""c9182e32-a485-69ca-e703-000000000000""},{""@Name"":""LogonId"",""#text"":""0x3E7""},{""@Name"":""TerminalSessionId"",""#text"":""0""},{""@Name"":""IntegrityLevel"",""#text"":""System""},{""@Name"":""Hashes"",""#text"":""MD5=6FB10CD439B40D92935F8F6A0C99670A,SHA256=2BF663EA493CDC21AD33AEBD8DA40CC5D2AFA55E24F9E1BBF3D73E99DCADF693,IMPHASH=803254E010814E69947095A2725B2AFD""},{""@Name"":""ParentProcessGuid"",""#text"":""c9182e32-a487-69ca-2400-000000000700""},{""@Name"":""ParentProcessId"",""#text"":""1688""},{""@Name"":""ParentImage"",""#text"":""C:\\Windows\\System32\\svchost.exe""},{""@Name"":""ParentCommandLine"",""#text"":""C:\\Windows\\system32\\svchost.exe -k netsvcs -p -s Schedule""},{""@Name"":""ParentUser"",""#text"":""NT AUTHORITY\\SYSTEM""}]}}"
36,36,2026-03-30 18:02:37.0715449,3,Info,Microsoft-Windows-Sysmon,Microsoft-Windows-Sysmon/Operational,1820,7132,DC01.corp.local,0,S-1-5-18,Network connection,CORP\Administrator,,"ProcessID: 5348, ProcessGUID: c9182e32-baa8-69ca-8a08-000000000700",RuleName: -,SourceHostname: DC01.corp.local,SourceIp: 192.168.93.50,DestinationHostname: DC01.corp.local,DestinationIp: 192.168.93.50,C:\Windows\System32\mmc.exe,False,C:\Users\owunc\Desktop\lab_logs\DC_Sysmon_ws.evtx,Classic,0,"{""EventData"":{""Data"":[{""@Name"":""RuleName"",""#text"":""-""},{""@Name"":""UtcTime"",""#text"":""2026-03-30 18:02:35.283""},{""@Name"":""ProcessGuid"",""#text"":""c9182e32-baa8-69ca-8a08-000000000700""},{""@Name"":""ProcessId"",""#text"":""5348""},{""@Name"":""Image"",""#text"":""C:\\Windows\\System32\\mmc.exe""},{""@Name"":""User"",""#text"":""CORP\\Administrator""},{""@Name"":""Protocol"",""#text"":""tcp""},{""@Name"":""Initiated"",""#text"":""True""},{""@Name"":""SourceIsIpv6"",""#text"":""False""},{""@Name"":""SourceIp"",""#text"":""192.168.93.50""},{""@Name"":""SourceHostname"",""#text"":""DC01.corp.local""},{""@Name"":""SourcePort"",""#text"":""54375""},{""@Name"":""SourcePortName"",""#text"":""-""},{""@Name"":""DestinationIsIpv6"",""#text"":""False""},{""@Name"":""DestinationIp"",""#text"":""192.168.93.50""},{""@Name"":""DestinationHostname"",""#text"":""DC01.corp.local""},{""@Name"":""DestinationPort"",""#text"":""389""},{""@Name"":""DestinationPortName"",""#text"":""ldap""}]}}"
37,37,2026-03-30 18:03:47.7806101,22,Info,Microsoft-Windows-Sysmon,Microsoft-Windows-Sysmon/Operational,1820,3792,DC01.corp.local,0,S-1-5-18,DNSEvent (DNS query),NT AUTHORITY\SYSTEM,,"ProcessID: 2956, ProcessGUID: c9182e32-a491-69ca-3c00-000000000700",RuleName: -,Image: C:\Windows\system32\DFSRs.exe,QueryName: DC01.corp.local,QueryStatus: 0,QueryResults: fe80::edbf:7020:ccdd:502e;::ffff:192.168.93.50;,,False,C:\Users\owunc\Desktop\lab_logs\DC_Sysmon_ws.evtx,Classic,0,"{""EventData"":{""Data"":[{""@Name"":""RuleName"",""#text"":""-""},{""@Name"":""UtcTime"",""#text"":""2026-03-30 18:03:45.719""},{""@Name"":""ProcessGuid"",""#text"":""c9182e32-a491-69ca-3c00-000000000700""},{""@Name"":""ProcessId"",""#text"":""2956""},{""@Name"":""QueryName"",""#text"":""DC01.corp.local""},{""@Name"":""QueryStatus"",""#text"":""0""},{""@Name"":""QueryResults"",""#text"":""fe80::edbf:7020:ccdd:502e;::ffff:192.168.93.50;""},{""@Name"":""Image"",""#text"":""C:\\Windows\\system32\\DFSRs.exe""},{""@Name"":""User"",""#text"":""NT AUTHORITY\\SYSTEM""}]}}"
38,38,2026-03-30 18:03:47.7806353,22,Info,Microsoft-Windows-Sysmon,Microsoft-Windows-Sysmon/Operational,1820,3792,DC01.corp.local,0,S-1-5-18,DNSEvent (DNS query),NT AUTHORITY\SYSTEM,,"ProcessID: 2956, ProcessGUID: c9182e32-a491-69ca-3c00-000000000700",RuleName: -,Image: C:\Windows\System32\dfsrs.exe,QueryName: DC01,QueryStatus: 0,QueryResults: fe80::edbf:7020:ccdd:502e;::ffff:192.168.93.50;,,False,C:\Users\owunc\Desktop\lab_logs\DC_Sysmon_ws.evtx,Classic,0,"{""EventData"":{""Data"":[{""@Name"":""RuleName"",""#text"":""-""},{""@Name"":""UtcTime"",""#text"":""2026-03-30 18:03:45.731""},{""@Name"":""ProcessGuid"",""#text"":""c9182e32-a491-69ca-3c00-000000000700""},{""@Name"":""ProcessId"",""#text"":""2956""},{""@Name"":""QueryName"",""#text"":""DC01""},{""@Name"":""QueryStatus"",""#text"":""0""},{""@Name"":""QueryResults"",""#text"":""fe80::edbf:7020:ccdd:502e;::ffff:192.168.93.50;""},{""@Name"":""Image"",""#text"":""C:\\Windows\\System32\\dfsrs.exe""},{""@Name"":""User"",""#text"":""NT AUTHORITY\\SYSTEM""}]}}"
39,39,2026-03-30 18:04:40.0928333,22,Info,Microsoft-Windows-Sysmon,Microsoft-Windows-Sysmon/Operational,1820,3792,DC01.corp.local,0,S-1-5-18,DNSEvent (DNS query),NT AUTHORITY\LOCAL SERVICE,,"ProcessID: 1840, ProcessGUID: c9182e32-a487-69ca-2500-000000000700",RuleName: -,Image: C:\Windows\system32\svchost.exe,QueryName: wpad,QueryStatus: 9003,QueryResults: -,,False,C:\Users\owunc\Desktop\lab_logs\DC_Sysmon_ws.evtx,Classic,0,"{""EventData"":{""Data"":[{""@Name"":""RuleName"",""#text"":""-""},{""@Name"":""UtcTime"",""#text"":""2026-03-30 18:04:37.986""},{""@Name"":""ProcessGuid"",""#text"":""c9182e32-a487-69ca-2500-000000000700""},{""@Name"":""ProcessId"",""#text"":""1840""},{""@Name"":""QueryName"",""#text"":""wpad""},{""@Name"":""QueryStatus"",""#text"":""9003""},{""@Name"":""QueryResults"",""#text"":""-""},{""@Name"":""Image"",""#text"":""C:\\Windows\\system32\\svchost.exe""},{""@Name"":""User"",""#text"":""NT AUTHORITY\\LOCAL SERVICE""}]}}"
40,40,2026-03-30 18:05:28.9826292,22,Info,Microsoft-Windows-Sysmon,Microsoft-Windows-Sysmon/Operational,1820,3792,DC01.corp.local,0,S-1-5-18,DNSEvent (DNS query),NT AUTHORITY\NETWORK SERVICE,,"ProcessID: 1196, ProcessGUID: c9182e32-a487-69ca-1800-000000000700",RuleName: -,Image: C:\Windows\System32\svchost.exe,QueryName: DC01,QueryStatus: 0,QueryResults: fe80::edbf:7020:ccdd:502e;::ffff:192.168.93.50;,,False,C:\Users\owunc\Desktop\lab_logs\DC_Sysmon_ws.evtx,Classic,0,"{""EventData"":{""Data"":[{""@Name"":""RuleName"",""#text"":""-""},{""@Name"":""UtcTime"",""#text"":""2026-03-30 18:05:26.951""},{""@Name"":""ProcessGuid"",""#text"":""c9182e32-a487-69ca-1800-000000000700""},{""@Name"":""ProcessId"",""#text"":""1196""},{""@Name"":""QueryName"",""#text"":""DC01""},{""@Name"":""QueryStatus"",""#text"":""0""},{""@Name"":""QueryResults"",""#text"":""fe80::edbf:7020:ccdd:502e;::ffff:192.168.93.50;""},{""@Name"":""Image"",""#text"":""C:\\Windows\\System32\\svchost.exe""},{""@Name"":""User"",""#text"":""NT AUTHORITY\\NETWORK SERVICE""}]}}"
41,41,2026-03-30 18:05:45.1772433,1,Info,Microsoft-Windows-Sysmon,Microsoft-Windows-Sysmon/Operational,1820,4016,DC01.corp.local,0,S-1-5-18,Process creation,CORP\Administrator,,"ProcessID: 6264, ProcessGUID: c9182e32-bb79-69ca-8d08-000000000700",RuleName: -,"MD5=E91BFBB1471048486DAEC863188C0C65,SHA256=56E793491C11180876932D27B40EDFF046978656035172B672ED32B057FAE88D,IMPHASH=259634154CC16A4DA7F582DDD5999089",ParentProcess: C:\Windows\System32\svchost.exe,"ParentProcessID: 960, ParentProcessGUID: c9182e32-a487-69ca-0d00-000000000700",ParentCommandLine: C:\Windows\system32\svchost.exe -k DcomLaunch -p,C:\Windows\System32\smartscreen.exe -Embedding,False,C:\Users\owunc\Desktop\lab_logs\DC_Sysmon_ws.evtx,Classic,0,"{""EventData"":{""Data"":[{""@Name"":""RuleName"",""#text"":""-""},{""@Name"":""UtcTime"",""#text"":""2026-03-30 18:05:45.154""},{""@Name"":""ProcessGuid"",""#text"":""c9182e32-bb79-69ca-8d08-000000000700""},{""@Name"":""ProcessId"",""#text"":""6264""},{""@Name"":""Image"",""#text"":""C:\\Windows\\System32\\smartscreen.exe""},{""@Name"":""FileVersion"",""#text"":""10.0.20348.1 (WinBuild.160101.0800)""},{""@Name"":""Description"",""#text"":""Windows Defender SmartScreen""},{""@Name"":""Product"",""#text"":""Microsoft® Windows® Operating System""},{""@Name"":""Company"",""#text"":""Microsoft Corporation""},{""@Name"":""OriginalFileName"",""#text"":""smartscreen.exe""},{""@Name"":""CommandLine"",""#text"":""C:\\Windows\\System32\\smartscreen.exe -Embedding""},{""@Name"":""CurrentDirectory"",""#text"":""C:\\Windows\\system32\\""},{""@Name"":""User"",""#text"":""CORP\\Administrator""},{""@Name"":""LogonGuid"",""#text"":""c9182e32-a553-69ca-3dc2-090000000000""},{""@Name"":""LogonId"",""#text"":""0x9C23D""},{""@Name"":""TerminalSessionId"",""#text"":""1""},{""@Name"":""IntegrityLevel"",""#text"":""High""},{""@Name"":""Hashes"",""#text"":""MD5=E91BFBB1471048486DAEC863188C0C65,SHA256=56E793491C11180876932D27B40EDFF046978656035172B672ED32B057FAE88D,IMPHASH=259634154CC16A4DA7F582DDD5999089""},{""@Name"":""ParentProcessGuid"",""#text"":""c9182e32-a487-69ca-0d00-000000000700""},{""@Name"":""ParentProcessId"",""#text"":""960""},{""@Name"":""ParentImage"",""#text"":""C:\\Windows\\System32\\svchost.exe""},{""@Name"":""ParentCommandLine"",""#text"":""C:\\Windows\\system32\\svchost.exe -k DcomLaunch -p""},{""@Name"":""ParentUser"",""#text"":""NT AUTHORITY\\SYSTEM""}]}}"
42,42,2026-03-30 18:05:45.2134263,1,Info,Microsoft-Windows-Sysmon,Microsoft-Windows-Sysmon/Operational,1820,4016,DC01.corp.local,0,S-1-5-18,Process creation,CORP\Administrator,,"ProcessID: 3184, ProcessGUID: c9182e32-bb79-69ca-8e08-000000000700",RuleName: -,"MD5=E7A6B1F51EFB405287A8048CFA4690F4,SHA256=EB71EA69DD19F728AB9240565E8C7EFB59821E19E3788E289301E1E74940C208,IMPHASH=D60B77062898DC6BFAE7FE11A0F8806C",ParentProcess: C:\Windows\explorer.exe,"ParentProcessID: 1452, ParentProcessGUID: c9182e32-a553-69ca-b600-000000000700",ParentCommandLine: C:\Windows\Explorer.EXE /NoUACCheck,"""C:\Windows\system32\cmd.exe"" ",False,C:\Users\owunc\Desktop\lab_logs\DC_Sysmon_ws.evtx,Classic,0,"{""EventData"":{""Data"":[{""@Name"":""RuleName"",""#text"":""-""},{""@Name"":""UtcTime"",""#text"":""2026-03-30 18:05:45.208""},{""@Name"":""ProcessGuid"",""#text"":""c9182e32-bb79-69ca-8e08-000000000700""},{""@Name"":""ProcessId"",""#text"":""3184""},{""@Name"":""Image"",""#text"":""C:\\Windows\\System32\\cmd.exe""},{""@Name"":""FileVersion"",""#text"":""10.0.20348.1 (WinBuild.160101.0800)""},{""@Name"":""Description"",""#text"":""Windows Command Processor""},{""@Name"":""Product"",""#text"":""Microsoft® Windows® Operating System""},{""@Name"":""Company"",""#text"":""Microsoft Corporation""},{""@Name"":""OriginalFileName"",""#text"":""Cmd.Exe""},{""@Name"":""CommandLine"",""#text"":""\""C:\\Windows\\system32\\cmd.exe\"" ""},{""@Name"":""CurrentDirectory"",""#text"":""C:\\Users\\Administrator\\""},{""@Name"":""User"",""#text"":""CORP\\Administrator""},{""@Name"":""LogonGuid"",""#text"":""c9182e32-a553-69ca-3dc2-090000000000""},{""@Name"":""LogonId"",""#text"":""0x9C23D""},{""@Name"":""TerminalSessionId"",""#text"":""1""},{""@Name"":""IntegrityLevel"",""#text"":""High""},{""@Name"":""Hashes"",""#text"":""MD5=E7A6B1F51EFB405287A8048CFA4690F4,SHA256=EB71EA69DD19F728AB9240565E8C7EFB59821E19E3788E289301E1E74940C208,IMPHASH=D60B77062898DC6BFAE7FE11A0F8806C""},{""@Name"":""ParentProcessGuid"",""#text"":""c9182e32-a553-69ca-b600-000000000700""},{""@Name"":""ParentProcessId"",""#text"":""1452""},{""@Name"":""ParentImage"",""#text"":""C:\\Windows\\explorer.exe""},{""@Name"":""ParentCommandLine"",""#text"":""C:\\Windows\\Explorer.EXE /NoUACCheck""},{""@Name"":""ParentUser"",""#text"":""CORP\\Administrator""}]}}"
43,43,2026-03-30 18:05:55.8445483,1,Info,Microsoft-Windows-Sysmon,Microsoft-Windows-Sysmon/Operational,1820,4016,DC01.corp.local,0,S-1-5-18,Process creation,CORP\Administrator,,"ProcessID: 6888, ProcessGUID: c9182e32-bb83-69ca-9008-000000000700",RuleName: -,"MD5=B842D20114030DAF4403FF821B8FA86E,SHA256=8AC16DD78A2774BC8BBF87519BF0AF75BEEFBB367EF6FAA5CA7D09CD19B767E9,IMPHASH=5A256C622A588099CE5FDEA4658F93D4",ParentProcess: C:\Windows\System32\cmd.exe,"ParentProcessID: 3184, ParentProcessGUID: c9182e32-bb79-69ca-8e08-000000000700","ParentCommandLine: ""C:\Windows\system32\cmd.exe"" ",gpupdate  /force,False,C:\Users\owunc\Desktop\lab_logs\DC_Sysmon_ws.evtx,Classic,0,"{""EventData"":{""Data"":[{""@Name"":""RuleName"",""#text"":""-""},{""@Name"":""UtcTime"",""#text"":""2026-03-30 18:05:55.842""},{""@Name"":""ProcessGuid"",""#text"":""c9182e32-bb83-69ca-9008-000000000700""},{""@Name"":""ProcessId"",""#text"":""6888""},{""@Name"":""Image"",""#text"":""C:\\Windows\\System32\\gpupdate.exe""},{""@Name"":""FileVersion"",""#text"":""10.0.20348.1 (WinBuild.160101.0800)""},{""@Name"":""Description"",""#text"":""Microsoft® Group Policy Update Utility""},{""@Name"":""Product"",""#text"":""Microsoft® Windows® Operating System""},{""@Name"":""Company"",""#text"":""Microsoft Corporation""},{""@Name"":""OriginalFileName"",""#text"":""GPUpdate.exe""},{""@Name"":""CommandLine"",""#text"":""gpupdate  /force""},{""@Name"":""CurrentDirectory"",""#text"":""C:\\Users\\Administrator\\""},{""@Name"":""User"",""#text"":""CORP\\Administrator""},{""@Name"":""LogonGuid"",""#text"":""c9182e32-a553-69ca-3dc2-090000000000""},{""@Name"":""LogonId"",""#text"":""0x9C23D""},{""@Name"":""TerminalSessionId"",""#text"":""1""},{""@Name"":""IntegrityLevel"",""#text"":""High""},{""@Name"":""Hashes"",""#text"":""MD5=B842D20114030DAF4403FF821B8FA86E,SHA256=8AC16DD78A2774BC8BBF87519BF0AF75BEEFBB367EF6FAA5CA7D09CD19B767E9,IMPHASH=5A256C622A588099CE5FDEA4658F93D4""},{""@Name"":""ParentProcessGuid"",""#text"":""c9182e32-bb79-69ca-8e08-000000000700""},{""@Name"":""ParentProcessId"",""#text"":""3184""},{""@Name"":""ParentImage"",""#text"":""C:\\Windows\\System32\\cmd.exe""},{""@Name"":""ParentCommandLine"",""#text"":""\""C:\\Windows\\system32\\cmd.exe\"" ""},{""@Name"":""ParentUser"",""#text"":""CORP\\Administrator""}]}}"
44,44,2026-03-30 18:05:56.2895740,13,Info,Microsoft-Windows-Sysmon,Microsoft-Windows-Sysmon/Operational,1820,4016,DC01.corp.local,0,S-1-5-18,RegistryEvent (Value Set),NT AUTHORITY\SYSTEM,,"ProcessID: 708, ProcessGUID: c9182e32-a485-69ca-0b00-000000000700",RuleName: T1101,Image: C:\Windows\system32\services.exe,EventType: SetValue,TargetObject: HKLM\System\CurrentControlSet\Control\Lsa\nolmhash,Details: DWORD (0x00000001),,False,C:\Users\owunc\Desktop\lab_logs\DC_Sysmon_ws.evtx,Classic,0,"{""EventData"":{""Data"":[{""@Name"":""RuleName"",""#text"":""T1101""},{""@Name"":""EventType"",""#text"":""SetValue""},{""@Name"":""UtcTime"",""#text"":""2026-03-30 18:05:56.279""},{""@Name"":""ProcessGuid"",""#text"":""c9182e32-a485-69ca-0b00-000000000700""},{""@Name"":""ProcessId"",""#text"":""708""},{""@Name"":""Image"",""#text"":""C:\\Windows\\system32\\services.exe""},{""@Name"":""TargetObject"",""#text"":""HKLM\\System\\CurrentControlSet\\Control\\Lsa\\nolmhash""},{""@Name"":""Details"",""#text"":""DWORD (0x00000001)""},{""@Name"":""User"",""#text"":""NT AUTHORITY\\SYSTEM""}]}}"
45,45,2026-03-30 18:05:56.3536310,1,Info,Microsoft-Windows-Sysmon,Microsoft-Windows-Sysmon/Operational,1820,4016,DC01.corp.local,0,S-1-5-18,Process creation,NT AUTHORITY\SYSTEM,,"ProcessID: 7648, ProcessGUID: c9182e32-bb84-69ca-9308-000000000700",RuleName: -,"MD5=5487316514F4ADA7E6E0BD9EAA2256E7,SHA256=F447AE2E838D4DE71CA4BABA321FEA67DABB38AA4321EFAC81F3FF03CF55FE0A,IMPHASH=1C4E2D9936E4D9F2490B08AAB4D24260",ParentProcess: C:\Windows\System32\svchost.exe,"ParentProcessID: 1688, ParentProcessGUID: c9182e32-a487-69ca-2400-000000000700",ParentCommandLine: C:\Windows\system32\svchost.exe -k netsvcs -p -s Schedule,taskhostw.exe SYSTEM,False,C:\Users\owunc\Desktop\lab_logs\DC_Sysmon_ws.evtx,Classic,0,"{""EventData"":{""Data"":[{""@Name"":""RuleName"",""#text"":""-""},{""@Name"":""UtcTime"",""#text"":""2026-03-30 18:05:56.350""},{""@Name"":""ProcessGuid"",""#text"":""c9182e32-bb84-69ca-9308-000000000700""},{""@Name"":""ProcessId"",""#text"":""7648""},{""@Name"":""Image"",""#text"":""C:\\Windows\\System32\\taskhostw.exe""},{""@Name"":""FileVersion"",""#text"":""10.0.20348.1 (WinBuild.160101.0800)""},{""@Name"":""Description"",""#text"":""Host Process for Windows Tasks""},{""@Name"":""Product"",""#text"":""Microsoft® Windows® Operating System""},{""@Name"":""Company"",""#text"":""Microsoft Corporation""},{""@Name"":""OriginalFileName"",""#text"":""taskhostw.exe""},{""@Name"":""CommandLine"",""#text"":""taskhostw.exe SYSTEM""},{""@Name"":""CurrentDirectory"",""#text"":""C:\\Windows\\system32\\""},{""@Name"":""User"",""#text"":""NT AUTHORITY\\SYSTEM""},{""@Name"":""LogonGuid"",""#text"":""c9182e32-a485-69ca-e703-000000000000""},{""@Name"":""LogonId"",""#text"":""0x3E7""},{""@Name"":""TerminalSessionId"",""#text"":""0""},{""@Name"":""IntegrityLevel"",""#text"":""System""},{""@Name"":""Hashes"",""#text"":""MD5=5487316514F4ADA7E6E0BD9EAA2256E7,SHA256=F447AE2E838D4DE71CA4BABA321FEA67DABB38AA4321EFAC81F3FF03CF55FE0A,IMPHASH=1C4E2D9936E4D9F2490B08AAB4D24260""},{""@Name"":""ParentProcessGuid"",""#text"":""c9182e32-a487-69ca-2400-000000000700""},{""@Name"":""ParentProcessId"",""#text"":""1688""},{""@Name"":""ParentImage"",""#text"":""C:\\Windows\\System32\\svchost.exe""},{""@Name"":""ParentCommandLine"",""#text"":""C:\\Windows\\system32\\svchost.exe -k netsvcs -p -s Schedule""},{""@Name"":""ParentUser"",""#text"":""NT AUTHORITY\\SYSTEM""}]}}"
46,46,2026-03-30 18:05:56.4690748,1,Info,Microsoft-Windows-Sysmon,Microsoft-Windows-Sysmon/Operational,1820,4016,DC01.corp.local,0,S-1-5-18,Process creation,NT AUTHORITY\SYSTEM,,"ProcessID: 1328, ProcessGUID: c9182e32-bb84-69ca-9408-000000000700",RuleName: -,"MD5=5487316514F4ADA7E6E0BD9EAA2256E7,SHA256=F447AE2E838D4DE71CA4BABA321FEA67DABB38AA4321EFAC81F3FF03CF55FE0A,IMPHASH=1C4E2D9936E4D9F2490B08AAB4D24260",ParentProcess: C:\Windows\System32\svchost.exe,"ParentProcessID: 1688, ParentProcessGUID: c9182e32-a487-69ca-2400-000000000700",ParentCommandLine: C:\Windows\system32\svchost.exe -k netsvcs -p -s Schedule,taskhostw.exe ExploitGuardPolicy,False,C:\Users\owunc\Desktop\lab_logs\DC_Sysmon_ws.evtx,Classic,0,"{""EventData"":{""Data"":[{""@Name"":""RuleName"",""#text"":""-""},{""@Name"":""UtcTime"",""#text"":""2026-03-30 18:05:56.468""},{""@Name"":""ProcessGuid"",""#text"":""c9182e32-bb84-69ca-9408-000000000700""},{""@Name"":""ProcessId"",""#text"":""1328""},{""@Name"":""Image"",""#text"":""C:\\Windows\\System32\\taskhostw.exe""},{""@Name"":""FileVersion"",""#text"":""10.0.20348.1 (WinBuild.160101.0800)""},{""@Name"":""Description"",""#text"":""Host Process for Windows Tasks""},{""@Name"":""Product"",""#text"":""Microsoft® Windows® Operating System""},{""@Name"":""Company"",""#text"":""Microsoft Corporation""},{""@Name"":""OriginalFileName"",""#text"":""taskhostw.exe""},{""@Name"":""CommandLine"",""#text"":""taskhostw.exe ExploitGuardPolicy""},{""@Name"":""CurrentDirectory"",""#text"":""C:\\Windows\\system32\\""},{""@Name"":""User"",""#text"":""NT AUTHORITY\\SYSTEM""},{""@Name"":""LogonGuid"",""#text"":""c9182e32-a485-69ca-e703-000000000000""},{""@Name"":""LogonId"",""#text"":""0x3E7""},{""@Name"":""TerminalSessionId"",""#text"":""0""},{""@Name"":""IntegrityLevel"",""#text"":""System""},{""@Name"":""Hashes"",""#text"":""MD5=5487316514F4ADA7E6E0BD9EAA2256E7,SHA256=F447AE2E838D4DE71CA4BABA321FEA67DABB38AA4321EFAC81F3FF03CF55FE0A,IMPHASH=1C4E2D9936E4D9F2490B08AAB4D24260""},{""@Name"":""ParentProcessGuid"",""#text"":""c9182e32-a487-69ca-2400-000000000700""},{""@Name"":""ParentProcessId"",""#text"":""1688""},{""@Name"":""ParentImage"",""#text"":""C:\\Windows\\System32\\svchost.exe""},{""@Name"":""ParentCommandLine"",""#text"":""C:\\Windows\\system32\\svchost.exe -k netsvcs -p -s Schedule""},{""@Name"":""ParentUser"",""#text"":""NT AUTHORITY\\SYSTEM""}]}}"
47,47,2026-03-30 18:05:56.8580209,22,Info,Microsoft-Windows-Sysmon,Microsoft-Windows-Sysmon/Operational,1820,3792,DC01.corp.local,0,S-1-5-18,DNSEvent (DNS query),NT AUTHORITY\NETWORK SERVICE,,"ProcessID: 1196, ProcessGUID: c9182e32-a487-69ca-1800-000000000700",RuleName: -,Image: C:\Windows\System32\svchost.exe,QueryName: DC01,QueryStatus: 0,QueryResults: fe80::edbf:7020:ccdd:502e;192.168.93.50;,,False,C:\Users\owunc\Desktop\lab_logs\DC_Sysmon_ws.evtx,Classic,0,"{""EventData"":{""Data"":[{""@Name"":""RuleName"",""#text"":""-""},{""@Name"":""UtcTime"",""#text"":""2026-03-30 18:05:56.369""},{""@Name"":""ProcessGuid"",""#text"":""c9182e32-a487-69ca-1800-000000000700""},{""@Name"":""ProcessId"",""#text"":""1196""},{""@Name"":""QueryName"",""#text"":""DC01""},{""@Name"":""QueryStatus"",""#text"":""0""},{""@Name"":""QueryResults"",""#text"":""fe80::edbf:7020:ccdd:502e;192.168.93.50;""},{""@Name"":""Image"",""#text"":""C:\\Windows\\System32\\svchost.exe""},{""@Name"":""User"",""#text"":""NT AUTHORITY\\NETWORK SERVICE""}]}}"
48,48,2026-03-30 18:05:56.8580425,22,Info,Microsoft-Windows-Sysmon,Microsoft-Windows-Sysmon/Operational,1820,3792,DC01.corp.local,0,S-1-5-18,DNSEvent (DNS query),NT AUTHORITY\SYSTEM,,"ProcessID: 7648, ProcessGUID: c9182e32-bb84-69ca-9308-000000000700",RuleName: -,Image: C:\Windows\System32\taskhostw.exe,QueryName: DC01.corp.local,QueryStatus: 0,QueryResults: fe80::edbf:7020:ccdd:502e;::ffff:192.168.93.50;,,False,C:\Users\owunc\Desktop\lab_logs\DC_Sysmon_ws.evtx,Classic,0,"{""EventData"":{""Data"":[{""@Name"":""RuleName"",""#text"":""-""},{""@Name"":""UtcTime"",""#text"":""2026-03-30 18:05:56.401""},{""@Name"":""ProcessGuid"",""#text"":""c9182e32-bb84-69ca-9308-000000000700""},{""@Name"":""ProcessId"",""#text"":""7648""},{""@Name"":""QueryName"",""#text"":""DC01.corp.local""},{""@Name"":""QueryStatus"",""#text"":""0""},{""@Name"":""QueryResults"",""#text"":""fe80::edbf:7020:ccdd:502e;::ffff:192.168.93.50;""},{""@Name"":""Image"",""#text"":""C:\\Windows\\System32\\taskhostw.exe""},{""@Name"":""User"",""#text"":""NT AUTHORITY\\SYSTEM""}]}}"
49,49,2026-03-30 18:08:48.4833551,22,Info,Microsoft-Windows-Sysmon,Microsoft-Windows-Sysmon/Operational,1820,3792,DC01.corp.local,0,S-1-5-18,DNSEvent (DNS query),NT AUTHORITY\SYSTEM,,"ProcessID: 2956, ProcessGUID: c9182e32-a491-69ca-3c00-000000000700",RuleName: -,Image: C:\Windows\System32\dfsrs.exe,QueryName: DC01.corp.local,QueryStatus: 0,QueryResults: fe80::edbf:7020:ccdd:502e;::ffff:192.168.93.50;,,False,C:\Users\owunc\Desktop\lab_logs\DC_Sysmon_ws.evtx,Classic,0,"{""EventData"":{""Data"":[{""@Name"":""RuleName"",""#text"":""-""},{""@Name"":""UtcTime"",""#text"":""2026-03-30 18:08:46.421""},{""@Name"":""ProcessGuid"",""#text"":""c9182e32-a491-69ca-3c00-000000000700""},{""@Name"":""ProcessId"",""#text"":""2956""},{""@Name"":""QueryName"",""#text"":""DC01.corp.local""},{""@Name"":""QueryStatus"",""#text"":""0""},{""@Name"":""QueryResults"",""#text"":""fe80::edbf:7020:ccdd:502e;::ffff:192.168.93.50;""},{""@Name"":""Image"",""#text"":""C:\\Windows\\System32\\dfsrs.exe""},{""@Name"":""User"",""#text"":""NT AUTHORITY\\SYSTEM""}]}}"
50,50,2026-03-30 18:10:56.8465622,1,Info,Microsoft-Windows-Sysmon,Microsoft-Windows-Sysmon/Operational,1820,4016,DC01.corp.local,0,S-1-5-18,Process creation,NT AUTHORITY\SYSTEM,,"ProcessID: 4360, ProcessGUID: c9182e32-bcb0-69ca-9508-000000000700",RuleName: -,"MD5=E4FD0A267E8D740F62E3DDF99917CBCC,SHA256=1AB1390EEEB69E7F3975225A9759DBD6621EE858FBD31098C8EB5ADF810F9407,IMPHASH=59970DB1D5EF76D2AB92AE1BF6482723",ParentProcess: C:\Windows\System32\svchost.exe,"ParentProcessID: 1688, ParentProcessGUID: c9182e32-a487-69ca-2400-000000000700",ParentCommandLine: C:\Windows\system32\svchost.exe -k netsvcs -p -s Schedule,C:\Windows\system32\usoclient.exe ReportPolicies,False,C:\Users\owunc\Desktop\lab_logs\DC_Sysmon_ws.evtx,Classic,0,"{""EventData"":{""Data"":[{""@Name"":""RuleName"",""#text"":""-""},{""@Name"":""UtcTime"",""#text"":""2026-03-30 18:10:56.843""},{""@Name"":""ProcessGuid"",""#text"":""c9182e32-bcb0-69ca-9508-000000000700""},{""@Name"":""ProcessId"",""#text"":""4360""},{""@Name"":""Image"",""#text"":""C:\\Windows\\System32\\UsoClient.exe""},{""@Name"":""FileVersion"",""#text"":""10.0.20348.1 (WinBuild.160101.0800)""},{""@Name"":""Description"",""#text"":""UsoClient""},{""@Name"":""Product"",""#text"":""Microsoft® Windows® Operating System""},{""@Name"":""Company"",""#text"":""Microsoft Corporation""},{""@Name"":""OriginalFileName"",""#text"":""UsoClient""},{""@Name"":""CommandLine"",""#text"":""C:\\Windows\\system32\\usoclient.exe ReportPolicies""},{""@Name"":""CurrentDirectory"",""#text"":""C:\\Windows\\system32\\""},{""@Name"":""User"",""#text"":""NT AUTHORITY\\SYSTEM""},{""@Name"":""LogonGuid"",""#text"":""c9182e32-a485-69ca-e703-000000000000""},{""@Name"":""LogonId"",""#text"":""0x3E7""},{""@Name"":""TerminalSessionId"",""#text"":""0""},{""@Name"":""IntegrityLevel"",""#text"":""System""},{""@Name"":""Hashes"",""#text"":""MD5=E4FD0A267E8D740F62E3DDF99917CBCC,SHA256=1AB1390EEEB69E7F3975225A9759DBD6621EE858FBD31098C8EB5ADF810F9407,IMPHASH=59970DB1D5EF76D2AB92AE1BF6482723""},{""@Name"":""ParentProcessGuid"",""#text"":""c9182e32-a487-69ca-2400-000000000700""},{""@Name"":""ParentProcessId"",""#text"":""1688""},{""@Name"":""ParentImage"",""#text"":""C:\\Windows\\System32\\svchost.exe""},{""@Name"":""ParentCommandLine"",""#text"":""C:\\Windows\\system32\\svchost.exe -k netsvcs -p -s Schedule""},{""@Name"":""ParentUser"",""#text"":""NT AUTHORITY\\SYSTEM""}]}}"
51,51,2026-03-30 18:11:18.2200104,1,Info,Microsoft-Windows-Sysmon,Microsoft-Windows-Sysmon/Operational,1820,4016,DC01.corp.local,0,S-1-5-18,Process creation,NT AUTHORITY\SYSTEM,,"ProcessID: 6828, ProcessGUID: c9182e32-bcc6-69ca-9708-000000000700",RuleName: -,"MD5=DC32ABA4669EAFB22FCACD5EC836A107,SHA256=31780FF2AAF7BC71F755BA0E4FEF1D61B060D1D2741EAFB33CBAB44D889595A0,IMPHASH=D8C4E4978657CEA220B495778C972E64",ParentProcess: C:\Windows\System32\services.exe,"ParentProcessID: 708, ParentProcessGUID: c9182e32-a485-69ca-0b00-000000000700",ParentCommandLine: C:\Windows\system32\services.exe,C:\Windows\System32\svchost.exe -k netsvcs -p -s NetSetupSvc,False,C:\Users\owunc\Desktop\lab_logs\DC_Sysmon_ws.evtx,Classic,0,"{""EventData"":{""Data"":[{""@Name"":""RuleName"",""#text"":""-""},{""@Name"":""UtcTime"",""#text"":""2026-03-30 18:11:18.218""},{""@Name"":""ProcessGuid"",""#text"":""c9182e32-bcc6-69ca-9708-000000000700""},{""@Name"":""ProcessId"",""#text"":""6828""},{""@Name"":""Image"",""#text"":""C:\\Windows\\System32\\svchost.exe""},{""@Name"":""FileVersion"",""#text"":""10.0.20348.558 (WinBuild.160101.0800)""},{""@Name"":""Description"",""#text"":""Host Process for Windows Services""},{""@Name"":""Product"",""#text"":""Microsoft® Windows® Operating System""},{""@Name"":""Company"",""#text"":""Microsoft Corporation""},{""@Name"":""OriginalFileName"",""#text"":""svchost.exe""},{""@Name"":""CommandLine"",""#text"":""C:\\Windows\\System32\\svchost.exe -k netsvcs -p -s NetSetupSvc""},{""@Name"":""CurrentDirectory"",""#text"":""C:\\Windows\\system32\\""},{""@Name"":""User"",""#text"":""NT AUTHORITY\\SYSTEM""},{""@Name"":""LogonGuid"",""#text"":""c9182e32-a485-69ca-e703-000000000000""},{""@Name"":""LogonId"",""#text"":""0x3E7""},{""@Name"":""TerminalSessionId"",""#text"":""0""},{""@Name"":""IntegrityLevel"",""#text"":""System""},{""@Name"":""Hashes"",""#text"":""MD5=DC32ABA4669EAFB22FCACD5EC836A107,SHA256=31780FF2AAF7BC71F755BA0E4FEF1D61B060D1D2741EAFB33CBAB44D889595A0,IMPHASH=D8C4E4978657CEA220B495778C972E64""},{""@Name"":""ParentProcessGuid"",""#text"":""c9182e32-a485-69ca-0b00-000000000700""},{""@Name"":""ParentProcessId"",""#text"":""708""},{""@Name"":""ParentImage"",""#text"":""C:\\Windows\\System32\\services.exe""},{""@Name"":""ParentCommandLine"",""#text"":""C:\\Windows\\system32\\services.exe""},{""@Name"":""ParentUser"",""#text"":""NT AUTHORITY\\SYSTEM""}]}}"
52,52,2026-03-30 18:14:18.3579419,22,Info,Microsoft-Windows-Sysmon,Microsoft-Windows-Sysmon/Operational,1820,3792,DC01.corp.local,0,S-1-5-18,DNSEvent (DNS query),NT AUTHORITY\SYSTEM,,"ProcessID: 728, ProcessGUID: c9182e32-a485-69ca-0c00-000000000700",RuleName: -,Image: C:\Windows\System32\lsass.exe,QueryName: _ldap._tcp.Default-First-Site-Name._sites.dc._msdcs.corp.local.,QueryStatus: 0,QueryResults: type: 33 dc01.corp.local;192.168.93.50;,,False,C:\Users\owunc\Desktop\lab_logs\DC_Sysmon_ws.evtx,Classic,0,"{""EventData"":{""Data"":[{""@Name"":""RuleName"",""#text"":""-""},{""@Name"":""UtcTime"",""#text"":""2026-03-30 18:14:16.329""},{""@Name"":""ProcessGuid"",""#text"":""c9182e32-a485-69ca-0c00-000000000700""},{""@Name"":""ProcessId"",""#text"":""728""},{""@Name"":""QueryName"",""#text"":""_ldap._tcp.Default-First-Site-Name._sites.dc._msdcs.corp.local.""},{""@Name"":""QueryStatus"",""#text"":""0""},{""@Name"":""QueryResults"",""#text"":""type: 33 dc01.corp.local;192.168.93.50;""},{""@Name"":""Image"",""#text"":""C:\\Windows\\System32\\lsass.exe""},{""@Name"":""User"",""#text"":""NT AUTHORITY\\SYSTEM""}]}}"
53,53,2026-03-30 18:14:40.1235859,22,Info,Microsoft-Windows-Sysmon,Microsoft-Windows-Sysmon/Operational,1820,3792,DC01.corp.local,0,S-1-5-18,DNSEvent (DNS query),NT AUTHORITY\LOCAL SERVICE,,"ProcessID: 1840, ProcessGUID: c9182e32-a487-69ca-2500-000000000700",RuleName: -,Image: C:\Windows\System32\svchost.exe,QueryName: wpad,QueryStatus: 9003,QueryResults: -,,False,C:\Users\owunc\Desktop\lab_logs\DC_Sysmon_ws.evtx,Classic,0,"{""EventData"":{""Data"":[{""@Name"":""RuleName"",""#text"":""-""},{""@Name"":""UtcTime"",""#text"":""2026-03-30 18:14:38.001""},{""@Name"":""ProcessGuid"",""#text"":""c9182e32-a487-69ca-2500-000000000700""},{""@Name"":""ProcessId"",""#text"":""1840""},{""@Name"":""QueryName"",""#text"":""wpad""},{""@Name"":""QueryStatus"",""#text"":""9003""},{""@Name"":""QueryResults"",""#text"":""-""},{""@Name"":""Image"",""#text"":""C:\\Windows\\System32\\svchost.exe""},{""@Name"":""User"",""#text"":""NT AUTHORITY\\LOCAL SERVICE""}]}}"
54,54,2026-03-30 18:16:00.1313773,1,Info,Microsoft-Windows-Sysmon,Microsoft-Windows-Sysmon/Operational,1820,4016,DC01.corp.local,1,S-1-5-18,Process creation,NT AUTHORITY\SYSTEM,,"ProcessID: 7072, ProcessGUID: c9182e32-bde0-69ca-9908-000000000700",RuleName: -,"MD5=6CD47CA4515B2F81B5CA1E6CA9A323CC,SHA256=CABE8FF476F814DF398735AD3AD993884AD100C9AA4C153B4BACB7EF9FB555F9,IMPHASH=0EF1A1FBF5FA5B3737A8D19C60F416A9",ParentProcess: C:\Windows\System32\winlogon.exe,"ParentProcessID: 664, ParentProcessGUID: c9182e32-a485-69ca-0a00-000000000700",ParentCommandLine: winlogon.exe,"""LogonUI.exe"" /flags:0x0 /state0:0xa3cd1855 /state1:0x41c64e6d",False,C:\Users\owunc\Desktop\lab_logs\DC_Sysmon_ws.evtx,Classic,0,"{""EventData"":{""Data"":[{""@Name"":""RuleName"",""#text"":""-""},{""@Name"":""UtcTime"",""#text"":""2026-03-30 18:16:00.125""},{""@Name"":""ProcessGuid"",""#text"":""c9182e32-bde0-69ca-9908-000000000700""},{""@Name"":""ProcessId"",""#text"":""7072""},{""@Name"":""Image"",""#text"":""C:\\Windows\\System32\\LogonUI.exe""},{""@Name"":""FileVersion"",""#text"":""10.0.20348.1 (WinBuild.160101.0800)""},{""@Name"":""Description"",""#text"":""Windows Logon User Interface Host""},{""@Name"":""Product"",""#text"":""Microsoft® Windows® Operating System""},{""@Name"":""Company"",""#text"":""Microsoft Corporation""},{""@Name"":""OriginalFileName"",""#text"":""logonui.exe""},{""@Name"":""CommandLine"",""#text"":""\""LogonUI.exe\"" /flags:0x0 /state0:0xa3cd1855 /state1:0x41c64e6d""},{""@Name"":""CurrentDirectory"",""#text"":""C:\\Windows\\system32\\""},{""@Name"":""User"",""#text"":""NT AUTHORITY\\SYSTEM""},{""@Name"":""LogonGuid"",""#text"":""c9182e32-a485-69ca-e703-000000000000""},{""@Name"":""LogonId"",""#text"":""0x3E7""},{""@Name"":""TerminalSessionId"",""#text"":""1""},{""@Name"":""IntegrityLevel"",""#text"":""System""},{""@Name"":""Hashes"",""#text"":""MD5=6CD47CA4515B2F81B5CA1E6CA9A323CC,SHA256=CABE8FF476F814DF398735AD3AD993884AD100C9AA4C153B4BACB7EF9FB555F9,IMPHASH=0EF1A1FBF5FA5B3737A8D19C60F416A9""},{""@Name"":""ParentProcessGuid"",""#text"":""c9182e32-a485-69ca-0a00-000000000700""},{""@Name"":""ParentProcessId"",""#text"":""664""},{""@Name"":""ParentImage"",""#text"":""C:\\Windows\\System32\\winlogon.exe""},{""@Name"":""ParentCommandLine"",""#text"":""winlogon.exe""},{""@Name"":""ParentUser"",""#text"":""NT AUTHORITY\\SYSTEM""}]}}"
55,55,2026-03-30 18:16:00.1669383,1,Info,Microsoft-Windows-Sysmon,Microsoft-Windows-Sysmon/Operational,1820,4016,DC01.corp.local,1,S-1-5-18,Process creation,CORP\Administrator,,"ProcessID: 6692, ProcessGUID: c9182e32-bde0-69ca-9a08-000000000700",RuleName: -,"MD5=5487316514F4ADA7E6E0BD9EAA2256E7,SHA256=F447AE2E838D4DE71CA4BABA321FEA67DABB38AA4321EFAC81F3FF03CF55FE0A,IMPHASH=1C4E2D9936E4D9F2490B08AAB4D24260",ParentProcess: C:\Windows\System32\svchost.exe,"ParentProcessID: 1688, ParentProcessGUID: c9182e32-a487-69ca-2400-000000000700",ParentCommandLine: C:\Windows\system32\svchost.exe -k netsvcs -p -s Schedule,taskhostw.exe KEYROAMING,False,C:\Users\owunc\Desktop\lab_logs\DC_Sysmon_ws.evtx,Classic,0,"{""EventData"":{""Data"":[{""@Name"":""RuleName"",""#text"":""-""},{""@Name"":""UtcTime"",""#text"":""2026-03-30 18:16:00.166""},{""@Name"":""ProcessGuid"",""#text"":""c9182e32-bde0-69ca-9a08-000000000700""},{""@Name"":""ProcessId"",""#text"":""6692""},{""@Name"":""Image"",""#text"":""C:\\Windows\\System32\\taskhostw.exe""},{""@Name"":""FileVersion"",""#text"":""10.0.20348.1 (WinBuild.160101.0800)""},{""@Name"":""Description"",""#text"":""Host Process for Windows Tasks""},{""@Name"":""Product"",""#text"":""Microsoft® Windows® Operating System""},{""@Name"":""Company"",""#text"":""Microsoft Corporation""},{""@Name"":""OriginalFileName"",""#text"":""taskhostw.exe""},{""@Name"":""CommandLine"",""#text"":""taskhostw.exe KEYROAMING""},{""@Name"":""CurrentDirectory"",""#text"":""C:\\Windows\\system32\\""},{""@Name"":""User"",""#text"":""CORP\\Administrator""},{""@Name"":""LogonGuid"",""#text"":""c9182e32-a553-69ca-3dc2-090000000000""},{""@Name"":""LogonId"",""#text"":""0x9C23D""},{""@Name"":""TerminalSessionId"",""#text"":""1""},{""@Name"":""IntegrityLevel"",""#text"":""High""},{""@Name"":""Hashes"",""#text"":""MD5=5487316514F4ADA7E6E0BD9EAA2256E7,SHA256=F447AE2E838D4DE71CA4BABA321FEA67DABB38AA4321EFAC81F3FF03CF55FE0A,IMPHASH=1C4E2D9936E4D9F2490B08AAB4D24260""},{""@Name"":""ParentProcessGuid"",""#text"":""c9182e32-a487-69ca-2400-000000000700""},{""@Name"":""ParentProcessId"",""#text"":""1688""},{""@Name"":""ParentImage"",""#text"":""C:\\Windows\\System32\\svchost.exe""},{""@Name"":""ParentCommandLine"",""#text"":""C:\\Windows\\system32\\svchost.exe -k netsvcs -p -s Schedule""},{""@Name"":""ParentUser"",""#text"":""NT AUTHORITY\\SYSTEM""}]}}"
56,56,2026-03-30 18:30:03.0033323,1,Info,Microsoft-Windows-Sysmon,Microsoft-Windows-Sysmon/Operational,1820,4016,DC01.corp.local,1,S-1-5-18,Process creation,NT AUTHORITY\SYSTEM,,"ProcessID: 2080, ProcessGUID: c9182e32-c12b-69ca-9d08-000000000700",RuleName: -,"MD5=DC32ABA4669EAFB22FCACD5EC836A107,SHA256=31780FF2AAF7BC71F755BA0E4FEF1D61B060D1D2741EAFB33CBAB44D889595A0,IMPHASH=D8C4E4978657CEA220B495778C972E64",ParentProcess: C:\Windows\System32\services.exe,"ParentProcessID: 708, ParentProcessGUID: c9182e32-a485-69ca-0b00-000000000700",ParentCommandLine: C:\Windows\system32\services.exe,C:\Windows\System32\svchost.exe -k netsvcs -p -s NetSetupSvc,False,C:\Users\owunc\Desktop\lab_logs\DC_Sysmon_ws.evtx,Classic,0,"{""EventData"":{""Data"":[{""@Name"":""RuleName"",""#text"":""-""},{""@Name"":""UtcTime"",""#text"":""2026-03-30 18:30:03.000""},{""@Name"":""ProcessGuid"",""#text"":""c9182e32-c12b-69ca-9d08-000000000700""},{""@Name"":""ProcessId"",""#text"":""2080""},{""@Name"":""Image"",""#text"":""C:\\Windows\\System32\\svchost.exe""},{""@Name"":""FileVersion"",""#text"":""10.0.20348.558 (WinBuild.160101.0800)""},{""@Name"":""Description"",""#text"":""Host Process for Windows Services""},{""@Name"":""Product"",""#text"":""Microsoft® Windows® Operating System""},{""@Name"":""Company"",""#text"":""Microsoft Corporation""},{""@Name"":""OriginalFileName"",""#text"":""svchost.exe""},{""@Name"":""CommandLine"",""#text"":""C:\\Windows\\System32\\svchost.exe -k netsvcs -p -s NetSetupSvc""},{""@Name"":""CurrentDirectory"",""#text"":""C:\\Windows\\system32\\""},{""@Name"":""User"",""#text"":""NT AUTHORITY\\SYSTEM""},{""@Name"":""LogonGuid"",""#text"":""c9182e32-a485-69ca-e703-000000000000""},{""@Name"":""LogonId"",""#text"":""0x3E7""},{""@Name"":""TerminalSessionId"",""#text"":""0""},{""@Name"":""IntegrityLevel"",""#text"":""System""},{""@Name"":""Hashes"",""#text"":""MD5=DC32ABA4669EAFB22FCACD5EC836A107,SHA256=31780FF2AAF7BC71F755BA0E4FEF1D61B060D1D2741EAFB33CBAB44D889595A0,IMPHASH=D8C4E4978657CEA220B495778C972E64""},{""@Name"":""ParentProcessGuid"",""#text"":""c9182e32-a485-69ca-0b00-000000000700""},{""@Name"":""ParentProcessId"",""#text"":""708""},{""@Name"":""ParentImage"",""#text"":""C:\\Windows\\System32\\services.exe""},{""@Name"":""ParentCommandLine"",""#text"":""C:\\Windows\\system32\\services.exe""},{""@Name"":""ParentUser"",""#text"":""NT AUTHORITY\\SYSTEM""}]}}"
