501,501,2026-03-30 20:58:43.4073333,13,Info,Microsoft-Windows-Sysmon,Microsoft-Windows-Sysmon/Operational,2448,4460,DC01.corp.local,10,S-1-5-18,RegistryEvent (Value Set),NT AUTHORITY\SYSTEM,,"ProcessID: 412, ProcessGUID: c9182e32-e3ef-69ca-5d01-000000000900",RuleName: InvDB-Pub,Image: C:\Windows\system32\CompatTelRunner.exe,EventType: SetValue,TargetObject: \REGISTRY\A\{12d92a9f-7a3b-175f-7ba0-3f657f6fc855}\Root\InventoryApplicationFile\agent-auth.exe|2e8855e6c2c2b837\Publisher,Details: wazuh inc.,,False,C:\Users\owunc\Desktop\lab_logs\DC_Sysmon_ws.evtx,Classic,0,"{""EventData"":{""Data"":[{""@Name"":""RuleName"",""#text"":""InvDB-Pub""},{""@Name"":""EventType"",""#text"":""SetValue""},{""@Name"":""UtcTime"",""#text"":""2026-03-30 20:58:43.399""},{""@Name"":""ProcessGuid"",""#text"":""c9182e32-e3ef-69ca-5d01-000000000900""},{""@Name"":""ProcessId"",""#text"":""412""},{""@Name"":""Image"",""#text"":""C:\\Windows\\system32\\CompatTelRunner.exe""},{""@Name"":""TargetObject"",""#text"":""\\REGISTRY\\A\\{12d92a9f-7a3b-175f-7ba0-3f657f6fc855}\\Root\\InventoryApplicationFile\\agent-auth.exe|2e8855e6c2c2b837\\Publisher""},{""@Name"":""Details"",""#text"":""wazuh inc.""},{""@Name"":""User"",""#text"":""NT AUTHORITY\\SYSTEM""}]}}"
502,502,2026-03-30 20:58:43.4075265,13,Info,Microsoft-Windows-Sysmon,Microsoft-Windows-Sysmon/Operational,2448,4460,DC01.corp.local,10,S-1-5-18,RegistryEvent (Value Set),NT AUTHORITY\SYSTEM,,"ProcessID: 412, ProcessGUID: c9182e32-e3ef-69ca-5d01-000000000900",RuleName: InvDB-CompileTimeClaim,Image: C:\Windows\system32\CompatTelRunner.exe,EventType: SetValue,TargetObject: \REGISTRY\A\{12d92a9f-7a3b-175f-7ba0-3f657f6fc855}\Root\InventoryApplicationFile\agent-auth.exe|2e8855e6c2c2b837\LinkDate,Details: 03/13/2026 10:30:43,,False,C:\Users\owunc\Desktop\lab_logs\DC_Sysmon_ws.evtx,Classic,0,"{""EventData"":{""Data"":[{""@Name"":""RuleName"",""#text"":""InvDB-CompileTimeClaim""},{""@Name"":""EventType"",""#text"":""SetValue""},{""@Name"":""UtcTime"",""#text"":""2026-03-30 20:58:43.399""},{""@Name"":""ProcessGuid"",""#text"":""c9182e32-e3ef-69ca-5d01-000000000900""},{""@Name"":""ProcessId"",""#text"":""412""},{""@Name"":""Image"",""#text"":""C:\\Windows\\system32\\CompatTelRunner.exe""},{""@Name"":""TargetObject"",""#text"":""\\REGISTRY\\A\\{12d92a9f-7a3b-175f-7ba0-3f657f6fc855}\\Root\\InventoryApplicationFile\\agent-auth.exe|2e8855e6c2c2b837\\LinkDate""},{""@Name"":""Details"",""#text"":""03/13/2026 10:30:43""},{""@Name"":""User"",""#text"":""NT AUTHORITY\\SYSTEM""}]}}"
503,503,2026-03-30 20:58:43.4075614,13,Info,Microsoft-Windows-Sysmon,Microsoft-Windows-Sysmon/Operational,2448,4460,DC01.corp.local,10,S-1-5-18,RegistryEvent (Value Set),NT AUTHORITY\SYSTEM,,"ProcessID: 412, ProcessGUID: c9182e32-e3ef-69ca-5d01-000000000900",RuleName: InvDB-Ver,Image: C:\Windows\system32\CompatTelRunner.exe,EventType: SetValue,TargetObject: \REGISTRY\A\{12d92a9f-7a3b-175f-7ba0-3f657f6fc855}\Root\InventoryApplicationFile\agent-auth.exe|2e8855e6c2c2b837\BinProductVersion,Details: 4.14.4.0,,False,C:\Users\owunc\Desktop\lab_logs\DC_Sysmon_ws.evtx,Classic,0,"{""EventData"":{""Data"":[{""@Name"":""RuleName"",""#text"":""InvDB-Ver""},{""@Name"":""EventType"",""#text"":""SetValue""},{""@Name"":""UtcTime"",""#text"":""2026-03-30 20:58:43.399""},{""@Name"":""ProcessGuid"",""#text"":""c9182e32-e3ef-69ca-5d01-000000000900""},{""@Name"":""ProcessId"",""#text"":""412""},{""@Name"":""Image"",""#text"":""C:\\Windows\\system32\\CompatTelRunner.exe""},{""@Name"":""TargetObject"",""#text"":""\\REGISTRY\\A\\{12d92a9f-7a3b-175f-7ba0-3f657f6fc855}\\Root\\InventoryApplicationFile\\agent-auth.exe|2e8855e6c2c2b837\\BinProductVersion""},{""@Name"":""Details"",""#text"":""4.14.4.0""},{""@Name"":""User"",""#text"":""NT AUTHORITY\\SYSTEM""}]}}"
504,504,2026-03-30 20:58:43.4077533,13,Info,Microsoft-Windows-Sysmon,Microsoft-Windows-Sysmon/Operational,2448,4460,DC01.corp.local,10,S-1-5-18,RegistryEvent (Value Set),NT AUTHORITY\SYSTEM,,"ProcessID: 412, ProcessGUID: c9182e32-e3ef-69ca-5d01-000000000900",RuleName: InvDB-Path,Image: C:\Windows\system32\CompatTelRunner.exe,EventType: SetValue,TargetObject: \REGISTRY\A\{12d92a9f-7a3b-175f-7ba0-3f657f6fc855}\Root\InventoryApplicationFile\manage_agents.ex|fbfc877de621022a\LowerCaseLongPath,Details: c:\program files (x86)\ossec-agent\manage_agents.exe,,False,C:\Users\owunc\Desktop\lab_logs\DC_Sysmon_ws.evtx,Classic,0,"{""EventData"":{""Data"":[{""@Name"":""RuleName"",""#text"":""InvDB-Path""},{""@Name"":""EventType"",""#text"":""SetValue""},{""@Name"":""UtcTime"",""#text"":""2026-03-30 20:58:43.399""},{""@Name"":""ProcessGuid"",""#text"":""c9182e32-e3ef-69ca-5d01-000000000900""},{""@Name"":""ProcessId"",""#text"":""412""},{""@Name"":""Image"",""#text"":""C:\\Windows\\system32\\CompatTelRunner.exe""},{""@Name"":""TargetObject"",""#text"":""\\REGISTRY\\A\\{12d92a9f-7a3b-175f-7ba0-3f657f6fc855}\\Root\\InventoryApplicationFile\\manage_agents.ex|fbfc877de621022a\\LowerCaseLongPath""},{""@Name"":""Details"",""#text"":""c:\\program files (x86)\\ossec-agent\\manage_agents.exe""},{""@Name"":""User"",""#text"":""NT AUTHORITY\\SYSTEM""}]}}"
505,505,2026-03-30 20:58:43.4078167,13,Info,Microsoft-Windows-Sysmon,Microsoft-Windows-Sysmon/Operational,2448,4460,DC01.corp.local,10,S-1-5-18,RegistryEvent (Value Set),NT AUTHORITY\SYSTEM,,"ProcessID: 412, ProcessGUID: c9182e32-e3ef-69ca-5d01-000000000900",RuleName: InvDB-Pub,Image: C:\Windows\system32\CompatTelRunner.exe,EventType: SetValue,TargetObject: \REGISTRY\A\{12d92a9f-7a3b-175f-7ba0-3f657f6fc855}\Root\InventoryApplicationFile\manage_agents.ex|fbfc877de621022a\Publisher,Details: wazuh inc.,,False,C:\Users\owunc\Desktop\lab_logs\DC_Sysmon_ws.evtx,Classic,0,"{""EventData"":{""Data"":[{""@Name"":""RuleName"",""#text"":""InvDB-Pub""},{""@Name"":""EventType"",""#text"":""SetValue""},{""@Name"":""UtcTime"",""#text"":""2026-03-30 20:58:43.399""},{""@Name"":""ProcessGuid"",""#text"":""c9182e32-e3ef-69ca-5d01-000000000900""},{""@Name"":""ProcessId"",""#text"":""412""},{""@Name"":""Image"",""#text"":""C:\\Windows\\system32\\CompatTelRunner.exe""},{""@Name"":""TargetObject"",""#text"":""\\REGISTRY\\A\\{12d92a9f-7a3b-175f-7ba0-3f657f6fc855}\\Root\\InventoryApplicationFile\\manage_agents.ex|fbfc877de621022a\\Publisher""},{""@Name"":""Details"",""#text"":""wazuh inc.""},{""@Name"":""User"",""#text"":""NT AUTHORITY\\SYSTEM""}]}}"
506,506,2026-03-30 20:58:43.4080097,13,Info,Microsoft-Windows-Sysmon,Microsoft-Windows-Sysmon/Operational,2448,4460,DC01.corp.local,10,S-1-5-18,RegistryEvent (Value Set),NT AUTHORITY\SYSTEM,,"ProcessID: 412, ProcessGUID: c9182e32-e3ef-69ca-5d01-000000000900",RuleName: InvDB-CompileTimeClaim,Image: C:\Windows\system32\CompatTelRunner.exe,EventType: SetValue,TargetObject: \REGISTRY\A\{12d92a9f-7a3b-175f-7ba0-3f657f6fc855}\Root\InventoryApplicationFile\manage_agents.ex|fbfc877de621022a\LinkDate,Details: 03/13/2026 10:30:43,,False,C:\Users\owunc\Desktop\lab_logs\DC_Sysmon_ws.evtx,Classic,0,"{""EventData"":{""Data"":[{""@Name"":""RuleName"",""#text"":""InvDB-CompileTimeClaim""},{""@Name"":""EventType"",""#text"":""SetValue""},{""@Name"":""UtcTime"",""#text"":""2026-03-30 20:58:43.399""},{""@Name"":""ProcessGuid"",""#text"":""c9182e32-e3ef-69ca-5d01-000000000900""},{""@Name"":""ProcessId"",""#text"":""412""},{""@Name"":""Image"",""#text"":""C:\\Windows\\system32\\CompatTelRunner.exe""},{""@Name"":""TargetObject"",""#text"":""\\REGISTRY\\A\\{12d92a9f-7a3b-175f-7ba0-3f657f6fc855}\\Root\\InventoryApplicationFile\\manage_agents.ex|fbfc877de621022a\\LinkDate""},{""@Name"":""Details"",""#text"":""03/13/2026 10:30:43""},{""@Name"":""User"",""#text"":""NT AUTHORITY\\SYSTEM""}]}}"
507,507,2026-03-30 20:58:43.4080440,13,Info,Microsoft-Windows-Sysmon,Microsoft-Windows-Sysmon/Operational,2448,4460,DC01.corp.local,10,S-1-5-18,RegistryEvent (Value Set),NT AUTHORITY\SYSTEM,,"ProcessID: 412, ProcessGUID: c9182e32-e3ef-69ca-5d01-000000000900",RuleName: InvDB-Ver,Image: C:\Windows\system32\CompatTelRunner.exe,EventType: SetValue,TargetObject: \REGISTRY\A\{12d92a9f-7a3b-175f-7ba0-3f657f6fc855}\Root\InventoryApplicationFile\manage_agents.ex|fbfc877de621022a\BinProductVersion,Details: 4.14.4.0,,False,C:\Users\owunc\Desktop\lab_logs\DC_Sysmon_ws.evtx,Classic,0,"{""EventData"":{""Data"":[{""@Name"":""RuleName"",""#text"":""InvDB-Ver""},{""@Name"":""EventType"",""#text"":""SetValue""},{""@Name"":""UtcTime"",""#text"":""2026-03-30 20:58:43.399""},{""@Name"":""ProcessGuid"",""#text"":""c9182e32-e3ef-69ca-5d01-000000000900""},{""@Name"":""ProcessId"",""#text"":""412""},{""@Name"":""Image"",""#text"":""C:\\Windows\\system32\\CompatTelRunner.exe""},{""@Name"":""TargetObject"",""#text"":""\\REGISTRY\\A\\{12d92a9f-7a3b-175f-7ba0-3f657f6fc855}\\Root\\InventoryApplicationFile\\manage_agents.ex|fbfc877de621022a\\BinProductVersion""},{""@Name"":""Details"",""#text"":""4.14.4.0""},{""@Name"":""User"",""#text"":""NT AUTHORITY\\SYSTEM""}]}}"
508,508,2026-03-30 20:58:43.4082334,13,Info,Microsoft-Windows-Sysmon,Microsoft-Windows-Sysmon/Operational,2448,4460,DC01.corp.local,10,S-1-5-18,RegistryEvent (Value Set),NT AUTHORITY\SYSTEM,,"ProcessID: 412, ProcessGUID: c9182e32-e3ef-69ca-5d01-000000000900",RuleName: InvDB-Path,Image: C:\Windows\system32\CompatTelRunner.exe,EventType: SetValue,TargetObject: \REGISTRY\A\{12d92a9f-7a3b-175f-7ba0-3f657f6fc855}\Root\InventoryApplicationFile\netsh.exe|49c89a9b3064bf46\LowerCaseLongPath,Details: c:\program files (x86)\ossec-agent\active-response\bin\netsh.exe,,False,C:\Users\owunc\Desktop\lab_logs\DC_Sysmon_ws.evtx,Classic,0,"{""EventData"":{""Data"":[{""@Name"":""RuleName"",""#text"":""InvDB-Path""},{""@Name"":""EventType"",""#text"":""SetValue""},{""@Name"":""UtcTime"",""#text"":""2026-03-30 20:58:43.399""},{""@Name"":""ProcessGuid"",""#text"":""c9182e32-e3ef-69ca-5d01-000000000900""},{""@Name"":""ProcessId"",""#text"":""412""},{""@Name"":""Image"",""#text"":""C:\\Windows\\system32\\CompatTelRunner.exe""},{""@Name"":""TargetObject"",""#text"":""\\REGISTRY\\A\\{12d92a9f-7a3b-175f-7ba0-3f657f6fc855}\\Root\\InventoryApplicationFile\\netsh.exe|49c89a9b3064bf46\\LowerCaseLongPath""},{""@Name"":""Details"",""#text"":""c:\\program files (x86)\\ossec-agent\\active-response\\bin\\netsh.exe""},{""@Name"":""User"",""#text"":""NT AUTHORITY\\SYSTEM""}]}}"
509,509,2026-03-30 20:58:43.4082954,13,Info,Microsoft-Windows-Sysmon,Microsoft-Windows-Sysmon/Operational,2448,4460,DC01.corp.local,10,S-1-5-18,RegistryEvent (Value Set),NT AUTHORITY\SYSTEM,,"ProcessID: 412, ProcessGUID: c9182e32-e3ef-69ca-5d01-000000000900",RuleName: InvDB-Pub,Image: C:\Windows\system32\CompatTelRunner.exe,EventType: SetValue,TargetObject: \REGISTRY\A\{12d92a9f-7a3b-175f-7ba0-3f657f6fc855}\Root\InventoryApplicationFile\netsh.exe|49c89a9b3064bf46\Publisher,Details: wazuh inc.,,False,C:\Users\owunc\Desktop\lab_logs\DC_Sysmon_ws.evtx,Classic,0,"{""EventData"":{""Data"":[{""@Name"":""RuleName"",""#text"":""InvDB-Pub""},{""@Name"":""EventType"",""#text"":""SetValue""},{""@Name"":""UtcTime"",""#text"":""2026-03-30 20:58:43.399""},{""@Name"":""ProcessGuid"",""#text"":""c9182e32-e3ef-69ca-5d01-000000000900""},{""@Name"":""ProcessId"",""#text"":""412""},{""@Name"":""Image"",""#text"":""C:\\Windows\\system32\\CompatTelRunner.exe""},{""@Name"":""TargetObject"",""#text"":""\\REGISTRY\\A\\{12d92a9f-7a3b-175f-7ba0-3f657f6fc855}\\Root\\InventoryApplicationFile\\netsh.exe|49c89a9b3064bf46\\Publisher""},{""@Name"":""Details"",""#text"":""wazuh inc.""},{""@Name"":""User"",""#text"":""NT AUTHORITY\\SYSTEM""}]}}"
510,510,2026-03-30 20:58:43.4084958,13,Info,Microsoft-Windows-Sysmon,Microsoft-Windows-Sysmon/Operational,2448,4460,DC01.corp.local,10,S-1-5-18,RegistryEvent (Value Set),NT AUTHORITY\SYSTEM,,"ProcessID: 412, ProcessGUID: c9182e32-e3ef-69ca-5d01-000000000900",RuleName: InvDB-CompileTimeClaim,Image: C:\Windows\system32\CompatTelRunner.exe,EventType: SetValue,TargetObject: \REGISTRY\A\{12d92a9f-7a3b-175f-7ba0-3f657f6fc855}\Root\InventoryApplicationFile\netsh.exe|49c89a9b3064bf46\LinkDate,Details: 03/13/2026 10:30:46,,False,C:\Users\owunc\Desktop\lab_logs\DC_Sysmon_ws.evtx,Classic,0,"{""EventData"":{""Data"":[{""@Name"":""RuleName"",""#text"":""InvDB-CompileTimeClaim""},{""@Name"":""EventType"",""#text"":""SetValue""},{""@Name"":""UtcTime"",""#text"":""2026-03-30 20:58:43.399""},{""@Name"":""ProcessGuid"",""#text"":""c9182e32-e3ef-69ca-5d01-000000000900""},{""@Name"":""ProcessId"",""#text"":""412""},{""@Name"":""Image"",""#text"":""C:\\Windows\\system32\\CompatTelRunner.exe""},{""@Name"":""TargetObject"",""#text"":""\\REGISTRY\\A\\{12d92a9f-7a3b-175f-7ba0-3f657f6fc855}\\Root\\InventoryApplicationFile\\netsh.exe|49c89a9b3064bf46\\LinkDate""},{""@Name"":""Details"",""#text"":""03/13/2026 10:30:46""},{""@Name"":""User"",""#text"":""NT AUTHORITY\\SYSTEM""}]}}"
511,511,2026-03-30 20:58:43.4085298,13,Info,Microsoft-Windows-Sysmon,Microsoft-Windows-Sysmon/Operational,2448,4460,DC01.corp.local,10,S-1-5-18,RegistryEvent (Value Set),NT AUTHORITY\SYSTEM,,"ProcessID: 412, ProcessGUID: c9182e32-e3ef-69ca-5d01-000000000900",RuleName: InvDB-Ver,Image: C:\Windows\system32\CompatTelRunner.exe,EventType: SetValue,TargetObject: \REGISTRY\A\{12d92a9f-7a3b-175f-7ba0-3f657f6fc855}\Root\InventoryApplicationFile\netsh.exe|49c89a9b3064bf46\BinProductVersion,Details: 4.14.4.0,,False,C:\Users\owunc\Desktop\lab_logs\DC_Sysmon_ws.evtx,Classic,0,"{""EventData"":{""Data"":[{""@Name"":""RuleName"",""#text"":""InvDB-Ver""},{""@Name"":""EventType"",""#text"":""SetValue""},{""@Name"":""UtcTime"",""#text"":""2026-03-30 20:58:43.399""},{""@Name"":""ProcessGuid"",""#text"":""c9182e32-e3ef-69ca-5d01-000000000900""},{""@Name"":""ProcessId"",""#text"":""412""},{""@Name"":""Image"",""#text"":""C:\\Windows\\system32\\CompatTelRunner.exe""},{""@Name"":""TargetObject"",""#text"":""\\REGISTRY\\A\\{12d92a9f-7a3b-175f-7ba0-3f657f6fc855}\\Root\\InventoryApplicationFile\\netsh.exe|49c89a9b3064bf46\\BinProductVersion""},{""@Name"":""Details"",""#text"":""4.14.4.0""},{""@Name"":""User"",""#text"":""NT AUTHORITY\\SYSTEM""}]}}"
512,512,2026-03-30 20:58:43.4087200,13,Info,Microsoft-Windows-Sysmon,Microsoft-Windows-Sysmon/Operational,2448,4460,DC01.corp.local,10,S-1-5-18,RegistryEvent (Value Set),NT AUTHORITY\SYSTEM,,"ProcessID: 412, ProcessGUID: c9182e32-e3ef-69ca-5d01-000000000900",RuleName: InvDB-Path,Image: C:\Windows\system32\CompatTelRunner.exe,EventType: SetValue,TargetObject: \REGISTRY\A\{12d92a9f-7a3b-175f-7ba0-3f657f6fc855}\Root\InventoryApplicationFile\restart-wazuh.ex|e0e623922d834bcd\LowerCaseLongPath,Details: c:\program files (x86)\ossec-agent\active-response\bin\restart-wazuh.exe,,False,C:\Users\owunc\Desktop\lab_logs\DC_Sysmon_ws.evtx,Classic,0,"{""EventData"":{""Data"":[{""@Name"":""RuleName"",""#text"":""InvDB-Path""},{""@Name"":""EventType"",""#text"":""SetValue""},{""@Name"":""UtcTime"",""#text"":""2026-03-30 20:58:43.399""},{""@Name"":""ProcessGuid"",""#text"":""c9182e32-e3ef-69ca-5d01-000000000900""},{""@Name"":""ProcessId"",""#text"":""412""},{""@Name"":""Image"",""#text"":""C:\\Windows\\system32\\CompatTelRunner.exe""},{""@Name"":""TargetObject"",""#text"":""\\REGISTRY\\A\\{12d92a9f-7a3b-175f-7ba0-3f657f6fc855}\\Root\\InventoryApplicationFile\\restart-wazuh.ex|e0e623922d834bcd\\LowerCaseLongPath""},{""@Name"":""Details"",""#text"":""c:\\program files (x86)\\ossec-agent\\active-response\\bin\\restart-wazuh.exe""},{""@Name"":""User"",""#text"":""NT AUTHORITY\\SYSTEM""}]}}"
513,513,2026-03-30 20:58:43.4087832,13,Info,Microsoft-Windows-Sysmon,Microsoft-Windows-Sysmon/Operational,2448,4460,DC01.corp.local,10,S-1-5-18,RegistryEvent (Value Set),NT AUTHORITY\SYSTEM,,"ProcessID: 412, ProcessGUID: c9182e32-e3ef-69ca-5d01-000000000900",RuleName: InvDB-Pub,Image: C:\Windows\system32\CompatTelRunner.exe,EventType: SetValue,TargetObject: \REGISTRY\A\{12d92a9f-7a3b-175f-7ba0-3f657f6fc855}\Root\InventoryApplicationFile\restart-wazuh.ex|e0e623922d834bcd\Publisher,Details: wazuh inc.,,False,C:\Users\owunc\Desktop\lab_logs\DC_Sysmon_ws.evtx,Classic,0,"{""EventData"":{""Data"":[{""@Name"":""RuleName"",""#text"":""InvDB-Pub""},{""@Name"":""EventType"",""#text"":""SetValue""},{""@Name"":""UtcTime"",""#text"":""2026-03-30 20:58:43.399""},{""@Name"":""ProcessGuid"",""#text"":""c9182e32-e3ef-69ca-5d01-000000000900""},{""@Name"":""ProcessId"",""#text"":""412""},{""@Name"":""Image"",""#text"":""C:\\Windows\\system32\\CompatTelRunner.exe""},{""@Name"":""TargetObject"",""#text"":""\\REGISTRY\\A\\{12d92a9f-7a3b-175f-7ba0-3f657f6fc855}\\Root\\InventoryApplicationFile\\restart-wazuh.ex|e0e623922d834bcd\\Publisher""},{""@Name"":""Details"",""#text"":""wazuh inc.""},{""@Name"":""User"",""#text"":""NT AUTHORITY\\SYSTEM""}]}}"
514,514,2026-03-30 20:58:43.4089774,13,Info,Microsoft-Windows-Sysmon,Microsoft-Windows-Sysmon/Operational,2448,4460,DC01.corp.local,10,S-1-5-18,RegistryEvent (Value Set),NT AUTHORITY\SYSTEM,,"ProcessID: 412, ProcessGUID: c9182e32-e3ef-69ca-5d01-000000000900",RuleName: InvDB-CompileTimeClaim,Image: C:\Windows\system32\CompatTelRunner.exe,EventType: SetValue,TargetObject: \REGISTRY\A\{12d92a9f-7a3b-175f-7ba0-3f657f6fc855}\Root\InventoryApplicationFile\restart-wazuh.ex|e0e623922d834bcd\LinkDate,Details: 03/13/2026 10:30:46,,False,C:\Users\owunc\Desktop\lab_logs\DC_Sysmon_ws.evtx,Classic,0,"{""EventData"":{""Data"":[{""@Name"":""RuleName"",""#text"":""InvDB-CompileTimeClaim""},{""@Name"":""EventType"",""#text"":""SetValue""},{""@Name"":""UtcTime"",""#text"":""2026-03-30 20:58:43.399""},{""@Name"":""ProcessGuid"",""#text"":""c9182e32-e3ef-69ca-5d01-000000000900""},{""@Name"":""ProcessId"",""#text"":""412""},{""@Name"":""Image"",""#text"":""C:\\Windows\\system32\\CompatTelRunner.exe""},{""@Name"":""TargetObject"",""#text"":""\\REGISTRY\\A\\{12d92a9f-7a3b-175f-7ba0-3f657f6fc855}\\Root\\InventoryApplicationFile\\restart-wazuh.ex|e0e623922d834bcd\\LinkDate""},{""@Name"":""Details"",""#text"":""03/13/2026 10:30:46""},{""@Name"":""User"",""#text"":""NT AUTHORITY\\SYSTEM""}]}}"
515,515,2026-03-30 20:58:43.4090112,13,Info,Microsoft-Windows-Sysmon,Microsoft-Windows-Sysmon/Operational,2448,4460,DC01.corp.local,10,S-1-5-18,RegistryEvent (Value Set),NT AUTHORITY\SYSTEM,,"ProcessID: 412, ProcessGUID: c9182e32-e3ef-69ca-5d01-000000000900",RuleName: InvDB-Ver,Image: C:\Windows\system32\CompatTelRunner.exe,EventType: SetValue,TargetObject: \REGISTRY\A\{12d92a9f-7a3b-175f-7ba0-3f657f6fc855}\Root\InventoryApplicationFile\restart-wazuh.ex|e0e623922d834bcd\BinProductVersion,Details: 4.14.4.0,,False,C:\Users\owunc\Desktop\lab_logs\DC_Sysmon_ws.evtx,Classic,0,"{""EventData"":{""Data"":[{""@Name"":""RuleName"",""#text"":""InvDB-Ver""},{""@Name"":""EventType"",""#text"":""SetValue""},{""@Name"":""UtcTime"",""#text"":""2026-03-30 20:58:43.399""},{""@Name"":""ProcessGuid"",""#text"":""c9182e32-e3ef-69ca-5d01-000000000900""},{""@Name"":""ProcessId"",""#text"":""412""},{""@Name"":""Image"",""#text"":""C:\\Windows\\system32\\CompatTelRunner.exe""},{""@Name"":""TargetObject"",""#text"":""\\REGISTRY\\A\\{12d92a9f-7a3b-175f-7ba0-3f657f6fc855}\\Root\\InventoryApplicationFile\\restart-wazuh.ex|e0e623922d834bcd\\BinProductVersion""},{""@Name"":""Details"",""#text"":""4.14.4.0""},{""@Name"":""User"",""#text"":""NT AUTHORITY\\SYSTEM""}]}}"
516,516,2026-03-30 20:58:43.4092024,13,Info,Microsoft-Windows-Sysmon,Microsoft-Windows-Sysmon/Operational,2448,4460,DC01.corp.local,10,S-1-5-18,RegistryEvent (Value Set),NT AUTHORITY\SYSTEM,,"ProcessID: 412, ProcessGUID: c9182e32-e3ef-69ca-5d01-000000000900",RuleName: InvDB-Path,Image: C:\Windows\system32\CompatTelRunner.exe,EventType: SetValue,TargetObject: \REGISTRY\A\{12d92a9f-7a3b-175f-7ba0-3f657f6fc855}\Root\InventoryApplicationFile\route-null.exe|d0f8c3cd3e2bc146\LowerCaseLongPath,Details: c:\program files (x86)\ossec-agent\active-response\bin\route-null.exe,,False,C:\Users\owunc\Desktop\lab_logs\DC_Sysmon_ws.evtx,Classic,0,"{""EventData"":{""Data"":[{""@Name"":""RuleName"",""#text"":""InvDB-Path""},{""@Name"":""EventType"",""#text"":""SetValue""},{""@Name"":""UtcTime"",""#text"":""2026-03-30 20:58:43.399""},{""@Name"":""ProcessGuid"",""#text"":""c9182e32-e3ef-69ca-5d01-000000000900""},{""@Name"":""ProcessId"",""#text"":""412""},{""@Name"":""Image"",""#text"":""C:\\Windows\\system32\\CompatTelRunner.exe""},{""@Name"":""TargetObject"",""#text"":""\\REGISTRY\\A\\{12d92a9f-7a3b-175f-7ba0-3f657f6fc855}\\Root\\InventoryApplicationFile\\route-null.exe|d0f8c3cd3e2bc146\\LowerCaseLongPath""},{""@Name"":""Details"",""#text"":""c:\\program files (x86)\\ossec-agent\\active-response\\bin\\route-null.exe""},{""@Name"":""User"",""#text"":""NT AUTHORITY\\SYSTEM""}]}}"
517,517,2026-03-30 20:58:43.4092654,13,Info,Microsoft-Windows-Sysmon,Microsoft-Windows-Sysmon/Operational,2448,4460,DC01.corp.local,10,S-1-5-18,RegistryEvent (Value Set),NT AUTHORITY\SYSTEM,,"ProcessID: 412, ProcessGUID: c9182e32-e3ef-69ca-5d01-000000000900",RuleName: InvDB-Pub,Image: C:\Windows\system32\CompatTelRunner.exe,EventType: SetValue,TargetObject: \REGISTRY\A\{12d92a9f-7a3b-175f-7ba0-3f657f6fc855}\Root\InventoryApplicationFile\route-null.exe|d0f8c3cd3e2bc146\Publisher,Details: wazuh inc.,,False,C:\Users\owunc\Desktop\lab_logs\DC_Sysmon_ws.evtx,Classic,0,"{""EventData"":{""Data"":[{""@Name"":""RuleName"",""#text"":""InvDB-Pub""},{""@Name"":""EventType"",""#text"":""SetValue""},{""@Name"":""UtcTime"",""#text"":""2026-03-30 20:58:43.399""},{""@Name"":""ProcessGuid"",""#text"":""c9182e32-e3ef-69ca-5d01-000000000900""},{""@Name"":""ProcessId"",""#text"":""412""},{""@Name"":""Image"",""#text"":""C:\\Windows\\system32\\CompatTelRunner.exe""},{""@Name"":""TargetObject"",""#text"":""\\REGISTRY\\A\\{12d92a9f-7a3b-175f-7ba0-3f657f6fc855}\\Root\\InventoryApplicationFile\\route-null.exe|d0f8c3cd3e2bc146\\Publisher""},{""@Name"":""Details"",""#text"":""wazuh inc.""},{""@Name"":""User"",""#text"":""NT AUTHORITY\\SYSTEM""}]}}"
518,518,2026-03-30 20:58:43.4094604,13,Info,Microsoft-Windows-Sysmon,Microsoft-Windows-Sysmon/Operational,2448,4460,DC01.corp.local,10,S-1-5-18,RegistryEvent (Value Set),NT AUTHORITY\SYSTEM,,"ProcessID: 412, ProcessGUID: c9182e32-e3ef-69ca-5d01-000000000900",RuleName: InvDB-CompileTimeClaim,Image: C:\Windows\system32\CompatTelRunner.exe,EventType: SetValue,TargetObject: \REGISTRY\A\{12d92a9f-7a3b-175f-7ba0-3f657f6fc855}\Root\InventoryApplicationFile\route-null.exe|d0f8c3cd3e2bc146\LinkDate,Details: 03/13/2026 10:30:46,,False,C:\Users\owunc\Desktop\lab_logs\DC_Sysmon_ws.evtx,Classic,0,"{""EventData"":{""Data"":[{""@Name"":""RuleName"",""#text"":""InvDB-CompileTimeClaim""},{""@Name"":""EventType"",""#text"":""SetValue""},{""@Name"":""UtcTime"",""#text"":""2026-03-30 20:58:43.399""},{""@Name"":""ProcessGuid"",""#text"":""c9182e32-e3ef-69ca-5d01-000000000900""},{""@Name"":""ProcessId"",""#text"":""412""},{""@Name"":""Image"",""#text"":""C:\\Windows\\system32\\CompatTelRunner.exe""},{""@Name"":""TargetObject"",""#text"":""\\REGISTRY\\A\\{12d92a9f-7a3b-175f-7ba0-3f657f6fc855}\\Root\\InventoryApplicationFile\\route-null.exe|d0f8c3cd3e2bc146\\LinkDate""},{""@Name"":""Details"",""#text"":""03/13/2026 10:30:46""},{""@Name"":""User"",""#text"":""NT AUTHORITY\\SYSTEM""}]}}"
519,519,2026-03-30 20:58:43.4094944,13,Info,Microsoft-Windows-Sysmon,Microsoft-Windows-Sysmon/Operational,2448,4460,DC01.corp.local,10,S-1-5-18,RegistryEvent (Value Set),NT AUTHORITY\SYSTEM,,"ProcessID: 412, ProcessGUID: c9182e32-e3ef-69ca-5d01-000000000900",RuleName: InvDB-Ver,Image: C:\Windows\system32\CompatTelRunner.exe,EventType: SetValue,TargetObject: \REGISTRY\A\{12d92a9f-7a3b-175f-7ba0-3f657f6fc855}\Root\InventoryApplicationFile\route-null.exe|d0f8c3cd3e2bc146\BinProductVersion,Details: 4.14.4.0,,False,C:\Users\owunc\Desktop\lab_logs\DC_Sysmon_ws.evtx,Classic,0,"{""EventData"":{""Data"":[{""@Name"":""RuleName"",""#text"":""InvDB-Ver""},{""@Name"":""EventType"",""#text"":""SetValue""},{""@Name"":""UtcTime"",""#text"":""2026-03-30 20:58:43.399""},{""@Name"":""ProcessGuid"",""#text"":""c9182e32-e3ef-69ca-5d01-000000000900""},{""@Name"":""ProcessId"",""#text"":""412""},{""@Name"":""Image"",""#text"":""C:\\Windows\\system32\\CompatTelRunner.exe""},{""@Name"":""TargetObject"",""#text"":""\\REGISTRY\\A\\{12d92a9f-7a3b-175f-7ba0-3f657f6fc855}\\Root\\InventoryApplicationFile\\route-null.exe|d0f8c3cd3e2bc146\\BinProductVersion""},{""@Name"":""Details"",""#text"":""4.14.4.0""},{""@Name"":""User"",""#text"":""NT AUTHORITY\\SYSTEM""}]}}"
520,520,2026-03-30 20:58:43.4096848,13,Info,Microsoft-Windows-Sysmon,Microsoft-Windows-Sysmon/Operational,2448,4460,DC01.corp.local,10,S-1-5-18,RegistryEvent (Value Set),NT AUTHORITY\SYSTEM,,"ProcessID: 412, ProcessGUID: c9182e32-e3ef-69ca-5d01-000000000900",RuleName: InvDB-Path,Image: C:\Windows\system32\CompatTelRunner.exe,EventType: SetValue,TargetObject: \REGISTRY\A\{12d92a9f-7a3b-175f-7ba0-3f657f6fc855}\Root\InventoryApplicationFile\wazuh-agent.exe|52f6b73a63fc6e\LowerCaseLongPath,Details: c:\program files (x86)\ossec-agent\wazuh-agent.exe,,False,C:\Users\owunc\Desktop\lab_logs\DC_Sysmon_ws.evtx,Classic,0,"{""EventData"":{""Data"":[{""@Name"":""RuleName"",""#text"":""InvDB-Path""},{""@Name"":""EventType"",""#text"":""SetValue""},{""@Name"":""UtcTime"",""#text"":""2026-03-30 20:58:43.399""},{""@Name"":""ProcessGuid"",""#text"":""c9182e32-e3ef-69ca-5d01-000000000900""},{""@Name"":""ProcessId"",""#text"":""412""},{""@Name"":""Image"",""#text"":""C:\\Windows\\system32\\CompatTelRunner.exe""},{""@Name"":""TargetObject"",""#text"":""\\REGISTRY\\A\\{12d92a9f-7a3b-175f-7ba0-3f657f6fc855}\\Root\\InventoryApplicationFile\\wazuh-agent.exe|52f6b73a63fc6e\\LowerCaseLongPath""},{""@Name"":""Details"",""#text"":""c:\\program files (x86)\\ossec-agent\\wazuh-agent.exe""},{""@Name"":""User"",""#text"":""NT AUTHORITY\\SYSTEM""}]}}"
521,521,2026-03-30 20:58:43.4097471,13,Info,Microsoft-Windows-Sysmon,Microsoft-Windows-Sysmon/Operational,2448,4460,DC01.corp.local,10,S-1-5-18,RegistryEvent (Value Set),NT AUTHORITY\SYSTEM,,"ProcessID: 412, ProcessGUID: c9182e32-e3ef-69ca-5d01-000000000900",RuleName: InvDB-Pub,Image: C:\Windows\system32\CompatTelRunner.exe,EventType: SetValue,TargetObject: \REGISTRY\A\{12d92a9f-7a3b-175f-7ba0-3f657f6fc855}\Root\InventoryApplicationFile\wazuh-agent.exe|52f6b73a63fc6e\Publisher,Details: wazuh inc.,,False,C:\Users\owunc\Desktop\lab_logs\DC_Sysmon_ws.evtx,Classic,0,"{""EventData"":{""Data"":[{""@Name"":""RuleName"",""#text"":""InvDB-Pub""},{""@Name"":""EventType"",""#text"":""SetValue""},{""@Name"":""UtcTime"",""#text"":""2026-03-30 20:58:43.399""},{""@Name"":""ProcessGuid"",""#text"":""c9182e32-e3ef-69ca-5d01-000000000900""},{""@Name"":""ProcessId"",""#text"":""412""},{""@Name"":""Image"",""#text"":""C:\\Windows\\system32\\CompatTelRunner.exe""},{""@Name"":""TargetObject"",""#text"":""\\REGISTRY\\A\\{12d92a9f-7a3b-175f-7ba0-3f657f6fc855}\\Root\\InventoryApplicationFile\\wazuh-agent.exe|52f6b73a63fc6e\\Publisher""},{""@Name"":""Details"",""#text"":""wazuh inc.""},{""@Name"":""User"",""#text"":""NT AUTHORITY\\SYSTEM""}]}}"
522,522,2026-03-30 20:58:43.4099396,13,Info,Microsoft-Windows-Sysmon,Microsoft-Windows-Sysmon/Operational,2448,4460,DC01.corp.local,10,S-1-5-18,RegistryEvent (Value Set),NT AUTHORITY\SYSTEM,,"ProcessID: 412, ProcessGUID: c9182e32-e3ef-69ca-5d01-000000000900",RuleName: InvDB-CompileTimeClaim,Image: C:\Windows\system32\CompatTelRunner.exe,EventType: SetValue,TargetObject: \REGISTRY\A\{12d92a9f-7a3b-175f-7ba0-3f657f6fc855}\Root\InventoryApplicationFile\wazuh-agent.exe|52f6b73a63fc6e\LinkDate,Details: 03/13/2026 10:30:43,,False,C:\Users\owunc\Desktop\lab_logs\DC_Sysmon_ws.evtx,Classic,0,"{""EventData"":{""Data"":[{""@Name"":""RuleName"",""#text"":""InvDB-CompileTimeClaim""},{""@Name"":""EventType"",""#text"":""SetValue""},{""@Name"":""UtcTime"",""#text"":""2026-03-30 20:58:43.399""},{""@Name"":""ProcessGuid"",""#text"":""c9182e32-e3ef-69ca-5d01-000000000900""},{""@Name"":""ProcessId"",""#text"":""412""},{""@Name"":""Image"",""#text"":""C:\\Windows\\system32\\CompatTelRunner.exe""},{""@Name"":""TargetObject"",""#text"":""\\REGISTRY\\A\\{12d92a9f-7a3b-175f-7ba0-3f657f6fc855}\\Root\\InventoryApplicationFile\\wazuh-agent.exe|52f6b73a63fc6e\\LinkDate""},{""@Name"":""Details"",""#text"":""03/13/2026 10:30:43""},{""@Name"":""User"",""#text"":""NT AUTHORITY\\SYSTEM""}]}}"
523,523,2026-03-30 20:58:43.4099736,13,Info,Microsoft-Windows-Sysmon,Microsoft-Windows-Sysmon/Operational,2448,4460,DC01.corp.local,10,S-1-5-18,RegistryEvent (Value Set),NT AUTHORITY\SYSTEM,,"ProcessID: 412, ProcessGUID: c9182e32-e3ef-69ca-5d01-000000000900",RuleName: InvDB-Ver,Image: C:\Windows\system32\CompatTelRunner.exe,EventType: SetValue,TargetObject: \REGISTRY\A\{12d92a9f-7a3b-175f-7ba0-3f657f6fc855}\Root\InventoryApplicationFile\wazuh-agent.exe|52f6b73a63fc6e\BinProductVersion,Details: 4.14.4.0,,False,C:\Users\owunc\Desktop\lab_logs\DC_Sysmon_ws.evtx,Classic,0,"{""EventData"":{""Data"":[{""@Name"":""RuleName"",""#text"":""InvDB-Ver""},{""@Name"":""EventType"",""#text"":""SetValue""},{""@Name"":""UtcTime"",""#text"":""2026-03-30 20:58:43.399""},{""@Name"":""ProcessGuid"",""#text"":""c9182e32-e3ef-69ca-5d01-000000000900""},{""@Name"":""ProcessId"",""#text"":""412""},{""@Name"":""Image"",""#text"":""C:\\Windows\\system32\\CompatTelRunner.exe""},{""@Name"":""TargetObject"",""#text"":""\\REGISTRY\\A\\{12d92a9f-7a3b-175f-7ba0-3f657f6fc855}\\Root\\InventoryApplicationFile\\wazuh-agent.exe|52f6b73a63fc6e\\BinProductVersion""},{""@Name"":""Details"",""#text"":""4.14.4.0""},{""@Name"":""User"",""#text"":""NT AUTHORITY\\SYSTEM""}]}}"
524,524,2026-03-30 20:58:43.4101997,13,Info,Microsoft-Windows-Sysmon,Microsoft-Windows-Sysmon/Operational,2448,4460,DC01.corp.local,10,S-1-5-18,RegistryEvent (Value Set),NT AUTHORITY\SYSTEM,,"ProcessID: 412, ProcessGUID: c9182e32-e3ef-69ca-5d01-000000000900",RuleName: InvDB-Path,Image: C:\Windows\system32\CompatTelRunner.exe,EventType: SetValue,TargetObject: \REGISTRY\A\{12d92a9f-7a3b-175f-7ba0-3f657f6fc855}\Root\InventoryApplicationFile\win32ui.exe|a8909c3cc329c79b\LowerCaseLongPath,Details: c:\program files (x86)\ossec-agent\win32ui.exe,,False,C:\Users\owunc\Desktop\lab_logs\DC_Sysmon_ws.evtx,Classic,0,"{""EventData"":{""Data"":[{""@Name"":""RuleName"",""#text"":""InvDB-Path""},{""@Name"":""EventType"",""#text"":""SetValue""},{""@Name"":""UtcTime"",""#text"":""2026-03-30 20:58:43.399""},{""@Name"":""ProcessGuid"",""#text"":""c9182e32-e3ef-69ca-5d01-000000000900""},{""@Name"":""ProcessId"",""#text"":""412""},{""@Name"":""Image"",""#text"":""C:\\Windows\\system32\\CompatTelRunner.exe""},{""@Name"":""TargetObject"",""#text"":""\\REGISTRY\\A\\{12d92a9f-7a3b-175f-7ba0-3f657f6fc855}\\Root\\InventoryApplicationFile\\win32ui.exe|a8909c3cc329c79b\\LowerCaseLongPath""},{""@Name"":""Details"",""#text"":""c:\\program files (x86)\\ossec-agent\\win32ui.exe""},{""@Name"":""User"",""#text"":""NT AUTHORITY\\SYSTEM""}]}}"
525,525,2026-03-30 20:58:43.4102632,13,Info,Microsoft-Windows-Sysmon,Microsoft-Windows-Sysmon/Operational,2448,4460,DC01.corp.local,10,S-1-5-18,RegistryEvent (Value Set),NT AUTHORITY\SYSTEM,,"ProcessID: 412, ProcessGUID: c9182e32-e3ef-69ca-5d01-000000000900",RuleName: InvDB-Pub,Image: C:\Windows\system32\CompatTelRunner.exe,EventType: SetValue,TargetObject: \REGISTRY\A\{12d92a9f-7a3b-175f-7ba0-3f657f6fc855}\Root\InventoryApplicationFile\win32ui.exe|a8909c3cc329c79b\Publisher,Details: wazuh inc.,,False,C:\Users\owunc\Desktop\lab_logs\DC_Sysmon_ws.evtx,Classic,0,"{""EventData"":{""Data"":[{""@Name"":""RuleName"",""#text"":""InvDB-Pub""},{""@Name"":""EventType"",""#text"":""SetValue""},{""@Name"":""UtcTime"",""#text"":""2026-03-30 20:58:43.399""},{""@Name"":""ProcessGuid"",""#text"":""c9182e32-e3ef-69ca-5d01-000000000900""},{""@Name"":""ProcessId"",""#text"":""412""},{""@Name"":""Image"",""#text"":""C:\\Windows\\system32\\CompatTelRunner.exe""},{""@Name"":""TargetObject"",""#text"":""\\REGISTRY\\A\\{12d92a9f-7a3b-175f-7ba0-3f657f6fc855}\\Root\\InventoryApplicationFile\\win32ui.exe|a8909c3cc329c79b\\Publisher""},{""@Name"":""Details"",""#text"":""wazuh inc.""},{""@Name"":""User"",""#text"":""NT AUTHORITY\\SYSTEM""}]}}"
526,526,2026-03-30 20:58:43.4104647,13,Info,Microsoft-Windows-Sysmon,Microsoft-Windows-Sysmon/Operational,2448,4460,DC01.corp.local,10,S-1-5-18,RegistryEvent (Value Set),NT AUTHORITY\SYSTEM,,"ProcessID: 412, ProcessGUID: c9182e32-e3ef-69ca-5d01-000000000900",RuleName: InvDB-CompileTimeClaim,Image: C:\Windows\system32\CompatTelRunner.exe,EventType: SetValue,TargetObject: \REGISTRY\A\{12d92a9f-7a3b-175f-7ba0-3f657f6fc855}\Root\InventoryApplicationFile\win32ui.exe|a8909c3cc329c79b\LinkDate,Details: 03/13/2026 10:30:43,,False,C:\Users\owunc\Desktop\lab_logs\DC_Sysmon_ws.evtx,Classic,0,"{""EventData"":{""Data"":[{""@Name"":""RuleName"",""#text"":""InvDB-CompileTimeClaim""},{""@Name"":""EventType"",""#text"":""SetValue""},{""@Name"":""UtcTime"",""#text"":""2026-03-30 20:58:43.399""},{""@Name"":""ProcessGuid"",""#text"":""c9182e32-e3ef-69ca-5d01-000000000900""},{""@Name"":""ProcessId"",""#text"":""412""},{""@Name"":""Image"",""#text"":""C:\\Windows\\system32\\CompatTelRunner.exe""},{""@Name"":""TargetObject"",""#text"":""\\REGISTRY\\A\\{12d92a9f-7a3b-175f-7ba0-3f657f6fc855}\\Root\\InventoryApplicationFile\\win32ui.exe|a8909c3cc329c79b\\LinkDate""},{""@Name"":""Details"",""#text"":""03/13/2026 10:30:43""},{""@Name"":""User"",""#text"":""NT AUTHORITY\\SYSTEM""}]}}"
527,527,2026-03-30 20:58:43.4104991,13,Info,Microsoft-Windows-Sysmon,Microsoft-Windows-Sysmon/Operational,2448,4460,DC01.corp.local,10,S-1-5-18,RegistryEvent (Value Set),NT AUTHORITY\SYSTEM,,"ProcessID: 412, ProcessGUID: c9182e32-e3ef-69ca-5d01-000000000900",RuleName: InvDB-Ver,Image: C:\Windows\system32\CompatTelRunner.exe,EventType: SetValue,TargetObject: \REGISTRY\A\{12d92a9f-7a3b-175f-7ba0-3f657f6fc855}\Root\InventoryApplicationFile\win32ui.exe|a8909c3cc329c79b\BinProductVersion,Details: 4.14.4.0,,False,C:\Users\owunc\Desktop\lab_logs\DC_Sysmon_ws.evtx,Classic,0,"{""EventData"":{""Data"":[{""@Name"":""RuleName"",""#text"":""InvDB-Ver""},{""@Name"":""EventType"",""#text"":""SetValue""},{""@Name"":""UtcTime"",""#text"":""2026-03-30 20:58:43.399""},{""@Name"":""ProcessGuid"",""#text"":""c9182e32-e3ef-69ca-5d01-000000000900""},{""@Name"":""ProcessId"",""#text"":""412""},{""@Name"":""Image"",""#text"":""C:\\Windows\\system32\\CompatTelRunner.exe""},{""@Name"":""TargetObject"",""#text"":""\\REGISTRY\\A\\{12d92a9f-7a3b-175f-7ba0-3f657f6fc855}\\Root\\InventoryApplicationFile\\win32ui.exe|a8909c3cc329c79b\\BinProductVersion""},{""@Name"":""Details"",""#text"":""4.14.4.0""},{""@Name"":""User"",""#text"":""NT AUTHORITY\\SYSTEM""}]}}"
528,528,2026-03-30 20:58:43.4143657,13,Info,Microsoft-Windows-Sysmon,Microsoft-Windows-Sysmon/Operational,2448,4460,DC01.corp.local,10,S-1-5-18,RegistryEvent (Value Set),NT AUTHORITY\SYSTEM,,"ProcessID: 412, ProcessGUID: c9182e32-e3ef-69ca-5d01-000000000900",RuleName: InvDB-Pub,Image: C:\Windows\system32\CompatTelRunner.exe,EventType: SetValue,TargetObject: \REGISTRY\A\{12d92a9f-7a3b-175f-7ba0-3f657f6fc855}\Root\InventoryApplication\0000a1d83aabcc67bf3b9a5d15ab551622810000ffff\Publisher,Details: Microsoft Corporation,,False,C:\Users\owunc\Desktop\lab_logs\DC_Sysmon_ws.evtx,Classic,0,"{""EventData"":{""Data"":[{""@Name"":""RuleName"",""#text"":""InvDB-Pub""},{""@Name"":""EventType"",""#text"":""SetValue""},{""@Name"":""UtcTime"",""#text"":""2026-03-30 20:58:43.399""},{""@Name"":""ProcessGuid"",""#text"":""c9182e32-e3ef-69ca-5d01-000000000900""},{""@Name"":""ProcessId"",""#text"":""412""},{""@Name"":""Image"",""#text"":""C:\\Windows\\system32\\CompatTelRunner.exe""},{""@Name"":""TargetObject"",""#text"":""\\REGISTRY\\A\\{12d92a9f-7a3b-175f-7ba0-3f657f6fc855}\\Root\\InventoryApplication\\0000a1d83aabcc67bf3b9a5d15ab551622810000ffff\\Publisher""},{""@Name"":""Details"",""#text"":""Microsoft Corporation""},{""@Name"":""User"",""#text"":""NT AUTHORITY\\SYSTEM""}]}}"
529,529,2026-03-30 20:58:43.4236024,13,Info,Microsoft-Windows-Sysmon,Microsoft-Windows-Sysmon/Operational,2448,4460,DC01.corp.local,10,S-1-5-18,RegistryEvent (Value Set),NT AUTHORITY\SYSTEM,,"ProcessID: 412, ProcessGUID: c9182e32-e3ef-69ca-5d01-000000000900",RuleName: InvDB-Pub,Image: C:\Windows\system32\CompatTelRunner.exe,EventType: SetValue,TargetObject: \REGISTRY\A\{12d92a9f-7a3b-175f-7ba0-3f657f6fc855}\Root\InventoryApplication\000034ad7697d10d3878c3ba962811753d0800000904\Publisher,Details: Microsoft Corporation,,False,C:\Users\owunc\Desktop\lab_logs\DC_Sysmon_ws.evtx,Classic,0,"{""EventData"":{""Data"":[{""@Name"":""RuleName"",""#text"":""InvDB-Pub""},{""@Name"":""EventType"",""#text"":""SetValue""},{""@Name"":""UtcTime"",""#text"":""2026-03-30 20:58:43.415""},{""@Name"":""ProcessGuid"",""#text"":""c9182e32-e3ef-69ca-5d01-000000000900""},{""@Name"":""ProcessId"",""#text"":""412""},{""@Name"":""Image"",""#text"":""C:\\Windows\\system32\\CompatTelRunner.exe""},{""@Name"":""TargetObject"",""#text"":""\\REGISTRY\\A\\{12d92a9f-7a3b-175f-7ba0-3f657f6fc855}\\Root\\InventoryApplication\\000034ad7697d10d3878c3ba962811753d0800000904\\Publisher""},{""@Name"":""Details"",""#text"":""Microsoft Corporation""},{""@Name"":""User"",""#text"":""NT AUTHORITY\\SYSTEM""}]}}"
530,530,2026-03-30 20:58:43.5342802,13,Info,Microsoft-Windows-Sysmon,Microsoft-Windows-Sysmon/Operational,2448,4460,DC01.corp.local,10,S-1-5-18,RegistryEvent (Value Set),NT AUTHORITY\SYSTEM,,"ProcessID: 412, ProcessGUID: c9182e32-e3ef-69ca-5d01-000000000900",RuleName: InvDB-Path,Image: C:\Windows\system32\CompatTelRunner.exe,EventType: SetValue,TargetObject: \REGISTRY\A\{12d92a9f-7a3b-175f-7ba0-3f657f6fc855}\Root\InventoryApplicationFile\sysmon.exe|a86c985e9a28fe14\LowerCaseLongPath,Details: c:\windows\sysmon.exe,,False,C:\Users\owunc\Desktop\lab_logs\DC_Sysmon_ws.evtx,Classic,0,"{""EventData"":{""Data"":[{""@Name"":""RuleName"",""#text"":""InvDB-Path""},{""@Name"":""EventType"",""#text"":""SetValue""},{""@Name"":""UtcTime"",""#text"":""2026-03-30 20:58:43.524""},{""@Name"":""ProcessGuid"",""#text"":""c9182e32-e3ef-69ca-5d01-000000000900""},{""@Name"":""ProcessId"",""#text"":""412""},{""@Name"":""Image"",""#text"":""C:\\Windows\\system32\\CompatTelRunner.exe""},{""@Name"":""TargetObject"",""#text"":""\\REGISTRY\\A\\{12d92a9f-7a3b-175f-7ba0-3f657f6fc855}\\Root\\InventoryApplicationFile\\sysmon.exe|a86c985e9a28fe14\\LowerCaseLongPath""},{""@Name"":""Details"",""#text"":""c:\\windows\\sysmon.exe""},{""@Name"":""User"",""#text"":""NT AUTHORITY\\SYSTEM""}]}}"
531,531,2026-03-30 20:58:43.5343446,13,Info,Microsoft-Windows-Sysmon,Microsoft-Windows-Sysmon/Operational,2448,4460,DC01.corp.local,10,S-1-5-18,RegistryEvent (Value Set),NT AUTHORITY\SYSTEM,,"ProcessID: 412, ProcessGUID: c9182e32-e3ef-69ca-5d01-000000000900",RuleName: InvDB-Pub,Image: C:\Windows\system32\CompatTelRunner.exe,EventType: SetValue,TargetObject: \REGISTRY\A\{12d92a9f-7a3b-175f-7ba0-3f657f6fc855}\Root\InventoryApplicationFile\sysmon.exe|a86c985e9a28fe14\Publisher,Details: sysinternals - www.sysinternals.com,,False,C:\Users\owunc\Desktop\lab_logs\DC_Sysmon_ws.evtx,Classic,0,"{""EventData"":{""Data"":[{""@Name"":""RuleName"",""#text"":""InvDB-Pub""},{""@Name"":""EventType"",""#text"":""SetValue""},{""@Name"":""UtcTime"",""#text"":""2026-03-30 20:58:43.524""},{""@Name"":""ProcessGuid"",""#text"":""c9182e32-e3ef-69ca-5d01-000000000900""},{""@Name"":""ProcessId"",""#text"":""412""},{""@Name"":""Image"",""#text"":""C:\\Windows\\system32\\CompatTelRunner.exe""},{""@Name"":""TargetObject"",""#text"":""\\REGISTRY\\A\\{12d92a9f-7a3b-175f-7ba0-3f657f6fc855}\\Root\\InventoryApplicationFile\\sysmon.exe|a86c985e9a28fe14\\Publisher""},{""@Name"":""Details"",""#text"":""sysinternals - www.sysinternals.com""},{""@Name"":""User"",""#text"":""NT AUTHORITY\\SYSTEM""}]}}"
532,532,2026-03-30 20:58:43.5345381,13,Info,Microsoft-Windows-Sysmon,Microsoft-Windows-Sysmon/Operational,2448,4460,DC01.corp.local,10,S-1-5-18,RegistryEvent (Value Set),NT AUTHORITY\SYSTEM,,"ProcessID: 412, ProcessGUID: c9182e32-e3ef-69ca-5d01-000000000900",RuleName: InvDB-CompileTimeClaim,Image: C:\Windows\system32\CompatTelRunner.exe,EventType: SetValue,TargetObject: \REGISTRY\A\{12d92a9f-7a3b-175f-7ba0-3f657f6fc855}\Root\InventoryApplicationFile\sysmon.exe|a86c985e9a28fe14\LinkDate,Details: 03/25/2026 15:38:40,,False,C:\Users\owunc\Desktop\lab_logs\DC_Sysmon_ws.evtx,Classic,0,"{""EventData"":{""Data"":[{""@Name"":""RuleName"",""#text"":""InvDB-CompileTimeClaim""},{""@Name"":""EventType"",""#text"":""SetValue""},{""@Name"":""UtcTime"",""#text"":""2026-03-30 20:58:43.524""},{""@Name"":""ProcessGuid"",""#text"":""c9182e32-e3ef-69ca-5d01-000000000900""},{""@Name"":""ProcessId"",""#text"":""412""},{""@Name"":""Image"",""#text"":""C:\\Windows\\system32\\CompatTelRunner.exe""},{""@Name"":""TargetObject"",""#text"":""\\REGISTRY\\A\\{12d92a9f-7a3b-175f-7ba0-3f657f6fc855}\\Root\\InventoryApplicationFile\\sysmon.exe|a86c985e9a28fe14\\LinkDate""},{""@Name"":""Details"",""#text"":""03/25/2026 15:38:40""},{""@Name"":""User"",""#text"":""NT AUTHORITY\\SYSTEM""}]}}"
533,533,2026-03-30 20:58:43.5345723,13,Info,Microsoft-Windows-Sysmon,Microsoft-Windows-Sysmon/Operational,2448,4460,DC01.corp.local,10,S-1-5-18,RegistryEvent (Value Set),NT AUTHORITY\SYSTEM,,"ProcessID: 412, ProcessGUID: c9182e32-e3ef-69ca-5d01-000000000900",RuleName: InvDB-Ver,Image: C:\Windows\system32\CompatTelRunner.exe,EventType: SetValue,TargetObject: \REGISTRY\A\{12d92a9f-7a3b-175f-7ba0-3f657f6fc855}\Root\InventoryApplicationFile\sysmon.exe|a86c985e9a28fe14\BinProductVersion,Details: 15.20.0.0,,False,C:\Users\owunc\Desktop\lab_logs\DC_Sysmon_ws.evtx,Classic,0,"{""EventData"":{""Data"":[{""@Name"":""RuleName"",""#text"":""InvDB-Ver""},{""@Name"":""EventType"",""#text"":""SetValue""},{""@Name"":""UtcTime"",""#text"":""2026-03-30 20:58:43.524""},{""@Name"":""ProcessGuid"",""#text"":""c9182e32-e3ef-69ca-5d01-000000000900""},{""@Name"":""ProcessId"",""#text"":""412""},{""@Name"":""Image"",""#text"":""C:\\Windows\\system32\\CompatTelRunner.exe""},{""@Name"":""TargetObject"",""#text"":""\\REGISTRY\\A\\{12d92a9f-7a3b-175f-7ba0-3f657f6fc855}\\Root\\InventoryApplicationFile\\sysmon.exe|a86c985e9a28fe14\\BinProductVersion""},{""@Name"":""Details"",""#text"":""15.20.0.0""},{""@Name"":""User"",""#text"":""NT AUTHORITY\\SYSTEM""}]}}"
534,534,2026-03-30 20:58:43.5572737,13,Info,Microsoft-Windows-Sysmon,Microsoft-Windows-Sysmon/Operational,2448,4460,DC01.corp.local,10,S-1-5-18,RegistryEvent (Value Set),NT AUTHORITY\SYSTEM,,"ProcessID: 412, ProcessGUID: c9182e32-e3ef-69ca-5d01-000000000900",RuleName: InvDB-Path,Image: C:\Windows\system32\CompatTelRunner.exe,EventType: SetValue,TargetObject: \REGISTRY\A\{12d92a9f-7a3b-175f-7ba0-3f657f6fc855}\Root\InventoryApplicationFile\msiexec.exe|3560aeebc8ec9db4\LowerCaseLongPath,Details: c:\windows\system32\msiexec.exe,,False,C:\Users\owunc\Desktop\lab_logs\DC_Sysmon_ws.evtx,Classic,0,"{""EventData"":{""Data"":[{""@Name"":""RuleName"",""#text"":""InvDB-Path""},{""@Name"":""EventType"",""#text"":""SetValue""},{""@Name"":""UtcTime"",""#text"":""2026-03-30 20:58:43.555""},{""@Name"":""ProcessGuid"",""#text"":""c9182e32-e3ef-69ca-5d01-000000000900""},{""@Name"":""ProcessId"",""#text"":""412""},{""@Name"":""Image"",""#text"":""C:\\Windows\\system32\\CompatTelRunner.exe""},{""@Name"":""TargetObject"",""#text"":""\\REGISTRY\\A\\{12d92a9f-7a3b-175f-7ba0-3f657f6fc855}\\Root\\InventoryApplicationFile\\msiexec.exe|3560aeebc8ec9db4\\LowerCaseLongPath""},{""@Name"":""Details"",""#text"":""c:\\windows\\system32\\msiexec.exe""},{""@Name"":""User"",""#text"":""NT AUTHORITY\\SYSTEM""}]}}"
535,535,2026-03-30 20:58:43.5573727,13,Info,Microsoft-Windows-Sysmon,Microsoft-Windows-Sysmon/Operational,2448,4460,DC01.corp.local,10,S-1-5-18,RegistryEvent (Value Set),NT AUTHORITY\SYSTEM,,"ProcessID: 412, ProcessGUID: c9182e32-e3ef-69ca-5d01-000000000900",RuleName: InvDB-Pub,Image: C:\Windows\system32\CompatTelRunner.exe,EventType: SetValue,TargetObject: \REGISTRY\A\{12d92a9f-7a3b-175f-7ba0-3f657f6fc855}\Root\InventoryApplicationFile\msiexec.exe|3560aeebc8ec9db4\Publisher,Details: microsoft corporation,,False,C:\Users\owunc\Desktop\lab_logs\DC_Sysmon_ws.evtx,Classic,0,"{""EventData"":{""Data"":[{""@Name"":""RuleName"",""#text"":""InvDB-Pub""},{""@Name"":""EventType"",""#text"":""SetValue""},{""@Name"":""UtcTime"",""#text"":""2026-03-30 20:58:43.555""},{""@Name"":""ProcessGuid"",""#text"":""c9182e32-e3ef-69ca-5d01-000000000900""},{""@Name"":""ProcessId"",""#text"":""412""},{""@Name"":""Image"",""#text"":""C:\\Windows\\system32\\CompatTelRunner.exe""},{""@Name"":""TargetObject"",""#text"":""\\REGISTRY\\A\\{12d92a9f-7a3b-175f-7ba0-3f657f6fc855}\\Root\\InventoryApplicationFile\\msiexec.exe|3560aeebc8ec9db4\\Publisher""},{""@Name"":""Details"",""#text"":""microsoft corporation""},{""@Name"":""User"",""#text"":""NT AUTHORITY\\SYSTEM""}]}}"
536,536,2026-03-30 20:58:43.5575021,13,Info,Microsoft-Windows-Sysmon,Microsoft-Windows-Sysmon/Operational,2448,4460,DC01.corp.local,10,S-1-5-18,RegistryEvent (Value Set),NT AUTHORITY\SYSTEM,,"ProcessID: 412, ProcessGUID: c9182e32-e3ef-69ca-5d01-000000000900",RuleName: InvDB-CompileTimeClaim,Image: C:\Windows\system32\CompatTelRunner.exe,EventType: SetValue,TargetObject: \REGISTRY\A\{12d92a9f-7a3b-175f-7ba0-3f657f6fc855}\Root\InventoryApplicationFile\msiexec.exe|3560aeebc8ec9db4\LinkDate,Details: (Empty),,False,C:\Users\owunc\Desktop\lab_logs\DC_Sysmon_ws.evtx,Classic,0,"{""EventData"":{""Data"":[{""@Name"":""RuleName"",""#text"":""InvDB-CompileTimeClaim""},{""@Name"":""EventType"",""#text"":""SetValue""},{""@Name"":""UtcTime"",""#text"":""2026-03-30 20:58:43.555""},{""@Name"":""ProcessGuid"",""#text"":""c9182e32-e3ef-69ca-5d01-000000000900""},{""@Name"":""ProcessId"",""#text"":""412""},{""@Name"":""Image"",""#text"":""C:\\Windows\\system32\\CompatTelRunner.exe""},{""@Name"":""TargetObject"",""#text"":""\\REGISTRY\\A\\{12d92a9f-7a3b-175f-7ba0-3f657f6fc855}\\Root\\InventoryApplicationFile\\msiexec.exe|3560aeebc8ec9db4\\LinkDate""},{""@Name"":""Details"",""#text"":""(Empty)""},{""@Name"":""User"",""#text"":""NT AUTHORITY\\SYSTEM""}]}}"
537,537,2026-03-30 20:59:11.7421570,1,Info,Microsoft-Windows-Sysmon,Microsoft-Windows-Sysmon/Operational,2448,4460,DC01.corp.local,10,S-1-5-18,Process creation,NT AUTHORITY\SYSTEM,,"ProcessID: 1504, ProcessGUID: c9182e32-e41f-69ca-6b01-000000000900",RuleName: -,"MD5=2E0CCB27064856E3D55017FA2D33A7B9,SHA256=1C84C8632C5269F24876ED9F49FA810B49F77E1E92E8918FC164C34B020F9A94,IMPHASH=BF7A6E7A62C3F5B2E8E069438AC1DD3D",ParentProcess: C:\Windows\System32\CompatTelRunner.exe,"ParentProcessID: 412, ParentProcessGUID: c9182e32-e3ef-69ca-5d01-000000000900",ParentCommandLine: C:\Windows\system32\CompatTelRunner.exe -m:appraiser.dll -f:DoScheduledTelemetryRun -cv:U7aQn9CMaki4oWC3.2,"powershell.exe -ExecutionPolicy Restricted -Command $res = 0; if(get-vmswitch | Where {$_.NetAdapterInterfaceDescription -ne $null -and $_.NetAdapterInterfaceDescription -eq (Get-NetLbfoTeamNic).InterfaceDescription}){$res=1}; Write-Host ""Final result:"", $res",False,C:\Users\owunc\Desktop\lab_logs\DC_Sysmon_ws.evtx,Classic,0,"{""EventData"":{""Data"":[{""@Name"":""RuleName"",""#text"":""-""},{""@Name"":""UtcTime"",""#text"":""2026-03-30 20:59:11.735""},{""@Name"":""ProcessGuid"",""#text"":""c9182e32-e41f-69ca-6b01-000000000900""},{""@Name"":""ProcessId"",""#text"":""1504""},{""@Name"":""Image"",""#text"":""C:\\Windows\\System32\\WindowsPowerShell\\v1.0\\powershell.exe""},{""@Name"":""FileVersion"",""#text"":""10.0.20348.1 (WinBuild.160101.0800)""},{""@Name"":""Description"",""#text"":""Windows PowerShell""},{""@Name"":""Product"",""#text"":""Microsoft® Windows® Operating System""},{""@Name"":""Company"",""#text"":""Microsoft Corporation""},{""@Name"":""OriginalFileName"",""#text"":""PowerShell.EXE""},{""@Name"":""CommandLine"",""#text"":""powershell.exe -ExecutionPolicy Restricted -Command $res = 0; if(get-vmswitch | Where {$_.NetAdapterInterfaceDescription -ne $null -and $_.NetAdapterInterfaceDescription -eq (Get-NetLbfoTeamNic).InterfaceDescription}){$res=1}; Write-Host \""Final result:\"", $res""},{""@Name"":""CurrentDirectory"",""#text"":""C:\\Windows\\system32\\""},{""@Name"":""User"",""#text"":""NT AUTHORITY\\SYSTEM""},{""@Name"":""LogonGuid"",""#text"":""c9182e32-c31a-69ca-e703-000000000000""},{""@Name"":""LogonId"",""#text"":""0x3E7""},{""@Name"":""TerminalSessionId"",""#text"":""0""},{""@Name"":""IntegrityLevel"",""#text"":""System""},{""@Name"":""Hashes"",""#text"":""MD5=2E0CCB27064856E3D55017FA2D33A7B9,SHA256=1C84C8632C5269F24876ED9F49FA810B49F77E1E92E8918FC164C34B020F9A94,IMPHASH=BF7A6E7A62C3F5B2E8E069438AC1DD3D""},{""@Name"":""ParentProcessGuid"",""#text"":""c9182e32-e3ef-69ca-5d01-000000000900""},{""@Name"":""ParentProcessId"",""#text"":""412""},{""@Name"":""ParentImage"",""#text"":""C:\\Windows\\System32\\CompatTelRunner.exe""},{""@Name"":""ParentCommandLine"",""#text"":""C:\\Windows\\system32\\CompatTelRunner.exe -m:appraiser.dll -f:DoScheduledTelemetryRun -cv:U7aQn9CMaki4oWC3.2""},{""@Name"":""ParentUser"",""#text"":""NT AUTHORITY\\SYSTEM""}]}}"
