90,90,2026-03-30 18:38:30.6996302,1,Info,Microsoft-Windows-Sysmon,Microsoft-Windows-Sysmon/Operational,2448,4460,DC01.corp.local,1,S-1-5-18,Process creation,NT AUTHORITY\SYSTEM,,"ProcessID: 400, ProcessGUID: c9182e32-c31a-69ca-0400-000000000900",RuleName: -,"MD5=60D35DCBD7F61CED00F96ACA79B5F63A,SHA256=25ED9D247D1849B6B9B403C93C3966C180E645726D0EDC706C94F56450EB7FD2,IMPHASH=13819FB7B1F01E2037570A1D4960A671",ParentProcess: C:\Windows\System32\smss.exe,"ParentProcessID: 352, ParentProcessGUID: c9182e32-c318-69ca-0300-000000000900",ParentCommandLine: \SystemRoot\System32\smss.exe,\??\C:\Windows\system32\autochk.exe /q /v *,False,C:\Users\owunc\Desktop\lab_logs\DC_Sysmon_ws.evtx,Classic,0,"{""EventData"":{""Data"":[{""@Name"":""RuleName"",""#text"":""-""},{""@Name"":""UtcTime"",""#text"":""2026-03-30 18:38:18.118""},{""@Name"":""ProcessGuid"",""#text"":""c9182e32-c31a-69ca-0400-000000000900""},{""@Name"":""ProcessId"",""#text"":""400""},{""@Name"":""Image"",""#text"":""C:\\Windows\\System32\\autochk.exe""},{""@Name"":""FileVersion"",""#text"":""10.0.20348.1 (WinBuild.160101.0800)""},{""@Name"":""Description"",""#text"":""Auto Check Utility""},{""@Name"":""Product"",""#text"":""Microsoft® Windows® Operating System""},{""@Name"":""Company"",""#text"":""Microsoft Corporation""},{""@Name"":""OriginalFileName"",""#text"":""AutoChk.Exe""},{""@Name"":""CommandLine"",""#text"":""\\??\\C:\\Windows\\system32\\autochk.exe /q /v *""},{""@Name"":""CurrentDirectory"",""#text"":""C:\\Windows\\system32\\""},{""@Name"":""User"",""#text"":""NT AUTHORITY\\SYSTEM""},{""@Name"":""LogonGuid"",""#text"":""c9182e32-c31a-69ca-e703-000000000000""},{""@Name"":""LogonId"",""#text"":""0x3E7""},{""@Name"":""TerminalSessionId"",""#text"":""0""},{""@Name"":""IntegrityLevel"",""#text"":""System""},{""@Name"":""Hashes"",""#text"":""MD5=60D35DCBD7F61CED00F96ACA79B5F63A,SHA256=25ED9D247D1849B6B9B403C93C3966C180E645726D0EDC706C94F56450EB7FD2,IMPHASH=13819FB7B1F01E2037570A1D4960A671""},{""@Name"":""ParentProcessGuid"",""#text"":""c9182e32-c318-69ca-0300-000000000900""},{""@Name"":""ParentProcessId"",""#text"":""352""},{""@Name"":""ParentImage"",""#text"":""C:\\Windows\\System32\\smss.exe""},{""@Name"":""ParentCommandLine"",""#text"":""\\SystemRoot\\System32\\smss.exe""},{""@Name"":""ParentUser"",""#text"":""NT AUTHORITY\\SYSTEM""}]}}"
91,91,2026-03-30 18:38:30.7074850,1,Info,Microsoft-Windows-Sysmon,Microsoft-Windows-Sysmon/Operational,2448,4460,DC01.corp.local,1,S-1-5-18,Process creation,NT AUTHORITY\SYSTEM,,"ProcessID: 464, ProcessGUID: c9182e32-c31a-69ca-0500-000000000900",RuleName: -,"MD5=44962FD12F0D29B0713BB5E14653194A,SHA256=D94C6656D377BB43A5CCA307FC46F5DE2B259E8884ACEDDDF0B07F45425F457E,IMPHASH=AAFAD421A667D68FFDF602EABF485E02",ParentProcess: C:\Windows\System32\smss.exe,"ParentProcessID: 352, ParentProcessGUID: c9182e32-c318-69ca-0300-000000000900",ParentCommandLine: \SystemRoot\System32\smss.exe,"\SystemRoot\System32\smss.exe 000000d0 0000008c ",False,C:\Users\owunc\Desktop\lab_logs\DC_Sysmon_ws.evtx,Classic,0,"{""EventData"":{""Data"":[{""@Name"":""RuleName"",""#text"":""-""},{""@Name"":""UtcTime"",""#text"":""2026-03-30 18:38:18.348""},{""@Name"":""ProcessGuid"",""#text"":""c9182e32-c31a-69ca-0500-000000000900""},{""@Name"":""ProcessId"",""#text"":""464""},{""@Name"":""Image"",""#text"":""C:\\Windows\\System32\\smss.exe""},{""@Name"":""FileVersion"",""#text"":""10.0.20348.1 (WinBuild.160101.0800)""},{""@Name"":""Description"",""#text"":""Windows Session Manager""},{""@Name"":""Product"",""#text"":""Microsoft® Windows® Operating System""},{""@Name"":""Company"",""#text"":""Microsoft Corporation""},{""@Name"":""OriginalFileName"",""#text"":""smss.exe""},{""@Name"":""CommandLine"",""#text"":""\\SystemRoot\\System32\\smss.exe 000000d0 0000008c ""},{""@Name"":""CurrentDirectory"",""#text"":""C:\\Windows\\""},{""@Name"":""User"",""#text"":""NT AUTHORITY\\SYSTEM""},{""@Name"":""LogonGuid"",""#text"":""c9182e32-c31a-69ca-e703-000000000000""},{""@Name"":""LogonId"",""#text"":""0x3E7""},{""@Name"":""TerminalSessionId"",""#text"":""0""},{""@Name"":""IntegrityLevel"",""#text"":""System""},{""@Name"":""Hashes"",""#text"":""MD5=44962FD12F0D29B0713BB5E14653194A,SHA256=D94C6656D377BB43A5CCA307FC46F5DE2B259E8884ACEDDDF0B07F45425F457E,IMPHASH=AAFAD421A667D68FFDF602EABF485E02""},{""@Name"":""ParentProcessGuid"",""#text"":""c9182e32-c318-69ca-0300-000000000900""},{""@Name"":""ParentProcessId"",""#text"":""352""},{""@Name"":""ParentImage"",""#text"":""C:\\Windows\\System32\\smss.exe""},{""@Name"":""ParentCommandLine"",""#text"":""\\SystemRoot\\System32\\smss.exe""},{""@Name"":""ParentUser"",""#text"":""NT AUTHORITY\\SYSTEM""}]}}"
92,92,2026-03-30 18:38:30.7086693,1,Info,Microsoft-Windows-Sysmon,Microsoft-Windows-Sysmon/Operational,2448,4460,DC01.corp.local,1,S-1-5-18,Process creation,NT AUTHORITY\SYSTEM,,"ProcessID: 472, ProcessGUID: c9182e32-c31a-69ca-0600-000000000900",RuleName: -,"MD5=A6C9EE45BFF7C5E696B07EC41AF84541,SHA256=50CBDBCE85014F1042F99D5ACDAAD88FF268317A605BC3700B2487EDD0F2EF0E,IMPHASH=A96FA9912E09E361274AD77F1A4B252C",ParentProcess: C:\Windows\System32\smss.exe,"ParentProcessID: 464, ParentProcessGUID: c9182e32-c31a-69ca-0500-000000000900","ParentCommandLine: \SystemRoot\System32\smss.exe 000000d0 0000008c ","%%SystemRoot%%\system32\csrss.exe ObjectDirectory=\Windows SharedSection=1024,20480,768 Windows=On SubSystemType=Windows ServerDll=basesrv,1 ServerDll=winsrv:UserServerDllInitialization,3 ServerDll=sxssrv,4 ProfileControl=Off MaxRequestThreads=16",False,C:\Users\owunc\Desktop\lab_logs\DC_Sysmon_ws.evtx,Classic,0,"{""EventData"":{""Data"":[{""@Name"":""RuleName"",""#text"":""-""},{""@Name"":""UtcTime"",""#text"":""2026-03-30 18:38:18.402""},{""@Name"":""ProcessGuid"",""#text"":""c9182e32-c31a-69ca-0600-000000000900""},{""@Name"":""ProcessId"",""#text"":""472""},{""@Name"":""Image"",""#text"":""C:\\Windows\\System32\\csrss.exe""},{""@Name"":""FileVersion"",""#text"":""10.0.20348.1 (WinBuild.160101.0800)""},{""@Name"":""Description"",""#text"":""Client Server Runtime Process""},{""@Name"":""Product"",""#text"":""Microsoft® Windows® Operating System""},{""@Name"":""Company"",""#text"":""Microsoft Corporation""},{""@Name"":""OriginalFileName"",""#text"":""CSRSS.Exe""},{""@Name"":""CommandLine"",""#text"":""%%SystemRoot%%\\system32\\csrss.exe ObjectDirectory=\\Windows SharedSection=1024,20480,768 Windows=On SubSystemType=Windows ServerDll=basesrv,1 ServerDll=winsrv:UserServerDllInitialization,3 ServerDll=sxssrv,4 ProfileControl=Off MaxRequestThreads=16""},{""@Name"":""CurrentDirectory"",""#text"":""C:\\Windows\\system32\\""},{""@Name"":""User"",""#text"":""NT AUTHORITY\\SYSTEM""},{""@Name"":""LogonGuid"",""#text"":""c9182e32-c31a-69ca-e703-000000000000""},{""@Name"":""LogonId"",""#text"":""0x3E7""},{""@Name"":""TerminalSessionId"",""#text"":""0""},{""@Name"":""IntegrityLevel"",""#text"":""System""},{""@Name"":""Hashes"",""#text"":""MD5=A6C9EE45BFF7C5E696B07EC41AF84541,SHA256=50CBDBCE85014F1042F99D5ACDAAD88FF268317A605BC3700B2487EDD0F2EF0E,IMPHASH=A96FA9912E09E361274AD77F1A4B252C""},{""@Name"":""ParentProcessGuid"",""#text"":""c9182e32-c31a-69ca-0500-000000000900""},{""@Name"":""ParentProcessId"",""#text"":""464""},{""@Name"":""ParentImage"",""#text"":""C:\\Windows\\System32\\smss.exe""},{""@Name"":""ParentCommandLine"",""#text"":""\\SystemRoot\\System32\\smss.exe 000000d0 0000008c ""},{""@Name"":""ParentUser"",""#text"":""NT AUTHORITY\\SYSTEM""}]}}"
93,93,2026-03-30 18:38:30.7089124,13,Info,Microsoft-Windows-Sysmon,Microsoft-Windows-Sysmon/Operational,2448,4460,DC01.corp.local,1,S-1-5-18,RegistryEvent (Value Set),NT AUTHORITY\SYSTEM,,"ProcessID: 472, ProcessGUID: c9182e32-c31a-69ca-0600-000000000900",RuleName: InvDB-DriverVer,Image: C:\Windows\system32\csrss.exe,EventType: SetValue,TargetObject: HKLM\SOFTWARE\Microsoft\Windows NT\CurrentVersion\OpenGLDrivers\MSOGL\DriverVersion,Details: DWORD (0x00000001),,False,C:\Users\owunc\Desktop\lab_logs\DC_Sysmon_ws.evtx,Classic,0,"{""EventData"":{""Data"":[{""@Name"":""RuleName"",""#text"":""InvDB-DriverVer""},{""@Name"":""EventType"",""#text"":""SetValue""},{""@Name"":""UtcTime"",""#text"":""2026-03-30 18:38:18.466""},{""@Name"":""ProcessGuid"",""#text"":""c9182e32-c31a-69ca-0600-000000000900""},{""@Name"":""ProcessId"",""#text"":""472""},{""@Name"":""Image"",""#text"":""C:\\Windows\\system32\\csrss.exe""},{""@Name"":""TargetObject"",""#text"":""HKLM\\SOFTWARE\\Microsoft\\Windows NT\\CurrentVersion\\OpenGLDrivers\\MSOGL\\DriverVersion""},{""@Name"":""Details"",""#text"":""DWORD (0x00000001)""},{""@Name"":""User"",""#text"":""NT AUTHORITY\\SYSTEM""}]}}"
94,94,2026-03-30 18:38:30.7090977,13,Info,Microsoft-Windows-Sysmon,Microsoft-Windows-Sysmon/Operational,2448,4460,DC01.corp.local,1,S-1-5-18,RegistryEvent (Value Set),NT AUTHORITY\SYSTEM,,"ProcessID: 472, ProcessGUID: c9182e32-c31a-69ca-0600-000000000900",RuleName: InvDB-DriverVer,Image: C:\Windows\system32\csrss.exe,EventType: SetValue,TargetObject: HKLM\SOFTWARE\Wow6432Node\Microsoft\Windows NT\CurrentVersion\OpenGLDrivers\MSOGL\DriverVersion,Details: DWORD (0x00000001),,False,C:\Users\owunc\Desktop\lab_logs\DC_Sysmon_ws.evtx,Classic,0,"{""EventData"":{""Data"":[{""@Name"":""RuleName"",""#text"":""InvDB-DriverVer""},{""@Name"":""EventType"",""#text"":""SetValue""},{""@Name"":""UtcTime"",""#text"":""2026-03-30 18:38:18.466""},{""@Name"":""ProcessGuid"",""#text"":""c9182e32-c31a-69ca-0600-000000000900""},{""@Name"":""ProcessId"",""#text"":""472""},{""@Name"":""Image"",""#text"":""C:\\Windows\\system32\\csrss.exe""},{""@Name"":""TargetObject"",""#text"":""HKLM\\SOFTWARE\\Wow6432Node\\Microsoft\\Windows NT\\CurrentVersion\\OpenGLDrivers\\MSOGL\\DriverVersion""},{""@Name"":""Details"",""#text"":""DWORD (0x00000001)""},{""@Name"":""User"",""#text"":""NT AUTHORITY\\SYSTEM""}]}}"
95,95,2026-03-30 18:38:30.7219778,1,Info,Microsoft-Windows-Sysmon,Microsoft-Windows-Sysmon/Operational,2448,4460,DC01.corp.local,1,S-1-5-18,Process creation,NT AUTHORITY\SYSTEM,,"ProcessID: 568, ProcessGUID: c9182e32-c31a-69ca-0700-000000000900",RuleName: -,"MD5=44962FD12F0D29B0713BB5E14653194A,SHA256=D94C6656D377BB43A5CCA307FC46F5DE2B259E8884ACEDDDF0B07F45425F457E,IMPHASH=AAFAD421A667D68FFDF602EABF485E02",ParentProcess: C:\Windows\System32\smss.exe,"ParentProcessID: 352, ParentProcessGUID: c9182e32-c318-69ca-0300-000000000900",ParentCommandLine: \SystemRoot\System32\smss.exe,"\SystemRoot\System32\smss.exe 000000e0 0000008c ",False,C:\Users\owunc\Desktop\lab_logs\DC_Sysmon_ws.evtx,Classic,0,"{""EventData"":{""Data"":[{""@Name"":""RuleName"",""#text"":""-""},{""@Name"":""UtcTime"",""#text"":""2026-03-30 18:38:18.518""},{""@Name"":""ProcessGuid"",""#text"":""c9182e32-c31a-69ca-0700-000000000900""},{""@Name"":""ProcessId"",""#text"":""568""},{""@Name"":""Image"",""#text"":""C:\\Windows\\System32\\smss.exe""},{""@Name"":""FileVersion"",""#text"":""10.0.20348.1 (WinBuild.160101.0800)""},{""@Name"":""Description"",""#text"":""Windows Session Manager""},{""@Name"":""Product"",""#text"":""Microsoft® Windows® Operating System""},{""@Name"":""Company"",""#text"":""Microsoft Corporation""},{""@Name"":""OriginalFileName"",""#text"":""smss.exe""},{""@Name"":""CommandLine"",""#text"":""\\SystemRoot\\System32\\smss.exe 000000e0 0000008c ""},{""@Name"":""CurrentDirectory"",""#text"":""C:\\Windows\\""},{""@Name"":""User"",""#text"":""NT AUTHORITY\\SYSTEM""},{""@Name"":""LogonGuid"",""#text"":""c9182e32-c31a-69ca-e703-000000000000""},{""@Name"":""LogonId"",""#text"":""0x3E7""},{""@Name"":""TerminalSessionId"",""#text"":""1""},{""@Name"":""IntegrityLevel"",""#text"":""System""},{""@Name"":""Hashes"",""#text"":""MD5=44962FD12F0D29B0713BB5E14653194A,SHA256=D94C6656D377BB43A5CCA307FC46F5DE2B259E8884ACEDDDF0B07F45425F457E,IMPHASH=AAFAD421A667D68FFDF602EABF485E02""},{""@Name"":""ParentProcessGuid"",""#text"":""c9182e32-c318-69ca-0300-000000000900""},{""@Name"":""ParentProcessId"",""#text"":""352""},{""@Name"":""ParentImage"",""#text"":""C:\\Windows\\System32\\smss.exe""},{""@Name"":""ParentCommandLine"",""#text"":""\\SystemRoot\\System32\\smss.exe""},{""@Name"":""ParentUser"",""#text"":""NT AUTHORITY\\SYSTEM""}]}}"
96,96,2026-03-30 18:38:30.7228111,1,Info,Microsoft-Windows-Sysmon,Microsoft-Windows-Sysmon/Operational,2448,4460,DC01.corp.local,1,S-1-5-18,Process creation,NT AUTHORITY\SYSTEM,,"ProcessID: 584, ProcessGUID: c9182e32-c31a-69ca-0900-000000000900",RuleName: -,"MD5=A6C9EE45BFF7C5E696B07EC41AF84541,SHA256=50CBDBCE85014F1042F99D5ACDAAD88FF268317A605BC3700B2487EDD0F2EF0E,IMPHASH=A96FA9912E09E361274AD77F1A4B252C",ParentProcess: C:\Windows\System32\smss.exe,"ParentProcessID: 568, ParentProcessGUID: c9182e32-c31a-69ca-0700-000000000900","ParentCommandLine: \SystemRoot\System32\smss.exe 000000e0 0000008c ","%%SystemRoot%%\system32\csrss.exe ObjectDirectory=\Windows SharedSection=1024,20480,768 Windows=On SubSystemType=Windows ServerDll=basesrv,1 ServerDll=winsrv:UserServerDllInitialization,3 ServerDll=sxssrv,4 ProfileControl=Off MaxRequestThreads=16",False,C:\Users\owunc\Desktop\lab_logs\DC_Sysmon_ws.evtx,Classic,0,"{""EventData"":{""Data"":[{""@Name"":""RuleName"",""#text"":""-""},{""@Name"":""UtcTime"",""#text"":""2026-03-30 18:38:18.523""},{""@Name"":""ProcessGuid"",""#text"":""c9182e32-c31a-69ca-0900-000000000900""},{""@Name"":""ProcessId"",""#text"":""584""},{""@Name"":""Image"",""#text"":""C:\\Windows\\System32\\csrss.exe""},{""@Name"":""FileVersion"",""#text"":""10.0.20348.1 (WinBuild.160101.0800)""},{""@Name"":""Description"",""#text"":""Client Server Runtime Process""},{""@Name"":""Product"",""#text"":""Microsoft® Windows® Operating System""},{""@Name"":""Company"",""#text"":""Microsoft Corporation""},{""@Name"":""OriginalFileName"",""#text"":""CSRSS.Exe""},{""@Name"":""CommandLine"",""#text"":""%%SystemRoot%%\\system32\\csrss.exe ObjectDirectory=\\Windows SharedSection=1024,20480,768 Windows=On SubSystemType=Windows ServerDll=basesrv,1 ServerDll=winsrv:UserServerDllInitialization,3 ServerDll=sxssrv,4 ProfileControl=Off MaxRequestThreads=16""},{""@Name"":""CurrentDirectory"",""#text"":""C:\\Windows\\system32\\""},{""@Name"":""User"",""#text"":""NT AUTHORITY\\SYSTEM""},{""@Name"":""LogonGuid"",""#text"":""c9182e32-c31a-69ca-e703-000000000000""},{""@Name"":""LogonId"",""#text"":""0x3E7""},{""@Name"":""TerminalSessionId"",""#text"":""1""},{""@Name"":""IntegrityLevel"",""#text"":""System""},{""@Name"":""Hashes"",""#text"":""MD5=A6C9EE45BFF7C5E696B07EC41AF84541,SHA256=50CBDBCE85014F1042F99D5ACDAAD88FF268317A605BC3700B2487EDD0F2EF0E,IMPHASH=A96FA9912E09E361274AD77F1A4B252C""},{""@Name"":""ParentProcessGuid"",""#text"":""c9182e32-c31a-69ca-0700-000000000900""},{""@Name"":""ParentProcessId"",""#text"":""568""},{""@Name"":""ParentImage"",""#text"":""C:\\Windows\\System32\\smss.exe""},{""@Name"":""ParentCommandLine"",""#text"":""\\SystemRoot\\System32\\smss.exe 000000e0 0000008c ""},{""@Name"":""ParentUser"",""#text"":""NT AUTHORITY\\SYSTEM""}]}}"
97,97,2026-03-30 18:38:30.7229890,1,Info,Microsoft-Windows-Sysmon,Microsoft-Windows-Sysmon/Operational,2448,4460,DC01.corp.local,1,S-1-5-18,Process creation,NT AUTHORITY\SYSTEM,,"ProcessID: 576, ProcessGUID: c9182e32-c31a-69ca-0800-000000000900",RuleName: -,"MD5=E7BBDE1FF6B1C3C883771E145FB6C396,SHA256=6EC986696EBB09378726D4997C1C5E9AE815898E99B49A1446BF4FD9B7317A47,IMPHASH=A65A568C731F55F1F56A068E9B79D7A2",ParentProcess: C:\Windows\System32\smss.exe,"ParentProcessID: 464, ParentProcessGUID: c9182e32-c31a-69ca-0500-000000000900","ParentCommandLine: \SystemRoot\System32\smss.exe 000000d0 0000008c ",wininit.exe,False,C:\Users\owunc\Desktop\lab_logs\DC_Sysmon_ws.evtx,Classic,0,"{""EventData"":{""Data"":[{""@Name"":""RuleName"",""#text"":""-""},{""@Name"":""UtcTime"",""#text"":""2026-03-30 18:38:18.520""},{""@Name"":""ProcessGuid"",""#text"":""c9182e32-c31a-69ca-0800-000000000900""},{""@Name"":""ProcessId"",""#text"":""576""},{""@Name"":""Image"",""#text"":""C:\\Windows\\System32\\wininit.exe""},{""@Name"":""FileVersion"",""#text"":""10.0.20348.380 (WinBuild.160101.0800)""},{""@Name"":""Description"",""#text"":""Windows Start-Up Application""},{""@Name"":""Product"",""#text"":""Microsoft® Windows® Operating System""},{""@Name"":""Company"",""#text"":""Microsoft Corporation""},{""@Name"":""OriginalFileName"",""#text"":""WinInit.exe""},{""@Name"":""CommandLine"",""#text"":""wininit.exe""},{""@Name"":""CurrentDirectory"",""#text"":""C:\\Windows\\system32\\""},{""@Name"":""User"",""#text"":""NT AUTHORITY\\SYSTEM""},{""@Name"":""LogonGuid"",""#text"":""c9182e32-c31a-69ca-e703-000000000000""},{""@Name"":""LogonId"",""#text"":""0x3E7""},{""@Name"":""TerminalSessionId"",""#text"":""0""},{""@Name"":""IntegrityLevel"",""#text"":""System""},{""@Name"":""Hashes"",""#text"":""MD5=E7BBDE1FF6B1C3C883771E145FB6C396,SHA256=6EC986696EBB09378726D4997C1C5E9AE815898E99B49A1446BF4FD9B7317A47,IMPHASH=A65A568C731F55F1F56A068E9B79D7A2""},{""@Name"":""ParentProcessGuid"",""#text"":""c9182e32-c31a-69ca-0500-000000000900""},{""@Name"":""ParentProcessId"",""#text"":""464""},{""@Name"":""ParentImage"",""#text"":""C:\\Windows\\System32\\smss.exe""},{""@Name"":""ParentCommandLine"",""#text"":""\\SystemRoot\\System32\\smss.exe 000000d0 0000008c ""},{""@Name"":""ParentUser"",""#text"":""NT AUTHORITY\\SYSTEM""}]}}"
98,98,2026-03-30 18:38:30.7260020,1,Info,Microsoft-Windows-Sysmon,Microsoft-Windows-Sysmon/Operational,2448,4460,DC01.corp.local,1,S-1-5-18,Process creation,NT AUTHORITY\SYSTEM,,"ProcessID: 668, ProcessGUID: c9182e32-c31a-69ca-0a00-000000000900",RuleName: -,"MD5=DFEAB19EE335CB23A6EFB2CD2E6B0225,SHA256=C01828591E8E242CCEC33D23062729C3D4CB01734BE1D9D5F6587FF33C6EC957,IMPHASH=CE94A16F0A679907DBBB90A4F349F2F6",ParentProcess: C:\Windows\System32\smss.exe,"ParentProcessID: 568, ParentProcessGUID: c9182e32-c31a-69ca-0700-000000000900","ParentCommandLine: \SystemRoot\System32\smss.exe 000000e0 0000008c ",winlogon.exe,False,C:\Users\owunc\Desktop\lab_logs\DC_Sysmon_ws.evtx,Classic,0,"{""EventData"":{""Data"":[{""@Name"":""RuleName"",""#text"":""-""},{""@Name"":""UtcTime"",""#text"":""2026-03-30 18:38:18.550""},{""@Name"":""ProcessGuid"",""#text"":""c9182e32-c31a-69ca-0a00-000000000900""},{""@Name"":""ProcessId"",""#text"":""668""},{""@Name"":""Image"",""#text"":""C:\\Windows\\System32\\winlogon.exe""},{""@Name"":""FileVersion"",""#text"":""10.0.20348.558 (WinBuild.160101.0800)""},{""@Name"":""Description"",""#text"":""Windows Logon Application""},{""@Name"":""Product"",""#text"":""Microsoft® Windows® Operating System""},{""@Name"":""Company"",""#text"":""Microsoft Corporation""},{""@Name"":""OriginalFileName"",""#text"":""WINLOGON.EXE""},{""@Name"":""CommandLine"",""#text"":""winlogon.exe""},{""@Name"":""CurrentDirectory"",""#text"":""C:\\Windows\\system32\\""},{""@Name"":""User"",""#text"":""NT AUTHORITY\\SYSTEM""},{""@Name"":""LogonGuid"",""#text"":""c9182e32-c31a-69ca-e703-000000000000""},{""@Name"":""LogonId"",""#text"":""0x3E7""},{""@Name"":""TerminalSessionId"",""#text"":""1""},{""@Name"":""IntegrityLevel"",""#text"":""System""},{""@Name"":""Hashes"",""#text"":""MD5=DFEAB19EE335CB23A6EFB2CD2E6B0225,SHA256=C01828591E8E242CCEC33D23062729C3D4CB01734BE1D9D5F6587FF33C6EC957,IMPHASH=CE94A16F0A679907DBBB90A4F349F2F6""},{""@Name"":""ParentProcessGuid"",""#text"":""c9182e32-c31a-69ca-0700-000000000900""},{""@Name"":""ParentProcessId"",""#text"":""568""},{""@Name"":""ParentImage"",""#text"":""C:\\Windows\\System32\\smss.exe""},{""@Name"":""ParentCommandLine"",""#text"":""\\SystemRoot\\System32\\smss.exe 000000e0 0000008c ""},{""@Name"":""ParentUser"",""#text"":""NT AUTHORITY\\SYSTEM""}]}}"
99,99,2026-03-30 18:38:30.7265740,1,Info,Microsoft-Windows-Sysmon,Microsoft-Windows-Sysmon/Operational,2448,4460,DC01.corp.local,1,S-1-5-18,Process creation,NT AUTHORITY\SYSTEM,,"ProcessID: 716, ProcessGUID: c9182e32-c31a-69ca-0b00-000000000900",RuleName: -,"MD5=042C0E965C5DB03DBF911E4C6A319CE8,SHA256=711F6AC28CCF2B6D3976BD4529A55EC38AC8C8E6F2376F5B2DCB41A091E28CC2,IMPHASH=8F62686692E3E2E3E3AF249B71011A00",ParentProcess: C:\Windows\System32\wininit.exe,"ParentProcessID: 576, ParentProcessGUID: c9182e32-c31a-69ca-0800-000000000900",ParentCommandLine: wininit.exe,C:\Windows\system32\services.exe,False,C:\Users\owunc\Desktop\lab_logs\DC_Sysmon_ws.evtx,Classic,0,"{""EventData"":{""Data"":[{""@Name"":""RuleName"",""#text"":""-""},{""@Name"":""UtcTime"",""#text"":""2026-03-30 18:38:18.593""},{""@Name"":""ProcessGuid"",""#text"":""c9182e32-c31a-69ca-0b00-000000000900""},{""@Name"":""ProcessId"",""#text"":""716""},{""@Name"":""Image"",""#text"":""C:\\Windows\\System32\\services.exe""},{""@Name"":""FileVersion"",""#text"":""10.0.20348.1 (WinBuild.160101.0800)""},{""@Name"":""Description"",""#text"":""Services and Controller app""},{""@Name"":""Product"",""#text"":""Microsoft® Windows® Operating System""},{""@Name"":""Company"",""#text"":""Microsoft Corporation""},{""@Name"":""OriginalFileName"",""#text"":""services.exe""},{""@Name"":""CommandLine"",""#text"":""C:\\Windows\\system32\\services.exe""},{""@Name"":""CurrentDirectory"",""#text"":""C:\\Windows\\system32\\""},{""@Name"":""User"",""#text"":""NT AUTHORITY\\SYSTEM""},{""@Name"":""LogonGuid"",""#text"":""c9182e32-c31a-69ca-e703-000000000000""},{""@Name"":""LogonId"",""#text"":""0x3E7""},{""@Name"":""TerminalSessionId"",""#text"":""0""},{""@Name"":""IntegrityLevel"",""#text"":""System""},{""@Name"":""Hashes"",""#text"":""MD5=042C0E965C5DB03DBF911E4C6A319CE8,SHA256=711F6AC28CCF2B6D3976BD4529A55EC38AC8C8E6F2376F5B2DCB41A091E28CC2,IMPHASH=8F62686692E3E2E3E3AF249B71011A00""},{""@Name"":""ParentProcessGuid"",""#text"":""c9182e32-c31a-69ca-0800-000000000900""},{""@Name"":""ParentProcessId"",""#text"":""576""},{""@Name"":""ParentImage"",""#text"":""C:\\Windows\\System32\\wininit.exe""},{""@Name"":""ParentCommandLine"",""#text"":""wininit.exe""},{""@Name"":""ParentUser"",""#text"":""NT AUTHORITY\\SYSTEM""}]}}"
100,100,2026-03-30 18:38:30.7267904,1,Info,Microsoft-Windows-Sysmon,Microsoft-Windows-Sysmon/Operational,2448,4460,DC01.corp.local,1,S-1-5-18,Process creation,NT AUTHORITY\SYSTEM,,"ProcessID: 736, ProcessGUID: c9182e32-c31a-69ca-0c00-000000000900",RuleName: -,"MD5=6DA2FCC580C720C16612057E83F47F04,SHA256=3A5C6719EF2E4DF699CD27F8DFF09B51DBEAE395701B18C2B7F990F829E6CA6A,IMPHASH=3924D1606F44D90586A3EC75785C2730",ParentProcess: C:\Windows\System32\wininit.exe,"ParentProcessID: 576, ParentProcessGUID: c9182e32-c31a-69ca-0800-000000000900",ParentCommandLine: wininit.exe,C:\Windows\system32\lsass.exe,False,C:\Users\owunc\Desktop\lab_logs\DC_Sysmon_ws.evtx,Classic,0,"{""EventData"":{""Data"":[{""@Name"":""RuleName"",""#text"":""-""},{""@Name"":""UtcTime"",""#text"":""2026-03-30 18:38:18.633""},{""@Name"":""ProcessGuid"",""#text"":""c9182e32-c31a-69ca-0c00-000000000900""},{""@Name"":""ProcessId"",""#text"":""736""},{""@Name"":""Image"",""#text"":""C:\\Windows\\System32\\lsass.exe""},{""@Name"":""FileVersion"",""#text"":""10.0.20348.587 (WinBuild.160101.0800)""},{""@Name"":""Description"",""#text"":""Local Security Authority Process""},{""@Name"":""Product"",""#text"":""Microsoft® Windows® Operating System""},{""@Name"":""Company"",""#text"":""Microsoft Corporation""},{""@Name"":""OriginalFileName"",""#text"":""lsass.exe""},{""@Name"":""CommandLine"",""#text"":""C:\\Windows\\system32\\lsass.exe""},{""@Name"":""CurrentDirectory"",""#text"":""C:\\Windows\\system32\\""},{""@Name"":""User"",""#text"":""NT AUTHORITY\\SYSTEM""},{""@Name"":""LogonGuid"",""#text"":""c9182e32-c31a-69ca-e703-000000000000""},{""@Name"":""LogonId"",""#text"":""0x3E7""},{""@Name"":""TerminalSessionId"",""#text"":""0""},{""@Name"":""IntegrityLevel"",""#text"":""System""},{""@Name"":""Hashes"",""#text"":""MD5=6DA2FCC580C720C16612057E83F47F04,SHA256=3A5C6719EF2E4DF699CD27F8DFF09B51DBEAE395701B18C2B7F990F829E6CA6A,IMPHASH=3924D1606F44D90586A3EC75785C2730""},{""@Name"":""ParentProcessGuid"",""#text"":""c9182e32-c31a-69ca-0800-000000000900""},{""@Name"":""ParentProcessId"",""#text"":""576""},{""@Name"":""ParentImage"",""#text"":""C:\\Windows\\System32\\wininit.exe""},{""@Name"":""ParentCommandLine"",""#text"":""wininit.exe""},{""@Name"":""ParentUser"",""#text"":""NT AUTHORITY\\SYSTEM""}]}}"
101,101,2026-03-30 18:38:30.7268592,13,Info,Microsoft-Windows-Sysmon,Microsoft-Windows-Sysmon/Operational,2448,4460,DC01.corp.local,1,S-1-5-18,RegistryEvent (Value Set),NT AUTHORITY\SYSTEM,,"ProcessID: 736, ProcessGUID: c9182e32-c31a-69ca-0c00-000000000900",RuleName: T1101,Image: C:\Windows\system32\lsass.exe,EventType: SetValue,TargetObject: HKLM\System\CurrentControlSet\Control\Lsa\LsaCfgFlagsDefault,Details: DWORD (0x00000000),,False,C:\Users\owunc\Desktop\lab_logs\DC_Sysmon_ws.evtx,Classic,0,"{""EventData"":{""Data"":[{""@Name"":""RuleName"",""#text"":""T1101""},{""@Name"":""EventType"",""#text"":""SetValue""},{""@Name"":""UtcTime"",""#text"":""2026-03-30 18:38:18.668""},{""@Name"":""ProcessGuid"",""#text"":""c9182e32-c31a-69ca-0c00-000000000900""},{""@Name"":""ProcessId"",""#text"":""736""},{""@Name"":""Image"",""#text"":""C:\\Windows\\system32\\lsass.exe""},{""@Name"":""TargetObject"",""#text"":""HKLM\\System\\CurrentControlSet\\Control\\Lsa\\LsaCfgFlagsDefault""},{""@Name"":""Details"",""#text"":""DWORD (0x00000000)""},{""@Name"":""User"",""#text"":""NT AUTHORITY\\SYSTEM""}]}}"
102,102,2026-03-30 18:38:30.7287665,1,Info,Microsoft-Windows-Sysmon,Microsoft-Windows-Sysmon/Operational,2448,4460,DC01.corp.local,1,S-1-5-18,Process creation,NT AUTHORITY\SYSTEM,,"ProcessID: 948, ProcessGUID: c9182e32-c31b-69ca-0d00-000000000900",RuleName: -,"MD5=DC32ABA4669EAFB22FCACD5EC836A107,SHA256=31780FF2AAF7BC71F755BA0E4FEF1D61B060D1D2741EAFB33CBAB44D889595A0,IMPHASH=D8C4E4978657CEA220B495778C972E64",ParentProcess: C:\Windows\System32\services.exe,"ParentProcessID: 716, ParentProcessGUID: c9182e32-c31a-69ca-0b00-000000000900",ParentCommandLine: C:\Windows\system32\services.exe,C:\Windows\system32\svchost.exe -k DcomLaunch -p,False,C:\Users\owunc\Desktop\lab_logs\DC_Sysmon_ws.evtx,Classic,0,"{""EventData"":{""Data"":[{""@Name"":""RuleName"",""#text"":""-""},{""@Name"":""UtcTime"",""#text"":""2026-03-30 18:38:19.999""},{""@Name"":""ProcessGuid"",""#text"":""c9182e32-c31b-69ca-0d00-000000000900""},{""@Name"":""ProcessId"",""#text"":""948""},{""@Name"":""Image"",""#text"":""C:\\Windows\\System32\\svchost.exe""},{""@Name"":""FileVersion"",""#text"":""10.0.20348.558 (WinBuild.160101.0800)""},{""@Name"":""Description"",""#text"":""Host Process for Windows Services""},{""@Name"":""Product"",""#text"":""Microsoft® Windows® Operating System""},{""@Name"":""Company"",""#text"":""Microsoft Corporation""},{""@Name"":""OriginalFileName"",""#text"":""svchost.exe""},{""@Name"":""CommandLine"",""#text"":""C:\\Windows\\system32\\svchost.exe -k DcomLaunch -p""},{""@Name"":""CurrentDirectory"",""#text"":""C:\\Windows\\system32\\""},{""@Name"":""User"",""#text"":""NT AUTHORITY\\SYSTEM""},{""@Name"":""LogonGuid"",""#text"":""c9182e32-c31a-69ca-e703-000000000000""},{""@Name"":""LogonId"",""#text"":""0x3E7""},{""@Name"":""TerminalSessionId"",""#text"":""0""},{""@Name"":""IntegrityLevel"",""#text"":""System""},{""@Name"":""Hashes"",""#text"":""MD5=DC32ABA4669EAFB22FCACD5EC836A107,SHA256=31780FF2AAF7BC71F755BA0E4FEF1D61B060D1D2741EAFB33CBAB44D889595A0,IMPHASH=D8C4E4978657CEA220B495778C972E64""},{""@Name"":""ParentProcessGuid"",""#text"":""c9182e32-c31a-69ca-0b00-000000000900""},{""@Name"":""ParentProcessId"",""#text"":""716""},{""@Name"":""ParentImage"",""#text"":""C:\\Windows\\System32\\services.exe""},{""@Name"":""ParentCommandLine"",""#text"":""C:\\Windows\\system32\\services.exe""},{""@Name"":""ParentUser"",""#text"":""NT AUTHORITY\\SYSTEM""}]}}"
103,103,2026-03-30 18:38:30.7303634,1,Info,Microsoft-Windows-Sysmon,Microsoft-Windows-Sysmon/Operational,2448,4460,DC01.corp.local,1,S-1-5-18,Process creation,NT AUTHORITY\NETWORK SERVICE,,"ProcessID: 996, ProcessGUID: c9182e32-c31c-69ca-0e00-000000000900",RuleName: -,"MD5=DC32ABA4669EAFB22FCACD5EC836A107,SHA256=31780FF2AAF7BC71F755BA0E4FEF1D61B060D1D2741EAFB33CBAB44D889595A0,IMPHASH=D8C4E4978657CEA220B495778C972E64",ParentProcess: C:\Windows\System32\services.exe,"ParentProcessID: 716, ParentProcessGUID: c9182e32-c31a-69ca-0b00-000000000900",ParentCommandLine: C:\Windows\system32\services.exe,C:\Windows\system32\svchost.exe -k RPCSS -p,False,C:\Users\owunc\Desktop\lab_logs\DC_Sysmon_ws.evtx,Classic,0,"{""EventData"":{""Data"":[{""@Name"":""RuleName"",""#text"":""-""},{""@Name"":""UtcTime"",""#text"":""2026-03-30 18:38:20.078""},{""@Name"":""ProcessGuid"",""#text"":""c9182e32-c31c-69ca-0e00-000000000900""},{""@Name"":""ProcessId"",""#text"":""996""},{""@Name"":""Image"",""#text"":""C:\\Windows\\System32\\svchost.exe""},{""@Name"":""FileVersion"",""#text"":""10.0.20348.558 (WinBuild.160101.0800)""},{""@Name"":""Description"",""#text"":""Host Process for Windows Services""},{""@Name"":""Product"",""#text"":""Microsoft® Windows® Operating System""},{""@Name"":""Company"",""#text"":""Microsoft Corporation""},{""@Name"":""OriginalFileName"",""#text"":""svchost.exe""},{""@Name"":""CommandLine"",""#text"":""C:\\Windows\\system32\\svchost.exe -k RPCSS -p""},{""@Name"":""CurrentDirectory"",""#text"":""C:\\Windows\\system32\\""},{""@Name"":""User"",""#text"":""NT AUTHORITY\\NETWORK SERVICE""},{""@Name"":""LogonGuid"",""#text"":""c9182e32-c31c-69ca-e403-000000000000""},{""@Name"":""LogonId"",""#text"":""0x3E4""},{""@Name"":""TerminalSessionId"",""#text"":""0""},{""@Name"":""IntegrityLevel"",""#text"":""System""},{""@Name"":""Hashes"",""#text"":""MD5=DC32ABA4669EAFB22FCACD5EC836A107,SHA256=31780FF2AAF7BC71F755BA0E4FEF1D61B060D1D2741EAFB33CBAB44D889595A0,IMPHASH=D8C4E4978657CEA220B495778C972E64""},{""@Name"":""ParentProcessGuid"",""#text"":""c9182e32-c31a-69ca-0b00-000000000900""},{""@Name"":""ParentProcessId"",""#text"":""716""},{""@Name"":""ParentImage"",""#text"":""C:\\Windows\\System32\\services.exe""},{""@Name"":""ParentCommandLine"",""#text"":""C:\\Windows\\system32\\services.exe""},{""@Name"":""ParentUser"",""#text"":""NT AUTHORITY\\SYSTEM""}]}}"
104,104,2026-03-30 18:38:30.7310768,1,Info,Microsoft-Windows-Sysmon,Microsoft-Windows-Sysmon/Operational,2448,4460,DC01.corp.local,1,S-1-5-18,Process creation,NT AUTHORITY\SYSTEM,,"ProcessID: 400, ProcessGUID: c9182e32-c31c-69ca-0f00-000000000900",RuleName: -,"MD5=DC32ABA4669EAFB22FCACD5EC836A107,SHA256=31780FF2AAF7BC71F755BA0E4FEF1D61B060D1D2741EAFB33CBAB44D889595A0,IMPHASH=D8C4E4978657CEA220B495778C972E64",ParentProcess: C:\Windows\System32\services.exe,"ParentProcessID: 716, ParentProcessGUID: c9182e32-c31a-69ca-0b00-000000000900",ParentCommandLine: C:\Windows\system32\services.exe,C:\Windows\system32\svchost.exe -k DcomLaunch -p -s LSM,False,C:\Users\owunc\Desktop\lab_logs\DC_Sysmon_ws.evtx,Classic,0,"{""EventData"":{""Data"":[{""@Name"":""RuleName"",""#text"":""-""},{""@Name"":""UtcTime"",""#text"":""2026-03-30 18:38:20.096""},{""@Name"":""ProcessGuid"",""#text"":""c9182e32-c31c-69ca-0f00-000000000900""},{""@Name"":""ProcessId"",""#text"":""400""},{""@Name"":""Image"",""#text"":""C:\\Windows\\System32\\svchost.exe""},{""@Name"":""FileVersion"",""#text"":""10.0.20348.558 (WinBuild.160101.0800)""},{""@Name"":""Description"",""#text"":""Host Process for Windows Services""},{""@Name"":""Product"",""#text"":""Microsoft® Windows® Operating System""},{""@Name"":""Company"",""#text"":""Microsoft Corporation""},{""@Name"":""OriginalFileName"",""#text"":""svchost.exe""},{""@Name"":""CommandLine"",""#text"":""C:\\Windows\\system32\\svchost.exe -k DcomLaunch -p -s LSM""},{""@Name"":""CurrentDirectory"",""#text"":""C:\\Windows\\system32\\""},{""@Name"":""User"",""#text"":""NT AUTHORITY\\SYSTEM""},{""@Name"":""LogonGuid"",""#text"":""c9182e32-c31a-69ca-e703-000000000000""},{""@Name"":""LogonId"",""#text"":""0x3E7""},{""@Name"":""TerminalSessionId"",""#text"":""0""},{""@Name"":""IntegrityLevel"",""#text"":""System""},{""@Name"":""Hashes"",""#text"":""MD5=DC32ABA4669EAFB22FCACD5EC836A107,SHA256=31780FF2AAF7BC71F755BA0E4FEF1D61B060D1D2741EAFB33CBAB44D889595A0,IMPHASH=D8C4E4978657CEA220B495778C972E64""},{""@Name"":""ParentProcessGuid"",""#text"":""c9182e32-c31a-69ca-0b00-000000000900""},{""@Name"":""ParentProcessId"",""#text"":""716""},{""@Name"":""ParentImage"",""#text"":""C:\\Windows\\System32\\services.exe""},{""@Name"":""ParentCommandLine"",""#text"":""C:\\Windows\\system32\\services.exe""},{""@Name"":""ParentUser"",""#text"":""NT AUTHORITY\\SYSTEM""}]}}"
105,105,2026-03-30 18:38:30.7321001,1,Info,Microsoft-Windows-Sysmon,Microsoft-Windows-Sysmon/Operational,2448,4460,DC01.corp.local,1,S-1-5-18,Process creation,NT AUTHORITY\SYSTEM,,"ProcessID: 436, ProcessGUID: c9182e32-c31c-69ca-1000-000000000900",RuleName: -,"MD5=6CD47CA4515B2F81B5CA1E6CA9A323CC,SHA256=CABE8FF476F814DF398735AD3AD993884AD100C9AA4C153B4BACB7EF9FB555F9,IMPHASH=0EF1A1FBF5FA5B3737A8D19C60F416A9",ParentProcess: C:\Windows\System32\winlogon.exe,"ParentProcessID: 668, ParentProcessGUID: c9182e32-c31a-69ca-0a00-000000000900",ParentCommandLine: winlogon.exe,"""LogonUI.exe"" /flags:0x2 /state0:0xa3bd1855 /state1:0x41c64e6d",False,C:\Users\owunc\Desktop\lab_logs\DC_Sysmon_ws.evtx,Classic,0,"{""EventData"":{""Data"":[{""@Name"":""RuleName"",""#text"":""-""},{""@Name"":""UtcTime"",""#text"":""2026-03-30 18:38:20.175""},{""@Name"":""ProcessGuid"",""#text"":""c9182e32-c31c-69ca-1000-000000000900""},{""@Name"":""ProcessId"",""#text"":""436""},{""@Name"":""Image"",""#text"":""C:\\Windows\\System32\\LogonUI.exe""},{""@Name"":""FileVersion"",""#text"":""10.0.20348.1 (WinBuild.160101.0800)""},{""@Name"":""Description"",""#text"":""Windows Logon User Interface Host""},{""@Name"":""Product"",""#text"":""Microsoft® Windows® Operating System""},{""@Name"":""Company"",""#text"":""Microsoft Corporation""},{""@Name"":""OriginalFileName"",""#text"":""logonui.exe""},{""@Name"":""CommandLine"",""#text"":""\""LogonUI.exe\"" /flags:0x2 /state0:0xa3bd1855 /state1:0x41c64e6d""},{""@Name"":""CurrentDirectory"",""#text"":""C:\\Windows\\system32\\""},{""@Name"":""User"",""#text"":""NT AUTHORITY\\SYSTEM""},{""@Name"":""LogonGuid"",""#text"":""c9182e32-c31a-69ca-e703-000000000000""},{""@Name"":""LogonId"",""#text"":""0x3E7""},{""@Name"":""TerminalSessionId"",""#text"":""1""},{""@Name"":""IntegrityLevel"",""#text"":""System""},{""@Name"":""Hashes"",""#text"":""MD5=6CD47CA4515B2F81B5CA1E6CA9A323CC,SHA256=CABE8FF476F814DF398735AD3AD993884AD100C9AA4C153B4BACB7EF9FB555F9,IMPHASH=0EF1A1FBF5FA5B3737A8D19C60F416A9""},{""@Name"":""ParentProcessGuid"",""#text"":""c9182e32-c31a-69ca-0a00-000000000900""},{""@Name"":""ParentProcessId"",""#text"":""668""},{""@Name"":""ParentImage"",""#text"":""C:\\Windows\\System32\\winlogon.exe""},{""@Name"":""ParentCommandLine"",""#text"":""winlogon.exe""},{""@Name"":""ParentUser"",""#text"":""NT AUTHORITY\\SYSTEM""}]}}"
106,106,2026-03-30 18:38:30.7325479,1,Info,Microsoft-Windows-Sysmon,Microsoft-Windows-Sysmon/Operational,2448,4460,DC01.corp.local,2,S-1-5-18,Process creation,Window Manager\DWM-1,,"ProcessID: 928, ProcessGUID: c9182e32-c31c-69ca-1100-000000000900",RuleName: -,"MD5=66F552D20DCF3377279C20A119E0E72F,SHA256=644A42249D70082AA3D5E132CFFA213C30547A02CF89ED688A3C4550C496109D,IMPHASH=0C8B8FCB9711AF2AB428F366F2639CCB",ParentProcess: C:\Windows\System32\winlogon.exe,"ParentProcessID: 668, ParentProcessGUID: c9182e32-c31a-69ca-0a00-000000000900",ParentCommandLine: winlogon.exe,"""dwm.exe""",False,C:\Users\owunc\Desktop\lab_logs\DC_Sysmon_ws.evtx,Classic,0,"{""EventData"":{""Data"":[{""@Name"":""RuleName"",""#text"":""-""},{""@Name"":""UtcTime"",""#text"":""2026-03-30 18:38:20.196""},{""@Name"":""ProcessGuid"",""#text"":""c9182e32-c31c-69ca-1100-000000000900""},{""@Name"":""ProcessId"",""#text"":""928""},{""@Name"":""Image"",""#text"":""C:\\Windows\\System32\\dwm.exe""},{""@Name"":""FileVersion"",""#text"":""10.0.20348.1 (WinBuild.160101.0800)""},{""@Name"":""Description"",""#text"":""Desktop Window Manager""},{""@Name"":""Product"",""#text"":""Microsoft® Windows® Operating System""},{""@Name"":""Company"",""#text"":""Microsoft Corporation""},{""@Name"":""OriginalFileName"",""#text"":""dwm.exe""},{""@Name"":""CommandLine"",""#text"":""\""dwm.exe\""""},{""@Name"":""CurrentDirectory"",""#text"":""C:\\Windows\\system32\\""},{""@Name"":""User"",""#text"":""Window Manager\\DWM-1""},{""@Name"":""LogonGuid"",""#text"":""c9182e32-c31c-69ca-9124-010000000000""},{""@Name"":""LogonId"",""#text"":""0x12491""},{""@Name"":""TerminalSessionId"",""#text"":""1""},{""@Name"":""IntegrityLevel"",""#text"":""System""},{""@Name"":""Hashes"",""#text"":""MD5=66F552D20DCF3377279C20A119E0E72F,SHA256=644A42249D70082AA3D5E132CFFA213C30547A02CF89ED688A3C4550C496109D,IMPHASH=0C8B8FCB9711AF2AB428F366F2639CCB""},{""@Name"":""ParentProcessGuid"",""#text"":""c9182e32-c31a-69ca-0a00-000000000900""},{""@Name"":""ParentProcessId"",""#text"":""668""},{""@Name"":""ParentImage"",""#text"":""C:\\Windows\\System32\\winlogon.exe""},{""@Name"":""ParentCommandLine"",""#text"":""winlogon.exe""},{""@Name"":""ParentUser"",""#text"":""NT AUTHORITY\\SYSTEM""}]}}"
107,107,2026-03-30 18:38:30.7345323,1,Info,Microsoft-Windows-Sysmon,Microsoft-Windows-Sysmon/Operational,2448,4460,DC01.corp.local,2,S-1-5-18,Process creation,NT AUTHORITY\SYSTEM,,"ProcessID: 1064, ProcessGUID: c9182e32-c31d-69ca-1200-000000000900",RuleName: -,"MD5=DC32ABA4669EAFB22FCACD5EC836A107,SHA256=31780FF2AAF7BC71F755BA0E4FEF1D61B060D1D2741EAFB33CBAB44D889595A0,IMPHASH=D8C4E4978657CEA220B495778C972E64",ParentProcess: C:\Windows\System32\services.exe,"ParentProcessID: 716, ParentProcessGUID: c9182e32-c31a-69ca-0b00-000000000900",ParentCommandLine: C:\Windows\system32\services.exe,C:\Windows\system32\svchost.exe -k netsvcs -p -s DsmSvc,False,C:\Users\owunc\Desktop\lab_logs\DC_Sysmon_ws.evtx,Classic,0,"{""EventData"":{""Data"":[{""@Name"":""RuleName"",""#text"":""-""},{""@Name"":""UtcTime"",""#text"":""2026-03-30 18:38:21.128""},{""@Name"":""ProcessGuid"",""#text"":""c9182e32-c31d-69ca-1200-000000000900""},{""@Name"":""ProcessId"",""#text"":""1064""},{""@Name"":""Image"",""#text"":""C:\\Windows\\System32\\svchost.exe""},{""@Name"":""FileVersion"",""#text"":""10.0.20348.558 (WinBuild.160101.0800)""},{""@Name"":""Description"",""#text"":""Host Process for Windows Services""},{""@Name"":""Product"",""#text"":""Microsoft® Windows® Operating System""},{""@Name"":""Company"",""#text"":""Microsoft Corporation""},{""@Name"":""OriginalFileName"",""#text"":""svchost.exe""},{""@Name"":""CommandLine"",""#text"":""C:\\Windows\\system32\\svchost.exe -k netsvcs -p -s DsmSvc""},{""@Name"":""CurrentDirectory"",""#text"":""C:\\Windows\\system32\\""},{""@Name"":""User"",""#text"":""NT AUTHORITY\\SYSTEM""},{""@Name"":""LogonGuid"",""#text"":""c9182e32-c31a-69ca-e703-000000000000""},{""@Name"":""LogonId"",""#text"":""0x3E7""},{""@Name"":""TerminalSessionId"",""#text"":""0""},{""@Name"":""IntegrityLevel"",""#text"":""System""},{""@Name"":""Hashes"",""#text"":""MD5=DC32ABA4669EAFB22FCACD5EC836A107,SHA256=31780FF2AAF7BC71F755BA0E4FEF1D61B060D1D2741EAFB33CBAB44D889595A0,IMPHASH=D8C4E4978657CEA220B495778C972E64""},{""@Name"":""ParentProcessGuid"",""#text"":""c9182e32-c31a-69ca-0b00-000000000900""},{""@Name"":""ParentProcessId"",""#text"":""716""},{""@Name"":""ParentImage"",""#text"":""C:\\Windows\\System32\\services.exe""},{""@Name"":""ParentCommandLine"",""#text"":""C:\\Windows\\system32\\services.exe""},{""@Name"":""ParentUser"",""#text"":""NT AUTHORITY\\SYSTEM""}]}}"
108,108,2026-03-30 18:38:30.7350478,1,Info,Microsoft-Windows-Sysmon,Microsoft-Windows-Sysmon/Operational,2448,4460,DC01.corp.local,2,S-1-5-18,Process creation,NT AUTHORITY\LOCAL SERVICE,,"ProcessID: 1120, ProcessGUID: c9182e32-c31d-69ca-1500-000000000900",RuleName: -,"MD5=DC32ABA4669EAFB22FCACD5EC836A107,SHA256=31780FF2AAF7BC71F755BA0E4FEF1D61B060D1D2741EAFB33CBAB44D889595A0,IMPHASH=D8C4E4978657CEA220B495778C972E64",ParentProcess: C:\Windows\System32\services.exe,"ParentProcessID: 716, ParentProcessGUID: c9182e32-c31a-69ca-0b00-000000000900",ParentCommandLine: C:\Windows\system32\services.exe,C:\Windows\system32\svchost.exe -k LocalService -p -s nsi,False,C:\Users\owunc\Desktop\lab_logs\DC_Sysmon_ws.evtx,Classic,0,"{""EventData"":{""Data"":[{""@Name"":""RuleName"",""#text"":""-""},{""@Name"":""UtcTime"",""#text"":""2026-03-30 18:38:21.137""},{""@Name"":""ProcessGuid"",""#text"":""c9182e32-c31d-69ca-1500-000000000900""},{""@Name"":""ProcessId"",""#text"":""1120""},{""@Name"":""Image"",""#text"":""C:\\Windows\\System32\\svchost.exe""},{""@Name"":""FileVersion"",""#text"":""10.0.20348.558 (WinBuild.160101.0800)""},{""@Name"":""Description"",""#text"":""Host Process for Windows Services""},{""@Name"":""Product"",""#text"":""Microsoft® Windows® Operating System""},{""@Name"":""Company"",""#text"":""Microsoft Corporation""},{""@Name"":""OriginalFileName"",""#text"":""svchost.exe""},{""@Name"":""CommandLine"",""#text"":""C:\\Windows\\system32\\svchost.exe -k LocalService -p -s nsi""},{""@Name"":""CurrentDirectory"",""#text"":""C:\\Windows\\system32\\""},{""@Name"":""User"",""#text"":""NT AUTHORITY\\LOCAL SERVICE""},{""@Name"":""LogonGuid"",""#text"":""c9182e32-c31d-69ca-e503-000000000000""},{""@Name"":""LogonId"",""#text"":""0x3E5""},{""@Name"":""TerminalSessionId"",""#text"":""0""},{""@Name"":""IntegrityLevel"",""#text"":""System""},{""@Name"":""Hashes"",""#text"":""MD5=DC32ABA4669EAFB22FCACD5EC836A107,SHA256=31780FF2AAF7BC71F755BA0E4FEF1D61B060D1D2741EAFB33CBAB44D889595A0,IMPHASH=D8C4E4978657CEA220B495778C972E64""},{""@Name"":""ParentProcessGuid"",""#text"":""c9182e32-c31a-69ca-0b00-000000000900""},{""@Name"":""ParentProcessId"",""#text"":""716""},{""@Name"":""ParentImage"",""#text"":""C:\\Windows\\System32\\services.exe""},{""@Name"":""ParentCommandLine"",""#text"":""C:\\Windows\\system32\\services.exe""},{""@Name"":""ParentUser"",""#text"":""NT AUTHORITY\\SYSTEM""}]}}"
109,109,2026-03-30 18:38:30.7354047,1,Info,Microsoft-Windows-Sysmon,Microsoft-Windows-Sysmon/Operational,2448,4460,DC01.corp.local,2,S-1-5-18,Process creation,NT AUTHORITY\LOCAL SERVICE,,"ProcessID: 1112, ProcessGUID: c9182e32-c31d-69ca-1300-000000000900",RuleName: -,"MD5=DC32ABA4669EAFB22FCACD5EC836A107,SHA256=31780FF2AAF7BC71F755BA0E4FEF1D61B060D1D2741EAFB33CBAB44D889595A0,IMPHASH=D8C4E4978657CEA220B495778C972E64",ParentProcess: C:\Windows\System32\services.exe,"ParentProcessID: 716, ParentProcessGUID: c9182e32-c31a-69ca-0b00-000000000900",ParentCommandLine: C:\Windows\system32\services.exe,C:\Windows\System32\svchost.exe -k LocalServiceNetworkRestricted -p -s lmhosts,False,C:\Users\owunc\Desktop\lab_logs\DC_Sysmon_ws.evtx,Classic,0,"{""EventData"":{""Data"":[{""@Name"":""RuleName"",""#text"":""-""},{""@Name"":""UtcTime"",""#text"":""2026-03-30 18:38:21.137""},{""@Name"":""ProcessGuid"",""#text"":""c9182e32-c31d-69ca-1300-000000000900""},{""@Name"":""ProcessId"",""#text"":""1112""},{""@Name"":""Image"",""#text"":""C:\\Windows\\System32\\svchost.exe""},{""@Name"":""FileVersion"",""#text"":""10.0.20348.558 (WinBuild.160101.0800)""},{""@Name"":""Description"",""#text"":""Host Process for Windows Services""},{""@Name"":""Product"",""#text"":""Microsoft® Windows® Operating System""},{""@Name"":""Company"",""#text"":""Microsoft Corporation""},{""@Name"":""OriginalFileName"",""#text"":""svchost.exe""},{""@Name"":""CommandLine"",""#text"":""C:\\Windows\\System32\\svchost.exe -k LocalServiceNetworkRestricted -p -s lmhosts""},{""@Name"":""CurrentDirectory"",""#text"":""C:\\Windows\\system32\\""},{""@Name"":""User"",""#text"":""NT AUTHORITY\\LOCAL SERVICE""},{""@Name"":""LogonGuid"",""#text"":""c9182e32-c31d-69ca-e503-000000000000""},{""@Name"":""LogonId"",""#text"":""0x3E5""},{""@Name"":""TerminalSessionId"",""#text"":""0""},{""@Name"":""IntegrityLevel"",""#text"":""System""},{""@Name"":""Hashes"",""#text"":""MD5=DC32ABA4669EAFB22FCACD5EC836A107,SHA256=31780FF2AAF7BC71F755BA0E4FEF1D61B060D1D2741EAFB33CBAB44D889595A0,IMPHASH=D8C4E4978657CEA220B495778C972E64""},{""@Name"":""ParentProcessGuid"",""#text"":""c9182e32-c31a-69ca-0b00-000000000900""},{""@Name"":""ParentProcessId"",""#text"":""716""},{""@Name"":""ParentImage"",""#text"":""C:\\Windows\\System32\\services.exe""},{""@Name"":""ParentCommandLine"",""#text"":""C:\\Windows\\system32\\services.exe""},{""@Name"":""ParentUser"",""#text"":""NT AUTHORITY\\SYSTEM""}]}}"
110,110,2026-03-30 18:38:30.7358196,1,Info,Microsoft-Windows-Sysmon,Microsoft-Windows-Sysmon/Operational,2448,4460,DC01.corp.local,2,S-1-5-18,Process creation,NT AUTHORITY\LOCAL SERVICE,,"ProcessID: 1204, ProcessGUID: c9182e32-c31d-69ca-1600-000000000900",RuleName: -,"MD5=DC32ABA4669EAFB22FCACD5EC836A107,SHA256=31780FF2AAF7BC71F755BA0E4FEF1D61B060D1D2741EAFB33CBAB44D889595A0,IMPHASH=D8C4E4978657CEA220B495778C972E64",ParentProcess: C:\Windows\System32\services.exe,"ParentProcessID: 716, ParentProcessGUID: c9182e32-c31a-69ca-0b00-000000000900",ParentCommandLine: C:\Windows\system32\services.exe,C:\Windows\system32\svchost.exe -k LocalServiceNetworkRestricted -p -s Dhcp,False,C:\Users\owunc\Desktop\lab_logs\DC_Sysmon_ws.evtx,Classic,0,"{""EventData"":{""Data"":[{""@Name"":""RuleName"",""#text"":""-""},{""@Name"":""UtcTime"",""#text"":""2026-03-30 18:38:21.148""},{""@Name"":""ProcessGuid"",""#text"":""c9182e32-c31d-69ca-1600-000000000900""},{""@Name"":""ProcessId"",""#text"":""1204""},{""@Name"":""Image"",""#text"":""C:\\Windows\\System32\\svchost.exe""},{""@Name"":""FileVersion"",""#text"":""10.0.20348.558 (WinBuild.160101.0800)""},{""@Name"":""Description"",""#text"":""Host Process for Windows Services""},{""@Name"":""Product"",""#text"":""Microsoft® Windows® Operating System""},{""@Name"":""Company"",""#text"":""Microsoft Corporation""},{""@Name"":""OriginalFileName"",""#text"":""svchost.exe""},{""@Name"":""CommandLine"",""#text"":""C:\\Windows\\system32\\svchost.exe -k LocalServiceNetworkRestricted -p -s Dhcp""},{""@Name"":""CurrentDirectory"",""#text"":""C:\\Windows\\system32\\""},{""@Name"":""User"",""#text"":""NT AUTHORITY\\LOCAL SERVICE""},{""@Name"":""LogonGuid"",""#text"":""c9182e32-c31d-69ca-e503-000000000000""},{""@Name"":""LogonId"",""#text"":""0x3E5""},{""@Name"":""TerminalSessionId"",""#text"":""0""},{""@Name"":""IntegrityLevel"",""#text"":""System""},{""@Name"":""Hashes"",""#text"":""MD5=DC32ABA4669EAFB22FCACD5EC836A107,SHA256=31780FF2AAF7BC71F755BA0E4FEF1D61B060D1D2741EAFB33CBAB44D889595A0,IMPHASH=D8C4E4978657CEA220B495778C972E64""},{""@Name"":""ParentProcessGuid"",""#text"":""c9182e32-c31a-69ca-0b00-000000000900""},{""@Name"":""ParentProcessId"",""#text"":""716""},{""@Name"":""ParentImage"",""#text"":""C:\\Windows\\System32\\services.exe""},{""@Name"":""ParentCommandLine"",""#text"":""C:\\Windows\\system32\\services.exe""},{""@Name"":""ParentUser"",""#text"":""NT AUTHORITY\\SYSTEM""}]}}"
111,111,2026-03-30 18:38:30.7363192,1,Info,Microsoft-Windows-Sysmon,Microsoft-Windows-Sysmon/Operational,2448,4460,DC01.corp.local,2,S-1-5-18,Process creation,NT AUTHORITY\LOCAL SERVICE,,"ProcessID: 1248, ProcessGUID: c9182e32-c31d-69ca-1800-000000000900",RuleName: -,"MD5=DC32ABA4669EAFB22FCACD5EC836A107,SHA256=31780FF2AAF7BC71F755BA0E4FEF1D61B060D1D2741EAFB33CBAB44D889595A0,IMPHASH=D8C4E4978657CEA220B495778C972E64",ParentProcess: C:\Windows\System32\services.exe,"ParentProcessID: 716, ParentProcessGUID: c9182e32-c31a-69ca-0b00-000000000900",ParentCommandLine: C:\Windows\system32\services.exe,C:\Windows\System32\svchost.exe -k LocalServiceNetworkRestricted -p -s EventLog,False,C:\Users\owunc\Desktop\lab_logs\DC_Sysmon_ws.evtx,Classic,0,"{""EventData"":{""Data"":[{""@Name"":""RuleName"",""#text"":""-""},{""@Name"":""UtcTime"",""#text"":""2026-03-30 18:38:21.154""},{""@Name"":""ProcessGuid"",""#text"":""c9182e32-c31d-69ca-1800-000000000900""},{""@Name"":""ProcessId"",""#text"":""1248""},{""@Name"":""Image"",""#text"":""C:\\Windows\\System32\\svchost.exe""},{""@Name"":""FileVersion"",""#text"":""10.0.20348.558 (WinBuild.160101.0800)""},{""@Name"":""Description"",""#text"":""Host Process for Windows Services""},{""@Name"":""Product"",""#text"":""Microsoft® Windows® Operating System""},{""@Name"":""Company"",""#text"":""Microsoft Corporation""},{""@Name"":""OriginalFileName"",""#text"":""svchost.exe""},{""@Name"":""CommandLine"",""#text"":""C:\\Windows\\System32\\svchost.exe -k LocalServiceNetworkRestricted -p -s EventLog""},{""@Name"":""CurrentDirectory"",""#text"":""C:\\Windows\\system32\\""},{""@Name"":""User"",""#text"":""NT AUTHORITY\\LOCAL SERVICE""},{""@Name"":""LogonGuid"",""#text"":""c9182e32-c31d-69ca-e503-000000000000""},{""@Name"":""LogonId"",""#text"":""0x3E5""},{""@Name"":""TerminalSessionId"",""#text"":""0""},{""@Name"":""IntegrityLevel"",""#text"":""System""},{""@Name"":""Hashes"",""#text"":""MD5=DC32ABA4669EAFB22FCACD5EC836A107,SHA256=31780FF2AAF7BC71F755BA0E4FEF1D61B060D1D2741EAFB33CBAB44D889595A0,IMPHASH=D8C4E4978657CEA220B495778C972E64""},{""@Name"":""ParentProcessGuid"",""#text"":""c9182e32-c31a-69ca-0b00-000000000900""},{""@Name"":""ParentProcessId"",""#text"":""716""},{""@Name"":""ParentImage"",""#text"":""C:\\Windows\\System32\\services.exe""},{""@Name"":""ParentCommandLine"",""#text"":""C:\\Windows\\system32\\services.exe""},{""@Name"":""ParentUser"",""#text"":""NT AUTHORITY\\SYSTEM""}]}}"
