972,972,2026-03-30 22:45:51.1848851,1,Info,Microsoft-Windows-Sysmon,Microsoft-Windows-Sysmon/Operational,2400,4356,DC01.corp.local,20,S-1-5-18,Process creation,NT AUTHORITY\SYSTEM,,"ProcessID: 2400, ProcessGUID: c9182e32-fd1e-69ca-4300-000000000a00",RuleName: -,"MD5=B1581E884727B450C4DBFA9360F3DB7C,SHA256=D8115212A7747010593DE813404B02D05B915E4B1D0231502B856B9ACE9274E8,IMPHASH=5C31CFDE3181A762CA91D21902DEF1B4",ParentProcess: C:\Windows\System32\services.exe,"ParentProcessID: 736, ParentProcessGUID: c9182e32-fd12-69ca-0b00-000000000a00",ParentCommandLine: C:\Windows\system32\services.exe,C:\Windows\Sysmon.exe,False,C:\Users\owunc\Desktop\lab_logs\DC_Sysmon_ws.evtx,Classic,0,"{""EventData"":{""Data"":[{""@Name"":""RuleName"",""#text"":""-""},{""@Name"":""UtcTime"",""#text"":""2026-03-30 22:45:50.342""},{""@Name"":""ProcessGuid"",""#text"":""c9182e32-fd1e-69ca-4300-000000000a00""},{""@Name"":""ProcessId"",""#text"":""2400""},{""@Name"":""Image"",""#text"":""C:\\Windows\\Sysmon.exe""},{""@Name"":""FileVersion"",""#text"":""15.20""},{""@Name"":""Description"",""#text"":""System activity monitor""},{""@Name"":""Product"",""#text"":""Sysinternals Sysmon""},{""@Name"":""Company"",""#text"":""Sysinternals - www.sysinternals.com""},{""@Name"":""OriginalFileName"",""#text"":""-""},{""@Name"":""CommandLine"",""#text"":""C:\\Windows\\Sysmon.exe""},{""@Name"":""CurrentDirectory"",""#text"":""C:\\Windows\\system32\\""},{""@Name"":""User"",""#text"":""NT AUTHORITY\\SYSTEM""},{""@Name"":""LogonGuid"",""#text"":""c9182e32-fd12-69ca-e703-000000000000""},{""@Name"":""LogonId"",""#text"":""0x3E7""},{""@Name"":""TerminalSessionId"",""#text"":""0""},{""@Name"":""IntegrityLevel"",""#text"":""System""},{""@Name"":""Hashes"",""#text"":""MD5=B1581E884727B450C4DBFA9360F3DB7C,SHA256=D8115212A7747010593DE813404B02D05B915E4B1D0231502B856B9ACE9274E8,IMPHASH=5C31CFDE3181A762CA91D21902DEF1B4""},{""@Name"":""ParentProcessGuid"",""#text"":""c9182e32-fd12-69ca-0b00-000000000a00""},{""@Name"":""ParentProcessId"",""#text"":""736""},{""@Name"":""ParentImage"",""#text"":""C:\\Windows\\System32\\services.exe""},{""@Name"":""ParentCommandLine"",""#text"":""C:\\Windows\\system32\\services.exe""},{""@Name"":""ParentUser"",""#text"":""NT AUTHORITY\\SYSTEM""}]}}"
973,973,2026-03-30 22:45:51.1850360,1,Info,Microsoft-Windows-Sysmon,Microsoft-Windows-Sysmon/Operational,2400,4356,DC01.corp.local,20,S-1-5-18,Process creation,NT AUTHORITY\SYSTEM,,"ProcessID: 2492, ProcessGUID: c9182e32-fd1e-69ca-4700-000000000a00",RuleName: -,"MD5=755D339A388B0140904B6B8F82CE80B2,SHA256=18B15A9B8B8A2297537D660EED9FDB3B9B217323C0027E3D849D48F91200D83E,IMPHASH=1EF380288F5863CB39F0E839C8D332F5",ParentProcess: C:\Windows\System32\services.exe,"ParentProcessID: 736, ParentProcessGUID: c9182e32-fd12-69ca-0b00-000000000a00",ParentCommandLine: C:\Windows\system32\services.exe,"""C:\Program Files\VMware\VMware Tools\VMware VGAuth\VGAuthService.exe""",False,C:\Users\owunc\Desktop\lab_logs\DC_Sysmon_ws.evtx,Classic,0,"{""EventData"":{""Data"":[{""@Name"":""RuleName"",""#text"":""-""},{""@Name"":""UtcTime"",""#text"":""2026-03-30 22:45:50.355""},{""@Name"":""ProcessGuid"",""#text"":""c9182e32-fd1e-69ca-4700-000000000a00""},{""@Name"":""ProcessId"",""#text"":""2492""},{""@Name"":""Image"",""#text"":""C:\\Program Files\\VMware\\VMware Tools\\VMware VGAuth\\VGAuthService.exe""},{""@Name"":""FileVersion"",""#text"":""13.0.1.0""},{""@Name"":""Description"",""#text"":""VMware Guest Authentication Service""},{""@Name"":""Product"",""#text"":""VMware Tools""},{""@Name"":""Company"",""#text"":""Broadcom Inc.""},{""@Name"":""OriginalFileName"",""#text"":""VGAuthService.exe""},{""@Name"":""CommandLine"",""#text"":""\""C:\\Program Files\\VMware\\VMware Tools\\VMware VGAuth\\VGAuthService.exe\""""},{""@Name"":""CurrentDirectory"",""#text"":""C:\\Windows\\system32\\""},{""@Name"":""User"",""#text"":""NT AUTHORITY\\SYSTEM""},{""@Name"":""LogonGuid"",""#text"":""c9182e32-fd12-69ca-e703-000000000000""},{""@Name"":""LogonId"",""#text"":""0x3E7""},{""@Name"":""TerminalSessionId"",""#text"":""0""},{""@Name"":""IntegrityLevel"",""#text"":""System""},{""@Name"":""Hashes"",""#text"":""MD5=755D339A388B0140904B6B8F82CE80B2,SHA256=18B15A9B8B8A2297537D660EED9FDB3B9B217323C0027E3D849D48F91200D83E,IMPHASH=1EF380288F5863CB39F0E839C8D332F5""},{""@Name"":""ParentProcessGuid"",""#text"":""c9182e32-fd12-69ca-0b00-000000000a00""},{""@Name"":""ParentProcessId"",""#text"":""736""},{""@Name"":""ParentImage"",""#text"":""C:\\Windows\\System32\\services.exe""},{""@Name"":""ParentCommandLine"",""#text"":""C:\\Windows\\system32\\services.exe""},{""@Name"":""ParentUser"",""#text"":""NT AUTHORITY\\SYSTEM""}]}}"
974,974,2026-03-30 22:45:51.1851969,1,Info,Microsoft-Windows-Sysmon,Microsoft-Windows-Sysmon/Operational,2400,4356,DC01.corp.local,20,S-1-5-18,Process creation,NT AUTHORITY\SYSTEM,,"ProcessID: 380, ProcessGUID: c9182e32-fd1e-69ca-4800-000000000a00",RuleName: -,"MD5=DC32ABA4669EAFB22FCACD5EC836A107,SHA256=31780FF2AAF7BC71F755BA0E4FEF1D61B060D1D2741EAFB33CBAB44D889595A0,IMPHASH=D8C4E4978657CEA220B495778C972E64",ParentProcess: C:\Windows\System32\services.exe,"ParentProcessID: 736, ParentProcessGUID: c9182e32-fd12-69ca-0b00-000000000a00",ParentCommandLine: C:\Windows\system32\services.exe,C:\Windows\system32\svchost.exe -k netsvcs -p -s Winmgmt,False,C:\Users\owunc\Desktop\lab_logs\DC_Sysmon_ws.evtx,Classic,0,"{""EventData"":{""Data"":[{""@Name"":""RuleName"",""#text"":""-""},{""@Name"":""UtcTime"",""#text"":""2026-03-30 22:45:50.360""},{""@Name"":""ProcessGuid"",""#text"":""c9182e32-fd1e-69ca-4800-000000000a00""},{""@Name"":""ProcessId"",""#text"":""380""},{""@Name"":""Image"",""#text"":""C:\\Windows\\System32\\svchost.exe""},{""@Name"":""FileVersion"",""#text"":""10.0.20348.558 (WinBuild.160101.0800)""},{""@Name"":""Description"",""#text"":""Host Process for Windows Services""},{""@Name"":""Product"",""#text"":""Microsoft® Windows® Operating System""},{""@Name"":""Company"",""#text"":""Microsoft Corporation""},{""@Name"":""OriginalFileName"",""#text"":""svchost.exe""},{""@Name"":""CommandLine"",""#text"":""C:\\Windows\\system32\\svchost.exe -k netsvcs -p -s Winmgmt""},{""@Name"":""CurrentDirectory"",""#text"":""C:\\Windows\\system32\\""},{""@Name"":""User"",""#text"":""NT AUTHORITY\\SYSTEM""},{""@Name"":""LogonGuid"",""#text"":""c9182e32-fd12-69ca-e703-000000000000""},{""@Name"":""LogonId"",""#text"":""0x3E7""},{""@Name"":""TerminalSessionId"",""#text"":""0""},{""@Name"":""IntegrityLevel"",""#text"":""System""},{""@Name"":""Hashes"",""#text"":""MD5=DC32ABA4669EAFB22FCACD5EC836A107,SHA256=31780FF2AAF7BC71F755BA0E4FEF1D61B060D1D2741EAFB33CBAB44D889595A0,IMPHASH=D8C4E4978657CEA220B495778C972E64""},{""@Name"":""ParentProcessGuid"",""#text"":""c9182e32-fd12-69ca-0b00-000000000a00""},{""@Name"":""ParentProcessId"",""#text"":""736""},{""@Name"":""ParentImage"",""#text"":""C:\\Windows\\System32\\services.exe""},{""@Name"":""ParentCommandLine"",""#text"":""C:\\Windows\\system32\\services.exe""},{""@Name"":""ParentUser"",""#text"":""NT AUTHORITY\\SYSTEM""}]}}"
975,975,2026-03-30 22:45:51.1853919,1,Info,Microsoft-Windows-Sysmon,Microsoft-Windows-Sysmon/Operational,2400,4356,DC01.corp.local,20,S-1-5-18,Process creation,NT AUTHORITY\SYSTEM,,"ProcessID: 2436, ProcessGUID: c9182e32-fd1e-69ca-4600-000000000a00",RuleName: -,"MD5=D0D705D36C376625814E1E3E8AC43CF1,SHA256=DDD9E58EACED1B35BC7748A4E48C6F4688209D25381163F5B11B822B6FA2DC61,IMPHASH=677FD64887849F73CAE5F62CDB7A8B26",ParentProcess: C:\Windows\System32\services.exe,"ParentProcessID: 736, ParentProcessGUID: c9182e32-fd12-69ca-0b00-000000000a00",ParentCommandLine: C:\Windows\system32\services.exe,"""C:\Program Files (x86)\ossec-agent\wazuh-agent.exe""",False,C:\Users\owunc\Desktop\lab_logs\DC_Sysmon_ws.evtx,Classic,0,"{""EventData"":{""Data"":[{""@Name"":""RuleName"",""#text"":""-""},{""@Name"":""UtcTime"",""#text"":""2026-03-30 22:45:50.354""},{""@Name"":""ProcessGuid"",""#text"":""c9182e32-fd1e-69ca-4600-000000000a00""},{""@Name"":""ProcessId"",""#text"":""2436""},{""@Name"":""Image"",""#text"":""C:\\Program Files (x86)\\ossec-agent\\wazuh-agent.exe""},{""@Name"":""FileVersion"",""#text"":""v4.14.4""},{""@Name"":""Description"",""#text"":""Wazuh Agent""},{""@Name"":""Product"",""#text"":""Wazuh Windows Agent""},{""@Name"":""Company"",""#text"":""Wazuh Inc.""},{""@Name"":""OriginalFileName"",""#text"":""-""},{""@Name"":""CommandLine"",""#text"":""\""C:\\Program Files (x86)\\ossec-agent\\wazuh-agent.exe\""""},{""@Name"":""CurrentDirectory"",""#text"":""C:\\Windows\\system32\\""},{""@Name"":""User"",""#text"":""NT AUTHORITY\\SYSTEM""},{""@Name"":""LogonGuid"",""#text"":""c9182e32-fd12-69ca-e703-000000000000""},{""@Name"":""LogonId"",""#text"":""0x3E7""},{""@Name"":""TerminalSessionId"",""#text"":""0""},{""@Name"":""IntegrityLevel"",""#text"":""System""},{""@Name"":""Hashes"",""#text"":""MD5=D0D705D36C376625814E1E3E8AC43CF1,SHA256=DDD9E58EACED1B35BC7748A4E48C6F4688209D25381163F5B11B822B6FA2DC61,IMPHASH=677FD64887849F73CAE5F62CDB7A8B26""},{""@Name"":""ParentProcessGuid"",""#text"":""c9182e32-fd12-69ca-0b00-000000000a00""},{""@Name"":""ParentProcessId"",""#text"":""736""},{""@Name"":""ParentImage"",""#text"":""C:\\Windows\\System32\\services.exe""},{""@Name"":""ParentCommandLine"",""#text"":""C:\\Windows\\system32\\services.exe""},{""@Name"":""ParentUser"",""#text"":""NT AUTHORITY\\SYSTEM""}]}}"
976,976,2026-03-30 22:45:51.1855602,1,Info,Microsoft-Windows-Sysmon,Microsoft-Windows-Sysmon/Operational,2400,4356,DC01.corp.local,20,S-1-5-18,Process creation,NT AUTHORITY\SYSTEM,,"ProcessID: 8, ProcessGUID: c9182e32-fd1e-69ca-4900-000000000a00",RuleName: -,"MD5=A1C2318D318CB120555AC46351B5E426,SHA256=E6DF61405204F85417456E7BEB2D2ECCC81AE45E2869DF6518EF476178F43C67,IMPHASH=75AA09157E03E8930197125FB1114E25",ParentProcess: C:\Windows\System32\services.exe,"ParentProcessID: 736, ParentProcessGUID: c9182e32-fd12-69ca-0b00-000000000a00",ParentCommandLine: C:\Windows\system32\services.exe,"""C:\ProgramData\Microsoft\Windows Defender\Platform\4.18.26020.6-0\MsMpEng.exe""",False,C:\Users\owunc\Desktop\lab_logs\DC_Sysmon_ws.evtx,Classic,0,"{""EventData"":{""Data"":[{""@Name"":""RuleName"",""#text"":""-""},{""@Name"":""UtcTime"",""#text"":""2026-03-30 22:45:50.361""},{""@Name"":""ProcessGuid"",""#text"":""c9182e32-fd1e-69ca-4900-000000000a00""},{""@Name"":""ProcessId"",""#text"":""8""},{""@Name"":""Image"",""#text"":""C:\\ProgramData\\Microsoft\\Windows Defender\\Platform\\4.18.26020.6-0\\MsMpEng.exe""},{""@Name"":""FileVersion"",""#text"":""4.18.26020.6 (cd0aebd7c18a68cd2e3af14a117b45b178d088f4)""},{""@Name"":""Description"",""#text"":""Antimalware Service Executable""},{""@Name"":""Product"",""#text"":""Microsoft® Windows® Operating System""},{""@Name"":""Company"",""#text"":""Microsoft Corporation""},{""@Name"":""OriginalFileName"",""#text"":""MsMpEng.exe""},{""@Name"":""CommandLine"",""#text"":""\""C:\\ProgramData\\Microsoft\\Windows Defender\\Platform\\4.18.26020.6-0\\MsMpEng.exe\""""},{""@Name"":""CurrentDirectory"",""#text"":""C:\\Windows\\system32\\""},{""@Name"":""User"",""#text"":""NT AUTHORITY\\SYSTEM""},{""@Name"":""LogonGuid"",""#text"":""c9182e32-fd12-69ca-e703-000000000000""},{""@Name"":""LogonId"",""#text"":""0x3E7""},{""@Name"":""TerminalSessionId"",""#text"":""0""},{""@Name"":""IntegrityLevel"",""#text"":""System""},{""@Name"":""Hashes"",""#text"":""MD5=A1C2318D318CB120555AC46351B5E426,SHA256=E6DF61405204F85417456E7BEB2D2ECCC81AE45E2869DF6518EF476178F43C67,IMPHASH=75AA09157E03E8930197125FB1114E25""},{""@Name"":""ParentProcessGuid"",""#text"":""c9182e32-fd12-69ca-0b00-000000000a00""},{""@Name"":""ParentProcessId"",""#text"":""736""},{""@Name"":""ParentImage"",""#text"":""C:\\Windows\\System32\\services.exe""},{""@Name"":""ParentCommandLine"",""#text"":""C:\\Windows\\system32\\services.exe""},{""@Name"":""ParentUser"",""#text"":""NT AUTHORITY\\SYSTEM""}]}}"
977,977,2026-03-30 22:45:51.1857407,1,Info,Microsoft-Windows-Sysmon,Microsoft-Windows-Sysmon/Operational,2400,4356,DC01.corp.local,20,S-1-5-18,Process creation,NT AUTHORITY\NETWORK SERVICE,,"ProcessID: 2648, ProcessGUID: c9182e32-fd1e-69ca-4a00-000000000a00",RuleName: -,"MD5=DC32ABA4669EAFB22FCACD5EC836A107,SHA256=31780FF2AAF7BC71F755BA0E4FEF1D61B060D1D2741EAFB33CBAB44D889595A0,IMPHASH=D8C4E4978657CEA220B495778C972E64",ParentProcess: C:\Windows\System32\services.exe,"ParentProcessID: 736, ParentProcessGUID: c9182e32-fd12-69ca-0b00-000000000a00",ParentCommandLine: C:\Windows\system32\services.exe,C:\Windows\System32\svchost.exe -k NetworkService -p -s WinRM,False,C:\Users\owunc\Desktop\lab_logs\DC_Sysmon_ws.evtx,Classic,0,"{""EventData"":{""Data"":[{""@Name"":""RuleName"",""#text"":""-""},{""@Name"":""UtcTime"",""#text"":""2026-03-30 22:45:50.369""},{""@Name"":""ProcessGuid"",""#text"":""c9182e32-fd1e-69ca-4a00-000000000a00""},{""@Name"":""ProcessId"",""#text"":""2648""},{""@Name"":""Image"",""#text"":""C:\\Windows\\System32\\svchost.exe""},{""@Name"":""FileVersion"",""#text"":""10.0.20348.558 (WinBuild.160101.0800)""},{""@Name"":""Description"",""#text"":""Host Process for Windows Services""},{""@Name"":""Product"",""#text"":""Microsoft® Windows® Operating System""},{""@Name"":""Company"",""#text"":""Microsoft Corporation""},{""@Name"":""OriginalFileName"",""#text"":""svchost.exe""},{""@Name"":""CommandLine"",""#text"":""C:\\Windows\\System32\\svchost.exe -k NetworkService -p -s WinRM""},{""@Name"":""CurrentDirectory"",""#text"":""C:\\Windows\\system32\\""},{""@Name"":""User"",""#text"":""NT AUTHORITY\\NETWORK SERVICE""},{""@Name"":""LogonGuid"",""#text"":""c9182e32-fd14-69ca-e403-000000000000""},{""@Name"":""LogonId"",""#text"":""0x3E4""},{""@Name"":""TerminalSessionId"",""#text"":""0""},{""@Name"":""IntegrityLevel"",""#text"":""System""},{""@Name"":""Hashes"",""#text"":""MD5=DC32ABA4669EAFB22FCACD5EC836A107,SHA256=31780FF2AAF7BC71F755BA0E4FEF1D61B060D1D2741EAFB33CBAB44D889595A0,IMPHASH=D8C4E4978657CEA220B495778C972E64""},{""@Name"":""ParentProcessGuid"",""#text"":""c9182e32-fd12-69ca-0b00-000000000a00""},{""@Name"":""ParentProcessId"",""#text"":""736""},{""@Name"":""ParentImage"",""#text"":""C:\\Windows\\System32\\services.exe""},{""@Name"":""ParentCommandLine"",""#text"":""C:\\Windows\\system32\\services.exe""},{""@Name"":""ParentUser"",""#text"":""NT AUTHORITY\\SYSTEM""}]}}"
978,978,2026-03-30 22:45:51.1858942,1,Info,Microsoft-Windows-Sysmon,Microsoft-Windows-Sysmon/Operational,2400,4356,DC01.corp.local,20,S-1-5-18,Process creation,NT AUTHORITY\SYSTEM,,"ProcessID: 2260, ProcessGUID: c9182e32-fd1e-69ca-4b00-000000000a00",RuleName: -,"MD5=E723CFC8E88F9EB378F1043AAF3DF92E,SHA256=7E3B1EA8AACFF1BA44ACD99110E66364152CA91510BE86ED5825FC8E98087594,IMPHASH=C4858787B32BE55BB0085C7B777727C2",ParentProcess: C:\Windows\System32\services.exe,"ParentProcessID: 736, ParentProcessGUID: c9182e32-fd12-69ca-0b00-000000000a00",ParentCommandLine: C:\Windows\system32\services.exe,C:\Windows\system32\wlms\wlms.exe,False,C:\Users\owunc\Desktop\lab_logs\DC_Sysmon_ws.evtx,Classic,0,"{""EventData"":{""Data"":[{""@Name"":""RuleName"",""#text"":""-""},{""@Name"":""UtcTime"",""#text"":""2026-03-30 22:45:50.371""},{""@Name"":""ProcessGuid"",""#text"":""c9182e32-fd1e-69ca-4b00-000000000a00""},{""@Name"":""ProcessId"",""#text"":""2260""},{""@Name"":""Image"",""#text"":""C:\\Windows\\System32\\wlms\\wlms.exe""},{""@Name"":""FileVersion"",""#text"":""10.0.20348.1 (WinBuild.160101.0800)""},{""@Name"":""Description"",""#text"":""Windows License Monitoring Service""},{""@Name"":""Product"",""#text"":""Microsoft® Windows® Operating System""},{""@Name"":""Company"",""#text"":""Microsoft Corporation""},{""@Name"":""OriginalFileName"",""#text"":""wlms.exe""},{""@Name"":""CommandLine"",""#text"":""C:\\Windows\\system32\\wlms\\wlms.exe""},{""@Name"":""CurrentDirectory"",""#text"":""C:\\Windows\\system32\\""},{""@Name"":""User"",""#text"":""NT AUTHORITY\\SYSTEM""},{""@Name"":""LogonGuid"",""#text"":""c9182e32-fd12-69ca-e703-000000000000""},{""@Name"":""LogonId"",""#text"":""0x3E7""},{""@Name"":""TerminalSessionId"",""#text"":""0""},{""@Name"":""IntegrityLevel"",""#text"":""System""},{""@Name"":""Hashes"",""#text"":""MD5=E723CFC8E88F9EB378F1043AAF3DF92E,SHA256=7E3B1EA8AACFF1BA44ACD99110E66364152CA91510BE86ED5825FC8E98087594,IMPHASH=C4858787B32BE55BB0085C7B777727C2""},{""@Name"":""ParentProcessGuid"",""#text"":""c9182e32-fd12-69ca-0b00-000000000a00""},{""@Name"":""ParentProcessId"",""#text"":""736""},{""@Name"":""ParentImage"",""#text"":""C:\\Windows\\System32\\services.exe""},{""@Name"":""ParentCommandLine"",""#text"":""C:\\Windows\\system32\\services.exe""},{""@Name"":""ParentUser"",""#text"":""NT AUTHORITY\\SYSTEM""}]}}"
979,979,2026-03-30 22:45:51.1860447,1,Info,Microsoft-Windows-Sysmon,Microsoft-Windows-Sysmon/Operational,2400,4356,DC01.corp.local,20,S-1-5-18,Process creation,NT AUTHORITY\SYSTEM,,"ProcessID: 2780, ProcessGUID: c9182e32-fd1e-69ca-4c00-000000000a00",RuleName: -,"MD5=DC32ABA4669EAFB22FCACD5EC836A107,SHA256=31780FF2AAF7BC71F755BA0E4FEF1D61B060D1D2741EAFB33CBAB44D889595A0,IMPHASH=D8C4E4978657CEA220B495778C972E64",ParentProcess: C:\Windows\System32\services.exe,"ParentProcessID: 736, ParentProcessGUID: c9182e32-fd12-69ca-0b00-000000000a00",ParentCommandLine: C:\Windows\system32\services.exe,C:\Windows\system32\svchost.exe -k netsvcs -p -s WpnService,False,C:\Users\owunc\Desktop\lab_logs\DC_Sysmon_ws.evtx,Classic,0,"{""EventData"":{""Data"":[{""@Name"":""RuleName"",""#text"":""-""},{""@Name"":""UtcTime"",""#text"":""2026-03-30 22:45:50.375""},{""@Name"":""ProcessGuid"",""#text"":""c9182e32-fd1e-69ca-4c00-000000000a00""},{""@Name"":""ProcessId"",""#text"":""2780""},{""@Name"":""Image"",""#text"":""C:\\Windows\\System32\\svchost.exe""},{""@Name"":""FileVersion"",""#text"":""10.0.20348.558 (WinBuild.160101.0800)""},{""@Name"":""Description"",""#text"":""Host Process for Windows Services""},{""@Name"":""Product"",""#text"":""Microsoft® Windows® Operating System""},{""@Name"":""Company"",""#text"":""Microsoft Corporation""},{""@Name"":""OriginalFileName"",""#text"":""svchost.exe""},{""@Name"":""CommandLine"",""#text"":""C:\\Windows\\system32\\svchost.exe -k netsvcs -p -s WpnService""},{""@Name"":""CurrentDirectory"",""#text"":""C:\\Windows\\system32\\""},{""@Name"":""User"",""#text"":""NT AUTHORITY\\SYSTEM""},{""@Name"":""LogonGuid"",""#text"":""c9182e32-fd12-69ca-e703-000000000000""},{""@Name"":""LogonId"",""#text"":""0x3E7""},{""@Name"":""TerminalSessionId"",""#text"":""0""},{""@Name"":""IntegrityLevel"",""#text"":""System""},{""@Name"":""Hashes"",""#text"":""MD5=DC32ABA4669EAFB22FCACD5EC836A107,SHA256=31780FF2AAF7BC71F755BA0E4FEF1D61B060D1D2741EAFB33CBAB44D889595A0,IMPHASH=D8C4E4978657CEA220B495778C972E64""},{""@Name"":""ParentProcessGuid"",""#text"":""c9182e32-fd12-69ca-0b00-000000000a00""},{""@Name"":""ParentProcessId"",""#text"":""736""},{""@Name"":""ParentImage"",""#text"":""C:\\Windows\\System32\\services.exe""},{""@Name"":""ParentCommandLine"",""#text"":""C:\\Windows\\system32\\services.exe""},{""@Name"":""ParentUser"",""#text"":""NT AUTHORITY\\SYSTEM""}]}}"
980,980,2026-03-30 22:45:51.1884840,1,Info,Microsoft-Windows-Sysmon,Microsoft-Windows-Sysmon/Operational,2400,4356,DC01.corp.local,20,S-1-5-18,Process creation,NT AUTHORITY\SYSTEM,,"ProcessID: 3200, ProcessGUID: c9182e32-fd1e-69ca-4d00-000000000a00",RuleName: -,"MD5=3B98DFC0C33F40B96233643489875E0E,SHA256=21996443CB7B50F08C61B867568D97A60D04CBB1C900749F977BFDFD8EBA6968,IMPHASH=1E3497A6C972ECDF6D2F8E3C98A2101E",ParentProcess: C:\Program Files\VMware\VMware Tools\vm3dservice.exe,"ParentProcessID: 2440, ParentProcessGUID: c9182e32-fd1e-69ca-4400-000000000a00","ParentCommandLine: ""C:\Program Files\VMware\VMware Tools\vm3dservice.exe""","""C:\Program Files\VMware\VMware Tools\vm3dservice.exe"" -n",False,C:\Users\owunc\Desktop\lab_logs\DC_Sysmon_ws.evtx,Classic,0,"{""EventData"":{""Data"":[{""@Name"":""RuleName"",""#text"":""-""},{""@Name"":""UtcTime"",""#text"":""2026-03-30 22:45:50.425""},{""@Name"":""ProcessGuid"",""#text"":""c9182e32-fd1e-69ca-4d00-000000000a00""},{""@Name"":""ProcessId"",""#text"":""3200""},{""@Name"":""Image"",""#text"":""C:\\Program Files\\VMware\\VMware Tools\\vm3dservice.exe""},{""@Name"":""FileVersion"",""#text"":""9.17.09.0004""},{""@Name"":""Description"",""#text"":""VMware SVGA Helper Service""},{""@Name"":""Product"",""#text"":""VMware SVGA 3D""},{""@Name"":""Company"",""#text"":""Broadcom Inc.""},{""@Name"":""OriginalFileName"",""#text"":""vm3dservice.exe""},{""@Name"":""CommandLine"",""#text"":""\""C:\\Program Files\\VMware\\VMware Tools\\vm3dservice.exe\"" -n""},{""@Name"":""CurrentDirectory"",""#text"":""C:\\Windows\\system32\\""},{""@Name"":""User"",""#text"":""NT AUTHORITY\\SYSTEM""},{""@Name"":""LogonGuid"",""#text"":""c9182e32-fd12-69ca-e703-000000000000""},{""@Name"":""LogonId"",""#text"":""0x3E7""},{""@Name"":""TerminalSessionId"",""#text"":""1""},{""@Name"":""IntegrityLevel"",""#text"":""System""},{""@Name"":""Hashes"",""#text"":""MD5=3B98DFC0C33F40B96233643489875E0E,SHA256=21996443CB7B50F08C61B867568D97A60D04CBB1C900749F977BFDFD8EBA6968,IMPHASH=1E3497A6C972ECDF6D2F8E3C98A2101E""},{""@Name"":""ParentProcessGuid"",""#text"":""c9182e32-fd1e-69ca-4400-000000000a00""},{""@Name"":""ParentProcessId"",""#text"":""2440""},{""@Name"":""ParentImage"",""#text"":""C:\\Program Files\\VMware\\VMware Tools\\vm3dservice.exe""},{""@Name"":""ParentCommandLine"",""#text"":""\""C:\\Program Files\\VMware\\VMware Tools\\vm3dservice.exe\""""},{""@Name"":""ParentUser"",""#text"":""NT AUTHORITY\\SYSTEM""}]}}"
981,981,2026-03-30 22:45:51.1914640,1,Info,Microsoft-Windows-Sysmon,Microsoft-Windows-Sysmon/Operational,2400,4356,DC01.corp.local,20,S-1-5-18,Process creation,NT AUTHORITY\SYSTEM,,"ProcessID: 3208, ProcessGUID: c9182e32-fd1e-69ca-4e00-000000000a00",RuleName: -,"MD5=77384089F6381A6B236E8C38AA12401D,SHA256=C4C669FC2E4600376C5D2E12920321A9D0BB5B42BDD147BCCE9AF2C40EC47396,IMPHASH=A610B34FAEE1B923F41DEE0461C80115",ParentProcess: C:\Windows\System32\services.exe,"ParentProcessID: 736, ParentProcessGUID: c9182e32-fd12-69ca-0b00-000000000a00",ParentCommandLine: C:\Windows\system32\services.exe,C:\Windows\system32\dfssvc.exe,False,C:\Users\owunc\Desktop\lab_logs\DC_Sysmon_ws.evtx,Classic,0,"{""EventData"":{""Data"":[{""@Name"":""RuleName"",""#text"":""-""},{""@Name"":""UtcTime"",""#text"":""2026-03-30 22:45:50.428""},{""@Name"":""ProcessGuid"",""#text"":""c9182e32-fd1e-69ca-4e00-000000000a00""},{""@Name"":""ProcessId"",""#text"":""3208""},{""@Name"":""Image"",""#text"":""C:\\Windows\\System32\\dfssvc.exe""},{""@Name"":""FileVersion"",""#text"":""10.0.20348.143 (WinBuild.160101.0800)""},{""@Name"":""Description"",""#text"":""Windows NT Distributed File System Service""},{""@Name"":""Product"",""#text"":""Microsoft® Windows® Operating System""},{""@Name"":""Company"",""#text"":""Microsoft Corporation""},{""@Name"":""OriginalFileName"",""#text"":""dfssvc.exe""},{""@Name"":""CommandLine"",""#text"":""C:\\Windows\\system32\\dfssvc.exe""},{""@Name"":""CurrentDirectory"",""#text"":""C:\\Windows\\system32\\""},{""@Name"":""User"",""#text"":""NT AUTHORITY\\SYSTEM""},{""@Name"":""LogonGuid"",""#text"":""c9182e32-fd12-69ca-e703-000000000000""},{""@Name"":""LogonId"",""#text"":""0x3E7""},{""@Name"":""TerminalSessionId"",""#text"":""0""},{""@Name"":""IntegrityLevel"",""#text"":""System""},{""@Name"":""Hashes"",""#text"":""MD5=77384089F6381A6B236E8C38AA12401D,SHA256=C4C669FC2E4600376C5D2E12920321A9D0BB5B42BDD147BCCE9AF2C40EC47396,IMPHASH=A610B34FAEE1B923F41DEE0461C80115""},{""@Name"":""ParentProcessGuid"",""#text"":""c9182e32-fd12-69ca-0b00-000000000a00""},{""@Name"":""ParentProcessId"",""#text"":""736""},{""@Name"":""ParentImage"",""#text"":""C:\\Windows\\System32\\services.exe""},{""@Name"":""ParentCommandLine"",""#text"":""C:\\Windows\\system32\\services.exe""},{""@Name"":""ParentUser"",""#text"":""NT AUTHORITY\\SYSTEM""}]}}"
982,982,2026-03-30 22:45:51.2088637,1,Info,Microsoft-Windows-Sysmon,Microsoft-Windows-Sysmon/Operational,2400,4356,DC01.corp.local,20,S-1-5-18,Process creation,NT AUTHORITY\SYSTEM,,"ProcessID: 3516, ProcessGUID: c9182e32-fd1e-69ca-5100-000000000a00",RuleName: -,"MD5=1D8FA60FB5D8AEBF67507E172695AED6,SHA256=FC37ACC2B6193AC8F6002675011FE38822C1432EEE24D90F4B663B65423540F8,IMPHASH=508B28D8EF469F396C7EE677064EEB72",ParentProcess: C:\Windows\System32\svchost.exe,"ParentProcessID: 968, ParentProcessGUID: c9182e32-fd14-69ca-0d00-000000000a00",ParentCommandLine: C:\Windows\system32\svchost.exe -k DcomLaunch -p,C:\Windows\System32\vdsldr.exe -Embedding,False,C:\Users\owunc\Desktop\lab_logs\DC_Sysmon_ws.evtx,Classic,0,"{""EventData"":{""Data"":[{""@Name"":""RuleName"",""#text"":""-""},{""@Name"":""UtcTime"",""#text"":""2026-03-30 22:45:50.563""},{""@Name"":""ProcessGuid"",""#text"":""c9182e32-fd1e-69ca-5100-000000000a00""},{""@Name"":""ProcessId"",""#text"":""3516""},{""@Name"":""Image"",""#text"":""C:\\Windows\\System32\\vdsldr.exe""},{""@Name"":""FileVersion"",""#text"":""10.0.20348.202 (WinBuild.160101.0800)""},{""@Name"":""Description"",""#text"":""Virtual Disk Service Loader""},{""@Name"":""Product"",""#text"":""Microsoft® Windows® Operating System""},{""@Name"":""Company"",""#text"":""Microsoft Corporation""},{""@Name"":""OriginalFileName"",""#text"":""vdsldr.exe""},{""@Name"":""CommandLine"",""#text"":""C:\\Windows\\System32\\vdsldr.exe -Embedding""},{""@Name"":""CurrentDirectory"",""#text"":""C:\\Windows\\system32\\""},{""@Name"":""User"",""#text"":""NT AUTHORITY\\SYSTEM""},{""@Name"":""LogonGuid"",""#text"":""c9182e32-fd12-69ca-e703-000000000000""},{""@Name"":""LogonId"",""#text"":""0x3E7""},{""@Name"":""TerminalSessionId"",""#text"":""0""},{""@Name"":""IntegrityLevel"",""#text"":""System""},{""@Name"":""Hashes"",""#text"":""MD5=1D8FA60FB5D8AEBF67507E172695AED6,SHA256=FC37ACC2B6193AC8F6002675011FE38822C1432EEE24D90F4B663B65423540F8,IMPHASH=508B28D8EF469F396C7EE677064EEB72""},{""@Name"":""ParentProcessGuid"",""#text"":""c9182e32-fd14-69ca-0d00-000000000a00""},{""@Name"":""ParentProcessId"",""#text"":""968""},{""@Name"":""ParentImage"",""#text"":""C:\\Windows\\System32\\svchost.exe""},{""@Name"":""ParentCommandLine"",""#text"":""C:\\Windows\\system32\\svchost.exe -k DcomLaunch -p""},{""@Name"":""ParentUser"",""#text"":""NT AUTHORITY\\SYSTEM""}]}}"
983,983,2026-03-30 22:45:51.2230567,1,Info,Microsoft-Windows-Sysmon,Microsoft-Windows-Sysmon/Operational,2400,4356,DC01.corp.local,20,S-1-5-18,Process creation,NT AUTHORITY\SYSTEM,,"ProcessID: 3792, ProcessGUID: c9182e32-fd1e-69ca-5300-000000000a00",RuleName: -,"MD5=A8487CEE7D831EAD54F2D29688D09C92,SHA256=E21E852CC30BBD84D3E85545C0B44A38130027238076A7559A9C3A990F254B0A,IMPHASH=6741B70098A1057A0E7AA9AA14DD175B",ParentProcess: C:\Windows\System32\services.exe,"ParentProcessID: 736, ParentProcessGUID: c9182e32-fd12-69ca-0b00-000000000a00",ParentCommandLine: C:\Windows\system32\services.exe,C:\Windows\System32\vds.exe,False,C:\Users\owunc\Desktop\lab_logs\DC_Sysmon_ws.evtx,Classic,0,"{""EventData"":{""Data"":[{""@Name"":""RuleName"",""#text"":""-""},{""@Name"":""UtcTime"",""#text"":""2026-03-30 22:45:50.699""},{""@Name"":""ProcessGuid"",""#text"":""c9182e32-fd1e-69ca-5300-000000000a00""},{""@Name"":""ProcessId"",""#text"":""3792""},{""@Name"":""Image"",""#text"":""C:\\Windows\\System32\\vds.exe""},{""@Name"":""FileVersion"",""#text"":""10.0.20348.202 (WinBuild.160101.0800)""},{""@Name"":""Description"",""#text"":""Virtual Disk Service""},{""@Name"":""Product"",""#text"":""Microsoft® Windows® Operating System""},{""@Name"":""Company"",""#text"":""Microsoft Corporation""},{""@Name"":""OriginalFileName"",""#text"":""vds.exe""},{""@Name"":""CommandLine"",""#text"":""C:\\Windows\\System32\\vds.exe""},{""@Name"":""CurrentDirectory"",""#text"":""C:\\Windows\\system32\\""},{""@Name"":""User"",""#text"":""NT AUTHORITY\\SYSTEM""},{""@Name"":""LogonGuid"",""#text"":""c9182e32-fd12-69ca-e703-000000000000""},{""@Name"":""LogonId"",""#text"":""0x3E7""},{""@Name"":""TerminalSessionId"",""#text"":""0""},{""@Name"":""IntegrityLevel"",""#text"":""System""},{""@Name"":""Hashes"",""#text"":""MD5=A8487CEE7D831EAD54F2D29688D09C92,SHA256=E21E852CC30BBD84D3E85545C0B44A38130027238076A7559A9C3A990F254B0A,IMPHASH=6741B70098A1057A0E7AA9AA14DD175B""},{""@Name"":""ParentProcessGuid"",""#text"":""c9182e32-fd12-69ca-0b00-000000000a00""},{""@Name"":""ParentProcessId"",""#text"":""736""},{""@Name"":""ParentImage"",""#text"":""C:\\Windows\\System32\\services.exe""},{""@Name"":""ParentCommandLine"",""#text"":""C:\\Windows\\system32\\services.exe""},{""@Name"":""ParentUser"",""#text"":""NT AUTHORITY\\SYSTEM""}]}}"
984,984,2026-03-30 22:45:51.2239418,11,Info,Microsoft-Windows-Sysmon,Microsoft-Windows-Sysmon/Operational,2400,4356,DC01.corp.local,20,S-1-5-18,FileCreate,NT AUTHORITY\SYSTEM,,"ProcessID: 380, ProcessGUID: c9182e32-fd1e-69ca-4800-000000000a00",RuleName: -,Image: C:\Windows\system32\svchost.exe,TargetFilename: C:\Windows\System32\wbem\Repository\WRITABLE.TST,,,,False,C:\Users\owunc\Desktop\lab_logs\DC_Sysmon_ws.evtx,Classic,0,"{""EventData"":{""Data"":[{""@Name"":""RuleName"",""#text"":""-""},{""@Name"":""UtcTime"",""#text"":""2026-03-30 22:45:50.715""},{""@Name"":""ProcessGuid"",""#text"":""c9182e32-fd1e-69ca-4800-000000000a00""},{""@Name"":""ProcessId"",""#text"":""380""},{""@Name"":""Image"",""#text"":""C:\\Windows\\system32\\svchost.exe""},{""@Name"":""TargetFilename"",""#text"":""C:\\Windows\\System32\\wbem\\Repository\\WRITABLE.TST""},{""@Name"":""CreationUtcTime"",""#text"":""2026-03-30 22:45:50.715""},{""@Name"":""User"",""#text"":""NT AUTHORITY\\SYSTEM""}]}}"
985,985,2026-03-30 22:45:51.2251711,1,Info,Microsoft-Windows-Sysmon,Microsoft-Windows-Sysmon/Operational,2400,4356,DC01.corp.local,20,S-1-5-18,Process creation,NT AUTHORITY\SYSTEM,,"ProcessID: 3828, ProcessGUID: c9182e32-fd1e-69ca-5400-000000000a00",RuleName: -,"MD5=D7CB8E3F066A905953736E3DD48B8774,SHA256=ECF20772859E08949B2416318594C200DE521CA041417E5C5C9BFCE4D64B5885,IMPHASH=A5B934DA9905CE9C59730613ADC102D3",ParentProcess: C:\Windows\System32\svchost.exe,"ParentProcessID: 2972, ParentProcessGUID: c9182e32-fd1e-69ca-3c00-000000000a00",ParentCommandLine: C:\Windows\System32\svchost.exe -k utcsvc -p,AggregatorHost.exe,False,C:\Users\owunc\Desktop\lab_logs\DC_Sysmon_ws.evtx,Classic,0,"{""EventData"":{""Data"":[{""@Name"":""RuleName"",""#text"":""-""},{""@Name"":""UtcTime"",""#text"":""2026-03-30 22:45:50.734""},{""@Name"":""ProcessGuid"",""#text"":""c9182e32-fd1e-69ca-5400-000000000a00""},{""@Name"":""ProcessId"",""#text"":""3828""},{""@Name"":""Image"",""#text"":""C:\\Windows\\System32\\AggregatorHost.exe""},{""@Name"":""FileVersion"",""#text"":""-""},{""@Name"":""Description"",""#text"":""-""},{""@Name"":""Product"",""#text"":""-""},{""@Name"":""Company"",""#text"":""-""},{""@Name"":""OriginalFileName"",""#text"":""-""},{""@Name"":""CommandLine"",""#text"":""AggregatorHost.exe""},{""@Name"":""CurrentDirectory"",""#text"":""C:\\Windows\\system32\\""},{""@Name"":""User"",""#text"":""NT AUTHORITY\\SYSTEM""},{""@Name"":""LogonGuid"",""#text"":""c9182e32-fd12-69ca-e703-000000000000""},{""@Name"":""LogonId"",""#text"":""0x3E7""},{""@Name"":""TerminalSessionId"",""#text"":""0""},{""@Name"":""IntegrityLevel"",""#text"":""System""},{""@Name"":""Hashes"",""#text"":""MD5=D7CB8E3F066A905953736E3DD48B8774,SHA256=ECF20772859E08949B2416318594C200DE521CA041417E5C5C9BFCE4D64B5885,IMPHASH=A5B934DA9905CE9C59730613ADC102D3""},{""@Name"":""ParentProcessGuid"",""#text"":""c9182e32-fd1e-69ca-3c00-000000000a00""},{""@Name"":""ParentProcessId"",""#text"":""2972""},{""@Name"":""ParentImage"",""#text"":""C:\\Windows\\System32\\svchost.exe""},{""@Name"":""ParentCommandLine"",""#text"":""C:\\Windows\\System32\\svchost.exe -k utcsvc -p""},{""@Name"":""ParentUser"",""#text"":""NT AUTHORITY\\SYSTEM""}]}}"
986,986,2026-03-30 22:45:51.2334483,13,Info,Microsoft-Windows-Sysmon,Microsoft-Windows-Sysmon/Operational,2400,4356,DC01.corp.local,20,S-1-5-18,RegistryEvent (Value Set),NT AUTHORITY\SYSTEM,,"ProcessID: 736, ProcessGUID: c9182e32-fd12-69ca-0b00-000000000a00","RuleName: T1031,T1050",Image: C:\Windows\system32\services.exe,EventType: SetValue,TargetObject: HKLM\System\CurrentControlSet\Services\MDCoreSvc\Start,Details: DWORD (0x00000002),,False,C:\Users\owunc\Desktop\lab_logs\DC_Sysmon_ws.evtx,Classic,0,"{""EventData"":{""Data"":[{""@Name"":""RuleName"",""#text"":""T1031,T1050""},{""@Name"":""EventType"",""#text"":""SetValue""},{""@Name"":""UtcTime"",""#text"":""2026-03-30 22:45:50.855""},{""@Name"":""ProcessGuid"",""#text"":""c9182e32-fd12-69ca-0b00-000000000a00""},{""@Name"":""ProcessId"",""#text"":""736""},{""@Name"":""Image"",""#text"":""C:\\Windows\\system32\\services.exe""},{""@Name"":""TargetObject"",""#text"":""HKLM\\System\\CurrentControlSet\\Services\\MDCoreSvc\\Start""},{""@Name"":""Details"",""#text"":""DWORD (0x00000002)""},{""@Name"":""User"",""#text"":""NT AUTHORITY\\SYSTEM""}]}}"
987,987,2026-03-30 22:45:51.2349137,1,Info,Microsoft-Windows-Sysmon,Microsoft-Windows-Sysmon/Operational,2400,4356,DC01.corp.local,20,S-1-5-18,Process creation,NT AUTHORITY\SYSTEM,,"ProcessID: 4000, ProcessGUID: c9182e32-fd1e-69ca-5500-000000000a00",RuleName: -,"MD5=9041407BE0BDCA2858AEBAD19E63EB14,SHA256=2BFCE8F56E3270DE28E13FF0C001FD8169223AAA21E12DDF68448E72F697FC48,IMPHASH=F201BCA438D2C46D950FC1DDB0A66687",ParentProcess: C:\ProgramData\Microsoft\Windows Defender\Platform\4.18.26020.6-0\MsMpEng.exe,"ParentProcessID: 8, ParentProcessGUID: c9182e32-fd1e-69ca-4900-000000000a00","ParentCommandLine: ""C:\ProgramData\Microsoft\Windows Defender\Platform\4.18.26020.6-0\MsMpEng.exe""","C:\Windows\system32\wevtutil.exe uninstall-manifest ""C:\ProgramData\Microsoft\Windows Defender\Platform\4.18.26020.6-0\Microsoft-Antimalware-AMFilter.man""",False,C:\Users\owunc\Desktop\lab_logs\DC_Sysmon_ws.evtx,Classic,0,"{""EventData"":{""Data"":[{""@Name"":""RuleName"",""#text"":""-""},{""@Name"":""UtcTime"",""#text"":""2026-03-30 22:45:50.864""},{""@Name"":""ProcessGuid"",""#text"":""c9182e32-fd1e-69ca-5500-000000000a00""},{""@Name"":""ProcessId"",""#text"":""4000""},{""@Name"":""Image"",""#text"":""C:\\Windows\\System32\\wevtutil.exe""},{""@Name"":""FileVersion"",""#text"":""10.0.20348.1 (WinBuild.160101.0800)""},{""@Name"":""Description"",""#text"":""Eventing Command Line Utility""},{""@Name"":""Product"",""#text"":""Microsoft® Windows® Operating System""},{""@Name"":""Company"",""#text"":""Microsoft Corporation""},{""@Name"":""OriginalFileName"",""#text"":""wevtutil.exe""},{""@Name"":""CommandLine"",""#text"":""C:\\Windows\\system32\\wevtutil.exe uninstall-manifest \""C:\\ProgramData\\Microsoft\\Windows Defender\\Platform\\4.18.26020.6-0\\Microsoft-Antimalware-AMFilter.man\""""},{""@Name"":""CurrentDirectory"",""#text"":""C:\\Windows\\system32\\""},{""@Name"":""User"",""#text"":""NT AUTHORITY\\SYSTEM""},{""@Name"":""LogonGuid"",""#text"":""c9182e32-fd12-69ca-e703-000000000000""},{""@Name"":""LogonId"",""#text"":""0x3E7""},{""@Name"":""TerminalSessionId"",""#text"":""0""},{""@Name"":""IntegrityLevel"",""#text"":""System""},{""@Name"":""Hashes"",""#text"":""MD5=9041407BE0BDCA2858AEBAD19E63EB14,SHA256=2BFCE8F56E3270DE28E13FF0C001FD8169223AAA21E12DDF68448E72F697FC48,IMPHASH=F201BCA438D2C46D950FC1DDB0A66687""},{""@Name"":""ParentProcessGuid"",""#text"":""c9182e32-fd1e-69ca-4900-000000000a00""},{""@Name"":""ParentProcessId"",""#text"":""8""},{""@Name"":""ParentImage"",""#text"":""C:\\ProgramData\\Microsoft\\Windows Defender\\Platform\\4.18.26020.6-0\\MsMpEng.exe""},{""@Name"":""ParentCommandLine"",""#text"":""\""C:\\ProgramData\\Microsoft\\Windows Defender\\Platform\\4.18.26020.6-0\\MsMpEng.exe\""""},{""@Name"":""ParentUser"",""#text"":""NT AUTHORITY\\SYSTEM""}]}}"
988,988,2026-03-30 22:45:51.2423900,1,Info,Microsoft-Windows-Sysmon,Microsoft-Windows-Sysmon/Operational,2400,4356,DC01.corp.local,20,S-1-5-18,Process creation,NT AUTHORITY\SYSTEM,,"ProcessID: 4056, ProcessGUID: c9182e32-fd1e-69ca-5700-000000000a00",RuleName: -,"MD5=69C38FEB621D71A1B86E1FA15F849E95,SHA256=D568D1C238424226EC0B87E726A6BB4789997BB1466EE7EC93EB0CC196F2E41C,IMPHASH=9656E21ED232DDC034DE628B1E2968AD",ParentProcess: C:\Windows\System32\svchost.exe,"ParentProcessID: 968, ParentProcessGUID: c9182e32-fd14-69ca-0d00-000000000a00",ParentCommandLine: C:\Windows\system32\svchost.exe -k DcomLaunch -p,C:\Windows\system32\wbem\unsecapp.exe -Embedding,False,C:\Users\owunc\Desktop\lab_logs\DC_Sysmon_ws.evtx,Classic,0,"{""EventData"":{""Data"":[{""@Name"":""RuleName"",""#text"":""-""},{""@Name"":""UtcTime"",""#text"":""2026-03-30 22:45:50.886""},{""@Name"":""ProcessGuid"",""#text"":""c9182e32-fd1e-69ca-5700-000000000a00""},{""@Name"":""ProcessId"",""#text"":""4056""},{""@Name"":""Image"",""#text"":""C:\\Windows\\System32\\wbem\\unsecapp.exe""},{""@Name"":""FileVersion"",""#text"":""10.0.20348.1 (WinBuild.160101.0800)""},{""@Name"":""Description"",""#text"":""Sink to receive asynchronous callbacks for WMI client application""},{""@Name"":""Product"",""#text"":""Microsoft® Windows® Operating System""},{""@Name"":""Company"",""#text"":""Microsoft Corporation""},{""@Name"":""OriginalFileName"",""#text"":""unsecapp.dll""},{""@Name"":""CommandLine"",""#text"":""C:\\Windows\\system32\\wbem\\unsecapp.exe -Embedding""},{""@Name"":""CurrentDirectory"",""#text"":""C:\\Windows\\system32\\""},{""@Name"":""User"",""#text"":""NT AUTHORITY\\SYSTEM""},{""@Name"":""LogonGuid"",""#text"":""c9182e32-fd12-69ca-e703-000000000000""},{""@Name"":""LogonId"",""#text"":""0x3E7""},{""@Name"":""TerminalSessionId"",""#text"":""0""},{""@Name"":""IntegrityLevel"",""#text"":""System""},{""@Name"":""Hashes"",""#text"":""MD5=69C38FEB621D71A1B86E1FA15F849E95,SHA256=D568D1C238424226EC0B87E726A6BB4789997BB1466EE7EC93EB0CC196F2E41C,IMPHASH=9656E21ED232DDC034DE628B1E2968AD""},{""@Name"":""ParentProcessGuid"",""#text"":""c9182e32-fd14-69ca-0d00-000000000a00""},{""@Name"":""ParentProcessId"",""#text"":""968""},{""@Name"":""ParentImage"",""#text"":""C:\\Windows\\System32\\svchost.exe""},{""@Name"":""ParentCommandLine"",""#text"":""C:\\Windows\\system32\\svchost.exe -k DcomLaunch -p""},{""@Name"":""ParentUser"",""#text"":""NT AUTHORITY\\SYSTEM""}]}}"
989,989,2026-03-30 22:45:51.4528416,1,Info,Microsoft-Windows-Sysmon,Microsoft-Windows-Sysmon/Operational,2400,4356,DC01.corp.local,20,S-1-5-18,Process creation,NT AUTHORITY\SYSTEM,,"ProcessID: 4412, ProcessGUID: c9182e32-fd1f-69ca-5a00-000000000a00",RuleName: -,"MD5=5487316514F4ADA7E6E0BD9EAA2256E7,SHA256=F447AE2E838D4DE71CA4BABA321FEA67DABB38AA4321EFAC81F3FF03CF55FE0A,IMPHASH=1C4E2D9936E4D9F2490B08AAB4D24260",ParentProcess: C:\Windows\System32\svchost.exe,"ParentProcessID: 1724, ParentProcessGUID: c9182e32-fd14-69ca-2500-000000000a00",ParentCommandLine: C:\Windows\system32\svchost.exe -k netsvcs -p -s Schedule,taskhostw.exe SYSTEM,False,C:\Users\owunc\Desktop\lab_logs\DC_Sysmon_ws.evtx,Classic,0,"{""EventData"":{""Data"":[{""@Name"":""RuleName"",""#text"":""-""},{""@Name"":""UtcTime"",""#text"":""2026-03-30 22:45:51.130""},{""@Name"":""ProcessGuid"",""#text"":""c9182e32-fd1f-69ca-5a00-000000000a00""},{""@Name"":""ProcessId"",""#text"":""4412""},{""@Name"":""Image"",""#text"":""C:\\Windows\\System32\\taskhostw.exe""},{""@Name"":""FileVersion"",""#text"":""10.0.20348.1 (WinBuild.160101.0800)""},{""@Name"":""Description"",""#text"":""Host Process for Windows Tasks""},{""@Name"":""Product"",""#text"":""Microsoft® Windows® Operating System""},{""@Name"":""Company"",""#text"":""Microsoft Corporation""},{""@Name"":""OriginalFileName"",""#text"":""taskhostw.exe""},{""@Name"":""CommandLine"",""#text"":""taskhostw.exe SYSTEM""},{""@Name"":""CurrentDirectory"",""#text"":""C:\\Windows\\system32\\""},{""@Name"":""User"",""#text"":""NT AUTHORITY\\SYSTEM""},{""@Name"":""LogonGuid"",""#text"":""c9182e32-fd12-69ca-e703-000000000000""},{""@Name"":""LogonId"",""#text"":""0x3E7""},{""@Name"":""TerminalSessionId"",""#text"":""0""},{""@Name"":""IntegrityLevel"",""#text"":""System""},{""@Name"":""Hashes"",""#text"":""MD5=5487316514F4ADA7E6E0BD9EAA2256E7,SHA256=F447AE2E838D4DE71CA4BABA321FEA67DABB38AA4321EFAC81F3FF03CF55FE0A,IMPHASH=1C4E2D9936E4D9F2490B08AAB4D24260""},{""@Name"":""ParentProcessGuid"",""#text"":""c9182e32-fd14-69ca-2500-000000000a00""},{""@Name"":""ParentProcessId"",""#text"":""1724""},{""@Name"":""ParentImage"",""#text"":""C:\\Windows\\System32\\svchost.exe""},{""@Name"":""ParentCommandLine"",""#text"":""C:\\Windows\\system32\\svchost.exe -k netsvcs -p -s Schedule""},{""@Name"":""ParentUser"",""#text"":""NT AUTHORITY\\SYSTEM""}]}}"
990,990,2026-03-30 22:45:51.4600493,1,Info,Microsoft-Windows-Sysmon,Microsoft-Windows-Sysmon/Operational,2400,4356,DC01.corp.local,20,S-1-5-18,Process creation,NT AUTHORITY\SYSTEM,,"ProcessID: 4568, ProcessGUID: c9182e32-fd1f-69ca-5b00-000000000a00",RuleName: -,"MD5=EB5ACAC8A6DF89EB6BA751F468490734,SHA256=6633D15A90D38137ABF5E08BC5C14CF35128ECA168E875D9569295ECC88A4DBB,IMPHASH=C1E3C5E2580A8F5AD5F3DF2BCAEA7CAB",ParentProcess: C:\Program Files (x86)\ossec-agent\wazuh-agent.exe,"ParentProcessID: 2436, ParentProcessGUID: c9182e32-fd1e-69ca-4600-000000000a00","ParentCommandLine: ""C:\Program Files (x86)\ossec-agent\wazuh-agent.exe""","powershell secedit /export /cfg $env:TEMP\secpol.cfg; Get-Content $env:TEMP\secpol.cfg | Select-String ""PasswordHistorySize""; Remove-Item $env:TEMP\secpol.cfg",False,C:\Users\owunc\Desktop\lab_logs\DC_Sysmon_ws.evtx,Classic,0,"{""EventData"":{""Data"":[{""@Name"":""RuleName"",""#text"":""-""},{""@Name"":""UtcTime"",""#text"":""2026-03-30 22:45:51.236""},{""@Name"":""ProcessGuid"",""#text"":""c9182e32-fd1f-69ca-5b00-000000000a00""},{""@Name"":""ProcessId"",""#text"":""4568""},{""@Name"":""Image"",""#text"":""C:\\Windows\\SysWOW64\\WindowsPowerShell\\v1.0\\powershell.exe""},{""@Name"":""FileVersion"",""#text"":""10.0.20348.1 (WinBuild.160101.0800)""},{""@Name"":""Description"",""#text"":""Windows PowerShell""},{""@Name"":""Product"",""#text"":""Microsoft® Windows® Operating System""},{""@Name"":""Company"",""#text"":""Microsoft Corporation""},{""@Name"":""OriginalFileName"",""#text"":""PowerShell.EXE""},{""@Name"":""CommandLine"",""#text"":""powershell secedit /export /cfg $env:TEMP\\secpol.cfg; Get-Content $env:TEMP\\secpol.cfg | Select-String \""PasswordHistorySize\""; Remove-Item $env:TEMP\\secpol.cfg""},{""@Name"":""CurrentDirectory"",""#text"":""C:\\Program Files (x86)\\ossec-agent\\""},{""@Name"":""User"",""#text"":""NT AUTHORITY\\SYSTEM""},{""@Name"":""LogonGuid"",""#text"":""c9182e32-fd12-69ca-e703-000000000000""},{""@Name"":""LogonId"",""#text"":""0x3E7""},{""@Name"":""TerminalSessionId"",""#text"":""0""},{""@Name"":""IntegrityLevel"",""#text"":""System""},{""@Name"":""Hashes"",""#text"":""MD5=EB5ACAC8A6DF89EB6BA751F468490734,SHA256=6633D15A90D38137ABF5E08BC5C14CF35128ECA168E875D9569295ECC88A4DBB,IMPHASH=C1E3C5E2580A8F5AD5F3DF2BCAEA7CAB""},{""@Name"":""ParentProcessGuid"",""#text"":""c9182e32-fd1e-69ca-4600-000000000a00""},{""@Name"":""ParentProcessId"",""#text"":""2436""},{""@Name"":""ParentImage"",""#text"":""C:\\Program Files (x86)\\ossec-agent\\wazuh-agent.exe""},{""@Name"":""ParentCommandLine"",""#text"":""\""C:\\Program Files (x86)\\ossec-agent\\wazuh-agent.exe\""""},{""@Name"":""ParentUser"",""#text"":""NT AUTHORITY\\SYSTEM""}]}}"
991,991,2026-03-30 22:45:51.4828832,1,Info,Microsoft-Windows-Sysmon,Microsoft-Windows-Sysmon/Operational,2400,4356,DC01.corp.local,20,S-1-5-18,Process creation,NT AUTHORITY\NETWORK SERVICE,,"ProcessID: 4680, ProcessGUID: c9182e32-fd1f-69ca-5c00-000000000a00",RuleName: -,"MD5=BD7BE47340BA4888B9B47AD323FF51D3,SHA256=EE84158DA9A863DAA633092F691761952DE7888AF01FD8020761CFD232E3BC88,IMPHASH=711A55EEE886A979915C1C3ABA074AC9",ParentProcess: C:\Windows\System32\services.exe,"ParentProcessID: 736, ParentProcessGUID: c9182e32-fd12-69ca-0b00-000000000a00",ParentCommandLine: C:\Windows\system32\services.exe,C:\Windows\System32\msdtc.exe,False,C:\Users\owunc\Desktop\lab_logs\DC_Sysmon_ws.evtx,Classic,0,"{""EventData"":{""Data"":[{""@Name"":""RuleName"",""#text"":""-""},{""@Name"":""UtcTime"",""#text"":""2026-03-30 22:45:51.344""},{""@Name"":""ProcessGuid"",""#text"":""c9182e32-fd1f-69ca-5c00-000000000a00""},{""@Name"":""ProcessId"",""#text"":""4680""},{""@Name"":""Image"",""#text"":""C:\\Windows\\System32\\msdtc.exe""},{""@Name"":""FileVersion"",""#text"":""2001.12.10941.16384 (WinBuild.160101.0800)""},{""@Name"":""Description"",""#text"":""Microsoft Distributed Transaction Coordinator Service""},{""@Name"":""Product"",""#text"":""Microsoft® Windows® Operating System""},{""@Name"":""Company"",""#text"":""Microsoft Corporation""},{""@Name"":""OriginalFileName"",""#text"":""MSDTC.EXE""},{""@Name"":""CommandLine"",""#text"":""C:\\Windows\\System32\\msdtc.exe""},{""@Name"":""CurrentDirectory"",""#text"":""C:\\Windows\\system32\\""},{""@Name"":""User"",""#text"":""NT AUTHORITY\\NETWORK SERVICE""},{""@Name"":""LogonGuid"",""#text"":""c9182e32-fd14-69ca-e403-000000000000""},{""@Name"":""LogonId"",""#text"":""0x3E4""},{""@Name"":""TerminalSessionId"",""#text"":""0""},{""@Name"":""IntegrityLevel"",""#text"":""System""},{""@Name"":""Hashes"",""#text"":""MD5=BD7BE47340BA4888B9B47AD323FF51D3,SHA256=EE84158DA9A863DAA633092F691761952DE7888AF01FD8020761CFD232E3BC88,IMPHASH=711A55EEE886A979915C1C3ABA074AC9""},{""@Name"":""ParentProcessGuid"",""#text"":""c9182e32-fd12-69ca-0b00-000000000a00""},{""@Name"":""ParentProcessId"",""#text"":""736""},{""@Name"":""ParentImage"",""#text"":""C:\\Windows\\System32\\services.exe""},{""@Name"":""ParentCommandLine"",""#text"":""C:\\Windows\\system32\\services.exe""},{""@Name"":""ParentUser"",""#text"":""NT AUTHORITY\\SYSTEM""}]}}"
992,992,2026-03-30 22:45:51.4868430,1,Info,Microsoft-Windows-Sysmon,Microsoft-Windows-Sysmon/Operational,2400,4356,DC01.corp.local,20,S-1-5-18,Process creation,NT AUTHORITY\SYSTEM,,"ProcessID: 4740, ProcessGUID: c9182e32-fd1f-69ca-5d00-000000000a00",RuleName: -,"MD5=464D0D44C67DD965EE607CFCD99A48AB,SHA256=B864B5AF5F77F4A5D0FE8E22B240C34691D49815BC7FE3B7FAC7E1C959CBE528,IMPHASH=6CDFF17098638A6205128AAF982E8871",ParentProcess: C:\Windows\System32\services.exe,"ParentProcessID: 736, ParentProcessGUID: c9182e32-fd12-69ca-0b00-000000000a00",ParentCommandLine: C:\Windows\system32\services.exe,C:\Windows\servicing\TrustedInstaller.exe,False,C:\Users\owunc\Desktop\lab_logs\DC_Sysmon_ws.evtx,Classic,0,"{""EventData"":{""Data"":[{""@Name"":""RuleName"",""#text"":""-""},{""@Name"":""UtcTime"",""#text"":""2026-03-30 22:45:51.390""},{""@Name"":""ProcessGuid"",""#text"":""c9182e32-fd1f-69ca-5d00-000000000a00""},{""@Name"":""ProcessId"",""#text"":""4740""},{""@Name"":""Image"",""#text"":""C:\\Windows\\servicing\\TrustedInstaller.exe""},{""@Name"":""FileVersion"",""#text"":""10.0.20348.502 (WinBuild.160101.0800)""},{""@Name"":""Description"",""#text"":""Windows Modules Installer""},{""@Name"":""Product"",""#text"":""Microsoft® Windows® Operating System""},{""@Name"":""Company"",""#text"":""Microsoft Corporation""},{""@Name"":""OriginalFileName"",""#text"":""TrustedInstaller.exe""},{""@Name"":""CommandLine"",""#text"":""C:\\Windows\\servicing\\TrustedInstaller.exe""},{""@Name"":""CurrentDirectory"",""#text"":""C:\\Windows\\system32\\""},{""@Name"":""User"",""#text"":""NT AUTHORITY\\SYSTEM""},{""@Name"":""LogonGuid"",""#text"":""c9182e32-fd12-69ca-e703-000000000000""},{""@Name"":""LogonId"",""#text"":""0x3E7""},{""@Name"":""TerminalSessionId"",""#text"":""0""},{""@Name"":""IntegrityLevel"",""#text"":""System""},{""@Name"":""Hashes"",""#text"":""MD5=464D0D44C67DD965EE607CFCD99A48AB,SHA256=B864B5AF5F77F4A5D0FE8E22B240C34691D49815BC7FE3B7FAC7E1C959CBE528,IMPHASH=6CDFF17098638A6205128AAF982E8871""},{""@Name"":""ParentProcessGuid"",""#text"":""c9182e32-fd12-69ca-0b00-000000000a00""},{""@Name"":""ParentProcessId"",""#text"":""736""},{""@Name"":""ParentImage"",""#text"":""C:\\Windows\\System32\\services.exe""},{""@Name"":""ParentCommandLine"",""#text"":""C:\\Windows\\system32\\services.exe""},{""@Name"":""ParentUser"",""#text"":""NT AUTHORITY\\SYSTEM""}]}}"
