272,272,2026-03-30 18:38:54.8027764,1,Info,Microsoft-Windows-Sysmon,Microsoft-Windows-Sysmon/Operational,2448,4460,DC01.corp.local,5,S-1-5-18,Process creation,NT AUTHORITY\SYSTEM,,"ProcessID: 5996, ProcessGUID: c9182e32-c33e-69ca-c400-000000000900",RuleName: -,"MD5=9E18ACE78034537344DA6036D4C3C8B1,SHA256=29389619B06E5DE97B3669F6FF92E226CB6DCE2254B07BA6FA88C3B5D3A9799E,IMPHASH=AB0C8C1C188B19D08FAF502671C04930",ParentProcess: C:\Program Files (x86)\ossec-agent\wazuh-agent.exe,"ParentProcessID: 2520, ParentProcessGUID: c9182e32-c326-69ca-4700-000000000900","ParentCommandLine: ""C:\Program Files (x86)\ossec-agent\wazuh-agent.exe""","auditpol.exe /get /subcategory:""Logoff""",False,C:\Users\owunc\Desktop\lab_logs\DC_Sysmon_ws.evtx,Classic,0,"{""EventData"":{""Data"":[{""@Name"":""RuleName"",""#text"":""-""},{""@Name"":""UtcTime"",""#text"":""2026-03-30 18:38:54.801""},{""@Name"":""ProcessGuid"",""#text"":""c9182e32-c33e-69ca-c400-000000000900""},{""@Name"":""ProcessId"",""#text"":""5996""},{""@Name"":""Image"",""#text"":""C:\\Windows\\SysWOW64\\auditpol.exe""},{""@Name"":""FileVersion"",""#text"":""10.0.20348.1 (WinBuild.160101.0800)""},{""@Name"":""Description"",""#text"":""Audit Policy Program""},{""@Name"":""Product"",""#text"":""Microsoft® Windows® Operating System""},{""@Name"":""Company"",""#text"":""Microsoft Corporation""},{""@Name"":""OriginalFileName"",""#text"":""AUDITPOL.EXE""},{""@Name"":""CommandLine"",""#text"":""auditpol.exe /get /subcategory:\""Logoff\""""},{""@Name"":""CurrentDirectory"",""#text"":""C:\\Program Files (x86)\\ossec-agent\\""},{""@Name"":""User"",""#text"":""NT AUTHORITY\\SYSTEM""},{""@Name"":""LogonGuid"",""#text"":""c9182e32-c31a-69ca-e703-000000000000""},{""@Name"":""LogonId"",""#text"":""0x3E7""},{""@Name"":""TerminalSessionId"",""#text"":""0""},{""@Name"":""IntegrityLevel"",""#text"":""System""},{""@Name"":""Hashes"",""#text"":""MD5=9E18ACE78034537344DA6036D4C3C8B1,SHA256=29389619B06E5DE97B3669F6FF92E226CB6DCE2254B07BA6FA88C3B5D3A9799E,IMPHASH=AB0C8C1C188B19D08FAF502671C04930""},{""@Name"":""ParentProcessGuid"",""#text"":""c9182e32-c326-69ca-4700-000000000900""},{""@Name"":""ParentProcessId"",""#text"":""2520""},{""@Name"":""ParentImage"",""#text"":""C:\\Program Files (x86)\\ossec-agent\\wazuh-agent.exe""},{""@Name"":""ParentCommandLine"",""#text"":""\""C:\\Program Files (x86)\\ossec-agent\\wazuh-agent.exe\""""},{""@Name"":""ParentUser"",""#text"":""NT AUTHORITY\\SYSTEM""}]}}"
273,273,2026-03-30 18:38:54.8289399,1,Info,Microsoft-Windows-Sysmon,Microsoft-Windows-Sysmon/Operational,2448,4460,DC01.corp.local,5,S-1-5-18,Process creation,NT AUTHORITY\SYSTEM,,"ProcessID: 5976, ProcessGUID: c9182e32-c33e-69ca-c600-000000000900",RuleName: -,"MD5=9E18ACE78034537344DA6036D4C3C8B1,SHA256=29389619B06E5DE97B3669F6FF92E226CB6DCE2254B07BA6FA88C3B5D3A9799E,IMPHASH=AB0C8C1C188B19D08FAF502671C04930",ParentProcess: C:\Program Files (x86)\ossec-agent\wazuh-agent.exe,"ParentProcessID: 2520, ParentProcessGUID: c9182e32-c326-69ca-4700-000000000900","ParentCommandLine: ""C:\Program Files (x86)\ossec-agent\wazuh-agent.exe""","auditpol.exe /get /subcategory:""Logon""",False,C:\Users\owunc\Desktop\lab_logs\DC_Sysmon_ws.evtx,Classic,0,"{""EventData"":{""Data"":[{""@Name"":""RuleName"",""#text"":""-""},{""@Name"":""UtcTime"",""#text"":""2026-03-30 18:38:54.827""},{""@Name"":""ProcessGuid"",""#text"":""c9182e32-c33e-69ca-c600-000000000900""},{""@Name"":""ProcessId"",""#text"":""5976""},{""@Name"":""Image"",""#text"":""C:\\Windows\\SysWOW64\\auditpol.exe""},{""@Name"":""FileVersion"",""#text"":""10.0.20348.1 (WinBuild.160101.0800)""},{""@Name"":""Description"",""#text"":""Audit Policy Program""},{""@Name"":""Product"",""#text"":""Microsoft® Windows® Operating System""},{""@Name"":""Company"",""#text"":""Microsoft Corporation""},{""@Name"":""OriginalFileName"",""#text"":""AUDITPOL.EXE""},{""@Name"":""CommandLine"",""#text"":""auditpol.exe /get /subcategory:\""Logon\""""},{""@Name"":""CurrentDirectory"",""#text"":""C:\\Program Files (x86)\\ossec-agent\\""},{""@Name"":""User"",""#text"":""NT AUTHORITY\\SYSTEM""},{""@Name"":""LogonGuid"",""#text"":""c9182e32-c31a-69ca-e703-000000000000""},{""@Name"":""LogonId"",""#text"":""0x3E7""},{""@Name"":""TerminalSessionId"",""#text"":""0""},{""@Name"":""IntegrityLevel"",""#text"":""System""},{""@Name"":""Hashes"",""#text"":""MD5=9E18ACE78034537344DA6036D4C3C8B1,SHA256=29389619B06E5DE97B3669F6FF92E226CB6DCE2254B07BA6FA88C3B5D3A9799E,IMPHASH=AB0C8C1C188B19D08FAF502671C04930""},{""@Name"":""ParentProcessGuid"",""#text"":""c9182e32-c326-69ca-4700-000000000900""},{""@Name"":""ParentProcessId"",""#text"":""2520""},{""@Name"":""ParentImage"",""#text"":""C:\\Program Files (x86)\\ossec-agent\\wazuh-agent.exe""},{""@Name"":""ParentCommandLine"",""#text"":""\""C:\\Program Files (x86)\\ossec-agent\\wazuh-agent.exe\""""},{""@Name"":""ParentUser"",""#text"":""NT AUTHORITY\\SYSTEM""}]}}"
274,274,2026-03-30 18:38:54.8560415,1,Info,Microsoft-Windows-Sysmon,Microsoft-Windows-Sysmon/Operational,2448,4460,DC01.corp.local,5,S-1-5-18,Process creation,NT AUTHORITY\SYSTEM,,"ProcessID: 6016, ProcessGUID: c9182e32-c33e-69ca-c800-000000000900",RuleName: -,"MD5=9E18ACE78034537344DA6036D4C3C8B1,SHA256=29389619B06E5DE97B3669F6FF92E226CB6DCE2254B07BA6FA88C3B5D3A9799E,IMPHASH=AB0C8C1C188B19D08FAF502671C04930",ParentProcess: C:\Program Files (x86)\ossec-agent\wazuh-agent.exe,"ParentProcessID: 2520, ParentProcessGUID: c9182e32-c326-69ca-4700-000000000900","ParentCommandLine: ""C:\Program Files (x86)\ossec-agent\wazuh-agent.exe""","auditpol.exe /get /subcategory:""Other Logon/Logoff Events""",False,C:\Users\owunc\Desktop\lab_logs\DC_Sysmon_ws.evtx,Classic,0,"{""EventData"":{""Data"":[{""@Name"":""RuleName"",""#text"":""-""},{""@Name"":""UtcTime"",""#text"":""2026-03-30 18:38:54.854""},{""@Name"":""ProcessGuid"",""#text"":""c9182e32-c33e-69ca-c800-000000000900""},{""@Name"":""ProcessId"",""#text"":""6016""},{""@Name"":""Image"",""#text"":""C:\\Windows\\SysWOW64\\auditpol.exe""},{""@Name"":""FileVersion"",""#text"":""10.0.20348.1 (WinBuild.160101.0800)""},{""@Name"":""Description"",""#text"":""Audit Policy Program""},{""@Name"":""Product"",""#text"":""Microsoft® Windows® Operating System""},{""@Name"":""Company"",""#text"":""Microsoft Corporation""},{""@Name"":""OriginalFileName"",""#text"":""AUDITPOL.EXE""},{""@Name"":""CommandLine"",""#text"":""auditpol.exe /get /subcategory:\""Other Logon/Logoff Events\""""},{""@Name"":""CurrentDirectory"",""#text"":""C:\\Program Files (x86)\\ossec-agent\\""},{""@Name"":""User"",""#text"":""NT AUTHORITY\\SYSTEM""},{""@Name"":""LogonGuid"",""#text"":""c9182e32-c31a-69ca-e703-000000000000""},{""@Name"":""LogonId"",""#text"":""0x3E7""},{""@Name"":""TerminalSessionId"",""#text"":""0""},{""@Name"":""IntegrityLevel"",""#text"":""System""},{""@Name"":""Hashes"",""#text"":""MD5=9E18ACE78034537344DA6036D4C3C8B1,SHA256=29389619B06E5DE97B3669F6FF92E226CB6DCE2254B07BA6FA88C3B5D3A9799E,IMPHASH=AB0C8C1C188B19D08FAF502671C04930""},{""@Name"":""ParentProcessGuid"",""#text"":""c9182e32-c326-69ca-4700-000000000900""},{""@Name"":""ParentProcessId"",""#text"":""2520""},{""@Name"":""ParentImage"",""#text"":""C:\\Program Files (x86)\\ossec-agent\\wazuh-agent.exe""},{""@Name"":""ParentCommandLine"",""#text"":""\""C:\\Program Files (x86)\\ossec-agent\\wazuh-agent.exe\""""},{""@Name"":""ParentUser"",""#text"":""NT AUTHORITY\\SYSTEM""}]}}"
275,275,2026-03-30 18:38:54.8821031,1,Info,Microsoft-Windows-Sysmon,Microsoft-Windows-Sysmon/Operational,2448,4460,DC01.corp.local,6,S-1-5-18,Process creation,NT AUTHORITY\SYSTEM,,"ProcessID: 1224, ProcessGUID: c9182e32-c33e-69ca-ca00-000000000900",RuleName: -,"MD5=9E18ACE78034537344DA6036D4C3C8B1,SHA256=29389619B06E5DE97B3669F6FF92E226CB6DCE2254B07BA6FA88C3B5D3A9799E,IMPHASH=AB0C8C1C188B19D08FAF502671C04930",ParentProcess: C:\Program Files (x86)\ossec-agent\wazuh-agent.exe,"ParentProcessID: 2520, ParentProcessGUID: c9182e32-c326-69ca-4700-000000000900","ParentCommandLine: ""C:\Program Files (x86)\ossec-agent\wazuh-agent.exe""","auditpol.exe /get /subcategory:""Special Logon""",False,C:\Users\owunc\Desktop\lab_logs\DC_Sysmon_ws.evtx,Classic,0,"{""EventData"":{""Data"":[{""@Name"":""RuleName"",""#text"":""-""},{""@Name"":""UtcTime"",""#text"":""2026-03-30 18:38:54.880""},{""@Name"":""ProcessGuid"",""#text"":""c9182e32-c33e-69ca-ca00-000000000900""},{""@Name"":""ProcessId"",""#text"":""1224""},{""@Name"":""Image"",""#text"":""C:\\Windows\\SysWOW64\\auditpol.exe""},{""@Name"":""FileVersion"",""#text"":""10.0.20348.1 (WinBuild.160101.0800)""},{""@Name"":""Description"",""#text"":""Audit Policy Program""},{""@Name"":""Product"",""#text"":""Microsoft® Windows® Operating System""},{""@Name"":""Company"",""#text"":""Microsoft Corporation""},{""@Name"":""OriginalFileName"",""#text"":""AUDITPOL.EXE""},{""@Name"":""CommandLine"",""#text"":""auditpol.exe /get /subcategory:\""Special Logon\""""},{""@Name"":""CurrentDirectory"",""#text"":""C:\\Program Files (x86)\\ossec-agent\\""},{""@Name"":""User"",""#text"":""NT AUTHORITY\\SYSTEM""},{""@Name"":""LogonGuid"",""#text"":""c9182e32-c31a-69ca-e703-000000000000""},{""@Name"":""LogonId"",""#text"":""0x3E7""},{""@Name"":""TerminalSessionId"",""#text"":""0""},{""@Name"":""IntegrityLevel"",""#text"":""System""},{""@Name"":""Hashes"",""#text"":""MD5=9E18ACE78034537344DA6036D4C3C8B1,SHA256=29389619B06E5DE97B3669F6FF92E226CB6DCE2254B07BA6FA88C3B5D3A9799E,IMPHASH=AB0C8C1C188B19D08FAF502671C04930""},{""@Name"":""ParentProcessGuid"",""#text"":""c9182e32-c326-69ca-4700-000000000900""},{""@Name"":""ParentProcessId"",""#text"":""2520""},{""@Name"":""ParentImage"",""#text"":""C:\\Program Files (x86)\\ossec-agent\\wazuh-agent.exe""},{""@Name"":""ParentCommandLine"",""#text"":""\""C:\\Program Files (x86)\\ossec-agent\\wazuh-agent.exe\""""},{""@Name"":""ParentUser"",""#text"":""NT AUTHORITY\\SYSTEM""}]}}"
276,276,2026-03-30 18:38:54.9080964,1,Info,Microsoft-Windows-Sysmon,Microsoft-Windows-Sysmon/Operational,2448,4460,DC01.corp.local,6,S-1-5-18,Process creation,NT AUTHORITY\SYSTEM,,"ProcessID: 3824, ProcessGUID: c9182e32-c33e-69ca-cc00-000000000900",RuleName: -,"MD5=9E18ACE78034537344DA6036D4C3C8B1,SHA256=29389619B06E5DE97B3669F6FF92E226CB6DCE2254B07BA6FA88C3B5D3A9799E,IMPHASH=AB0C8C1C188B19D08FAF502671C04930",ParentProcess: C:\Program Files (x86)\ossec-agent\wazuh-agent.exe,"ParentProcessID: 2520, ParentProcessGUID: c9182e32-c326-69ca-4700-000000000900","ParentCommandLine: ""C:\Program Files (x86)\ossec-agent\wazuh-agent.exe""","auditpol.exe /get /subcategory:""Detailed File Share""",False,C:\Users\owunc\Desktop\lab_logs\DC_Sysmon_ws.evtx,Classic,0,"{""EventData"":{""Data"":[{""@Name"":""RuleName"",""#text"":""-""},{""@Name"":""UtcTime"",""#text"":""2026-03-30 18:38:54.906""},{""@Name"":""ProcessGuid"",""#text"":""c9182e32-c33e-69ca-cc00-000000000900""},{""@Name"":""ProcessId"",""#text"":""3824""},{""@Name"":""Image"",""#text"":""C:\\Windows\\SysWOW64\\auditpol.exe""},{""@Name"":""FileVersion"",""#text"":""10.0.20348.1 (WinBuild.160101.0800)""},{""@Name"":""Description"",""#text"":""Audit Policy Program""},{""@Name"":""Product"",""#text"":""Microsoft® Windows® Operating System""},{""@Name"":""Company"",""#text"":""Microsoft Corporation""},{""@Name"":""OriginalFileName"",""#text"":""AUDITPOL.EXE""},{""@Name"":""CommandLine"",""#text"":""auditpol.exe /get /subcategory:\""Detailed File Share\""""},{""@Name"":""CurrentDirectory"",""#text"":""C:\\Program Files (x86)\\ossec-agent\\""},{""@Name"":""User"",""#text"":""NT AUTHORITY\\SYSTEM""},{""@Name"":""LogonGuid"",""#text"":""c9182e32-c31a-69ca-e703-000000000000""},{""@Name"":""LogonId"",""#text"":""0x3E7""},{""@Name"":""TerminalSessionId"",""#text"":""0""},{""@Name"":""IntegrityLevel"",""#text"":""System""},{""@Name"":""Hashes"",""#text"":""MD5=9E18ACE78034537344DA6036D4C3C8B1,SHA256=29389619B06E5DE97B3669F6FF92E226CB6DCE2254B07BA6FA88C3B5D3A9799E,IMPHASH=AB0C8C1C188B19D08FAF502671C04930""},{""@Name"":""ParentProcessGuid"",""#text"":""c9182e32-c326-69ca-4700-000000000900""},{""@Name"":""ParentProcessId"",""#text"":""2520""},{""@Name"":""ParentImage"",""#text"":""C:\\Program Files (x86)\\ossec-agent\\wazuh-agent.exe""},{""@Name"":""ParentCommandLine"",""#text"":""\""C:\\Program Files (x86)\\ossec-agent\\wazuh-agent.exe\""""},{""@Name"":""ParentUser"",""#text"":""NT AUTHORITY\\SYSTEM""}]}}"
277,277,2026-03-30 18:38:54.9347515,1,Info,Microsoft-Windows-Sysmon,Microsoft-Windows-Sysmon/Operational,2448,4460,DC01.corp.local,6,S-1-5-18,Process creation,NT AUTHORITY\SYSTEM,,"ProcessID: 5216, ProcessGUID: c9182e32-c33e-69ca-ce00-000000000900",RuleName: -,"MD5=9E18ACE78034537344DA6036D4C3C8B1,SHA256=29389619B06E5DE97B3669F6FF92E226CB6DCE2254B07BA6FA88C3B5D3A9799E,IMPHASH=AB0C8C1C188B19D08FAF502671C04930",ParentProcess: C:\Program Files (x86)\ossec-agent\wazuh-agent.exe,"ParentProcessID: 2520, ParentProcessGUID: c9182e32-c326-69ca-4700-000000000900","ParentCommandLine: ""C:\Program Files (x86)\ossec-agent\wazuh-agent.exe""","auditpol.exe /get /subcategory:""File Share""",False,C:\Users\owunc\Desktop\lab_logs\DC_Sysmon_ws.evtx,Classic,0,"{""EventData"":{""Data"":[{""@Name"":""RuleName"",""#text"":""-""},{""@Name"":""UtcTime"",""#text"":""2026-03-30 18:38:54.933""},{""@Name"":""ProcessGuid"",""#text"":""c9182e32-c33e-69ca-ce00-000000000900""},{""@Name"":""ProcessId"",""#text"":""5216""},{""@Name"":""Image"",""#text"":""C:\\Windows\\SysWOW64\\auditpol.exe""},{""@Name"":""FileVersion"",""#text"":""10.0.20348.1 (WinBuild.160101.0800)""},{""@Name"":""Description"",""#text"":""Audit Policy Program""},{""@Name"":""Product"",""#text"":""Microsoft® Windows® Operating System""},{""@Name"":""Company"",""#text"":""Microsoft Corporation""},{""@Name"":""OriginalFileName"",""#text"":""AUDITPOL.EXE""},{""@Name"":""CommandLine"",""#text"":""auditpol.exe /get /subcategory:\""File Share\""""},{""@Name"":""CurrentDirectory"",""#text"":""C:\\Program Files (x86)\\ossec-agent\\""},{""@Name"":""User"",""#text"":""NT AUTHORITY\\SYSTEM""},{""@Name"":""LogonGuid"",""#text"":""c9182e32-c31a-69ca-e703-000000000000""},{""@Name"":""LogonId"",""#text"":""0x3E7""},{""@Name"":""TerminalSessionId"",""#text"":""0""},{""@Name"":""IntegrityLevel"",""#text"":""System""},{""@Name"":""Hashes"",""#text"":""MD5=9E18ACE78034537344DA6036D4C3C8B1,SHA256=29389619B06E5DE97B3669F6FF92E226CB6DCE2254B07BA6FA88C3B5D3A9799E,IMPHASH=AB0C8C1C188B19D08FAF502671C04930""},{""@Name"":""ParentProcessGuid"",""#text"":""c9182e32-c326-69ca-4700-000000000900""},{""@Name"":""ParentProcessId"",""#text"":""2520""},{""@Name"":""ParentImage"",""#text"":""C:\\Program Files (x86)\\ossec-agent\\wazuh-agent.exe""},{""@Name"":""ParentCommandLine"",""#text"":""\""C:\\Program Files (x86)\\ossec-agent\\wazuh-agent.exe\""""},{""@Name"":""ParentUser"",""#text"":""NT AUTHORITY\\SYSTEM""}]}}"
278,278,2026-03-30 18:38:54.9618705,1,Info,Microsoft-Windows-Sysmon,Microsoft-Windows-Sysmon/Operational,2448,4460,DC01.corp.local,6,S-1-5-18,Process creation,NT AUTHORITY\SYSTEM,,"ProcessID: 1796, ProcessGUID: c9182e32-c33e-69ca-d000-000000000900",RuleName: -,"MD5=9E18ACE78034537344DA6036D4C3C8B1,SHA256=29389619B06E5DE97B3669F6FF92E226CB6DCE2254B07BA6FA88C3B5D3A9799E,IMPHASH=AB0C8C1C188B19D08FAF502671C04930",ParentProcess: C:\Program Files (x86)\ossec-agent\wazuh-agent.exe,"ParentProcessID: 2520, ParentProcessGUID: c9182e32-c326-69ca-4700-000000000900","ParentCommandLine: ""C:\Program Files (x86)\ossec-agent\wazuh-agent.exe""","auditpol.exe /get /subcategory:""Other Object Access Events""",False,C:\Users\owunc\Desktop\lab_logs\DC_Sysmon_ws.evtx,Classic,0,"{""EventData"":{""Data"":[{""@Name"":""RuleName"",""#text"":""-""},{""@Name"":""UtcTime"",""#text"":""2026-03-30 18:38:54.960""},{""@Name"":""ProcessGuid"",""#text"":""c9182e32-c33e-69ca-d000-000000000900""},{""@Name"":""ProcessId"",""#text"":""1796""},{""@Name"":""Image"",""#text"":""C:\\Windows\\SysWOW64\\auditpol.exe""},{""@Name"":""FileVersion"",""#text"":""10.0.20348.1 (WinBuild.160101.0800)""},{""@Name"":""Description"",""#text"":""Audit Policy Program""},{""@Name"":""Product"",""#text"":""Microsoft® Windows® Operating System""},{""@Name"":""Company"",""#text"":""Microsoft Corporation""},{""@Name"":""OriginalFileName"",""#text"":""AUDITPOL.EXE""},{""@Name"":""CommandLine"",""#text"":""auditpol.exe /get /subcategory:\""Other Object Access Events\""""},{""@Name"":""CurrentDirectory"",""#text"":""C:\\Program Files (x86)\\ossec-agent\\""},{""@Name"":""User"",""#text"":""NT AUTHORITY\\SYSTEM""},{""@Name"":""LogonGuid"",""#text"":""c9182e32-c31a-69ca-e703-000000000000""},{""@Name"":""LogonId"",""#text"":""0x3E7""},{""@Name"":""TerminalSessionId"",""#text"":""0""},{""@Name"":""IntegrityLevel"",""#text"":""System""},{""@Name"":""Hashes"",""#text"":""MD5=9E18ACE78034537344DA6036D4C3C8B1,SHA256=29389619B06E5DE97B3669F6FF92E226CB6DCE2254B07BA6FA88C3B5D3A9799E,IMPHASH=AB0C8C1C188B19D08FAF502671C04930""},{""@Name"":""ParentProcessGuid"",""#text"":""c9182e32-c326-69ca-4700-000000000900""},{""@Name"":""ParentProcessId"",""#text"":""2520""},{""@Name"":""ParentImage"",""#text"":""C:\\Program Files (x86)\\ossec-agent\\wazuh-agent.exe""},{""@Name"":""ParentCommandLine"",""#text"":""\""C:\\Program Files (x86)\\ossec-agent\\wazuh-agent.exe\""""},{""@Name"":""ParentUser"",""#text"":""NT AUTHORITY\\SYSTEM""}]}}"
279,279,2026-03-30 18:38:54.9880482,1,Info,Microsoft-Windows-Sysmon,Microsoft-Windows-Sysmon/Operational,2448,4460,DC01.corp.local,6,S-1-5-18,Process creation,NT AUTHORITY\SYSTEM,,"ProcessID: 5604, ProcessGUID: c9182e32-c33e-69ca-d200-000000000900",RuleName: -,"MD5=9E18ACE78034537344DA6036D4C3C8B1,SHA256=29389619B06E5DE97B3669F6FF92E226CB6DCE2254B07BA6FA88C3B5D3A9799E,IMPHASH=AB0C8C1C188B19D08FAF502671C04930",ParentProcess: C:\Program Files (x86)\ossec-agent\wazuh-agent.exe,"ParentProcessID: 2520, ParentProcessGUID: c9182e32-c326-69ca-4700-000000000900","ParentCommandLine: ""C:\Program Files (x86)\ossec-agent\wazuh-agent.exe""","auditpol.exe /get /subcategory:""Removable Storage""",False,C:\Users\owunc\Desktop\lab_logs\DC_Sysmon_ws.evtx,Classic,0,"{""EventData"":{""Data"":[{""@Name"":""RuleName"",""#text"":""-""},{""@Name"":""UtcTime"",""#text"":""2026-03-30 18:38:54.986""},{""@Name"":""ProcessGuid"",""#text"":""c9182e32-c33e-69ca-d200-000000000900""},{""@Name"":""ProcessId"",""#text"":""5604""},{""@Name"":""Image"",""#text"":""C:\\Windows\\SysWOW64\\auditpol.exe""},{""@Name"":""FileVersion"",""#text"":""10.0.20348.1 (WinBuild.160101.0800)""},{""@Name"":""Description"",""#text"":""Audit Policy Program""},{""@Name"":""Product"",""#text"":""Microsoft® Windows® Operating System""},{""@Name"":""Company"",""#text"":""Microsoft Corporation""},{""@Name"":""OriginalFileName"",""#text"":""AUDITPOL.EXE""},{""@Name"":""CommandLine"",""#text"":""auditpol.exe /get /subcategory:\""Removable Storage\""""},{""@Name"":""CurrentDirectory"",""#text"":""C:\\Program Files (x86)\\ossec-agent\\""},{""@Name"":""User"",""#text"":""NT AUTHORITY\\SYSTEM""},{""@Name"":""LogonGuid"",""#text"":""c9182e32-c31a-69ca-e703-000000000000""},{""@Name"":""LogonId"",""#text"":""0x3E7""},{""@Name"":""TerminalSessionId"",""#text"":""0""},{""@Name"":""IntegrityLevel"",""#text"":""System""},{""@Name"":""Hashes"",""#text"":""MD5=9E18ACE78034537344DA6036D4C3C8B1,SHA256=29389619B06E5DE97B3669F6FF92E226CB6DCE2254B07BA6FA88C3B5D3A9799E,IMPHASH=AB0C8C1C188B19D08FAF502671C04930""},{""@Name"":""ParentProcessGuid"",""#text"":""c9182e32-c326-69ca-4700-000000000900""},{""@Name"":""ParentProcessId"",""#text"":""2520""},{""@Name"":""ParentImage"",""#text"":""C:\\Program Files (x86)\\ossec-agent\\wazuh-agent.exe""},{""@Name"":""ParentCommandLine"",""#text"":""\""C:\\Program Files (x86)\\ossec-agent\\wazuh-agent.exe\""""},{""@Name"":""ParentUser"",""#text"":""NT AUTHORITY\\SYSTEM""}]}}"
280,280,2026-03-30 18:38:55.0152102,1,Info,Microsoft-Windows-Sysmon,Microsoft-Windows-Sysmon/Operational,2448,4460,DC01.corp.local,6,S-1-5-18,Process creation,NT AUTHORITY\SYSTEM,,"ProcessID: 5856, ProcessGUID: c9182e32-c33f-69ca-d400-000000000900",RuleName: -,"MD5=9E18ACE78034537344DA6036D4C3C8B1,SHA256=29389619B06E5DE97B3669F6FF92E226CB6DCE2254B07BA6FA88C3B5D3A9799E,IMPHASH=AB0C8C1C188B19D08FAF502671C04930",ParentProcess: C:\Program Files (x86)\ossec-agent\wazuh-agent.exe,"ParentProcessID: 2520, ParentProcessGUID: c9182e32-c326-69ca-4700-000000000900","ParentCommandLine: ""C:\Program Files (x86)\ossec-agent\wazuh-agent.exe""","auditpol.exe /get /subcategory:""Audit Policy Change""",False,C:\Users\owunc\Desktop\lab_logs\DC_Sysmon_ws.evtx,Classic,0,"{""EventData"":{""Data"":[{""@Name"":""RuleName"",""#text"":""-""},{""@Name"":""UtcTime"",""#text"":""2026-03-30 18:38:55.013""},{""@Name"":""ProcessGuid"",""#text"":""c9182e32-c33f-69ca-d400-000000000900""},{""@Name"":""ProcessId"",""#text"":""5856""},{""@Name"":""Image"",""#text"":""C:\\Windows\\SysWOW64\\auditpol.exe""},{""@Name"":""FileVersion"",""#text"":""10.0.20348.1 (WinBuild.160101.0800)""},{""@Name"":""Description"",""#text"":""Audit Policy Program""},{""@Name"":""Product"",""#text"":""Microsoft® Windows® Operating System""},{""@Name"":""Company"",""#text"":""Microsoft Corporation""},{""@Name"":""OriginalFileName"",""#text"":""AUDITPOL.EXE""},{""@Name"":""CommandLine"",""#text"":""auditpol.exe /get /subcategory:\""Audit Policy Change\""""},{""@Name"":""CurrentDirectory"",""#text"":""C:\\Program Files (x86)\\ossec-agent\\""},{""@Name"":""User"",""#text"":""NT AUTHORITY\\SYSTEM""},{""@Name"":""LogonGuid"",""#text"":""c9182e32-c31a-69ca-e703-000000000000""},{""@Name"":""LogonId"",""#text"":""0x3E7""},{""@Name"":""TerminalSessionId"",""#text"":""0""},{""@Name"":""IntegrityLevel"",""#text"":""System""},{""@Name"":""Hashes"",""#text"":""MD5=9E18ACE78034537344DA6036D4C3C8B1,SHA256=29389619B06E5DE97B3669F6FF92E226CB6DCE2254B07BA6FA88C3B5D3A9799E,IMPHASH=AB0C8C1C188B19D08FAF502671C04930""},{""@Name"":""ParentProcessGuid"",""#text"":""c9182e32-c326-69ca-4700-000000000900""},{""@Name"":""ParentProcessId"",""#text"":""2520""},{""@Name"":""ParentImage"",""#text"":""C:\\Program Files (x86)\\ossec-agent\\wazuh-agent.exe""},{""@Name"":""ParentCommandLine"",""#text"":""\""C:\\Program Files (x86)\\ossec-agent\\wazuh-agent.exe\""""},{""@Name"":""ParentUser"",""#text"":""NT AUTHORITY\\SYSTEM""}]}}"
281,281,2026-03-30 18:38:55.0421973,1,Info,Microsoft-Windows-Sysmon,Microsoft-Windows-Sysmon/Operational,2448,4460,DC01.corp.local,6,S-1-5-18,Process creation,NT AUTHORITY\SYSTEM,,"ProcessID: 2672, ProcessGUID: c9182e32-c33f-69ca-d600-000000000900",RuleName: -,"MD5=9E18ACE78034537344DA6036D4C3C8B1,SHA256=29389619B06E5DE97B3669F6FF92E226CB6DCE2254B07BA6FA88C3B5D3A9799E,IMPHASH=AB0C8C1C188B19D08FAF502671C04930",ParentProcess: C:\Program Files (x86)\ossec-agent\wazuh-agent.exe,"ParentProcessID: 2520, ParentProcessGUID: c9182e32-c326-69ca-4700-000000000900","ParentCommandLine: ""C:\Program Files (x86)\ossec-agent\wazuh-agent.exe""","auditpol.exe /get /subcategory:""Authentication Policy Change""",False,C:\Users\owunc\Desktop\lab_logs\DC_Sysmon_ws.evtx,Classic,0,"{""EventData"":{""Data"":[{""@Name"":""RuleName"",""#text"":""-""},{""@Name"":""UtcTime"",""#text"":""2026-03-30 18:38:55.041""},{""@Name"":""ProcessGuid"",""#text"":""c9182e32-c33f-69ca-d600-000000000900""},{""@Name"":""ProcessId"",""#text"":""2672""},{""@Name"":""Image"",""#text"":""C:\\Windows\\SysWOW64\\auditpol.exe""},{""@Name"":""FileVersion"",""#text"":""10.0.20348.1 (WinBuild.160101.0800)""},{""@Name"":""Description"",""#text"":""Audit Policy Program""},{""@Name"":""Product"",""#text"":""Microsoft® Windows® Operating System""},{""@Name"":""Company"",""#text"":""Microsoft Corporation""},{""@Name"":""OriginalFileName"",""#text"":""AUDITPOL.EXE""},{""@Name"":""CommandLine"",""#text"":""auditpol.exe /get /subcategory:\""Authentication Policy Change\""""},{""@Name"":""CurrentDirectory"",""#text"":""C:\\Program Files (x86)\\ossec-agent\\""},{""@Name"":""User"",""#text"":""NT AUTHORITY\\SYSTEM""},{""@Name"":""LogonGuid"",""#text"":""c9182e32-c31a-69ca-e703-000000000000""},{""@Name"":""LogonId"",""#text"":""0x3E7""},{""@Name"":""TerminalSessionId"",""#text"":""0""},{""@Name"":""IntegrityLevel"",""#text"":""System""},{""@Name"":""Hashes"",""#text"":""MD5=9E18ACE78034537344DA6036D4C3C8B1,SHA256=29389619B06E5DE97B3669F6FF92E226CB6DCE2254B07BA6FA88C3B5D3A9799E,IMPHASH=AB0C8C1C188B19D08FAF502671C04930""},{""@Name"":""ParentProcessGuid"",""#text"":""c9182e32-c326-69ca-4700-000000000900""},{""@Name"":""ParentProcessId"",""#text"":""2520""},{""@Name"":""ParentImage"",""#text"":""C:\\Program Files (x86)\\ossec-agent\\wazuh-agent.exe""},{""@Name"":""ParentCommandLine"",""#text"":""\""C:\\Program Files (x86)\\ossec-agent\\wazuh-agent.exe\""""},{""@Name"":""ParentUser"",""#text"":""NT AUTHORITY\\SYSTEM""}]}}"
282,282,2026-03-30 18:38:55.0693138,1,Info,Microsoft-Windows-Sysmon,Microsoft-Windows-Sysmon/Operational,2448,4460,DC01.corp.local,6,S-1-5-18,Process creation,NT AUTHORITY\SYSTEM,,"ProcessID: 5696, ProcessGUID: c9182e32-c33f-69ca-d800-000000000900",RuleName: -,"MD5=9E18ACE78034537344DA6036D4C3C8B1,SHA256=29389619B06E5DE97B3669F6FF92E226CB6DCE2254B07BA6FA88C3B5D3A9799E,IMPHASH=AB0C8C1C188B19D08FAF502671C04930",ParentProcess: C:\Program Files (x86)\ossec-agent\wazuh-agent.exe,"ParentProcessID: 2520, ParentProcessGUID: c9182e32-c326-69ca-4700-000000000900","ParentCommandLine: ""C:\Program Files (x86)\ossec-agent\wazuh-agent.exe""","auditpol.exe /get /subcategory:""Authorization Policy Change""",False,C:\Users\owunc\Desktop\lab_logs\DC_Sysmon_ws.evtx,Classic,0,"{""EventData"":{""Data"":[{""@Name"":""RuleName"",""#text"":""-""},{""@Name"":""UtcTime"",""#text"":""2026-03-30 18:38:55.068""},{""@Name"":""ProcessGuid"",""#text"":""c9182e32-c33f-69ca-d800-000000000900""},{""@Name"":""ProcessId"",""#text"":""5696""},{""@Name"":""Image"",""#text"":""C:\\Windows\\SysWOW64\\auditpol.exe""},{""@Name"":""FileVersion"",""#text"":""10.0.20348.1 (WinBuild.160101.0800)""},{""@Name"":""Description"",""#text"":""Audit Policy Program""},{""@Name"":""Product"",""#text"":""Microsoft® Windows® Operating System""},{""@Name"":""Company"",""#text"":""Microsoft Corporation""},{""@Name"":""OriginalFileName"",""#text"":""AUDITPOL.EXE""},{""@Name"":""CommandLine"",""#text"":""auditpol.exe /get /subcategory:\""Authorization Policy Change\""""},{""@Name"":""CurrentDirectory"",""#text"":""C:\\Program Files (x86)\\ossec-agent\\""},{""@Name"":""User"",""#text"":""NT AUTHORITY\\SYSTEM""},{""@Name"":""LogonGuid"",""#text"":""c9182e32-c31a-69ca-e703-000000000000""},{""@Name"":""LogonId"",""#text"":""0x3E7""},{""@Name"":""TerminalSessionId"",""#text"":""0""},{""@Name"":""IntegrityLevel"",""#text"":""System""},{""@Name"":""Hashes"",""#text"":""MD5=9E18ACE78034537344DA6036D4C3C8B1,SHA256=29389619B06E5DE97B3669F6FF92E226CB6DCE2254B07BA6FA88C3B5D3A9799E,IMPHASH=AB0C8C1C188B19D08FAF502671C04930""},{""@Name"":""ParentProcessGuid"",""#text"":""c9182e32-c326-69ca-4700-000000000900""},{""@Name"":""ParentProcessId"",""#text"":""2520""},{""@Name"":""ParentImage"",""#text"":""C:\\Program Files (x86)\\ossec-agent\\wazuh-agent.exe""},{""@Name"":""ParentCommandLine"",""#text"":""\""C:\\Program Files (x86)\\ossec-agent\\wazuh-agent.exe\""""},{""@Name"":""ParentUser"",""#text"":""NT AUTHORITY\\SYSTEM""}]}}"
283,283,2026-03-30 18:38:55.0956795,1,Info,Microsoft-Windows-Sysmon,Microsoft-Windows-Sysmon/Operational,2448,4460,DC01.corp.local,6,S-1-5-18,Process creation,NT AUTHORITY\SYSTEM,,"ProcessID: 836, ProcessGUID: c9182e32-c33f-69ca-da00-000000000900",RuleName: -,"MD5=9E18ACE78034537344DA6036D4C3C8B1,SHA256=29389619B06E5DE97B3669F6FF92E226CB6DCE2254B07BA6FA88C3B5D3A9799E,IMPHASH=AB0C8C1C188B19D08FAF502671C04930",ParentProcess: C:\Program Files (x86)\ossec-agent\wazuh-agent.exe,"ParentProcessID: 2520, ParentProcessGUID: c9182e32-c326-69ca-4700-000000000900","ParentCommandLine: ""C:\Program Files (x86)\ossec-agent\wazuh-agent.exe""","auditpol.exe /get /subcategory:""MPSSVC Rule-Level Policy Change""",False,C:\Users\owunc\Desktop\lab_logs\DC_Sysmon_ws.evtx,Classic,0,"{""EventData"":{""Data"":[{""@Name"":""RuleName"",""#text"":""-""},{""@Name"":""UtcTime"",""#text"":""2026-03-30 18:38:55.094""},{""@Name"":""ProcessGuid"",""#text"":""c9182e32-c33f-69ca-da00-000000000900""},{""@Name"":""ProcessId"",""#text"":""836""},{""@Name"":""Image"",""#text"":""C:\\Windows\\SysWOW64\\auditpol.exe""},{""@Name"":""FileVersion"",""#text"":""10.0.20348.1 (WinBuild.160101.0800)""},{""@Name"":""Description"",""#text"":""Audit Policy Program""},{""@Name"":""Product"",""#text"":""Microsoft® Windows® Operating System""},{""@Name"":""Company"",""#text"":""Microsoft Corporation""},{""@Name"":""OriginalFileName"",""#text"":""AUDITPOL.EXE""},{""@Name"":""CommandLine"",""#text"":""auditpol.exe /get /subcategory:\""MPSSVC Rule-Level Policy Change\""""},{""@Name"":""CurrentDirectory"",""#text"":""C:\\Program Files (x86)\\ossec-agent\\""},{""@Name"":""User"",""#text"":""NT AUTHORITY\\SYSTEM""},{""@Name"":""LogonGuid"",""#text"":""c9182e32-c31a-69ca-e703-000000000000""},{""@Name"":""LogonId"",""#text"":""0x3E7""},{""@Name"":""TerminalSessionId"",""#text"":""0""},{""@Name"":""IntegrityLevel"",""#text"":""System""},{""@Name"":""Hashes"",""#text"":""MD5=9E18ACE78034537344DA6036D4C3C8B1,SHA256=29389619B06E5DE97B3669F6FF92E226CB6DCE2254B07BA6FA88C3B5D3A9799E,IMPHASH=AB0C8C1C188B19D08FAF502671C04930""},{""@Name"":""ParentProcessGuid"",""#text"":""c9182e32-c326-69ca-4700-000000000900""},{""@Name"":""ParentProcessId"",""#text"":""2520""},{""@Name"":""ParentImage"",""#text"":""C:\\Program Files (x86)\\ossec-agent\\wazuh-agent.exe""},{""@Name"":""ParentCommandLine"",""#text"":""\""C:\\Program Files (x86)\\ossec-agent\\wazuh-agent.exe\""""},{""@Name"":""ParentUser"",""#text"":""NT AUTHORITY\\SYSTEM""}]}}"
284,284,2026-03-30 18:38:55.1236524,1,Info,Microsoft-Windows-Sysmon,Microsoft-Windows-Sysmon/Operational,2448,4460,DC01.corp.local,6,S-1-5-18,Process creation,NT AUTHORITY\SYSTEM,,"ProcessID: 5704, ProcessGUID: c9182e32-c33f-69ca-dc00-000000000900",RuleName: -,"MD5=9E18ACE78034537344DA6036D4C3C8B1,SHA256=29389619B06E5DE97B3669F6FF92E226CB6DCE2254B07BA6FA88C3B5D3A9799E,IMPHASH=AB0C8C1C188B19D08FAF502671C04930",ParentProcess: C:\Program Files (x86)\ossec-agent\wazuh-agent.exe,"ParentProcessID: 2520, ParentProcessGUID: c9182e32-c326-69ca-4700-000000000900","ParentCommandLine: ""C:\Program Files (x86)\ossec-agent\wazuh-agent.exe""","auditpol.exe /get /subcategory:""Other Policy Change Events""",False,C:\Users\owunc\Desktop\lab_logs\DC_Sysmon_ws.evtx,Classic,0,"{""EventData"":{""Data"":[{""@Name"":""RuleName"",""#text"":""-""},{""@Name"":""UtcTime"",""#text"":""2026-03-30 18:38:55.122""},{""@Name"":""ProcessGuid"",""#text"":""c9182e32-c33f-69ca-dc00-000000000900""},{""@Name"":""ProcessId"",""#text"":""5704""},{""@Name"":""Image"",""#text"":""C:\\Windows\\SysWOW64\\auditpol.exe""},{""@Name"":""FileVersion"",""#text"":""10.0.20348.1 (WinBuild.160101.0800)""},{""@Name"":""Description"",""#text"":""Audit Policy Program""},{""@Name"":""Product"",""#text"":""Microsoft® Windows® Operating System""},{""@Name"":""Company"",""#text"":""Microsoft Corporation""},{""@Name"":""OriginalFileName"",""#text"":""AUDITPOL.EXE""},{""@Name"":""CommandLine"",""#text"":""auditpol.exe /get /subcategory:\""Other Policy Change Events\""""},{""@Name"":""CurrentDirectory"",""#text"":""C:\\Program Files (x86)\\ossec-agent\\""},{""@Name"":""User"",""#text"":""NT AUTHORITY\\SYSTEM""},{""@Name"":""LogonGuid"",""#text"":""c9182e32-c31a-69ca-e703-000000000000""},{""@Name"":""LogonId"",""#text"":""0x3E7""},{""@Name"":""TerminalSessionId"",""#text"":""0""},{""@Name"":""IntegrityLevel"",""#text"":""System""},{""@Name"":""Hashes"",""#text"":""MD5=9E18ACE78034537344DA6036D4C3C8B1,SHA256=29389619B06E5DE97B3669F6FF92E226CB6DCE2254B07BA6FA88C3B5D3A9799E,IMPHASH=AB0C8C1C188B19D08FAF502671C04930""},{""@Name"":""ParentProcessGuid"",""#text"":""c9182e32-c326-69ca-4700-000000000900""},{""@Name"":""ParentProcessId"",""#text"":""2520""},{""@Name"":""ParentImage"",""#text"":""C:\\Program Files (x86)\\ossec-agent\\wazuh-agent.exe""},{""@Name"":""ParentCommandLine"",""#text"":""\""C:\\Program Files (x86)\\ossec-agent\\wazuh-agent.exe\""""},{""@Name"":""ParentUser"",""#text"":""NT AUTHORITY\\SYSTEM""}]}}"
285,285,2026-03-30 18:38:55.1534079,1,Info,Microsoft-Windows-Sysmon,Microsoft-Windows-Sysmon/Operational,2448,4460,DC01.corp.local,6,S-1-5-18,Process creation,NT AUTHORITY\SYSTEM,,"ProcessID: 6024, ProcessGUID: c9182e32-c33f-69ca-de00-000000000900",RuleName: -,"MD5=9E18ACE78034537344DA6036D4C3C8B1,SHA256=29389619B06E5DE97B3669F6FF92E226CB6DCE2254B07BA6FA88C3B5D3A9799E,IMPHASH=AB0C8C1C188B19D08FAF502671C04930",ParentProcess: C:\Program Files (x86)\ossec-agent\wazuh-agent.exe,"ParentProcessID: 2520, ParentProcessGUID: c9182e32-c326-69ca-4700-000000000900","ParentCommandLine: ""C:\Program Files (x86)\ossec-agent\wazuh-agent.exe""","auditpol.exe /get /subcategory:""Sensitive Privilege Use""",False,C:\Users\owunc\Desktop\lab_logs\DC_Sysmon_ws.evtx,Classic,0,"{""EventData"":{""Data"":[{""@Name"":""RuleName"",""#text"":""-""},{""@Name"":""UtcTime"",""#text"":""2026-03-30 18:38:55.152""},{""@Name"":""ProcessGuid"",""#text"":""c9182e32-c33f-69ca-de00-000000000900""},{""@Name"":""ProcessId"",""#text"":""6024""},{""@Name"":""Image"",""#text"":""C:\\Windows\\SysWOW64\\auditpol.exe""},{""@Name"":""FileVersion"",""#text"":""10.0.20348.1 (WinBuild.160101.0800)""},{""@Name"":""Description"",""#text"":""Audit Policy Program""},{""@Name"":""Product"",""#text"":""Microsoft® Windows® Operating System""},{""@Name"":""Company"",""#text"":""Microsoft Corporation""},{""@Name"":""OriginalFileName"",""#text"":""AUDITPOL.EXE""},{""@Name"":""CommandLine"",""#text"":""auditpol.exe /get /subcategory:\""Sensitive Privilege Use\""""},{""@Name"":""CurrentDirectory"",""#text"":""C:\\Program Files (x86)\\ossec-agent\\""},{""@Name"":""User"",""#text"":""NT AUTHORITY\\SYSTEM""},{""@Name"":""LogonGuid"",""#text"":""c9182e32-c31a-69ca-e703-000000000000""},{""@Name"":""LogonId"",""#text"":""0x3E7""},{""@Name"":""TerminalSessionId"",""#text"":""0""},{""@Name"":""IntegrityLevel"",""#text"":""System""},{""@Name"":""Hashes"",""#text"":""MD5=9E18ACE78034537344DA6036D4C3C8B1,SHA256=29389619B06E5DE97B3669F6FF92E226CB6DCE2254B07BA6FA88C3B5D3A9799E,IMPHASH=AB0C8C1C188B19D08FAF502671C04930""},{""@Name"":""ParentProcessGuid"",""#text"":""c9182e32-c326-69ca-4700-000000000900""},{""@Name"":""ParentProcessId"",""#text"":""2520""},{""@Name"":""ParentImage"",""#text"":""C:\\Program Files (x86)\\ossec-agent\\wazuh-agent.exe""},{""@Name"":""ParentCommandLine"",""#text"":""\""C:\\Program Files (x86)\\ossec-agent\\wazuh-agent.exe\""""},{""@Name"":""ParentUser"",""#text"":""NT AUTHORITY\\SYSTEM""}]}}"
286,286,2026-03-30 18:38:55.1801620,1,Info,Microsoft-Windows-Sysmon,Microsoft-Windows-Sysmon/Operational,2448,4460,DC01.corp.local,6,S-1-5-18,Process creation,NT AUTHORITY\SYSTEM,,"ProcessID: 1496, ProcessGUID: c9182e32-c33f-69ca-e000-000000000900",RuleName: -,"MD5=9E18ACE78034537344DA6036D4C3C8B1,SHA256=29389619B06E5DE97B3669F6FF92E226CB6DCE2254B07BA6FA88C3B5D3A9799E,IMPHASH=AB0C8C1C188B19D08FAF502671C04930",ParentProcess: C:\Program Files (x86)\ossec-agent\wazuh-agent.exe,"ParentProcessID: 2520, ParentProcessGUID: c9182e32-c326-69ca-4700-000000000900","ParentCommandLine: ""C:\Program Files (x86)\ossec-agent\wazuh-agent.exe""","auditpol.exe /get /subcategory:""IPsec Driver""",False,C:\Users\owunc\Desktop\lab_logs\DC_Sysmon_ws.evtx,Classic,0,"{""EventData"":{""Data"":[{""@Name"":""RuleName"",""#text"":""-""},{""@Name"":""UtcTime"",""#text"":""2026-03-30 18:38:55.178""},{""@Name"":""ProcessGuid"",""#text"":""c9182e32-c33f-69ca-e000-000000000900""},{""@Name"":""ProcessId"",""#text"":""1496""},{""@Name"":""Image"",""#text"":""C:\\Windows\\SysWOW64\\auditpol.exe""},{""@Name"":""FileVersion"",""#text"":""10.0.20348.1 (WinBuild.160101.0800)""},{""@Name"":""Description"",""#text"":""Audit Policy Program""},{""@Name"":""Product"",""#text"":""Microsoft® Windows® Operating System""},{""@Name"":""Company"",""#text"":""Microsoft Corporation""},{""@Name"":""OriginalFileName"",""#text"":""AUDITPOL.EXE""},{""@Name"":""CommandLine"",""#text"":""auditpol.exe /get /subcategory:\""IPsec Driver\""""},{""@Name"":""CurrentDirectory"",""#text"":""C:\\Program Files (x86)\\ossec-agent\\""},{""@Name"":""User"",""#text"":""NT AUTHORITY\\SYSTEM""},{""@Name"":""LogonGuid"",""#text"":""c9182e32-c31a-69ca-e703-000000000000""},{""@Name"":""LogonId"",""#text"":""0x3E7""},{""@Name"":""TerminalSessionId"",""#text"":""0""},{""@Name"":""IntegrityLevel"",""#text"":""System""},{""@Name"":""Hashes"",""#text"":""MD5=9E18ACE78034537344DA6036D4C3C8B1,SHA256=29389619B06E5DE97B3669F6FF92E226CB6DCE2254B07BA6FA88C3B5D3A9799E,IMPHASH=AB0C8C1C188B19D08FAF502671C04930""},{""@Name"":""ParentProcessGuid"",""#text"":""c9182e32-c326-69ca-4700-000000000900""},{""@Name"":""ParentProcessId"",""#text"":""2520""},{""@Name"":""ParentImage"",""#text"":""C:\\Program Files (x86)\\ossec-agent\\wazuh-agent.exe""},{""@Name"":""ParentCommandLine"",""#text"":""\""C:\\Program Files (x86)\\ossec-agent\\wazuh-agent.exe\""""},{""@Name"":""ParentUser"",""#text"":""NT AUTHORITY\\SYSTEM""}]}}"
287,287,2026-03-30 18:38:55.2064224,1,Info,Microsoft-Windows-Sysmon,Microsoft-Windows-Sysmon/Operational,2448,4460,DC01.corp.local,6,S-1-5-18,Process creation,NT AUTHORITY\SYSTEM,,"ProcessID: 1164, ProcessGUID: c9182e32-c33f-69ca-e200-000000000900",RuleName: -,"MD5=9E18ACE78034537344DA6036D4C3C8B1,SHA256=29389619B06E5DE97B3669F6FF92E226CB6DCE2254B07BA6FA88C3B5D3A9799E,IMPHASH=AB0C8C1C188B19D08FAF502671C04930",ParentProcess: C:\Program Files (x86)\ossec-agent\wazuh-agent.exe,"ParentProcessID: 2520, ParentProcessGUID: c9182e32-c326-69ca-4700-000000000900","ParentCommandLine: ""C:\Program Files (x86)\ossec-agent\wazuh-agent.exe""","auditpol.exe /get /subcategory:""Other System Events""",False,C:\Users\owunc\Desktop\lab_logs\DC_Sysmon_ws.evtx,Classic,0,"{""EventData"":{""Data"":[{""@Name"":""RuleName"",""#text"":""-""},{""@Name"":""UtcTime"",""#text"":""2026-03-30 18:38:55.205""},{""@Name"":""ProcessGuid"",""#text"":""c9182e32-c33f-69ca-e200-000000000900""},{""@Name"":""ProcessId"",""#text"":""1164""},{""@Name"":""Image"",""#text"":""C:\\Windows\\SysWOW64\\auditpol.exe""},{""@Name"":""FileVersion"",""#text"":""10.0.20348.1 (WinBuild.160101.0800)""},{""@Name"":""Description"",""#text"":""Audit Policy Program""},{""@Name"":""Product"",""#text"":""Microsoft® Windows® Operating System""},{""@Name"":""Company"",""#text"":""Microsoft Corporation""},{""@Name"":""OriginalFileName"",""#text"":""AUDITPOL.EXE""},{""@Name"":""CommandLine"",""#text"":""auditpol.exe /get /subcategory:\""Other System Events\""""},{""@Name"":""CurrentDirectory"",""#text"":""C:\\Program Files (x86)\\ossec-agent\\""},{""@Name"":""User"",""#text"":""NT AUTHORITY\\SYSTEM""},{""@Name"":""LogonGuid"",""#text"":""c9182e32-c31a-69ca-e703-000000000000""},{""@Name"":""LogonId"",""#text"":""0x3E7""},{""@Name"":""TerminalSessionId"",""#text"":""0""},{""@Name"":""IntegrityLevel"",""#text"":""System""},{""@Name"":""Hashes"",""#text"":""MD5=9E18ACE78034537344DA6036D4C3C8B1,SHA256=29389619B06E5DE97B3669F6FF92E226CB6DCE2254B07BA6FA88C3B5D3A9799E,IMPHASH=AB0C8C1C188B19D08FAF502671C04930""},{""@Name"":""ParentProcessGuid"",""#text"":""c9182e32-c326-69ca-4700-000000000900""},{""@Name"":""ParentProcessId"",""#text"":""2520""},{""@Name"":""ParentImage"",""#text"":""C:\\Program Files (x86)\\ossec-agent\\wazuh-agent.exe""},{""@Name"":""ParentCommandLine"",""#text"":""\""C:\\Program Files (x86)\\ossec-agent\\wazuh-agent.exe\""""},{""@Name"":""ParentUser"",""#text"":""NT AUTHORITY\\SYSTEM""}]}}"
288,288,2026-03-30 18:38:55.2352944,1,Info,Microsoft-Windows-Sysmon,Microsoft-Windows-Sysmon/Operational,2448,4460,DC01.corp.local,6,S-1-5-18,Process creation,NT AUTHORITY\SYSTEM,,"ProcessID: 676, ProcessGUID: c9182e32-c33f-69ca-e400-000000000900",RuleName: -,"MD5=9E18ACE78034537344DA6036D4C3C8B1,SHA256=29389619B06E5DE97B3669F6FF92E226CB6DCE2254B07BA6FA88C3B5D3A9799E,IMPHASH=AB0C8C1C188B19D08FAF502671C04930",ParentProcess: C:\Program Files (x86)\ossec-agent\wazuh-agent.exe,"ParentProcessID: 2520, ParentProcessGUID: c9182e32-c326-69ca-4700-000000000900","ParentCommandLine: ""C:\Program Files (x86)\ossec-agent\wazuh-agent.exe""","auditpol.exe /get /subcategory:""Security State Change""",False,C:\Users\owunc\Desktop\lab_logs\DC_Sysmon_ws.evtx,Classic,0,"{""EventData"":{""Data"":[{""@Name"":""RuleName"",""#text"":""-""},{""@Name"":""UtcTime"",""#text"":""2026-03-30 18:38:55.233""},{""@Name"":""ProcessGuid"",""#text"":""c9182e32-c33f-69ca-e400-000000000900""},{""@Name"":""ProcessId"",""#text"":""676""},{""@Name"":""Image"",""#text"":""C:\\Windows\\SysWOW64\\auditpol.exe""},{""@Name"":""FileVersion"",""#text"":""10.0.20348.1 (WinBuild.160101.0800)""},{""@Name"":""Description"",""#text"":""Audit Policy Program""},{""@Name"":""Product"",""#text"":""Microsoft® Windows® Operating System""},{""@Name"":""Company"",""#text"":""Microsoft Corporation""},{""@Name"":""OriginalFileName"",""#text"":""AUDITPOL.EXE""},{""@Name"":""CommandLine"",""#text"":""auditpol.exe /get /subcategory:\""Security State Change\""""},{""@Name"":""CurrentDirectory"",""#text"":""C:\\Program Files (x86)\\ossec-agent\\""},{""@Name"":""User"",""#text"":""NT AUTHORITY\\SYSTEM""},{""@Name"":""LogonGuid"",""#text"":""c9182e32-c31a-69ca-e703-000000000000""},{""@Name"":""LogonId"",""#text"":""0x3E7""},{""@Name"":""TerminalSessionId"",""#text"":""0""},{""@Name"":""IntegrityLevel"",""#text"":""System""},{""@Name"":""Hashes"",""#text"":""MD5=9E18ACE78034537344DA6036D4C3C8B1,SHA256=29389619B06E5DE97B3669F6FF92E226CB6DCE2254B07BA6FA88C3B5D3A9799E,IMPHASH=AB0C8C1C188B19D08FAF502671C04930""},{""@Name"":""ParentProcessGuid"",""#text"":""c9182e32-c326-69ca-4700-000000000900""},{""@Name"":""ParentProcessId"",""#text"":""2520""},{""@Name"":""ParentImage"",""#text"":""C:\\Program Files (x86)\\ossec-agent\\wazuh-agent.exe""},{""@Name"":""ParentCommandLine"",""#text"":""\""C:\\Program Files (x86)\\ossec-agent\\wazuh-agent.exe\""""},{""@Name"":""ParentUser"",""#text"":""NT AUTHORITY\\SYSTEM""}]}}"
289,289,2026-03-30 18:38:55.2656557,1,Info,Microsoft-Windows-Sysmon,Microsoft-Windows-Sysmon/Operational,2448,4460,DC01.corp.local,6,S-1-5-18,Process creation,NT AUTHORITY\SYSTEM,,"ProcessID: 1604, ProcessGUID: c9182e32-c33f-69ca-e600-000000000900",RuleName: -,"MD5=9E18ACE78034537344DA6036D4C3C8B1,SHA256=29389619B06E5DE97B3669F6FF92E226CB6DCE2254B07BA6FA88C3B5D3A9799E,IMPHASH=AB0C8C1C188B19D08FAF502671C04930",ParentProcess: C:\Program Files (x86)\ossec-agent\wazuh-agent.exe,"ParentProcessID: 2520, ParentProcessGUID: c9182e32-c326-69ca-4700-000000000900","ParentCommandLine: ""C:\Program Files (x86)\ossec-agent\wazuh-agent.exe""","auditpol.exe /get /subcategory:""Security System Extension""",False,C:\Users\owunc\Desktop\lab_logs\DC_Sysmon_ws.evtx,Classic,0,"{""EventData"":{""Data"":[{""@Name"":""RuleName"",""#text"":""-""},{""@Name"":""UtcTime"",""#text"":""2026-03-30 18:38:55.264""},{""@Name"":""ProcessGuid"",""#text"":""c9182e32-c33f-69ca-e600-000000000900""},{""@Name"":""ProcessId"",""#text"":""1604""},{""@Name"":""Image"",""#text"":""C:\\Windows\\SysWOW64\\auditpol.exe""},{""@Name"":""FileVersion"",""#text"":""10.0.20348.1 (WinBuild.160101.0800)""},{""@Name"":""Description"",""#text"":""Audit Policy Program""},{""@Name"":""Product"",""#text"":""Microsoft® Windows® Operating System""},{""@Name"":""Company"",""#text"":""Microsoft Corporation""},{""@Name"":""OriginalFileName"",""#text"":""AUDITPOL.EXE""},{""@Name"":""CommandLine"",""#text"":""auditpol.exe /get /subcategory:\""Security System Extension\""""},{""@Name"":""CurrentDirectory"",""#text"":""C:\\Program Files (x86)\\ossec-agent\\""},{""@Name"":""User"",""#text"":""NT AUTHORITY\\SYSTEM""},{""@Name"":""LogonGuid"",""#text"":""c9182e32-c31a-69ca-e703-000000000000""},{""@Name"":""LogonId"",""#text"":""0x3E7""},{""@Name"":""TerminalSessionId"",""#text"":""0""},{""@Name"":""IntegrityLevel"",""#text"":""System""},{""@Name"":""Hashes"",""#text"":""MD5=9E18ACE78034537344DA6036D4C3C8B1,SHA256=29389619B06E5DE97B3669F6FF92E226CB6DCE2254B07BA6FA88C3B5D3A9799E,IMPHASH=AB0C8C1C188B19D08FAF502671C04930""},{""@Name"":""ParentProcessGuid"",""#text"":""c9182e32-c326-69ca-4700-000000000900""},{""@Name"":""ParentProcessId"",""#text"":""2520""},{""@Name"":""ParentImage"",""#text"":""C:\\Program Files (x86)\\ossec-agent\\wazuh-agent.exe""},{""@Name"":""ParentCommandLine"",""#text"":""\""C:\\Program Files (x86)\\ossec-agent\\wazuh-agent.exe\""""},{""@Name"":""ParentUser"",""#text"":""NT AUTHORITY\\SYSTEM""}]}}"
290,290,2026-03-30 18:38:55.2958104,1,Info,Microsoft-Windows-Sysmon,Microsoft-Windows-Sysmon/Operational,2448,4460,DC01.corp.local,6,S-1-5-18,Process creation,NT AUTHORITY\SYSTEM,,"ProcessID: 5524, ProcessGUID: c9182e32-c33f-69ca-e800-000000000900",RuleName: -,"MD5=9E18ACE78034537344DA6036D4C3C8B1,SHA256=29389619B06E5DE97B3669F6FF92E226CB6DCE2254B07BA6FA88C3B5D3A9799E,IMPHASH=AB0C8C1C188B19D08FAF502671C04930",ParentProcess: C:\Program Files (x86)\ossec-agent\wazuh-agent.exe,"ParentProcessID: 2520, ParentProcessGUID: c9182e32-c326-69ca-4700-000000000900","ParentCommandLine: ""C:\Program Files (x86)\ossec-agent\wazuh-agent.exe""","auditpol.exe /get /subcategory:""System Integrity""",False,C:\Users\owunc\Desktop\lab_logs\DC_Sysmon_ws.evtx,Classic,0,"{""EventData"":{""Data"":[{""@Name"":""RuleName"",""#text"":""-""},{""@Name"":""UtcTime"",""#text"":""2026-03-30 18:38:55.293""},{""@Name"":""ProcessGuid"",""#text"":""c9182e32-c33f-69ca-e800-000000000900""},{""@Name"":""ProcessId"",""#text"":""5524""},{""@Name"":""Image"",""#text"":""C:\\Windows\\SysWOW64\\auditpol.exe""},{""@Name"":""FileVersion"",""#text"":""10.0.20348.1 (WinBuild.160101.0800)""},{""@Name"":""Description"",""#text"":""Audit Policy Program""},{""@Name"":""Product"",""#text"":""Microsoft® Windows® Operating System""},{""@Name"":""Company"",""#text"":""Microsoft Corporation""},{""@Name"":""OriginalFileName"",""#text"":""AUDITPOL.EXE""},{""@Name"":""CommandLine"",""#text"":""auditpol.exe /get /subcategory:\""System Integrity\""""},{""@Name"":""CurrentDirectory"",""#text"":""C:\\Program Files (x86)\\ossec-agent\\""},{""@Name"":""User"",""#text"":""NT AUTHORITY\\SYSTEM""},{""@Name"":""LogonGuid"",""#text"":""c9182e32-c31a-69ca-e703-000000000000""},{""@Name"":""LogonId"",""#text"":""0x3E7""},{""@Name"":""TerminalSessionId"",""#text"":""0""},{""@Name"":""IntegrityLevel"",""#text"":""System""},{""@Name"":""Hashes"",""#text"":""MD5=9E18ACE78034537344DA6036D4C3C8B1,SHA256=29389619B06E5DE97B3669F6FF92E226CB6DCE2254B07BA6FA88C3B5D3A9799E,IMPHASH=AB0C8C1C188B19D08FAF502671C04930""},{""@Name"":""ParentProcessGuid"",""#text"":""c9182e32-c326-69ca-4700-000000000900""},{""@Name"":""ParentProcessId"",""#text"":""2520""},{""@Name"":""ParentImage"",""#text"":""C:\\Program Files (x86)\\ossec-agent\\wazuh-agent.exe""},{""@Name"":""ParentCommandLine"",""#text"":""\""C:\\Program Files (x86)\\ossec-agent\\wazuh-agent.exe\""""},{""@Name"":""ParentUser"",""#text"":""NT AUTHORITY\\SYSTEM""}]}}"
291,291,2026-03-30 18:38:56.5032551,22,Info,Microsoft-Windows-Sysmon,Microsoft-Windows-Sysmon/Operational,2448,4476,DC01.corp.local,6,S-1-5-18,DNSEvent (DNS query),NT AUTHORITY\SYSTEM,,"ProcessID: 736, ProcessGUID: c9182e32-c31a-69ca-0c00-000000000900",RuleName: -,Image: C:\Windows\System32\lsass.exe,QueryName: _ldap._tcp.dc._msdcs.corp.local.,QueryStatus: 1460,QueryResults: -,,False,C:\Users\owunc\Desktop\lab_logs\DC_Sysmon_ws.evtx,Classic,0,"{""EventData"":{""Data"":[{""@Name"":""RuleName"",""#text"":""-""},{""@Name"":""UtcTime"",""#text"":""2026-03-30 18:38:54.581""},{""@Name"":""ProcessGuid"",""#text"":""c9182e32-c31a-69ca-0c00-000000000900""},{""@Name"":""ProcessId"",""#text"":""736""},{""@Name"":""QueryName"",""#text"":""_ldap._tcp.dc._msdcs.corp.local.""},{""@Name"":""QueryStatus"",""#text"":""1460""},{""@Name"":""QueryResults"",""#text"":""-""},{""@Name"":""Image"",""#text"":""C:\\Windows\\System32\\lsass.exe""},{""@Name"":""User"",""#text"":""NT AUTHORITY\\SYSTEM""}]}}"
292,292,2026-03-30 18:39:00.5660782,22,Info,Microsoft-Windows-Sysmon,Microsoft-Windows-Sysmon/Operational,2448,4476,DC01.corp.local,6,S-1-5-18,DNSEvent (DNS query),NT AUTHORITY\SYSTEM,,"ProcessID: 736, ProcessGUID: c9182e32-c31a-69ca-0c00-000000000900",RuleName: -,Image: C:\Windows\System32\lsass.exe,QueryName: DC01,QueryStatus: 0,QueryResults: fe80::edbf:7020:ccdd:502e;::ffff:192.168.93.50;,,False,C:\Users\owunc\Desktop\lab_logs\DC_Sysmon_ws.evtx,Classic,0,"{""EventData"":{""Data"":[{""@Name"":""RuleName"",""#text"":""-""},{""@Name"":""UtcTime"",""#text"":""2026-03-30 18:39:00.009""},{""@Name"":""ProcessGuid"",""#text"":""c9182e32-c31a-69ca-0c00-000000000900""},{""@Name"":""ProcessId"",""#text"":""736""},{""@Name"":""QueryName"",""#text"":""DC01""},{""@Name"":""QueryStatus"",""#text"":""0""},{""@Name"":""QueryResults"",""#text"":""fe80::edbf:7020:ccdd:502e;::ffff:192.168.93.50;""},{""@Name"":""Image"",""#text"":""C:\\Windows\\System32\\lsass.exe""},{""@Name"":""User"",""#text"":""NT AUTHORITY\\SYSTEM""}]}}"
