784,784,2026-03-30 22:39:20.0906932,11,Info,Microsoft-Windows-Sysmon,Microsoft-Windows-Sysmon/Operational,2448,4460,DC01.corp.local,15,S-1-5-18,FileCreate,CORP\Administrator,,"ProcessID: 696, ProcessGUID: c9182e32-fb97-69ca-7702-000000000900",RuleName: DLL,Image: C:\Windows\system32\cleanmgr.exe,TargetFilename: C:\Users\ADMINI~1\AppData\Local\Temp\83B6239B-B1F0-4E0C-9733-0A751A59CECA\FfuProvider.dll,,,,False,C:\Users\owunc\Desktop\lab_logs\DC_Sysmon_ws.evtx,Classic,0,"{""EventData"":{""Data"":[{""@Name"":""RuleName"",""#text"":""DLL""},{""@Name"":""UtcTime"",""#text"":""2026-03-30 22:39:20.088""},{""@Name"":""ProcessGuid"",""#text"":""c9182e32-fb97-69ca-7702-000000000900""},{""@Name"":""ProcessId"",""#text"":""696""},{""@Name"":""Image"",""#text"":""C:\\Windows\\system32\\cleanmgr.exe""},{""@Name"":""TargetFilename"",""#text"":""C:\\Users\\ADMINI~1\\AppData\\Local\\Temp\\83B6239B-B1F0-4E0C-9733-0A751A59CECA\\FfuProvider.dll""},{""@Name"":""CreationUtcTime"",""#text"":""2026-03-30 22:39:20.088""},{""@Name"":""User"",""#text"":""CORP\\Administrator""}]}}"
785,785,2026-03-30 22:39:20.0954627,11,Info,Microsoft-Windows-Sysmon,Microsoft-Windows-Sysmon/Operational,2448,4460,DC01.corp.local,15,S-1-5-18,FileCreate,CORP\Administrator,,"ProcessID: 696, ProcessGUID: c9182e32-fb97-69ca-7702-000000000900",RuleName: DLL,Image: C:\Windows\system32\cleanmgr.exe,TargetFilename: C:\Users\ADMINI~1\AppData\Local\Temp\83B6239B-B1F0-4E0C-9733-0A751A59CECA\FolderProvider.dll,,,,False,C:\Users\owunc\Desktop\lab_logs\DC_Sysmon_ws.evtx,Classic,0,"{""EventData"":{""Data"":[{""@Name"":""RuleName"",""#text"":""DLL""},{""@Name"":""UtcTime"",""#text"":""2026-03-30 22:39:20.088""},{""@Name"":""ProcessGuid"",""#text"":""c9182e32-fb97-69ca-7702-000000000900""},{""@Name"":""ProcessId"",""#text"":""696""},{""@Name"":""Image"",""#text"":""C:\\Windows\\system32\\cleanmgr.exe""},{""@Name"":""TargetFilename"",""#text"":""C:\\Users\\ADMINI~1\\AppData\\Local\\Temp\\83B6239B-B1F0-4E0C-9733-0A751A59CECA\\FolderProvider.dll""},{""@Name"":""CreationUtcTime"",""#text"":""2026-03-30 22:39:20.088""},{""@Name"":""User"",""#text"":""CORP\\Administrator""}]}}"
786,786,2026-03-30 22:39:20.0963663,11,Info,Microsoft-Windows-Sysmon,Microsoft-Windows-Sysmon/Operational,2448,4460,DC01.corp.local,15,S-1-5-18,FileCreate,CORP\Administrator,,"ProcessID: 696, ProcessGUID: c9182e32-fb97-69ca-7702-000000000900",RuleName: DLL,Image: C:\Windows\system32\cleanmgr.exe,TargetFilename: C:\Users\ADMINI~1\AppData\Local\Temp\83B6239B-B1F0-4E0C-9733-0A751A59CECA\GenericProvider.dll,,,,False,C:\Users\owunc\Desktop\lab_logs\DC_Sysmon_ws.evtx,Classic,0,"{""EventData"":{""Data"":[{""@Name"":""RuleName"",""#text"":""DLL""},{""@Name"":""UtcTime"",""#text"":""2026-03-30 22:39:20.088""},{""@Name"":""ProcessGuid"",""#text"":""c9182e32-fb97-69ca-7702-000000000900""},{""@Name"":""ProcessId"",""#text"":""696""},{""@Name"":""Image"",""#text"":""C:\\Windows\\system32\\cleanmgr.exe""},{""@Name"":""TargetFilename"",""#text"":""C:\\Users\\ADMINI~1\\AppData\\Local\\Temp\\83B6239B-B1F0-4E0C-9733-0A751A59CECA\\GenericProvider.dll""},{""@Name"":""CreationUtcTime"",""#text"":""2026-03-30 22:39:20.088""},{""@Name"":""User"",""#text"":""CORP\\Administrator""}]}}"
787,787,2026-03-30 22:39:20.0979441,11,Info,Microsoft-Windows-Sysmon,Microsoft-Windows-Sysmon/Operational,2448,4460,DC01.corp.local,16,S-1-5-18,FileCreate,CORP\Administrator,,"ProcessID: 696, ProcessGUID: c9182e32-fb97-69ca-7702-000000000900",RuleName: DLL,Image: C:\Windows\system32\cleanmgr.exe,TargetFilename: C:\Users\ADMINI~1\AppData\Local\Temp\83B6239B-B1F0-4E0C-9733-0A751A59CECA\IBSProvider.dll,,,,False,C:\Users\owunc\Desktop\lab_logs\DC_Sysmon_ws.evtx,Classic,0,"{""EventData"":{""Data"":[{""@Name"":""RuleName"",""#text"":""DLL""},{""@Name"":""UtcTime"",""#text"":""2026-03-30 22:39:20.088""},{""@Name"":""ProcessGuid"",""#text"":""c9182e32-fb97-69ca-7702-000000000900""},{""@Name"":""ProcessId"",""#text"":""696""},{""@Name"":""Image"",""#text"":""C:\\Windows\\system32\\cleanmgr.exe""},{""@Name"":""TargetFilename"",""#text"":""C:\\Users\\ADMINI~1\\AppData\\Local\\Temp\\83B6239B-B1F0-4E0C-9733-0A751A59CECA\\IBSProvider.dll""},{""@Name"":""CreationUtcTime"",""#text"":""2026-03-30 22:39:20.088""},{""@Name"":""User"",""#text"":""CORP\\Administrator""}]}}"
788,788,2026-03-30 22:39:20.0997227,11,Info,Microsoft-Windows-Sysmon,Microsoft-Windows-Sysmon/Operational,2448,4460,DC01.corp.local,16,S-1-5-18,FileCreate,CORP\Administrator,,"ProcessID: 696, ProcessGUID: c9182e32-fb97-69ca-7702-000000000900",RuleName: DLL,Image: C:\Windows\system32\cleanmgr.exe,TargetFilename: C:\Users\ADMINI~1\AppData\Local\Temp\83B6239B-B1F0-4E0C-9733-0A751A59CECA\ImagingProvider.dll,,,,False,C:\Users\owunc\Desktop\lab_logs\DC_Sysmon_ws.evtx,Classic,0,"{""EventData"":{""Data"":[{""@Name"":""RuleName"",""#text"":""DLL""},{""@Name"":""UtcTime"",""#text"":""2026-03-30 22:39:20.088""},{""@Name"":""ProcessGuid"",""#text"":""c9182e32-fb97-69ca-7702-000000000900""},{""@Name"":""ProcessId"",""#text"":""696""},{""@Name"":""Image"",""#text"":""C:\\Windows\\system32\\cleanmgr.exe""},{""@Name"":""TargetFilename"",""#text"":""C:\\Users\\ADMINI~1\\AppData\\Local\\Temp\\83B6239B-B1F0-4E0C-9733-0A751A59CECA\\ImagingProvider.dll""},{""@Name"":""CreationUtcTime"",""#text"":""2026-03-30 22:39:20.088""},{""@Name"":""User"",""#text"":""CORP\\Administrator""}]}}"
789,789,2026-03-30 22:39:20.1020918,11,Info,Microsoft-Windows-Sysmon,Microsoft-Windows-Sysmon/Operational,2448,4460,DC01.corp.local,16,S-1-5-18,FileCreate,CORP\Administrator,,"ProcessID: 696, ProcessGUID: c9182e32-fb97-69ca-7702-000000000900",RuleName: DLL,Image: C:\Windows\system32\cleanmgr.exe,TargetFilename: C:\Users\ADMINI~1\AppData\Local\Temp\83B6239B-B1F0-4E0C-9733-0A751A59CECA\IntlProvider.dll,,,,False,C:\Users\owunc\Desktop\lab_logs\DC_Sysmon_ws.evtx,Classic,0,"{""EventData"":{""Data"":[{""@Name"":""RuleName"",""#text"":""DLL""},{""@Name"":""UtcTime"",""#text"":""2026-03-30 22:39:20.088""},{""@Name"":""ProcessGuid"",""#text"":""c9182e32-fb97-69ca-7702-000000000900""},{""@Name"":""ProcessId"",""#text"":""696""},{""@Name"":""Image"",""#text"":""C:\\Windows\\system32\\cleanmgr.exe""},{""@Name"":""TargetFilename"",""#text"":""C:\\Users\\ADMINI~1\\AppData\\Local\\Temp\\83B6239B-B1F0-4E0C-9733-0A751A59CECA\\IntlProvider.dll""},{""@Name"":""CreationUtcTime"",""#text"":""2026-03-30 22:39:20.088""},{""@Name"":""User"",""#text"":""CORP\\Administrator""}]}}"
790,790,2026-03-30 22:39:20.1042964,11,Info,Microsoft-Windows-Sysmon,Microsoft-Windows-Sysmon/Operational,2448,4460,DC01.corp.local,16,S-1-5-18,FileCreate,CORP\Administrator,,"ProcessID: 696, ProcessGUID: c9182e32-fb97-69ca-7702-000000000900",RuleName: DLL,Image: C:\Windows\system32\cleanmgr.exe,TargetFilename: C:\Users\ADMINI~1\AppData\Local\Temp\83B6239B-B1F0-4E0C-9733-0A751A59CECA\LogProvider.dll,,,,False,C:\Users\owunc\Desktop\lab_logs\DC_Sysmon_ws.evtx,Classic,0,"{""EventData"":{""Data"":[{""@Name"":""RuleName"",""#text"":""DLL""},{""@Name"":""UtcTime"",""#text"":""2026-03-30 22:39:20.088""},{""@Name"":""ProcessGuid"",""#text"":""c9182e32-fb97-69ca-7702-000000000900""},{""@Name"":""ProcessId"",""#text"":""696""},{""@Name"":""Image"",""#text"":""C:\\Windows\\system32\\cleanmgr.exe""},{""@Name"":""TargetFilename"",""#text"":""C:\\Users\\ADMINI~1\\AppData\\Local\\Temp\\83B6239B-B1F0-4E0C-9733-0A751A59CECA\\LogProvider.dll""},{""@Name"":""CreationUtcTime"",""#text"":""2026-03-30 22:39:20.088""},{""@Name"":""User"",""#text"":""CORP\\Administrator""}]}}"
791,791,2026-03-30 22:39:20.1053083,11,Info,Microsoft-Windows-Sysmon,Microsoft-Windows-Sysmon/Operational,2448,4460,DC01.corp.local,16,S-1-5-18,FileCreate,CORP\Administrator,,"ProcessID: 696, ProcessGUID: c9182e32-fb97-69ca-7702-000000000900",RuleName: DLL,Image: C:\Windows\system32\cleanmgr.exe,TargetFilename: C:\Users\ADMINI~1\AppData\Local\Temp\83B6239B-B1F0-4E0C-9733-0A751A59CECA\MsiProvider.dll,,,,False,C:\Users\owunc\Desktop\lab_logs\DC_Sysmon_ws.evtx,Classic,0,"{""EventData"":{""Data"":[{""@Name"":""RuleName"",""#text"":""DLL""},{""@Name"":""UtcTime"",""#text"":""2026-03-30 22:39:20.104""},{""@Name"":""ProcessGuid"",""#text"":""c9182e32-fb97-69ca-7702-000000000900""},{""@Name"":""ProcessId"",""#text"":""696""},{""@Name"":""Image"",""#text"":""C:\\Windows\\system32\\cleanmgr.exe""},{""@Name"":""TargetFilename"",""#text"":""C:\\Users\\ADMINI~1\\AppData\\Local\\Temp\\83B6239B-B1F0-4E0C-9733-0A751A59CECA\\MsiProvider.dll""},{""@Name"":""CreationUtcTime"",""#text"":""2026-03-30 22:39:20.104""},{""@Name"":""User"",""#text"":""CORP\\Administrator""}]}}"
792,792,2026-03-30 22:39:20.1079919,11,Info,Microsoft-Windows-Sysmon,Microsoft-Windows-Sysmon/Operational,2448,4460,DC01.corp.local,16,S-1-5-18,FileCreate,CORP\Administrator,,"ProcessID: 696, ProcessGUID: c9182e32-fb97-69ca-7702-000000000900",RuleName: DLL,Image: C:\Windows\system32\cleanmgr.exe,TargetFilename: C:\Users\ADMINI~1\AppData\Local\Temp\83B6239B-B1F0-4E0C-9733-0A751A59CECA\OfflineSetupProvider.dll,,,,False,C:\Users\owunc\Desktop\lab_logs\DC_Sysmon_ws.evtx,Classic,0,"{""EventData"":{""Data"":[{""@Name"":""RuleName"",""#text"":""DLL""},{""@Name"":""UtcTime"",""#text"":""2026-03-30 22:39:20.104""},{""@Name"":""ProcessGuid"",""#text"":""c9182e32-fb97-69ca-7702-000000000900""},{""@Name"":""ProcessId"",""#text"":""696""},{""@Name"":""Image"",""#text"":""C:\\Windows\\system32\\cleanmgr.exe""},{""@Name"":""TargetFilename"",""#text"":""C:\\Users\\ADMINI~1\\AppData\\Local\\Temp\\83B6239B-B1F0-4E0C-9733-0A751A59CECA\\OfflineSetupProvider.dll""},{""@Name"":""CreationUtcTime"",""#text"":""2026-03-30 22:39:20.104""},{""@Name"":""User"",""#text"":""CORP\\Administrator""}]}}"
793,793,2026-03-30 22:39:20.1106005,11,Info,Microsoft-Windows-Sysmon,Microsoft-Windows-Sysmon/Operational,2448,4460,DC01.corp.local,16,S-1-5-18,FileCreate,CORP\Administrator,,"ProcessID: 696, ProcessGUID: c9182e32-fb97-69ca-7702-000000000900",RuleName: DLL,Image: C:\Windows\system32\cleanmgr.exe,TargetFilename: C:\Users\ADMINI~1\AppData\Local\Temp\83B6239B-B1F0-4E0C-9733-0A751A59CECA\OSProvider.dll,,,,False,C:\Users\owunc\Desktop\lab_logs\DC_Sysmon_ws.evtx,Classic,0,"{""EventData"":{""Data"":[{""@Name"":""RuleName"",""#text"":""DLL""},{""@Name"":""UtcTime"",""#text"":""2026-03-30 22:39:20.104""},{""@Name"":""ProcessGuid"",""#text"":""c9182e32-fb97-69ca-7702-000000000900""},{""@Name"":""ProcessId"",""#text"":""696""},{""@Name"":""Image"",""#text"":""C:\\Windows\\system32\\cleanmgr.exe""},{""@Name"":""TargetFilename"",""#text"":""C:\\Users\\ADMINI~1\\AppData\\Local\\Temp\\83B6239B-B1F0-4E0C-9733-0A751A59CECA\\OSProvider.dll""},{""@Name"":""CreationUtcTime"",""#text"":""2026-03-30 22:39:20.104""},{""@Name"":""User"",""#text"":""CORP\\Administrator""}]}}"
794,794,2026-03-30 22:39:20.1127452,11,Info,Microsoft-Windows-Sysmon,Microsoft-Windows-Sysmon/Operational,2448,4460,DC01.corp.local,16,S-1-5-18,FileCreate,CORP\Administrator,,"ProcessID: 696, ProcessGUID: c9182e32-fb97-69ca-7702-000000000900",RuleName: DLL,Image: C:\Windows\system32\cleanmgr.exe,TargetFilename: C:\Users\ADMINI~1\AppData\Local\Temp\83B6239B-B1F0-4E0C-9733-0A751A59CECA\ProvProvider.dll,,,,False,C:\Users\owunc\Desktop\lab_logs\DC_Sysmon_ws.evtx,Classic,0,"{""EventData"":{""Data"":[{""@Name"":""RuleName"",""#text"":""DLL""},{""@Name"":""UtcTime"",""#text"":""2026-03-30 22:39:20.104""},{""@Name"":""ProcessGuid"",""#text"":""c9182e32-fb97-69ca-7702-000000000900""},{""@Name"":""ProcessId"",""#text"":""696""},{""@Name"":""Image"",""#text"":""C:\\Windows\\system32\\cleanmgr.exe""},{""@Name"":""TargetFilename"",""#text"":""C:\\Users\\ADMINI~1\\AppData\\Local\\Temp\\83B6239B-B1F0-4E0C-9733-0A751A59CECA\\ProvProvider.dll""},{""@Name"":""CreationUtcTime"",""#text"":""2026-03-30 22:39:20.104""},{""@Name"":""User"",""#text"":""CORP\\Administrator""}]}}"
795,795,2026-03-30 22:39:20.1182501,11,Info,Microsoft-Windows-Sysmon,Microsoft-Windows-Sysmon/Operational,2448,4460,DC01.corp.local,16,S-1-5-18,FileCreate,CORP\Administrator,,"ProcessID: 696, ProcessGUID: c9182e32-fb97-69ca-7702-000000000900",RuleName: DLL,Image: C:\Windows\system32\cleanmgr.exe,TargetFilename: C:\Users\ADMINI~1\AppData\Local\Temp\83B6239B-B1F0-4E0C-9733-0A751A59CECA\ServicingCommon.dll,,,,False,C:\Users\owunc\Desktop\lab_logs\DC_Sysmon_ws.evtx,Classic,0,"{""EventData"":{""Data"":[{""@Name"":""RuleName"",""#text"":""DLL""},{""@Name"":""UtcTime"",""#text"":""2026-03-30 22:39:20.104""},{""@Name"":""ProcessGuid"",""#text"":""c9182e32-fb97-69ca-7702-000000000900""},{""@Name"":""ProcessId"",""#text"":""696""},{""@Name"":""Image"",""#text"":""C:\\Windows\\system32\\cleanmgr.exe""},{""@Name"":""TargetFilename"",""#text"":""C:\\Users\\ADMINI~1\\AppData\\Local\\Temp\\83B6239B-B1F0-4E0C-9733-0A751A59CECA\\ServicingCommon.dll""},{""@Name"":""CreationUtcTime"",""#text"":""2026-03-30 22:39:20.104""},{""@Name"":""User"",""#text"":""CORP\\Administrator""}]}}"
796,796,2026-03-30 22:39:20.1250384,11,Info,Microsoft-Windows-Sysmon,Microsoft-Windows-Sysmon/Operational,2448,4460,DC01.corp.local,16,S-1-5-18,FileCreate,CORP\Administrator,,"ProcessID: 696, ProcessGUID: c9182e32-fb97-69ca-7702-000000000900",RuleName: DLL,Image: C:\Windows\system32\cleanmgr.exe,TargetFilename: C:\Users\ADMINI~1\AppData\Local\Temp\83B6239B-B1F0-4E0C-9733-0A751A59CECA\SetupPlatformProvider.dll,,,,False,C:\Users\owunc\Desktop\lab_logs\DC_Sysmon_ws.evtx,Classic,0,"{""EventData"":{""Data"":[{""@Name"":""RuleName"",""#text"":""DLL""},{""@Name"":""UtcTime"",""#text"":""2026-03-30 22:39:20.120""},{""@Name"":""ProcessGuid"",""#text"":""c9182e32-fb97-69ca-7702-000000000900""},{""@Name"":""ProcessId"",""#text"":""696""},{""@Name"":""Image"",""#text"":""C:\\Windows\\system32\\cleanmgr.exe""},{""@Name"":""TargetFilename"",""#text"":""C:\\Users\\ADMINI~1\\AppData\\Local\\Temp\\83B6239B-B1F0-4E0C-9733-0A751A59CECA\\SetupPlatformProvider.dll""},{""@Name"":""CreationUtcTime"",""#text"":""2026-03-30 22:39:20.120""},{""@Name"":""User"",""#text"":""CORP\\Administrator""}]}}"
797,797,2026-03-30 22:39:20.1273568,11,Info,Microsoft-Windows-Sysmon,Microsoft-Windows-Sysmon/Operational,2448,4460,DC01.corp.local,16,S-1-5-18,FileCreate,CORP\Administrator,,"ProcessID: 696, ProcessGUID: c9182e32-fb97-69ca-7702-000000000900",RuleName: DLL,Image: C:\Windows\system32\cleanmgr.exe,TargetFilename: C:\Users\ADMINI~1\AppData\Local\Temp\83B6239B-B1F0-4E0C-9733-0A751A59CECA\SmiProvider.dll,,,,False,C:\Users\owunc\Desktop\lab_logs\DC_Sysmon_ws.evtx,Classic,0,"{""EventData"":{""Data"":[{""@Name"":""RuleName"",""#text"":""DLL""},{""@Name"":""UtcTime"",""#text"":""2026-03-30 22:39:20.120""},{""@Name"":""ProcessGuid"",""#text"":""c9182e32-fb97-69ca-7702-000000000900""},{""@Name"":""ProcessId"",""#text"":""696""},{""@Name"":""Image"",""#text"":""C:\\Windows\\system32\\cleanmgr.exe""},{""@Name"":""TargetFilename"",""#text"":""C:\\Users\\ADMINI~1\\AppData\\Local\\Temp\\83B6239B-B1F0-4E0C-9733-0A751A59CECA\\SmiProvider.dll""},{""@Name"":""CreationUtcTime"",""#text"":""2026-03-30 22:39:20.120""},{""@Name"":""User"",""#text"":""CORP\\Administrator""}]}}"
798,798,2026-03-30 22:39:20.1306879,11,Info,Microsoft-Windows-Sysmon,Microsoft-Windows-Sysmon/Operational,2448,4460,DC01.corp.local,16,S-1-5-18,FileCreate,CORP\Administrator,,"ProcessID: 696, ProcessGUID: c9182e32-fb97-69ca-7702-000000000900",RuleName: DLL,Image: C:\Windows\system32\cleanmgr.exe,TargetFilename: C:\Users\ADMINI~1\AppData\Local\Temp\83B6239B-B1F0-4E0C-9733-0A751A59CECA\SysprepProvider.dll,,,,False,C:\Users\owunc\Desktop\lab_logs\DC_Sysmon_ws.evtx,Classic,0,"{""EventData"":{""Data"":[{""@Name"":""RuleName"",""#text"":""DLL""},{""@Name"":""UtcTime"",""#text"":""2026-03-30 22:39:20.120""},{""@Name"":""ProcessGuid"",""#text"":""c9182e32-fb97-69ca-7702-000000000900""},{""@Name"":""ProcessId"",""#text"":""696""},{""@Name"":""Image"",""#text"":""C:\\Windows\\system32\\cleanmgr.exe""},{""@Name"":""TargetFilename"",""#text"":""C:\\Users\\ADMINI~1\\AppData\\Local\\Temp\\83B6239B-B1F0-4E0C-9733-0A751A59CECA\\SysprepProvider.dll""},{""@Name"":""CreationUtcTime"",""#text"":""2026-03-30 22:39:20.120""},{""@Name"":""User"",""#text"":""CORP\\Administrator""}]}}"
799,799,2026-03-30 22:39:20.1370812,11,Info,Microsoft-Windows-Sysmon,Microsoft-Windows-Sysmon/Operational,2448,4460,DC01.corp.local,16,S-1-5-18,FileCreate,CORP\Administrator,,"ProcessID: 696, ProcessGUID: c9182e32-fb97-69ca-7702-000000000900",RuleName: DLL,Image: C:\Windows\system32\cleanmgr.exe,TargetFilename: C:\Users\ADMINI~1\AppData\Local\Temp\83B6239B-B1F0-4E0C-9733-0A751A59CECA\TransmogProvider.dll,,,,False,C:\Users\owunc\Desktop\lab_logs\DC_Sysmon_ws.evtx,Classic,0,"{""EventData"":{""Data"":[{""@Name"":""RuleName"",""#text"":""DLL""},{""@Name"":""UtcTime"",""#text"":""2026-03-30 22:39:20.135""},{""@Name"":""ProcessGuid"",""#text"":""c9182e32-fb97-69ca-7702-000000000900""},{""@Name"":""ProcessId"",""#text"":""696""},{""@Name"":""Image"",""#text"":""C:\\Windows\\system32\\cleanmgr.exe""},{""@Name"":""TargetFilename"",""#text"":""C:\\Users\\ADMINI~1\\AppData\\Local\\Temp\\83B6239B-B1F0-4E0C-9733-0A751A59CECA\\TransmogProvider.dll""},{""@Name"":""CreationUtcTime"",""#text"":""2026-03-30 22:39:20.135""},{""@Name"":""User"",""#text"":""CORP\\Administrator""}]}}"
800,800,2026-03-30 22:39:20.1457897,11,Info,Microsoft-Windows-Sysmon,Microsoft-Windows-Sysmon/Operational,2448,4460,DC01.corp.local,16,S-1-5-18,FileCreate,CORP\Administrator,,"ProcessID: 696, ProcessGUID: c9182e32-fb97-69ca-7702-000000000900",RuleName: DLL,Image: C:\Windows\system32\cleanmgr.exe,TargetFilename: C:\Users\ADMINI~1\AppData\Local\Temp\83B6239B-B1F0-4E0C-9733-0A751A59CECA\UnattendProvider.dll,,,,False,C:\Users\owunc\Desktop\lab_logs\DC_Sysmon_ws.evtx,Classic,0,"{""EventData"":{""Data"":[{""@Name"":""RuleName"",""#text"":""DLL""},{""@Name"":""UtcTime"",""#text"":""2026-03-30 22:39:20.135""},{""@Name"":""ProcessGuid"",""#text"":""c9182e32-fb97-69ca-7702-000000000900""},{""@Name"":""ProcessId"",""#text"":""696""},{""@Name"":""Image"",""#text"":""C:\\Windows\\system32\\cleanmgr.exe""},{""@Name"":""TargetFilename"",""#text"":""C:\\Users\\ADMINI~1\\AppData\\Local\\Temp\\83B6239B-B1F0-4E0C-9733-0A751A59CECA\\UnattendProvider.dll""},{""@Name"":""CreationUtcTime"",""#text"":""2026-03-30 22:39:20.135""},{""@Name"":""User"",""#text"":""CORP\\Administrator""}]}}"
801,801,2026-03-30 22:39:20.1495832,11,Info,Microsoft-Windows-Sysmon,Microsoft-Windows-Sysmon/Operational,2448,4460,DC01.corp.local,16,S-1-5-18,FileCreate,CORP\Administrator,,"ProcessID: 696, ProcessGUID: c9182e32-fb97-69ca-7702-000000000900",RuleName: DLL,Image: C:\Windows\system32\cleanmgr.exe,TargetFilename: C:\Users\ADMINI~1\AppData\Local\Temp\83B6239B-B1F0-4E0C-9733-0A751A59CECA\VhdProvider.dll,,,,False,C:\Users\owunc\Desktop\lab_logs\DC_Sysmon_ws.evtx,Classic,0,"{""EventData"":{""Data"":[{""@Name"":""RuleName"",""#text"":""DLL""},{""@Name"":""UtcTime"",""#text"":""2026-03-30 22:39:20.135""},{""@Name"":""ProcessGuid"",""#text"":""c9182e32-fb97-69ca-7702-000000000900""},{""@Name"":""ProcessId"",""#text"":""696""},{""@Name"":""Image"",""#text"":""C:\\Windows\\system32\\cleanmgr.exe""},{""@Name"":""TargetFilename"",""#text"":""C:\\Users\\ADMINI~1\\AppData\\Local\\Temp\\83B6239B-B1F0-4E0C-9733-0A751A59CECA\\VhdProvider.dll""},{""@Name"":""CreationUtcTime"",""#text"":""2026-03-30 22:39:20.135""},{""@Name"":""User"",""#text"":""CORP\\Administrator""}]}}"
802,802,2026-03-30 22:39:20.1537260,11,Info,Microsoft-Windows-Sysmon,Microsoft-Windows-Sysmon/Operational,2448,4460,DC01.corp.local,16,S-1-5-18,FileCreate,CORP\Administrator,,"ProcessID: 696, ProcessGUID: c9182e32-fb97-69ca-7702-000000000900",RuleName: DLL,Image: C:\Windows\system32\cleanmgr.exe,TargetFilename: C:\Users\ADMINI~1\AppData\Local\Temp\83B6239B-B1F0-4E0C-9733-0A751A59CECA\WimProvider.dll,,,,False,C:\Users\owunc\Desktop\lab_logs\DC_Sysmon_ws.evtx,Classic,0,"{""EventData"":{""Data"":[{""@Name"":""RuleName"",""#text"":""DLL""},{""@Name"":""UtcTime"",""#text"":""2026-03-30 22:39:20.151""},{""@Name"":""ProcessGuid"",""#text"":""c9182e32-fb97-69ca-7702-000000000900""},{""@Name"":""ProcessId"",""#text"":""696""},{""@Name"":""Image"",""#text"":""C:\\Windows\\system32\\cleanmgr.exe""},{""@Name"":""TargetFilename"",""#text"":""C:\\Users\\ADMINI~1\\AppData\\Local\\Temp\\83B6239B-B1F0-4E0C-9733-0A751A59CECA\\WimProvider.dll""},{""@Name"":""CreationUtcTime"",""#text"":""2026-03-30 22:39:20.151""},{""@Name"":""User"",""#text"":""CORP\\Administrator""}]}}"
803,803,2026-03-30 22:39:20.1740070,1,Info,Microsoft-Windows-Sysmon,Microsoft-Windows-Sysmon/Operational,2448,4460,DC01.corp.local,16,S-1-5-18,Process creation,CORP\Administrator,,"ProcessID: 4596, ProcessGUID: c9182e32-fb98-69ca-7c02-000000000900",RuleName: -,"MD5=900DC26C2849E971A363BCED96C2A66C,SHA256=AED9C922FD6BF7A21FDD96DFE6C16280C267A5309950FD92F2B6DF6A743AF8CD,IMPHASH=E939121D6F81EEC12C1BF45DDAD22AA1",ParentProcess: C:\Windows\System32\cleanmgr.exe,"ParentProcessID: 696, ParentProcessGUID: c9182e32-fb97-69ca-7702-000000000900",ParentCommandLine: C:\Windows\system32\cleanmgr.exe /autocleanstoragesense /d C:,C:\Users\ADMINI~1\AppData\Local\Temp\83B6239B-B1F0-4E0C-9733-0A751A59CECA\dismhost.exe {B5CA36FC-24F6-47BA-ABEF-4DAEA952FA5D},False,C:\Users\owunc\Desktop\lab_logs\DC_Sysmon_ws.evtx,Classic,0,"{""EventData"":{""Data"":[{""@Name"":""RuleName"",""#text"":""-""},{""@Name"":""UtcTime"",""#text"":""2026-03-30 22:39:20.171""},{""@Name"":""ProcessGuid"",""#text"":""c9182e32-fb98-69ca-7c02-000000000900""},{""@Name"":""ProcessId"",""#text"":""4596""},{""@Name"":""Image"",""#text"":""C:\\Users\\ADMINI~1\\AppData\\Local\\Temp\\83B6239B-B1F0-4E0C-9733-0A751A59CECA\\DismHost.exe""},{""@Name"":""FileVersion"",""#text"":""10.0.20348.1 (WinBuild.160101.0800)""},{""@Name"":""Description"",""#text"":""Dism Host Servicing Process""},{""@Name"":""Product"",""#text"":""Microsoft® Windows® Operating System""},{""@Name"":""Company"",""#text"":""Microsoft Corporation""},{""@Name"":""OriginalFileName"",""#text"":""DismHost.exe""},{""@Name"":""CommandLine"",""#text"":""C:\\Users\\ADMINI~1\\AppData\\Local\\Temp\\83B6239B-B1F0-4E0C-9733-0A751A59CECA\\dismhost.exe {B5CA36FC-24F6-47BA-ABEF-4DAEA952FA5D}""},{""@Name"":""CurrentDirectory"",""#text"":""C:\\Windows\\system32\\""},{""@Name"":""User"",""#text"":""CORP\\Administrator""},{""@Name"":""LogonGuid"",""#text"":""c9182e32-e839-69ca-bb8f-310000000000""},{""@Name"":""LogonId"",""#text"":""0x318FBB""},{""@Name"":""TerminalSessionId"",""#text"":""1""},{""@Name"":""IntegrityLevel"",""#text"":""High""},{""@Name"":""Hashes"",""#text"":""MD5=900DC26C2849E971A363BCED96C2A66C,SHA256=AED9C922FD6BF7A21FDD96DFE6C16280C267A5309950FD92F2B6DF6A743AF8CD,IMPHASH=E939121D6F81EEC12C1BF45DDAD22AA1""},{""@Name"":""ParentProcessGuid"",""#text"":""c9182e32-fb97-69ca-7702-000000000900""},{""@Name"":""ParentProcessId"",""#text"":""696""},{""@Name"":""ParentImage"",""#text"":""C:\\Windows\\System32\\cleanmgr.exe""},{""@Name"":""ParentCommandLine"",""#text"":""C:\\Windows\\system32\\cleanmgr.exe /autocleanstoragesense /d C:""},{""@Name"":""ParentUser"",""#text"":""CORP\\Administrator""}]}}"
804,804,2026-03-30 22:39:20.5483861,1,Info,Microsoft-Windows-Sysmon,Microsoft-Windows-Sysmon/Operational,2448,4460,DC01.corp.local,16,S-1-5-18,Process creation,NT AUTHORITY\SYSTEM,,"ProcessID: 2496, ProcessGUID: c9182e32-fb98-69ca-7e02-000000000900",RuleName: -,"MD5=464D0D44C67DD965EE607CFCD99A48AB,SHA256=B864B5AF5F77F4A5D0FE8E22B240C34691D49815BC7FE3B7FAC7E1C959CBE528,IMPHASH=6CDFF17098638A6205128AAF982E8871",ParentProcess: C:\Windows\System32\services.exe,"ParentProcessID: 716, ParentProcessGUID: c9182e32-c31a-69ca-0b00-000000000900",ParentCommandLine: C:\Windows\system32\services.exe,C:\Windows\servicing\TrustedInstaller.exe,False,C:\Users\owunc\Desktop\lab_logs\DC_Sysmon_ws.evtx,Classic,0,"{""EventData"":{""Data"":[{""@Name"":""RuleName"",""#text"":""-""},{""@Name"":""UtcTime"",""#text"":""2026-03-30 22:39:20.543""},{""@Name"":""ProcessGuid"",""#text"":""c9182e32-fb98-69ca-7e02-000000000900""},{""@Name"":""ProcessId"",""#text"":""2496""},{""@Name"":""Image"",""#text"":""C:\\Windows\\servicing\\TrustedInstaller.exe""},{""@Name"":""FileVersion"",""#text"":""10.0.20348.502 (WinBuild.160101.0800)""},{""@Name"":""Description"",""#text"":""Windows Modules Installer""},{""@Name"":""Product"",""#text"":""Microsoft® Windows® Operating System""},{""@Name"":""Company"",""#text"":""Microsoft Corporation""},{""@Name"":""OriginalFileName"",""#text"":""TrustedInstaller.exe""},{""@Name"":""CommandLine"",""#text"":""C:\\Windows\\servicing\\TrustedInstaller.exe""},{""@Name"":""CurrentDirectory"",""#text"":""C:\\Windows\\system32\\""},{""@Name"":""User"",""#text"":""NT AUTHORITY\\SYSTEM""},{""@Name"":""LogonGuid"",""#text"":""c9182e32-c31a-69ca-e703-000000000000""},{""@Name"":""LogonId"",""#text"":""0x3E7""},{""@Name"":""TerminalSessionId"",""#text"":""0""},{""@Name"":""IntegrityLevel"",""#text"":""System""},{""@Name"":""Hashes"",""#text"":""MD5=464D0D44C67DD965EE607CFCD99A48AB,SHA256=B864B5AF5F77F4A5D0FE8E22B240C34691D49815BC7FE3B7FAC7E1C959CBE528,IMPHASH=6CDFF17098638A6205128AAF982E8871""},{""@Name"":""ParentProcessGuid"",""#text"":""c9182e32-c31a-69ca-0b00-000000000900""},{""@Name"":""ParentProcessId"",""#text"":""716""},{""@Name"":""ParentImage"",""#text"":""C:\\Windows\\System32\\services.exe""},{""@Name"":""ParentCommandLine"",""#text"":""C:\\Windows\\system32\\services.exe""},{""@Name"":""ParentUser"",""#text"":""NT AUTHORITY\\SYSTEM""}]}}"
805,805,2026-03-30 22:39:20.7607480,1,Info,Microsoft-Windows-Sysmon,Microsoft-Windows-Sysmon/Operational,2448,4460,DC01.corp.local,16,S-1-5-18,Process creation,NT AUTHORITY\SYSTEM,,"ProcessID: 5356, ProcessGUID: c9182e32-fb98-69ca-7f02-000000000900",RuleName: -,"MD5=0B6F22DA11CC77C46AA67EE6B6C3EAD0,SHA256=E4C3EB66ECB2E946924031191D761A59DEBE940BE7F019FED78C8B558D67EE47,IMPHASH=D841FC50F72911FF192FAF83F874E4DF",ParentProcess: C:\Windows\System32\svchost.exe,"ParentProcessID: 948, ParentProcessGUID: c9182e32-c31b-69ca-0d00-000000000900",ParentCommandLine: C:\Windows\system32\svchost.exe -k DcomLaunch -p,C:\Windows\winsxs\amd64_microsoft-windows-servicingstack_31bf3856ad364e35_10.0.20348.557_none_f1edaeb8515fa10d\TiWorker.exe -Embedding,False,C:\Users\owunc\Desktop\lab_logs\DC_Sysmon_ws.evtx,Classic,0,"{""EventData"":{""Data"":[{""@Name"":""RuleName"",""#text"":""-""},{""@Name"":""UtcTime"",""#text"":""2026-03-30 22:39:20.756""},{""@Name"":""ProcessGuid"",""#text"":""c9182e32-fb98-69ca-7f02-000000000900""},{""@Name"":""ProcessId"",""#text"":""5356""},{""@Name"":""Image"",""#text"":""C:\\Windows\\WinSxS\\amd64_microsoft-windows-servicingstack_31bf3856ad364e35_10.0.20348.557_none_f1edaeb8515fa10d\\TiWorker.exe""},{""@Name"":""FileVersion"",""#text"":""10.0.20348.557 (WinBuild.160101.0800)""},{""@Name"":""Description"",""#text"":""Windows Modules Installer Worker""},{""@Name"":""Product"",""#text"":""Microsoft® Windows® Operating System""},{""@Name"":""Company"",""#text"":""Microsoft Corporation""},{""@Name"":""OriginalFileName"",""#text"":""TiWorker.exe""},{""@Name"":""CommandLine"",""#text"":""C:\\Windows\\winsxs\\amd64_microsoft-windows-servicingstack_31bf3856ad364e35_10.0.20348.557_none_f1edaeb8515fa10d\\TiWorker.exe -Embedding""},{""@Name"":""CurrentDirectory"",""#text"":""C:\\Windows\\system32\\""},{""@Name"":""User"",""#text"":""NT AUTHORITY\\SYSTEM""},{""@Name"":""LogonGuid"",""#text"":""c9182e32-c31a-69ca-e703-000000000000""},{""@Name"":""LogonId"",""#text"":""0x3E7""},{""@Name"":""TerminalSessionId"",""#text"":""0""},{""@Name"":""IntegrityLevel"",""#text"":""System""},{""@Name"":""Hashes"",""#text"":""MD5=0B6F22DA11CC77C46AA67EE6B6C3EAD0,SHA256=E4C3EB66ECB2E946924031191D761A59DEBE940BE7F019FED78C8B558D67EE47,IMPHASH=D841FC50F72911FF192FAF83F874E4DF""},{""@Name"":""ParentProcessGuid"",""#text"":""c9182e32-c31b-69ca-0d00-000000000900""},{""@Name"":""ParentProcessId"",""#text"":""948""},{""@Name"":""ParentImage"",""#text"":""C:\\Windows\\System32\\svchost.exe""},{""@Name"":""ParentCommandLine"",""#text"":""C:\\Windows\\system32\\svchost.exe -k DcomLaunch -p""},{""@Name"":""ParentUser"",""#text"":""NT AUTHORITY\\SYSTEM""}]}}"
806,806,2026-03-30 22:39:26.2510582,5,Info,Microsoft-Windows-Sysmon,Microsoft-Windows-Sysmon/Operational,2448,4460,DC01.corp.local,16,S-1-5-18,Process terminated,CORP\Administrator,,"ProcessID: 4596, ProcessGUID: c9182e32-fb98-69ca-7c02-000000000900",,,,,,C:\Users\ADMINI~1\AppData\Local\Temp\83B6239B-B1F0-4E0C-9733-0A751A59CECA\DismHost.exe,False,C:\Users\owunc\Desktop\lab_logs\DC_Sysmon_ws.evtx,Classic,0,"{""EventData"":{""Data"":[{""@Name"":""RuleName"",""#text"":""-""},{""@Name"":""UtcTime"",""#text"":""2026-03-30 22:39:26.245""},{""@Name"":""ProcessGuid"",""#text"":""c9182e32-fb98-69ca-7c02-000000000900""},{""@Name"":""ProcessId"",""#text"":""4596""},{""@Name"":""Image"",""#text"":""C:\\Users\\ADMINI~1\\AppData\\Local\\Temp\\83B6239B-B1F0-4E0C-9733-0A751A59CECA\\DismHost.exe""},{""@Name"":""User"",""#text"":""CORP\\Administrator""}]}}"
807,807,2026-03-30 22:39:26.2543451,2,Info,Microsoft-Windows-Sysmon,Microsoft-Windows-Sysmon/Operational,2448,4460,DC01.corp.local,16,S-1-5-18,A process changed a file creation time,CORP\Administrator,,"ProcessID: 696, ProcessGUID: c9182e32-fb97-69ca-7702-000000000900",RuleName: T1099,Image: C:\Windows\system32\cleanmgr.exe,TargetFilename: C:\Users\Administrator\AppData\Local\Temp\83B6239B-B1F0-4E0C-9733-0A751A59CECA\DismHost.exe,CreationTimeUTC: 2026-03-30 22:39:20.042,PreviousCreationTimeUTC: 2026-03-30 22:39:20.042,,False,C:\Users\owunc\Desktop\lab_logs\DC_Sysmon_ws.evtx,Classic,0,"{""EventData"":{""Data"":[{""@Name"":""RuleName"",""#text"":""T1099""},{""@Name"":""UtcTime"",""#text"":""2026-03-30 22:39:26.245""},{""@Name"":""ProcessGuid"",""#text"":""c9182e32-fb97-69ca-7702-000000000900""},{""@Name"":""ProcessId"",""#text"":""696""},{""@Name"":""Image"",""#text"":""C:\\Windows\\system32\\cleanmgr.exe""},{""@Name"":""TargetFilename"",""#text"":""C:\\Users\\Administrator\\AppData\\Local\\Temp\\83B6239B-B1F0-4E0C-9733-0A751A59CECA\\DismHost.exe""},{""@Name"":""CreationUtcTime"",""#text"":""2026-03-30 22:39:20.042""},{""@Name"":""PreviousCreationUtcTime"",""#text"":""2026-03-30 22:39:20.042""},{""@Name"":""User"",""#text"":""CORP\\Administrator""}]}}"
808,808,2026-03-30 22:40:32.0159340,1,Info,Microsoft-Windows-Sysmon,Microsoft-Windows-Sysmon/Operational,2448,4460,DC01.corp.local,16,S-1-5-18,Process creation,NT AUTHORITY\SYSTEM,,"ProcessID: 2680, ProcessGUID: c9182e32-fbe0-69ca-8002-000000000900",RuleName: -,"MD5=DC32ABA4669EAFB22FCACD5EC836A107,SHA256=31780FF2AAF7BC71F755BA0E4FEF1D61B060D1D2741EAFB33CBAB44D889595A0,IMPHASH=D8C4E4978657CEA220B495778C972E64",ParentProcess: C:\Windows\System32\services.exe,"ParentProcessID: 716, ParentProcessGUID: c9182e32-c31a-69ca-0b00-000000000900",ParentCommandLine: C:\Windows\system32\services.exe,C:\Windows\System32\svchost.exe -k netsvcs -p -s NetSetupSvc,False,C:\Users\owunc\Desktop\lab_logs\DC_Sysmon_ws.evtx,Classic,0,"{""EventData"":{""Data"":[{""@Name"":""RuleName"",""#text"":""-""},{""@Name"":""UtcTime"",""#text"":""2026-03-30 22:40:32.013""},{""@Name"":""ProcessGuid"",""#text"":""c9182e32-fbe0-69ca-8002-000000000900""},{""@Name"":""ProcessId"",""#text"":""2680""},{""@Name"":""Image"",""#text"":""C:\\Windows\\System32\\svchost.exe""},{""@Name"":""FileVersion"",""#text"":""10.0.20348.558 (WinBuild.160101.0800)""},{""@Name"":""Description"",""#text"":""Host Process for Windows Services""},{""@Name"":""Product"",""#text"":""Microsoft® Windows® Operating System""},{""@Name"":""Company"",""#text"":""Microsoft Corporation""},{""@Name"":""OriginalFileName"",""#text"":""svchost.exe""},{""@Name"":""CommandLine"",""#text"":""C:\\Windows\\System32\\svchost.exe -k netsvcs -p -s NetSetupSvc""},{""@Name"":""CurrentDirectory"",""#text"":""C:\\Windows\\system32\\""},{""@Name"":""User"",""#text"":""NT AUTHORITY\\SYSTEM""},{""@Name"":""LogonGuid"",""#text"":""c9182e32-c31a-69ca-e703-000000000000""},{""@Name"":""LogonId"",""#text"":""0x3E7""},{""@Name"":""TerminalSessionId"",""#text"":""0""},{""@Name"":""IntegrityLevel"",""#text"":""System""},{""@Name"":""Hashes"",""#text"":""MD5=DC32ABA4669EAFB22FCACD5EC836A107,SHA256=31780FF2AAF7BC71F755BA0E4FEF1D61B060D1D2741EAFB33CBAB44D889595A0,IMPHASH=D8C4E4978657CEA220B495778C972E64""},{""@Name"":""ParentProcessGuid"",""#text"":""c9182e32-c31a-69ca-0b00-000000000900""},{""@Name"":""ParentProcessId"",""#text"":""716""},{""@Name"":""ParentImage"",""#text"":""C:\\Windows\\System32\\services.exe""},{""@Name"":""ParentCommandLine"",""#text"":""C:\\Windows\\system32\\services.exe""},{""@Name"":""ParentUser"",""#text"":""NT AUTHORITY\\SYSTEM""}]}}"
809,809,2026-03-30 22:41:40.7880733,1,Info,Microsoft-Windows-Sysmon,Microsoft-Windows-Sysmon/Operational,2448,4460,DC01.corp.local,16,S-1-5-18,Process creation,NT AUTHORITY\SYSTEM,,"ProcessID: 5320, ProcessGUID: c9182e32-fc24-69ca-8102-000000000900",RuleName: -,"MD5=D0D705D36C376625814E1E3E8AC43CF1,SHA256=DDD9E58EACED1B35BC7748A4E48C6F4688209D25381163F5B11B822B6FA2DC61,IMPHASH=677FD64887849F73CAE5F62CDB7A8B26",ParentProcess: C:\Windows\System32\services.exe,"ParentProcessID: 716, ParentProcessGUID: c9182e32-c31a-69ca-0b00-000000000900",ParentCommandLine: C:\Windows\system32\services.exe,"""C:\Program Files (x86)\ossec-agent\wazuh-agent.exe""",False,C:\Users\owunc\Desktop\lab_logs\DC_Sysmon_ws.evtx,Classic,0,"{""EventData"":{""Data"":[{""@Name"":""RuleName"",""#text"":""-""},{""@Name"":""UtcTime"",""#text"":""2026-03-30 22:41:40.786""},{""@Name"":""ProcessGuid"",""#text"":""c9182e32-fc24-69ca-8102-000000000900""},{""@Name"":""ProcessId"",""#text"":""5320""},{""@Name"":""Image"",""#text"":""C:\\Program Files (x86)\\ossec-agent\\wazuh-agent.exe""},{""@Name"":""FileVersion"",""#text"":""v4.14.4""},{""@Name"":""Description"",""#text"":""Wazuh Agent""},{""@Name"":""Product"",""#text"":""Wazuh Windows Agent""},{""@Name"":""Company"",""#text"":""Wazuh Inc.""},{""@Name"":""OriginalFileName"",""#text"":""-""},{""@Name"":""CommandLine"",""#text"":""\""C:\\Program Files (x86)\\ossec-agent\\wazuh-agent.exe\""""},{""@Name"":""CurrentDirectory"",""#text"":""C:\\Windows\\system32\\""},{""@Name"":""User"",""#text"":""NT AUTHORITY\\SYSTEM""},{""@Name"":""LogonGuid"",""#text"":""c9182e32-c31a-69ca-e703-000000000000""},{""@Name"":""LogonId"",""#text"":""0x3E7""},{""@Name"":""TerminalSessionId"",""#text"":""0""},{""@Name"":""IntegrityLevel"",""#text"":""System""},{""@Name"":""Hashes"",""#text"":""MD5=D0D705D36C376625814E1E3E8AC43CF1,SHA256=DDD9E58EACED1B35BC7748A4E48C6F4688209D25381163F5B11B822B6FA2DC61,IMPHASH=677FD64887849F73CAE5F62CDB7A8B26""},{""@Name"":""ParentProcessGuid"",""#text"":""c9182e32-c31a-69ca-0b00-000000000900""},{""@Name"":""ParentProcessId"",""#text"":""716""},{""@Name"":""ParentImage"",""#text"":""C:\\Windows\\System32\\services.exe""},{""@Name"":""ParentCommandLine"",""#text"":""C:\\Windows\\system32\\services.exe""},{""@Name"":""ParentUser"",""#text"":""NT AUTHORITY\\SYSTEM""}]}}"
810,810,2026-03-30 22:41:41.1273801,1,Info,Microsoft-Windows-Sysmon,Microsoft-Windows-Sysmon/Operational,2448,4460,DC01.corp.local,16,S-1-5-18,Process creation,NT AUTHORITY\SYSTEM,,"ProcessID: 3416, ProcessGUID: c9182e32-fc25-69ca-8202-000000000900",RuleName: -,"MD5=EB5ACAC8A6DF89EB6BA751F468490734,SHA256=6633D15A90D38137ABF5E08BC5C14CF35128ECA168E875D9569295ECC88A4DBB,IMPHASH=C1E3C5E2580A8F5AD5F3DF2BCAEA7CAB",ParentProcess: C:\Program Files (x86)\ossec-agent\wazuh-agent.exe,"ParentProcessID: 5320, ParentProcessGUID: c9182e32-fc24-69ca-8102-000000000900","ParentCommandLine: ""C:\Program Files (x86)\ossec-agent\wazuh-agent.exe""","powershell secedit /export /cfg $env:TEMP\secpol.cfg; Get-Content $env:TEMP\secpol.cfg | Select-String ""PasswordHistorySize""; Remove-Item $env:TEMP\secpol.cfg",False,C:\Users\owunc\Desktop\lab_logs\DC_Sysmon_ws.evtx,Classic,0,"{""EventData"":{""Data"":[{""@Name"":""RuleName"",""#text"":""-""},{""@Name"":""UtcTime"",""#text"":""2026-03-30 22:41:41.119""},{""@Name"":""ProcessGuid"",""#text"":""c9182e32-fc25-69ca-8202-000000000900""},{""@Name"":""ProcessId"",""#text"":""3416""},{""@Name"":""Image"",""#text"":""C:\\Windows\\SysWOW64\\WindowsPowerShell\\v1.0\\powershell.exe""},{""@Name"":""FileVersion"",""#text"":""10.0.20348.1 (WinBuild.160101.0800)""},{""@Name"":""Description"",""#text"":""Windows PowerShell""},{""@Name"":""Product"",""#text"":""Microsoft® Windows® Operating System""},{""@Name"":""Company"",""#text"":""Microsoft Corporation""},{""@Name"":""OriginalFileName"",""#text"":""PowerShell.EXE""},{""@Name"":""CommandLine"",""#text"":""powershell secedit /export /cfg $env:TEMP\\secpol.cfg; Get-Content $env:TEMP\\secpol.cfg | Select-String \""PasswordHistorySize\""; Remove-Item $env:TEMP\\secpol.cfg""},{""@Name"":""CurrentDirectory"",""#text"":""C:\\Program Files (x86)\\ossec-agent\\""},{""@Name"":""User"",""#text"":""NT AUTHORITY\\SYSTEM""},{""@Name"":""LogonGuid"",""#text"":""c9182e32-c31a-69ca-e703-000000000000""},{""@Name"":""LogonId"",""#text"":""0x3E7""},{""@Name"":""TerminalSessionId"",""#text"":""0""},{""@Name"":""IntegrityLevel"",""#text"":""System""},{""@Name"":""Hashes"",""#text"":""MD5=EB5ACAC8A6DF89EB6BA751F468490734,SHA256=6633D15A90D38137ABF5E08BC5C14CF35128ECA168E875D9569295ECC88A4DBB,IMPHASH=C1E3C5E2580A8F5AD5F3DF2BCAEA7CAB""},{""@Name"":""ParentProcessGuid"",""#text"":""c9182e32-fc24-69ca-8102-000000000900""},{""@Name"":""ParentProcessId"",""#text"":""5320""},{""@Name"":""ParentImage"",""#text"":""C:\\Program Files (x86)\\ossec-agent\\wazuh-agent.exe""},{""@Name"":""ParentCommandLine"",""#text"":""\""C:\\Program Files (x86)\\ossec-agent\\wazuh-agent.exe\""""},{""@Name"":""ParentUser"",""#text"":""NT AUTHORITY\\SYSTEM""}]}}"
811,811,2026-03-30 22:41:41.1860355,1,Info,Microsoft-Windows-Sysmon,Microsoft-Windows-Sysmon/Operational,2448,4460,DC01.corp.local,16,S-1-5-18,Process creation,NT AUTHORITY\SYSTEM,,"ProcessID: 1544, ProcessGUID: c9182e32-fc25-69ca-8402-000000000900",RuleName: -,"MD5=464D0D44C67DD965EE607CFCD99A48AB,SHA256=B864B5AF5F77F4A5D0FE8E22B240C34691D49815BC7FE3B7FAC7E1C959CBE528,IMPHASH=6CDFF17098638A6205128AAF982E8871",ParentProcess: C:\Windows\System32\services.exe,"ParentProcessID: 716, ParentProcessGUID: c9182e32-c31a-69ca-0b00-000000000900",ParentCommandLine: C:\Windows\system32\services.exe,C:\Windows\servicing\TrustedInstaller.exe,False,C:\Users\owunc\Desktop\lab_logs\DC_Sysmon_ws.evtx,Classic,0,"{""EventData"":{""Data"":[{""@Name"":""RuleName"",""#text"":""-""},{""@Name"":""UtcTime"",""#text"":""2026-03-30 22:41:41.182""},{""@Name"":""ProcessGuid"",""#text"":""c9182e32-fc25-69ca-8402-000000000900""},{""@Name"":""ProcessId"",""#text"":""1544""},{""@Name"":""Image"",""#text"":""C:\\Windows\\servicing\\TrustedInstaller.exe""},{""@Name"":""FileVersion"",""#text"":""10.0.20348.502 (WinBuild.160101.0800)""},{""@Name"":""Description"",""#text"":""Windows Modules Installer""},{""@Name"":""Product"",""#text"":""Microsoft® Windows® Operating System""},{""@Name"":""Company"",""#text"":""Microsoft Corporation""},{""@Name"":""OriginalFileName"",""#text"":""TrustedInstaller.exe""},{""@Name"":""CommandLine"",""#text"":""C:\\Windows\\servicing\\TrustedInstaller.exe""},{""@Name"":""CurrentDirectory"",""#text"":""C:\\Windows\\system32\\""},{""@Name"":""User"",""#text"":""NT AUTHORITY\\SYSTEM""},{""@Name"":""LogonGuid"",""#text"":""c9182e32-c31a-69ca-e703-000000000000""},{""@Name"":""LogonId"",""#text"":""0x3E7""},{""@Name"":""TerminalSessionId"",""#text"":""0""},{""@Name"":""IntegrityLevel"",""#text"":""System""},{""@Name"":""Hashes"",""#text"":""MD5=464D0D44C67DD965EE607CFCD99A48AB,SHA256=B864B5AF5F77F4A5D0FE8E22B240C34691D49815BC7FE3B7FAC7E1C959CBE528,IMPHASH=6CDFF17098638A6205128AAF982E8871""},{""@Name"":""ParentProcessGuid"",""#text"":""c9182e32-c31a-69ca-0b00-000000000900""},{""@Name"":""ParentProcessId"",""#text"":""716""},{""@Name"":""ParentImage"",""#text"":""C:\\Windows\\System32\\services.exe""},{""@Name"":""ParentCommandLine"",""#text"":""C:\\Windows\\system32\\services.exe""},{""@Name"":""ParentUser"",""#text"":""NT AUTHORITY\\SYSTEM""}]}}"
812,812,2026-03-30 22:41:41.1960102,11,Info,Microsoft-Windows-Sysmon,Microsoft-Windows-Sysmon/Operational,2448,4460,DC01.corp.local,16,S-1-5-18,FileCreate,NT AUTHORITY\SYSTEM,,"ProcessID: 3416, ProcessGUID: c9182e32-fc25-69ca-8202-000000000900",RuleName: -,Image: C:\Windows\SysWOW64\WindowsPowerShell\v1.0\powershell.exe,TargetFilename: C:\Windows\Temp\__PSScriptPolicyTest_wdntziz5.wkw.ps1,,,,False,C:\Users\owunc\Desktop\lab_logs\DC_Sysmon_ws.evtx,Classic,0,"{""EventData"":{""Data"":[{""@Name"":""RuleName"",""#text"":""-""},{""@Name"":""UtcTime"",""#text"":""2026-03-30 22:41:41.182""},{""@Name"":""ProcessGuid"",""#text"":""c9182e32-fc25-69ca-8202-000000000900""},{""@Name"":""ProcessId"",""#text"":""3416""},{""@Name"":""Image"",""#text"":""C:\\Windows\\SysWOW64\\WindowsPowerShell\\v1.0\\powershell.exe""},{""@Name"":""TargetFilename"",""#text"":""C:\\Windows\\Temp\\__PSScriptPolicyTest_wdntziz5.wkw.ps1""},{""@Name"":""CreationUtcTime"",""#text"":""2026-03-30 22:41:41.182""},{""@Name"":""User"",""#text"":""NT AUTHORITY\\SYSTEM""}]}}"
813,813,2026-03-30 22:41:41.2005873,1,Info,Microsoft-Windows-Sysmon,Microsoft-Windows-Sysmon/Operational,2448,4460,DC01.corp.local,16,S-1-5-18,Process creation,NT AUTHORITY\SYSTEM,,"ProcessID: 4636, ProcessGUID: c9182e32-fc25-69ca-8502-000000000900",RuleName: -,"MD5=0B6F22DA11CC77C46AA67EE6B6C3EAD0,SHA256=E4C3EB66ECB2E946924031191D761A59DEBE940BE7F019FED78C8B558D67EE47,IMPHASH=D841FC50F72911FF192FAF83F874E4DF",ParentProcess: C:\Windows\System32\svchost.exe,"ParentProcessID: 948, ParentProcessGUID: c9182e32-c31b-69ca-0d00-000000000900",ParentCommandLine: C:\Windows\system32\svchost.exe -k DcomLaunch -p,C:\Windows\winsxs\amd64_microsoft-windows-servicingstack_31bf3856ad364e35_10.0.20348.557_none_f1edaeb8515fa10d\TiWorker.exe -Embedding,False,C:\Users\owunc\Desktop\lab_logs\DC_Sysmon_ws.evtx,Classic,0,"{""EventData"":{""Data"":[{""@Name"":""RuleName"",""#text"":""-""},{""@Name"":""UtcTime"",""#text"":""2026-03-30 22:41:41.197""},{""@Name"":""ProcessGuid"",""#text"":""c9182e32-fc25-69ca-8502-000000000900""},{""@Name"":""ProcessId"",""#text"":""4636""},{""@Name"":""Image"",""#text"":""C:\\Windows\\WinSxS\\amd64_microsoft-windows-servicingstack_31bf3856ad364e35_10.0.20348.557_none_f1edaeb8515fa10d\\TiWorker.exe""},{""@Name"":""FileVersion"",""#text"":""10.0.20348.557 (WinBuild.160101.0800)""},{""@Name"":""Description"",""#text"":""Windows Modules Installer Worker""},{""@Name"":""Product"",""#text"":""Microsoft® Windows® Operating System""},{""@Name"":""Company"",""#text"":""Microsoft Corporation""},{""@Name"":""OriginalFileName"",""#text"":""TiWorker.exe""},{""@Name"":""CommandLine"",""#text"":""C:\\Windows\\winsxs\\amd64_microsoft-windows-servicingstack_31bf3856ad364e35_10.0.20348.557_none_f1edaeb8515fa10d\\TiWorker.exe -Embedding""},{""@Name"":""CurrentDirectory"",""#text"":""C:\\Windows\\system32\\""},{""@Name"":""User"",""#text"":""NT AUTHORITY\\SYSTEM""},{""@Name"":""LogonGuid"",""#text"":""c9182e32-c31a-69ca-e703-000000000000""},{""@Name"":""LogonId"",""#text"":""0x3E7""},{""@Name"":""TerminalSessionId"",""#text"":""0""},{""@Name"":""IntegrityLevel"",""#text"":""System""},{""@Name"":""Hashes"",""#text"":""MD5=0B6F22DA11CC77C46AA67EE6B6C3EAD0,SHA256=E4C3EB66ECB2E946924031191D761A59DEBE940BE7F019FED78C8B558D67EE47,IMPHASH=D841FC50F72911FF192FAF83F874E4DF""},{""@Name"":""ParentProcessGuid"",""#text"":""c9182e32-c31b-69ca-0d00-000000000900""},{""@Name"":""ParentProcessId"",""#text"":""948""},{""@Name"":""ParentImage"",""#text"":""C:\\Windows\\System32\\svchost.exe""},{""@Name"":""ParentCommandLine"",""#text"":""C:\\Windows\\system32\\svchost.exe -k DcomLaunch -p""},{""@Name"":""ParentUser"",""#text"":""NT AUTHORITY\\SYSTEM""}]}}"
814,814,2026-03-30 22:41:41.2859338,1,Info,Microsoft-Windows-Sysmon,Microsoft-Windows-Sysmon/Operational,2448,4460,DC01.corp.local,16,S-1-5-18,Process creation,NT AUTHORITY\SYSTEM,,"ProcessID: 2076, ProcessGUID: c9182e32-fc25-69ca-8602-000000000900",RuleName: -,"MD5=A550295A3AB5A8326F6C697AED19E00E,SHA256=E4645CB6092A470D4A60D04D15E760B9959FF25281E208C737C376F379CBF2CD,IMPHASH=615449A6A25801F47AE0D7578EB950B4",ParentProcess: C:\Windows\SysWOW64\WindowsPowerShell\v1.0\powershell.exe,"ParentProcessID: 3416, ParentProcessGUID: c9182e32-fc25-69ca-8202-000000000900","ParentCommandLine: powershell secedit /export /cfg $env:TEMP\secpol.cfg; Get-Content $env:TEMP\secpol.cfg | Select-String ""PasswordHistorySize""; Remove-Item $env:TEMP\secpol.cfg","""C:\Windows\system32\SecEdit.exe"" /export /cfg C:\Windows\TEMP\secpol.cfg",False,C:\Users\owunc\Desktop\lab_logs\DC_Sysmon_ws.evtx,Classic,0,"{""EventData"":{""Data"":[{""@Name"":""RuleName"",""#text"":""-""},{""@Name"":""UtcTime"",""#text"":""2026-03-30 22:41:41.284""},{""@Name"":""ProcessGuid"",""#text"":""c9182e32-fc25-69ca-8602-000000000900""},{""@Name"":""ProcessId"",""#text"":""2076""},{""@Name"":""Image"",""#text"":""C:\\Windows\\SysWOW64\\SecEdit.exe""},{""@Name"":""FileVersion"",""#text"":""10.0.20348.1 (WinBuild.160101.0800)""},{""@Name"":""Description"",""#text"":""Windows Security Configuration Editor Command Tool""},{""@Name"":""Product"",""#text"":""Microsoft® Windows® Operating System""},{""@Name"":""Company"",""#text"":""Microsoft Corporation""},{""@Name"":""OriginalFileName"",""#text"":""SeCEdit""},{""@Name"":""CommandLine"",""#text"":""\""C:\\Windows\\system32\\SecEdit.exe\"" /export /cfg C:\\Windows\\TEMP\\secpol.cfg""},{""@Name"":""CurrentDirectory"",""#text"":""C:\\Program Files (x86)\\ossec-agent\\""},{""@Name"":""User"",""#text"":""NT AUTHORITY\\SYSTEM""},{""@Name"":""LogonGuid"",""#text"":""c9182e32-c31a-69ca-e703-000000000000""},{""@Name"":""LogonId"",""#text"":""0x3E7""},{""@Name"":""TerminalSessionId"",""#text"":""0""},{""@Name"":""IntegrityLevel"",""#text"":""System""},{""@Name"":""Hashes"",""#text"":""MD5=A550295A3AB5A8326F6C697AED19E00E,SHA256=E4645CB6092A470D4A60D04D15E760B9959FF25281E208C737C376F379CBF2CD,IMPHASH=615449A6A25801F47AE0D7578EB950B4""},{""@Name"":""ParentProcessGuid"",""#text"":""c9182e32-fc25-69ca-8202-000000000900""},{""@Name"":""ParentProcessId"",""#text"":""3416""},{""@Name"":""ParentImage"",""#text"":""C:\\Windows\\SysWOW64\\WindowsPowerShell\\v1.0\\powershell.exe""},{""@Name"":""ParentCommandLine"",""#text"":""powershell secedit /export /cfg $env:TEMP\\secpol.cfg; Get-Content $env:TEMP\\secpol.cfg | Select-String \""PasswordHistorySize\""; Remove-Item $env:TEMP\\secpol.cfg""},{""@Name"":""ParentUser"",""#text"":""NT AUTHORITY\\SYSTEM""}]}}"
815,815,2026-03-30 22:41:41.6428887,1,Info,Microsoft-Windows-Sysmon,Microsoft-Windows-Sysmon/Operational,2448,4460,DC01.corp.local,16,S-1-5-18,Process creation,NT AUTHORITY\SYSTEM,,"ProcessID: 7164, ProcessGUID: c9182e32-fc25-69ca-8702-000000000900",RuleName: -,"MD5=EB5ACAC8A6DF89EB6BA751F468490734,SHA256=6633D15A90D38137ABF5E08BC5C14CF35128ECA168E875D9569295ECC88A4DBB,IMPHASH=C1E3C5E2580A8F5AD5F3DF2BCAEA7CAB",ParentProcess: C:\Program Files (x86)\ossec-agent\wazuh-agent.exe,"ParentProcessID: 5320, ParentProcessGUID: c9182e32-fc24-69ca-8102-000000000900","ParentCommandLine: ""C:\Program Files (x86)\ossec-agent\wazuh-agent.exe""","powershell secedit /export /cfg $env:TEMP\secpol.cfg; Get-Content $env:TEMP\secpol.cfg | Select-String ""MaximumPasswordAge""; Remove-Item $env:TEMP\secpol.cfg",False,C:\Users\owunc\Desktop\lab_logs\DC_Sysmon_ws.evtx,Classic,0,"{""EventData"":{""Data"":[{""@Name"":""RuleName"",""#text"":""-""},{""@Name"":""UtcTime"",""#text"":""2026-03-30 22:41:41.636""},{""@Name"":""ProcessGuid"",""#text"":""c9182e32-fc25-69ca-8702-000000000900""},{""@Name"":""ProcessId"",""#text"":""7164""},{""@Name"":""Image"",""#text"":""C:\\Windows\\SysWOW64\\WindowsPowerShell\\v1.0\\powershell.exe""},{""@Name"":""FileVersion"",""#text"":""10.0.20348.1 (WinBuild.160101.0800)""},{""@Name"":""Description"",""#text"":""Windows PowerShell""},{""@Name"":""Product"",""#text"":""Microsoft® Windows® Operating System""},{""@Name"":""Company"",""#text"":""Microsoft Corporation""},{""@Name"":""OriginalFileName"",""#text"":""PowerShell.EXE""},{""@Name"":""CommandLine"",""#text"":""powershell secedit /export /cfg $env:TEMP\\secpol.cfg; Get-Content $env:TEMP\\secpol.cfg | Select-String \""MaximumPasswordAge\""; Remove-Item $env:TEMP\\secpol.cfg""},{""@Name"":""CurrentDirectory"",""#text"":""C:\\Program Files (x86)\\ossec-agent\\""},{""@Name"":""User"",""#text"":""NT AUTHORITY\\SYSTEM""},{""@Name"":""LogonGuid"",""#text"":""c9182e32-c31a-69ca-e703-000000000000""},{""@Name"":""LogonId"",""#text"":""0x3E7""},{""@Name"":""TerminalSessionId"",""#text"":""0""},{""@Name"":""IntegrityLevel"",""#text"":""System""},{""@Name"":""Hashes"",""#text"":""MD5=EB5ACAC8A6DF89EB6BA751F468490734,SHA256=6633D15A90D38137ABF5E08BC5C14CF35128ECA168E875D9569295ECC88A4DBB,IMPHASH=C1E3C5E2580A8F5AD5F3DF2BCAEA7CAB""},{""@Name"":""ParentProcessGuid"",""#text"":""c9182e32-fc24-69ca-8102-000000000900""},{""@Name"":""ParentProcessId"",""#text"":""5320""},{""@Name"":""ParentImage"",""#text"":""C:\\Program Files (x86)\\ossec-agent\\wazuh-agent.exe""},{""@Name"":""ParentCommandLine"",""#text"":""\""C:\\Program Files (x86)\\ossec-agent\\wazuh-agent.exe\""""},{""@Name"":""ParentUser"",""#text"":""NT AUTHORITY\\SYSTEM""}]}}"
