538,538,2026-03-30 20:59:11.9782497,11,Info,Microsoft-Windows-Sysmon,Microsoft-Windows-Sysmon/Operational,2448,4460,DC01.corp.local,10,S-1-5-18,FileCreate,NT AUTHORITY\SYSTEM,,"ProcessID: 1504, ProcessGUID: c9182e32-e41f-69ca-6b01-000000000900",RuleName: -,Image: C:\Windows\System32\WindowsPowerShell\v1.0\powershell.exe,TargetFilename: C:\Windows\Temp\__PSScriptPolicyTest_lb3uzpih.l2q.ps1,,,,False,C:\Users\owunc\Desktop\lab_logs\DC_Sysmon_ws.evtx,Classic,0,"{""EventData"":{""Data"":[{""@Name"":""RuleName"",""#text"":""-""},{""@Name"":""UtcTime"",""#text"":""2026-03-30 20:59:11.977""},{""@Name"":""ProcessGuid"",""#text"":""c9182e32-e41f-69ca-6b01-000000000900""},{""@Name"":""ProcessId"",""#text"":""1504""},{""@Name"":""Image"",""#text"":""C:\\Windows\\System32\\WindowsPowerShell\\v1.0\\powershell.exe""},{""@Name"":""TargetFilename"",""#text"":""C:\\Windows\\Temp\\__PSScriptPolicyTest_lb3uzpih.l2q.ps1""},{""@Name"":""CreationUtcTime"",""#text"":""2026-03-30 20:59:11.977""},{""@Name"":""User"",""#text"":""NT AUTHORITY\\SYSTEM""}]}}"
539,539,2026-03-30 20:59:12.5728768,11,Info,Microsoft-Windows-Sysmon,Microsoft-Windows-Sysmon/Operational,2448,4460,DC01.corp.local,10,S-1-5-18,FileCreate,NT AUTHORITY\SYSTEM,,"ProcessID: 1504, ProcessGUID: c9182e32-e41f-69ca-6b01-000000000900",RuleName: -,Image: C:\Windows\System32\WindowsPowerShell\v1.0\powershell.exe,TargetFilename: C:\Windows\Temp\__PSScriptPolicyTest_qcovgrav.dci.ps1,,,,False,C:\Users\owunc\Desktop\lab_logs\DC_Sysmon_ws.evtx,Classic,0,"{""EventData"":{""Data"":[{""@Name"":""RuleName"",""#text"":""-""},{""@Name"":""UtcTime"",""#text"":""2026-03-30 20:59:12.571""},{""@Name"":""ProcessGuid"",""#text"":""c9182e32-e41f-69ca-6b01-000000000900""},{""@Name"":""ProcessId"",""#text"":""1504""},{""@Name"":""Image"",""#text"":""C:\\Windows\\System32\\WindowsPowerShell\\v1.0\\powershell.exe""},{""@Name"":""TargetFilename"",""#text"":""C:\\Windows\\Temp\\__PSScriptPolicyTest_qcovgrav.dci.ps1""},{""@Name"":""CreationUtcTime"",""#text"":""2026-03-30 20:59:12.571""},{""@Name"":""User"",""#text"":""NT AUTHORITY\\SYSTEM""}]}}"
540,540,2026-03-30 20:59:12.7592591,22,Info,Microsoft-Windows-Sysmon,Microsoft-Windows-Sysmon/Operational,2448,4476,DC01.corp.local,10,S-1-5-18,DNSEvent (DNS query),NT AUTHORITY\NETWORK SERVICE,,"ProcessID: 4088, ProcessGUID: c9182e32-c326-69ca-5900-000000000900",RuleName: -,Image: C:\Windows\System32\wbem\WmiPrvSE.exe,QueryName: DC01.corp.local,QueryStatus: 0,QueryResults: fe80::edbf:7020:ccdd:502e;::ffff:192.168.93.50;,,False,C:\Users\owunc\Desktop\lab_logs\DC_Sysmon_ws.evtx,Classic,0,"{""EventData"":{""Data"":[{""@Name"":""RuleName"",""#text"":""-""},{""@Name"":""UtcTime"",""#text"":""2026-03-30 20:59:11.259""},{""@Name"":""ProcessGuid"",""#text"":""c9182e32-c326-69ca-5900-000000000900""},{""@Name"":""ProcessId"",""#text"":""4088""},{""@Name"":""QueryName"",""#text"":""DC01.corp.local""},{""@Name"":""QueryStatus"",""#text"":""0""},{""@Name"":""QueryResults"",""#text"":""fe80::edbf:7020:ccdd:502e;::ffff:192.168.93.50;""},{""@Name"":""Image"",""#text"":""C:\\Windows\\System32\\wbem\\WmiPrvSE.exe""},{""@Name"":""User"",""#text"":""NT AUTHORITY\\NETWORK SERVICE""}]}}"
541,541,2026-03-30 20:59:14.6305386,1,Info,Microsoft-Windows-Sysmon,Microsoft-Windows-Sysmon/Operational,2448,4460,DC01.corp.local,10,S-1-5-18,Process creation,NT AUTHORITY\SYSTEM,,"ProcessID: 1936, ProcessGUID: c9182e32-e422-69ca-6d01-000000000900",RuleName: -,"MD5=2E0CCB27064856E3D55017FA2D33A7B9,SHA256=1C84C8632C5269F24876ED9F49FA810B49F77E1E92E8918FC164C34B020F9A94,IMPHASH=BF7A6E7A62C3F5B2E8E069438AC1DD3D",ParentProcess: C:\Windows\System32\CompatTelRunner.exe,"ParentProcessID: 412, ParentProcessGUID: c9182e32-e3ef-69ca-5d01-000000000900",ParentCommandLine: C:\Windows\system32\CompatTelRunner.exe -m:appraiser.dll -f:DoScheduledTelemetryRun -cv:U7aQn9CMaki4oWC3.2,powershell.exe -ExecutionPolicy Restricted -Command Write-Host 'Final result: 1';,False,C:\Users\owunc\Desktop\lab_logs\DC_Sysmon_ws.evtx,Classic,0,"{""EventData"":{""Data"":[{""@Name"":""RuleName"",""#text"":""-""},{""@Name"":""UtcTime"",""#text"":""2026-03-30 20:59:14.624""},{""@Name"":""ProcessGuid"",""#text"":""c9182e32-e422-69ca-6d01-000000000900""},{""@Name"":""ProcessId"",""#text"":""1936""},{""@Name"":""Image"",""#text"":""C:\\Windows\\System32\\WindowsPowerShell\\v1.0\\powershell.exe""},{""@Name"":""FileVersion"",""#text"":""10.0.20348.1 (WinBuild.160101.0800)""},{""@Name"":""Description"",""#text"":""Windows PowerShell""},{""@Name"":""Product"",""#text"":""Microsoft® Windows® Operating System""},{""@Name"":""Company"",""#text"":""Microsoft Corporation""},{""@Name"":""OriginalFileName"",""#text"":""PowerShell.EXE""},{""@Name"":""CommandLine"",""#text"":""powershell.exe -ExecutionPolicy Restricted -Command Write-Host 'Final result: 1';""},{""@Name"":""CurrentDirectory"",""#text"":""C:\\Windows\\system32\\""},{""@Name"":""User"",""#text"":""NT AUTHORITY\\SYSTEM""},{""@Name"":""LogonGuid"",""#text"":""c9182e32-c31a-69ca-e703-000000000000""},{""@Name"":""LogonId"",""#text"":""0x3E7""},{""@Name"":""TerminalSessionId"",""#text"":""0""},{""@Name"":""IntegrityLevel"",""#text"":""System""},{""@Name"":""Hashes"",""#text"":""MD5=2E0CCB27064856E3D55017FA2D33A7B9,SHA256=1C84C8632C5269F24876ED9F49FA810B49F77E1E92E8918FC164C34B020F9A94,IMPHASH=BF7A6E7A62C3F5B2E8E069438AC1DD3D""},{""@Name"":""ParentProcessGuid"",""#text"":""c9182e32-e3ef-69ca-5d01-000000000900""},{""@Name"":""ParentProcessId"",""#text"":""412""},{""@Name"":""ParentImage"",""#text"":""C:\\Windows\\System32\\CompatTelRunner.exe""},{""@Name"":""ParentCommandLine"",""#text"":""C:\\Windows\\system32\\CompatTelRunner.exe -m:appraiser.dll -f:DoScheduledTelemetryRun -cv:U7aQn9CMaki4oWC3.2""},{""@Name"":""ParentUser"",""#text"":""NT AUTHORITY\\SYSTEM""}]}}"
542,542,2026-03-30 20:59:14.6689258,11,Info,Microsoft-Windows-Sysmon,Microsoft-Windows-Sysmon/Operational,2448,4460,DC01.corp.local,10,S-1-5-18,FileCreate,NT AUTHORITY\SYSTEM,,"ProcessID: 1936, ProcessGUID: c9182e32-e422-69ca-6d01-000000000900",RuleName: -,Image: C:\Windows\System32\WindowsPowerShell\v1.0\powershell.exe,TargetFilename: C:\Windows\Temp\__PSScriptPolicyTest_3alwihcj.flu.ps1,,,,False,C:\Users\owunc\Desktop\lab_logs\DC_Sysmon_ws.evtx,Classic,0,"{""EventData"":{""Data"":[{""@Name"":""RuleName"",""#text"":""-""},{""@Name"":""UtcTime"",""#text"":""2026-03-30 20:59:14.665""},{""@Name"":""ProcessGuid"",""#text"":""c9182e32-e422-69ca-6d01-000000000900""},{""@Name"":""ProcessId"",""#text"":""1936""},{""@Name"":""Image"",""#text"":""C:\\Windows\\System32\\WindowsPowerShell\\v1.0\\powershell.exe""},{""@Name"":""TargetFilename"",""#text"":""C:\\Windows\\Temp\\__PSScriptPolicyTest_3alwihcj.flu.ps1""},{""@Name"":""CreationUtcTime"",""#text"":""2026-03-30 20:59:14.665""},{""@Name"":""User"",""#text"":""NT AUTHORITY\\SYSTEM""}]}}"
543,543,2026-03-30 20:59:44.3409277,1,Info,Microsoft-Windows-Sysmon,Microsoft-Windows-Sysmon/Operational,2448,4460,DC01.corp.local,10,S-1-5-18,Process creation,NT AUTHORITY\SYSTEM,,"ProcessID: 5024, ProcessGUID: c9182e32-e440-69ca-7201-000000000900",RuleName: -,"MD5=5487316514F4ADA7E6E0BD9EAA2256E7,SHA256=F447AE2E838D4DE71CA4BABA321FEA67DABB38AA4321EFAC81F3FF03CF55FE0A,IMPHASH=1C4E2D9936E4D9F2490B08AAB4D24260",ParentProcess: C:\Windows\System32\svchost.exe,"ParentProcessID: 1696, ParentProcessGUID: c9182e32-c31d-69ca-2100-000000000900",ParentCommandLine: C:\Windows\system32\svchost.exe -k netsvcs -p -s Schedule,taskhostw.exe,False,C:\Users\owunc\Desktop\lab_logs\DC_Sysmon_ws.evtx,Classic,0,"{""EventData"":{""Data"":[{""@Name"":""RuleName"",""#text"":""-""},{""@Name"":""UtcTime"",""#text"":""2026-03-30 20:59:44.339""},{""@Name"":""ProcessGuid"",""#text"":""c9182e32-e440-69ca-7201-000000000900""},{""@Name"":""ProcessId"",""#text"":""5024""},{""@Name"":""Image"",""#text"":""C:\\Windows\\System32\\taskhostw.exe""},{""@Name"":""FileVersion"",""#text"":""10.0.20348.1 (WinBuild.160101.0800)""},{""@Name"":""Description"",""#text"":""Host Process for Windows Tasks""},{""@Name"":""Product"",""#text"":""Microsoft® Windows® Operating System""},{""@Name"":""Company"",""#text"":""Microsoft Corporation""},{""@Name"":""OriginalFileName"",""#text"":""taskhostw.exe""},{""@Name"":""CommandLine"",""#text"":""taskhostw.exe""},{""@Name"":""CurrentDirectory"",""#text"":""C:\\Windows\\system32\\""},{""@Name"":""User"",""#text"":""NT AUTHORITY\\SYSTEM""},{""@Name"":""LogonGuid"",""#text"":""c9182e32-c31a-69ca-e703-000000000000""},{""@Name"":""LogonId"",""#text"":""0x3E7""},{""@Name"":""TerminalSessionId"",""#text"":""0""},{""@Name"":""IntegrityLevel"",""#text"":""System""},{""@Name"":""Hashes"",""#text"":""MD5=5487316514F4ADA7E6E0BD9EAA2256E7,SHA256=F447AE2E838D4DE71CA4BABA321FEA67DABB38AA4321EFAC81F3FF03CF55FE0A,IMPHASH=1C4E2D9936E4D9F2490B08AAB4D24260""},{""@Name"":""ParentProcessGuid"",""#text"":""c9182e32-c31d-69ca-2100-000000000900""},{""@Name"":""ParentProcessId"",""#text"":""1696""},{""@Name"":""ParentImage"",""#text"":""C:\\Windows\\System32\\svchost.exe""},{""@Name"":""ParentCommandLine"",""#text"":""C:\\Windows\\system32\\svchost.exe -k netsvcs -p -s Schedule""},{""@Name"":""ParentUser"",""#text"":""NT AUTHORITY\\SYSTEM""}]}}"
544,544,2026-03-30 21:16:30.5672986,1,Info,Microsoft-Windows-Sysmon,Microsoft-Windows-Sysmon/Operational,2448,4460,DC01.corp.local,10,S-1-5-18,Process creation,NT AUTHORITY\SYSTEM,,"ProcessID: 5788, ProcessGUID: c9182e32-e82e-69ca-7401-000000000900",RuleName: -,"MD5=E89CE4D977963E8734B4E68644F7FC63,SHA256=CE38B4D6208D3D975FFB21E67775F52AD70733FDDB1306EF6D070DDD13B5D193,IMPHASH=777EA90B75B4F80FB2E01F17AFF412ED",ParentProcess: C:\Program Files\VMware\VMware Tools\vmtoolsd.exe,"ParentProcessID: 2380, ParentProcessGUID: c9182e32-c326-69ca-4400-000000000900","ParentCommandLine: ""C:\Program Files\VMware\VMware Tools\vmtoolsd.exe""","""C:\Program Files\VMware\VMware Tools\VMwareResolutionSet.exe"" 0 1 , 0 0 1680 920 0",False,C:\Users\owunc\Desktop\lab_logs\DC_Sysmon_ws.evtx,Classic,0,"{""EventData"":{""Data"":[{""@Name"":""RuleName"",""#text"":""-""},{""@Name"":""UtcTime"",""#text"":""2026-03-30 21:16:30.561""},{""@Name"":""ProcessGuid"",""#text"":""c9182e32-e82e-69ca-7401-000000000900""},{""@Name"":""ProcessId"",""#text"":""5788""},{""@Name"":""Image"",""#text"":""C:\\Program Files\\VMware\\VMware Tools\\VMwareResolutionSet.exe""},{""@Name"":""FileVersion"",""#text"":""13.0.1.0""},{""@Name"":""Description"",""#text"":""VMware Resolution Set""},{""@Name"":""Product"",""#text"":""VMware Tools""},{""@Name"":""Company"",""#text"":""Broadcom Inc.""},{""@Name"":""OriginalFileName"",""#text"":""ResolutionSet.exe""},{""@Name"":""CommandLine"",""#text"":""\""C:\\Program Files\\VMware\\VMware Tools\\VMwareResolutionSet.exe\"" 0 1 , 0 0 1680 920 0""},{""@Name"":""CurrentDirectory"",""#text"":""C:\\Windows\\system32\\""},{""@Name"":""User"",""#text"":""NT AUTHORITY\\SYSTEM""},{""@Name"":""LogonGuid"",""#text"":""c9182e32-c31a-69ca-e703-000000000000""},{""@Name"":""LogonId"",""#text"":""0x3E7""},{""@Name"":""TerminalSessionId"",""#text"":""1""},{""@Name"":""IntegrityLevel"",""#text"":""System""},{""@Name"":""Hashes"",""#text"":""MD5=E89CE4D977963E8734B4E68644F7FC63,SHA256=CE38B4D6208D3D975FFB21E67775F52AD70733FDDB1306EF6D070DDD13B5D193,IMPHASH=777EA90B75B4F80FB2E01F17AFF412ED""},{""@Name"":""ParentProcessGuid"",""#text"":""c9182e32-c326-69ca-4400-000000000900""},{""@Name"":""ParentProcessId"",""#text"":""2380""},{""@Name"":""ParentImage"",""#text"":""C:\\Program Files\\VMware\\VMware Tools\\vmtoolsd.exe""},{""@Name"":""ParentCommandLine"",""#text"":""\""C:\\Program Files\\VMware\\VMware Tools\\vmtoolsd.exe\""""},{""@Name"":""ParentUser"",""#text"":""NT AUTHORITY\\SYSTEM""}]}}"
545,545,2026-03-30 21:16:31.2014086,1,Info,Microsoft-Windows-Sysmon,Microsoft-Windows-Sysmon/Operational,2448,4460,DC01.corp.local,10,S-1-5-18,Process creation,NT AUTHORITY\SYSTEM,,"ProcessID: 1616, ProcessGUID: c9182e32-e82f-69ca-7601-000000000900",RuleName: -,"MD5=DC32ABA4669EAFB22FCACD5EC836A107,SHA256=31780FF2AAF7BC71F755BA0E4FEF1D61B060D1D2741EAFB33CBAB44D889595A0,IMPHASH=D8C4E4978657CEA220B495778C972E64",ParentProcess: C:\Windows\System32\services.exe,"ParentProcessID: 716, ParentProcessGUID: c9182e32-c31a-69ca-0b00-000000000900",ParentCommandLine: C:\Windows\system32\services.exe,C:\Windows\System32\svchost.exe -k CameraMonitor,False,C:\Users\owunc\Desktop\lab_logs\DC_Sysmon_ws.evtx,Classic,0,"{""EventData"":{""Data"":[{""@Name"":""RuleName"",""#text"":""-""},{""@Name"":""UtcTime"",""#text"":""2026-03-30 21:16:31.199""},{""@Name"":""ProcessGuid"",""#text"":""c9182e32-e82f-69ca-7601-000000000900""},{""@Name"":""ProcessId"",""#text"":""1616""},{""@Name"":""Image"",""#text"":""C:\\Windows\\System32\\svchost.exe""},{""@Name"":""FileVersion"",""#text"":""10.0.20348.558 (WinBuild.160101.0800)""},{""@Name"":""Description"",""#text"":""Host Process for Windows Services""},{""@Name"":""Product"",""#text"":""Microsoft® Windows® Operating System""},{""@Name"":""Company"",""#text"":""Microsoft Corporation""},{""@Name"":""OriginalFileName"",""#text"":""svchost.exe""},{""@Name"":""CommandLine"",""#text"":""C:\\Windows\\System32\\svchost.exe -k CameraMonitor""},{""@Name"":""CurrentDirectory"",""#text"":""C:\\Windows\\system32\\""},{""@Name"":""User"",""#text"":""NT AUTHORITY\\SYSTEM""},{""@Name"":""LogonGuid"",""#text"":""c9182e32-c31a-69ca-e703-000000000000""},{""@Name"":""LogonId"",""#text"":""0x3E7""},{""@Name"":""TerminalSessionId"",""#text"":""0""},{""@Name"":""IntegrityLevel"",""#text"":""System""},{""@Name"":""Hashes"",""#text"":""MD5=DC32ABA4669EAFB22FCACD5EC836A107,SHA256=31780FF2AAF7BC71F755BA0E4FEF1D61B060D1D2741EAFB33CBAB44D889595A0,IMPHASH=D8C4E4978657CEA220B495778C972E64""},{""@Name"":""ParentProcessGuid"",""#text"":""c9182e32-c31a-69ca-0b00-000000000900""},{""@Name"":""ParentProcessId"",""#text"":""716""},{""@Name"":""ParentImage"",""#text"":""C:\\Windows\\System32\\services.exe""},{""@Name"":""ParentCommandLine"",""#text"":""C:\\Windows\\system32\\services.exe""},{""@Name"":""ParentUser"",""#text"":""NT AUTHORITY\\SYSTEM""}]}}"
546,546,2026-03-30 21:16:36.8122466,12,Info,Microsoft-Windows-Sysmon,Microsoft-Windows-Sysmon/Operational,2448,4460,DC01.corp.local,10,S-1-5-18,RegistryEvent (Object create and delete),NT AUTHORITY\SYSTEM,,"ProcessID: 436, ProcessGUID: c9182e32-c31c-69ca-1000-000000000900",RuleName: -,Image: C:\Windows\system32\LogonUI.exe,EventType: DeleteValue,TargetObject: HKU\.DEFAULT\Keyboard Layout\Preload\1,,,False,C:\Users\owunc\Desktop\lab_logs\DC_Sysmon_ws.evtx,Classic,0,"{""EventData"":{""Data"":[{""@Name"":""RuleName"",""#text"":""-""},{""@Name"":""EventType"",""#text"":""DeleteValue""},{""@Name"":""UtcTime"",""#text"":""2026-03-30 21:16:36.799""},{""@Name"":""ProcessGuid"",""#text"":""c9182e32-c31c-69ca-1000-000000000900""},{""@Name"":""ProcessId"",""#text"":""436""},{""@Name"":""Image"",""#text"":""C:\\Windows\\system32\\LogonUI.exe""},{""@Name"":""TargetObject"",""#text"":""HKU\\.DEFAULT\\Keyboard Layout\\Preload\\1""},{""@Name"":""User"",""#text"":""NT AUTHORITY\\SYSTEM""}]}}"
547,547,2026-03-30 21:16:36.8122716,13,Info,Microsoft-Windows-Sysmon,Microsoft-Windows-Sysmon/Operational,2448,4460,DC01.corp.local,10,S-1-5-18,RegistryEvent (Value Set),NT AUTHORITY\SYSTEM,,"ProcessID: 436, ProcessGUID: c9182e32-c31c-69ca-1000-000000000900",RuleName: -,Image: C:\Windows\system32\LogonUI.exe,EventType: SetValue,TargetObject: HKU\.DEFAULT\Keyboard Layout\Preload\1,Details: 00000409,,False,C:\Users\owunc\Desktop\lab_logs\DC_Sysmon_ws.evtx,Classic,0,"{""EventData"":{""Data"":[{""@Name"":""RuleName"",""#text"":""-""},{""@Name"":""EventType"",""#text"":""SetValue""},{""@Name"":""UtcTime"",""#text"":""2026-03-30 21:16:36.799""},{""@Name"":""ProcessGuid"",""#text"":""c9182e32-c31c-69ca-1000-000000000900""},{""@Name"":""ProcessId"",""#text"":""436""},{""@Name"":""Image"",""#text"":""C:\\Windows\\system32\\LogonUI.exe""},{""@Name"":""TargetObject"",""#text"":""HKU\\.DEFAULT\\Keyboard Layout\\Preload\\1""},{""@Name"":""Details"",""#text"":""00000409""},{""@Name"":""User"",""#text"":""NT AUTHORITY\\SYSTEM""}]}}"
548,548,2026-03-30 21:16:41.4147966,13,Info,Microsoft-Windows-Sysmon,Microsoft-Windows-Sysmon/Operational,2448,4460,DC01.corp.local,10,S-1-5-18,RegistryEvent (Value Set),NT AUTHORITY\SYSTEM,,"ProcessID: 436, ProcessGUID: c9182e32-c31c-69ca-1000-000000000900",RuleName: -,Image: C:\Windows\system32\LogonUI.exe,EventType: SetValue,TargetObject: HKLM\SOFTWARE\Microsoft\Windows\CurrentVersion\Authentication\LogonUI\LastLoggedOnUser,Details: CORP\Administrator,,False,C:\Users\owunc\Desktop\lab_logs\DC_Sysmon_ws.evtx,Classic,0,"{""EventData"":{""Data"":[{""@Name"":""RuleName"",""#text"":""-""},{""@Name"":""EventType"",""#text"":""SetValue""},{""@Name"":""UtcTime"",""#text"":""2026-03-30 21:16:41.414""},{""@Name"":""ProcessGuid"",""#text"":""c9182e32-c31c-69ca-1000-000000000900""},{""@Name"":""ProcessId"",""#text"":""436""},{""@Name"":""Image"",""#text"":""C:\\Windows\\system32\\LogonUI.exe""},{""@Name"":""TargetObject"",""#text"":""HKLM\\SOFTWARE\\Microsoft\\Windows\\CurrentVersion\\Authentication\\LogonUI\\LastLoggedOnUser""},{""@Name"":""Details"",""#text"":""CORP\\Administrator""},{""@Name"":""User"",""#text"":""NT AUTHORITY\\SYSTEM""}]}}"
549,549,2026-03-30 21:16:41.5232876,1,Info,Microsoft-Windows-Sysmon,Microsoft-Windows-Sysmon/Operational,2448,4460,DC01.corp.local,10,S-1-5-18,Process creation,CORP\Administrator,,"ProcessID: 5328, ProcessGUID: c9182e32-e839-69ca-7a01-000000000900",RuleName: -,"MD5=B2238CA7B9953F2990E303209CF04B5F,SHA256=296B9389F495B34B5D4244AB64C4D4625B67234818D1424128F94A4552ADEC0C,IMPHASH=929DE43E09B052DB1D70450A4F7F9FF8",ParentProcess: C:\Windows\System32\svchost.exe,"ParentProcessID: 4240, ParentProcessGUID: c9182e32-c39f-69ca-fb00-000000000900",ParentCommandLine: C:\Windows\system32\svchost.exe -k LocalSystemNetworkRestricted -p -s PcaSvc,"C:\Windows\System32\pcaui.exe -n 0 -a """" -v """" -g """" -x """"",False,C:\Users\owunc\Desktop\lab_logs\DC_Sysmon_ws.evtx,Classic,0,"{""EventData"":{""Data"":[{""@Name"":""RuleName"",""#text"":""-""},{""@Name"":""UtcTime"",""#text"":""2026-03-30 21:16:41.519""},{""@Name"":""ProcessGuid"",""#text"":""c9182e32-e839-69ca-7a01-000000000900""},{""@Name"":""ProcessId"",""#text"":""5328""},{""@Name"":""Image"",""#text"":""C:\\Windows\\System32\\pcaui.exe""},{""@Name"":""FileVersion"",""#text"":""10.0.20348.320 (WinBuild.160101.0800)""},{""@Name"":""Description"",""#text"":""Program Compatibility Assistant User Interface""},{""@Name"":""Product"",""#text"":""Microsoft® Windows® Operating System""},{""@Name"":""Company"",""#text"":""Microsoft Corporation""},{""@Name"":""OriginalFileName"",""#text"":""pcaui.exe""},{""@Name"":""CommandLine"",""#text"":""C:\\Windows\\System32\\pcaui.exe -n 0 -a \""\"" -v \""\"" -g \""\"" -x \""\""""},{""@Name"":""CurrentDirectory"",""#text"":""C:\\Windows\\system32\\""},{""@Name"":""User"",""#text"":""CORP\\Administrator""},{""@Name"":""LogonGuid"",""#text"":""c9182e32-e839-69ca-bb8f-310000000000""},{""@Name"":""LogonId"",""#text"":""0x318FBB""},{""@Name"":""TerminalSessionId"",""#text"":""1""},{""@Name"":""IntegrityLevel"",""#text"":""High""},{""@Name"":""Hashes"",""#text"":""MD5=B2238CA7B9953F2990E303209CF04B5F,SHA256=296B9389F495B34B5D4244AB64C4D4625B67234818D1424128F94A4552ADEC0C,IMPHASH=929DE43E09B052DB1D70450A4F7F9FF8""},{""@Name"":""ParentProcessGuid"",""#text"":""c9182e32-c39f-69ca-fb00-000000000900""},{""@Name"":""ParentProcessId"",""#text"":""4240""},{""@Name"":""ParentImage"",""#text"":""C:\\Windows\\System32\\svchost.exe""},{""@Name"":""ParentCommandLine"",""#text"":""C:\\Windows\\system32\\svchost.exe -k LocalSystemNetworkRestricted -p -s PcaSvc""},{""@Name"":""ParentUser"",""#text"":""NT AUTHORITY\\SYSTEM""}]}}"
550,550,2026-03-30 21:16:41.5568551,13,Info,Microsoft-Windows-Sysmon,Microsoft-Windows-Sysmon/Operational,2448,4460,DC01.corp.local,10,S-1-5-18,RegistryEvent (Value Set),NT AUTHORITY\SYSTEM,,"ProcessID: 716, ProcessGUID: c9182e32-c31a-69ca-0b00-000000000900","RuleName: T1031,T1050",Image: C:\Windows\system32\services.exe,EventType: SetValue,TargetObject: HKLM\System\CurrentControlSet\Services\CaptureService_31acd8\Start,Details: DWORD (0x00000003),,False,C:\Users\owunc\Desktop\lab_logs\DC_Sysmon_ws.evtx,Classic,0,"{""EventData"":{""Data"":[{""@Name"":""RuleName"",""#text"":""T1031,T1050""},{""@Name"":""EventType"",""#text"":""SetValue""},{""@Name"":""UtcTime"",""#text"":""2026-03-30 21:16:41.554""},{""@Name"":""ProcessGuid"",""#text"":""c9182e32-c31a-69ca-0b00-000000000900""},{""@Name"":""ProcessId"",""#text"":""716""},{""@Name"":""Image"",""#text"":""C:\\Windows\\system32\\services.exe""},{""@Name"":""TargetObject"",""#text"":""HKLM\\System\\CurrentControlSet\\Services\\CaptureService_31acd8\\Start""},{""@Name"":""Details"",""#text"":""DWORD (0x00000003)""},{""@Name"":""User"",""#text"":""NT AUTHORITY\\SYSTEM""}]}}"
551,551,2026-03-30 21:16:41.5569385,13,Info,Microsoft-Windows-Sysmon,Microsoft-Windows-Sysmon/Operational,2448,4460,DC01.corp.local,10,S-1-5-18,RegistryEvent (Value Set),NT AUTHORITY\SYSTEM,,"ProcessID: 716, ProcessGUID: c9182e32-c31a-69ca-0b00-000000000900","RuleName: T1031,T1050",Image: C:\Windows\system32\services.exe,EventType: SetValue,TargetObject: HKLM\System\CurrentControlSet\Services\CaptureService_31acd8\ImagePath,Details: C:\Windows\system32\svchost.exe -k LocalService -p,,False,C:\Users\owunc\Desktop\lab_logs\DC_Sysmon_ws.evtx,Classic,0,"{""EventData"":{""Data"":[{""@Name"":""RuleName"",""#text"":""T1031,T1050""},{""@Name"":""EventType"",""#text"":""SetValue""},{""@Name"":""UtcTime"",""#text"":""2026-03-30 21:16:41.554""},{""@Name"":""ProcessGuid"",""#text"":""c9182e32-c31a-69ca-0b00-000000000900""},{""@Name"":""ProcessId"",""#text"":""716""},{""@Name"":""Image"",""#text"":""C:\\Windows\\system32\\services.exe""},{""@Name"":""TargetObject"",""#text"":""HKLM\\System\\CurrentControlSet\\Services\\CaptureService_31acd8\\ImagePath""},{""@Name"":""Details"",""#text"":""C:\\Windows\\system32\\svchost.exe -k LocalService -p""},{""@Name"":""User"",""#text"":""NT AUTHORITY\\SYSTEM""}]}}"
552,552,2026-03-30 21:16:41.5576485,13,Info,Microsoft-Windows-Sysmon,Microsoft-Windows-Sysmon/Operational,2448,4460,DC01.corp.local,10,S-1-5-18,RegistryEvent (Value Set),NT AUTHORITY\SYSTEM,,"ProcessID: 716, ProcessGUID: c9182e32-c31a-69ca-0b00-000000000900","RuleName: T1031,T1050",Image: C:\Windows\system32\services.exe,EventType: SetValue,TargetObject: HKLM\System\CurrentControlSet\Services\cbdhsvc_31acd8\Start,Details: DWORD (0x00000002),,False,C:\Users\owunc\Desktop\lab_logs\DC_Sysmon_ws.evtx,Classic,0,"{""EventData"":{""Data"":[{""@Name"":""RuleName"",""#text"":""T1031,T1050""},{""@Name"":""EventType"",""#text"":""SetValue""},{""@Name"":""UtcTime"",""#text"":""2026-03-30 21:16:41.554""},{""@Name"":""ProcessGuid"",""#text"":""c9182e32-c31a-69ca-0b00-000000000900""},{""@Name"":""ProcessId"",""#text"":""716""},{""@Name"":""Image"",""#text"":""C:\\Windows\\system32\\services.exe""},{""@Name"":""TargetObject"",""#text"":""HKLM\\System\\CurrentControlSet\\Services\\cbdhsvc_31acd8\\Start""},{""@Name"":""Details"",""#text"":""DWORD (0x00000002)""},{""@Name"":""User"",""#text"":""NT AUTHORITY\\SYSTEM""}]}}"
553,553,2026-03-30 21:16:41.5576957,13,Info,Microsoft-Windows-Sysmon,Microsoft-Windows-Sysmon/Operational,2448,4460,DC01.corp.local,10,S-1-5-18,RegistryEvent (Value Set),NT AUTHORITY\SYSTEM,,"ProcessID: 716, ProcessGUID: c9182e32-c31a-69ca-0b00-000000000900","RuleName: T1031,T1050",Image: C:\Windows\system32\services.exe,EventType: SetValue,TargetObject: HKLM\System\CurrentControlSet\Services\cbdhsvc_31acd8\ImagePath,Details: C:\Windows\system32\svchost.exe -k ClipboardSvcGroup -p,,False,C:\Users\owunc\Desktop\lab_logs\DC_Sysmon_ws.evtx,Classic,0,"{""EventData"":{""Data"":[{""@Name"":""RuleName"",""#text"":""T1031,T1050""},{""@Name"":""EventType"",""#text"":""SetValue""},{""@Name"":""UtcTime"",""#text"":""2026-03-30 21:16:41.554""},{""@Name"":""ProcessGuid"",""#text"":""c9182e32-c31a-69ca-0b00-000000000900""},{""@Name"":""ProcessId"",""#text"":""716""},{""@Name"":""Image"",""#text"":""C:\\Windows\\system32\\services.exe""},{""@Name"":""TargetObject"",""#text"":""HKLM\\System\\CurrentControlSet\\Services\\cbdhsvc_31acd8\\ImagePath""},{""@Name"":""Details"",""#text"":""C:\\Windows\\system32\\svchost.exe -k ClipboardSvcGroup -p""},{""@Name"":""User"",""#text"":""NT AUTHORITY\\SYSTEM""}]}}"
554,554,2026-03-30 21:16:41.5580377,13,Info,Microsoft-Windows-Sysmon,Microsoft-Windows-Sysmon/Operational,2448,4460,DC01.corp.local,10,S-1-5-18,RegistryEvent (Value Set),NT AUTHORITY\SYSTEM,,"ProcessID: 716, ProcessGUID: c9182e32-c31a-69ca-0b00-000000000900","RuleName: T1031,T1050",Image: C:\Windows\system32\services.exe,EventType: SetValue,TargetObject: HKLM\System\CurrentControlSet\Services\CDPUserSvc_31acd8\Start,Details: DWORD (0x00000002),,False,C:\Users\owunc\Desktop\lab_logs\DC_Sysmon_ws.evtx,Classic,0,"{""EventData"":{""Data"":[{""@Name"":""RuleName"",""#text"":""T1031,T1050""},{""@Name"":""EventType"",""#text"":""SetValue""},{""@Name"":""UtcTime"",""#text"":""2026-03-30 21:16:41.554""},{""@Name"":""ProcessGuid"",""#text"":""c9182e32-c31a-69ca-0b00-000000000900""},{""@Name"":""ProcessId"",""#text"":""716""},{""@Name"":""Image"",""#text"":""C:\\Windows\\system32\\services.exe""},{""@Name"":""TargetObject"",""#text"":""HKLM\\System\\CurrentControlSet\\Services\\CDPUserSvc_31acd8\\Start""},{""@Name"":""Details"",""#text"":""DWORD (0x00000002)""},{""@Name"":""User"",""#text"":""NT AUTHORITY\\SYSTEM""}]}}"
555,555,2026-03-30 21:16:41.5580857,13,Info,Microsoft-Windows-Sysmon,Microsoft-Windows-Sysmon/Operational,2448,4460,DC01.corp.local,10,S-1-5-18,RegistryEvent (Value Set),NT AUTHORITY\SYSTEM,,"ProcessID: 716, ProcessGUID: c9182e32-c31a-69ca-0b00-000000000900","RuleName: T1031,T1050",Image: C:\Windows\system32\services.exe,EventType: SetValue,TargetObject: HKLM\System\CurrentControlSet\Services\CDPUserSvc_31acd8\ImagePath,Details: C:\Windows\system32\svchost.exe -k UnistackSvcGroup,,False,C:\Users\owunc\Desktop\lab_logs\DC_Sysmon_ws.evtx,Classic,0,"{""EventData"":{""Data"":[{""@Name"":""RuleName"",""#text"":""T1031,T1050""},{""@Name"":""EventType"",""#text"":""SetValue""},{""@Name"":""UtcTime"",""#text"":""2026-03-30 21:16:41.554""},{""@Name"":""ProcessGuid"",""#text"":""c9182e32-c31a-69ca-0b00-000000000900""},{""@Name"":""ProcessId"",""#text"":""716""},{""@Name"":""Image"",""#text"":""C:\\Windows\\system32\\services.exe""},{""@Name"":""TargetObject"",""#text"":""HKLM\\System\\CurrentControlSet\\Services\\CDPUserSvc_31acd8\\ImagePath""},{""@Name"":""Details"",""#text"":""C:\\Windows\\system32\\svchost.exe -k UnistackSvcGroup""},{""@Name"":""User"",""#text"":""NT AUTHORITY\\SYSTEM""}]}}"
556,556,2026-03-30 21:16:41.5584003,13,Info,Microsoft-Windows-Sysmon,Microsoft-Windows-Sysmon/Operational,2448,4460,DC01.corp.local,11,S-1-5-18,RegistryEvent (Value Set),NT AUTHORITY\SYSTEM,,"ProcessID: 716, ProcessGUID: c9182e32-c31a-69ca-0b00-000000000900","RuleName: T1031,T1050",Image: C:\Windows\system32\services.exe,EventType: SetValue,TargetObject: HKLM\System\CurrentControlSet\Services\ConsentUxUserSvc_31acd8\Start,Details: DWORD (0x00000003),,False,C:\Users\owunc\Desktop\lab_logs\DC_Sysmon_ws.evtx,Classic,0,"{""EventData"":{""Data"":[{""@Name"":""RuleName"",""#text"":""T1031,T1050""},{""@Name"":""EventType"",""#text"":""SetValue""},{""@Name"":""UtcTime"",""#text"":""2026-03-30 21:16:41.554""},{""@Name"":""ProcessGuid"",""#text"":""c9182e32-c31a-69ca-0b00-000000000900""},{""@Name"":""ProcessId"",""#text"":""716""},{""@Name"":""Image"",""#text"":""C:\\Windows\\system32\\services.exe""},{""@Name"":""TargetObject"",""#text"":""HKLM\\System\\CurrentControlSet\\Services\\ConsentUxUserSvc_31acd8\\Start""},{""@Name"":""Details"",""#text"":""DWORD (0x00000003)""},{""@Name"":""User"",""#text"":""NT AUTHORITY\\SYSTEM""}]}}"
557,557,2026-03-30 21:16:41.5584641,13,Info,Microsoft-Windows-Sysmon,Microsoft-Windows-Sysmon/Operational,2448,4460,DC01.corp.local,11,S-1-5-18,RegistryEvent (Value Set),NT AUTHORITY\SYSTEM,,"ProcessID: 716, ProcessGUID: c9182e32-c31a-69ca-0b00-000000000900","RuleName: T1031,T1050",Image: C:\Windows\system32\services.exe,EventType: SetValue,TargetObject: HKLM\System\CurrentControlSet\Services\ConsentUxUserSvc_31acd8\ImagePath,Details: C:\Windows\system32\svchost.exe -k DevicesFlow,,False,C:\Users\owunc\Desktop\lab_logs\DC_Sysmon_ws.evtx,Classic,0,"{""EventData"":{""Data"":[{""@Name"":""RuleName"",""#text"":""T1031,T1050""},{""@Name"":""EventType"",""#text"":""SetValue""},{""@Name"":""UtcTime"",""#text"":""2026-03-30 21:16:41.554""},{""@Name"":""ProcessGuid"",""#text"":""c9182e32-c31a-69ca-0b00-000000000900""},{""@Name"":""ProcessId"",""#text"":""716""},{""@Name"":""Image"",""#text"":""C:\\Windows\\system32\\services.exe""},{""@Name"":""TargetObject"",""#text"":""HKLM\\System\\CurrentControlSet\\Services\\ConsentUxUserSvc_31acd8\\ImagePath""},{""@Name"":""Details"",""#text"":""C:\\Windows\\system32\\svchost.exe -k DevicesFlow""},{""@Name"":""User"",""#text"":""NT AUTHORITY\\SYSTEM""}]}}"
558,558,2026-03-30 21:16:41.5589385,13,Info,Microsoft-Windows-Sysmon,Microsoft-Windows-Sysmon/Operational,2448,4460,DC01.corp.local,11,S-1-5-18,RegistryEvent (Value Set),NT AUTHORITY\SYSTEM,,"ProcessID: 716, ProcessGUID: c9182e32-c31a-69ca-0b00-000000000900","RuleName: T1031,T1050",Image: C:\Windows\system32\services.exe,EventType: SetValue,TargetObject: HKLM\System\CurrentControlSet\Services\CredentialEnrollmentManagerUserSvc_31acd8\Start,Details: DWORD (0x00000003),,False,C:\Users\owunc\Desktop\lab_logs\DC_Sysmon_ws.evtx,Classic,0,"{""EventData"":{""Data"":[{""@Name"":""RuleName"",""#text"":""T1031,T1050""},{""@Name"":""EventType"",""#text"":""SetValue""},{""@Name"":""UtcTime"",""#text"":""2026-03-30 21:16:41.554""},{""@Name"":""ProcessGuid"",""#text"":""c9182e32-c31a-69ca-0b00-000000000900""},{""@Name"":""ProcessId"",""#text"":""716""},{""@Name"":""Image"",""#text"":""C:\\Windows\\system32\\services.exe""},{""@Name"":""TargetObject"",""#text"":""HKLM\\System\\CurrentControlSet\\Services\\CredentialEnrollmentManagerUserSvc_31acd8\\Start""},{""@Name"":""Details"",""#text"":""DWORD (0x00000003)""},{""@Name"":""User"",""#text"":""NT AUTHORITY\\SYSTEM""}]}}"
559,559,2026-03-30 21:16:41.5589944,13,Info,Microsoft-Windows-Sysmon,Microsoft-Windows-Sysmon/Operational,2448,4460,DC01.corp.local,11,S-1-5-18,RegistryEvent (Value Set),NT AUTHORITY\SYSTEM,,"ProcessID: 716, ProcessGUID: c9182e32-c31a-69ca-0b00-000000000900","RuleName: T1031,T1050",Image: C:\Windows\system32\services.exe,EventType: SetValue,TargetObject: HKLM\System\CurrentControlSet\Services\CredentialEnrollmentManagerUserSvc_31acd8\ImagePath,Details: C:\Windows\system32\CredentialEnrollmentManager.exe,,False,C:\Users\owunc\Desktop\lab_logs\DC_Sysmon_ws.evtx,Classic,0,"{""EventData"":{""Data"":[{""@Name"":""RuleName"",""#text"":""T1031,T1050""},{""@Name"":""EventType"",""#text"":""SetValue""},{""@Name"":""UtcTime"",""#text"":""2026-03-30 21:16:41.554""},{""@Name"":""ProcessGuid"",""#text"":""c9182e32-c31a-69ca-0b00-000000000900""},{""@Name"":""ProcessId"",""#text"":""716""},{""@Name"":""Image"",""#text"":""C:\\Windows\\system32\\services.exe""},{""@Name"":""TargetObject"",""#text"":""HKLM\\System\\CurrentControlSet\\Services\\CredentialEnrollmentManagerUserSvc_31acd8\\ImagePath""},{""@Name"":""Details"",""#text"":""C:\\Windows\\system32\\CredentialEnrollmentManager.exe""},{""@Name"":""User"",""#text"":""NT AUTHORITY\\SYSTEM""}]}}"
560,560,2026-03-30 21:16:41.5594780,13,Info,Microsoft-Windows-Sysmon,Microsoft-Windows-Sysmon/Operational,2448,4460,DC01.corp.local,11,S-1-5-18,RegistryEvent (Value Set),NT AUTHORITY\SYSTEM,,"ProcessID: 716, ProcessGUID: c9182e32-c31a-69ca-0b00-000000000900","RuleName: T1031,T1050",Image: C:\Windows\system32\services.exe,EventType: SetValue,TargetObject: HKLM\System\CurrentControlSet\Services\DeviceAssociationBrokerSvc_31acd8\Start,Details: DWORD (0x00000003),,False,C:\Users\owunc\Desktop\lab_logs\DC_Sysmon_ws.evtx,Classic,0,"{""EventData"":{""Data"":[{""@Name"":""RuleName"",""#text"":""T1031,T1050""},{""@Name"":""EventType"",""#text"":""SetValue""},{""@Name"":""UtcTime"",""#text"":""2026-03-30 21:16:41.554""},{""@Name"":""ProcessGuid"",""#text"":""c9182e32-c31a-69ca-0b00-000000000900""},{""@Name"":""ProcessId"",""#text"":""716""},{""@Name"":""Image"",""#text"":""C:\\Windows\\system32\\services.exe""},{""@Name"":""TargetObject"",""#text"":""HKLM\\System\\CurrentControlSet\\Services\\DeviceAssociationBrokerSvc_31acd8\\Start""},{""@Name"":""Details"",""#text"":""DWORD (0x00000003)""},{""@Name"":""User"",""#text"":""NT AUTHORITY\\SYSTEM""}]}}"
561,561,2026-03-30 21:16:41.5595318,13,Info,Microsoft-Windows-Sysmon,Microsoft-Windows-Sysmon/Operational,2448,4460,DC01.corp.local,11,S-1-5-18,RegistryEvent (Value Set),NT AUTHORITY\SYSTEM,,"ProcessID: 716, ProcessGUID: c9182e32-c31a-69ca-0b00-000000000900","RuleName: T1031,T1050",Image: C:\Windows\system32\services.exe,EventType: SetValue,TargetObject: HKLM\System\CurrentControlSet\Services\DeviceAssociationBrokerSvc_31acd8\ImagePath,Details: C:\Windows\system32\svchost.exe -k DevicesFlow -p,,False,C:\Users\owunc\Desktop\lab_logs\DC_Sysmon_ws.evtx,Classic,0,"{""EventData"":{""Data"":[{""@Name"":""RuleName"",""#text"":""T1031,T1050""},{""@Name"":""EventType"",""#text"":""SetValue""},{""@Name"":""UtcTime"",""#text"":""2026-03-30 21:16:41.554""},{""@Name"":""ProcessGuid"",""#text"":""c9182e32-c31a-69ca-0b00-000000000900""},{""@Name"":""ProcessId"",""#text"":""716""},{""@Name"":""Image"",""#text"":""C:\\Windows\\system32\\services.exe""},{""@Name"":""TargetObject"",""#text"":""HKLM\\System\\CurrentControlSet\\Services\\DeviceAssociationBrokerSvc_31acd8\\ImagePath""},{""@Name"":""Details"",""#text"":""C:\\Windows\\system32\\svchost.exe -k DevicesFlow -p""},{""@Name"":""User"",""#text"":""NT AUTHORITY\\SYSTEM""}]}}"
562,562,2026-03-30 21:16:41.5598421,13,Info,Microsoft-Windows-Sysmon,Microsoft-Windows-Sysmon/Operational,2448,4460,DC01.corp.local,11,S-1-5-18,RegistryEvent (Value Set),NT AUTHORITY\SYSTEM,,"ProcessID: 716, ProcessGUID: c9182e32-c31a-69ca-0b00-000000000900","RuleName: T1031,T1050",Image: C:\Windows\system32\services.exe,EventType: SetValue,TargetObject: HKLM\System\CurrentControlSet\Services\DevicePickerUserSvc_31acd8\Start,Details: DWORD (0x00000004),,False,C:\Users\owunc\Desktop\lab_logs\DC_Sysmon_ws.evtx,Classic,0,"{""EventData"":{""Data"":[{""@Name"":""RuleName"",""#text"":""T1031,T1050""},{""@Name"":""EventType"",""#text"":""SetValue""},{""@Name"":""UtcTime"",""#text"":""2026-03-30 21:16:41.554""},{""@Name"":""ProcessGuid"",""#text"":""c9182e32-c31a-69ca-0b00-000000000900""},{""@Name"":""ProcessId"",""#text"":""716""},{""@Name"":""Image"",""#text"":""C:\\Windows\\system32\\services.exe""},{""@Name"":""TargetObject"",""#text"":""HKLM\\System\\CurrentControlSet\\Services\\DevicePickerUserSvc_31acd8\\Start""},{""@Name"":""Details"",""#text"":""DWORD (0x00000004)""},{""@Name"":""User"",""#text"":""NT AUTHORITY\\SYSTEM""}]}}"
563,563,2026-03-30 21:16:41.5598946,13,Info,Microsoft-Windows-Sysmon,Microsoft-Windows-Sysmon/Operational,2448,4460,DC01.corp.local,11,S-1-5-18,RegistryEvent (Value Set),NT AUTHORITY\SYSTEM,,"ProcessID: 716, ProcessGUID: c9182e32-c31a-69ca-0b00-000000000900","RuleName: T1031,T1050",Image: C:\Windows\system32\services.exe,EventType: SetValue,TargetObject: HKLM\System\CurrentControlSet\Services\DevicePickerUserSvc_31acd8\ImagePath,Details: C:\Windows\system32\svchost.exe -k DevicesFlow,,False,C:\Users\owunc\Desktop\lab_logs\DC_Sysmon_ws.evtx,Classic,0,"{""EventData"":{""Data"":[{""@Name"":""RuleName"",""#text"":""T1031,T1050""},{""@Name"":""EventType"",""#text"":""SetValue""},{""@Name"":""UtcTime"",""#text"":""2026-03-30 21:16:41.554""},{""@Name"":""ProcessGuid"",""#text"":""c9182e32-c31a-69ca-0b00-000000000900""},{""@Name"":""ProcessId"",""#text"":""716""},{""@Name"":""Image"",""#text"":""C:\\Windows\\system32\\services.exe""},{""@Name"":""TargetObject"",""#text"":""HKLM\\System\\CurrentControlSet\\Services\\DevicePickerUserSvc_31acd8\\ImagePath""},{""@Name"":""Details"",""#text"":""C:\\Windows\\system32\\svchost.exe -k DevicesFlow""},{""@Name"":""User"",""#text"":""NT AUTHORITY\\SYSTEM""}]}}"
564,564,2026-03-30 21:16:41.5602658,13,Info,Microsoft-Windows-Sysmon,Microsoft-Windows-Sysmon/Operational,2448,4460,DC01.corp.local,11,S-1-5-18,RegistryEvent (Value Set),NT AUTHORITY\SYSTEM,,"ProcessID: 716, ProcessGUID: c9182e32-c31a-69ca-0b00-000000000900","RuleName: T1031,T1050",Image: C:\Windows\system32\services.exe,EventType: SetValue,TargetObject: HKLM\System\CurrentControlSet\Services\DevicesFlowUserSvc_31acd8\Start,Details: DWORD (0x00000003),,False,C:\Users\owunc\Desktop\lab_logs\DC_Sysmon_ws.evtx,Classic,0,"{""EventData"":{""Data"":[{""@Name"":""RuleName"",""#text"":""T1031,T1050""},{""@Name"":""EventType"",""#text"":""SetValue""},{""@Name"":""UtcTime"",""#text"":""2026-03-30 21:16:41.554""},{""@Name"":""ProcessGuid"",""#text"":""c9182e32-c31a-69ca-0b00-000000000900""},{""@Name"":""ProcessId"",""#text"":""716""},{""@Name"":""Image"",""#text"":""C:\\Windows\\system32\\services.exe""},{""@Name"":""TargetObject"",""#text"":""HKLM\\System\\CurrentControlSet\\Services\\DevicesFlowUserSvc_31acd8\\Start""},{""@Name"":""Details"",""#text"":""DWORD (0x00000003)""},{""@Name"":""User"",""#text"":""NT AUTHORITY\\SYSTEM""}]}}"
565,565,2026-03-30 21:16:41.5603154,13,Info,Microsoft-Windows-Sysmon,Microsoft-Windows-Sysmon/Operational,2448,4460,DC01.corp.local,11,S-1-5-18,RegistryEvent (Value Set),NT AUTHORITY\SYSTEM,,"ProcessID: 716, ProcessGUID: c9182e32-c31a-69ca-0b00-000000000900","RuleName: T1031,T1050",Image: C:\Windows\system32\services.exe,EventType: SetValue,TargetObject: HKLM\System\CurrentControlSet\Services\DevicesFlowUserSvc_31acd8\ImagePath,Details: C:\Windows\system32\svchost.exe -k DevicesFlow,,False,C:\Users\owunc\Desktop\lab_logs\DC_Sysmon_ws.evtx,Classic,0,"{""EventData"":{""Data"":[{""@Name"":""RuleName"",""#text"":""T1031,T1050""},{""@Name"":""EventType"",""#text"":""SetValue""},{""@Name"":""UtcTime"",""#text"":""2026-03-30 21:16:41.554""},{""@Name"":""ProcessGuid"",""#text"":""c9182e32-c31a-69ca-0b00-000000000900""},{""@Name"":""ProcessId"",""#text"":""716""},{""@Name"":""Image"",""#text"":""C:\\Windows\\system32\\services.exe""},{""@Name"":""TargetObject"",""#text"":""HKLM\\System\\CurrentControlSet\\Services\\DevicesFlowUserSvc_31acd8\\ImagePath""},{""@Name"":""Details"",""#text"":""C:\\Windows\\system32\\svchost.exe -k DevicesFlow""},{""@Name"":""User"",""#text"":""NT AUTHORITY\\SYSTEM""}]}}"
566,566,2026-03-30 21:16:41.5606680,13,Info,Microsoft-Windows-Sysmon,Microsoft-Windows-Sysmon/Operational,2448,4460,DC01.corp.local,11,S-1-5-18,RegistryEvent (Value Set),NT AUTHORITY\SYSTEM,,"ProcessID: 716, ProcessGUID: c9182e32-c31a-69ca-0b00-000000000900","RuleName: T1031,T1050",Image: C:\Windows\system32\services.exe,EventType: SetValue,TargetObject: HKLM\System\CurrentControlSet\Services\PimIndexMaintenanceSvc_31acd8\Start,Details: DWORD (0x00000003),,False,C:\Users\owunc\Desktop\lab_logs\DC_Sysmon_ws.evtx,Classic,0,"{""EventData"":{""Data"":[{""@Name"":""RuleName"",""#text"":""T1031,T1050""},{""@Name"":""EventType"",""#text"":""SetValue""},{""@Name"":""UtcTime"",""#text"":""2026-03-30 21:16:41.554""},{""@Name"":""ProcessGuid"",""#text"":""c9182e32-c31a-69ca-0b00-000000000900""},{""@Name"":""ProcessId"",""#text"":""716""},{""@Name"":""Image"",""#text"":""C:\\Windows\\system32\\services.exe""},{""@Name"":""TargetObject"",""#text"":""HKLM\\System\\CurrentControlSet\\Services\\PimIndexMaintenanceSvc_31acd8\\Start""},{""@Name"":""Details"",""#text"":""DWORD (0x00000003)""},{""@Name"":""User"",""#text"":""NT AUTHORITY\\SYSTEM""}]}}"
567,567,2026-03-30 21:16:41.5607191,13,Info,Microsoft-Windows-Sysmon,Microsoft-Windows-Sysmon/Operational,2448,4460,DC01.corp.local,11,S-1-5-18,RegistryEvent (Value Set),NT AUTHORITY\SYSTEM,,"ProcessID: 716, ProcessGUID: c9182e32-c31a-69ca-0b00-000000000900","RuleName: T1031,T1050",Image: C:\Windows\system32\services.exe,EventType: SetValue,TargetObject: HKLM\System\CurrentControlSet\Services\PimIndexMaintenanceSvc_31acd8\ImagePath,Details: C:\Windows\system32\svchost.exe -k UnistackSvcGroup,,False,C:\Users\owunc\Desktop\lab_logs\DC_Sysmon_ws.evtx,Classic,0,"{""EventData"":{""Data"":[{""@Name"":""RuleName"",""#text"":""T1031,T1050""},{""@Name"":""EventType"",""#text"":""SetValue""},{""@Name"":""UtcTime"",""#text"":""2026-03-30 21:16:41.554""},{""@Name"":""ProcessGuid"",""#text"":""c9182e32-c31a-69ca-0b00-000000000900""},{""@Name"":""ProcessId"",""#text"":""716""},{""@Name"":""Image"",""#text"":""C:\\Windows\\system32\\services.exe""},{""@Name"":""TargetObject"",""#text"":""HKLM\\System\\CurrentControlSet\\Services\\PimIndexMaintenanceSvc_31acd8\\ImagePath""},{""@Name"":""Details"",""#text"":""C:\\Windows\\system32\\svchost.exe -k UnistackSvcGroup""},{""@Name"":""User"",""#text"":""NT AUTHORITY\\SYSTEM""}]}}"
568,568,2026-03-30 21:16:41.5609853,13,Info,Microsoft-Windows-Sysmon,Microsoft-Windows-Sysmon/Operational,2448,4460,DC01.corp.local,11,S-1-5-18,RegistryEvent (Value Set),NT AUTHORITY\SYSTEM,,"ProcessID: 716, ProcessGUID: c9182e32-c31a-69ca-0b00-000000000900","RuleName: T1031,T1050",Image: C:\Windows\system32\services.exe,EventType: SetValue,TargetObject: HKLM\System\CurrentControlSet\Services\PrintWorkflowUserSvc_31acd8\Start,Details: DWORD (0x00000003),,False,C:\Users\owunc\Desktop\lab_logs\DC_Sysmon_ws.evtx,Classic,0,"{""EventData"":{""Data"":[{""@Name"":""RuleName"",""#text"":""T1031,T1050""},{""@Name"":""EventType"",""#text"":""SetValue""},{""@Name"":""UtcTime"",""#text"":""2026-03-30 21:16:41.554""},{""@Name"":""ProcessGuid"",""#text"":""c9182e32-c31a-69ca-0b00-000000000900""},{""@Name"":""ProcessId"",""#text"":""716""},{""@Name"":""Image"",""#text"":""C:\\Windows\\system32\\services.exe""},{""@Name"":""TargetObject"",""#text"":""HKLM\\System\\CurrentControlSet\\Services\\PrintWorkflowUserSvc_31acd8\\Start""},{""@Name"":""Details"",""#text"":""DWORD (0x00000003)""},{""@Name"":""User"",""#text"":""NT AUTHORITY\\SYSTEM""}]}}"
569,569,2026-03-30 21:16:41.5610347,13,Info,Microsoft-Windows-Sysmon,Microsoft-Windows-Sysmon/Operational,2448,4460,DC01.corp.local,11,S-1-5-18,RegistryEvent (Value Set),NT AUTHORITY\SYSTEM,,"ProcessID: 716, ProcessGUID: c9182e32-c31a-69ca-0b00-000000000900","RuleName: T1031,T1050",Image: C:\Windows\system32\services.exe,EventType: SetValue,TargetObject: HKLM\System\CurrentControlSet\Services\PrintWorkflowUserSvc_31acd8\ImagePath,Details: C:\Windows\system32\svchost.exe -k PrintWorkflow,,False,C:\Users\owunc\Desktop\lab_logs\DC_Sysmon_ws.evtx,Classic,0,"{""EventData"":{""Data"":[{""@Name"":""RuleName"",""#text"":""T1031,T1050""},{""@Name"":""EventType"",""#text"":""SetValue""},{""@Name"":""UtcTime"",""#text"":""2026-03-30 21:16:41.554""},{""@Name"":""ProcessGuid"",""#text"":""c9182e32-c31a-69ca-0b00-000000000900""},{""@Name"":""ProcessId"",""#text"":""716""},{""@Name"":""Image"",""#text"":""C:\\Windows\\system32\\services.exe""},{""@Name"":""TargetObject"",""#text"":""HKLM\\System\\CurrentControlSet\\Services\\PrintWorkflowUserSvc_31acd8\\ImagePath""},{""@Name"":""Details"",""#text"":""C:\\Windows\\system32\\svchost.exe -k PrintWorkflow""},{""@Name"":""User"",""#text"":""NT AUTHORITY\\SYSTEM""}]}}"
570,570,2026-03-30 21:16:41.5615761,13,Info,Microsoft-Windows-Sysmon,Microsoft-Windows-Sysmon/Operational,2448,4460,DC01.corp.local,11,S-1-5-18,RegistryEvent (Value Set),NT AUTHORITY\SYSTEM,,"ProcessID: 716, ProcessGUID: c9182e32-c31a-69ca-0b00-000000000900","RuleName: T1031,T1050",Image: C:\Windows\system32\services.exe,EventType: SetValue,TargetObject: HKLM\System\CurrentControlSet\Services\UdkUserSvc_31acd8\Start,Details: DWORD (0x00000003),,False,C:\Users\owunc\Desktop\lab_logs\DC_Sysmon_ws.evtx,Classic,0,"{""EventData"":{""Data"":[{""@Name"":""RuleName"",""#text"":""T1031,T1050""},{""@Name"":""EventType"",""#text"":""SetValue""},{""@Name"":""UtcTime"",""#text"":""2026-03-30 21:16:41.554""},{""@Name"":""ProcessGuid"",""#text"":""c9182e32-c31a-69ca-0b00-000000000900""},{""@Name"":""ProcessId"",""#text"":""716""},{""@Name"":""Image"",""#text"":""C:\\Windows\\system32\\services.exe""},{""@Name"":""TargetObject"",""#text"":""HKLM\\System\\CurrentControlSet\\Services\\UdkUserSvc_31acd8\\Start""},{""@Name"":""Details"",""#text"":""DWORD (0x00000003)""},{""@Name"":""User"",""#text"":""NT AUTHORITY\\SYSTEM""}]}}"
571,571,2026-03-30 21:16:41.5616231,13,Info,Microsoft-Windows-Sysmon,Microsoft-Windows-Sysmon/Operational,2448,4460,DC01.corp.local,11,S-1-5-18,RegistryEvent (Value Set),NT AUTHORITY\SYSTEM,,"ProcessID: 716, ProcessGUID: c9182e32-c31a-69ca-0b00-000000000900","RuleName: T1031,T1050",Image: C:\Windows\system32\services.exe,EventType: SetValue,TargetObject: HKLM\System\CurrentControlSet\Services\UdkUserSvc_31acd8\ImagePath,Details: C:\Windows\system32\svchost.exe -k UdkSvcGroup,,False,C:\Users\owunc\Desktop\lab_logs\DC_Sysmon_ws.evtx,Classic,0,"{""EventData"":{""Data"":[{""@Name"":""RuleName"",""#text"":""T1031,T1050""},{""@Name"":""EventType"",""#text"":""SetValue""},{""@Name"":""UtcTime"",""#text"":""2026-03-30 21:16:41.554""},{""@Name"":""ProcessGuid"",""#text"":""c9182e32-c31a-69ca-0b00-000000000900""},{""@Name"":""ProcessId"",""#text"":""716""},{""@Name"":""Image"",""#text"":""C:\\Windows\\system32\\services.exe""},{""@Name"":""TargetObject"",""#text"":""HKLM\\System\\CurrentControlSet\\Services\\UdkUserSvc_31acd8\\ImagePath""},{""@Name"":""Details"",""#text"":""C:\\Windows\\system32\\svchost.exe -k UdkSvcGroup""},{""@Name"":""User"",""#text"":""NT AUTHORITY\\SYSTEM""}]}}"
572,572,2026-03-30 21:16:41.5619320,13,Info,Microsoft-Windows-Sysmon,Microsoft-Windows-Sysmon/Operational,2448,4460,DC01.corp.local,11,S-1-5-18,RegistryEvent (Value Set),NT AUTHORITY\SYSTEM,,"ProcessID: 716, ProcessGUID: c9182e32-c31a-69ca-0b00-000000000900","RuleName: T1031,T1050",Image: C:\Windows\system32\services.exe,EventType: SetValue,TargetObject: HKLM\System\CurrentControlSet\Services\UnistoreSvc_31acd8\Start,Details: DWORD (0x00000003),,False,C:\Users\owunc\Desktop\lab_logs\DC_Sysmon_ws.evtx,Classic,0,"{""EventData"":{""Data"":[{""@Name"":""RuleName"",""#text"":""T1031,T1050""},{""@Name"":""EventType"",""#text"":""SetValue""},{""@Name"":""UtcTime"",""#text"":""2026-03-30 21:16:41.554""},{""@Name"":""ProcessGuid"",""#text"":""c9182e32-c31a-69ca-0b00-000000000900""},{""@Name"":""ProcessId"",""#text"":""716""},{""@Name"":""Image"",""#text"":""C:\\Windows\\system32\\services.exe""},{""@Name"":""TargetObject"",""#text"":""HKLM\\System\\CurrentControlSet\\Services\\UnistoreSvc_31acd8\\Start""},{""@Name"":""Details"",""#text"":""DWORD (0x00000003)""},{""@Name"":""User"",""#text"":""NT AUTHORITY\\SYSTEM""}]}}"
573,573,2026-03-30 21:16:41.5619971,13,Info,Microsoft-Windows-Sysmon,Microsoft-Windows-Sysmon/Operational,2448,4460,DC01.corp.local,11,S-1-5-18,RegistryEvent (Value Set),NT AUTHORITY\SYSTEM,,"ProcessID: 716, ProcessGUID: c9182e32-c31a-69ca-0b00-000000000900","RuleName: T1031,T1050",Image: C:\Windows\system32\services.exe,EventType: SetValue,TargetObject: HKLM\System\CurrentControlSet\Services\UnistoreSvc_31acd8\ImagePath,Details: C:\Windows\System32\svchost.exe -k UnistackSvcGroup,,False,C:\Users\owunc\Desktop\lab_logs\DC_Sysmon_ws.evtx,Classic,0,"{""EventData"":{""Data"":[{""@Name"":""RuleName"",""#text"":""T1031,T1050""},{""@Name"":""EventType"",""#text"":""SetValue""},{""@Name"":""UtcTime"",""#text"":""2026-03-30 21:16:41.554""},{""@Name"":""ProcessGuid"",""#text"":""c9182e32-c31a-69ca-0b00-000000000900""},{""@Name"":""ProcessId"",""#text"":""716""},{""@Name"":""Image"",""#text"":""C:\\Windows\\system32\\services.exe""},{""@Name"":""TargetObject"",""#text"":""HKLM\\System\\CurrentControlSet\\Services\\UnistoreSvc_31acd8\\ImagePath""},{""@Name"":""Details"",""#text"":""C:\\Windows\\System32\\svchost.exe -k UnistackSvcGroup""},{""@Name"":""User"",""#text"":""NT AUTHORITY\\SYSTEM""}]}}"
574,574,2026-03-30 21:16:41.5623699,13,Info,Microsoft-Windows-Sysmon,Microsoft-Windows-Sysmon/Operational,2448,4460,DC01.corp.local,11,S-1-5-18,RegistryEvent (Value Set),NT AUTHORITY\SYSTEM,,"ProcessID: 716, ProcessGUID: c9182e32-c31a-69ca-0b00-000000000900","RuleName: T1031,T1050",Image: C:\Windows\system32\services.exe,EventType: SetValue,TargetObject: HKLM\System\CurrentControlSet\Services\UserDataSvc_31acd8\Start,Details: DWORD (0x00000003),,False,C:\Users\owunc\Desktop\lab_logs\DC_Sysmon_ws.evtx,Classic,0,"{""EventData"":{""Data"":[{""@Name"":""RuleName"",""#text"":""T1031,T1050""},{""@Name"":""EventType"",""#text"":""SetValue""},{""@Name"":""UtcTime"",""#text"":""2026-03-30 21:16:41.554""},{""@Name"":""ProcessGuid"",""#text"":""c9182e32-c31a-69ca-0b00-000000000900""},{""@Name"":""ProcessId"",""#text"":""716""},{""@Name"":""Image"",""#text"":""C:\\Windows\\system32\\services.exe""},{""@Name"":""TargetObject"",""#text"":""HKLM\\System\\CurrentControlSet\\Services\\UserDataSvc_31acd8\\Start""},{""@Name"":""Details"",""#text"":""DWORD (0x00000003)""},{""@Name"":""User"",""#text"":""NT AUTHORITY\\SYSTEM""}]}}"
