623,623,2026-03-30 21:26:44.3406853,1,Info,Microsoft-Windows-Sysmon,Microsoft-Windows-Sysmon/Operational,2448,4460,DC01.corp.local,12,S-1-5-18,Process creation,NT AUTHORITY\SYSTEM,,"ProcessID: 7048, ProcessGUID: c9182e32-ea94-69ca-b001-000000000900",RuleName: -,"MD5=DC32ABA4669EAFB22FCACD5EC836A107,SHA256=31780FF2AAF7BC71F755BA0E4FEF1D61B060D1D2741EAFB33CBAB44D889595A0,IMPHASH=D8C4E4978657CEA220B495778C972E64",ParentProcess: C:\Windows\System32\services.exe,"ParentProcessID: 716, ParentProcessGUID: c9182e32-c31a-69ca-0b00-000000000900",ParentCommandLine: C:\Windows\system32\services.exe,C:\Windows\System32\svchost.exe -k netsvcs -p -s NetSetupSvc,False,C:\Users\owunc\Desktop\lab_logs\DC_Sysmon_ws.evtx,Classic,0,"{""EventData"":{""Data"":[{""@Name"":""RuleName"",""#text"":""-""},{""@Name"":""UtcTime"",""#text"":""2026-03-30 21:26:44.339""},{""@Name"":""ProcessGuid"",""#text"":""c9182e32-ea94-69ca-b001-000000000900""},{""@Name"":""ProcessId"",""#text"":""7048""},{""@Name"":""Image"",""#text"":""C:\\Windows\\System32\\svchost.exe""},{""@Name"":""FileVersion"",""#text"":""10.0.20348.558 (WinBuild.160101.0800)""},{""@Name"":""Description"",""#text"":""Host Process for Windows Services""},{""@Name"":""Product"",""#text"":""Microsoft® Windows® Operating System""},{""@Name"":""Company"",""#text"":""Microsoft Corporation""},{""@Name"":""OriginalFileName"",""#text"":""svchost.exe""},{""@Name"":""CommandLine"",""#text"":""C:\\Windows\\System32\\svchost.exe -k netsvcs -p -s NetSetupSvc""},{""@Name"":""CurrentDirectory"",""#text"":""C:\\Windows\\system32\\""},{""@Name"":""User"",""#text"":""NT AUTHORITY\\SYSTEM""},{""@Name"":""LogonGuid"",""#text"":""c9182e32-c31a-69ca-e703-000000000000""},{""@Name"":""LogonId"",""#text"":""0x3E7""},{""@Name"":""TerminalSessionId"",""#text"":""0""},{""@Name"":""IntegrityLevel"",""#text"":""System""},{""@Name"":""Hashes"",""#text"":""MD5=DC32ABA4669EAFB22FCACD5EC836A107,SHA256=31780FF2AAF7BC71F755BA0E4FEF1D61B060D1D2741EAFB33CBAB44D889595A0,IMPHASH=D8C4E4978657CEA220B495778C972E64""},{""@Name"":""ParentProcessGuid"",""#text"":""c9182e32-c31a-69ca-0b00-000000000900""},{""@Name"":""ParentProcessId"",""#text"":""716""},{""@Name"":""ParentImage"",""#text"":""C:\\Windows\\System32\\services.exe""},{""@Name"":""ParentCommandLine"",""#text"":""C:\\Windows\\system32\\services.exe""},{""@Name"":""ParentUser"",""#text"":""NT AUTHORITY\\SYSTEM""}]}}"
624,624,2026-03-30 21:29:15.5129432,1,Info,Microsoft-Windows-Sysmon,Microsoft-Windows-Sysmon/Operational,2448,4460,DC01.corp.local,12,S-1-5-18,Process creation,NT AUTHORITY\SYSTEM,,"ProcessID: 6184, ProcessGUID: c9182e32-eb2b-69ca-b201-000000000900",RuleName: -,"MD5=E89CE4D977963E8734B4E68644F7FC63,SHA256=CE38B4D6208D3D975FFB21E67775F52AD70733FDDB1306EF6D070DDD13B5D193,IMPHASH=777EA90B75B4F80FB2E01F17AFF412ED",ParentProcess: C:\Program Files\VMware\VMware Tools\vmtoolsd.exe,"ParentProcessID: 2380, ParentProcessGUID: c9182e32-c326-69ca-4400-000000000900","ParentCommandLine: ""C:\Program Files\VMware\VMware Tools\vmtoolsd.exe""","""C:\Program Files\VMware\VMware Tools\VMwareResolutionSet.exe"" 0 1 , 0 0 1680 920 0",False,C:\Users\owunc\Desktop\lab_logs\DC_Sysmon_ws.evtx,Classic,0,"{""EventData"":{""Data"":[{""@Name"":""RuleName"",""#text"":""-""},{""@Name"":""UtcTime"",""#text"":""2026-03-30 21:29:15.511""},{""@Name"":""ProcessGuid"",""#text"":""c9182e32-eb2b-69ca-b201-000000000900""},{""@Name"":""ProcessId"",""#text"":""6184""},{""@Name"":""Image"",""#text"":""C:\\Program Files\\VMware\\VMware Tools\\VMwareResolutionSet.exe""},{""@Name"":""FileVersion"",""#text"":""13.0.1.0""},{""@Name"":""Description"",""#text"":""VMware Resolution Set""},{""@Name"":""Product"",""#text"":""VMware Tools""},{""@Name"":""Company"",""#text"":""Broadcom Inc.""},{""@Name"":""OriginalFileName"",""#text"":""ResolutionSet.exe""},{""@Name"":""CommandLine"",""#text"":""\""C:\\Program Files\\VMware\\VMware Tools\\VMwareResolutionSet.exe\"" 0 1 , 0 0 1680 920 0""},{""@Name"":""CurrentDirectory"",""#text"":""C:\\Windows\\system32\\""},{""@Name"":""User"",""#text"":""NT AUTHORITY\\SYSTEM""},{""@Name"":""LogonGuid"",""#text"":""c9182e32-c31a-69ca-e703-000000000000""},{""@Name"":""LogonId"",""#text"":""0x3E7""},{""@Name"":""TerminalSessionId"",""#text"":""1""},{""@Name"":""IntegrityLevel"",""#text"":""System""},{""@Name"":""Hashes"",""#text"":""MD5=E89CE4D977963E8734B4E68644F7FC63,SHA256=CE38B4D6208D3D975FFB21E67775F52AD70733FDDB1306EF6D070DDD13B5D193,IMPHASH=777EA90B75B4F80FB2E01F17AFF412ED""},{""@Name"":""ParentProcessGuid"",""#text"":""c9182e32-c326-69ca-4400-000000000900""},{""@Name"":""ParentProcessId"",""#text"":""2380""},{""@Name"":""ParentImage"",""#text"":""C:\\Program Files\\VMware\\VMware Tools\\vmtoolsd.exe""},{""@Name"":""ParentCommandLine"",""#text"":""\""C:\\Program Files\\VMware\\VMware Tools\\vmtoolsd.exe\""""},{""@Name"":""ParentUser"",""#text"":""NT AUTHORITY\\SYSTEM""}]}}"
625,625,2026-03-30 21:29:22.5536129,1,Info,Microsoft-Windows-Sysmon,Microsoft-Windows-Sysmon/Operational,2448,4460,DC01.corp.local,12,S-1-5-18,Process creation,CORP\Administrator,,"ProcessID: 3312, ProcessGUID: c9182e32-eb32-69ca-b501-000000000900",RuleName: -,"MD5=DC32ABA4669EAFB22FCACD5EC836A107,SHA256=31780FF2AAF7BC71F755BA0E4FEF1D61B060D1D2741EAFB33CBAB44D889595A0,IMPHASH=D8C4E4978657CEA220B495778C972E64",ParentProcess: C:\Windows\System32\services.exe,"ParentProcessID: 716, ParentProcessGUID: c9182e32-c31a-69ca-0b00-000000000900",ParentCommandLine: C:\Windows\system32\services.exe,C:\Windows\system32\svchost.exe -k LocalService -p -s CaptureService,False,C:\Users\owunc\Desktop\lab_logs\DC_Sysmon_ws.evtx,Classic,0,"{""EventData"":{""Data"":[{""@Name"":""RuleName"",""#text"":""-""},{""@Name"":""UtcTime"",""#text"":""2026-03-30 21:29:22.552""},{""@Name"":""ProcessGuid"",""#text"":""c9182e32-eb32-69ca-b501-000000000900""},{""@Name"":""ProcessId"",""#text"":""3312""},{""@Name"":""Image"",""#text"":""C:\\Windows\\System32\\svchost.exe""},{""@Name"":""FileVersion"",""#text"":""10.0.20348.558 (WinBuild.160101.0800)""},{""@Name"":""Description"",""#text"":""Host Process for Windows Services""},{""@Name"":""Product"",""#text"":""Microsoft® Windows® Operating System""},{""@Name"":""Company"",""#text"":""Microsoft Corporation""},{""@Name"":""OriginalFileName"",""#text"":""svchost.exe""},{""@Name"":""CommandLine"",""#text"":""C:\\Windows\\system32\\svchost.exe -k LocalService -p -s CaptureService""},{""@Name"":""CurrentDirectory"",""#text"":""C:\\Windows\\system32\\""},{""@Name"":""User"",""#text"":""CORP\\Administrator""},{""@Name"":""LogonGuid"",""#text"":""c9182e32-e839-69ca-bb8f-310000000000""},{""@Name"":""LogonId"",""#text"":""0x318FBB""},{""@Name"":""TerminalSessionId"",""#text"":""1""},{""@Name"":""IntegrityLevel"",""#text"":""High""},{""@Name"":""Hashes"",""#text"":""MD5=DC32ABA4669EAFB22FCACD5EC836A107,SHA256=31780FF2AAF7BC71F755BA0E4FEF1D61B060D1D2741EAFB33CBAB44D889595A0,IMPHASH=D8C4E4978657CEA220B495778C972E64""},{""@Name"":""ParentProcessGuid"",""#text"":""c9182e32-c31a-69ca-0b00-000000000900""},{""@Name"":""ParentProcessId"",""#text"":""716""},{""@Name"":""ParentImage"",""#text"":""C:\\Windows\\System32\\services.exe""},{""@Name"":""ParentCommandLine"",""#text"":""C:\\Windows\\system32\\services.exe""},{""@Name"":""ParentUser"",""#text"":""NT AUTHORITY\\SYSTEM""}]}}"
626,626,2026-03-30 21:30:17.1056867,1,Info,Microsoft-Windows-Sysmon,Microsoft-Windows-Sysmon/Operational,2448,4460,DC01.corp.local,12,S-1-5-18,Process creation,NT AUTHORITY\SYSTEM,,"ProcessID: 6536, ProcessGUID: c9182e32-eb69-69ca-b601-000000000900",RuleName: -,"MD5=F4C8C7DEF69C3FCAF375DB9A7710FD35,SHA256=BAA6A7EF33E7C221C92DA777158307D1B1CE72BF6ADACA1A1A9CBE3236202602,IMPHASH=0CD20E0C34FEEEED5ABF4A932E36871C",ParentProcess: C:\Windows\System32\svchost.exe,"ParentProcessID: 1696, ParentProcessGUID: c9182e32-c31d-69ca-2100-000000000900",ParentCommandLine: C:\Windows\system32\svchost.exe -k netsvcs -p -s Schedule,C:\Windows\System32\dsregcmd.exe $(Arg0) $(Arg1) $(Arg2),False,C:\Users\owunc\Desktop\lab_logs\DC_Sysmon_ws.evtx,Classic,0,"{""EventData"":{""Data"":[{""@Name"":""RuleName"",""#text"":""-""},{""@Name"":""UtcTime"",""#text"":""2026-03-30 21:30:17.104""},{""@Name"":""ProcessGuid"",""#text"":""c9182e32-eb69-69ca-b601-000000000900""},{""@Name"":""ProcessId"",""#text"":""6536""},{""@Name"":""Image"",""#text"":""C:\\Windows\\System32\\dsregcmd.exe""},{""@Name"":""FileVersion"",""#text"":""10.0.20348.261 (WinBuild.160101.0800)""},{""@Name"":""Description"",""#text"":""DSREG commandline tool""},{""@Name"":""Product"",""#text"":""Microsoft® Windows® Operating System""},{""@Name"":""Company"",""#text"":""Microsoft Corporation""},{""@Name"":""OriginalFileName"",""#text"":""dsregcmd.exe""},{""@Name"":""CommandLine"",""#text"":""C:\\Windows\\System32\\dsregcmd.exe $(Arg0) $(Arg1) $(Arg2)""},{""@Name"":""CurrentDirectory"",""#text"":""C:\\Windows\\system32\\""},{""@Name"":""User"",""#text"":""NT AUTHORITY\\SYSTEM""},{""@Name"":""LogonGuid"",""#text"":""c9182e32-c31a-69ca-e703-000000000000""},{""@Name"":""LogonId"",""#text"":""0x3E7""},{""@Name"":""TerminalSessionId"",""#text"":""0""},{""@Name"":""IntegrityLevel"",""#text"":""System""},{""@Name"":""Hashes"",""#text"":""MD5=F4C8C7DEF69C3FCAF375DB9A7710FD35,SHA256=BAA6A7EF33E7C221C92DA777158307D1B1CE72BF6ADACA1A1A9CBE3236202602,IMPHASH=0CD20E0C34FEEEED5ABF4A932E36871C""},{""@Name"":""ParentProcessGuid"",""#text"":""c9182e32-c31d-69ca-2100-000000000900""},{""@Name"":""ParentProcessId"",""#text"":""1696""},{""@Name"":""ParentImage"",""#text"":""C:\\Windows\\System32\\svchost.exe""},{""@Name"":""ParentCommandLine"",""#text"":""C:\\Windows\\system32\\svchost.exe -k netsvcs -p -s Schedule""},{""@Name"":""ParentUser"",""#text"":""NT AUTHORITY\\SYSTEM""}]}}"
627,627,2026-03-30 21:30:19.1972346,22,Info,Microsoft-Windows-Sysmon,Microsoft-Windows-Sysmon/Operational,2448,4476,DC01.corp.local,12,S-1-5-18,DNSEvent (DNS query),NT AUTHORITY\SYSTEM,,"ProcessID: 6536, ProcessGUID: c9182e32-eb69-69ca-b601-000000000900",RuleName: -,Image: C:\Windows\System32\dsregcmd.exe,QueryName: DC01.corp.local,QueryStatus: 0,QueryResults: fe80::edbf:7020:ccdd:502e;::ffff:192.168.93.50;,,False,C:\Users\owunc\Desktop\lab_logs\DC_Sysmon_ws.evtx,Classic,0,"{""EventData"":{""Data"":[{""@Name"":""RuleName"",""#text"":""-""},{""@Name"":""UtcTime"",""#text"":""2026-03-30 21:30:17.137""},{""@Name"":""ProcessGuid"",""#text"":""c9182e32-eb69-69ca-b601-000000000900""},{""@Name"":""ProcessId"",""#text"":""6536""},{""@Name"":""QueryName"",""#text"":""DC01.corp.local""},{""@Name"":""QueryStatus"",""#text"":""0""},{""@Name"":""QueryResults"",""#text"":""fe80::edbf:7020:ccdd:502e;::ffff:192.168.93.50;""},{""@Name"":""Image"",""#text"":""C:\\Windows\\System32\\dsregcmd.exe""},{""@Name"":""User"",""#text"":""NT AUTHORITY\\SYSTEM""}]}}"
628,628,2026-03-30 21:33:29.6378252,1,Info,Microsoft-Windows-Sysmon,Microsoft-Windows-Sysmon/Operational,2448,4460,DC01.corp.local,12,S-1-5-18,Process creation,NT AUTHORITY\SYSTEM,,"ProcessID: 6624, ProcessGUID: c9182e32-ec29-69ca-b801-000000000900",RuleName: -,"MD5=A01716583968F60BD83C4830C3B3FCDA,SHA256=F4E3B06DFF2B91150FBE3E06329CAF45674DC505495FC96F32BEBF6FAE08DF6E,IMPHASH=7D3978CBEEDF0AC8C9F49FED049B426E",ParentProcess: C:\Windows\System32\svchost.exe,"ParentProcessID: 948, ParentProcessGUID: c9182e32-c31b-69ca-0d00-000000000900",ParentCommandLine: C:\Windows\system32\svchost.exe -k DcomLaunch -p,C:\Windows\System32\mousocoreworker.exe -Embedding,False,C:\Users\owunc\Desktop\lab_logs\DC_Sysmon_ws.evtx,Classic,0,"{""EventData"":{""Data"":[{""@Name"":""RuleName"",""#text"":""-""},{""@Name"":""UtcTime"",""#text"":""2026-03-30 21:33:29.636""},{""@Name"":""ProcessGuid"",""#text"":""c9182e32-ec29-69ca-b801-000000000900""},{""@Name"":""ProcessId"",""#text"":""6624""},{""@Name"":""Image"",""#text"":""C:\\Windows\\System32\\MoUsoCoreWorker.exe""},{""@Name"":""FileVersion"",""#text"":""10.0.20348.380 (WinBuild.160101.0800)""},{""@Name"":""Description"",""#text"":""MoUSO Core Worker Process""},{""@Name"":""Product"",""#text"":""Microsoft® Windows® Operating System""},{""@Name"":""Company"",""#text"":""Microsoft Corporation""},{""@Name"":""OriginalFileName"",""#text"":""MoUSOCoreWorker.exe""},{""@Name"":""CommandLine"",""#text"":""C:\\Windows\\System32\\mousocoreworker.exe -Embedding""},{""@Name"":""CurrentDirectory"",""#text"":""C:\\Windows\\system32\\""},{""@Name"":""User"",""#text"":""NT AUTHORITY\\SYSTEM""},{""@Name"":""LogonGuid"",""#text"":""c9182e32-c31a-69ca-e703-000000000000""},{""@Name"":""LogonId"",""#text"":""0x3E7""},{""@Name"":""TerminalSessionId"",""#text"":""0""},{""@Name"":""IntegrityLevel"",""#text"":""System""},{""@Name"":""Hashes"",""#text"":""MD5=A01716583968F60BD83C4830C3B3FCDA,SHA256=F4E3B06DFF2B91150FBE3E06329CAF45674DC505495FC96F32BEBF6FAE08DF6E,IMPHASH=7D3978CBEEDF0AC8C9F49FED049B426E""},{""@Name"":""ParentProcessGuid"",""#text"":""c9182e32-c31b-69ca-0d00-000000000900""},{""@Name"":""ParentProcessId"",""#text"":""948""},{""@Name"":""ParentImage"",""#text"":""C:\\Windows\\System32\\svchost.exe""},{""@Name"":""ParentCommandLine"",""#text"":""C:\\Windows\\system32\\svchost.exe -k DcomLaunch -p""},{""@Name"":""ParentUser"",""#text"":""NT AUTHORITY\\SYSTEM""}]}}"
629,629,2026-03-30 21:36:44.3741125,1,Info,Microsoft-Windows-Sysmon,Microsoft-Windows-Sysmon/Operational,2448,4460,DC01.corp.local,12,S-1-5-18,Process creation,NT AUTHORITY\SYSTEM,,"ProcessID: 6300, ProcessGUID: c9182e32-ecec-69ca-bb01-000000000900",RuleName: -,"MD5=DC32ABA4669EAFB22FCACD5EC836A107,SHA256=31780FF2AAF7BC71F755BA0E4FEF1D61B060D1D2741EAFB33CBAB44D889595A0,IMPHASH=D8C4E4978657CEA220B495778C972E64",ParentProcess: C:\Windows\System32\services.exe,"ParentProcessID: 716, ParentProcessGUID: c9182e32-c31a-69ca-0b00-000000000900",ParentCommandLine: C:\Windows\system32\services.exe,C:\Windows\System32\svchost.exe -k netsvcs -p -s NetSetupSvc,False,C:\Users\owunc\Desktop\lab_logs\DC_Sysmon_ws.evtx,Classic,0,"{""EventData"":{""Data"":[{""@Name"":""RuleName"",""#text"":""-""},{""@Name"":""UtcTime"",""#text"":""2026-03-30 21:36:44.372""},{""@Name"":""ProcessGuid"",""#text"":""c9182e32-ecec-69ca-bb01-000000000900""},{""@Name"":""ProcessId"",""#text"":""6300""},{""@Name"":""Image"",""#text"":""C:\\Windows\\System32\\svchost.exe""},{""@Name"":""FileVersion"",""#text"":""10.0.20348.558 (WinBuild.160101.0800)""},{""@Name"":""Description"",""#text"":""Host Process for Windows Services""},{""@Name"":""Product"",""#text"":""Microsoft® Windows® Operating System""},{""@Name"":""Company"",""#text"":""Microsoft Corporation""},{""@Name"":""OriginalFileName"",""#text"":""svchost.exe""},{""@Name"":""CommandLine"",""#text"":""C:\\Windows\\System32\\svchost.exe -k netsvcs -p -s NetSetupSvc""},{""@Name"":""CurrentDirectory"",""#text"":""C:\\Windows\\system32\\""},{""@Name"":""User"",""#text"":""NT AUTHORITY\\SYSTEM""},{""@Name"":""LogonGuid"",""#text"":""c9182e32-c31a-69ca-e703-000000000000""},{""@Name"":""LogonId"",""#text"":""0x3E7""},{""@Name"":""TerminalSessionId"",""#text"":""0""},{""@Name"":""IntegrityLevel"",""#text"":""System""},{""@Name"":""Hashes"",""#text"":""MD5=DC32ABA4669EAFB22FCACD5EC836A107,SHA256=31780FF2AAF7BC71F755BA0E4FEF1D61B060D1D2741EAFB33CBAB44D889595A0,IMPHASH=D8C4E4978657CEA220B495778C972E64""},{""@Name"":""ParentProcessGuid"",""#text"":""c9182e32-c31a-69ca-0b00-000000000900""},{""@Name"":""ParentProcessId"",""#text"":""716""},{""@Name"":""ParentImage"",""#text"":""C:\\Windows\\System32\\services.exe""},{""@Name"":""ParentCommandLine"",""#text"":""C:\\Windows\\system32\\services.exe""},{""@Name"":""ParentUser"",""#text"":""NT AUTHORITY\\SYSTEM""}]}}"
630,630,2026-03-30 21:39:29.4532116,1,Info,Microsoft-Windows-Sysmon,Microsoft-Windows-Sysmon/Operational,2448,4460,DC01.corp.local,12,S-1-5-18,Process creation,NT AUTHORITY\SYSTEM,,"ProcessID: 4264, ProcessGUID: c9182e32-ed91-69ca-be01-000000000900",RuleName: -,"MD5=6CD47CA4515B2F81B5CA1E6CA9A323CC,SHA256=CABE8FF476F814DF398735AD3AD993884AD100C9AA4C153B4BACB7EF9FB555F9,IMPHASH=0EF1A1FBF5FA5B3737A8D19C60F416A9",ParentProcess: C:\Windows\System32\winlogon.exe,"ParentProcessID: 668, ParentProcessGUID: c9182e32-c31a-69ca-0a00-000000000900",ParentCommandLine: winlogon.exe,"""LogonUI.exe"" /flags:0x0 /state0:0xa3852055 /state1:0x41c64e6d",False,C:\Users\owunc\Desktop\lab_logs\DC_Sysmon_ws.evtx,Classic,0,"{""EventData"":{""Data"":[{""@Name"":""RuleName"",""#text"":""-""},{""@Name"":""UtcTime"",""#text"":""2026-03-30 21:39:29.450""},{""@Name"":""ProcessGuid"",""#text"":""c9182e32-ed91-69ca-be01-000000000900""},{""@Name"":""ProcessId"",""#text"":""4264""},{""@Name"":""Image"",""#text"":""C:\\Windows\\System32\\LogonUI.exe""},{""@Name"":""FileVersion"",""#text"":""10.0.20348.1 (WinBuild.160101.0800)""},{""@Name"":""Description"",""#text"":""Windows Logon User Interface Host""},{""@Name"":""Product"",""#text"":""Microsoft® Windows® Operating System""},{""@Name"":""Company"",""#text"":""Microsoft Corporation""},{""@Name"":""OriginalFileName"",""#text"":""logonui.exe""},{""@Name"":""CommandLine"",""#text"":""\""LogonUI.exe\"" /flags:0x0 /state0:0xa3852055 /state1:0x41c64e6d""},{""@Name"":""CurrentDirectory"",""#text"":""C:\\Windows\\system32\\""},{""@Name"":""User"",""#text"":""NT AUTHORITY\\SYSTEM""},{""@Name"":""LogonGuid"",""#text"":""c9182e32-c31a-69ca-e703-000000000000""},{""@Name"":""LogonId"",""#text"":""0x3E7""},{""@Name"":""TerminalSessionId"",""#text"":""1""},{""@Name"":""IntegrityLevel"",""#text"":""System""},{""@Name"":""Hashes"",""#text"":""MD5=6CD47CA4515B2F81B5CA1E6CA9A323CC,SHA256=CABE8FF476F814DF398735AD3AD993884AD100C9AA4C153B4BACB7EF9FB555F9,IMPHASH=0EF1A1FBF5FA5B3737A8D19C60F416A9""},{""@Name"":""ParentProcessGuid"",""#text"":""c9182e32-c31a-69ca-0a00-000000000900""},{""@Name"":""ParentProcessId"",""#text"":""668""},{""@Name"":""ParentImage"",""#text"":""C:\\Windows\\System32\\winlogon.exe""},{""@Name"":""ParentCommandLine"",""#text"":""winlogon.exe""},{""@Name"":""ParentUser"",""#text"":""NT AUTHORITY\\SYSTEM""}]}}"
631,631,2026-03-30 21:39:29.4907455,1,Info,Microsoft-Windows-Sysmon,Microsoft-Windows-Sysmon/Operational,2448,4460,DC01.corp.local,12,S-1-5-18,Process creation,CORP\Administrator,,"ProcessID: 7060, ProcessGUID: c9182e32-ed91-69ca-bf01-000000000900",RuleName: -,"MD5=5487316514F4ADA7E6E0BD9EAA2256E7,SHA256=F447AE2E838D4DE71CA4BABA321FEA67DABB38AA4321EFAC81F3FF03CF55FE0A,IMPHASH=1C4E2D9936E4D9F2490B08AAB4D24260",ParentProcess: C:\Windows\System32\svchost.exe,"ParentProcessID: 1696, ParentProcessGUID: c9182e32-c31d-69ca-2100-000000000900",ParentCommandLine: C:\Windows\system32\svchost.exe -k netsvcs -p -s Schedule,taskhostw.exe KEYROAMING,False,C:\Users\owunc\Desktop\lab_logs\DC_Sysmon_ws.evtx,Classic,0,"{""EventData"":{""Data"":[{""@Name"":""RuleName"",""#text"":""-""},{""@Name"":""UtcTime"",""#text"":""2026-03-30 21:39:29.489""},{""@Name"":""ProcessGuid"",""#text"":""c9182e32-ed91-69ca-bf01-000000000900""},{""@Name"":""ProcessId"",""#text"":""7060""},{""@Name"":""Image"",""#text"":""C:\\Windows\\System32\\taskhostw.exe""},{""@Name"":""FileVersion"",""#text"":""10.0.20348.1 (WinBuild.160101.0800)""},{""@Name"":""Description"",""#text"":""Host Process for Windows Tasks""},{""@Name"":""Product"",""#text"":""Microsoft® Windows® Operating System""},{""@Name"":""Company"",""#text"":""Microsoft Corporation""},{""@Name"":""OriginalFileName"",""#text"":""taskhostw.exe""},{""@Name"":""CommandLine"",""#text"":""taskhostw.exe KEYROAMING""},{""@Name"":""CurrentDirectory"",""#text"":""C:\\Windows\\system32\\""},{""@Name"":""User"",""#text"":""CORP\\Administrator""},{""@Name"":""LogonGuid"",""#text"":""c9182e32-e839-69ca-bb8f-310000000000""},{""@Name"":""LogonId"",""#text"":""0x318FBB""},{""@Name"":""TerminalSessionId"",""#text"":""1""},{""@Name"":""IntegrityLevel"",""#text"":""High""},{""@Name"":""Hashes"",""#text"":""MD5=5487316514F4ADA7E6E0BD9EAA2256E7,SHA256=F447AE2E838D4DE71CA4BABA321FEA67DABB38AA4321EFAC81F3FF03CF55FE0A,IMPHASH=1C4E2D9936E4D9F2490B08AAB4D24260""},{""@Name"":""ParentProcessGuid"",""#text"":""c9182e32-c31d-69ca-2100-000000000900""},{""@Name"":""ParentProcessId"",""#text"":""1696""},{""@Name"":""ParentImage"",""#text"":""C:\\Windows\\System32\\svchost.exe""},{""@Name"":""ParentCommandLine"",""#text"":""C:\\Windows\\system32\\svchost.exe -k netsvcs -p -s Schedule""},{""@Name"":""ParentUser"",""#text"":""NT AUTHORITY\\SYSTEM""}]}}"
632,632,2026-03-30 21:39:29.9613062,1,Info,Microsoft-Windows-Sysmon,Microsoft-Windows-Sysmon/Operational,2448,4460,DC01.corp.local,12,S-1-5-18,Process creation,NT AUTHORITY\SYSTEM,,"ProcessID: 936, ProcessGUID: c9182e32-ed91-69ca-c101-000000000900",RuleName: -,"MD5=464D0D44C67DD965EE607CFCD99A48AB,SHA256=B864B5AF5F77F4A5D0FE8E22B240C34691D49815BC7FE3B7FAC7E1C959CBE528,IMPHASH=6CDFF17098638A6205128AAF982E8871",ParentProcess: C:\Windows\System32\services.exe,"ParentProcessID: 716, ParentProcessGUID: c9182e32-c31a-69ca-0b00-000000000900",ParentCommandLine: C:\Windows\system32\services.exe,C:\Windows\servicing\TrustedInstaller.exe,False,C:\Users\owunc\Desktop\lab_logs\DC_Sysmon_ws.evtx,Classic,0,"{""EventData"":{""Data"":[{""@Name"":""RuleName"",""#text"":""-""},{""@Name"":""UtcTime"",""#text"":""2026-03-30 21:39:29.957""},{""@Name"":""ProcessGuid"",""#text"":""c9182e32-ed91-69ca-c101-000000000900""},{""@Name"":""ProcessId"",""#text"":""936""},{""@Name"":""Image"",""#text"":""C:\\Windows\\servicing\\TrustedInstaller.exe""},{""@Name"":""FileVersion"",""#text"":""10.0.20348.502 (WinBuild.160101.0800)""},{""@Name"":""Description"",""#text"":""Windows Modules Installer""},{""@Name"":""Product"",""#text"":""Microsoft® Windows® Operating System""},{""@Name"":""Company"",""#text"":""Microsoft Corporation""},{""@Name"":""OriginalFileName"",""#text"":""TrustedInstaller.exe""},{""@Name"":""CommandLine"",""#text"":""C:\\Windows\\servicing\\TrustedInstaller.exe""},{""@Name"":""CurrentDirectory"",""#text"":""C:\\Windows\\system32\\""},{""@Name"":""User"",""#text"":""NT AUTHORITY\\SYSTEM""},{""@Name"":""LogonGuid"",""#text"":""c9182e32-c31a-69ca-e703-000000000000""},{""@Name"":""LogonId"",""#text"":""0x3E7""},{""@Name"":""TerminalSessionId"",""#text"":""0""},{""@Name"":""IntegrityLevel"",""#text"":""System""},{""@Name"":""Hashes"",""#text"":""MD5=464D0D44C67DD965EE607CFCD99A48AB,SHA256=B864B5AF5F77F4A5D0FE8E22B240C34691D49815BC7FE3B7FAC7E1C959CBE528,IMPHASH=6CDFF17098638A6205128AAF982E8871""},{""@Name"":""ParentProcessGuid"",""#text"":""c9182e32-c31a-69ca-0b00-000000000900""},{""@Name"":""ParentProcessId"",""#text"":""716""},{""@Name"":""ParentImage"",""#text"":""C:\\Windows\\System32\\services.exe""},{""@Name"":""ParentCommandLine"",""#text"":""C:\\Windows\\system32\\services.exe""},{""@Name"":""ParentUser"",""#text"":""NT AUTHORITY\\SYSTEM""}]}}"
633,633,2026-03-30 21:39:29.9780843,1,Info,Microsoft-Windows-Sysmon,Microsoft-Windows-Sysmon/Operational,2448,4460,DC01.corp.local,12,S-1-5-18,Process creation,NT AUTHORITY\SYSTEM,,"ProcessID: 2284, ProcessGUID: c9182e32-ed91-69ca-c201-000000000900",RuleName: -,"MD5=0B6F22DA11CC77C46AA67EE6B6C3EAD0,SHA256=E4C3EB66ECB2E946924031191D761A59DEBE940BE7F019FED78C8B558D67EE47,IMPHASH=D841FC50F72911FF192FAF83F874E4DF",ParentProcess: C:\Windows\System32\svchost.exe,"ParentProcessID: 948, ParentProcessGUID: c9182e32-c31b-69ca-0d00-000000000900",ParentCommandLine: C:\Windows\system32\svchost.exe -k DcomLaunch -p,C:\Windows\winsxs\amd64_microsoft-windows-servicingstack_31bf3856ad364e35_10.0.20348.557_none_f1edaeb8515fa10d\TiWorker.exe -Embedding,False,C:\Users\owunc\Desktop\lab_logs\DC_Sysmon_ws.evtx,Classic,0,"{""EventData"":{""Data"":[{""@Name"":""RuleName"",""#text"":""-""},{""@Name"":""UtcTime"",""#text"":""2026-03-30 21:39:29.974""},{""@Name"":""ProcessGuid"",""#text"":""c9182e32-ed91-69ca-c201-000000000900""},{""@Name"":""ProcessId"",""#text"":""2284""},{""@Name"":""Image"",""#text"":""C:\\Windows\\WinSxS\\amd64_microsoft-windows-servicingstack_31bf3856ad364e35_10.0.20348.557_none_f1edaeb8515fa10d\\TiWorker.exe""},{""@Name"":""FileVersion"",""#text"":""10.0.20348.557 (WinBuild.160101.0800)""},{""@Name"":""Description"",""#text"":""Windows Modules Installer Worker""},{""@Name"":""Product"",""#text"":""Microsoft® Windows® Operating System""},{""@Name"":""Company"",""#text"":""Microsoft Corporation""},{""@Name"":""OriginalFileName"",""#text"":""TiWorker.exe""},{""@Name"":""CommandLine"",""#text"":""C:\\Windows\\winsxs\\amd64_microsoft-windows-servicingstack_31bf3856ad364e35_10.0.20348.557_none_f1edaeb8515fa10d\\TiWorker.exe -Embedding""},{""@Name"":""CurrentDirectory"",""#text"":""C:\\Windows\\system32\\""},{""@Name"":""User"",""#text"":""NT AUTHORITY\\SYSTEM""},{""@Name"":""LogonGuid"",""#text"":""c9182e32-c31a-69ca-e703-000000000000""},{""@Name"":""LogonId"",""#text"":""0x3E7""},{""@Name"":""TerminalSessionId"",""#text"":""0""},{""@Name"":""IntegrityLevel"",""#text"":""System""},{""@Name"":""Hashes"",""#text"":""MD5=0B6F22DA11CC77C46AA67EE6B6C3EAD0,SHA256=E4C3EB66ECB2E946924031191D761A59DEBE940BE7F019FED78C8B558D67EE47,IMPHASH=D841FC50F72911FF192FAF83F874E4DF""},{""@Name"":""ParentProcessGuid"",""#text"":""c9182e32-c31b-69ca-0d00-000000000900""},{""@Name"":""ParentProcessId"",""#text"":""948""},{""@Name"":""ParentImage"",""#text"":""C:\\Windows\\System32\\svchost.exe""},{""@Name"":""ParentCommandLine"",""#text"":""C:\\Windows\\system32\\svchost.exe -k DcomLaunch -p""},{""@Name"":""ParentUser"",""#text"":""NT AUTHORITY\\SYSTEM""}]}}"
634,634,2026-03-30 21:40:32.0131131,1,Info,Microsoft-Windows-Sysmon,Microsoft-Windows-Sysmon/Operational,2448,4460,DC01.corp.local,12,S-1-5-18,Process creation,NT AUTHORITY\SYSTEM,,"ProcessID: 6060, ProcessGUID: c9182e32-edd0-69ca-c301-000000000900",RuleName: -,"MD5=DC32ABA4669EAFB22FCACD5EC836A107,SHA256=31780FF2AAF7BC71F755BA0E4FEF1D61B060D1D2741EAFB33CBAB44D889595A0,IMPHASH=D8C4E4978657CEA220B495778C972E64",ParentProcess: C:\Windows\System32\services.exe,"ParentProcessID: 716, ParentProcessGUID: c9182e32-c31a-69ca-0b00-000000000900",ParentCommandLine: C:\Windows\system32\services.exe,C:\Windows\System32\svchost.exe -k netsvcs -p -s NetSetupSvc,False,C:\Users\owunc\Desktop\lab_logs\DC_Sysmon_ws.evtx,Classic,0,"{""EventData"":{""Data"":[{""@Name"":""RuleName"",""#text"":""-""},{""@Name"":""UtcTime"",""#text"":""2026-03-30 21:40:32.011""},{""@Name"":""ProcessGuid"",""#text"":""c9182e32-edd0-69ca-c301-000000000900""},{""@Name"":""ProcessId"",""#text"":""6060""},{""@Name"":""Image"",""#text"":""C:\\Windows\\System32\\svchost.exe""},{""@Name"":""FileVersion"",""#text"":""10.0.20348.558 (WinBuild.160101.0800)""},{""@Name"":""Description"",""#text"":""Host Process for Windows Services""},{""@Name"":""Product"",""#text"":""Microsoft® Windows® Operating System""},{""@Name"":""Company"",""#text"":""Microsoft Corporation""},{""@Name"":""OriginalFileName"",""#text"":""svchost.exe""},{""@Name"":""CommandLine"",""#text"":""C:\\Windows\\System32\\svchost.exe -k netsvcs -p -s NetSetupSvc""},{""@Name"":""CurrentDirectory"",""#text"":""C:\\Windows\\system32\\""},{""@Name"":""User"",""#text"":""NT AUTHORITY\\SYSTEM""},{""@Name"":""LogonGuid"",""#text"":""c9182e32-c31a-69ca-e703-000000000000""},{""@Name"":""LogonId"",""#text"":""0x3E7""},{""@Name"":""TerminalSessionId"",""#text"":""0""},{""@Name"":""IntegrityLevel"",""#text"":""System""},{""@Name"":""Hashes"",""#text"":""MD5=DC32ABA4669EAFB22FCACD5EC836A107,SHA256=31780FF2AAF7BC71F755BA0E4FEF1D61B060D1D2741EAFB33CBAB44D889595A0,IMPHASH=D8C4E4978657CEA220B495778C972E64""},{""@Name"":""ParentProcessGuid"",""#text"":""c9182e32-c31a-69ca-0b00-000000000900""},{""@Name"":""ParentProcessId"",""#text"":""716""},{""@Name"":""ParentImage"",""#text"":""C:\\Windows\\System32\\services.exe""},{""@Name"":""ParentCommandLine"",""#text"":""C:\\Windows\\system32\\services.exe""},{""@Name"":""ParentUser"",""#text"":""NT AUTHORITY\\SYSTEM""}]}}"
635,635,2026-03-30 21:50:39.9664520,1,Info,Microsoft-Windows-Sysmon,Microsoft-Windows-Sysmon/Operational,2448,4460,DC01.corp.local,12,S-1-5-18,Process creation,NT AUTHORITY\SYSTEM,,"ProcessID: 5844, ProcessGUID: c9182e32-f02f-69ca-c401-000000000900",RuleName: -,"MD5=E89CE4D977963E8734B4E68644F7FC63,SHA256=CE38B4D6208D3D975FFB21E67775F52AD70733FDDB1306EF6D070DDD13B5D193,IMPHASH=777EA90B75B4F80FB2E01F17AFF412ED",ParentProcess: C:\Program Files\VMware\VMware Tools\vmtoolsd.exe,"ParentProcessID: 2380, ParentProcessGUID: c9182e32-c326-69ca-4400-000000000900","ParentCommandLine: ""C:\Program Files\VMware\VMware Tools\vmtoolsd.exe""","""C:\Program Files\VMware\VMware Tools\VMwareResolutionSet.exe"" 0 1 , 0 0 1680 920 0",False,C:\Users\owunc\Desktop\lab_logs\DC_Sysmon_ws.evtx,Classic,0,"{""EventData"":{""Data"":[{""@Name"":""RuleName"",""#text"":""-""},{""@Name"":""UtcTime"",""#text"":""2026-03-30 21:50:39.965""},{""@Name"":""ProcessGuid"",""#text"":""c9182e32-f02f-69ca-c401-000000000900""},{""@Name"":""ProcessId"",""#text"":""5844""},{""@Name"":""Image"",""#text"":""C:\\Program Files\\VMware\\VMware Tools\\VMwareResolutionSet.exe""},{""@Name"":""FileVersion"",""#text"":""13.0.1.0""},{""@Name"":""Description"",""#text"":""VMware Resolution Set""},{""@Name"":""Product"",""#text"":""VMware Tools""},{""@Name"":""Company"",""#text"":""Broadcom Inc.""},{""@Name"":""OriginalFileName"",""#text"":""ResolutionSet.exe""},{""@Name"":""CommandLine"",""#text"":""\""C:\\Program Files\\VMware\\VMware Tools\\VMwareResolutionSet.exe\"" 0 1 , 0 0 1680 920 0""},{""@Name"":""CurrentDirectory"",""#text"":""C:\\Windows\\system32\\""},{""@Name"":""User"",""#text"":""NT AUTHORITY\\SYSTEM""},{""@Name"":""LogonGuid"",""#text"":""c9182e32-c31a-69ca-e703-000000000000""},{""@Name"":""LogonId"",""#text"":""0x3E7""},{""@Name"":""TerminalSessionId"",""#text"":""1""},{""@Name"":""IntegrityLevel"",""#text"":""System""},{""@Name"":""Hashes"",""#text"":""MD5=E89CE4D977963E8734B4E68644F7FC63,SHA256=CE38B4D6208D3D975FFB21E67775F52AD70733FDDB1306EF6D070DDD13B5D193,IMPHASH=777EA90B75B4F80FB2E01F17AFF412ED""},{""@Name"":""ParentProcessGuid"",""#text"":""c9182e32-c326-69ca-4400-000000000900""},{""@Name"":""ParentProcessId"",""#text"":""2380""},{""@Name"":""ParentImage"",""#text"":""C:\\Program Files\\VMware\\VMware Tools\\vmtoolsd.exe""},{""@Name"":""ParentCommandLine"",""#text"":""\""C:\\Program Files\\VMware\\VMware Tools\\vmtoolsd.exe\""""},{""@Name"":""ParentUser"",""#text"":""NT AUTHORITY\\SYSTEM""}]}}"
636,636,2026-03-30 21:50:40.4557539,1,Info,Microsoft-Windows-Sysmon,Microsoft-Windows-Sysmon/Operational,2448,4460,DC01.corp.local,12,S-1-5-18,Process creation,NT AUTHORITY\SYSTEM,,"ProcessID: 1432, ProcessGUID: c9182e32-f030-69ca-c501-000000000900",RuleName: -,"MD5=DC32ABA4669EAFB22FCACD5EC836A107,SHA256=31780FF2AAF7BC71F755BA0E4FEF1D61B060D1D2741EAFB33CBAB44D889595A0,IMPHASH=D8C4E4978657CEA220B495778C972E64",ParentProcess: C:\Windows\System32\services.exe,"ParentProcessID: 716, ParentProcessGUID: c9182e32-c31a-69ca-0b00-000000000900",ParentCommandLine: C:\Windows\system32\services.exe,C:\Windows\System32\svchost.exe -k CameraMonitor,False,C:\Users\owunc\Desktop\lab_logs\DC_Sysmon_ws.evtx,Classic,0,"{""EventData"":{""Data"":[{""@Name"":""RuleName"",""#text"":""-""},{""@Name"":""UtcTime"",""#text"":""2026-03-30 21:50:40.453""},{""@Name"":""ProcessGuid"",""#text"":""c9182e32-f030-69ca-c501-000000000900""},{""@Name"":""ProcessId"",""#text"":""1432""},{""@Name"":""Image"",""#text"":""C:\\Windows\\System32\\svchost.exe""},{""@Name"":""FileVersion"",""#text"":""10.0.20348.558 (WinBuild.160101.0800)""},{""@Name"":""Description"",""#text"":""Host Process for Windows Services""},{""@Name"":""Product"",""#text"":""Microsoft® Windows® Operating System""},{""@Name"":""Company"",""#text"":""Microsoft Corporation""},{""@Name"":""OriginalFileName"",""#text"":""svchost.exe""},{""@Name"":""CommandLine"",""#text"":""C:\\Windows\\System32\\svchost.exe -k CameraMonitor""},{""@Name"":""CurrentDirectory"",""#text"":""C:\\Windows\\system32\\""},{""@Name"":""User"",""#text"":""NT AUTHORITY\\SYSTEM""},{""@Name"":""LogonGuid"",""#text"":""c9182e32-c31a-69ca-e703-000000000000""},{""@Name"":""LogonId"",""#text"":""0x3E7""},{""@Name"":""TerminalSessionId"",""#text"":""0""},{""@Name"":""IntegrityLevel"",""#text"":""System""},{""@Name"":""Hashes"",""#text"":""MD5=DC32ABA4669EAFB22FCACD5EC836A107,SHA256=31780FF2AAF7BC71F755BA0E4FEF1D61B060D1D2741EAFB33CBAB44D889595A0,IMPHASH=D8C4E4978657CEA220B495778C972E64""},{""@Name"":""ParentProcessGuid"",""#text"":""c9182e32-c31a-69ca-0b00-000000000900""},{""@Name"":""ParentProcessId"",""#text"":""716""},{""@Name"":""ParentImage"",""#text"":""C:\\Windows\\System32\\services.exe""},{""@Name"":""ParentCommandLine"",""#text"":""C:\\Windows\\system32\\services.exe""},{""@Name"":""ParentUser"",""#text"":""NT AUTHORITY\\SYSTEM""}]}}"
637,637,2026-03-30 21:50:46.0515503,12,Info,Microsoft-Windows-Sysmon,Microsoft-Windows-Sysmon/Operational,2448,4460,DC01.corp.local,12,S-1-5-18,RegistryEvent (Object create and delete),NT AUTHORITY\SYSTEM,,"ProcessID: 4264, ProcessGUID: c9182e32-ed91-69ca-be01-000000000900",RuleName: -,Image: C:\Windows\system32\LogonUI.exe,EventType: DeleteValue,TargetObject: HKU\.DEFAULT\Keyboard Layout\Preload\1,,,False,C:\Users\owunc\Desktop\lab_logs\DC_Sysmon_ws.evtx,Classic,0,"{""EventData"":{""Data"":[{""@Name"":""RuleName"",""#text"":""-""},{""@Name"":""EventType"",""#text"":""DeleteValue""},{""@Name"":""UtcTime"",""#text"":""2026-03-30 21:50:46.049""},{""@Name"":""ProcessGuid"",""#text"":""c9182e32-ed91-69ca-be01-000000000900""},{""@Name"":""ProcessId"",""#text"":""4264""},{""@Name"":""Image"",""#text"":""C:\\Windows\\system32\\LogonUI.exe""},{""@Name"":""TargetObject"",""#text"":""HKU\\.DEFAULT\\Keyboard Layout\\Preload\\1""},{""@Name"":""User"",""#text"":""NT AUTHORITY\\SYSTEM""}]}}"
638,638,2026-03-30 21:50:46.0515739,13,Info,Microsoft-Windows-Sysmon,Microsoft-Windows-Sysmon/Operational,2448,4460,DC01.corp.local,12,S-1-5-18,RegistryEvent (Value Set),NT AUTHORITY\SYSTEM,,"ProcessID: 4264, ProcessGUID: c9182e32-ed91-69ca-be01-000000000900",RuleName: -,Image: C:\Windows\system32\LogonUI.exe,EventType: SetValue,TargetObject: HKU\.DEFAULT\Keyboard Layout\Preload\1,Details: 00000409,,False,C:\Users\owunc\Desktop\lab_logs\DC_Sysmon_ws.evtx,Classic,0,"{""EventData"":{""Data"":[{""@Name"":""RuleName"",""#text"":""-""},{""@Name"":""EventType"",""#text"":""SetValue""},{""@Name"":""UtcTime"",""#text"":""2026-03-30 21:50:46.049""},{""@Name"":""ProcessGuid"",""#text"":""c9182e32-ed91-69ca-be01-000000000900""},{""@Name"":""ProcessId"",""#text"":""4264""},{""@Name"":""Image"",""#text"":""C:\\Windows\\system32\\LogonUI.exe""},{""@Name"":""TargetObject"",""#text"":""HKU\\.DEFAULT\\Keyboard Layout\\Preload\\1""},{""@Name"":""Details"",""#text"":""00000409""},{""@Name"":""User"",""#text"":""NT AUTHORITY\\SYSTEM""}]}}"
639,639,2026-03-30 21:50:50.2639202,13,Info,Microsoft-Windows-Sysmon,Microsoft-Windows-Sysmon/Operational,2448,4460,DC01.corp.local,12,S-1-5-18,RegistryEvent (Value Set),NT AUTHORITY\SYSTEM,,"ProcessID: 4264, ProcessGUID: c9182e32-ed91-69ca-be01-000000000900",RuleName: -,Image: C:\Windows\system32\LogonUI.exe,EventType: SetValue,TargetObject: HKLM\SOFTWARE\Microsoft\Windows\CurrentVersion\Authentication\LogonUI\LastLoggedOnUser,Details: CORP\Administrator,,False,C:\Users\owunc\Desktop\lab_logs\DC_Sysmon_ws.evtx,Classic,0,"{""EventData"":{""Data"":[{""@Name"":""RuleName"",""#text"":""-""},{""@Name"":""EventType"",""#text"":""SetValue""},{""@Name"":""UtcTime"",""#text"":""2026-03-30 21:50:50.251""},{""@Name"":""ProcessGuid"",""#text"":""c9182e32-ed91-69ca-be01-000000000900""},{""@Name"":""ProcessId"",""#text"":""4264""},{""@Name"":""Image"",""#text"":""C:\\Windows\\system32\\LogonUI.exe""},{""@Name"":""TargetObject"",""#text"":""HKLM\\SOFTWARE\\Microsoft\\Windows\\CurrentVersion\\Authentication\\LogonUI\\LastLoggedOnUser""},{""@Name"":""Details"",""#text"":""CORP\\Administrator""},{""@Name"":""User"",""#text"":""NT AUTHORITY\\SYSTEM""}]}}"
640,640,2026-03-30 21:50:50.2735765,1,Info,Microsoft-Windows-Sysmon,Microsoft-Windows-Sysmon/Operational,2448,4460,DC01.corp.local,12,S-1-5-18,Process creation,CORP\Administrator,,"ProcessID: 2248, ProcessGUID: c9182e32-f03a-69ca-c801-000000000900",RuleName: -,"MD5=5487316514F4ADA7E6E0BD9EAA2256E7,SHA256=F447AE2E838D4DE71CA4BABA321FEA67DABB38AA4321EFAC81F3FF03CF55FE0A,IMPHASH=1C4E2D9936E4D9F2490B08AAB4D24260",ParentProcess: C:\Windows\System32\svchost.exe,"ParentProcessID: 1696, ParentProcessGUID: c9182e32-c31d-69ca-2100-000000000900",ParentCommandLine: C:\Windows\system32\svchost.exe -k netsvcs -p -s Schedule,taskhostw.exe KEYROAMING,False,C:\Users\owunc\Desktop\lab_logs\DC_Sysmon_ws.evtx,Classic,0,"{""EventData"":{""Data"":[{""@Name"":""RuleName"",""#text"":""-""},{""@Name"":""UtcTime"",""#text"":""2026-03-30 21:50:50.272""},{""@Name"":""ProcessGuid"",""#text"":""c9182e32-f03a-69ca-c801-000000000900""},{""@Name"":""ProcessId"",""#text"":""2248""},{""@Name"":""Image"",""#text"":""C:\\Windows\\System32\\taskhostw.exe""},{""@Name"":""FileVersion"",""#text"":""10.0.20348.1 (WinBuild.160101.0800)""},{""@Name"":""Description"",""#text"":""Host Process for Windows Tasks""},{""@Name"":""Product"",""#text"":""Microsoft® Windows® Operating System""},{""@Name"":""Company"",""#text"":""Microsoft Corporation""},{""@Name"":""OriginalFileName"",""#text"":""taskhostw.exe""},{""@Name"":""CommandLine"",""#text"":""taskhostw.exe KEYROAMING""},{""@Name"":""CurrentDirectory"",""#text"":""C:\\Windows\\system32\\""},{""@Name"":""User"",""#text"":""CORP\\Administrator""},{""@Name"":""LogonGuid"",""#text"":""c9182e32-e839-69ca-bb8f-310000000000""},{""@Name"":""LogonId"",""#text"":""0x318FBB""},{""@Name"":""TerminalSessionId"",""#text"":""1""},{""@Name"":""IntegrityLevel"",""#text"":""High""},{""@Name"":""Hashes"",""#text"":""MD5=5487316514F4ADA7E6E0BD9EAA2256E7,SHA256=F447AE2E838D4DE71CA4BABA321FEA67DABB38AA4321EFAC81F3FF03CF55FE0A,IMPHASH=1C4E2D9936E4D9F2490B08AAB4D24260""},{""@Name"":""ParentProcessGuid"",""#text"":""c9182e32-c31d-69ca-2100-000000000900""},{""@Name"":""ParentProcessId"",""#text"":""1696""},{""@Name"":""ParentImage"",""#text"":""C:\\Windows\\System32\\svchost.exe""},{""@Name"":""ParentCommandLine"",""#text"":""C:\\Windows\\system32\\svchost.exe -k netsvcs -p -s Schedule""},{""@Name"":""ParentUser"",""#text"":""NT AUTHORITY\\SYSTEM""}]}}"
641,641,2026-03-30 21:51:04.9164068,1,Info,Microsoft-Windows-Sysmon,Microsoft-Windows-Sysmon/Operational,2448,4460,DC01.corp.local,12,S-1-5-18,Process creation,NT AUTHORITY\SYSTEM,,"ProcessID: 5848, ProcessGUID: c9182e32-f048-69ca-ca01-000000000900",RuleName: -,"MD5=E89CE4D977963E8734B4E68644F7FC63,SHA256=CE38B4D6208D3D975FFB21E67775F52AD70733FDDB1306EF6D070DDD13B5D193,IMPHASH=777EA90B75B4F80FB2E01F17AFF412ED",ParentProcess: C:\Program Files\VMware\VMware Tools\vmtoolsd.exe,"ParentProcessID: 2380, ParentProcessGUID: c9182e32-c326-69ca-4400-000000000900","ParentCommandLine: ""C:\Program Files\VMware\VMware Tools\vmtoolsd.exe""","""C:\Program Files\VMware\VMware Tools\VMwareResolutionSet.exe"" 0 1 , 0 0 1680 920 0",False,C:\Users\owunc\Desktop\lab_logs\DC_Sysmon_ws.evtx,Classic,0,"{""EventData"":{""Data"":[{""@Name"":""RuleName"",""#text"":""-""},{""@Name"":""UtcTime"",""#text"":""2026-03-30 21:51:04.915""},{""@Name"":""ProcessGuid"",""#text"":""c9182e32-f048-69ca-ca01-000000000900""},{""@Name"":""ProcessId"",""#text"":""5848""},{""@Name"":""Image"",""#text"":""C:\\Program Files\\VMware\\VMware Tools\\VMwareResolutionSet.exe""},{""@Name"":""FileVersion"",""#text"":""13.0.1.0""},{""@Name"":""Description"",""#text"":""VMware Resolution Set""},{""@Name"":""Product"",""#text"":""VMware Tools""},{""@Name"":""Company"",""#text"":""Broadcom Inc.""},{""@Name"":""OriginalFileName"",""#text"":""ResolutionSet.exe""},{""@Name"":""CommandLine"",""#text"":""\""C:\\Program Files\\VMware\\VMware Tools\\VMwareResolutionSet.exe\"" 0 1 , 0 0 1680 920 0""},{""@Name"":""CurrentDirectory"",""#text"":""C:\\Windows\\system32\\""},{""@Name"":""User"",""#text"":""NT AUTHORITY\\SYSTEM""},{""@Name"":""LogonGuid"",""#text"":""c9182e32-c31a-69ca-e703-000000000000""},{""@Name"":""LogonId"",""#text"":""0x3E7""},{""@Name"":""TerminalSessionId"",""#text"":""1""},{""@Name"":""IntegrityLevel"",""#text"":""System""},{""@Name"":""Hashes"",""#text"":""MD5=E89CE4D977963E8734B4E68644F7FC63,SHA256=CE38B4D6208D3D975FFB21E67775F52AD70733FDDB1306EF6D070DDD13B5D193,IMPHASH=777EA90B75B4F80FB2E01F17AFF412ED""},{""@Name"":""ParentProcessGuid"",""#text"":""c9182e32-c326-69ca-4400-000000000900""},{""@Name"":""ParentProcessId"",""#text"":""2380""},{""@Name"":""ParentImage"",""#text"":""C:\\Program Files\\VMware\\VMware Tools\\vmtoolsd.exe""},{""@Name"":""ParentCommandLine"",""#text"":""\""C:\\Program Files\\VMware\\VMware Tools\\vmtoolsd.exe\""""},{""@Name"":""ParentUser"",""#text"":""NT AUTHORITY\\SYSTEM""}]}}"
642,642,2026-03-30 21:53:20.2135820,1,Info,Microsoft-Windows-Sysmon,Microsoft-Windows-Sysmon/Operational,2448,4460,DC01.corp.local,12,S-1-5-18,Process creation,NT AUTHORITY\SYSTEM,,"ProcessID: 4832, ProcessGUID: c9182e32-f0d0-69ca-cb01-000000000900",RuleName: -,"MD5=352C33641CBBD193AF127D306CB960C8,SHA256=F56701783D22D0E17E126D09ACA62B1969259D4B7B00DEDD9A0001C6D1ABEAD2,IMPHASH=CD3B2D99C6655A5D4A14E30E380F5BF9",ParentProcess: C:\Windows\System32\svchost.exe,"ParentProcessID: 1696, ParentProcessGUID: c9182e32-c31d-69ca-2100-000000000900",ParentCommandLine: C:\Windows\system32\svchost.exe -k netsvcs -p -s Schedule,"""C:\Program Files (x86)\Microsoft\EdgeUpdate\MicrosoftEdgeUpdate.exe"" /ua /installsource scheduler",False,C:\Users\owunc\Desktop\lab_logs\DC_Sysmon_ws.evtx,Classic,0,"{""EventData"":{""Data"":[{""@Name"":""RuleName"",""#text"":""-""},{""@Name"":""UtcTime"",""#text"":""2026-03-30 21:53:20.212""},{""@Name"":""ProcessGuid"",""#text"":""c9182e32-f0d0-69ca-cb01-000000000900""},{""@Name"":""ProcessId"",""#text"":""4832""},{""@Name"":""Image"",""#text"":""C:\\Program Files (x86)\\Microsoft\\EdgeUpdate\\MicrosoftEdgeUpdate.exe""},{""@Name"":""FileVersion"",""#text"":""1.3.225.7""},{""@Name"":""Description"",""#text"":""Microsoft Edge Update""},{""@Name"":""Product"",""#text"":""Microsoft Edge Update""},{""@Name"":""Company"",""#text"":""Microsoft Corporation""},{""@Name"":""OriginalFileName"",""#text"":""MicrosoftEdgeUpdate.exe""},{""@Name"":""CommandLine"",""#text"":""\""C:\\Program Files (x86)\\Microsoft\\EdgeUpdate\\MicrosoftEdgeUpdate.exe\"" /ua /installsource scheduler""},{""@Name"":""CurrentDirectory"",""#text"":""C:\\Windows\\system32\\""},{""@Name"":""User"",""#text"":""NT AUTHORITY\\SYSTEM""},{""@Name"":""LogonGuid"",""#text"":""c9182e32-c31a-69ca-e703-000000000000""},{""@Name"":""LogonId"",""#text"":""0x3E7""},{""@Name"":""TerminalSessionId"",""#text"":""0""},{""@Name"":""IntegrityLevel"",""#text"":""System""},{""@Name"":""Hashes"",""#text"":""MD5=352C33641CBBD193AF127D306CB960C8,SHA256=F56701783D22D0E17E126D09ACA62B1969259D4B7B00DEDD9A0001C6D1ABEAD2,IMPHASH=CD3B2D99C6655A5D4A14E30E380F5BF9""},{""@Name"":""ParentProcessGuid"",""#text"":""c9182e32-c31d-69ca-2100-000000000900""},{""@Name"":""ParentProcessId"",""#text"":""1696""},{""@Name"":""ParentImage"",""#text"":""C:\\Windows\\System32\\svchost.exe""},{""@Name"":""ParentCommandLine"",""#text"":""C:\\Windows\\system32\\svchost.exe -k netsvcs -p -s Schedule""},{""@Name"":""ParentUser"",""#text"":""NT AUTHORITY\\SYSTEM""}]}}"
643,643,2026-03-30 21:55:24.3856457,1,Info,Microsoft-Windows-Sysmon,Microsoft-Windows-Sysmon/Operational,2448,4460,DC01.corp.local,12,S-1-5-18,Process creation,NT AUTHORITY\SYSTEM,,"ProcessID: 1072, ProcessGUID: c9182e32-f14c-69ca-cc01-000000000900",RuleName: -,"MD5=A01716583968F60BD83C4830C3B3FCDA,SHA256=F4E3B06DFF2B91150FBE3E06329CAF45674DC505495FC96F32BEBF6FAE08DF6E,IMPHASH=7D3978CBEEDF0AC8C9F49FED049B426E",ParentProcess: C:\Windows\System32\svchost.exe,"ParentProcessID: 948, ParentProcessGUID: c9182e32-c31b-69ca-0d00-000000000900",ParentCommandLine: C:\Windows\system32\svchost.exe -k DcomLaunch -p,C:\Windows\System32\mousocoreworker.exe -Embedding,False,C:\Users\owunc\Desktop\lab_logs\DC_Sysmon_ws.evtx,Classic,0,"{""EventData"":{""Data"":[{""@Name"":""RuleName"",""#text"":""-""},{""@Name"":""UtcTime"",""#text"":""2026-03-30 21:55:24.384""},{""@Name"":""ProcessGuid"",""#text"":""c9182e32-f14c-69ca-cc01-000000000900""},{""@Name"":""ProcessId"",""#text"":""1072""},{""@Name"":""Image"",""#text"":""C:\\Windows\\System32\\MoUsoCoreWorker.exe""},{""@Name"":""FileVersion"",""#text"":""10.0.20348.380 (WinBuild.160101.0800)""},{""@Name"":""Description"",""#text"":""MoUSO Core Worker Process""},{""@Name"":""Product"",""#text"":""Microsoft® Windows® Operating System""},{""@Name"":""Company"",""#text"":""Microsoft Corporation""},{""@Name"":""OriginalFileName"",""#text"":""MoUSOCoreWorker.exe""},{""@Name"":""CommandLine"",""#text"":""C:\\Windows\\System32\\mousocoreworker.exe -Embedding""},{""@Name"":""CurrentDirectory"",""#text"":""C:\\Windows\\system32\\""},{""@Name"":""User"",""#text"":""NT AUTHORITY\\SYSTEM""},{""@Name"":""LogonGuid"",""#text"":""c9182e32-c31a-69ca-e703-000000000000""},{""@Name"":""LogonId"",""#text"":""0x3E7""},{""@Name"":""TerminalSessionId"",""#text"":""0""},{""@Name"":""IntegrityLevel"",""#text"":""System""},{""@Name"":""Hashes"",""#text"":""MD5=A01716583968F60BD83C4830C3B3FCDA,SHA256=F4E3B06DFF2B91150FBE3E06329CAF45674DC505495FC96F32BEBF6FAE08DF6E,IMPHASH=7D3978CBEEDF0AC8C9F49FED049B426E""},{""@Name"":""ParentProcessGuid"",""#text"":""c9182e32-c31b-69ca-0d00-000000000900""},{""@Name"":""ParentProcessId"",""#text"":""948""},{""@Name"":""ParentImage"",""#text"":""C:\\Windows\\System32\\svchost.exe""},{""@Name"":""ParentCommandLine"",""#text"":""C:\\Windows\\system32\\svchost.exe -k DcomLaunch -p""},{""@Name"":""ParentUser"",""#text"":""NT AUTHORITY\\SYSTEM""}]}}"
644,644,2026-03-30 21:56:44.3856278,1,Info,Microsoft-Windows-Sysmon,Microsoft-Windows-Sysmon/Operational,2448,4460,DC01.corp.local,12,S-1-5-18,Process creation,NT AUTHORITY\SYSTEM,,"ProcessID: 6600, ProcessGUID: c9182e32-f19c-69ca-cf01-000000000900",RuleName: -,"MD5=DC32ABA4669EAFB22FCACD5EC836A107,SHA256=31780FF2AAF7BC71F755BA0E4FEF1D61B060D1D2741EAFB33CBAB44D889595A0,IMPHASH=D8C4E4978657CEA220B495778C972E64",ParentProcess: C:\Windows\System32\services.exe,"ParentProcessID: 716, ParentProcessGUID: c9182e32-c31a-69ca-0b00-000000000900",ParentCommandLine: C:\Windows\system32\services.exe,C:\Windows\System32\svchost.exe -k netsvcs -p -s NetSetupSvc,False,C:\Users\owunc\Desktop\lab_logs\DC_Sysmon_ws.evtx,Classic,0,"{""EventData"":{""Data"":[{""@Name"":""RuleName"",""#text"":""-""},{""@Name"":""UtcTime"",""#text"":""2026-03-30 21:56:44.384""},{""@Name"":""ProcessGuid"",""#text"":""c9182e32-f19c-69ca-cf01-000000000900""},{""@Name"":""ProcessId"",""#text"":""6600""},{""@Name"":""Image"",""#text"":""C:\\Windows\\System32\\svchost.exe""},{""@Name"":""FileVersion"",""#text"":""10.0.20348.558 (WinBuild.160101.0800)""},{""@Name"":""Description"",""#text"":""Host Process for Windows Services""},{""@Name"":""Product"",""#text"":""Microsoft® Windows® Operating System""},{""@Name"":""Company"",""#text"":""Microsoft Corporation""},{""@Name"":""OriginalFileName"",""#text"":""svchost.exe""},{""@Name"":""CommandLine"",""#text"":""C:\\Windows\\System32\\svchost.exe -k netsvcs -p -s NetSetupSvc""},{""@Name"":""CurrentDirectory"",""#text"":""C:\\Windows\\system32\\""},{""@Name"":""User"",""#text"":""NT AUTHORITY\\SYSTEM""},{""@Name"":""LogonGuid"",""#text"":""c9182e32-c31a-69ca-e703-000000000000""},{""@Name"":""LogonId"",""#text"":""0x3E7""},{""@Name"":""TerminalSessionId"",""#text"":""0""},{""@Name"":""IntegrityLevel"",""#text"":""System""},{""@Name"":""Hashes"",""#text"":""MD5=DC32ABA4669EAFB22FCACD5EC836A107,SHA256=31780FF2AAF7BC71F755BA0E4FEF1D61B060D1D2741EAFB33CBAB44D889595A0,IMPHASH=D8C4E4978657CEA220B495778C972E64""},{""@Name"":""ParentProcessGuid"",""#text"":""c9182e32-c31a-69ca-0b00-000000000900""},{""@Name"":""ParentProcessId"",""#text"":""716""},{""@Name"":""ParentImage"",""#text"":""C:\\Windows\\System32\\services.exe""},{""@Name"":""ParentCommandLine"",""#text"":""C:\\Windows\\system32\\services.exe""},{""@Name"":""ParentUser"",""#text"":""NT AUTHORITY\\SYSTEM""}]}}"
