951,951,2026-03-30 22:45:51.1729972,1,Info,Microsoft-Windows-Sysmon,Microsoft-Windows-Sysmon/Operational,2400,4356,DC01.corp.local,19,S-1-5-18,Process creation,NT AUTHORITY\LOCAL SERVICE,,"ProcessID: 2440, ProcessGUID: c9182e32-fd14-69ca-3000-000000000a00",RuleName: -,"MD5=5487316514F4ADA7E6E0BD9EAA2256E7,SHA256=F447AE2E838D4DE71CA4BABA321FEA67DABB38AA4321EFAC81F3FF03CF55FE0A,IMPHASH=1C4E2D9936E4D9F2490B08AAB4D24260",ParentProcess: C:\Windows\System32\svchost.exe,"ParentProcessID: 1724, ParentProcessGUID: c9182e32-fd14-69ca-2500-000000000a00",ParentCommandLine: C:\Windows\system32\svchost.exe -k netsvcs -p -s Schedule,taskhostw.exe TimeSyncTask,False,C:\Users\owunc\Desktop\lab_logs\DC_Sysmon_ws.evtx,Classic,0,"{""EventData"":{""Data"":[{""@Name"":""RuleName"",""#text"":""-""},{""@Name"":""UtcTime"",""#text"":""2026-03-30 22:45:40.854""},{""@Name"":""ProcessGuid"",""#text"":""c9182e32-fd14-69ca-3000-000000000a00""},{""@Name"":""ProcessId"",""#text"":""2440""},{""@Name"":""Image"",""#text"":""C:\\Windows\\System32\\taskhostw.exe""},{""@Name"":""FileVersion"",""#text"":""10.0.20348.1 (WinBuild.160101.0800)""},{""@Name"":""Description"",""#text"":""Host Process for Windows Tasks""},{""@Name"":""Product"",""#text"":""Microsoft® Windows® Operating System""},{""@Name"":""Company"",""#text"":""Microsoft Corporation""},{""@Name"":""OriginalFileName"",""#text"":""taskhostw.exe""},{""@Name"":""CommandLine"",""#text"":""taskhostw.exe TimeSyncTask""},{""@Name"":""CurrentDirectory"",""#text"":""C:\\Windows\\system32\\""},{""@Name"":""User"",""#text"":""NT AUTHORITY\\LOCAL SERVICE""},{""@Name"":""LogonGuid"",""#text"":""c9182e32-fd14-69ca-e503-000000000000""},{""@Name"":""LogonId"",""#text"":""0x3E5""},{""@Name"":""TerminalSessionId"",""#text"":""0""},{""@Name"":""IntegrityLevel"",""#text"":""System""},{""@Name"":""Hashes"",""#text"":""MD5=5487316514F4ADA7E6E0BD9EAA2256E7,SHA256=F447AE2E838D4DE71CA4BABA321FEA67DABB38AA4321EFAC81F3FF03CF55FE0A,IMPHASH=1C4E2D9936E4D9F2490B08AAB4D24260""},{""@Name"":""ParentProcessGuid"",""#text"":""c9182e32-fd14-69ca-2500-000000000a00""},{""@Name"":""ParentProcessId"",""#text"":""1724""},{""@Name"":""ParentImage"",""#text"":""C:\\Windows\\System32\\svchost.exe""},{""@Name"":""ParentCommandLine"",""#text"":""C:\\Windows\\system32\\svchost.exe -k netsvcs -p -s Schedule""},{""@Name"":""ParentUser"",""#text"":""NT AUTHORITY\\SYSTEM""}]}}"
952,952,2026-03-30 22:45:51.1747944,13,Info,Microsoft-Windows-Sysmon,Microsoft-Windows-Sysmon/Operational,2400,4356,DC01.corp.local,19,S-1-5-18,RegistryEvent (Value Set),NT AUTHORITY\LOCAL SERVICE,,"ProcessID: 1676, ProcessGUID: c9182e32-fd14-69ca-2300-000000000a00",RuleName: -,Image: C:\Windows\System32\svchost.exe,EventType: SetValue,TargetObject: HKLM\SOFTWARE\Microsoft\Windows NT\CurrentVersion\NetworkList\Profiles\{DA329ABF-F1F5-411C-877C-047BFCE851A8}\DateLastConnected,Details: Binary Data,,False,C:\Users\owunc\Desktop\lab_logs\DC_Sysmon_ws.evtx,Classic,0,"{""EventData"":{""Data"":[{""@Name"":""RuleName"",""#text"":""-""},{""@Name"":""EventType"",""#text"":""SetValue""},{""@Name"":""UtcTime"",""#text"":""2026-03-30 22:45:41.682""},{""@Name"":""ProcessGuid"",""#text"":""c9182e32-fd14-69ca-2300-000000000a00""},{""@Name"":""ProcessId"",""#text"":""1676""},{""@Name"":""Image"",""#text"":""C:\\Windows\\System32\\svchost.exe""},{""@Name"":""TargetObject"",""#text"":""HKLM\\SOFTWARE\\Microsoft\\Windows NT\\CurrentVersion\\NetworkList\\Profiles\\{DA329ABF-F1F5-411C-877C-047BFCE851A8}\\DateLastConnected""},{""@Name"":""Details"",""#text"":""Binary Data""},{""@Name"":""User"",""#text"":""NT AUTHORITY\\LOCAL SERVICE""}]}}"
953,953,2026-03-30 22:45:51.1753885,1,Info,Microsoft-Windows-Sysmon,Microsoft-Windows-Sysmon/Operational,2400,4356,DC01.corp.local,19,S-1-5-18,Process creation,NT AUTHORITY\SYSTEM,,"ProcessID: 2588, ProcessGUID: c9182e32-fd15-69ca-3100-000000000a00",RuleName: -,"MD5=F4C8C7DEF69C3FCAF375DB9A7710FD35,SHA256=BAA6A7EF33E7C221C92DA777158307D1B1CE72BF6ADACA1A1A9CBE3236202602,IMPHASH=0CD20E0C34FEEEED5ABF4A932E36871C",ParentProcess: C:\Windows\System32\svchost.exe,"ParentProcessID: 1724, ParentProcessGUID: c9182e32-fd14-69ca-2500-000000000a00",ParentCommandLine: C:\Windows\system32\svchost.exe -k netsvcs -p -s Schedule,C:\Windows\System32\dsregcmd.exe $(Arg0) $(Arg1) $(Arg2),False,C:\Users\owunc\Desktop\lab_logs\DC_Sysmon_ws.evtx,Classic,0,"{""EventData"":{""Data"":[{""@Name"":""RuleName"",""#text"":""-""},{""@Name"":""UtcTime"",""#text"":""2026-03-30 22:45:41.733""},{""@Name"":""ProcessGuid"",""#text"":""c9182e32-fd15-69ca-3100-000000000a00""},{""@Name"":""ProcessId"",""#text"":""2588""},{""@Name"":""Image"",""#text"":""C:\\Windows\\System32\\dsregcmd.exe""},{""@Name"":""FileVersion"",""#text"":""10.0.20348.261 (WinBuild.160101.0800)""},{""@Name"":""Description"",""#text"":""DSREG commandline tool""},{""@Name"":""Product"",""#text"":""Microsoft® Windows® Operating System""},{""@Name"":""Company"",""#text"":""Microsoft Corporation""},{""@Name"":""OriginalFileName"",""#text"":""dsregcmd.exe""},{""@Name"":""CommandLine"",""#text"":""C:\\Windows\\System32\\dsregcmd.exe $(Arg0) $(Arg1) $(Arg2)""},{""@Name"":""CurrentDirectory"",""#text"":""C:\\Windows\\system32\\""},{""@Name"":""User"",""#text"":""NT AUTHORITY\\SYSTEM""},{""@Name"":""LogonGuid"",""#text"":""c9182e32-fd12-69ca-e703-000000000000""},{""@Name"":""LogonId"",""#text"":""0x3E7""},{""@Name"":""TerminalSessionId"",""#text"":""0""},{""@Name"":""IntegrityLevel"",""#text"":""System""},{""@Name"":""Hashes"",""#text"":""MD5=F4C8C7DEF69C3FCAF375DB9A7710FD35,SHA256=BAA6A7EF33E7C221C92DA777158307D1B1CE72BF6ADACA1A1A9CBE3236202602,IMPHASH=0CD20E0C34FEEEED5ABF4A932E36871C""},{""@Name"":""ParentProcessGuid"",""#text"":""c9182e32-fd14-69ca-2500-000000000a00""},{""@Name"":""ParentProcessId"",""#text"":""1724""},{""@Name"":""ParentImage"",""#text"":""C:\\Windows\\System32\\svchost.exe""},{""@Name"":""ParentCommandLine"",""#text"":""C:\\Windows\\system32\\svchost.exe -k netsvcs -p -s Schedule""},{""@Name"":""ParentUser"",""#text"":""NT AUTHORITY\\SYSTEM""}]}}"
954,954,2026-03-30 22:45:51.1759023,1,Info,Microsoft-Windows-Sysmon,Microsoft-Windows-Sysmon/Operational,2400,4356,DC01.corp.local,19,S-1-5-18,Process creation,NT AUTHORITY\LOCAL SERVICE,,"ProcessID: 2608, ProcessGUID: c9182e32-fd15-69ca-3200-000000000a00",RuleName: -,"MD5=DC32ABA4669EAFB22FCACD5EC836A107,SHA256=31780FF2AAF7BC71F755BA0E4FEF1D61B060D1D2741EAFB33CBAB44D889595A0,IMPHASH=D8C4E4978657CEA220B495778C972E64",ParentProcess: C:\Windows\System32\services.exe,"ParentProcessID: 736, ParentProcessGUID: c9182e32-fd12-69ca-0b00-000000000a00",ParentCommandLine: C:\Windows\system32\services.exe,C:\Windows\system32\svchost.exe -k LocalService -p -s fdPHost,False,C:\Users\owunc\Desktop\lab_logs\DC_Sysmon_ws.evtx,Classic,0,"{""EventData"":{""Data"":[{""@Name"":""RuleName"",""#text"":""-""},{""@Name"":""UtcTime"",""#text"":""2026-03-30 22:45:41.740""},{""@Name"":""ProcessGuid"",""#text"":""c9182e32-fd15-69ca-3200-000000000a00""},{""@Name"":""ProcessId"",""#text"":""2608""},{""@Name"":""Image"",""#text"":""C:\\Windows\\System32\\svchost.exe""},{""@Name"":""FileVersion"",""#text"":""10.0.20348.558 (WinBuild.160101.0800)""},{""@Name"":""Description"",""#text"":""Host Process for Windows Services""},{""@Name"":""Product"",""#text"":""Microsoft® Windows® Operating System""},{""@Name"":""Company"",""#text"":""Microsoft Corporation""},{""@Name"":""OriginalFileName"",""#text"":""svchost.exe""},{""@Name"":""CommandLine"",""#text"":""C:\\Windows\\system32\\svchost.exe -k LocalService -p -s fdPHost""},{""@Name"":""CurrentDirectory"",""#text"":""C:\\Windows\\system32\\""},{""@Name"":""User"",""#text"":""NT AUTHORITY\\LOCAL SERVICE""},{""@Name"":""LogonGuid"",""#text"":""c9182e32-fd14-69ca-e503-000000000000""},{""@Name"":""LogonId"",""#text"":""0x3E5""},{""@Name"":""TerminalSessionId"",""#text"":""0""},{""@Name"":""IntegrityLevel"",""#text"":""System""},{""@Name"":""Hashes"",""#text"":""MD5=DC32ABA4669EAFB22FCACD5EC836A107,SHA256=31780FF2AAF7BC71F755BA0E4FEF1D61B060D1D2741EAFB33CBAB44D889595A0,IMPHASH=D8C4E4978657CEA220B495778C972E64""},{""@Name"":""ParentProcessGuid"",""#text"":""c9182e32-fd12-69ca-0b00-000000000a00""},{""@Name"":""ParentProcessId"",""#text"":""736""},{""@Name"":""ParentImage"",""#text"":""C:\\Windows\\System32\\services.exe""},{""@Name"":""ParentCommandLine"",""#text"":""C:\\Windows\\system32\\services.exe""},{""@Name"":""ParentUser"",""#text"":""NT AUTHORITY\\SYSTEM""}]}}"
955,955,2026-03-30 22:45:51.1764224,1,Info,Microsoft-Windows-Sysmon,Microsoft-Windows-Sysmon/Operational,2400,4356,DC01.corp.local,19,S-1-5-18,Process creation,NT AUTHORITY\LOCAL SERVICE,,"ProcessID: 2684, ProcessGUID: c9182e32-fd15-69ca-3400-000000000a00",RuleName: -,"MD5=DC32ABA4669EAFB22FCACD5EC836A107,SHA256=31780FF2AAF7BC71F755BA0E4FEF1D61B060D1D2741EAFB33CBAB44D889595A0,IMPHASH=D8C4E4978657CEA220B495778C972E64",ParentProcess: C:\Windows\System32\services.exe,"ParentProcessID: 736, ParentProcessGUID: c9182e32-fd12-69ca-0b00-000000000a00",ParentCommandLine: C:\Windows\system32\services.exe,C:\Windows\system32\svchost.exe -k LocalServiceAndNoImpersonation -p -s FDResPub,False,C:\Users\owunc\Desktop\lab_logs\DC_Sysmon_ws.evtx,Classic,0,"{""EventData"":{""Data"":[{""@Name"":""RuleName"",""#text"":""-""},{""@Name"":""UtcTime"",""#text"":""2026-03-30 22:45:41.766""},{""@Name"":""ProcessGuid"",""#text"":""c9182e32-fd15-69ca-3400-000000000a00""},{""@Name"":""ProcessId"",""#text"":""2684""},{""@Name"":""Image"",""#text"":""C:\\Windows\\System32\\svchost.exe""},{""@Name"":""FileVersion"",""#text"":""10.0.20348.558 (WinBuild.160101.0800)""},{""@Name"":""Description"",""#text"":""Host Process for Windows Services""},{""@Name"":""Product"",""#text"":""Microsoft® Windows® Operating System""},{""@Name"":""Company"",""#text"":""Microsoft Corporation""},{""@Name"":""OriginalFileName"",""#text"":""svchost.exe""},{""@Name"":""CommandLine"",""#text"":""C:\\Windows\\system32\\svchost.exe -k LocalServiceAndNoImpersonation -p -s FDResPub""},{""@Name"":""CurrentDirectory"",""#text"":""C:\\Windows\\system32\\""},{""@Name"":""User"",""#text"":""NT AUTHORITY\\LOCAL SERVICE""},{""@Name"":""LogonGuid"",""#text"":""c9182e32-fd14-69ca-e503-000000000000""},{""@Name"":""LogonId"",""#text"":""0x3E5""},{""@Name"":""TerminalSessionId"",""#text"":""0""},{""@Name"":""IntegrityLevel"",""#text"":""System""},{""@Name"":""Hashes"",""#text"":""MD5=DC32ABA4669EAFB22FCACD5EC836A107,SHA256=31780FF2AAF7BC71F755BA0E4FEF1D61B060D1D2741EAFB33CBAB44D889595A0,IMPHASH=D8C4E4978657CEA220B495778C972E64""},{""@Name"":""ParentProcessGuid"",""#text"":""c9182e32-fd12-69ca-0b00-000000000a00""},{""@Name"":""ParentProcessId"",""#text"":""736""},{""@Name"":""ParentImage"",""#text"":""C:\\Windows\\System32\\services.exe""},{""@Name"":""ParentCommandLine"",""#text"":""C:\\Windows\\system32\\services.exe""},{""@Name"":""ParentUser"",""#text"":""NT AUTHORITY\\SYSTEM""}]}}"
956,956,2026-03-30 22:45:51.1805520,1,Info,Microsoft-Windows-Sysmon,Microsoft-Windows-Sysmon/Operational,2400,4356,DC01.corp.local,19,S-1-5-18,Process creation,NT AUTHORITY\SYSTEM,,"ProcessID: 2804, ProcessGUID: c9182e32-fd1e-69ca-3500-000000000a00",RuleName: -,"MD5=DC32ABA4669EAFB22FCACD5EC836A107,SHA256=31780FF2AAF7BC71F755BA0E4FEF1D61B060D1D2741EAFB33CBAB44D889595A0,IMPHASH=D8C4E4978657CEA220B495778C972E64",ParentProcess: C:\Windows\System32\services.exe,"ParentProcessID: 736, ParentProcessGUID: c9182e32-fd12-69ca-0b00-000000000a00",ParentCommandLine: C:\Windows\system32\services.exe,C:\Windows\System32\svchost.exe -k smbsvcs -s LanmanServer,False,C:\Users\owunc\Desktop\lab_logs\DC_Sysmon_ws.evtx,Classic,0,"{""EventData"":{""Data"":[{""@Name"":""RuleName"",""#text"":""-""},{""@Name"":""UtcTime"",""#text"":""2026-03-30 22:45:50.232""},{""@Name"":""ProcessGuid"",""#text"":""c9182e32-fd1e-69ca-3500-000000000a00""},{""@Name"":""ProcessId"",""#text"":""2804""},{""@Name"":""Image"",""#text"":""C:\\Windows\\System32\\svchost.exe""},{""@Name"":""FileVersion"",""#text"":""10.0.20348.558 (WinBuild.160101.0800)""},{""@Name"":""Description"",""#text"":""Host Process for Windows Services""},{""@Name"":""Product"",""#text"":""Microsoft® Windows® Operating System""},{""@Name"":""Company"",""#text"":""Microsoft Corporation""},{""@Name"":""OriginalFileName"",""#text"":""svchost.exe""},{""@Name"":""CommandLine"",""#text"":""C:\\Windows\\System32\\svchost.exe -k smbsvcs -s LanmanServer""},{""@Name"":""CurrentDirectory"",""#text"":""C:\\Windows\\system32\\""},{""@Name"":""User"",""#text"":""NT AUTHORITY\\SYSTEM""},{""@Name"":""LogonGuid"",""#text"":""c9182e32-fd12-69ca-e703-000000000000""},{""@Name"":""LogonId"",""#text"":""0x3E7""},{""@Name"":""TerminalSessionId"",""#text"":""0""},{""@Name"":""IntegrityLevel"",""#text"":""System""},{""@Name"":""Hashes"",""#text"":""MD5=DC32ABA4669EAFB22FCACD5EC836A107,SHA256=31780FF2AAF7BC71F755BA0E4FEF1D61B060D1D2741EAFB33CBAB44D889595A0,IMPHASH=D8C4E4978657CEA220B495778C972E64""},{""@Name"":""ParentProcessGuid"",""#text"":""c9182e32-fd12-69ca-0b00-000000000a00""},{""@Name"":""ParentProcessId"",""#text"":""736""},{""@Name"":""ParentImage"",""#text"":""C:\\Windows\\System32\\services.exe""},{""@Name"":""ParentCommandLine"",""#text"":""C:\\Windows\\system32\\services.exe""},{""@Name"":""ParentUser"",""#text"":""NT AUTHORITY\\SYSTEM""}]}}"
957,957,2026-03-30 22:45:51.1810179,1,Info,Microsoft-Windows-Sysmon,Microsoft-Windows-Sysmon/Operational,2400,4356,DC01.corp.local,19,S-1-5-18,Process creation,NT AUTHORITY\SYSTEM,,"ProcessID: 2872, ProcessGUID: c9182e32-fd1e-69ca-3600-000000000a00",RuleName: -,"MD5=77B6B32CD5D035729B6BB301F882A8F6,SHA256=A0192DAA06FB79975168ADDEF27770FFF179FF6EF34C4D88BC22B2AD3078694A,IMPHASH=F6AF0349AC4C1232D9E601B76D7FA66B",ParentProcess: C:\Windows\System32\services.exe,"ParentProcessID: 736, ParentProcessGUID: c9182e32-fd12-69ca-0b00-000000000a00",ParentCommandLine: C:\Windows\system32\services.exe,C:\Windows\System32\spoolsv.exe,False,C:\Users\owunc\Desktop\lab_logs\DC_Sysmon_ws.evtx,Classic,0,"{""EventData"":{""Data"":[{""@Name"":""RuleName"",""#text"":""-""},{""@Name"":""UtcTime"",""#text"":""2026-03-30 22:45:50.284""},{""@Name"":""ProcessGuid"",""#text"":""c9182e32-fd1e-69ca-3600-000000000a00""},{""@Name"":""ProcessId"",""#text"":""2872""},{""@Name"":""Image"",""#text"":""C:\\Windows\\System32\\spoolsv.exe""},{""@Name"":""FileVersion"",""#text"":""10.0.20348.405 (WinBuild.160101.0800)""},{""@Name"":""Description"",""#text"":""Spooler SubSystem App""},{""@Name"":""Product"",""#text"":""Microsoft® Windows® Operating System""},{""@Name"":""Company"",""#text"":""Microsoft Corporation""},{""@Name"":""OriginalFileName"",""#text"":""spoolsv.exe""},{""@Name"":""CommandLine"",""#text"":""C:\\Windows\\System32\\spoolsv.exe""},{""@Name"":""CurrentDirectory"",""#text"":""C:\\Windows\\system32\\""},{""@Name"":""User"",""#text"":""NT AUTHORITY\\SYSTEM""},{""@Name"":""LogonGuid"",""#text"":""c9182e32-fd12-69ca-e703-000000000000""},{""@Name"":""LogonId"",""#text"":""0x3E7""},{""@Name"":""TerminalSessionId"",""#text"":""0""},{""@Name"":""IntegrityLevel"",""#text"":""System""},{""@Name"":""Hashes"",""#text"":""MD5=77B6B32CD5D035729B6BB301F882A8F6,SHA256=A0192DAA06FB79975168ADDEF27770FFF179FF6EF34C4D88BC22B2AD3078694A,IMPHASH=F6AF0349AC4C1232D9E601B76D7FA66B""},{""@Name"":""ParentProcessGuid"",""#text"":""c9182e32-fd12-69ca-0b00-000000000a00""},{""@Name"":""ParentProcessId"",""#text"":""736""},{""@Name"":""ParentImage"",""#text"":""C:\\Windows\\System32\\services.exe""},{""@Name"":""ParentCommandLine"",""#text"":""C:\\Windows\\system32\\services.exe""},{""@Name"":""ParentUser"",""#text"":""NT AUTHORITY\\SYSTEM""}]}}"
958,958,2026-03-30 22:45:51.1812909,1,Info,Microsoft-Windows-Sysmon,Microsoft-Windows-Sysmon/Operational,2400,4356,DC01.corp.local,19,S-1-5-18,Process creation,NT AUTHORITY\LOCAL SERVICE,,"ProcessID: 2916, ProcessGUID: c9182e32-fd1e-69ca-3700-000000000a00",RuleName: -,"MD5=DC32ABA4669EAFB22FCACD5EC836A107,SHA256=31780FF2AAF7BC71F755BA0E4FEF1D61B060D1D2741EAFB33CBAB44D889595A0,IMPHASH=D8C4E4978657CEA220B495778C972E64",ParentProcess: C:\Windows\System32\services.exe,"ParentProcessID: 736, ParentProcessGUID: c9182e32-fd12-69ca-0b00-000000000a00",ParentCommandLine: C:\Windows\system32\services.exe,C:\Windows\system32\svchost.exe -k LocalServiceNoNetwork -p,False,C:\Users\owunc\Desktop\lab_logs\DC_Sysmon_ws.evtx,Classic,0,"{""EventData"":{""Data"":[{""@Name"":""RuleName"",""#text"":""-""},{""@Name"":""UtcTime"",""#text"":""2026-03-30 22:45:50.303""},{""@Name"":""ProcessGuid"",""#text"":""c9182e32-fd1e-69ca-3700-000000000a00""},{""@Name"":""ProcessId"",""#text"":""2916""},{""@Name"":""Image"",""#text"":""C:\\Windows\\System32\\svchost.exe""},{""@Name"":""FileVersion"",""#text"":""10.0.20348.558 (WinBuild.160101.0800)""},{""@Name"":""Description"",""#text"":""Host Process for Windows Services""},{""@Name"":""Product"",""#text"":""Microsoft® Windows® Operating System""},{""@Name"":""Company"",""#text"":""Microsoft Corporation""},{""@Name"":""OriginalFileName"",""#text"":""svchost.exe""},{""@Name"":""CommandLine"",""#text"":""C:\\Windows\\system32\\svchost.exe -k LocalServiceNoNetwork -p""},{""@Name"":""CurrentDirectory"",""#text"":""C:\\Windows\\system32\\""},{""@Name"":""User"",""#text"":""NT AUTHORITY\\LOCAL SERVICE""},{""@Name"":""LogonGuid"",""#text"":""c9182e32-fd14-69ca-e503-000000000000""},{""@Name"":""LogonId"",""#text"":""0x3E5""},{""@Name"":""TerminalSessionId"",""#text"":""0""},{""@Name"":""IntegrityLevel"",""#text"":""System""},{""@Name"":""Hashes"",""#text"":""MD5=DC32ABA4669EAFB22FCACD5EC836A107,SHA256=31780FF2AAF7BC71F755BA0E4FEF1D61B060D1D2741EAFB33CBAB44D889595A0,IMPHASH=D8C4E4978657CEA220B495778C972E64""},{""@Name"":""ParentProcessGuid"",""#text"":""c9182e32-fd12-69ca-0b00-000000000a00""},{""@Name"":""ParentProcessId"",""#text"":""736""},{""@Name"":""ParentImage"",""#text"":""C:\\Windows\\System32\\services.exe""},{""@Name"":""ParentCommandLine"",""#text"":""C:\\Windows\\system32\\services.exe""},{""@Name"":""ParentUser"",""#text"":""NT AUTHORITY\\SYSTEM""}]}}"
959,959,2026-03-30 22:45:51.1814859,1,Info,Microsoft-Windows-Sysmon,Microsoft-Windows-Sysmon/Operational,2400,4356,DC01.corp.local,19,S-1-5-18,Process creation,NT AUTHORITY\NETWORK SERVICE,,"ProcessID: 2932, ProcessGUID: c9182e32-fd1e-69ca-3800-000000000a00",RuleName: -,"MD5=DC32ABA4669EAFB22FCACD5EC836A107,SHA256=31780FF2AAF7BC71F755BA0E4FEF1D61B060D1D2741EAFB33CBAB44D889595A0,IMPHASH=D8C4E4978657CEA220B495778C972E64",ParentProcess: C:\Windows\System32\services.exe,"ParentProcessID: 736, ParentProcessGUID: c9182e32-fd12-69ca-0b00-000000000a00",ParentCommandLine: C:\Windows\system32\services.exe,C:\Windows\system32\svchost.exe -k NetworkService -p -s CryptSvc,False,C:\Users\owunc\Desktop\lab_logs\DC_Sysmon_ws.evtx,Classic,0,"{""EventData"":{""Data"":[{""@Name"":""RuleName"",""#text"":""-""},{""@Name"":""UtcTime"",""#text"":""2026-03-30 22:45:50.304""},{""@Name"":""ProcessGuid"",""#text"":""c9182e32-fd1e-69ca-3800-000000000a00""},{""@Name"":""ProcessId"",""#text"":""2932""},{""@Name"":""Image"",""#text"":""C:\\Windows\\System32\\svchost.exe""},{""@Name"":""FileVersion"",""#text"":""10.0.20348.558 (WinBuild.160101.0800)""},{""@Name"":""Description"",""#text"":""Host Process for Windows Services""},{""@Name"":""Product"",""#text"":""Microsoft® Windows® Operating System""},{""@Name"":""Company"",""#text"":""Microsoft Corporation""},{""@Name"":""OriginalFileName"",""#text"":""svchost.exe""},{""@Name"":""CommandLine"",""#text"":""C:\\Windows\\system32\\svchost.exe -k NetworkService -p -s CryptSvc""},{""@Name"":""CurrentDirectory"",""#text"":""C:\\Windows\\system32\\""},{""@Name"":""User"",""#text"":""NT AUTHORITY\\NETWORK SERVICE""},{""@Name"":""LogonGuid"",""#text"":""c9182e32-fd14-69ca-e403-000000000000""},{""@Name"":""LogonId"",""#text"":""0x3E4""},{""@Name"":""TerminalSessionId"",""#text"":""0""},{""@Name"":""IntegrityLevel"",""#text"":""System""},{""@Name"":""Hashes"",""#text"":""MD5=DC32ABA4669EAFB22FCACD5EC836A107,SHA256=31780FF2AAF7BC71F755BA0E4FEF1D61B060D1D2741EAFB33CBAB44D889595A0,IMPHASH=D8C4E4978657CEA220B495778C972E64""},{""@Name"":""ParentProcessGuid"",""#text"":""c9182e32-fd12-69ca-0b00-000000000a00""},{""@Name"":""ParentProcessId"",""#text"":""736""},{""@Name"":""ParentImage"",""#text"":""C:\\Windows\\System32\\services.exe""},{""@Name"":""ParentCommandLine"",""#text"":""C:\\Windows\\system32\\services.exe""},{""@Name"":""ParentUser"",""#text"":""NT AUTHORITY\\SYSTEM""}]}}"
960,960,2026-03-30 22:45:51.1818035,1,Info,Microsoft-Windows-Sysmon,Microsoft-Windows-Sysmon/Operational,2400,4356,DC01.corp.local,19,S-1-5-18,Process creation,NT AUTHORITY\LOCAL SERVICE,,"ProcessID: 2940, ProcessGUID: c9182e32-fd1e-69ca-3900-000000000a00",RuleName: -,"MD5=DC32ABA4669EAFB22FCACD5EC836A107,SHA256=31780FF2AAF7BC71F755BA0E4FEF1D61B060D1D2741EAFB33CBAB44D889595A0,IMPHASH=D8C4E4978657CEA220B495778C972E64",ParentProcess: C:\Windows\System32\services.exe,"ParentProcessID: 736, ParentProcessGUID: c9182e32-fd12-69ca-0b00-000000000a00",ParentCommandLine: C:\Windows\system32\services.exe,C:\Windows\system32\svchost.exe -k localService -p -s RemoteRegistry,False,C:\Users\owunc\Desktop\lab_logs\DC_Sysmon_ws.evtx,Classic,0,"{""EventData"":{""Data"":[{""@Name"":""RuleName"",""#text"":""-""},{""@Name"":""UtcTime"",""#text"":""2026-03-30 22:45:50.305""},{""@Name"":""ProcessGuid"",""#text"":""c9182e32-fd1e-69ca-3900-000000000a00""},{""@Name"":""ProcessId"",""#text"":""2940""},{""@Name"":""Image"",""#text"":""C:\\Windows\\System32\\svchost.exe""},{""@Name"":""FileVersion"",""#text"":""10.0.20348.558 (WinBuild.160101.0800)""},{""@Name"":""Description"",""#text"":""Host Process for Windows Services""},{""@Name"":""Product"",""#text"":""Microsoft® Windows® Operating System""},{""@Name"":""Company"",""#text"":""Microsoft Corporation""},{""@Name"":""OriginalFileName"",""#text"":""svchost.exe""},{""@Name"":""CommandLine"",""#text"":""C:\\Windows\\system32\\svchost.exe -k localService -p -s RemoteRegistry""},{""@Name"":""CurrentDirectory"",""#text"":""C:\\Windows\\system32\\""},{""@Name"":""User"",""#text"":""NT AUTHORITY\\LOCAL SERVICE""},{""@Name"":""LogonGuid"",""#text"":""c9182e32-fd14-69ca-e503-000000000000""},{""@Name"":""LogonId"",""#text"":""0x3E5""},{""@Name"":""TerminalSessionId"",""#text"":""0""},{""@Name"":""IntegrityLevel"",""#text"":""System""},{""@Name"":""Hashes"",""#text"":""MD5=DC32ABA4669EAFB22FCACD5EC836A107,SHA256=31780FF2AAF7BC71F755BA0E4FEF1D61B060D1D2741EAFB33CBAB44D889595A0,IMPHASH=D8C4E4978657CEA220B495778C972E64""},{""@Name"":""ParentProcessGuid"",""#text"":""c9182e32-fd12-69ca-0b00-000000000a00""},{""@Name"":""ParentProcessId"",""#text"":""736""},{""@Name"":""ParentImage"",""#text"":""C:\\Windows\\System32\\services.exe""},{""@Name"":""ParentCommandLine"",""#text"":""C:\\Windows\\system32\\services.exe""},{""@Name"":""ParentUser"",""#text"":""NT AUTHORITY\\SYSTEM""}]}}"
961,961,2026-03-30 22:45:51.1820560,1,Info,Microsoft-Windows-Sysmon,Microsoft-Windows-Sysmon/Operational,2400,4356,DC01.corp.local,20,S-1-5-18,Process creation,NT AUTHORITY\SYSTEM,,"ProcessID: 2972, ProcessGUID: c9182e32-fd1e-69ca-3c00-000000000a00",RuleName: -,"MD5=DC32ABA4669EAFB22FCACD5EC836A107,SHA256=31780FF2AAF7BC71F755BA0E4FEF1D61B060D1D2741EAFB33CBAB44D889595A0,IMPHASH=D8C4E4978657CEA220B495778C972E64",ParentProcess: C:\Windows\System32\services.exe,"ParentProcessID: 736, ParentProcessGUID: c9182e32-fd12-69ca-0b00-000000000a00",ParentCommandLine: C:\Windows\system32\services.exe,C:\Windows\System32\svchost.exe -k utcsvc -p,False,C:\Users\owunc\Desktop\lab_logs\DC_Sysmon_ws.evtx,Classic,0,"{""EventData"":{""Data"":[{""@Name"":""RuleName"",""#text"":""-""},{""@Name"":""UtcTime"",""#text"":""2026-03-30 22:45:50.307""},{""@Name"":""ProcessGuid"",""#text"":""c9182e32-fd1e-69ca-3c00-000000000a00""},{""@Name"":""ProcessId"",""#text"":""2972""},{""@Name"":""Image"",""#text"":""C:\\Windows\\System32\\svchost.exe""},{""@Name"":""FileVersion"",""#text"":""10.0.20348.558 (WinBuild.160101.0800)""},{""@Name"":""Description"",""#text"":""Host Process for Windows Services""},{""@Name"":""Product"",""#text"":""Microsoft® Windows® Operating System""},{""@Name"":""Company"",""#text"":""Microsoft Corporation""},{""@Name"":""OriginalFileName"",""#text"":""svchost.exe""},{""@Name"":""CommandLine"",""#text"":""C:\\Windows\\System32\\svchost.exe -k utcsvc -p""},{""@Name"":""CurrentDirectory"",""#text"":""C:\\Windows\\system32\\""},{""@Name"":""User"",""#text"":""NT AUTHORITY\\SYSTEM""},{""@Name"":""LogonGuid"",""#text"":""c9182e32-fd12-69ca-e703-000000000000""},{""@Name"":""LogonId"",""#text"":""0x3E7""},{""@Name"":""TerminalSessionId"",""#text"":""0""},{""@Name"":""IntegrityLevel"",""#text"":""System""},{""@Name"":""Hashes"",""#text"":""MD5=DC32ABA4669EAFB22FCACD5EC836A107,SHA256=31780FF2AAF7BC71F755BA0E4FEF1D61B060D1D2741EAFB33CBAB44D889595A0,IMPHASH=D8C4E4978657CEA220B495778C972E64""},{""@Name"":""ParentProcessGuid"",""#text"":""c9182e32-fd12-69ca-0b00-000000000a00""},{""@Name"":""ParentProcessId"",""#text"":""736""},{""@Name"":""ParentImage"",""#text"":""C:\\Windows\\System32\\services.exe""},{""@Name"":""ParentCommandLine"",""#text"":""C:\\Windows\\system32\\services.exe""},{""@Name"":""ParentUser"",""#text"":""NT AUTHORITY\\SYSTEM""}]}}"
962,962,2026-03-30 22:45:51.1823150,1,Info,Microsoft-Windows-Sysmon,Microsoft-Windows-Sysmon/Operational,2400,4356,DC01.corp.local,20,S-1-5-18,Process creation,NT AUTHORITY\LOCAL SERVICE,,"ProcessID: 3000, ProcessGUID: c9182e32-fd1e-69ca-3f00-000000000a00",RuleName: -,"MD5=DC32ABA4669EAFB22FCACD5EC836A107,SHA256=31780FF2AAF7BC71F755BA0E4FEF1D61B060D1D2741EAFB33CBAB44D889595A0,IMPHASH=D8C4E4978657CEA220B495778C972E64",ParentProcess: C:\Windows\System32\services.exe,"ParentProcessID: 736, ParentProcessGUID: c9182e32-fd12-69ca-0b00-000000000a00",ParentCommandLine: C:\Windows\system32\services.exe,C:\Windows\system32\svchost.exe -k LocalService -p -s SstpSvc,False,C:\Users\owunc\Desktop\lab_logs\DC_Sysmon_ws.evtx,Classic,0,"{""EventData"":{""Data"":[{""@Name"":""RuleName"",""#text"":""-""},{""@Name"":""UtcTime"",""#text"":""2026-03-30 22:45:50.309""},{""@Name"":""ProcessGuid"",""#text"":""c9182e32-fd1e-69ca-3f00-000000000a00""},{""@Name"":""ProcessId"",""#text"":""3000""},{""@Name"":""Image"",""#text"":""C:\\Windows\\System32\\svchost.exe""},{""@Name"":""FileVersion"",""#text"":""10.0.20348.558 (WinBuild.160101.0800)""},{""@Name"":""Description"",""#text"":""Host Process for Windows Services""},{""@Name"":""Product"",""#text"":""Microsoft® Windows® Operating System""},{""@Name"":""Company"",""#text"":""Microsoft Corporation""},{""@Name"":""OriginalFileName"",""#text"":""svchost.exe""},{""@Name"":""CommandLine"",""#text"":""C:\\Windows\\system32\\svchost.exe -k LocalService -p -s SstpSvc""},{""@Name"":""CurrentDirectory"",""#text"":""C:\\Windows\\system32\\""},{""@Name"":""User"",""#text"":""NT AUTHORITY\\LOCAL SERVICE""},{""@Name"":""LogonGuid"",""#text"":""c9182e32-fd14-69ca-e503-000000000000""},{""@Name"":""LogonId"",""#text"":""0x3E5""},{""@Name"":""TerminalSessionId"",""#text"":""0""},{""@Name"":""IntegrityLevel"",""#text"":""System""},{""@Name"":""Hashes"",""#text"":""MD5=DC32ABA4669EAFB22FCACD5EC836A107,SHA256=31780FF2AAF7BC71F755BA0E4FEF1D61B060D1D2741EAFB33CBAB44D889595A0,IMPHASH=D8C4E4978657CEA220B495778C972E64""},{""@Name"":""ParentProcessGuid"",""#text"":""c9182e32-fd12-69ca-0b00-000000000a00""},{""@Name"":""ParentProcessId"",""#text"":""736""},{""@Name"":""ParentImage"",""#text"":""C:\\Windows\\System32\\services.exe""},{""@Name"":""ParentCommandLine"",""#text"":""C:\\Windows\\system32\\services.exe""},{""@Name"":""ParentUser"",""#text"":""NT AUTHORITY\\SYSTEM""}]}}"
963,963,2026-03-30 22:45:51.1825615,1,Info,Microsoft-Windows-Sysmon,Microsoft-Windows-Sysmon/Operational,2400,4356,DC01.corp.local,20,S-1-5-18,Process creation,NT AUTHORITY\SYSTEM,,"ProcessID: 2992, ProcessGUID: c9182e32-fd1e-69ca-3e00-000000000a00",RuleName: -,"MD5=E30A16C4817B503B4978CD33EDE018A1,SHA256=602235341EC144B6BF2BDED5E99C2ACB24BE6B2E6ADE2ABC1D4694EAADB1A098,IMPHASH=35627215C449031F0A74AC16F03F7720",ParentProcess: C:\Windows\System32\services.exe,"ParentProcessID: 736, ParentProcessGUID: c9182e32-fd12-69ca-0b00-000000000a00",ParentCommandLine: C:\Windows\system32\services.exe,C:\Windows\System32\ismserv.exe,False,C:\Users\owunc\Desktop\lab_logs\DC_Sysmon_ws.evtx,Classic,0,"{""EventData"":{""Data"":[{""@Name"":""RuleName"",""#text"":""-""},{""@Name"":""UtcTime"",""#text"":""2026-03-30 22:45:50.308""},{""@Name"":""ProcessGuid"",""#text"":""c9182e32-fd1e-69ca-3e00-000000000a00""},{""@Name"":""ProcessId"",""#text"":""2992""},{""@Name"":""Image"",""#text"":""C:\\Windows\\System32\\ismserv.exe""},{""@Name"":""FileVersion"",""#text"":""10.0.20348.1 (WinBuild.160101.0800)""},{""@Name"":""Description"",""#text"":""Windows NT Intersite Messaging Service""},{""@Name"":""Product"",""#text"":""Microsoft® Windows® Operating System""},{""@Name"":""Company"",""#text"":""Microsoft Corporation""},{""@Name"":""OriginalFileName"",""#text"":""ismserv.exe""},{""@Name"":""CommandLine"",""#text"":""C:\\Windows\\System32\\ismserv.exe""},{""@Name"":""CurrentDirectory"",""#text"":""C:\\Windows\\system32\\""},{""@Name"":""User"",""#text"":""NT AUTHORITY\\SYSTEM""},{""@Name"":""LogonGuid"",""#text"":""c9182e32-fd12-69ca-e703-000000000000""},{""@Name"":""LogonId"",""#text"":""0x3E7""},{""@Name"":""TerminalSessionId"",""#text"":""0""},{""@Name"":""IntegrityLevel"",""#text"":""System""},{""@Name"":""Hashes"",""#text"":""MD5=E30A16C4817B503B4978CD33EDE018A1,SHA256=602235341EC144B6BF2BDED5E99C2ACB24BE6B2E6ADE2ABC1D4694EAADB1A098,IMPHASH=35627215C449031F0A74AC16F03F7720""},{""@Name"":""ParentProcessGuid"",""#text"":""c9182e32-fd12-69ca-0b00-000000000a00""},{""@Name"":""ParentProcessId"",""#text"":""736""},{""@Name"":""ParentImage"",""#text"":""C:\\Windows\\System32\\services.exe""},{""@Name"":""ParentCommandLine"",""#text"":""C:\\Windows\\system32\\services.exe""},{""@Name"":""ParentUser"",""#text"":""NT AUTHORITY\\SYSTEM""}]}}"
964,964,2026-03-30 22:45:51.1829666,1,Info,Microsoft-Windows-Sysmon,Microsoft-Windows-Sysmon/Operational,2400,4356,DC01.corp.local,20,S-1-5-18,Process creation,NT AUTHORITY\SYSTEM,,"ProcessID: 3012, ProcessGUID: c9182e32-fd1e-69ca-4000-000000000a00",RuleName: -,"MD5=DC32ABA4669EAFB22FCACD5EC836A107,SHA256=31780FF2AAF7BC71F755BA0E4FEF1D61B060D1D2741EAFB33CBAB44D889595A0,IMPHASH=D8C4E4978657CEA220B495778C972E64",ParentProcess: C:\Windows\System32\services.exe,"ParentProcessID: 736, ParentProcessGUID: c9182e32-fd12-69ca-0b00-000000000a00",ParentCommandLine: C:\Windows\system32\services.exe,C:\Windows\system32\svchost.exe -k appmodel -p -s StateRepository,False,C:\Users\owunc\Desktop\lab_logs\DC_Sysmon_ws.evtx,Classic,0,"{""EventData"":{""Data"":[{""@Name"":""RuleName"",""#text"":""-""},{""@Name"":""UtcTime"",""#text"":""2026-03-30 22:45:50.311""},{""@Name"":""ProcessGuid"",""#text"":""c9182e32-fd1e-69ca-4000-000000000a00""},{""@Name"":""ProcessId"",""#text"":""3012""},{""@Name"":""Image"",""#text"":""C:\\Windows\\System32\\svchost.exe""},{""@Name"":""FileVersion"",""#text"":""10.0.20348.558 (WinBuild.160101.0800)""},{""@Name"":""Description"",""#text"":""Host Process for Windows Services""},{""@Name"":""Product"",""#text"":""Microsoft® Windows® Operating System""},{""@Name"":""Company"",""#text"":""Microsoft Corporation""},{""@Name"":""OriginalFileName"",""#text"":""svchost.exe""},{""@Name"":""CommandLine"",""#text"":""C:\\Windows\\system32\\svchost.exe -k appmodel -p -s StateRepository""},{""@Name"":""CurrentDirectory"",""#text"":""C:\\Windows\\system32\\""},{""@Name"":""User"",""#text"":""NT AUTHORITY\\SYSTEM""},{""@Name"":""LogonGuid"",""#text"":""c9182e32-fd12-69ca-e703-000000000000""},{""@Name"":""LogonId"",""#text"":""0x3E7""},{""@Name"":""TerminalSessionId"",""#text"":""0""},{""@Name"":""IntegrityLevel"",""#text"":""System""},{""@Name"":""Hashes"",""#text"":""MD5=DC32ABA4669EAFB22FCACD5EC836A107,SHA256=31780FF2AAF7BC71F755BA0E4FEF1D61B060D1D2741EAFB33CBAB44D889595A0,IMPHASH=D8C4E4978657CEA220B495778C972E64""},{""@Name"":""ParentProcessGuid"",""#text"":""c9182e32-fd12-69ca-0b00-000000000a00""},{""@Name"":""ParentProcessId"",""#text"":""736""},{""@Name"":""ParentImage"",""#text"":""C:\\Windows\\System32\\services.exe""},{""@Name"":""ParentCommandLine"",""#text"":""C:\\Windows\\system32\\services.exe""},{""@Name"":""ParentUser"",""#text"":""NT AUTHORITY\\SYSTEM""}]}}"
965,965,2026-03-30 22:45:51.1831970,1,Info,Microsoft-Windows-Sysmon,Microsoft-Windows-Sysmon/Operational,2400,4356,DC01.corp.local,20,S-1-5-18,Process creation,NT AUTHORITY\SYSTEM,,"ProcessID: 2984, ProcessGUID: c9182e32-fd1e-69ca-3d00-000000000a00",RuleName: -,"MD5=9F5C50177BF1849D16FBD15242444A97,SHA256=65D3E97706440FB2A9149CAC6705D492AB3598FBCD00A5543CE008E8ABA0106A,IMPHASH=F34D5F2D4577ED6D9CEEC516C1F5A744",ParentProcess: C:\Windows\System32\services.exe,"ParentProcessID: 736, ParentProcessGUID: c9182e32-fd12-69ca-0b00-000000000a00",ParentCommandLine: C:\Windows\system32\services.exe,C:\Windows\ADWS\Microsoft.ActiveDirectory.WebServices.exe,False,C:\Users\owunc\Desktop\lab_logs\DC_Sysmon_ws.evtx,Classic,0,"{""EventData"":{""Data"":[{""@Name"":""RuleName"",""#text"":""-""},{""@Name"":""UtcTime"",""#text"":""2026-03-30 22:45:50.308""},{""@Name"":""ProcessGuid"",""#text"":""c9182e32-fd1e-69ca-3d00-000000000a00""},{""@Name"":""ProcessId"",""#text"":""2984""},{""@Name"":""Image"",""#text"":""C:\\Windows\\ADWS\\Microsoft.ActiveDirectory.WebServices.exe""},{""@Name"":""FileVersion"",""#text"":""10.0.20348.1""},{""@Name"":""Description"",""#text"":""Microsoft.ActiveDirectory.WebServices""},{""@Name"":""Product"",""#text"":""Microsoft (R) Windows (R) Operating System""},{""@Name"":""Company"",""#text"":""Microsoft Corporation""},{""@Name"":""OriginalFileName"",""#text"":""Microsoft.ActiveDirectory.WebServices.exe""},{""@Name"":""CommandLine"",""#text"":""C:\\Windows\\ADWS\\Microsoft.ActiveDirectory.WebServices.exe""},{""@Name"":""CurrentDirectory"",""#text"":""C:\\Windows\\system32\\""},{""@Name"":""User"",""#text"":""NT AUTHORITY\\SYSTEM""},{""@Name"":""LogonGuid"",""#text"":""c9182e32-fd12-69ca-e703-000000000000""},{""@Name"":""LogonId"",""#text"":""0x3E7""},{""@Name"":""TerminalSessionId"",""#text"":""0""},{""@Name"":""IntegrityLevel"",""#text"":""System""},{""@Name"":""Hashes"",""#text"":""MD5=9F5C50177BF1849D16FBD15242444A97,SHA256=65D3E97706440FB2A9149CAC6705D492AB3598FBCD00A5543CE008E8ABA0106A,IMPHASH=F34D5F2D4577ED6D9CEEC516C1F5A744""},{""@Name"":""ParentProcessGuid"",""#text"":""c9182e32-fd12-69ca-0b00-000000000a00""},{""@Name"":""ParentProcessId"",""#text"":""736""},{""@Name"":""ParentImage"",""#text"":""C:\\Windows\\System32\\services.exe""},{""@Name"":""ParentCommandLine"",""#text"":""C:\\Windows\\system32\\services.exe""},{""@Name"":""ParentUser"",""#text"":""NT AUTHORITY\\SYSTEM""}]}}"
966,966,2026-03-30 22:45:51.1834079,1,Info,Microsoft-Windows-Sysmon,Microsoft-Windows-Sysmon/Operational,2400,4356,DC01.corp.local,20,S-1-5-18,Process creation,NT AUTHORITY\SYSTEM,,"ProcessID: 3048, ProcessGUID: c9182e32-fd1e-69ca-4200-000000000a00",RuleName: -,"MD5=DC32ABA4669EAFB22FCACD5EC836A107,SHA256=31780FF2AAF7BC71F755BA0E4FEF1D61B060D1D2741EAFB33CBAB44D889595A0,IMPHASH=D8C4E4978657CEA220B495778C972E64",ParentProcess: C:\Windows\System32\services.exe,"ParentProcessID: 736, ParentProcessGUID: c9182e32-fd12-69ca-0b00-000000000a00",ParentCommandLine: C:\Windows\system32\services.exe,C:\Windows\system32\svchost.exe -k LocalSystemNetworkRestricted -p -s SysMain,False,C:\Users\owunc\Desktop\lab_logs\DC_Sysmon_ws.evtx,Classic,0,"{""EventData"":{""Data"":[{""@Name"":""RuleName"",""#text"":""-""},{""@Name"":""UtcTime"",""#text"":""2026-03-30 22:45:50.322""},{""@Name"":""ProcessGuid"",""#text"":""c9182e32-fd1e-69ca-4200-000000000a00""},{""@Name"":""ProcessId"",""#text"":""3048""},{""@Name"":""Image"",""#text"":""C:\\Windows\\System32\\svchost.exe""},{""@Name"":""FileVersion"",""#text"":""10.0.20348.558 (WinBuild.160101.0800)""},{""@Name"":""Description"",""#text"":""Host Process for Windows Services""},{""@Name"":""Product"",""#text"":""Microsoft® Windows® Operating System""},{""@Name"":""Company"",""#text"":""Microsoft Corporation""},{""@Name"":""OriginalFileName"",""#text"":""svchost.exe""},{""@Name"":""CommandLine"",""#text"":""C:\\Windows\\system32\\svchost.exe -k LocalSystemNetworkRestricted -p -s SysMain""},{""@Name"":""CurrentDirectory"",""#text"":""C:\\Windows\\system32\\""},{""@Name"":""User"",""#text"":""NT AUTHORITY\\SYSTEM""},{""@Name"":""LogonGuid"",""#text"":""c9182e32-fd12-69ca-e703-000000000000""},{""@Name"":""LogonId"",""#text"":""0x3E7""},{""@Name"":""TerminalSessionId"",""#text"":""0""},{""@Name"":""IntegrityLevel"",""#text"":""System""},{""@Name"":""Hashes"",""#text"":""MD5=DC32ABA4669EAFB22FCACD5EC836A107,SHA256=31780FF2AAF7BC71F755BA0E4FEF1D61B060D1D2741EAFB33CBAB44D889595A0,IMPHASH=D8C4E4978657CEA220B495778C972E64""},{""@Name"":""ParentProcessGuid"",""#text"":""c9182e32-fd12-69ca-0b00-000000000a00""},{""@Name"":""ParentProcessId"",""#text"":""736""},{""@Name"":""ParentImage"",""#text"":""C:\\Windows\\System32\\services.exe""},{""@Name"":""ParentCommandLine"",""#text"":""C:\\Windows\\system32\\services.exe""},{""@Name"":""ParentUser"",""#text"":""NT AUTHORITY\\SYSTEM""}]}}"
967,967,2026-03-30 22:45:51.1835886,1,Info,Microsoft-Windows-Sysmon,Microsoft-Windows-Sysmon/Operational,2400,4356,DC01.corp.local,20,S-1-5-18,Process creation,NT AUTHORITY\SYSTEM,,"ProcessID: 2960, ProcessGUID: c9182e32-fd1e-69ca-3b00-000000000a00",RuleName: -,"MD5=89F73F488C6C17955AD19F581C44D44B,SHA256=C6D3CB412C3B2BB9F0FEC6ED9279FCDD3DD75D12E91F5B7E1B6F54D2ED72A15F,IMPHASH=68D2450D85B62FC198B0913A50BCB868",ParentProcess: C:\Windows\System32\services.exe,"ParentProcessID: 736, ParentProcessGUID: c9182e32-fd12-69ca-0b00-000000000a00",ParentCommandLine: C:\Windows\system32\services.exe,C:\Windows\system32\DFSRs.exe,False,C:\Users\owunc\Desktop\lab_logs\DC_Sysmon_ws.evtx,Classic,0,"{""EventData"":{""Data"":[{""@Name"":""RuleName"",""#text"":""-""},{""@Name"":""UtcTime"",""#text"":""2026-03-30 22:45:50.306""},{""@Name"":""ProcessGuid"",""#text"":""c9182e32-fd1e-69ca-3b00-000000000a00""},{""@Name"":""ProcessId"",""#text"":""2960""},{""@Name"":""Image"",""#text"":""C:\\Windows\\System32\\dfsrs.exe""},{""@Name"":""FileVersion"",""#text"":""10.0.20348.502 (WinBuild.160101.0800)""},{""@Name"":""Description"",""#text"":""Distributed File System Replication""},{""@Name"":""Product"",""#text"":""Microsoft® Windows® Operating System""},{""@Name"":""Company"",""#text"":""Microsoft Corporation""},{""@Name"":""OriginalFileName"",""#text"":""dfsr.exe""},{""@Name"":""CommandLine"",""#text"":""C:\\Windows\\system32\\DFSRs.exe""},{""@Name"":""CurrentDirectory"",""#text"":""C:\\Windows\\system32\\""},{""@Name"":""User"",""#text"":""NT AUTHORITY\\SYSTEM""},{""@Name"":""LogonGuid"",""#text"":""c9182e32-fd12-69ca-e703-000000000000""},{""@Name"":""LogonId"",""#text"":""0x3E7""},{""@Name"":""TerminalSessionId"",""#text"":""0""},{""@Name"":""IntegrityLevel"",""#text"":""System""},{""@Name"":""Hashes"",""#text"":""MD5=89F73F488C6C17955AD19F581C44D44B,SHA256=C6D3CB412C3B2BB9F0FEC6ED9279FCDD3DD75D12E91F5B7E1B6F54D2ED72A15F,IMPHASH=68D2450D85B62FC198B0913A50BCB868""},{""@Name"":""ParentProcessGuid"",""#text"":""c9182e32-fd12-69ca-0b00-000000000a00""},{""@Name"":""ParentProcessId"",""#text"":""736""},{""@Name"":""ParentImage"",""#text"":""C:\\Windows\\System32\\services.exe""},{""@Name"":""ParentCommandLine"",""#text"":""C:\\Windows\\system32\\services.exe""},{""@Name"":""ParentUser"",""#text"":""NT AUTHORITY\\SYSTEM""}]}}"
968,968,2026-03-30 22:45:51.1838859,1,Info,Microsoft-Windows-Sysmon,Microsoft-Windows-Sysmon/Operational,2400,4356,DC01.corp.local,20,S-1-5-18,Process creation,NT AUTHORITY\SYSTEM,,"ProcessID: 2948, ProcessGUID: c9182e32-fd1e-69ca-3a00-000000000a00",RuleName: -,"MD5=51BD645229CBC5135C917894C65DA5AA,SHA256=6992744987470C27097BDF597A019FA2DE924E123E8928B9F488361FAFC35809,IMPHASH=D3FB3830686A41BC0BE7129F8DC73BE8",ParentProcess: C:\Windows\System32\services.exe,"ParentProcessID: 736, ParentProcessGUID: c9182e32-fd12-69ca-0b00-000000000a00",ParentCommandLine: C:\Windows\system32\services.exe,C:\Windows\system32\dns.exe,False,C:\Users\owunc\Desktop\lab_logs\DC_Sysmon_ws.evtx,Classic,0,"{""EventData"":{""Data"":[{""@Name"":""RuleName"",""#text"":""-""},{""@Name"":""UtcTime"",""#text"":""2026-03-30 22:45:50.305""},{""@Name"":""ProcessGuid"",""#text"":""c9182e32-fd1e-69ca-3a00-000000000a00""},{""@Name"":""ProcessId"",""#text"":""2948""},{""@Name"":""Image"",""#text"":""C:\\Windows\\System32\\dns.exe""},{""@Name"":""FileVersion"",""#text"":""10.0.20348.587 (WinBuild.160101.0800)""},{""@Name"":""Description"",""#text"":""Domain Name System (DNS) Server""},{""@Name"":""Product"",""#text"":""Microsoft® Windows® Operating System""},{""@Name"":""Company"",""#text"":""Microsoft Corporation""},{""@Name"":""OriginalFileName"",""#text"":""dns.exe""},{""@Name"":""CommandLine"",""#text"":""C:\\Windows\\system32\\dns.exe""},{""@Name"":""CurrentDirectory"",""#text"":""C:\\Windows\\system32\\""},{""@Name"":""User"",""#text"":""NT AUTHORITY\\SYSTEM""},{""@Name"":""LogonGuid"",""#text"":""c9182e32-fd12-69ca-e703-000000000000""},{""@Name"":""LogonId"",""#text"":""0x3E7""},{""@Name"":""TerminalSessionId"",""#text"":""0""},{""@Name"":""IntegrityLevel"",""#text"":""System""},{""@Name"":""Hashes"",""#text"":""MD5=51BD645229CBC5135C917894C65DA5AA,SHA256=6992744987470C27097BDF597A019FA2DE924E123E8928B9F488361FAFC35809,IMPHASH=D3FB3830686A41BC0BE7129F8DC73BE8""},{""@Name"":""ParentProcessGuid"",""#text"":""c9182e32-fd12-69ca-0b00-000000000a00""},{""@Name"":""ParentProcessId"",""#text"":""736""},{""@Name"":""ParentImage"",""#text"":""C:\\Windows\\System32\\services.exe""},{""@Name"":""ParentCommandLine"",""#text"":""C:\\Windows\\system32\\services.exe""},{""@Name"":""ParentUser"",""#text"":""NT AUTHORITY\\SYSTEM""}]}}"
969,969,2026-03-30 22:45:51.1844115,1,Info,Microsoft-Windows-Sysmon,Microsoft-Windows-Sysmon/Operational,2400,4356,DC01.corp.local,20,S-1-5-18,Process creation,NT AUTHORITY\SYSTEM,,"ProcessID: 3032, ProcessGUID: c9182e32-fd1e-69ca-4100-000000000a00",RuleName: -,"MD5=694784D86777BE207799EE7BF42314DF,SHA256=A5B33494BF5631932672F781C2EB3D720E9CC582AD299051CE3A16468278987D,IMPHASH=19A96598F7C079AC7FBBB7A790117D9B",ParentProcess: C:\Windows\System32\services.exe,"ParentProcessID: 736, ParentProcessGUID: c9182e32-fd12-69ca-0b00-000000000a00",ParentCommandLine: C:\Windows\system32\services.exe,"""C:\ProgramData\Microsoft\Windows Defender\Platform\4.18.26020.6-0\MpDefenderCoreService.exe""",False,C:\Users\owunc\Desktop\lab_logs\DC_Sysmon_ws.evtx,Classic,0,"{""EventData"":{""Data"":[{""@Name"":""RuleName"",""#text"":""-""},{""@Name"":""UtcTime"",""#text"":""2026-03-30 22:45:50.319""},{""@Name"":""ProcessGuid"",""#text"":""c9182e32-fd1e-69ca-4100-000000000a00""},{""@Name"":""ProcessId"",""#text"":""3032""},{""@Name"":""Image"",""#text"":""C:\\ProgramData\\Microsoft\\Windows Defender\\Platform\\4.18.26020.6-0\\MpDefenderCoreService.exe""},{""@Name"":""FileVersion"",""#text"":""4.18.26020.6 (cd0aebd7c18a68cd2e3af14a117b45b178d088f4)""},{""@Name"":""Description"",""#text"":""Antimalware Core Service""},{""@Name"":""Product"",""#text"":""Microsoft® Windows® Operating System""},{""@Name"":""Company"",""#text"":""Microsoft Corporation""},{""@Name"":""OriginalFileName"",""#text"":""MpDefenderCoreService.exe""},{""@Name"":""CommandLine"",""#text"":""\""C:\\ProgramData\\Microsoft\\Windows Defender\\Platform\\4.18.26020.6-0\\MpDefenderCoreService.exe\""""},{""@Name"":""CurrentDirectory"",""#text"":""C:\\Windows\\system32\\""},{""@Name"":""User"",""#text"":""NT AUTHORITY\\SYSTEM""},{""@Name"":""LogonGuid"",""#text"":""c9182e32-fd12-69ca-e703-000000000000""},{""@Name"":""LogonId"",""#text"":""0x3E7""},{""@Name"":""TerminalSessionId"",""#text"":""0""},{""@Name"":""IntegrityLevel"",""#text"":""System""},{""@Name"":""Hashes"",""#text"":""MD5=694784D86777BE207799EE7BF42314DF,SHA256=A5B33494BF5631932672F781C2EB3D720E9CC582AD299051CE3A16468278987D,IMPHASH=19A96598F7C079AC7FBBB7A790117D9B""},{""@Name"":""ParentProcessGuid"",""#text"":""c9182e32-fd12-69ca-0b00-000000000a00""},{""@Name"":""ParentProcessId"",""#text"":""736""},{""@Name"":""ParentImage"",""#text"":""C:\\Windows\\System32\\services.exe""},{""@Name"":""ParentCommandLine"",""#text"":""C:\\Windows\\system32\\services.exe""},{""@Name"":""ParentUser"",""#text"":""NT AUTHORITY\\SYSTEM""}]}}"
970,970,2026-03-30 22:45:51.1845935,1,Info,Microsoft-Windows-Sysmon,Microsoft-Windows-Sysmon/Operational,2400,4356,DC01.corp.local,20,S-1-5-18,Process creation,NT AUTHORITY\SYSTEM,,"ProcessID: 2272, ProcessGUID: c9182e32-fd1e-69ca-4500-000000000a00",RuleName: -,"MD5=40902F2B6838120B87FCB36590C1DC35,SHA256=84F3A7EA12724D572071594D2A500547D22DEC0CED1003675AAC960663AB93FC,IMPHASH=F30A1A4AD26C0CB68CE2BD3F667C6152",ParentProcess: C:\Windows\System32\services.exe,"ParentProcessID: 736, ParentProcessGUID: c9182e32-fd12-69ca-0b00-000000000a00",ParentCommandLine: C:\Windows\system32\services.exe,"""C:\Program Files\VMware\VMware Tools\vmtoolsd.exe""",False,C:\Users\owunc\Desktop\lab_logs\DC_Sysmon_ws.evtx,Classic,0,"{""EventData"":{""Data"":[{""@Name"":""RuleName"",""#text"":""-""},{""@Name"":""UtcTime"",""#text"":""2026-03-30 22:45:50.348""},{""@Name"":""ProcessGuid"",""#text"":""c9182e32-fd1e-69ca-4500-000000000a00""},{""@Name"":""ProcessId"",""#text"":""2272""},{""@Name"":""Image"",""#text"":""C:\\Program Files\\VMware\\VMware Tools\\vmtoolsd.exe""},{""@Name"":""FileVersion"",""#text"":""13.0.1.0""},{""@Name"":""Description"",""#text"":""VMware Tools Core Service""},{""@Name"":""Product"",""#text"":""VMware Tools""},{""@Name"":""Company"",""#text"":""Broadcom Inc.""},{""@Name"":""OriginalFileName"",""#text"":""vmtoolsd.exe""},{""@Name"":""CommandLine"",""#text"":""\""C:\\Program Files\\VMware\\VMware Tools\\vmtoolsd.exe\""""},{""@Name"":""CurrentDirectory"",""#text"":""C:\\Windows\\system32\\""},{""@Name"":""User"",""#text"":""NT AUTHORITY\\SYSTEM""},{""@Name"":""LogonGuid"",""#text"":""c9182e32-fd12-69ca-e703-000000000000""},{""@Name"":""LogonId"",""#text"":""0x3E7""},{""@Name"":""TerminalSessionId"",""#text"":""0""},{""@Name"":""IntegrityLevel"",""#text"":""System""},{""@Name"":""Hashes"",""#text"":""MD5=40902F2B6838120B87FCB36590C1DC35,SHA256=84F3A7EA12724D572071594D2A500547D22DEC0CED1003675AAC960663AB93FC,IMPHASH=F30A1A4AD26C0CB68CE2BD3F667C6152""},{""@Name"":""ParentProcessGuid"",""#text"":""c9182e32-fd12-69ca-0b00-000000000a00""},{""@Name"":""ParentProcessId"",""#text"":""736""},{""@Name"":""ParentImage"",""#text"":""C:\\Windows\\System32\\services.exe""},{""@Name"":""ParentCommandLine"",""#text"":""C:\\Windows\\system32\\services.exe""},{""@Name"":""ParentUser"",""#text"":""NT AUTHORITY\\SYSTEM""}]}}"
971,971,2026-03-30 22:45:51.1847604,1,Info,Microsoft-Windows-Sysmon,Microsoft-Windows-Sysmon/Operational,2400,4356,DC01.corp.local,20,S-1-5-18,Process creation,NT AUTHORITY\SYSTEM,,"ProcessID: 2440, ProcessGUID: c9182e32-fd1e-69ca-4400-000000000a00",RuleName: -,"MD5=3B98DFC0C33F40B96233643489875E0E,SHA256=21996443CB7B50F08C61B867568D97A60D04CBB1C900749F977BFDFD8EBA6968,IMPHASH=1E3497A6C972ECDF6D2F8E3C98A2101E",ParentProcess: C:\Windows\System32\services.exe,"ParentProcessID: 736, ParentProcessGUID: c9182e32-fd12-69ca-0b00-000000000a00",ParentCommandLine: C:\Windows\system32\services.exe,"""C:\Program Files\VMware\VMware Tools\vm3dservice.exe""",False,C:\Users\owunc\Desktop\lab_logs\DC_Sysmon_ws.evtx,Classic,0,"{""EventData"":{""Data"":[{""@Name"":""RuleName"",""#text"":""-""},{""@Name"":""UtcTime"",""#text"":""2026-03-30 22:45:50.347""},{""@Name"":""ProcessGuid"",""#text"":""c9182e32-fd1e-69ca-4400-000000000a00""},{""@Name"":""ProcessId"",""#text"":""2440""},{""@Name"":""Image"",""#text"":""C:\\Program Files\\VMware\\VMware Tools\\vm3dservice.exe""},{""@Name"":""FileVersion"",""#text"":""9.17.09.0004""},{""@Name"":""Description"",""#text"":""VMware SVGA Helper Service""},{""@Name"":""Product"",""#text"":""VMware SVGA 3D""},{""@Name"":""Company"",""#text"":""Broadcom Inc.""},{""@Name"":""OriginalFileName"",""#text"":""vm3dservice.exe""},{""@Name"":""CommandLine"",""#text"":""\""C:\\Program Files\\VMware\\VMware Tools\\vm3dservice.exe\""""},{""@Name"":""CurrentDirectory"",""#text"":""C:\\Windows\\system32\\""},{""@Name"":""User"",""#text"":""NT AUTHORITY\\SYSTEM""},{""@Name"":""LogonGuid"",""#text"":""c9182e32-fd12-69ca-e703-000000000000""},{""@Name"":""LogonId"",""#text"":""0x3E7""},{""@Name"":""TerminalSessionId"",""#text"":""0""},{""@Name"":""IntegrityLevel"",""#text"":""System""},{""@Name"":""Hashes"",""#text"":""MD5=3B98DFC0C33F40B96233643489875E0E,SHA256=21996443CB7B50F08C61B867568D97A60D04CBB1C900749F977BFDFD8EBA6968,IMPHASH=1E3497A6C972ECDF6D2F8E3C98A2101E""},{""@Name"":""ParentProcessGuid"",""#text"":""c9182e32-fd12-69ca-0b00-000000000a00""},{""@Name"":""ParentProcessId"",""#text"":""736""},{""@Name"":""ParentImage"",""#text"":""C:\\Windows\\System32\\services.exe""},{""@Name"":""ParentCommandLine"",""#text"":""C:\\Windows\\system32\\services.exe""},{""@Name"":""ParentUser"",""#text"":""NT AUTHORITY\\SYSTEM""}]}}"
