336,336,2026-03-30 18:39:21.8957487,1,Info,Microsoft-Windows-Sysmon,Microsoft-Windows-Sysmon/Operational,2448,4460,DC01.corp.local,6,S-1-5-18,Process creation,NT AUTHORITY\SYSTEM,,"ProcessID: 5264, ProcessGUID: c9182e32-c359-69ca-ee00-000000000900",RuleName: -,"MD5=E7A6B1F51EFB405287A8048CFA4690F4,SHA256=EB71EA69DD19F728AB9240565E8C7EFB59821E19E3788E289301E1E74940C208,IMPHASH=D60B77062898DC6BFAE7FE11A0F8806C",ParentProcess: C:\Windows\System32\cmd.exe,"ParentProcessID: 6048, ParentProcessGUID: c9182e32-c359-69ca-ec00-000000000900",ParentCommandLine: C:\Windows\system32\cmd.exe /d /c C:\Windows\system32\silcollector.cmd configure,C:\Windows\system32\cmd.exe /c C:\Windows\system32\reg.exe query hklm\software\microsoft\windows\softwareinventorylogging /v collectionstate /reg:64,False,C:\Users\owunc\Desktop\lab_logs\DC_Sysmon_ws.evtx,Classic,0,"{""EventData"":{""Data"":[{""@Name"":""RuleName"",""#text"":""-""},{""@Name"":""UtcTime"",""#text"":""2026-03-30 18:39:21.888""},{""@Name"":""ProcessGuid"",""#text"":""c9182e32-c359-69ca-ee00-000000000900""},{""@Name"":""ProcessId"",""#text"":""5264""},{""@Name"":""Image"",""#text"":""C:\\Windows\\System32\\cmd.exe""},{""@Name"":""FileVersion"",""#text"":""10.0.20348.1 (WinBuild.160101.0800)""},{""@Name"":""Description"",""#text"":""Windows Command Processor""},{""@Name"":""Product"",""#text"":""Microsoft® Windows® Operating System""},{""@Name"":""Company"",""#text"":""Microsoft Corporation""},{""@Name"":""OriginalFileName"",""#text"":""Cmd.Exe""},{""@Name"":""CommandLine"",""#text"":""C:\\Windows\\system32\\cmd.exe /c C:\\Windows\\system32\\reg.exe query hklm\\software\\microsoft\\windows\\softwareinventorylogging /v collectionstate /reg:64""},{""@Name"":""CurrentDirectory"",""#text"":""C:\\Windows\\system32\\""},{""@Name"":""User"",""#text"":""NT AUTHORITY\\SYSTEM""},{""@Name"":""LogonGuid"",""#text"":""c9182e32-c31a-69ca-e703-000000000000""},{""@Name"":""LogonId"",""#text"":""0x3E7""},{""@Name"":""TerminalSessionId"",""#text"":""0""},{""@Name"":""IntegrityLevel"",""#text"":""System""},{""@Name"":""Hashes"",""#text"":""MD5=E7A6B1F51EFB405287A8048CFA4690F4,SHA256=EB71EA69DD19F728AB9240565E8C7EFB59821E19E3788E289301E1E74940C208,IMPHASH=D60B77062898DC6BFAE7FE11A0F8806C""},{""@Name"":""ParentProcessGuid"",""#text"":""c9182e32-c359-69ca-ec00-000000000900""},{""@Name"":""ParentProcessId"",""#text"":""6048""},{""@Name"":""ParentImage"",""#text"":""C:\\Windows\\System32\\cmd.exe""},{""@Name"":""ParentCommandLine"",""#text"":""C:\\Windows\\system32\\cmd.exe /d /c C:\\Windows\\system32\\silcollector.cmd configure""},{""@Name"":""ParentUser"",""#text"":""NT AUTHORITY\\SYSTEM""}]}}"
337,337,2026-03-30 18:39:21.9056736,1,Info,Microsoft-Windows-Sysmon,Microsoft-Windows-Sysmon/Operational,2448,4460,DC01.corp.local,6,S-1-5-18,Process creation,NT AUTHORITY\SYSTEM,,"ProcessID: 3592, ProcessGUID: c9182e32-c359-69ca-ef00-000000000900",RuleName: -,"MD5=EB20E119AAF500E2752DC5A588B54C12,SHA256=C6A168C81654F5901E864C8FD61FA54F084CD8B2E0A8AC1B83EACF9EB4484F75,IMPHASH=E23A24F7BA9B35B3E9706724F6749860",ParentProcess: C:\Windows\System32\cmd.exe,"ParentProcessID: 5264, ParentProcessGUID: c9182e32-c359-69ca-ee00-000000000900",ParentCommandLine: C:\Windows\system32\cmd.exe /c C:\Windows\system32\reg.exe query hklm\software\microsoft\windows\softwareinventorylogging /v collectionstate /reg:64,C:\Windows\system32\reg.exe  query hklm\software\microsoft\windows\softwareinventorylogging /v collectionstate /reg:64,False,C:\Users\owunc\Desktop\lab_logs\DC_Sysmon_ws.evtx,Classic,0,"{""EventData"":{""Data"":[{""@Name"":""RuleName"",""#text"":""-""},{""@Name"":""UtcTime"",""#text"":""2026-03-30 18:39:21.900""},{""@Name"":""ProcessGuid"",""#text"":""c9182e32-c359-69ca-ef00-000000000900""},{""@Name"":""ProcessId"",""#text"":""3592""},{""@Name"":""Image"",""#text"":""C:\\Windows\\System32\\reg.exe""},{""@Name"":""FileVersion"",""#text"":""10.0.20348.1 (WinBuild.160101.0800)""},{""@Name"":""Description"",""#text"":""Registry Console Tool""},{""@Name"":""Product"",""#text"":""Microsoft® Windows® Operating System""},{""@Name"":""Company"",""#text"":""Microsoft Corporation""},{""@Name"":""OriginalFileName"",""#text"":""reg.exe""},{""@Name"":""CommandLine"",""#text"":""C:\\Windows\\system32\\reg.exe  query hklm\\software\\microsoft\\windows\\softwareinventorylogging /v collectionstate /reg:64""},{""@Name"":""CurrentDirectory"",""#text"":""C:\\Windows\\system32\\""},{""@Name"":""User"",""#text"":""NT AUTHORITY\\SYSTEM""},{""@Name"":""LogonGuid"",""#text"":""c9182e32-c31a-69ca-e703-000000000000""},{""@Name"":""LogonId"",""#text"":""0x3E7""},{""@Name"":""TerminalSessionId"",""#text"":""0""},{""@Name"":""IntegrityLevel"",""#text"":""System""},{""@Name"":""Hashes"",""#text"":""MD5=EB20E119AAF500E2752DC5A588B54C12,SHA256=C6A168C81654F5901E864C8FD61FA54F084CD8B2E0A8AC1B83EACF9EB4484F75,IMPHASH=E23A24F7BA9B35B3E9706724F6749860""},{""@Name"":""ParentProcessGuid"",""#text"":""c9182e32-c359-69ca-ee00-000000000900""},{""@Name"":""ParentProcessId"",""#text"":""5264""},{""@Name"":""ParentImage"",""#text"":""C:\\Windows\\System32\\cmd.exe""},{""@Name"":""ParentCommandLine"",""#text"":""C:\\Windows\\system32\\cmd.exe /c C:\\Windows\\system32\\reg.exe query hklm\\software\\microsoft\\windows\\softwareinventorylogging /v collectionstate /reg:64""},{""@Name"":""ParentUser"",""#text"":""NT AUTHORITY\\SYSTEM""}]}}"
338,338,2026-03-30 18:39:22.7250190,1,Info,Microsoft-Windows-Sysmon,Microsoft-Windows-Sysmon/Operational,2448,4460,DC01.corp.local,7,S-1-5-18,Process creation,NT AUTHORITY\SYSTEM,,"ProcessID: 3784, ProcessGUID: c9182e32-c35a-69ca-f300-000000000900",RuleName: -,"MD5=DC32ABA4669EAFB22FCACD5EC836A107,SHA256=31780FF2AAF7BC71F755BA0E4FEF1D61B060D1D2741EAFB33CBAB44D889595A0,IMPHASH=D8C4E4978657CEA220B495778C972E64",ParentProcess: C:\Windows\System32\services.exe,"ParentProcessID: 716, ParentProcessGUID: c9182e32-c31a-69ca-0b00-000000000900",ParentCommandLine: C:\Windows\system32\services.exe,C:\Windows\System32\svchost.exe -k LocalSystemNetworkRestricted -p -s StorSvc,False,C:\Users\owunc\Desktop\lab_logs\DC_Sysmon_ws.evtx,Classic,0,"{""EventData"":{""Data"":[{""@Name"":""RuleName"",""#text"":""-""},{""@Name"":""UtcTime"",""#text"":""2026-03-30 18:39:22.723""},{""@Name"":""ProcessGuid"",""#text"":""c9182e32-c35a-69ca-f300-000000000900""},{""@Name"":""ProcessId"",""#text"":""3784""},{""@Name"":""Image"",""#text"":""C:\\Windows\\System32\\svchost.exe""},{""@Name"":""FileVersion"",""#text"":""10.0.20348.558 (WinBuild.160101.0800)""},{""@Name"":""Description"",""#text"":""Host Process for Windows Services""},{""@Name"":""Product"",""#text"":""Microsoft® Windows® Operating System""},{""@Name"":""Company"",""#text"":""Microsoft Corporation""},{""@Name"":""OriginalFileName"",""#text"":""svchost.exe""},{""@Name"":""CommandLine"",""#text"":""C:\\Windows\\System32\\svchost.exe -k LocalSystemNetworkRestricted -p -s StorSvc""},{""@Name"":""CurrentDirectory"",""#text"":""C:\\Windows\\system32\\""},{""@Name"":""User"",""#text"":""NT AUTHORITY\\SYSTEM""},{""@Name"":""LogonGuid"",""#text"":""c9182e32-c31a-69ca-e703-000000000000""},{""@Name"":""LogonId"",""#text"":""0x3E7""},{""@Name"":""TerminalSessionId"",""#text"":""0""},{""@Name"":""IntegrityLevel"",""#text"":""System""},{""@Name"":""Hashes"",""#text"":""MD5=DC32ABA4669EAFB22FCACD5EC836A107,SHA256=31780FF2AAF7BC71F755BA0E4FEF1D61B060D1D2741EAFB33CBAB44D889595A0,IMPHASH=D8C4E4978657CEA220B495778C972E64""},{""@Name"":""ParentProcessGuid"",""#text"":""c9182e32-c31a-69ca-0b00-000000000900""},{""@Name"":""ParentProcessId"",""#text"":""716""},{""@Name"":""ParentImage"",""#text"":""C:\\Windows\\System32\\services.exe""},{""@Name"":""ParentCommandLine"",""#text"":""C:\\Windows\\system32\\services.exe""},{""@Name"":""ParentUser"",""#text"":""NT AUTHORITY\\SYSTEM""}]}}"
339,339,2026-03-30 18:39:24.4251577,22,Info,Microsoft-Windows-Sysmon,Microsoft-Windows-Sysmon/Operational,2448,4476,DC01.corp.local,7,S-1-5-18,DNSEvent (DNS query),NT AUTHORITY\NETWORK SERVICE,,"ProcessID: 1272, ProcessGUID: c9182e32-c31d-69ca-1a00-000000000900",RuleName: -,Image: C:\Windows\System32\svchost.exe,QueryName: DC01.corp.local,QueryStatus: 0,QueryResults: fe80::edbf:7020:ccdd:502e;::ffff:192.168.93.50;,,False,C:\Users\owunc\Desktop\lab_logs\DC_Sysmon_ws.evtx,Classic,0,"{""EventData"":{""Data"":[{""@Name"":""RuleName"",""#text"":""-""},{""@Name"":""UtcTime"",""#text"":""2026-03-30 18:39:22.379""},{""@Name"":""ProcessGuid"",""#text"":""c9182e32-c31d-69ca-1a00-000000000900""},{""@Name"":""ProcessId"",""#text"":""1272""},{""@Name"":""QueryName"",""#text"":""DC01.corp.local""},{""@Name"":""QueryStatus"",""#text"":""0""},{""@Name"":""QueryResults"",""#text"":""fe80::edbf:7020:ccdd:502e;::ffff:192.168.93.50;""},{""@Name"":""Image"",""#text"":""C:\\Windows\\System32\\svchost.exe""},{""@Name"":""User"",""#text"":""NT AUTHORITY\\NETWORK SERVICE""}]}}"
340,340,2026-03-30 18:39:24.4251747,22,Info,Microsoft-Windows-Sysmon,Microsoft-Windows-Sysmon/Operational,2448,4476,DC01.corp.local,7,S-1-5-18,DNSEvent (DNS query),NT AUTHORITY\SYSTEM,,"ProcessID: 736, ProcessGUID: c9182e32-c31a-69ca-0c00-000000000900",RuleName: -,Image: C:\Windows\System32\lsass.exe,QueryName: DC01.corp.local,QueryStatus: 0,QueryResults: fe80::edbf:7020:ccdd:502e;::ffff:192.168.93.50;,,False,C:\Users\owunc\Desktop\lab_logs\DC_Sysmon_ws.evtx,Classic,0,"{""EventData"":{""Data"":[{""@Name"":""RuleName"",""#text"":""-""},{""@Name"":""UtcTime"",""#text"":""2026-03-30 18:39:22.525""},{""@Name"":""ProcessGuid"",""#text"":""c9182e32-c31a-69ca-0c00-000000000900""},{""@Name"":""ProcessId"",""#text"":""736""},{""@Name"":""QueryName"",""#text"":""DC01.corp.local""},{""@Name"":""QueryStatus"",""#text"":""0""},{""@Name"":""QueryResults"",""#text"":""fe80::edbf:7020:ccdd:502e;::ffff:192.168.93.50;""},{""@Name"":""Image"",""#text"":""C:\\Windows\\System32\\lsass.exe""},{""@Name"":""User"",""#text"":""NT AUTHORITY\\SYSTEM""}]}}"
341,341,2026-03-30 18:39:24.4251897,22,Info,Microsoft-Windows-Sysmon,Microsoft-Windows-Sysmon/Operational,2448,4476,DC01.corp.local,7,S-1-5-18,DNSEvent (DNS query),NT AUTHORITY\SYSTEM,,"ProcessID: 1588, ProcessGUID: c9182e32-c31d-69ca-1f00-000000000900",RuleName: -,Image: C:\Windows\System32\svchost.exe,QueryName: DC01.corp.local,QueryStatus: 0,QueryResults: fe80::edbf:7020:ccdd:502e;::ffff:192.168.93.50;,,False,C:\Users\owunc\Desktop\lab_logs\DC_Sysmon_ws.evtx,Classic,0,"{""EventData"":{""Data"":[{""@Name"":""RuleName"",""#text"":""-""},{""@Name"":""UtcTime"",""#text"":""2026-03-30 18:39:22.533""},{""@Name"":""ProcessGuid"",""#text"":""c9182e32-c31d-69ca-1f00-000000000900""},{""@Name"":""ProcessId"",""#text"":""1588""},{""@Name"":""QueryName"",""#text"":""DC01.corp.local""},{""@Name"":""QueryStatus"",""#text"":""0""},{""@Name"":""QueryResults"",""#text"":""fe80::edbf:7020:ccdd:502e;::ffff:192.168.93.50;""},{""@Name"":""Image"",""#text"":""C:\\Windows\\System32\\svchost.exe""},{""@Name"":""User"",""#text"":""NT AUTHORITY\\SYSTEM""}]}}"
342,342,2026-03-30 18:39:51.9420991,22,Info,Microsoft-Windows-Sysmon,Microsoft-Windows-Sysmon/Operational,2448,4476,DC01.corp.local,7,S-1-5-18,DNSEvent (DNS query),NT AUTHORITY\LOCAL SERVICE,,"ProcessID: 1912, ProcessGUID: c9182e32-c31d-69ca-2600-000000000900",RuleName: -,Image: C:\Windows\System32\svchost.exe,QueryName: wpad,QueryStatus: 9003,QueryResults: -,,False,C:\Users\owunc\Desktop\lab_logs\DC_Sysmon_ws.evtx,Classic,0,"{""EventData"":{""Data"":[{""@Name"":""RuleName"",""#text"":""-""},{""@Name"":""UtcTime"",""#text"":""2026-03-30 18:39:49.912""},{""@Name"":""ProcessGuid"",""#text"":""c9182e32-c31d-69ca-2600-000000000900""},{""@Name"":""ProcessId"",""#text"":""1912""},{""@Name"":""QueryName"",""#text"":""wpad""},{""@Name"":""QueryStatus"",""#text"":""9003""},{""@Name"":""QueryResults"",""#text"":""-""},{""@Name"":""Image"",""#text"":""C:\\Windows\\System32\\svchost.exe""},{""@Name"":""User"",""#text"":""NT AUTHORITY\\LOCAL SERVICE""}]}}"
343,343,2026-03-30 18:40:30.5541099,1,Info,Microsoft-Windows-Sysmon,Microsoft-Windows-Sysmon/Operational,2448,4460,DC01.corp.local,7,S-1-5-18,Process creation,NT AUTHORITY\LOCAL SERVICE,,"ProcessID: 1924, ProcessGUID: c9182e32-c39e-69ca-f600-000000000900",RuleName: -,"MD5=DC32ABA4669EAFB22FCACD5EC836A107,SHA256=31780FF2AAF7BC71F755BA0E4FEF1D61B060D1D2741EAFB33CBAB44D889595A0,IMPHASH=D8C4E4978657CEA220B495778C972E64",ParentProcess: C:\Windows\System32\services.exe,"ParentProcessID: 716, ParentProcessGUID: c9182e32-c31a-69ca-0b00-000000000900",ParentCommandLine: C:\Windows\system32\services.exe,C:\Windows\system32\svchost.exe -k LocalService -p -s CDPSvc,False,C:\Users\owunc\Desktop\lab_logs\DC_Sysmon_ws.evtx,Classic,0,"{""EventData"":{""Data"":[{""@Name"":""RuleName"",""#text"":""-""},{""@Name"":""UtcTime"",""#text"":""2026-03-30 18:40:30.552""},{""@Name"":""ProcessGuid"",""#text"":""c9182e32-c39e-69ca-f600-000000000900""},{""@Name"":""ProcessId"",""#text"":""1924""},{""@Name"":""Image"",""#text"":""C:\\Windows\\System32\\svchost.exe""},{""@Name"":""FileVersion"",""#text"":""10.0.20348.558 (WinBuild.160101.0800)""},{""@Name"":""Description"",""#text"":""Host Process for Windows Services""},{""@Name"":""Product"",""#text"":""Microsoft® Windows® Operating System""},{""@Name"":""Company"",""#text"":""Microsoft Corporation""},{""@Name"":""OriginalFileName"",""#text"":""svchost.exe""},{""@Name"":""CommandLine"",""#text"":""C:\\Windows\\system32\\svchost.exe -k LocalService -p -s CDPSvc""},{""@Name"":""CurrentDirectory"",""#text"":""C:\\Windows\\system32\\""},{""@Name"":""User"",""#text"":""NT AUTHORITY\\LOCAL SERVICE""},{""@Name"":""LogonGuid"",""#text"":""c9182e32-c31d-69ca-e503-000000000000""},{""@Name"":""LogonId"",""#text"":""0x3E5""},{""@Name"":""TerminalSessionId"",""#text"":""0""},{""@Name"":""IntegrityLevel"",""#text"":""System""},{""@Name"":""Hashes"",""#text"":""MD5=DC32ABA4669EAFB22FCACD5EC836A107,SHA256=31780FF2AAF7BC71F755BA0E4FEF1D61B060D1D2741EAFB33CBAB44D889595A0,IMPHASH=D8C4E4978657CEA220B495778C972E64""},{""@Name"":""ParentProcessGuid"",""#text"":""c9182e32-c31a-69ca-0b00-000000000900""},{""@Name"":""ParentProcessId"",""#text"":""716""},{""@Name"":""ParentImage"",""#text"":""C:\\Windows\\System32\\services.exe""},{""@Name"":""ParentCommandLine"",""#text"":""C:\\Windows\\system32\\services.exe""},{""@Name"":""ParentUser"",""#text"":""NT AUTHORITY\\SYSTEM""}]}}"
344,344,2026-03-30 18:40:30.6945815,1,Info,Microsoft-Windows-Sysmon,Microsoft-Windows-Sysmon/Operational,2448,4460,DC01.corp.local,7,S-1-5-18,Process creation,NT AUTHORITY\LOCAL SERVICE,,"ProcessID: 1164, ProcessGUID: c9182e32-c39e-69ca-f700-000000000900",RuleName: -,"MD5=DC32ABA4669EAFB22FCACD5EC836A107,SHA256=31780FF2AAF7BC71F755BA0E4FEF1D61B060D1D2741EAFB33CBAB44D889595A0,IMPHASH=D8C4E4978657CEA220B495778C972E64",ParentProcess: C:\Windows\System32\services.exe,"ParentProcessID: 716, ParentProcessGUID: c9182e32-c31a-69ca-0b00-000000000900",ParentCommandLine: C:\Windows\system32\services.exe,C:\Windows\System32\svchost.exe -k LocalServiceNoNetwork -p -s DPS,False,C:\Users\owunc\Desktop\lab_logs\DC_Sysmon_ws.evtx,Classic,0,"{""EventData"":{""Data"":[{""@Name"":""RuleName"",""#text"":""-""},{""@Name"":""UtcTime"",""#text"":""2026-03-30 18:40:30.693""},{""@Name"":""ProcessGuid"",""#text"":""c9182e32-c39e-69ca-f700-000000000900""},{""@Name"":""ProcessId"",""#text"":""1164""},{""@Name"":""Image"",""#text"":""C:\\Windows\\System32\\svchost.exe""},{""@Name"":""FileVersion"",""#text"":""10.0.20348.558 (WinBuild.160101.0800)""},{""@Name"":""Description"",""#text"":""Host Process for Windows Services""},{""@Name"":""Product"",""#text"":""Microsoft® Windows® Operating System""},{""@Name"":""Company"",""#text"":""Microsoft Corporation""},{""@Name"":""OriginalFileName"",""#text"":""svchost.exe""},{""@Name"":""CommandLine"",""#text"":""C:\\Windows\\System32\\svchost.exe -k LocalServiceNoNetwork -p -s DPS""},{""@Name"":""CurrentDirectory"",""#text"":""C:\\Windows\\system32\\""},{""@Name"":""User"",""#text"":""NT AUTHORITY\\LOCAL SERVICE""},{""@Name"":""LogonGuid"",""#text"":""c9182e32-c31d-69ca-e503-000000000000""},{""@Name"":""LogonId"",""#text"":""0x3E5""},{""@Name"":""TerminalSessionId"",""#text"":""0""},{""@Name"":""IntegrityLevel"",""#text"":""System""},{""@Name"":""Hashes"",""#text"":""MD5=DC32ABA4669EAFB22FCACD5EC836A107,SHA256=31780FF2AAF7BC71F755BA0E4FEF1D61B060D1D2741EAFB33CBAB44D889595A0,IMPHASH=D8C4E4978657CEA220B495778C972E64""},{""@Name"":""ParentProcessGuid"",""#text"":""c9182e32-c31a-69ca-0b00-000000000900""},{""@Name"":""ParentProcessId"",""#text"":""716""},{""@Name"":""ParentImage"",""#text"":""C:\\Windows\\System32\\services.exe""},{""@Name"":""ParentCommandLine"",""#text"":""C:\\Windows\\system32\\services.exe""},{""@Name"":""ParentUser"",""#text"":""NT AUTHORITY\\SYSTEM""}]}}"
345,345,2026-03-30 18:40:30.8377160,1,Info,Microsoft-Windows-Sysmon,Microsoft-Windows-Sysmon/Operational,2448,4460,DC01.corp.local,7,S-1-5-18,Process creation,NT AUTHORITY\SYSTEM,,"ProcessID: 3592, ProcessGUID: c9182e32-c39e-69ca-f800-000000000900",RuleName: -,"MD5=352C33641CBBD193AF127D306CB960C8,SHA256=F56701783D22D0E17E126D09ACA62B1969259D4B7B00DEDD9A0001C6D1ABEAD2,IMPHASH=CD3B2D99C6655A5D4A14E30E380F5BF9",ParentProcess: C:\Windows\System32\services.exe,"ParentProcessID: 716, ParentProcessGUID: c9182e32-c31a-69ca-0b00-000000000900",ParentCommandLine: C:\Windows\system32\services.exe,"""C:\Program Files (x86)\Microsoft\EdgeUpdate\MicrosoftEdgeUpdate.exe"" /svc",False,C:\Users\owunc\Desktop\lab_logs\DC_Sysmon_ws.evtx,Classic,0,"{""EventData"":{""Data"":[{""@Name"":""RuleName"",""#text"":""-""},{""@Name"":""UtcTime"",""#text"":""2026-03-30 18:40:30.834""},{""@Name"":""ProcessGuid"",""#text"":""c9182e32-c39e-69ca-f800-000000000900""},{""@Name"":""ProcessId"",""#text"":""3592""},{""@Name"":""Image"",""#text"":""C:\\Program Files (x86)\\Microsoft\\EdgeUpdate\\MicrosoftEdgeUpdate.exe""},{""@Name"":""FileVersion"",""#text"":""1.3.225.7""},{""@Name"":""Description"",""#text"":""Microsoft Edge Update""},{""@Name"":""Product"",""#text"":""Microsoft Edge Update""},{""@Name"":""Company"",""#text"":""Microsoft Corporation""},{""@Name"":""OriginalFileName"",""#text"":""MicrosoftEdgeUpdate.exe""},{""@Name"":""CommandLine"",""#text"":""\""C:\\Program Files (x86)\\Microsoft\\EdgeUpdate\\MicrosoftEdgeUpdate.exe\"" /svc""},{""@Name"":""CurrentDirectory"",""#text"":""C:\\Windows\\system32\\""},{""@Name"":""User"",""#text"":""NT AUTHORITY\\SYSTEM""},{""@Name"":""LogonGuid"",""#text"":""c9182e32-c31a-69ca-e703-000000000000""},{""@Name"":""LogonId"",""#text"":""0x3E7""},{""@Name"":""TerminalSessionId"",""#text"":""0""},{""@Name"":""IntegrityLevel"",""#text"":""System""},{""@Name"":""Hashes"",""#text"":""MD5=352C33641CBBD193AF127D306CB960C8,SHA256=F56701783D22D0E17E126D09ACA62B1969259D4B7B00DEDD9A0001C6D1ABEAD2,IMPHASH=CD3B2D99C6655A5D4A14E30E380F5BF9""},{""@Name"":""ParentProcessGuid"",""#text"":""c9182e32-c31a-69ca-0b00-000000000900""},{""@Name"":""ParentProcessId"",""#text"":""716""},{""@Name"":""ParentImage"",""#text"":""C:\\Windows\\System32\\services.exe""},{""@Name"":""ParentCommandLine"",""#text"":""C:\\Windows\\system32\\services.exe""},{""@Name"":""ParentUser"",""#text"":""NT AUTHORITY\\SYSTEM""}]}}"
346,346,2026-03-30 18:40:30.8854569,1,Info,Microsoft-Windows-Sysmon,Microsoft-Windows-Sysmon/Operational,2448,4460,DC01.corp.local,7,S-1-5-18,Process creation,NT AUTHORITY\SYSTEM,,"ProcessID: 3736, ProcessGUID: c9182e32-c39e-69ca-f900-000000000900",RuleName: -,"MD5=352C33641CBBD193AF127D306CB960C8,SHA256=F56701783D22D0E17E126D09ACA62B1969259D4B7B00DEDD9A0001C6D1ABEAD2,IMPHASH=CD3B2D99C6655A5D4A14E30E380F5BF9",ParentProcess: C:\Program Files (x86)\Microsoft\EdgeUpdate\MicrosoftEdgeUpdate.exe,"ParentProcessID: 3592, ParentProcessGUID: c9182e32-c39e-69ca-f800-000000000900","ParentCommandLine: ""C:\Program Files (x86)\Microsoft\EdgeUpdate\MicrosoftEdgeUpdate.exe"" /svc","""C:\Program Files (x86)\Microsoft\EdgeUpdate\MicrosoftEdgeUpdate.exe"" /c",False,C:\Users\owunc\Desktop\lab_logs\DC_Sysmon_ws.evtx,Classic,0,"{""EventData"":{""Data"":[{""@Name"":""RuleName"",""#text"":""-""},{""@Name"":""UtcTime"",""#text"":""2026-03-30 18:40:30.883""},{""@Name"":""ProcessGuid"",""#text"":""c9182e32-c39e-69ca-f900-000000000900""},{""@Name"":""ProcessId"",""#text"":""3736""},{""@Name"":""Image"",""#text"":""C:\\Program Files (x86)\\Microsoft\\EdgeUpdate\\MicrosoftEdgeUpdate.exe""},{""@Name"":""FileVersion"",""#text"":""1.3.225.7""},{""@Name"":""Description"",""#text"":""Microsoft Edge Update""},{""@Name"":""Product"",""#text"":""Microsoft Edge Update""},{""@Name"":""Company"",""#text"":""Microsoft Corporation""},{""@Name"":""OriginalFileName"",""#text"":""MicrosoftEdgeUpdate.exe""},{""@Name"":""CommandLine"",""#text"":""\""C:\\Program Files (x86)\\Microsoft\\EdgeUpdate\\MicrosoftEdgeUpdate.exe\"" /c""},{""@Name"":""CurrentDirectory"",""#text"":""C:\\Program Files (x86)\\Microsoft\\EdgeUpdate\\1.3.225.7\\""},{""@Name"":""User"",""#text"":""NT AUTHORITY\\SYSTEM""},{""@Name"":""LogonGuid"",""#text"":""c9182e32-c31a-69ca-e703-000000000000""},{""@Name"":""LogonId"",""#text"":""0x3E7""},{""@Name"":""TerminalSessionId"",""#text"":""0""},{""@Name"":""IntegrityLevel"",""#text"":""System""},{""@Name"":""Hashes"",""#text"":""MD5=352C33641CBBD193AF127D306CB960C8,SHA256=F56701783D22D0E17E126D09ACA62B1969259D4B7B00DEDD9A0001C6D1ABEAD2,IMPHASH=CD3B2D99C6655A5D4A14E30E380F5BF9""},{""@Name"":""ParentProcessGuid"",""#text"":""c9182e32-c39e-69ca-f800-000000000900""},{""@Name"":""ParentProcessId"",""#text"":""3592""},{""@Name"":""ParentImage"",""#text"":""C:\\Program Files (x86)\\Microsoft\\EdgeUpdate\\MicrosoftEdgeUpdate.exe""},{""@Name"":""ParentCommandLine"",""#text"":""\""C:\\Program Files (x86)\\Microsoft\\EdgeUpdate\\MicrosoftEdgeUpdate.exe\"" /svc""},{""@Name"":""ParentUser"",""#text"":""NT AUTHORITY\\SYSTEM""}]}}"
347,347,2026-03-30 18:40:30.9232701,1,Info,Microsoft-Windows-Sysmon,Microsoft-Windows-Sysmon/Operational,2448,4460,DC01.corp.local,7,S-1-5-18,Process creation,NT AUTHORITY\SYSTEM,,"ProcessID: 2668, ProcessGUID: c9182e32-c39e-69ca-fa00-000000000900",RuleName: -,"MD5=352C33641CBBD193AF127D306CB960C8,SHA256=F56701783D22D0E17E126D09ACA62B1969259D4B7B00DEDD9A0001C6D1ABEAD2,IMPHASH=CD3B2D99C6655A5D4A14E30E380F5BF9",ParentProcess: C:\Program Files (x86)\Microsoft\EdgeUpdate\MicrosoftEdgeUpdate.exe,"ParentProcessID: 3736, ParentProcessGUID: c9182e32-c39e-69ca-f900-000000000900","ParentCommandLine: ""C:\Program Files (x86)\Microsoft\EdgeUpdate\MicrosoftEdgeUpdate.exe"" /c","""C:\Program Files (x86)\Microsoft\EdgeUpdate\MicrosoftEdgeUpdate.exe"" /ua /installsource core",False,C:\Users\owunc\Desktop\lab_logs\DC_Sysmon_ws.evtx,Classic,0,"{""EventData"":{""Data"":[{""@Name"":""RuleName"",""#text"":""-""},{""@Name"":""UtcTime"",""#text"":""2026-03-30 18:40:30.922""},{""@Name"":""ProcessGuid"",""#text"":""c9182e32-c39e-69ca-fa00-000000000900""},{""@Name"":""ProcessId"",""#text"":""2668""},{""@Name"":""Image"",""#text"":""C:\\Program Files (x86)\\Microsoft\\EdgeUpdate\\MicrosoftEdgeUpdate.exe""},{""@Name"":""FileVersion"",""#text"":""1.3.225.7""},{""@Name"":""Description"",""#text"":""Microsoft Edge Update""},{""@Name"":""Product"",""#text"":""Microsoft Edge Update""},{""@Name"":""Company"",""#text"":""Microsoft Corporation""},{""@Name"":""OriginalFileName"",""#text"":""MicrosoftEdgeUpdate.exe""},{""@Name"":""CommandLine"",""#text"":""\""C:\\Program Files (x86)\\Microsoft\\EdgeUpdate\\MicrosoftEdgeUpdate.exe\"" /ua /installsource core""},{""@Name"":""CurrentDirectory"",""#text"":""C:\\Program Files (x86)\\Microsoft\\EdgeUpdate\\1.3.225.7\\""},{""@Name"":""User"",""#text"":""NT AUTHORITY\\SYSTEM""},{""@Name"":""LogonGuid"",""#text"":""c9182e32-c31a-69ca-e703-000000000000""},{""@Name"":""LogonId"",""#text"":""0x3E7""},{""@Name"":""TerminalSessionId"",""#text"":""0""},{""@Name"":""IntegrityLevel"",""#text"":""System""},{""@Name"":""Hashes"",""#text"":""MD5=352C33641CBBD193AF127D306CB960C8,SHA256=F56701783D22D0E17E126D09ACA62B1969259D4B7B00DEDD9A0001C6D1ABEAD2,IMPHASH=CD3B2D99C6655A5D4A14E30E380F5BF9""},{""@Name"":""ParentProcessGuid"",""#text"":""c9182e32-c39e-69ca-f900-000000000900""},{""@Name"":""ParentProcessId"",""#text"":""3736""},{""@Name"":""ParentImage"",""#text"":""C:\\Program Files (x86)\\Microsoft\\EdgeUpdate\\MicrosoftEdgeUpdate.exe""},{""@Name"":""ParentCommandLine"",""#text"":""\""C:\\Program Files (x86)\\Microsoft\\EdgeUpdate\\MicrosoftEdgeUpdate.exe\"" /c""},{""@Name"":""ParentUser"",""#text"":""NT AUTHORITY\\SYSTEM""}]}}"
348,348,2026-03-30 18:40:31.0061737,1,Info,Microsoft-Windows-Sysmon,Microsoft-Windows-Sysmon/Operational,2448,4460,DC01.corp.local,7,S-1-5-18,Process creation,NT AUTHORITY\SYSTEM,,"ProcessID: 4240, ProcessGUID: c9182e32-c39f-69ca-fb00-000000000900",RuleName: -,"MD5=DC32ABA4669EAFB22FCACD5EC836A107,SHA256=31780FF2AAF7BC71F755BA0E4FEF1D61B060D1D2741EAFB33CBAB44D889595A0,IMPHASH=D8C4E4978657CEA220B495778C972E64",ParentProcess: C:\Windows\System32\services.exe,"ParentProcessID: 716, ParentProcessGUID: c9182e32-c31a-69ca-0b00-000000000900",ParentCommandLine: C:\Windows\system32\services.exe,C:\Windows\system32\svchost.exe -k LocalSystemNetworkRestricted -p -s PcaSvc,False,C:\Users\owunc\Desktop\lab_logs\DC_Sysmon_ws.evtx,Classic,0,"{""EventData"":{""Data"":[{""@Name"":""RuleName"",""#text"":""-""},{""@Name"":""UtcTime"",""#text"":""2026-03-30 18:40:31.004""},{""@Name"":""ProcessGuid"",""#text"":""c9182e32-c39f-69ca-fb00-000000000900""},{""@Name"":""ProcessId"",""#text"":""4240""},{""@Name"":""Image"",""#text"":""C:\\Windows\\System32\\svchost.exe""},{""@Name"":""FileVersion"",""#text"":""10.0.20348.558 (WinBuild.160101.0800)""},{""@Name"":""Description"",""#text"":""Host Process for Windows Services""},{""@Name"":""Product"",""#text"":""Microsoft® Windows® Operating System""},{""@Name"":""Company"",""#text"":""Microsoft Corporation""},{""@Name"":""OriginalFileName"",""#text"":""svchost.exe""},{""@Name"":""CommandLine"",""#text"":""C:\\Windows\\system32\\svchost.exe -k LocalSystemNetworkRestricted -p -s PcaSvc""},{""@Name"":""CurrentDirectory"",""#text"":""C:\\Windows\\system32\\""},{""@Name"":""User"",""#text"":""NT AUTHORITY\\SYSTEM""},{""@Name"":""LogonGuid"",""#text"":""c9182e32-c31a-69ca-e703-000000000000""},{""@Name"":""LogonId"",""#text"":""0x3E7""},{""@Name"":""TerminalSessionId"",""#text"":""0""},{""@Name"":""IntegrityLevel"",""#text"":""System""},{""@Name"":""Hashes"",""#text"":""MD5=DC32ABA4669EAFB22FCACD5EC836A107,SHA256=31780FF2AAF7BC71F755BA0E4FEF1D61B060D1D2741EAFB33CBAB44D889595A0,IMPHASH=D8C4E4978657CEA220B495778C972E64""},{""@Name"":""ParentProcessGuid"",""#text"":""c9182e32-c31a-69ca-0b00-000000000900""},{""@Name"":""ParentProcessId"",""#text"":""716""},{""@Name"":""ParentImage"",""#text"":""C:\\Windows\\System32\\services.exe""},{""@Name"":""ParentCommandLine"",""#text"":""C:\\Windows\\system32\\services.exe""},{""@Name"":""ParentUser"",""#text"":""NT AUTHORITY\\SYSTEM""}]}}"
349,349,2026-03-30 18:40:31.3028942,1,Info,Microsoft-Windows-Sysmon,Microsoft-Windows-Sysmon/Operational,2448,4460,DC01.corp.local,7,S-1-5-18,Process creation,NT AUTHORITY\SYSTEM,,"ProcessID: 4300, ProcessGUID: c9182e32-c39f-69ca-fd00-000000000900",RuleName: -,"MD5=DC32ABA4669EAFB22FCACD5EC836A107,SHA256=31780FF2AAF7BC71F755BA0E4FEF1D61B060D1D2741EAFB33CBAB44D889595A0,IMPHASH=D8C4E4978657CEA220B495778C972E64",ParentProcess: C:\Windows\System32\services.exe,"ParentProcessID: 716, ParentProcessGUID: c9182e32-c31a-69ca-0b00-000000000900",ParentCommandLine: C:\Windows\system32\services.exe,C:\Windows\system32\svchost.exe -k LocalSystemNetworkRestricted -p -s UALSVC,False,C:\Users\owunc\Desktop\lab_logs\DC_Sysmon_ws.evtx,Classic,0,"{""EventData"":{""Data"":[{""@Name"":""RuleName"",""#text"":""-""},{""@Name"":""UtcTime"",""#text"":""2026-03-30 18:40:31.301""},{""@Name"":""ProcessGuid"",""#text"":""c9182e32-c39f-69ca-fd00-000000000900""},{""@Name"":""ProcessId"",""#text"":""4300""},{""@Name"":""Image"",""#text"":""C:\\Windows\\System32\\svchost.exe""},{""@Name"":""FileVersion"",""#text"":""10.0.20348.558 (WinBuild.160101.0800)""},{""@Name"":""Description"",""#text"":""Host Process for Windows Services""},{""@Name"":""Product"",""#text"":""Microsoft® Windows® Operating System""},{""@Name"":""Company"",""#text"":""Microsoft Corporation""},{""@Name"":""OriginalFileName"",""#text"":""svchost.exe""},{""@Name"":""CommandLine"",""#text"":""C:\\Windows\\system32\\svchost.exe -k LocalSystemNetworkRestricted -p -s UALSVC""},{""@Name"":""CurrentDirectory"",""#text"":""C:\\Windows\\system32\\""},{""@Name"":""User"",""#text"":""NT AUTHORITY\\SYSTEM""},{""@Name"":""LogonGuid"",""#text"":""c9182e32-c31a-69ca-e703-000000000000""},{""@Name"":""LogonId"",""#text"":""0x3E7""},{""@Name"":""TerminalSessionId"",""#text"":""0""},{""@Name"":""IntegrityLevel"",""#text"":""System""},{""@Name"":""Hashes"",""#text"":""MD5=DC32ABA4669EAFB22FCACD5EC836A107,SHA256=31780FF2AAF7BC71F755BA0E4FEF1D61B060D1D2741EAFB33CBAB44D889595A0,IMPHASH=D8C4E4978657CEA220B495778C972E64""},{""@Name"":""ParentProcessGuid"",""#text"":""c9182e32-c31a-69ca-0b00-000000000900""},{""@Name"":""ParentProcessId"",""#text"":""716""},{""@Name"":""ParentImage"",""#text"":""C:\\Windows\\System32\\services.exe""},{""@Name"":""ParentCommandLine"",""#text"":""C:\\Windows\\system32\\services.exe""},{""@Name"":""ParentUser"",""#text"":""NT AUTHORITY\\SYSTEM""}]}}"
350,350,2026-03-30 18:40:32.0061942,1,Info,Microsoft-Windows-Sysmon,Microsoft-Windows-Sysmon/Operational,2448,4460,DC01.corp.local,7,S-1-5-18,Process creation,NT AUTHORITY\SYSTEM,,"ProcessID: 2000, ProcessGUID: c9182e32-c3a0-69ca-fe00-000000000900",RuleName: -,"MD5=DC32ABA4669EAFB22FCACD5EC836A107,SHA256=31780FF2AAF7BC71F755BA0E4FEF1D61B060D1D2741EAFB33CBAB44D889595A0,IMPHASH=D8C4E4978657CEA220B495778C972E64",ParentProcess: C:\Windows\System32\services.exe,"ParentProcessID: 716, ParentProcessGUID: c9182e32-c31a-69ca-0b00-000000000900",ParentCommandLine: C:\Windows\system32\services.exe,C:\Windows\System32\svchost.exe -k netsvcs -p -s NetSetupSvc,False,C:\Users\owunc\Desktop\lab_logs\DC_Sysmon_ws.evtx,Classic,0,"{""EventData"":{""Data"":[{""@Name"":""RuleName"",""#text"":""-""},{""@Name"":""UtcTime"",""#text"":""2026-03-30 18:40:32.004""},{""@Name"":""ProcessGuid"",""#text"":""c9182e32-c3a0-69ca-fe00-000000000900""},{""@Name"":""ProcessId"",""#text"":""2000""},{""@Name"":""Image"",""#text"":""C:\\Windows\\System32\\svchost.exe""},{""@Name"":""FileVersion"",""#text"":""10.0.20348.558 (WinBuild.160101.0800)""},{""@Name"":""Description"",""#text"":""Host Process for Windows Services""},{""@Name"":""Product"",""#text"":""Microsoft® Windows® Operating System""},{""@Name"":""Company"",""#text"":""Microsoft Corporation""},{""@Name"":""OriginalFileName"",""#text"":""svchost.exe""},{""@Name"":""CommandLine"",""#text"":""C:\\Windows\\System32\\svchost.exe -k netsvcs -p -s NetSetupSvc""},{""@Name"":""CurrentDirectory"",""#text"":""C:\\Windows\\system32\\""},{""@Name"":""User"",""#text"":""NT AUTHORITY\\SYSTEM""},{""@Name"":""LogonGuid"",""#text"":""c9182e32-c31a-69ca-e703-000000000000""},{""@Name"":""LogonId"",""#text"":""0x3E7""},{""@Name"":""TerminalSessionId"",""#text"":""0""},{""@Name"":""IntegrityLevel"",""#text"":""System""},{""@Name"":""Hashes"",""#text"":""MD5=DC32ABA4669EAFB22FCACD5EC836A107,SHA256=31780FF2AAF7BC71F755BA0E4FEF1D61B060D1D2741EAFB33CBAB44D889595A0,IMPHASH=D8C4E4978657CEA220B495778C972E64""},{""@Name"":""ParentProcessGuid"",""#text"":""c9182e32-c31a-69ca-0b00-000000000900""},{""@Name"":""ParentProcessId"",""#text"":""716""},{""@Name"":""ParentImage"",""#text"":""C:\\Windows\\System32\\services.exe""},{""@Name"":""ParentCommandLine"",""#text"":""C:\\Windows\\system32\\services.exe""},{""@Name"":""ParentUser"",""#text"":""NT AUTHORITY\\SYSTEM""}]}}"
351,351,2026-03-30 18:40:33.9595319,1,Info,Microsoft-Windows-Sysmon,Microsoft-Windows-Sysmon/Operational,2448,4460,DC01.corp.local,7,S-1-5-18,Process creation,NT AUTHORITY\SYSTEM,,"ProcessID: 4124, ProcessGUID: c9182e32-c3a1-69ca-ff00-000000000900",RuleName: -,"MD5=DC32ABA4669EAFB22FCACD5EC836A107,SHA256=31780FF2AAF7BC71F755BA0E4FEF1D61B060D1D2741EAFB33CBAB44D889595A0,IMPHASH=D8C4E4978657CEA220B495778C972E64",ParentProcess: C:\Windows\System32\services.exe,"ParentProcessID: 716, ParentProcessGUID: c9182e32-c31a-69ca-0b00-000000000900",ParentCommandLine: C:\Windows\system32\services.exe,C:\Windows\system32\svchost.exe -k netsvcs -p -s UsoSvc,False,C:\Users\owunc\Desktop\lab_logs\DC_Sysmon_ws.evtx,Classic,0,"{""EventData"":{""Data"":[{""@Name"":""RuleName"",""#text"":""-""},{""@Name"":""UtcTime"",""#text"":""2026-03-30 18:40:33.958""},{""@Name"":""ProcessGuid"",""#text"":""c9182e32-c3a1-69ca-ff00-000000000900""},{""@Name"":""ProcessId"",""#text"":""4124""},{""@Name"":""Image"",""#text"":""C:\\Windows\\System32\\svchost.exe""},{""@Name"":""FileVersion"",""#text"":""10.0.20348.558 (WinBuild.160101.0800)""},{""@Name"":""Description"",""#text"":""Host Process for Windows Services""},{""@Name"":""Product"",""#text"":""Microsoft® Windows® Operating System""},{""@Name"":""Company"",""#text"":""Microsoft Corporation""},{""@Name"":""OriginalFileName"",""#text"":""svchost.exe""},{""@Name"":""CommandLine"",""#text"":""C:\\Windows\\system32\\svchost.exe -k netsvcs -p -s UsoSvc""},{""@Name"":""CurrentDirectory"",""#text"":""C:\\Windows\\system32\\""},{""@Name"":""User"",""#text"":""NT AUTHORITY\\SYSTEM""},{""@Name"":""LogonGuid"",""#text"":""c9182e32-c31a-69ca-e703-000000000000""},{""@Name"":""LogonId"",""#text"":""0x3E7""},{""@Name"":""TerminalSessionId"",""#text"":""0""},{""@Name"":""IntegrityLevel"",""#text"":""System""},{""@Name"":""Hashes"",""#text"":""MD5=DC32ABA4669EAFB22FCACD5EC836A107,SHA256=31780FF2AAF7BC71F755BA0E4FEF1D61B060D1D2741EAFB33CBAB44D889595A0,IMPHASH=D8C4E4978657CEA220B495778C972E64""},{""@Name"":""ParentProcessGuid"",""#text"":""c9182e32-c31a-69ca-0b00-000000000900""},{""@Name"":""ParentProcessId"",""#text"":""716""},{""@Name"":""ParentImage"",""#text"":""C:\\Windows\\System32\\services.exe""},{""@Name"":""ParentCommandLine"",""#text"":""C:\\Windows\\system32\\services.exe""},{""@Name"":""ParentUser"",""#text"":""NT AUTHORITY\\SYSTEM""}]}}"
352,352,2026-03-30 18:40:34.1304930,1,Info,Microsoft-Windows-Sysmon,Microsoft-Windows-Sysmon/Operational,2448,4460,DC01.corp.local,7,S-1-5-18,Process creation,NT AUTHORITY\SYSTEM,,"ProcessID: 4768, ProcessGUID: c9182e32-c3a2-69ca-0101-000000000900",RuleName: -,"MD5=A01716583968F60BD83C4830C3B3FCDA,SHA256=F4E3B06DFF2B91150FBE3E06329CAF45674DC505495FC96F32BEBF6FAE08DF6E,IMPHASH=7D3978CBEEDF0AC8C9F49FED049B426E",ParentProcess: C:\Windows\System32\svchost.exe,"ParentProcessID: 948, ParentProcessGUID: c9182e32-c31b-69ca-0d00-000000000900",ParentCommandLine: C:\Windows\system32\svchost.exe -k DcomLaunch -p,C:\Windows\System32\mousocoreworker.exe -Embedding,False,C:\Users\owunc\Desktop\lab_logs\DC_Sysmon_ws.evtx,Classic,0,"{""EventData"":{""Data"":[{""@Name"":""RuleName"",""#text"":""-""},{""@Name"":""UtcTime"",""#text"":""2026-03-30 18:40:34.117""},{""@Name"":""ProcessGuid"",""#text"":""c9182e32-c3a2-69ca-0101-000000000900""},{""@Name"":""ProcessId"",""#text"":""4768""},{""@Name"":""Image"",""#text"":""C:\\Windows\\System32\\MoUsoCoreWorker.exe""},{""@Name"":""FileVersion"",""#text"":""10.0.20348.380 (WinBuild.160101.0800)""},{""@Name"":""Description"",""#text"":""MoUSO Core Worker Process""},{""@Name"":""Product"",""#text"":""Microsoft® Windows® Operating System""},{""@Name"":""Company"",""#text"":""Microsoft Corporation""},{""@Name"":""OriginalFileName"",""#text"":""MoUSOCoreWorker.exe""},{""@Name"":""CommandLine"",""#text"":""C:\\Windows\\System32\\mousocoreworker.exe -Embedding""},{""@Name"":""CurrentDirectory"",""#text"":""C:\\Windows\\system32\\""},{""@Name"":""User"",""#text"":""NT AUTHORITY\\SYSTEM""},{""@Name"":""LogonGuid"",""#text"":""c9182e32-c31a-69ca-e703-000000000000""},{""@Name"":""LogonId"",""#text"":""0x3E7""},{""@Name"":""TerminalSessionId"",""#text"":""0""},{""@Name"":""IntegrityLevel"",""#text"":""System""},{""@Name"":""Hashes"",""#text"":""MD5=A01716583968F60BD83C4830C3B3FCDA,SHA256=F4E3B06DFF2B91150FBE3E06329CAF45674DC505495FC96F32BEBF6FAE08DF6E,IMPHASH=7D3978CBEEDF0AC8C9F49FED049B426E""},{""@Name"":""ParentProcessGuid"",""#text"":""c9182e32-c31b-69ca-0d00-000000000900""},{""@Name"":""ParentProcessId"",""#text"":""948""},{""@Name"":""ParentImage"",""#text"":""C:\\Windows\\System32\\svchost.exe""},{""@Name"":""ParentCommandLine"",""#text"":""C:\\Windows\\system32\\svchost.exe -k DcomLaunch -p""},{""@Name"":""ParentUser"",""#text"":""NT AUTHORITY\\SYSTEM""}]}}"
353,353,2026-03-30 18:41:21.8361677,1,Info,Microsoft-Windows-Sysmon,Microsoft-Windows-Sysmon/Operational,2448,4460,DC01.corp.local,7,S-1-5-18,Process creation,NT AUTHORITY\SYSTEM,,"ProcessID: 3296, ProcessGUID: c9182e32-c3d1-69ca-0201-000000000900",RuleName: -,"MD5=5487316514F4ADA7E6E0BD9EAA2256E7,SHA256=F447AE2E838D4DE71CA4BABA321FEA67DABB38AA4321EFAC81F3FF03CF55FE0A,IMPHASH=1C4E2D9936E4D9F2490B08AAB4D24260",ParentProcess: C:\Windows\System32\svchost.exe,"ParentProcessID: 1696, ParentProcessGUID: c9182e32-c31d-69ca-2100-000000000900",ParentCommandLine: C:\Windows\system32\svchost.exe -k netsvcs -p -s Schedule,taskhostw.exe,False,C:\Users\owunc\Desktop\lab_logs\DC_Sysmon_ws.evtx,Classic,0,"{""EventData"":{""Data"":[{""@Name"":""RuleName"",""#text"":""-""},{""@Name"":""UtcTime"",""#text"":""2026-03-30 18:41:21.834""},{""@Name"":""ProcessGuid"",""#text"":""c9182e32-c3d1-69ca-0201-000000000900""},{""@Name"":""ProcessId"",""#text"":""3296""},{""@Name"":""Image"",""#text"":""C:\\Windows\\System32\\taskhostw.exe""},{""@Name"":""FileVersion"",""#text"":""10.0.20348.1 (WinBuild.160101.0800)""},{""@Name"":""Description"",""#text"":""Host Process for Windows Tasks""},{""@Name"":""Product"",""#text"":""Microsoft® Windows® Operating System""},{""@Name"":""Company"",""#text"":""Microsoft Corporation""},{""@Name"":""OriginalFileName"",""#text"":""taskhostw.exe""},{""@Name"":""CommandLine"",""#text"":""taskhostw.exe""},{""@Name"":""CurrentDirectory"",""#text"":""C:\\Windows\\system32\\""},{""@Name"":""User"",""#text"":""NT AUTHORITY\\SYSTEM""},{""@Name"":""LogonGuid"",""#text"":""c9182e32-c31a-69ca-e703-000000000000""},{""@Name"":""LogonId"",""#text"":""0x3E7""},{""@Name"":""TerminalSessionId"",""#text"":""0""},{""@Name"":""IntegrityLevel"",""#text"":""System""},{""@Name"":""Hashes"",""#text"":""MD5=5487316514F4ADA7E6E0BD9EAA2256E7,SHA256=F447AE2E838D4DE71CA4BABA321FEA67DABB38AA4321EFAC81F3FF03CF55FE0A,IMPHASH=1C4E2D9936E4D9F2490B08AAB4D24260""},{""@Name"":""ParentProcessGuid"",""#text"":""c9182e32-c31d-69ca-2100-000000000900""},{""@Name"":""ParentProcessId"",""#text"":""1696""},{""@Name"":""ParentImage"",""#text"":""C:\\Windows\\System32\\svchost.exe""},{""@Name"":""ParentCommandLine"",""#text"":""C:\\Windows\\system32\\svchost.exe -k netsvcs -p -s Schedule""},{""@Name"":""ParentUser"",""#text"":""NT AUTHORITY\\SYSTEM""}]}}"
354,354,2026-03-30 18:42:30.2779434,1,Info,Microsoft-Windows-Sysmon,Microsoft-Windows-Sysmon/Operational,2448,4460,DC01.corp.local,7,S-1-5-18,Process creation,NT AUTHORITY\SYSTEM,,"ProcessID: 5336, ProcessGUID: c9182e32-c416-69ca-0401-000000000900",RuleName: -,"MD5=6C804D38C5326A67D795B7492F224F6C,SHA256=41CB599692285F297F8C3E65C1055F9EEB16A1F849904DCEC58BD1F8E545BD88,IMPHASH=B32AC086F6F46562D0C3EDBAE67A344B",ParentProcess: C:\Windows\System32\svchost.exe,"ParentProcessID: 2084, ParentProcessGUID: c9182e32-c326-69ca-4900-000000000900",ParentCommandLine: C:\Windows\system32\svchost.exe -k netsvcs -p -s Winmgmt,wmiadap.exe /F /T /R,False,C:\Users\owunc\Desktop\lab_logs\DC_Sysmon_ws.evtx,Classic,0,"{""EventData"":{""Data"":[{""@Name"":""RuleName"",""#text"":""-""},{""@Name"":""UtcTime"",""#text"":""2026-03-30 18:42:30.273""},{""@Name"":""ProcessGuid"",""#text"":""c9182e32-c416-69ca-0401-000000000900""},{""@Name"":""ProcessId"",""#text"":""5336""},{""@Name"":""Image"",""#text"":""C:\\Windows\\System32\\wbem\\WMIADAP.exe""},{""@Name"":""FileVersion"",""#text"":""10.0.20348.1 (WinBuild.160101.0800)""},{""@Name"":""Description"",""#text"":""WMI Reverse Performance Adapter Maintenance Utility""},{""@Name"":""Product"",""#text"":""Microsoft® Windows® Operating System""},{""@Name"":""Company"",""#text"":""Microsoft Corporation""},{""@Name"":""OriginalFileName"",""#text"":""wmicookr.dll""},{""@Name"":""CommandLine"",""#text"":""wmiadap.exe /F /T /R""},{""@Name"":""CurrentDirectory"",""#text"":""C:\\Windows\\system32\\""},{""@Name"":""User"",""#text"":""NT AUTHORITY\\SYSTEM""},{""@Name"":""LogonGuid"",""#text"":""c9182e32-c31a-69ca-e703-000000000000""},{""@Name"":""LogonId"",""#text"":""0x3E7""},{""@Name"":""TerminalSessionId"",""#text"":""0""},{""@Name"":""IntegrityLevel"",""#text"":""System""},{""@Name"":""Hashes"",""#text"":""MD5=6C804D38C5326A67D795B7492F224F6C,SHA256=41CB599692285F297F8C3E65C1055F9EEB16A1F849904DCEC58BD1F8E545BD88,IMPHASH=B32AC086F6F46562D0C3EDBAE67A344B""},{""@Name"":""ParentProcessGuid"",""#text"":""c9182e32-c326-69ca-4900-000000000900""},{""@Name"":""ParentProcessId"",""#text"":""2084""},{""@Name"":""ParentImage"",""#text"":""C:\\Windows\\System32\\svchost.exe""},{""@Name"":""ParentCommandLine"",""#text"":""C:\\Windows\\system32\\svchost.exe -k netsvcs -p -s Winmgmt""},{""@Name"":""ParentUser"",""#text"":""NT AUTHORITY\\SYSTEM""}]}}"
355,355,2026-03-30 18:42:48.7719314,1,Info,Microsoft-Windows-Sysmon,Microsoft-Windows-Sysmon/Operational,2448,4460,DC01.corp.local,7,S-1-5-18,Process creation,NT AUTHORITY\SYSTEM,,"ProcessID: 2016, ProcessGUID: c9182e32-c428-69ca-0501-000000000900",RuleName: -,"MD5=A01716583968F60BD83C4830C3B3FCDA,SHA256=F4E3B06DFF2B91150FBE3E06329CAF45674DC505495FC96F32BEBF6FAE08DF6E,IMPHASH=7D3978CBEEDF0AC8C9F49FED049B426E",ParentProcess: C:\Windows\System32\svchost.exe,"ParentProcessID: 948, ParentProcessGUID: c9182e32-c31b-69ca-0d00-000000000900",ParentCommandLine: C:\Windows\system32\svchost.exe -k DcomLaunch -p,C:\Windows\System32\mousocoreworker.exe -Embedding,False,C:\Users\owunc\Desktop\lab_logs\DC_Sysmon_ws.evtx,Classic,0,"{""EventData"":{""Data"":[{""@Name"":""RuleName"",""#text"":""-""},{""@Name"":""UtcTime"",""#text"":""2026-03-30 18:42:48.770""},{""@Name"":""ProcessGuid"",""#text"":""c9182e32-c428-69ca-0501-000000000900""},{""@Name"":""ProcessId"",""#text"":""2016""},{""@Name"":""Image"",""#text"":""C:\\Windows\\System32\\MoUsoCoreWorker.exe""},{""@Name"":""FileVersion"",""#text"":""10.0.20348.380 (WinBuild.160101.0800)""},{""@Name"":""Description"",""#text"":""MoUSO Core Worker Process""},{""@Name"":""Product"",""#text"":""Microsoft® Windows® Operating System""},{""@Name"":""Company"",""#text"":""Microsoft Corporation""},{""@Name"":""OriginalFileName"",""#text"":""MoUSOCoreWorker.exe""},{""@Name"":""CommandLine"",""#text"":""C:\\Windows\\System32\\mousocoreworker.exe -Embedding""},{""@Name"":""CurrentDirectory"",""#text"":""C:\\Windows\\system32\\""},{""@Name"":""User"",""#text"":""NT AUTHORITY\\SYSTEM""},{""@Name"":""LogonGuid"",""#text"":""c9182e32-c31a-69ca-e703-000000000000""},{""@Name"":""LogonId"",""#text"":""0x3E7""},{""@Name"":""TerminalSessionId"",""#text"":""0""},{""@Name"":""IntegrityLevel"",""#text"":""System""},{""@Name"":""Hashes"",""#text"":""MD5=A01716583968F60BD83C4830C3B3FCDA,SHA256=F4E3B06DFF2B91150FBE3E06329CAF45674DC505495FC96F32BEBF6FAE08DF6E,IMPHASH=7D3978CBEEDF0AC8C9F49FED049B426E""},{""@Name"":""ParentProcessGuid"",""#text"":""c9182e32-c31b-69ca-0d00-000000000900""},{""@Name"":""ParentProcessId"",""#text"":""948""},{""@Name"":""ParentImage"",""#text"":""C:\\Windows\\System32\\svchost.exe""},{""@Name"":""ParentCommandLine"",""#text"":""C:\\Windows\\system32\\svchost.exe -k DcomLaunch -p""},{""@Name"":""ParentUser"",""#text"":""NT AUTHORITY\\SYSTEM""}]}}"
356,356,2026-03-30 18:44:03.2845968,22,Info,Microsoft-Windows-Sysmon,Microsoft-Windows-Sysmon/Operational,2448,4476,DC01.corp.local,7,S-1-5-18,DNSEvent (DNS query),NT AUTHORITY\SYSTEM,,"ProcessID: 736, ProcessGUID: c9182e32-c31a-69ca-0c00-000000000900",RuleName: -,Image: C:\Windows\System32\lsass.exe,QueryName: _ldap._tcp.Default-First-Site-Name._sites.ForestDnsZones.corp.local.,QueryStatus: 9501,QueryResults: type: 6 dc01.corp.local;192.168.93.50;,,False,C:\Users\owunc\Desktop\lab_logs\DC_Sysmon_ws.evtx,Classic,0,"{""EventData"":{""Data"":[{""@Name"":""RuleName"",""#text"":""-""},{""@Name"":""UtcTime"",""#text"":""2026-03-30 18:44:02.212""},{""@Name"":""ProcessGuid"",""#text"":""c9182e32-c31a-69ca-0c00-000000000900""},{""@Name"":""ProcessId"",""#text"":""736""},{""@Name"":""QueryName"",""#text"":""_ldap._tcp.Default-First-Site-Name._sites.ForestDnsZones.corp.local.""},{""@Name"":""QueryStatus"",""#text"":""9501""},{""@Name"":""QueryResults"",""#text"":""type: 6 dc01.corp.local;192.168.93.50;""},{""@Name"":""Image"",""#text"":""C:\\Windows\\System32\\lsass.exe""},{""@Name"":""User"",""#text"":""NT AUTHORITY\\SYSTEM""}]}}"
357,357,2026-03-30 18:45:28.6925271,13,Info,Microsoft-Windows-Sysmon,Microsoft-Windows-Sysmon/Operational,2448,4460,DC01.corp.local,7,S-1-5-18,RegistryEvent (Value Set),NT AUTHORITY\SYSTEM,,"ProcessID: 5336, ProcessGUID: c9182e32-c416-69ca-0401-000000000900","RuleName: Suspicious,ImageBeginWithBackslash",Image: \\?\C:\Windows\system32\wbem\WMIADAP.EXE,EventType: SetValue,TargetObject: HKLM\SOFTWARE\Microsoft\Windows NT\CurrentVersion\Perflib\Updating,Details: WmiApRpl,,False,C:\Users\owunc\Desktop\lab_logs\DC_Sysmon_ws.evtx,Classic,0,"{""EventData"":{""Data"":[{""@Name"":""RuleName"",""#text"":""Suspicious,ImageBeginWithBackslash""},{""@Name"":""EventType"",""#text"":""SetValue""},{""@Name"":""UtcTime"",""#text"":""2026-03-30 18:45:28.690""},{""@Name"":""ProcessGuid"",""#text"":""c9182e32-c416-69ca-0401-000000000900""},{""@Name"":""ProcessId"",""#text"":""5336""},{""@Name"":""Image"",""#text"":""\\\\?\\C:\\Windows\\system32\\wbem\\WMIADAP.EXE""},{""@Name"":""TargetObject"",""#text"":""HKLM\\SOFTWARE\\Microsoft\\Windows NT\\CurrentVersion\\Perflib\\Updating""},{""@Name"":""Details"",""#text"":""WmiApRpl""},{""@Name"":""User"",""#text"":""NT AUTHORITY\\SYSTEM""}]}}"
358,358,2026-03-30 18:45:28.6983134,13,Info,Microsoft-Windows-Sysmon,Microsoft-Windows-Sysmon/Operational,2448,4460,DC01.corp.local,7,S-1-5-18,RegistryEvent (Value Set),NT AUTHORITY\SYSTEM,,"ProcessID: 5336, ProcessGUID: c9182e32-c416-69ca-0401-000000000900","RuleName: Suspicious,ImageBeginWithBackslash",Image: \\?\C:\Windows\system32\wbem\WMIADAP.EXE,EventType: SetValue,TargetObject: HKLM\SOFTWARE\Microsoft\Windows NT\CurrentVersion\Perflib\Last Counter,Details: DWORD (0x000028a2),,False,C:\Users\owunc\Desktop\lab_logs\DC_Sysmon_ws.evtx,Classic,0,"{""EventData"":{""Data"":[{""@Name"":""RuleName"",""#text"":""Suspicious,ImageBeginWithBackslash""},{""@Name"":""EventType"",""#text"":""SetValue""},{""@Name"":""UtcTime"",""#text"":""2026-03-30 18:45:28.690""},{""@Name"":""ProcessGuid"",""#text"":""c9182e32-c416-69ca-0401-000000000900""},{""@Name"":""ProcessId"",""#text"":""5336""},{""@Name"":""Image"",""#text"":""\\\\?\\C:\\Windows\\system32\\wbem\\WMIADAP.EXE""},{""@Name"":""TargetObject"",""#text"":""HKLM\\SOFTWARE\\Microsoft\\Windows NT\\CurrentVersion\\Perflib\\Last Counter""},{""@Name"":""Details"",""#text"":""DWORD (0x000028a2)""},{""@Name"":""User"",""#text"":""NT AUTHORITY\\SYSTEM""}]}}"
359,359,2026-03-30 18:45:28.6983564,13,Info,Microsoft-Windows-Sysmon,Microsoft-Windows-Sysmon/Operational,2448,4460,DC01.corp.local,7,S-1-5-18,RegistryEvent (Value Set),NT AUTHORITY\SYSTEM,,"ProcessID: 5336, ProcessGUID: c9182e32-c416-69ca-0401-000000000900","RuleName: Suspicious,ImageBeginWithBackslash",Image: \\?\C:\Windows\system32\wbem\WMIADAP.EXE,EventType: SetValue,TargetObject: HKLM\SOFTWARE\Microsoft\Windows NT\CurrentVersion\Perflib\Last Help,Details: DWORD (0x000028a3),,False,C:\Users\owunc\Desktop\lab_logs\DC_Sysmon_ws.evtx,Classic,0,"{""EventData"":{""Data"":[{""@Name"":""RuleName"",""#text"":""Suspicious,ImageBeginWithBackslash""},{""@Name"":""EventType"",""#text"":""SetValue""},{""@Name"":""UtcTime"",""#text"":""2026-03-30 18:45:28.690""},{""@Name"":""ProcessGuid"",""#text"":""c9182e32-c416-69ca-0401-000000000900""},{""@Name"":""ProcessId"",""#text"":""5336""},{""@Name"":""Image"",""#text"":""\\\\?\\C:\\Windows\\system32\\wbem\\WMIADAP.EXE""},{""@Name"":""TargetObject"",""#text"":""HKLM\\SOFTWARE\\Microsoft\\Windows NT\\CurrentVersion\\Perflib\\Last Help""},{""@Name"":""Details"",""#text"":""DWORD (0x000028a3)""},{""@Name"":""User"",""#text"":""NT AUTHORITY\\SYSTEM""}]}}"
360,360,2026-03-30 18:45:28.6983919,12,Info,Microsoft-Windows-Sysmon,Microsoft-Windows-Sysmon/Operational,2448,4460,DC01.corp.local,7,S-1-5-18,RegistryEvent (Object create and delete),NT AUTHORITY\SYSTEM,,"ProcessID: 5336, ProcessGUID: c9182e32-c416-69ca-0401-000000000900","RuleName: Suspicious,ImageBeginWithBackslash",Image: \\?\C:\Windows\system32\wbem\WMIADAP.EXE,EventType: DeleteValue,TargetObject: HKLM\System\CurrentControlSet\Services\WmiApRpl\Performance\First Counter,,,False,C:\Users\owunc\Desktop\lab_logs\DC_Sysmon_ws.evtx,Classic,0,"{""EventData"":{""Data"":[{""@Name"":""RuleName"",""#text"":""Suspicious,ImageBeginWithBackslash""},{""@Name"":""EventType"",""#text"":""DeleteValue""},{""@Name"":""UtcTime"",""#text"":""2026-03-30 18:45:28.690""},{""@Name"":""ProcessGuid"",""#text"":""c9182e32-c416-69ca-0401-000000000900""},{""@Name"":""ProcessId"",""#text"":""5336""},{""@Name"":""Image"",""#text"":""\\\\?\\C:\\Windows\\system32\\wbem\\WMIADAP.EXE""},{""@Name"":""TargetObject"",""#text"":""HKLM\\System\\CurrentControlSet\\Services\\WmiApRpl\\Performance\\First Counter""},{""@Name"":""User"",""#text"":""NT AUTHORITY\\SYSTEM""}]}}"
