154,154,2026-03-30 18:38:30.7731531,1,Info,Microsoft-Windows-Sysmon,Microsoft-Windows-Sysmon/Operational,2448,4460,DC01.corp.local,3,S-1-5-18,Process creation,NT AUTHORITY\SYSTEM,,"ProcessID: 2276, ProcessGUID: c9182e32-c326-69ca-4600-000000000900",RuleName: -,"MD5=3B98DFC0C33F40B96233643489875E0E,SHA256=21996443CB7B50F08C61B867568D97A60D04CBB1C900749F977BFDFD8EBA6968,IMPHASH=1E3497A6C972ECDF6D2F8E3C98A2101E",ParentProcess: C:\Windows\System32\services.exe,"ParentProcessID: 716, ParentProcessGUID: c9182e32-c31a-69ca-0b00-000000000900",ParentCommandLine: C:\Windows\system32\services.exe,"""C:\Program Files\VMware\VMware Tools\vm3dservice.exe""",False,C:\Users\owunc\Desktop\lab_logs\DC_Sysmon_ws.evtx,Classic,0,"{""EventData"":{""Data"":[{""@Name"":""RuleName"",""#text"":""-""},{""@Name"":""UtcTime"",""#text"":""2026-03-30 18:38:30.097""},{""@Name"":""ProcessGuid"",""#text"":""c9182e32-c326-69ca-4600-000000000900""},{""@Name"":""ProcessId"",""#text"":""2276""},{""@Name"":""Image"",""#text"":""C:\\Program Files\\VMware\\VMware Tools\\vm3dservice.exe""},{""@Name"":""FileVersion"",""#text"":""9.17.09.0004""},{""@Name"":""Description"",""#text"":""VMware SVGA Helper Service""},{""@Name"":""Product"",""#text"":""VMware SVGA 3D""},{""@Name"":""Company"",""#text"":""Broadcom Inc.""},{""@Name"":""OriginalFileName"",""#text"":""vm3dservice.exe""},{""@Name"":""CommandLine"",""#text"":""\""C:\\Program Files\\VMware\\VMware Tools\\vm3dservice.exe\""""},{""@Name"":""CurrentDirectory"",""#text"":""C:\\Windows\\system32\\""},{""@Name"":""User"",""#text"":""NT AUTHORITY\\SYSTEM""},{""@Name"":""LogonGuid"",""#text"":""c9182e32-c31a-69ca-e703-000000000000""},{""@Name"":""LogonId"",""#text"":""0x3E7""},{""@Name"":""TerminalSessionId"",""#text"":""0""},{""@Name"":""IntegrityLevel"",""#text"":""System""},{""@Name"":""Hashes"",""#text"":""MD5=3B98DFC0C33F40B96233643489875E0E,SHA256=21996443CB7B50F08C61B867568D97A60D04CBB1C900749F977BFDFD8EBA6968,IMPHASH=1E3497A6C972ECDF6D2F8E3C98A2101E""},{""@Name"":""ParentProcessGuid"",""#text"":""c9182e32-c31a-69ca-0b00-000000000900""},{""@Name"":""ParentProcessId"",""#text"":""716""},{""@Name"":""ParentImage"",""#text"":""C:\\Windows\\System32\\services.exe""},{""@Name"":""ParentCommandLine"",""#text"":""C:\\Windows\\system32\\services.exe""},{""@Name"":""ParentUser"",""#text"":""NT AUTHORITY\\SYSTEM""}]}}"
155,155,2026-03-30 18:38:30.7737221,1,Info,Microsoft-Windows-Sysmon,Microsoft-Windows-Sysmon/Operational,2448,4460,DC01.corp.local,3,S-1-5-18,Process creation,NT AUTHORITY\SYSTEM,,"ProcessID: 2988, ProcessGUID: c9182e32-c326-69ca-3d00-000000000900",RuleName: -,"MD5=89F73F488C6C17955AD19F581C44D44B,SHA256=C6D3CB412C3B2BB9F0FEC6ED9279FCDD3DD75D12E91F5B7E1B6F54D2ED72A15F,IMPHASH=68D2450D85B62FC198B0913A50BCB868",ParentProcess: C:\Windows\System32\services.exe,"ParentProcessID: 716, ParentProcessGUID: c9182e32-c31a-69ca-0b00-000000000900",ParentCommandLine: C:\Windows\system32\services.exe,C:\Windows\system32\DFSRs.exe,False,C:\Users\owunc\Desktop\lab_logs\DC_Sysmon_ws.evtx,Classic,0,"{""EventData"":{""Data"":[{""@Name"":""RuleName"",""#text"":""-""},{""@Name"":""UtcTime"",""#text"":""2026-03-30 18:38:30.074""},{""@Name"":""ProcessGuid"",""#text"":""c9182e32-c326-69ca-3d00-000000000900""},{""@Name"":""ProcessId"",""#text"":""2988""},{""@Name"":""Image"",""#text"":""C:\\Windows\\System32\\dfsrs.exe""},{""@Name"":""FileVersion"",""#text"":""10.0.20348.502 (WinBuild.160101.0800)""},{""@Name"":""Description"",""#text"":""Distributed File System Replication""},{""@Name"":""Product"",""#text"":""Microsoft® Windows® Operating System""},{""@Name"":""Company"",""#text"":""Microsoft Corporation""},{""@Name"":""OriginalFileName"",""#text"":""dfsr.exe""},{""@Name"":""CommandLine"",""#text"":""C:\\Windows\\system32\\DFSRs.exe""},{""@Name"":""CurrentDirectory"",""#text"":""C:\\Windows\\system32\\""},{""@Name"":""User"",""#text"":""NT AUTHORITY\\SYSTEM""},{""@Name"":""LogonGuid"",""#text"":""c9182e32-c31a-69ca-e703-000000000000""},{""@Name"":""LogonId"",""#text"":""0x3E7""},{""@Name"":""TerminalSessionId"",""#text"":""0""},{""@Name"":""IntegrityLevel"",""#text"":""System""},{""@Name"":""Hashes"",""#text"":""MD5=89F73F488C6C17955AD19F581C44D44B,SHA256=C6D3CB412C3B2BB9F0FEC6ED9279FCDD3DD75D12E91F5B7E1B6F54D2ED72A15F,IMPHASH=68D2450D85B62FC198B0913A50BCB868""},{""@Name"":""ParentProcessGuid"",""#text"":""c9182e32-c31a-69ca-0b00-000000000900""},{""@Name"":""ParentProcessId"",""#text"":""716""},{""@Name"":""ParentImage"",""#text"":""C:\\Windows\\System32\\services.exe""},{""@Name"":""ParentCommandLine"",""#text"":""C:\\Windows\\system32\\services.exe""},{""@Name"":""ParentUser"",""#text"":""NT AUTHORITY\\SYSTEM""}]}}"
156,156,2026-03-30 18:38:30.7739451,1,Info,Microsoft-Windows-Sysmon,Microsoft-Windows-Sysmon/Operational,2448,4460,DC01.corp.local,3,S-1-5-18,Process creation,NT AUTHORITY\SYSTEM,,"ProcessID: 2448, ProcessGUID: c9182e32-c326-69ca-4500-000000000900",RuleName: -,"MD5=B1581E884727B450C4DBFA9360F3DB7C,SHA256=D8115212A7747010593DE813404B02D05B915E4B1D0231502B856B9ACE9274E8,IMPHASH=5C31CFDE3181A762CA91D21902DEF1B4",ParentProcess: C:\Windows\System32\services.exe,"ParentProcessID: 716, ParentProcessGUID: c9182e32-c31a-69ca-0b00-000000000900",ParentCommandLine: C:\Windows\system32\services.exe,C:\Windows\Sysmon.exe,False,C:\Users\owunc\Desktop\lab_logs\DC_Sysmon_ws.evtx,Classic,0,"{""EventData"":{""Data"":[{""@Name"":""RuleName"",""#text"":""-""},{""@Name"":""UtcTime"",""#text"":""2026-03-30 18:38:30.095""},{""@Name"":""ProcessGuid"",""#text"":""c9182e32-c326-69ca-4500-000000000900""},{""@Name"":""ProcessId"",""#text"":""2448""},{""@Name"":""Image"",""#text"":""C:\\Windows\\Sysmon.exe""},{""@Name"":""FileVersion"",""#text"":""15.20""},{""@Name"":""Description"",""#text"":""System activity monitor""},{""@Name"":""Product"",""#text"":""Sysinternals Sysmon""},{""@Name"":""Company"",""#text"":""Sysinternals - www.sysinternals.com""},{""@Name"":""OriginalFileName"",""#text"":""-""},{""@Name"":""CommandLine"",""#text"":""C:\\Windows\\Sysmon.exe""},{""@Name"":""CurrentDirectory"",""#text"":""C:\\Windows\\system32\\""},{""@Name"":""User"",""#text"":""NT AUTHORITY\\SYSTEM""},{""@Name"":""LogonGuid"",""#text"":""c9182e32-c31a-69ca-e703-000000000000""},{""@Name"":""LogonId"",""#text"":""0x3E7""},{""@Name"":""TerminalSessionId"",""#text"":""0""},{""@Name"":""IntegrityLevel"",""#text"":""System""},{""@Name"":""Hashes"",""#text"":""MD5=B1581E884727B450C4DBFA9360F3DB7C,SHA256=D8115212A7747010593DE813404B02D05B915E4B1D0231502B856B9ACE9274E8,IMPHASH=5C31CFDE3181A762CA91D21902DEF1B4""},{""@Name"":""ParentProcessGuid"",""#text"":""c9182e32-c31a-69ca-0b00-000000000900""},{""@Name"":""ParentProcessId"",""#text"":""716""},{""@Name"":""ParentImage"",""#text"":""C:\\Windows\\System32\\services.exe""},{""@Name"":""ParentCommandLine"",""#text"":""C:\\Windows\\system32\\services.exe""},{""@Name"":""ParentUser"",""#text"":""NT AUTHORITY\\SYSTEM""}]}}"
157,157,2026-03-30 18:38:30.7746527,1,Info,Microsoft-Windows-Sysmon,Microsoft-Windows-Sysmon/Operational,2448,4460,DC01.corp.local,3,S-1-5-18,Process creation,NT AUTHORITY\SYSTEM,,"ProcessID: 2520, ProcessGUID: c9182e32-c326-69ca-4700-000000000900",RuleName: -,"MD5=D0D705D36C376625814E1E3E8AC43CF1,SHA256=DDD9E58EACED1B35BC7748A4E48C6F4688209D25381163F5B11B822B6FA2DC61,IMPHASH=677FD64887849F73CAE5F62CDB7A8B26",ParentProcess: C:\Windows\System32\services.exe,"ParentProcessID: 716, ParentProcessGUID: c9182e32-c31a-69ca-0b00-000000000900",ParentCommandLine: C:\Windows\system32\services.exe,"""C:\Program Files (x86)\ossec-agent\wazuh-agent.exe""",False,C:\Users\owunc\Desktop\lab_logs\DC_Sysmon_ws.evtx,Classic,0,"{""EventData"":{""Data"":[{""@Name"":""RuleName"",""#text"":""-""},{""@Name"":""UtcTime"",""#text"":""2026-03-30 18:38:30.106""},{""@Name"":""ProcessGuid"",""#text"":""c9182e32-c326-69ca-4700-000000000900""},{""@Name"":""ProcessId"",""#text"":""2520""},{""@Name"":""Image"",""#text"":""C:\\Program Files (x86)\\ossec-agent\\wazuh-agent.exe""},{""@Name"":""FileVersion"",""#text"":""v4.14.4""},{""@Name"":""Description"",""#text"":""Wazuh Agent""},{""@Name"":""Product"",""#text"":""Wazuh Windows Agent""},{""@Name"":""Company"",""#text"":""Wazuh Inc.""},{""@Name"":""OriginalFileName"",""#text"":""-""},{""@Name"":""CommandLine"",""#text"":""\""C:\\Program Files (x86)\\ossec-agent\\wazuh-agent.exe\""""},{""@Name"":""CurrentDirectory"",""#text"":""C:\\Windows\\system32\\""},{""@Name"":""User"",""#text"":""NT AUTHORITY\\SYSTEM""},{""@Name"":""LogonGuid"",""#text"":""c9182e32-c31a-69ca-e703-000000000000""},{""@Name"":""LogonId"",""#text"":""0x3E7""},{""@Name"":""TerminalSessionId"",""#text"":""0""},{""@Name"":""IntegrityLevel"",""#text"":""System""},{""@Name"":""Hashes"",""#text"":""MD5=D0D705D36C376625814E1E3E8AC43CF1,SHA256=DDD9E58EACED1B35BC7748A4E48C6F4688209D25381163F5B11B822B6FA2DC61,IMPHASH=677FD64887849F73CAE5F62CDB7A8B26""},{""@Name"":""ParentProcessGuid"",""#text"":""c9182e32-c31a-69ca-0b00-000000000900""},{""@Name"":""ParentProcessId"",""#text"":""716""},{""@Name"":""ParentImage"",""#text"":""C:\\Windows\\System32\\services.exe""},{""@Name"":""ParentCommandLine"",""#text"":""C:\\Windows\\system32\\services.exe""},{""@Name"":""ParentUser"",""#text"":""NT AUTHORITY\\SYSTEM""}]}}"
158,158,2026-03-30 18:38:30.7749627,1,Info,Microsoft-Windows-Sysmon,Microsoft-Windows-Sysmon/Operational,2448,4460,DC01.corp.local,3,S-1-5-18,Process creation,NT AUTHORITY\SYSTEM,,"ProcessID: 2444, ProcessGUID: c9182e32-c326-69ca-4800-000000000900",RuleName: -,"MD5=A1C2318D318CB120555AC46351B5E426,SHA256=E6DF61405204F85417456E7BEB2D2ECCC81AE45E2869DF6518EF476178F43C67,IMPHASH=75AA09157E03E8930197125FB1114E25",ParentProcess: C:\Windows\System32\services.exe,"ParentProcessID: 716, ParentProcessGUID: c9182e32-c31a-69ca-0b00-000000000900",ParentCommandLine: C:\Windows\system32\services.exe,"""C:\ProgramData\Microsoft\Windows Defender\Platform\4.18.26020.6-0\MsMpEng.exe""",False,C:\Users\owunc\Desktop\lab_logs\DC_Sysmon_ws.evtx,Classic,0,"{""EventData"":{""Data"":[{""@Name"":""RuleName"",""#text"":""-""},{""@Name"":""UtcTime"",""#text"":""2026-03-30 18:38:30.111""},{""@Name"":""ProcessGuid"",""#text"":""c9182e32-c326-69ca-4800-000000000900""},{""@Name"":""ProcessId"",""#text"":""2444""},{""@Name"":""Image"",""#text"":""C:\\ProgramData\\Microsoft\\Windows Defender\\Platform\\4.18.26020.6-0\\MsMpEng.exe""},{""@Name"":""FileVersion"",""#text"":""4.18.26020.6 (cd0aebd7c18a68cd2e3af14a117b45b178d088f4)""},{""@Name"":""Description"",""#text"":""Antimalware Service Executable""},{""@Name"":""Product"",""#text"":""Microsoft® Windows® Operating System""},{""@Name"":""Company"",""#text"":""Microsoft Corporation""},{""@Name"":""OriginalFileName"",""#text"":""MsMpEng.exe""},{""@Name"":""CommandLine"",""#text"":""\""C:\\ProgramData\\Microsoft\\Windows Defender\\Platform\\4.18.26020.6-0\\MsMpEng.exe\""""},{""@Name"":""CurrentDirectory"",""#text"":""C:\\Windows\\system32\\""},{""@Name"":""User"",""#text"":""NT AUTHORITY\\SYSTEM""},{""@Name"":""LogonGuid"",""#text"":""c9182e32-c31a-69ca-e703-000000000000""},{""@Name"":""LogonId"",""#text"":""0x3E7""},{""@Name"":""TerminalSessionId"",""#text"":""0""},{""@Name"":""IntegrityLevel"",""#text"":""System""},{""@Name"":""Hashes"",""#text"":""MD5=A1C2318D318CB120555AC46351B5E426,SHA256=E6DF61405204F85417456E7BEB2D2ECCC81AE45E2869DF6518EF476178F43C67,IMPHASH=75AA09157E03E8930197125FB1114E25""},{""@Name"":""ParentProcessGuid"",""#text"":""c9182e32-c31a-69ca-0b00-000000000900""},{""@Name"":""ParentProcessId"",""#text"":""716""},{""@Name"":""ParentImage"",""#text"":""C:\\Windows\\System32\\services.exe""},{""@Name"":""ParentCommandLine"",""#text"":""C:\\Windows\\system32\\services.exe""},{""@Name"":""ParentUser"",""#text"":""NT AUTHORITY\\SYSTEM""}]}}"
159,159,2026-03-30 18:38:30.7752007,1,Info,Microsoft-Windows-Sysmon,Microsoft-Windows-Sysmon/Operational,2448,4460,DC01.corp.local,3,S-1-5-18,Process creation,NT AUTHORITY\SYSTEM,,"ProcessID: 2084, ProcessGUID: c9182e32-c326-69ca-4900-000000000900",RuleName: -,"MD5=DC32ABA4669EAFB22FCACD5EC836A107,SHA256=31780FF2AAF7BC71F755BA0E4FEF1D61B060D1D2741EAFB33CBAB44D889595A0,IMPHASH=D8C4E4978657CEA220B495778C972E64",ParentProcess: C:\Windows\System32\services.exe,"ParentProcessID: 716, ParentProcessGUID: c9182e32-c31a-69ca-0b00-000000000900",ParentCommandLine: C:\Windows\system32\services.exe,C:\Windows\system32\svchost.exe -k netsvcs -p -s Winmgmt,False,C:\Users\owunc\Desktop\lab_logs\DC_Sysmon_ws.evtx,Classic,0,"{""EventData"":{""Data"":[{""@Name"":""RuleName"",""#text"":""-""},{""@Name"":""UtcTime"",""#text"":""2026-03-30 18:38:30.114""},{""@Name"":""ProcessGuid"",""#text"":""c9182e32-c326-69ca-4900-000000000900""},{""@Name"":""ProcessId"",""#text"":""2084""},{""@Name"":""Image"",""#text"":""C:\\Windows\\System32\\svchost.exe""},{""@Name"":""FileVersion"",""#text"":""10.0.20348.558 (WinBuild.160101.0800)""},{""@Name"":""Description"",""#text"":""Host Process for Windows Services""},{""@Name"":""Product"",""#text"":""Microsoft® Windows® Operating System""},{""@Name"":""Company"",""#text"":""Microsoft Corporation""},{""@Name"":""OriginalFileName"",""#text"":""svchost.exe""},{""@Name"":""CommandLine"",""#text"":""C:\\Windows\\system32\\svchost.exe -k netsvcs -p -s Winmgmt""},{""@Name"":""CurrentDirectory"",""#text"":""C:\\Windows\\system32\\""},{""@Name"":""User"",""#text"":""NT AUTHORITY\\SYSTEM""},{""@Name"":""LogonGuid"",""#text"":""c9182e32-c31a-69ca-e703-000000000000""},{""@Name"":""LogonId"",""#text"":""0x3E7""},{""@Name"":""TerminalSessionId"",""#text"":""0""},{""@Name"":""IntegrityLevel"",""#text"":""System""},{""@Name"":""Hashes"",""#text"":""MD5=DC32ABA4669EAFB22FCACD5EC836A107,SHA256=31780FF2AAF7BC71F755BA0E4FEF1D61B060D1D2741EAFB33CBAB44D889595A0,IMPHASH=D8C4E4978657CEA220B495778C972E64""},{""@Name"":""ParentProcessGuid"",""#text"":""c9182e32-c31a-69ca-0b00-000000000900""},{""@Name"":""ParentProcessId"",""#text"":""716""},{""@Name"":""ParentImage"",""#text"":""C:\\Windows\\System32\\services.exe""},{""@Name"":""ParentCommandLine"",""#text"":""C:\\Windows\\system32\\services.exe""},{""@Name"":""ParentUser"",""#text"":""NT AUTHORITY\\SYSTEM""}]}}"
160,160,2026-03-30 18:38:30.7759213,1,Info,Microsoft-Windows-Sysmon,Microsoft-Windows-Sysmon/Operational,2448,4460,DC01.corp.local,3,S-1-5-18,Process creation,NT AUTHORITY\NETWORK SERVICE,,"ProcessID: 1908, ProcessGUID: c9182e32-c326-69ca-4a00-000000000900",RuleName: -,"MD5=DC32ABA4669EAFB22FCACD5EC836A107,SHA256=31780FF2AAF7BC71F755BA0E4FEF1D61B060D1D2741EAFB33CBAB44D889595A0,IMPHASH=D8C4E4978657CEA220B495778C972E64",ParentProcess: C:\Windows\System32\services.exe,"ParentProcessID: 716, ParentProcessGUID: c9182e32-c31a-69ca-0b00-000000000900",ParentCommandLine: C:\Windows\system32\services.exe,C:\Windows\System32\svchost.exe -k NetworkService -p -s WinRM,False,C:\Users\owunc\Desktop\lab_logs\DC_Sysmon_ws.evtx,Classic,0,"{""EventData"":{""Data"":[{""@Name"":""RuleName"",""#text"":""-""},{""@Name"":""UtcTime"",""#text"":""2026-03-30 18:38:30.121""},{""@Name"":""ProcessGuid"",""#text"":""c9182e32-c326-69ca-4a00-000000000900""},{""@Name"":""ProcessId"",""#text"":""1908""},{""@Name"":""Image"",""#text"":""C:\\Windows\\System32\\svchost.exe""},{""@Name"":""FileVersion"",""#text"":""10.0.20348.558 (WinBuild.160101.0800)""},{""@Name"":""Description"",""#text"":""Host Process for Windows Services""},{""@Name"":""Product"",""#text"":""Microsoft® Windows® Operating System""},{""@Name"":""Company"",""#text"":""Microsoft Corporation""},{""@Name"":""OriginalFileName"",""#text"":""svchost.exe""},{""@Name"":""CommandLine"",""#text"":""C:\\Windows\\System32\\svchost.exe -k NetworkService -p -s WinRM""},{""@Name"":""CurrentDirectory"",""#text"":""C:\\Windows\\system32\\""},{""@Name"":""User"",""#text"":""NT AUTHORITY\\NETWORK SERVICE""},{""@Name"":""LogonGuid"",""#text"":""c9182e32-c31c-69ca-e403-000000000000""},{""@Name"":""LogonId"",""#text"":""0x3E4""},{""@Name"":""TerminalSessionId"",""#text"":""0""},{""@Name"":""IntegrityLevel"",""#text"":""System""},{""@Name"":""Hashes"",""#text"":""MD5=DC32ABA4669EAFB22FCACD5EC836A107,SHA256=31780FF2AAF7BC71F755BA0E4FEF1D61B060D1D2741EAFB33CBAB44D889595A0,IMPHASH=D8C4E4978657CEA220B495778C972E64""},{""@Name"":""ParentProcessGuid"",""#text"":""c9182e32-c31a-69ca-0b00-000000000900""},{""@Name"":""ParentProcessId"",""#text"":""716""},{""@Name"":""ParentImage"",""#text"":""C:\\Windows\\System32\\services.exe""},{""@Name"":""ParentCommandLine"",""#text"":""C:\\Windows\\system32\\services.exe""},{""@Name"":""ParentUser"",""#text"":""NT AUTHORITY\\SYSTEM""}]}}"
161,161,2026-03-30 18:38:30.7766968,1,Info,Microsoft-Windows-Sysmon,Microsoft-Windows-Sysmon/Operational,2448,4460,DC01.corp.local,3,S-1-5-18,Process creation,NT AUTHORITY\SYSTEM,,"ProcessID: 904, ProcessGUID: c9182e32-c326-69ca-4b00-000000000900",RuleName: -,"MD5=E723CFC8E88F9EB378F1043AAF3DF92E,SHA256=7E3B1EA8AACFF1BA44ACD99110E66364152CA91510BE86ED5825FC8E98087594,IMPHASH=C4858787B32BE55BB0085C7B777727C2",ParentProcess: C:\Windows\System32\services.exe,"ParentProcessID: 716, ParentProcessGUID: c9182e32-c31a-69ca-0b00-000000000900",ParentCommandLine: C:\Windows\system32\services.exe,C:\Windows\system32\wlms\wlms.exe,False,C:\Users\owunc\Desktop\lab_logs\DC_Sysmon_ws.evtx,Classic,0,"{""EventData"":{""Data"":[{""@Name"":""RuleName"",""#text"":""-""},{""@Name"":""UtcTime"",""#text"":""2026-03-30 18:38:30.128""},{""@Name"":""ProcessGuid"",""#text"":""c9182e32-c326-69ca-4b00-000000000900""},{""@Name"":""ProcessId"",""#text"":""904""},{""@Name"":""Image"",""#text"":""C:\\Windows\\System32\\wlms\\wlms.exe""},{""@Name"":""FileVersion"",""#text"":""10.0.20348.1 (WinBuild.160101.0800)""},{""@Name"":""Description"",""#text"":""Windows License Monitoring Service""},{""@Name"":""Product"",""#text"":""Microsoft® Windows® Operating System""},{""@Name"":""Company"",""#text"":""Microsoft Corporation""},{""@Name"":""OriginalFileName"",""#text"":""wlms.exe""},{""@Name"":""CommandLine"",""#text"":""C:\\Windows\\system32\\wlms\\wlms.exe""},{""@Name"":""CurrentDirectory"",""#text"":""C:\\Windows\\system32\\""},{""@Name"":""User"",""#text"":""NT AUTHORITY\\SYSTEM""},{""@Name"":""LogonGuid"",""#text"":""c9182e32-c31a-69ca-e703-000000000000""},{""@Name"":""LogonId"",""#text"":""0x3E7""},{""@Name"":""TerminalSessionId"",""#text"":""0""},{""@Name"":""IntegrityLevel"",""#text"":""System""},{""@Name"":""Hashes"",""#text"":""MD5=E723CFC8E88F9EB378F1043AAF3DF92E,SHA256=7E3B1EA8AACFF1BA44ACD99110E66364152CA91510BE86ED5825FC8E98087594,IMPHASH=C4858787B32BE55BB0085C7B777727C2""},{""@Name"":""ParentProcessGuid"",""#text"":""c9182e32-c31a-69ca-0b00-000000000900""},{""@Name"":""ParentProcessId"",""#text"":""716""},{""@Name"":""ParentImage"",""#text"":""C:\\Windows\\System32\\services.exe""},{""@Name"":""ParentCommandLine"",""#text"":""C:\\Windows\\system32\\services.exe""},{""@Name"":""ParentUser"",""#text"":""NT AUTHORITY\\SYSTEM""}]}}"
162,162,2026-03-30 18:38:30.7769343,1,Info,Microsoft-Windows-Sysmon,Microsoft-Windows-Sysmon/Operational,2448,4460,DC01.corp.local,3,S-1-5-18,Process creation,NT AUTHORITY\SYSTEM,,"ProcessID: 3088, ProcessGUID: c9182e32-c326-69ca-4c00-000000000900",RuleName: -,"MD5=DC32ABA4669EAFB22FCACD5EC836A107,SHA256=31780FF2AAF7BC71F755BA0E4FEF1D61B060D1D2741EAFB33CBAB44D889595A0,IMPHASH=D8C4E4978657CEA220B495778C972E64",ParentProcess: C:\Windows\System32\services.exe,"ParentProcessID: 716, ParentProcessGUID: c9182e32-c31a-69ca-0b00-000000000900",ParentCommandLine: C:\Windows\system32\services.exe,C:\Windows\system32\svchost.exe -k netsvcs -p -s WpnService,False,C:\Users\owunc\Desktop\lab_logs\DC_Sysmon_ws.evtx,Classic,0,"{""EventData"":{""Data"":[{""@Name"":""RuleName"",""#text"":""-""},{""@Name"":""UtcTime"",""#text"":""2026-03-30 18:38:30.132""},{""@Name"":""ProcessGuid"",""#text"":""c9182e32-c326-69ca-4c00-000000000900""},{""@Name"":""ProcessId"",""#text"":""3088""},{""@Name"":""Image"",""#text"":""C:\\Windows\\System32\\svchost.exe""},{""@Name"":""FileVersion"",""#text"":""10.0.20348.558 (WinBuild.160101.0800)""},{""@Name"":""Description"",""#text"":""Host Process for Windows Services""},{""@Name"":""Product"",""#text"":""Microsoft® Windows® Operating System""},{""@Name"":""Company"",""#text"":""Microsoft Corporation""},{""@Name"":""OriginalFileName"",""#text"":""svchost.exe""},{""@Name"":""CommandLine"",""#text"":""C:\\Windows\\system32\\svchost.exe -k netsvcs -p -s WpnService""},{""@Name"":""CurrentDirectory"",""#text"":""C:\\Windows\\system32\\""},{""@Name"":""User"",""#text"":""NT AUTHORITY\\SYSTEM""},{""@Name"":""LogonGuid"",""#text"":""c9182e32-c31a-69ca-e703-000000000000""},{""@Name"":""LogonId"",""#text"":""0x3E7""},{""@Name"":""TerminalSessionId"",""#text"":""0""},{""@Name"":""IntegrityLevel"",""#text"":""System""},{""@Name"":""Hashes"",""#text"":""MD5=DC32ABA4669EAFB22FCACD5EC836A107,SHA256=31780FF2AAF7BC71F755BA0E4FEF1D61B060D1D2741EAFB33CBAB44D889595A0,IMPHASH=D8C4E4978657CEA220B495778C972E64""},{""@Name"":""ParentProcessGuid"",""#text"":""c9182e32-c31a-69ca-0b00-000000000900""},{""@Name"":""ParentProcessId"",""#text"":""716""},{""@Name"":""ParentImage"",""#text"":""C:\\Windows\\System32\\services.exe""},{""@Name"":""ParentCommandLine"",""#text"":""C:\\Windows\\system32\\services.exe""},{""@Name"":""ParentUser"",""#text"":""NT AUTHORITY\\SYSTEM""}]}}"
163,163,2026-03-30 18:38:30.7802121,1,Info,Microsoft-Windows-Sysmon,Microsoft-Windows-Sysmon/Operational,2448,4460,DC01.corp.local,3,S-1-5-18,Process creation,NT AUTHORITY\SYSTEM,,"ProcessID: 3180, ProcessGUID: c9182e32-c326-69ca-4d00-000000000900",RuleName: -,"MD5=77384089F6381A6B236E8C38AA12401D,SHA256=C4C669FC2E4600376C5D2E12920321A9D0BB5B42BDD147BCCE9AF2C40EC47396,IMPHASH=A610B34FAEE1B923F41DEE0461C80115",ParentProcess: C:\Windows\System32\services.exe,"ParentProcessID: 716, ParentProcessGUID: c9182e32-c31a-69ca-0b00-000000000900",ParentCommandLine: C:\Windows\system32\services.exe,C:\Windows\system32\dfssvc.exe,False,C:\Users\owunc\Desktop\lab_logs\DC_Sysmon_ws.evtx,Classic,0,"{""EventData"":{""Data"":[{""@Name"":""RuleName"",""#text"":""-""},{""@Name"":""UtcTime"",""#text"":""2026-03-30 18:38:30.157""},{""@Name"":""ProcessGuid"",""#text"":""c9182e32-c326-69ca-4d00-000000000900""},{""@Name"":""ProcessId"",""#text"":""3180""},{""@Name"":""Image"",""#text"":""C:\\Windows\\System32\\dfssvc.exe""},{""@Name"":""FileVersion"",""#text"":""10.0.20348.143 (WinBuild.160101.0800)""},{""@Name"":""Description"",""#text"":""Windows NT Distributed File System Service""},{""@Name"":""Product"",""#text"":""Microsoft® Windows® Operating System""},{""@Name"":""Company"",""#text"":""Microsoft Corporation""},{""@Name"":""OriginalFileName"",""#text"":""dfssvc.exe""},{""@Name"":""CommandLine"",""#text"":""C:\\Windows\\system32\\dfssvc.exe""},{""@Name"":""CurrentDirectory"",""#text"":""C:\\Windows\\system32\\""},{""@Name"":""User"",""#text"":""NT AUTHORITY\\SYSTEM""},{""@Name"":""LogonGuid"",""#text"":""c9182e32-c31a-69ca-e703-000000000000""},{""@Name"":""LogonId"",""#text"":""0x3E7""},{""@Name"":""TerminalSessionId"",""#text"":""0""},{""@Name"":""IntegrityLevel"",""#text"":""System""},{""@Name"":""Hashes"",""#text"":""MD5=77384089F6381A6B236E8C38AA12401D,SHA256=C4C669FC2E4600376C5D2E12920321A9D0BB5B42BDD147BCCE9AF2C40EC47396,IMPHASH=A610B34FAEE1B923F41DEE0461C80115""},{""@Name"":""ParentProcessGuid"",""#text"":""c9182e32-c31a-69ca-0b00-000000000900""},{""@Name"":""ParentProcessId"",""#text"":""716""},{""@Name"":""ParentImage"",""#text"":""C:\\Windows\\System32\\services.exe""},{""@Name"":""ParentCommandLine"",""#text"":""C:\\Windows\\system32\\services.exe""},{""@Name"":""ParentUser"",""#text"":""NT AUTHORITY\\SYSTEM""}]}}"
164,164,2026-03-30 18:38:30.7884086,1,Info,Microsoft-Windows-Sysmon,Microsoft-Windows-Sysmon/Operational,2448,4460,DC01.corp.local,3,S-1-5-18,Process creation,NT AUTHORITY\SYSTEM,,"ProcessID: 3380, ProcessGUID: c9182e32-c326-69ca-4e00-000000000900",RuleName: -,"MD5=3B98DFC0C33F40B96233643489875E0E,SHA256=21996443CB7B50F08C61B867568D97A60D04CBB1C900749F977BFDFD8EBA6968,IMPHASH=1E3497A6C972ECDF6D2F8E3C98A2101E",ParentProcess: C:\Program Files\VMware\VMware Tools\vm3dservice.exe,"ParentProcessID: 2276, ParentProcessGUID: c9182e32-c326-69ca-4600-000000000900","ParentCommandLine: ""C:\Program Files\VMware\VMware Tools\vm3dservice.exe""","""C:\Program Files\VMware\VMware Tools\vm3dservice.exe"" -n",False,C:\Users\owunc\Desktop\lab_logs\DC_Sysmon_ws.evtx,Classic,0,"{""EventData"":{""Data"":[{""@Name"":""RuleName"",""#text"":""-""},{""@Name"":""UtcTime"",""#text"":""2026-03-30 18:38:30.217""},{""@Name"":""ProcessGuid"",""#text"":""c9182e32-c326-69ca-4e00-000000000900""},{""@Name"":""ProcessId"",""#text"":""3380""},{""@Name"":""Image"",""#text"":""C:\\Program Files\\VMware\\VMware Tools\\vm3dservice.exe""},{""@Name"":""FileVersion"",""#text"":""9.17.09.0004""},{""@Name"":""Description"",""#text"":""VMware SVGA Helper Service""},{""@Name"":""Product"",""#text"":""VMware SVGA 3D""},{""@Name"":""Company"",""#text"":""Broadcom Inc.""},{""@Name"":""OriginalFileName"",""#text"":""vm3dservice.exe""},{""@Name"":""CommandLine"",""#text"":""\""C:\\Program Files\\VMware\\VMware Tools\\vm3dservice.exe\"" -n""},{""@Name"":""CurrentDirectory"",""#text"":""C:\\Windows\\system32\\""},{""@Name"":""User"",""#text"":""NT AUTHORITY\\SYSTEM""},{""@Name"":""LogonGuid"",""#text"":""c9182e32-c31a-69ca-e703-000000000000""},{""@Name"":""LogonId"",""#text"":""0x3E7""},{""@Name"":""TerminalSessionId"",""#text"":""1""},{""@Name"":""IntegrityLevel"",""#text"":""System""},{""@Name"":""Hashes"",""#text"":""MD5=3B98DFC0C33F40B96233643489875E0E,SHA256=21996443CB7B50F08C61B867568D97A60D04CBB1C900749F977BFDFD8EBA6968,IMPHASH=1E3497A6C972ECDF6D2F8E3C98A2101E""},{""@Name"":""ParentProcessGuid"",""#text"":""c9182e32-c326-69ca-4600-000000000900""},{""@Name"":""ParentProcessId"",""#text"":""2276""},{""@Name"":""ParentImage"",""#text"":""C:\\Program Files\\VMware\\VMware Tools\\vm3dservice.exe""},{""@Name"":""ParentCommandLine"",""#text"":""\""C:\\Program Files\\VMware\\VMware Tools\\vm3dservice.exe\""""},{""@Name"":""ParentUser"",""#text"":""NT AUTHORITY\\SYSTEM""}]}}"
165,165,2026-03-30 18:38:30.8067572,1,Info,Microsoft-Windows-Sysmon,Microsoft-Windows-Sysmon/Operational,2448,4460,DC01.corp.local,3,S-1-5-18,Process creation,NT AUTHORITY\SYSTEM,,"ProcessID: 3588, ProcessGUID: c9182e32-c326-69ca-5100-000000000900",RuleName: -,"MD5=1D8FA60FB5D8AEBF67507E172695AED6,SHA256=FC37ACC2B6193AC8F6002675011FE38822C1432EEE24D90F4B663B65423540F8,IMPHASH=508B28D8EF469F396C7EE677064EEB72",ParentProcess: C:\Windows\System32\svchost.exe,"ParentProcessID: 948, ParentProcessGUID: c9182e32-c31b-69ca-0d00-000000000900",ParentCommandLine: C:\Windows\system32\svchost.exe -k DcomLaunch -p,C:\Windows\System32\vdsldr.exe -Embedding,False,C:\Users\owunc\Desktop\lab_logs\DC_Sysmon_ws.evtx,Classic,0,"{""EventData"":{""Data"":[{""@Name"":""RuleName"",""#text"":""-""},{""@Name"":""UtcTime"",""#text"":""2026-03-30 18:38:30.289""},{""@Name"":""ProcessGuid"",""#text"":""c9182e32-c326-69ca-5100-000000000900""},{""@Name"":""ProcessId"",""#text"":""3588""},{""@Name"":""Image"",""#text"":""C:\\Windows\\System32\\vdsldr.exe""},{""@Name"":""FileVersion"",""#text"":""10.0.20348.202 (WinBuild.160101.0800)""},{""@Name"":""Description"",""#text"":""Virtual Disk Service Loader""},{""@Name"":""Product"",""#text"":""Microsoft® Windows® Operating System""},{""@Name"":""Company"",""#text"":""Microsoft Corporation""},{""@Name"":""OriginalFileName"",""#text"":""vdsldr.exe""},{""@Name"":""CommandLine"",""#text"":""C:\\Windows\\System32\\vdsldr.exe -Embedding""},{""@Name"":""CurrentDirectory"",""#text"":""C:\\Windows\\system32\\""},{""@Name"":""User"",""#text"":""NT AUTHORITY\\SYSTEM""},{""@Name"":""LogonGuid"",""#text"":""c9182e32-c31a-69ca-e703-000000000000""},{""@Name"":""LogonId"",""#text"":""0x3E7""},{""@Name"":""TerminalSessionId"",""#text"":""0""},{""@Name"":""IntegrityLevel"",""#text"":""System""},{""@Name"":""Hashes"",""#text"":""MD5=1D8FA60FB5D8AEBF67507E172695AED6,SHA256=FC37ACC2B6193AC8F6002675011FE38822C1432EEE24D90F4B663B65423540F8,IMPHASH=508B28D8EF469F396C7EE677064EEB72""},{""@Name"":""ParentProcessGuid"",""#text"":""c9182e32-c31b-69ca-0d00-000000000900""},{""@Name"":""ParentProcessId"",""#text"":""948""},{""@Name"":""ParentImage"",""#text"":""C:\\Windows\\System32\\svchost.exe""},{""@Name"":""ParentCommandLine"",""#text"":""C:\\Windows\\system32\\svchost.exe -k DcomLaunch -p""},{""@Name"":""ParentUser"",""#text"":""NT AUTHORITY\\SYSTEM""}]}}"
166,166,2026-03-30 18:38:30.8205586,1,Info,Microsoft-Windows-Sysmon,Microsoft-Windows-Sysmon/Operational,2448,4460,DC01.corp.local,3,S-1-5-18,Process creation,NT AUTHORITY\SYSTEM,,"ProcessID: 3620, ProcessGUID: c9182e32-c326-69ca-5200-000000000900",RuleName: -,"MD5=D7CB8E3F066A905953736E3DD48B8774,SHA256=ECF20772859E08949B2416318594C200DE521CA041417E5C5C9BFCE4D64B5885,IMPHASH=A5B934DA9905CE9C59730613ADC102D3",ParentProcess: C:\Windows\System32\svchost.exe,"ParentProcessID: 2928, ParentProcessGUID: c9182e32-c326-69ca-3700-000000000900",ParentCommandLine: C:\Windows\System32\svchost.exe -k utcsvc -p,AggregatorHost.exe,False,C:\Users\owunc\Desktop\lab_logs\DC_Sysmon_ws.evtx,Classic,0,"{""EventData"":{""Data"":[{""@Name"":""RuleName"",""#text"":""-""},{""@Name"":""UtcTime"",""#text"":""2026-03-30 18:38:30.300""},{""@Name"":""ProcessGuid"",""#text"":""c9182e32-c326-69ca-5200-000000000900""},{""@Name"":""ProcessId"",""#text"":""3620""},{""@Name"":""Image"",""#text"":""C:\\Windows\\System32\\AggregatorHost.exe""},{""@Name"":""FileVersion"",""#text"":""-""},{""@Name"":""Description"",""#text"":""-""},{""@Name"":""Product"",""#text"":""-""},{""@Name"":""Company"",""#text"":""-""},{""@Name"":""OriginalFileName"",""#text"":""-""},{""@Name"":""CommandLine"",""#text"":""AggregatorHost.exe""},{""@Name"":""CurrentDirectory"",""#text"":""C:\\Windows\\system32\\""},{""@Name"":""User"",""#text"":""NT AUTHORITY\\SYSTEM""},{""@Name"":""LogonGuid"",""#text"":""c9182e32-c31a-69ca-e703-000000000000""},{""@Name"":""LogonId"",""#text"":""0x3E7""},{""@Name"":""TerminalSessionId"",""#text"":""0""},{""@Name"":""IntegrityLevel"",""#text"":""System""},{""@Name"":""Hashes"",""#text"":""MD5=D7CB8E3F066A905953736E3DD48B8774,SHA256=ECF20772859E08949B2416318594C200DE521CA041417E5C5C9BFCE4D64B5885,IMPHASH=A5B934DA9905CE9C59730613ADC102D3""},{""@Name"":""ParentProcessGuid"",""#text"":""c9182e32-c326-69ca-3700-000000000900""},{""@Name"":""ParentProcessId"",""#text"":""2928""},{""@Name"":""ParentImage"",""#text"":""C:\\Windows\\System32\\svchost.exe""},{""@Name"":""ParentCommandLine"",""#text"":""C:\\Windows\\System32\\svchost.exe -k utcsvc -p""},{""@Name"":""ParentUser"",""#text"":""NT AUTHORITY\\SYSTEM""}]}}"
167,167,2026-03-30 18:38:30.8463155,1,Info,Microsoft-Windows-Sysmon,Microsoft-Windows-Sysmon/Operational,2448,4460,DC01.corp.local,3,S-1-5-18,Process creation,NT AUTHORITY\SYSTEM,,"ProcessID: 3844, ProcessGUID: c9182e32-c326-69ca-5400-000000000900",RuleName: -,"MD5=A8487CEE7D831EAD54F2D29688D09C92,SHA256=E21E852CC30BBD84D3E85545C0B44A38130027238076A7559A9C3A990F254B0A,IMPHASH=6741B70098A1057A0E7AA9AA14DD175B",ParentProcess: C:\Windows\System32\services.exe,"ParentProcessID: 716, ParentProcessGUID: c9182e32-c31a-69ca-0b00-000000000900",ParentCommandLine: C:\Windows\system32\services.exe,C:\Windows\System32\vds.exe,False,C:\Users\owunc\Desktop\lab_logs\DC_Sysmon_ws.evtx,Classic,0,"{""EventData"":{""Data"":[{""@Name"":""RuleName"",""#text"":""-""},{""@Name"":""UtcTime"",""#text"":""2026-03-30 18:38:30.410""},{""@Name"":""ProcessGuid"",""#text"":""c9182e32-c326-69ca-5400-000000000900""},{""@Name"":""ProcessId"",""#text"":""3844""},{""@Name"":""Image"",""#text"":""C:\\Windows\\System32\\vds.exe""},{""@Name"":""FileVersion"",""#text"":""10.0.20348.202 (WinBuild.160101.0800)""},{""@Name"":""Description"",""#text"":""Virtual Disk Service""},{""@Name"":""Product"",""#text"":""Microsoft® Windows® Operating System""},{""@Name"":""Company"",""#text"":""Microsoft Corporation""},{""@Name"":""OriginalFileName"",""#text"":""vds.exe""},{""@Name"":""CommandLine"",""#text"":""C:\\Windows\\System32\\vds.exe""},{""@Name"":""CurrentDirectory"",""#text"":""C:\\Windows\\system32\\""},{""@Name"":""User"",""#text"":""NT AUTHORITY\\SYSTEM""},{""@Name"":""LogonGuid"",""#text"":""c9182e32-c31a-69ca-e703-000000000000""},{""@Name"":""LogonId"",""#text"":""0x3E7""},{""@Name"":""TerminalSessionId"",""#text"":""0""},{""@Name"":""IntegrityLevel"",""#text"":""System""},{""@Name"":""Hashes"",""#text"":""MD5=A8487CEE7D831EAD54F2D29688D09C92,SHA256=E21E852CC30BBD84D3E85545C0B44A38130027238076A7559A9C3A990F254B0A,IMPHASH=6741B70098A1057A0E7AA9AA14DD175B""},{""@Name"":""ParentProcessGuid"",""#text"":""c9182e32-c31a-69ca-0b00-000000000900""},{""@Name"":""ParentProcessId"",""#text"":""716""},{""@Name"":""ParentImage"",""#text"":""C:\\Windows\\System32\\services.exe""},{""@Name"":""ParentCommandLine"",""#text"":""C:\\Windows\\system32\\services.exe""},{""@Name"":""ParentUser"",""#text"":""NT AUTHORITY\\SYSTEM""}]}}"
168,168,2026-03-30 18:38:30.8477262,11,Info,Microsoft-Windows-Sysmon,Microsoft-Windows-Sysmon/Operational,2448,4460,DC01.corp.local,3,S-1-5-18,FileCreate,NT AUTHORITY\SYSTEM,,"ProcessID: 2084, ProcessGUID: c9182e32-c326-69ca-4900-000000000900",RuleName: -,Image: C:\Windows\system32\svchost.exe,TargetFilename: C:\Windows\System32\wbem\Repository\WRITABLE.TST,,,,False,C:\Users\owunc\Desktop\lab_logs\DC_Sysmon_ws.evtx,Classic,0,"{""EventData"":{""Data"":[{""@Name"":""RuleName"",""#text"":""-""},{""@Name"":""UtcTime"",""#text"":""2026-03-30 18:38:30.421""},{""@Name"":""ProcessGuid"",""#text"":""c9182e32-c326-69ca-4900-000000000900""},{""@Name"":""ProcessId"",""#text"":""2084""},{""@Name"":""Image"",""#text"":""C:\\Windows\\system32\\svchost.exe""},{""@Name"":""TargetFilename"",""#text"":""C:\\Windows\\System32\\wbem\\Repository\\WRITABLE.TST""},{""@Name"":""CreationUtcTime"",""#text"":""2026-03-30 18:38:30.421""},{""@Name"":""User"",""#text"":""NT AUTHORITY\\SYSTEM""}]}}"
169,169,2026-03-30 18:38:30.9148104,13,Info,Microsoft-Windows-Sysmon,Microsoft-Windows-Sysmon/Operational,2448,4460,DC01.corp.local,3,S-1-5-18,RegistryEvent (Value Set),NT AUTHORITY\SYSTEM,,"ProcessID: 716, ProcessGUID: c9182e32-c31a-69ca-0b00-000000000900","RuleName: T1031,T1050",Image: C:\Windows\system32\services.exe,EventType: SetValue,TargetObject: HKLM\System\CurrentControlSet\Services\MDCoreSvc\Start,Details: DWORD (0x00000002),,False,C:\Users\owunc\Desktop\lab_logs\DC_Sysmon_ws.evtx,Classic,0,"{""EventData"":{""Data"":[{""@Name"":""RuleName"",""#text"":""T1031,T1050""},{""@Name"":""EventType"",""#text"":""SetValue""},{""@Name"":""UtcTime"",""#text"":""2026-03-30 18:38:30.515""},{""@Name"":""ProcessGuid"",""#text"":""c9182e32-c31a-69ca-0b00-000000000900""},{""@Name"":""ProcessId"",""#text"":""716""},{""@Name"":""Image"",""#text"":""C:\\Windows\\system32\\services.exe""},{""@Name"":""TargetObject"",""#text"":""HKLM\\System\\CurrentControlSet\\Services\\MDCoreSvc\\Start""},{""@Name"":""Details"",""#text"":""DWORD (0x00000002)""},{""@Name"":""User"",""#text"":""NT AUTHORITY\\SYSTEM""}]}}"
170,170,2026-03-30 18:38:30.9161579,1,Info,Microsoft-Windows-Sysmon,Microsoft-Windows-Sysmon/Operational,2448,4460,DC01.corp.local,3,S-1-5-18,Process creation,NT AUTHORITY\SYSTEM,,"ProcessID: 4040, ProcessGUID: c9182e32-c326-69ca-5500-000000000900",RuleName: -,"MD5=9041407BE0BDCA2858AEBAD19E63EB14,SHA256=2BFCE8F56E3270DE28E13FF0C001FD8169223AAA21E12DDF68448E72F697FC48,IMPHASH=F201BCA438D2C46D950FC1DDB0A66687",ParentProcess: C:\ProgramData\Microsoft\Windows Defender\Platform\4.18.26020.6-0\MsMpEng.exe,"ParentProcessID: 2444, ParentProcessGUID: c9182e32-c326-69ca-4800-000000000900","ParentCommandLine: ""C:\ProgramData\Microsoft\Windows Defender\Platform\4.18.26020.6-0\MsMpEng.exe""","C:\Windows\system32\wevtutil.exe uninstall-manifest ""C:\ProgramData\Microsoft\Windows Defender\Platform\4.18.26020.6-0\Microsoft-Antimalware-AMFilter.man""",False,C:\Users\owunc\Desktop\lab_logs\DC_Sysmon_ws.evtx,Classic,0,"{""EventData"":{""Data"":[{""@Name"":""RuleName"",""#text"":""-""},{""@Name"":""UtcTime"",""#text"":""2026-03-30 18:38:30.533""},{""@Name"":""ProcessGuid"",""#text"":""c9182e32-c326-69ca-5500-000000000900""},{""@Name"":""ProcessId"",""#text"":""4040""},{""@Name"":""Image"",""#text"":""C:\\Windows\\System32\\wevtutil.exe""},{""@Name"":""FileVersion"",""#text"":""10.0.20348.1 (WinBuild.160101.0800)""},{""@Name"":""Description"",""#text"":""Eventing Command Line Utility""},{""@Name"":""Product"",""#text"":""Microsoft® Windows® Operating System""},{""@Name"":""Company"",""#text"":""Microsoft Corporation""},{""@Name"":""OriginalFileName"",""#text"":""wevtutil.exe""},{""@Name"":""CommandLine"",""#text"":""C:\\Windows\\system32\\wevtutil.exe uninstall-manifest \""C:\\ProgramData\\Microsoft\\Windows Defender\\Platform\\4.18.26020.6-0\\Microsoft-Antimalware-AMFilter.man\""""},{""@Name"":""CurrentDirectory"",""#text"":""C:\\Windows\\system32\\""},{""@Name"":""User"",""#text"":""NT AUTHORITY\\SYSTEM""},{""@Name"":""LogonGuid"",""#text"":""c9182e32-c31a-69ca-e703-000000000000""},{""@Name"":""LogonId"",""#text"":""0x3E7""},{""@Name"":""TerminalSessionId"",""#text"":""0""},{""@Name"":""IntegrityLevel"",""#text"":""System""},{""@Name"":""Hashes"",""#text"":""MD5=9041407BE0BDCA2858AEBAD19E63EB14,SHA256=2BFCE8F56E3270DE28E13FF0C001FD8169223AAA21E12DDF68448E72F697FC48,IMPHASH=F201BCA438D2C46D950FC1DDB0A66687""},{""@Name"":""ParentProcessGuid"",""#text"":""c9182e32-c326-69ca-4800-000000000900""},{""@Name"":""ParentProcessId"",""#text"":""2444""},{""@Name"":""ParentImage"",""#text"":""C:\\ProgramData\\Microsoft\\Windows Defender\\Platform\\4.18.26020.6-0\\MsMpEng.exe""},{""@Name"":""ParentCommandLine"",""#text"":""\""C:\\ProgramData\\Microsoft\\Windows Defender\\Platform\\4.18.26020.6-0\\MsMpEng.exe\""""},{""@Name"":""ParentUser"",""#text"":""NT AUTHORITY\\SYSTEM""}]}}"
171,171,2026-03-30 18:38:30.9169264,1,Info,Microsoft-Windows-Sysmon,Microsoft-Windows-Sysmon/Operational,2448,4460,DC01.corp.local,3,S-1-5-18,Process creation,NT AUTHORITY\SYSTEM,,"ProcessID: 4052, ProcessGUID: c9182e32-c326-69ca-5600-000000000900",RuleName: -,"MD5=69C38FEB621D71A1B86E1FA15F849E95,SHA256=D568D1C238424226EC0B87E726A6BB4789997BB1466EE7EC93EB0CC196F2E41C,IMPHASH=9656E21ED232DDC034DE628B1E2968AD",ParentProcess: C:\Windows\System32\svchost.exe,"ParentProcessID: 948, ParentProcessGUID: c9182e32-c31b-69ca-0d00-000000000900",ParentCommandLine: C:\Windows\system32\svchost.exe -k DcomLaunch -p,C:\Windows\system32\wbem\unsecapp.exe -Embedding,False,C:\Users\owunc\Desktop\lab_logs\DC_Sysmon_ws.evtx,Classic,0,"{""EventData"":{""Data"":[{""@Name"":""RuleName"",""#text"":""-""},{""@Name"":""UtcTime"",""#text"":""2026-03-30 18:38:30.538""},{""@Name"":""ProcessGuid"",""#text"":""c9182e32-c326-69ca-5600-000000000900""},{""@Name"":""ProcessId"",""#text"":""4052""},{""@Name"":""Image"",""#text"":""C:\\Windows\\System32\\wbem\\unsecapp.exe""},{""@Name"":""FileVersion"",""#text"":""10.0.20348.1 (WinBuild.160101.0800)""},{""@Name"":""Description"",""#text"":""Sink to receive asynchronous callbacks for WMI client application""},{""@Name"":""Product"",""#text"":""Microsoft® Windows® Operating System""},{""@Name"":""Company"",""#text"":""Microsoft Corporation""},{""@Name"":""OriginalFileName"",""#text"":""unsecapp.dll""},{""@Name"":""CommandLine"",""#text"":""C:\\Windows\\system32\\wbem\\unsecapp.exe -Embedding""},{""@Name"":""CurrentDirectory"",""#text"":""C:\\Windows\\system32\\""},{""@Name"":""User"",""#text"":""NT AUTHORITY\\SYSTEM""},{""@Name"":""LogonGuid"",""#text"":""c9182e32-c31a-69ca-e703-000000000000""},{""@Name"":""LogonId"",""#text"":""0x3E7""},{""@Name"":""TerminalSessionId"",""#text"":""0""},{""@Name"":""IntegrityLevel"",""#text"":""System""},{""@Name"":""Hashes"",""#text"":""MD5=69C38FEB621D71A1B86E1FA15F849E95,SHA256=D568D1C238424226EC0B87E726A6BB4789997BB1466EE7EC93EB0CC196F2E41C,IMPHASH=9656E21ED232DDC034DE628B1E2968AD""},{""@Name"":""ParentProcessGuid"",""#text"":""c9182e32-c31b-69ca-0d00-000000000900""},{""@Name"":""ParentProcessId"",""#text"":""948""},{""@Name"":""ParentImage"",""#text"":""C:\\Windows\\System32\\svchost.exe""},{""@Name"":""ParentCommandLine"",""#text"":""C:\\Windows\\system32\\svchost.exe -k DcomLaunch -p""},{""@Name"":""ParentUser"",""#text"":""NT AUTHORITY\\SYSTEM""}]}}"
172,172,2026-03-30 18:38:30.9333483,1,Info,Microsoft-Windows-Sysmon,Microsoft-Windows-Sysmon/Operational,2448,4460,DC01.corp.local,3,S-1-5-18,Process creation,NT AUTHORITY\SYSTEM,,"ProcessID: 4200, ProcessGUID: c9182e32-c326-69ca-5a00-000000000900",RuleName: -,"MD5=E89CE4D977963E8734B4E68644F7FC63,SHA256=CE38B4D6208D3D975FFB21E67775F52AD70733FDDB1306EF6D070DDD13B5D193,IMPHASH=777EA90B75B4F80FB2E01F17AFF412ED",ParentProcess: C:\Program Files\VMware\VMware Tools\vmtoolsd.exe,"ParentProcessID: 2380, ParentProcessGUID: c9182e32-c326-69ca-4400-000000000900","ParentCommandLine: ""C:\Program Files\VMware\VMware Tools\vmtoolsd.exe""","""C:\Program Files\VMware\VMware Tools\VMwareResolutionSet.exe"" 0 1 , 0 0 1680 920 0",False,C:\Users\owunc\Desktop\lab_logs\DC_Sysmon_ws.evtx,Classic,0,"{""EventData"":{""Data"":[{""@Name"":""RuleName"",""#text"":""-""},{""@Name"":""UtcTime"",""#text"":""2026-03-30 18:38:30.596""},{""@Name"":""ProcessGuid"",""#text"":""c9182e32-c326-69ca-5a00-000000000900""},{""@Name"":""ProcessId"",""#text"":""4200""},{""@Name"":""Image"",""#text"":""C:\\Program Files\\VMware\\VMware Tools\\VMwareResolutionSet.exe""},{""@Name"":""FileVersion"",""#text"":""13.0.1.0""},{""@Name"":""Description"",""#text"":""VMware Resolution Set""},{""@Name"":""Product"",""#text"":""VMware Tools""},{""@Name"":""Company"",""#text"":""Broadcom Inc.""},{""@Name"":""OriginalFileName"",""#text"":""ResolutionSet.exe""},{""@Name"":""CommandLine"",""#text"":""\""C:\\Program Files\\VMware\\VMware Tools\\VMwareResolutionSet.exe\"" 0 1 , 0 0 1680 920 0""},{""@Name"":""CurrentDirectory"",""#text"":""C:\\Windows\\system32\\""},{""@Name"":""User"",""#text"":""NT AUTHORITY\\SYSTEM""},{""@Name"":""LogonGuid"",""#text"":""c9182e32-c31a-69ca-e703-000000000000""},{""@Name"":""LogonId"",""#text"":""0x3E7""},{""@Name"":""TerminalSessionId"",""#text"":""1""},{""@Name"":""IntegrityLevel"",""#text"":""System""},{""@Name"":""Hashes"",""#text"":""MD5=E89CE4D977963E8734B4E68644F7FC63,SHA256=CE38B4D6208D3D975FFB21E67775F52AD70733FDDB1306EF6D070DDD13B5D193,IMPHASH=777EA90B75B4F80FB2E01F17AFF412ED""},{""@Name"":""ParentProcessGuid"",""#text"":""c9182e32-c326-69ca-4400-000000000900""},{""@Name"":""ParentProcessId"",""#text"":""2380""},{""@Name"":""ParentImage"",""#text"":""C:\\Program Files\\VMware\\VMware Tools\\vmtoolsd.exe""},{""@Name"":""ParentCommandLine"",""#text"":""\""C:\\Program Files\\VMware\\VMware Tools\\vmtoolsd.exe\""""},{""@Name"":""ParentUser"",""#text"":""NT AUTHORITY\\SYSTEM""}]}}"
173,173,2026-03-30 18:38:30.9615739,1,Info,Microsoft-Windows-Sysmon,Microsoft-Windows-Sysmon/Operational,2448,4460,DC01.corp.local,3,S-1-5-18,Process creation,NT AUTHORITY\SYSTEM,,"ProcessID: 4580, ProcessGUID: c9182e32-c326-69ca-5b00-000000000900",RuleName: -,"MD5=EB5ACAC8A6DF89EB6BA751F468490734,SHA256=6633D15A90D38137ABF5E08BC5C14CF35128ECA168E875D9569295ECC88A4DBB,IMPHASH=C1E3C5E2580A8F5AD5F3DF2BCAEA7CAB",ParentProcess: C:\Program Files (x86)\ossec-agent\wazuh-agent.exe,"ParentProcessID: 2520, ParentProcessGUID: c9182e32-c326-69ca-4700-000000000900","ParentCommandLine: ""C:\Program Files (x86)\ossec-agent\wazuh-agent.exe""","powershell secedit /export /cfg $env:TEMP\secpol.cfg; Get-Content $env:TEMP\secpol.cfg | Select-String ""PasswordHistorySize""; Remove-Item $env:TEMP\secpol.cfg",False,C:\Users\owunc\Desktop\lab_logs\DC_Sysmon_ws.evtx,Classic,0,"{""EventData"":{""Data"":[{""@Name"":""RuleName"",""#text"":""-""},{""@Name"":""UtcTime"",""#text"":""2026-03-30 18:38:30.762""},{""@Name"":""ProcessGuid"",""#text"":""c9182e32-c326-69ca-5b00-000000000900""},{""@Name"":""ProcessId"",""#text"":""4580""},{""@Name"":""Image"",""#text"":""C:\\Windows\\SysWOW64\\WindowsPowerShell\\v1.0\\powershell.exe""},{""@Name"":""FileVersion"",""#text"":""10.0.20348.1 (WinBuild.160101.0800)""},{""@Name"":""Description"",""#text"":""Windows PowerShell""},{""@Name"":""Product"",""#text"":""Microsoft® Windows® Operating System""},{""@Name"":""Company"",""#text"":""Microsoft Corporation""},{""@Name"":""OriginalFileName"",""#text"":""PowerShell.EXE""},{""@Name"":""CommandLine"",""#text"":""powershell secedit /export /cfg $env:TEMP\\secpol.cfg; Get-Content $env:TEMP\\secpol.cfg | Select-String \""PasswordHistorySize\""; Remove-Item $env:TEMP\\secpol.cfg""},{""@Name"":""CurrentDirectory"",""#text"":""C:\\Program Files (x86)\\ossec-agent\\""},{""@Name"":""User"",""#text"":""NT AUTHORITY\\SYSTEM""},{""@Name"":""LogonGuid"",""#text"":""c9182e32-c31a-69ca-e703-000000000000""},{""@Name"":""LogonId"",""#text"":""0x3E7""},{""@Name"":""TerminalSessionId"",""#text"":""0""},{""@Name"":""IntegrityLevel"",""#text"":""System""},{""@Name"":""Hashes"",""#text"":""MD5=EB5ACAC8A6DF89EB6BA751F468490734,SHA256=6633D15A90D38137ABF5E08BC5C14CF35128ECA168E875D9569295ECC88A4DBB,IMPHASH=C1E3C5E2580A8F5AD5F3DF2BCAEA7CAB""},{""@Name"":""ParentProcessGuid"",""#text"":""c9182e32-c326-69ca-4700-000000000900""},{""@Name"":""ParentProcessId"",""#text"":""2520""},{""@Name"":""ParentImage"",""#text"":""C:\\Program Files (x86)\\ossec-agent\\wazuh-agent.exe""},{""@Name"":""ParentCommandLine"",""#text"":""\""C:\\Program Files (x86)\\ossec-agent\\wazuh-agent.exe\""""},{""@Name"":""ParentUser"",""#text"":""NT AUTHORITY\\SYSTEM""}]}}"
174,174,2026-03-30 18:38:30.9747895,1,Info,Microsoft-Windows-Sysmon,Microsoft-Windows-Sysmon/Operational,2448,4460,DC01.corp.local,3,S-1-5-18,Process creation,NT AUTHORITY\SYSTEM,,"ProcessID: 4664, ProcessGUID: c9182e32-c326-69ca-5c00-000000000900",RuleName: -,"MD5=464D0D44C67DD965EE607CFCD99A48AB,SHA256=B864B5AF5F77F4A5D0FE8E22B240C34691D49815BC7FE3B7FAC7E1C959CBE528,IMPHASH=6CDFF17098638A6205128AAF982E8871",ParentProcess: C:\Windows\System32\services.exe,"ParentProcessID: 716, ParentProcessGUID: c9182e32-c31a-69ca-0b00-000000000900",ParentCommandLine: C:\Windows\system32\services.exe,C:\Windows\servicing\TrustedInstaller.exe,False,C:\Users\owunc\Desktop\lab_logs\DC_Sysmon_ws.evtx,Classic,0,"{""EventData"":{""Data"":[{""@Name"":""RuleName"",""#text"":""-""},{""@Name"":""UtcTime"",""#text"":""2026-03-30 18:38:30.926""},{""@Name"":""ProcessGuid"",""#text"":""c9182e32-c326-69ca-5c00-000000000900""},{""@Name"":""ProcessId"",""#text"":""4664""},{""@Name"":""Image"",""#text"":""C:\\Windows\\servicing\\TrustedInstaller.exe""},{""@Name"":""FileVersion"",""#text"":""10.0.20348.502 (WinBuild.160101.0800)""},{""@Name"":""Description"",""#text"":""Windows Modules Installer""},{""@Name"":""Product"",""#text"":""Microsoft® Windows® Operating System""},{""@Name"":""Company"",""#text"":""Microsoft Corporation""},{""@Name"":""OriginalFileName"",""#text"":""TrustedInstaller.exe""},{""@Name"":""CommandLine"",""#text"":""C:\\Windows\\servicing\\TrustedInstaller.exe""},{""@Name"":""CurrentDirectory"",""#text"":""C:\\Windows\\system32\\""},{""@Name"":""User"",""#text"":""NT AUTHORITY\\SYSTEM""},{""@Name"":""LogonGuid"",""#text"":""c9182e32-c31a-69ca-e703-000000000000""},{""@Name"":""LogonId"",""#text"":""0x3E7""},{""@Name"":""TerminalSessionId"",""#text"":""0""},{""@Name"":""IntegrityLevel"",""#text"":""System""},{""@Name"":""Hashes"",""#text"":""MD5=464D0D44C67DD965EE607CFCD99A48AB,SHA256=B864B5AF5F77F4A5D0FE8E22B240C34691D49815BC7FE3B7FAC7E1C959CBE528,IMPHASH=6CDFF17098638A6205128AAF982E8871""},{""@Name"":""ParentProcessGuid"",""#text"":""c9182e32-c31a-69ca-0b00-000000000900""},{""@Name"":""ParentProcessId"",""#text"":""716""},{""@Name"":""ParentImage"",""#text"":""C:\\Windows\\System32\\services.exe""},{""@Name"":""ParentCommandLine"",""#text"":""C:\\Windows\\system32\\services.exe""},{""@Name"":""ParentUser"",""#text"":""NT AUTHORITY\\SYSTEM""}]}}"
