718,718,2026-03-30 22:33:20.3482059,1,Info,Microsoft-Windows-Sysmon,Microsoft-Windows-Sysmon/Operational,2448,4460,DC01.corp.local,14,S-1-5-18,Process creation,NT AUTHORITY\SYSTEM,,"ProcessID: 3360, ProcessGUID: c9182e32-fa30-69ca-1802-000000000900",RuleName: -,"MD5=A550295A3AB5A8326F6C697AED19E00E,SHA256=E4645CB6092A470D4A60D04D15E760B9959FF25281E208C737C376F379CBF2CD,IMPHASH=615449A6A25801F47AE0D7578EB950B4",ParentProcess: C:\Windows\SysWOW64\WindowsPowerShell\v1.0\powershell.exe,"ParentProcessID: 864, ParentProcessGUID: c9182e32-fa30-69ca-1602-000000000900","ParentCommandLine: powershell secedit /export /cfg $env:TEMP\secpol.cfg; Get-Content $env:TEMP\secpol.cfg | Select-String ""LockoutBadCount""; Remove-Item $env:TEMP\secpol.cfg","""C:\Windows\system32\SecEdit.exe"" /export /cfg C:\Windows\TEMP\secpol.cfg",False,C:\Users\owunc\Desktop\lab_logs\DC_Sysmon_ws.evtx,Classic,0,"{""EventData"":{""Data"":[{""@Name"":""RuleName"",""#text"":""-""},{""@Name"":""UtcTime"",""#text"":""2026-03-30 22:33:20.346""},{""@Name"":""ProcessGuid"",""#text"":""c9182e32-fa30-69ca-1802-000000000900""},{""@Name"":""ProcessId"",""#text"":""3360""},{""@Name"":""Image"",""#text"":""C:\\Windows\\SysWOW64\\SecEdit.exe""},{""@Name"":""FileVersion"",""#text"":""10.0.20348.1 (WinBuild.160101.0800)""},{""@Name"":""Description"",""#text"":""Windows Security Configuration Editor Command Tool""},{""@Name"":""Product"",""#text"":""Microsoft® Windows® Operating System""},{""@Name"":""Company"",""#text"":""Microsoft Corporation""},{""@Name"":""OriginalFileName"",""#text"":""SeCEdit""},{""@Name"":""CommandLine"",""#text"":""\""C:\\Windows\\system32\\SecEdit.exe\"" /export /cfg C:\\Windows\\TEMP\\secpol.cfg""},{""@Name"":""CurrentDirectory"",""#text"":""C:\\Program Files (x86)\\ossec-agent\\""},{""@Name"":""User"",""#text"":""NT AUTHORITY\\SYSTEM""},{""@Name"":""LogonGuid"",""#text"":""c9182e32-c31a-69ca-e703-000000000000""},{""@Name"":""LogonId"",""#text"":""0x3E7""},{""@Name"":""TerminalSessionId"",""#text"":""0""},{""@Name"":""IntegrityLevel"",""#text"":""System""},{""@Name"":""Hashes"",""#text"":""MD5=A550295A3AB5A8326F6C697AED19E00E,SHA256=E4645CB6092A470D4A60D04D15E760B9959FF25281E208C737C376F379CBF2CD,IMPHASH=615449A6A25801F47AE0D7578EB950B4""},{""@Name"":""ParentProcessGuid"",""#text"":""c9182e32-fa30-69ca-1602-000000000900""},{""@Name"":""ParentProcessId"",""#text"":""864""},{""@Name"":""ParentImage"",""#text"":""C:\\Windows\\SysWOW64\\WindowsPowerShell\\v1.0\\powershell.exe""},{""@Name"":""ParentCommandLine"",""#text"":""powershell secedit /export /cfg $env:TEMP\\secpol.cfg; Get-Content $env:TEMP\\secpol.cfg | Select-String \""LockoutBadCount\""; Remove-Item $env:TEMP\\secpol.cfg""},{""@Name"":""ParentUser"",""#text"":""NT AUTHORITY\\SYSTEM""}]}}"
719,719,2026-03-30 22:33:20.7018392,1,Info,Microsoft-Windows-Sysmon,Microsoft-Windows-Sysmon/Operational,2448,4460,DC01.corp.local,14,S-1-5-18,Process creation,NT AUTHORITY\SYSTEM,,"ProcessID: 7156, ProcessGUID: c9182e32-fa30-69ca-1902-000000000900",RuleName: -,"MD5=EB5ACAC8A6DF89EB6BA751F468490734,SHA256=6633D15A90D38137ABF5E08BC5C14CF35128ECA168E875D9569295ECC88A4DBB,IMPHASH=C1E3C5E2580A8F5AD5F3DF2BCAEA7CAB",ParentProcess: C:\Program Files (x86)\ossec-agent\wazuh-agent.exe,"ParentProcessID: 6760, ParentProcessGUID: c9182e32-fa2b-69ca-fd01-000000000900","ParentCommandLine: ""C:\Program Files (x86)\ossec-agent\wazuh-agent.exe""","powershell secedit /export /cfg $env:TEMP\secpol.cfg; Get-Content $env:TEMP\secpol.cfg | Select-String ""ResetLockoutCount""; Remove-Item $env:TEMP\secpol.cfg",False,C:\Users\owunc\Desktop\lab_logs\DC_Sysmon_ws.evtx,Classic,0,"{""EventData"":{""Data"":[{""@Name"":""RuleName"",""#text"":""-""},{""@Name"":""UtcTime"",""#text"":""2026-03-30 22:33:20.694""},{""@Name"":""ProcessGuid"",""#text"":""c9182e32-fa30-69ca-1902-000000000900""},{""@Name"":""ProcessId"",""#text"":""7156""},{""@Name"":""Image"",""#text"":""C:\\Windows\\SysWOW64\\WindowsPowerShell\\v1.0\\powershell.exe""},{""@Name"":""FileVersion"",""#text"":""10.0.20348.1 (WinBuild.160101.0800)""},{""@Name"":""Description"",""#text"":""Windows PowerShell""},{""@Name"":""Product"",""#text"":""Microsoft® Windows® Operating System""},{""@Name"":""Company"",""#text"":""Microsoft Corporation""},{""@Name"":""OriginalFileName"",""#text"":""PowerShell.EXE""},{""@Name"":""CommandLine"",""#text"":""powershell secedit /export /cfg $env:TEMP\\secpol.cfg; Get-Content $env:TEMP\\secpol.cfg | Select-String \""ResetLockoutCount\""; Remove-Item $env:TEMP\\secpol.cfg""},{""@Name"":""CurrentDirectory"",""#text"":""C:\\Program Files (x86)\\ossec-agent\\""},{""@Name"":""User"",""#text"":""NT AUTHORITY\\SYSTEM""},{""@Name"":""LogonGuid"",""#text"":""c9182e32-c31a-69ca-e703-000000000000""},{""@Name"":""LogonId"",""#text"":""0x3E7""},{""@Name"":""TerminalSessionId"",""#text"":""0""},{""@Name"":""IntegrityLevel"",""#text"":""System""},{""@Name"":""Hashes"",""#text"":""MD5=EB5ACAC8A6DF89EB6BA751F468490734,SHA256=6633D15A90D38137ABF5E08BC5C14CF35128ECA168E875D9569295ECC88A4DBB,IMPHASH=C1E3C5E2580A8F5AD5F3DF2BCAEA7CAB""},{""@Name"":""ParentProcessGuid"",""#text"":""c9182e32-fa2b-69ca-fd01-000000000900""},{""@Name"":""ParentProcessId"",""#text"":""6760""},{""@Name"":""ParentImage"",""#text"":""C:\\Program Files (x86)\\ossec-agent\\wazuh-agent.exe""},{""@Name"":""ParentCommandLine"",""#text"":""\""C:\\Program Files (x86)\\ossec-agent\\wazuh-agent.exe\""""},{""@Name"":""ParentUser"",""#text"":""NT AUTHORITY\\SYSTEM""}]}}"
720,720,2026-03-30 22:33:20.7697203,11,Info,Microsoft-Windows-Sysmon,Microsoft-Windows-Sysmon/Operational,2448,4460,DC01.corp.local,14,S-1-5-18,FileCreate,NT AUTHORITY\SYSTEM,,"ProcessID: 7156, ProcessGUID: c9182e32-fa30-69ca-1902-000000000900",RuleName: -,Image: C:\Windows\SysWOW64\WindowsPowerShell\v1.0\powershell.exe,TargetFilename: C:\Windows\Temp\__PSScriptPolicyTest_qic4akc3.rcg.ps1,,,,False,C:\Users\owunc\Desktop\lab_logs\DC_Sysmon_ws.evtx,Classic,0,"{""EventData"":{""Data"":[{""@Name"":""RuleName"",""#text"":""-""},{""@Name"":""UtcTime"",""#text"":""2026-03-30 22:33:20.760""},{""@Name"":""ProcessGuid"",""#text"":""c9182e32-fa30-69ca-1902-000000000900""},{""@Name"":""ProcessId"",""#text"":""7156""},{""@Name"":""Image"",""#text"":""C:\\Windows\\SysWOW64\\WindowsPowerShell\\v1.0\\powershell.exe""},{""@Name"":""TargetFilename"",""#text"":""C:\\Windows\\Temp\\__PSScriptPolicyTest_qic4akc3.rcg.ps1""},{""@Name"":""CreationUtcTime"",""#text"":""2026-03-30 22:33:20.760""},{""@Name"":""User"",""#text"":""NT AUTHORITY\\SYSTEM""}]}}"
721,721,2026-03-30 22:33:20.8799963,1,Info,Microsoft-Windows-Sysmon,Microsoft-Windows-Sysmon/Operational,2448,4460,DC01.corp.local,14,S-1-5-18,Process creation,NT AUTHORITY\SYSTEM,,"ProcessID: 2480, ProcessGUID: c9182e32-fa30-69ca-1b02-000000000900",RuleName: -,"MD5=A550295A3AB5A8326F6C697AED19E00E,SHA256=E4645CB6092A470D4A60D04D15E760B9959FF25281E208C737C376F379CBF2CD,IMPHASH=615449A6A25801F47AE0D7578EB950B4",ParentProcess: C:\Windows\SysWOW64\WindowsPowerShell\v1.0\powershell.exe,"ParentProcessID: 7156, ParentProcessGUID: c9182e32-fa30-69ca-1902-000000000900","ParentCommandLine: powershell secedit /export /cfg $env:TEMP\secpol.cfg; Get-Content $env:TEMP\secpol.cfg | Select-String ""ResetLockoutCount""; Remove-Item $env:TEMP\secpol.cfg","""C:\Windows\system32\SecEdit.exe"" /export /cfg C:\Windows\TEMP\secpol.cfg",False,C:\Users\owunc\Desktop\lab_logs\DC_Sysmon_ws.evtx,Classic,0,"{""EventData"":{""Data"":[{""@Name"":""RuleName"",""#text"":""-""},{""@Name"":""UtcTime"",""#text"":""2026-03-30 22:33:20.878""},{""@Name"":""ProcessGuid"",""#text"":""c9182e32-fa30-69ca-1b02-000000000900""},{""@Name"":""ProcessId"",""#text"":""2480""},{""@Name"":""Image"",""#text"":""C:\\Windows\\SysWOW64\\SecEdit.exe""},{""@Name"":""FileVersion"",""#text"":""10.0.20348.1 (WinBuild.160101.0800)""},{""@Name"":""Description"",""#text"":""Windows Security Configuration Editor Command Tool""},{""@Name"":""Product"",""#text"":""Microsoft® Windows® Operating System""},{""@Name"":""Company"",""#text"":""Microsoft Corporation""},{""@Name"":""OriginalFileName"",""#text"":""SeCEdit""},{""@Name"":""CommandLine"",""#text"":""\""C:\\Windows\\system32\\SecEdit.exe\"" /export /cfg C:\\Windows\\TEMP\\secpol.cfg""},{""@Name"":""CurrentDirectory"",""#text"":""C:\\Program Files (x86)\\ossec-agent\\""},{""@Name"":""User"",""#text"":""NT AUTHORITY\\SYSTEM""},{""@Name"":""LogonGuid"",""#text"":""c9182e32-c31a-69ca-e703-000000000000""},{""@Name"":""LogonId"",""#text"":""0x3E7""},{""@Name"":""TerminalSessionId"",""#text"":""0""},{""@Name"":""IntegrityLevel"",""#text"":""System""},{""@Name"":""Hashes"",""#text"":""MD5=A550295A3AB5A8326F6C697AED19E00E,SHA256=E4645CB6092A470D4A60D04D15E760B9959FF25281E208C737C376F379CBF2CD,IMPHASH=615449A6A25801F47AE0D7578EB950B4""},{""@Name"":""ParentProcessGuid"",""#text"":""c9182e32-fa30-69ca-1902-000000000900""},{""@Name"":""ParentProcessId"",""#text"":""7156""},{""@Name"":""ParentImage"",""#text"":""C:\\Windows\\SysWOW64\\WindowsPowerShell\\v1.0\\powershell.exe""},{""@Name"":""ParentCommandLine"",""#text"":""powershell secedit /export /cfg $env:TEMP\\secpol.cfg; Get-Content $env:TEMP\\secpol.cfg | Select-String \""ResetLockoutCount\""; Remove-Item $env:TEMP\\secpol.cfg""},{""@Name"":""ParentUser"",""#text"":""NT AUTHORITY\\SYSTEM""}]}}"
722,722,2026-03-30 22:33:21.2176836,1,Info,Microsoft-Windows-Sysmon,Microsoft-Windows-Sysmon/Operational,2448,4460,DC01.corp.local,14,S-1-5-18,Process creation,NT AUTHORITY\SYSTEM,,"ProcessID: 1288, ProcessGUID: c9182e32-fa31-69ca-1c02-000000000900",RuleName: -,"MD5=EB5ACAC8A6DF89EB6BA751F468490734,SHA256=6633D15A90D38137ABF5E08BC5C14CF35128ECA168E875D9569295ECC88A4DBB,IMPHASH=C1E3C5E2580A8F5AD5F3DF2BCAEA7CAB",ParentProcess: C:\Program Files (x86)\ossec-agent\wazuh-agent.exe,"ParentProcessID: 6760, ParentProcessGUID: c9182e32-fa2b-69ca-fd01-000000000900","ParentCommandLine: ""C:\Program Files (x86)\ossec-agent\wazuh-agent.exe""","powershell -NoProfile -Command ""[bool](Get-CimInstance -Query 'SELECT * FROM Win32_UserAccount WHERE LocalAccount = TRUE AND SID LIKE ''S-1-5-21-%%-501''' | Where-Object -Property Disabled)""",False,C:\Users\owunc\Desktop\lab_logs\DC_Sysmon_ws.evtx,Classic,0,"{""EventData"":{""Data"":[{""@Name"":""RuleName"",""#text"":""-""},{""@Name"":""UtcTime"",""#text"":""2026-03-30 22:33:21.211""},{""@Name"":""ProcessGuid"",""#text"":""c9182e32-fa31-69ca-1c02-000000000900""},{""@Name"":""ProcessId"",""#text"":""1288""},{""@Name"":""Image"",""#text"":""C:\\Windows\\SysWOW64\\WindowsPowerShell\\v1.0\\powershell.exe""},{""@Name"":""FileVersion"",""#text"":""10.0.20348.1 (WinBuild.160101.0800)""},{""@Name"":""Description"",""#text"":""Windows PowerShell""},{""@Name"":""Product"",""#text"":""Microsoft® Windows® Operating System""},{""@Name"":""Company"",""#text"":""Microsoft Corporation""},{""@Name"":""OriginalFileName"",""#text"":""PowerShell.EXE""},{""@Name"":""CommandLine"",""#text"":""powershell -NoProfile -Command \""[bool](Get-CimInstance -Query 'SELECT * FROM Win32_UserAccount WHERE LocalAccount = TRUE AND SID LIKE ''S-1-5-21-%%-501''' | Where-Object -Property Disabled)\""""},{""@Name"":""CurrentDirectory"",""#text"":""C:\\Program Files (x86)\\ossec-agent\\""},{""@Name"":""User"",""#text"":""NT AUTHORITY\\SYSTEM""},{""@Name"":""LogonGuid"",""#text"":""c9182e32-c31a-69ca-e703-000000000000""},{""@Name"":""LogonId"",""#text"":""0x3E7""},{""@Name"":""TerminalSessionId"",""#text"":""0""},{""@Name"":""IntegrityLevel"",""#text"":""System""},{""@Name"":""Hashes"",""#text"":""MD5=EB5ACAC8A6DF89EB6BA751F468490734,SHA256=6633D15A90D38137ABF5E08BC5C14CF35128ECA168E875D9569295ECC88A4DBB,IMPHASH=C1E3C5E2580A8F5AD5F3DF2BCAEA7CAB""},{""@Name"":""ParentProcessGuid"",""#text"":""c9182e32-fa2b-69ca-fd01-000000000900""},{""@Name"":""ParentProcessId"",""#text"":""6760""},{""@Name"":""ParentImage"",""#text"":""C:\\Program Files (x86)\\ossec-agent\\wazuh-agent.exe""},{""@Name"":""ParentCommandLine"",""#text"":""\""C:\\Program Files (x86)\\ossec-agent\\wazuh-agent.exe\""""},{""@Name"":""ParentUser"",""#text"":""NT AUTHORITY\\SYSTEM""}]}}"
723,723,2026-03-30 22:33:21.2843438,11,Info,Microsoft-Windows-Sysmon,Microsoft-Windows-Sysmon/Operational,2448,4460,DC01.corp.local,14,S-1-5-18,FileCreate,NT AUTHORITY\SYSTEM,,"ProcessID: 1288, ProcessGUID: c9182e32-fa31-69ca-1c02-000000000900",RuleName: -,Image: C:\Windows\SysWOW64\WindowsPowerShell\v1.0\powershell.exe,TargetFilename: C:\Windows\Temp\__PSScriptPolicyTest_j335hq2p.11k.ps1,,,,False,C:\Users\owunc\Desktop\lab_logs\DC_Sysmon_ws.evtx,Classic,0,"{""EventData"":{""Data"":[{""@Name"":""RuleName"",""#text"":""-""},{""@Name"":""UtcTime"",""#text"":""2026-03-30 22:33:21.276""},{""@Name"":""ProcessGuid"",""#text"":""c9182e32-fa31-69ca-1c02-000000000900""},{""@Name"":""ProcessId"",""#text"":""1288""},{""@Name"":""Image"",""#text"":""C:\\Windows\\SysWOW64\\WindowsPowerShell\\v1.0\\powershell.exe""},{""@Name"":""TargetFilename"",""#text"":""C:\\Windows\\Temp\\__PSScriptPolicyTest_j335hq2p.11k.ps1""},{""@Name"":""CreationUtcTime"",""#text"":""2026-03-30 22:33:21.276""},{""@Name"":""User"",""#text"":""NT AUTHORITY\\SYSTEM""}]}}"
724,724,2026-03-30 22:33:21.6558820,11,Info,Microsoft-Windows-Sysmon,Microsoft-Windows-Sysmon/Operational,2448,4460,DC01.corp.local,14,S-1-5-18,FileCreate,NT AUTHORITY\SYSTEM,,"ProcessID: 1288, ProcessGUID: c9182e32-fa31-69ca-1c02-000000000900",RuleName: -,Image: C:\Windows\SysWOW64\WindowsPowerShell\v1.0\powershell.exe,TargetFilename: C:\Windows\Temp\__PSScriptPolicyTest_osxqmq5b.ccm.ps1,,,,False,C:\Users\owunc\Desktop\lab_logs\DC_Sysmon_ws.evtx,Classic,0,"{""EventData"":{""Data"":[{""@Name"":""RuleName"",""#text"":""-""},{""@Name"":""UtcTime"",""#text"":""2026-03-30 22:33:21.651""},{""@Name"":""ProcessGuid"",""#text"":""c9182e32-fa31-69ca-1c02-000000000900""},{""@Name"":""ProcessId"",""#text"":""1288""},{""@Name"":""Image"",""#text"":""C:\\Windows\\SysWOW64\\WindowsPowerShell\\v1.0\\powershell.exe""},{""@Name"":""TargetFilename"",""#text"":""C:\\Windows\\Temp\\__PSScriptPolicyTest_osxqmq5b.ccm.ps1""},{""@Name"":""CreationUtcTime"",""#text"":""2026-03-30 22:33:21.651""},{""@Name"":""User"",""#text"":""NT AUTHORITY\\SYSTEM""}]}}"
725,725,2026-03-30 22:33:22.0083965,1,Info,Microsoft-Windows-Sysmon,Microsoft-Windows-Sysmon/Operational,2448,4460,DC01.corp.local,14,S-1-5-18,Process creation,NT AUTHORITY\SYSTEM,,"ProcessID: 4624, ProcessGUID: c9182e32-fa32-69ca-1e02-000000000900",RuleName: -,"MD5=25E4C7D70BC2817AEEC93BD69BB16657,SHA256=949524A22555305B1DE6ECD8D69A21466E7B4F6354F31B951A1A3DDD6E72E042,IMPHASH=6C829877160814FC33B041AB46ABAC59",ParentProcess: C:\Program Files (x86)\ossec-agent\wazuh-agent.exe,"ParentProcessID: 6760, ParentProcessGUID: c9182e32-fa2b-69ca-fd01-000000000900","ParentCommandLine: ""C:\Program Files (x86)\ossec-agent\wazuh-agent.exe""",net user,False,C:\Users\owunc\Desktop\lab_logs\DC_Sysmon_ws.evtx,Classic,0,"{""EventData"":{""Data"":[{""@Name"":""RuleName"",""#text"":""-""},{""@Name"":""UtcTime"",""#text"":""2026-03-30 22:33:22.005""},{""@Name"":""ProcessGuid"",""#text"":""c9182e32-fa32-69ca-1e02-000000000900""},{""@Name"":""ProcessId"",""#text"":""4624""},{""@Name"":""Image"",""#text"":""C:\\Windows\\SysWOW64\\net.exe""},{""@Name"":""FileVersion"",""#text"":""10.0.20348.1 (WinBuild.160101.0800)""},{""@Name"":""Description"",""#text"":""Net Command""},{""@Name"":""Product"",""#text"":""Microsoft® Windows® Operating System""},{""@Name"":""Company"",""#text"":""Microsoft Corporation""},{""@Name"":""OriginalFileName"",""#text"":""net.exe""},{""@Name"":""CommandLine"",""#text"":""net user""},{""@Name"":""CurrentDirectory"",""#text"":""C:\\Program Files (x86)\\ossec-agent\\""},{""@Name"":""User"",""#text"":""NT AUTHORITY\\SYSTEM""},{""@Name"":""LogonGuid"",""#text"":""c9182e32-c31a-69ca-e703-000000000000""},{""@Name"":""LogonId"",""#text"":""0x3E7""},{""@Name"":""TerminalSessionId"",""#text"":""0""},{""@Name"":""IntegrityLevel"",""#text"":""System""},{""@Name"":""Hashes"",""#text"":""MD5=25E4C7D70BC2817AEEC93BD69BB16657,SHA256=949524A22555305B1DE6ECD8D69A21466E7B4F6354F31B951A1A3DDD6E72E042,IMPHASH=6C829877160814FC33B041AB46ABAC59""},{""@Name"":""ParentProcessGuid"",""#text"":""c9182e32-fa2b-69ca-fd01-000000000900""},{""@Name"":""ParentProcessId"",""#text"":""6760""},{""@Name"":""ParentImage"",""#text"":""C:\\Program Files (x86)\\ossec-agent\\wazuh-agent.exe""},{""@Name"":""ParentCommandLine"",""#text"":""\""C:\\Program Files (x86)\\ossec-agent\\wazuh-agent.exe\""""},{""@Name"":""ParentUser"",""#text"":""NT AUTHORITY\\SYSTEM""}]}}"
726,726,2026-03-30 22:33:22.0347395,1,Info,Microsoft-Windows-Sysmon,Microsoft-Windows-Sysmon/Operational,2448,4460,DC01.corp.local,14,S-1-5-18,Process creation,NT AUTHORITY\SYSTEM,,"ProcessID: 6332, ProcessGUID: c9182e32-fa32-69ca-2002-000000000900",RuleName: -,"MD5=6EE14B0BFF935051384F348DF07EDDDD,SHA256=EE0D292C8F6B12A6DEE70E0F3F257A6CB1C90BFFDF2453CD1B3E059122C7A7C5,IMPHASH=FA57EC07C0A8E480F5D417E8860B906D",ParentProcess: C:\Windows\SysWOW64\net.exe,"ParentProcessID: 4624, ParentProcessGUID: c9182e32-fa32-69ca-1e02-000000000900",ParentCommandLine: net user,C:\Windows\system32\net1 user,False,C:\Users\owunc\Desktop\lab_logs\DC_Sysmon_ws.evtx,Classic,0,"{""EventData"":{""Data"":[{""@Name"":""RuleName"",""#text"":""-""},{""@Name"":""UtcTime"",""#text"":""2026-03-30 22:33:22.031""},{""@Name"":""ProcessGuid"",""#text"":""c9182e32-fa32-69ca-2002-000000000900""},{""@Name"":""ProcessId"",""#text"":""6332""},{""@Name"":""Image"",""#text"":""C:\\Windows\\SysWOW64\\net1.exe""},{""@Name"":""FileVersion"",""#text"":""10.0.20348.469 (WinBuild.160101.0800)""},{""@Name"":""Description"",""#text"":""Net Command""},{""@Name"":""Product"",""#text"":""Microsoft® Windows® Operating System""},{""@Name"":""Company"",""#text"":""Microsoft Corporation""},{""@Name"":""OriginalFileName"",""#text"":""net1.exe""},{""@Name"":""CommandLine"",""#text"":""C:\\Windows\\system32\\net1 user""},{""@Name"":""CurrentDirectory"",""#text"":""C:\\Program Files (x86)\\ossec-agent\\""},{""@Name"":""User"",""#text"":""NT AUTHORITY\\SYSTEM""},{""@Name"":""LogonGuid"",""#text"":""c9182e32-c31a-69ca-e703-000000000000""},{""@Name"":""LogonId"",""#text"":""0x3E7""},{""@Name"":""TerminalSessionId"",""#text"":""0""},{""@Name"":""IntegrityLevel"",""#text"":""System""},{""@Name"":""Hashes"",""#text"":""MD5=6EE14B0BFF935051384F348DF07EDDDD,SHA256=EE0D292C8F6B12A6DEE70E0F3F257A6CB1C90BFFDF2453CD1B3E059122C7A7C5,IMPHASH=FA57EC07C0A8E480F5D417E8860B906D""},{""@Name"":""ParentProcessGuid"",""#text"":""c9182e32-fa32-69ca-1e02-000000000900""},{""@Name"":""ParentProcessId"",""#text"":""4624""},{""@Name"":""ParentImage"",""#text"":""C:\\Windows\\SysWOW64\\net.exe""},{""@Name"":""ParentCommandLine"",""#text"":""net user""},{""@Name"":""ParentUser"",""#text"":""NT AUTHORITY\\SYSTEM""}]}}"
727,727,2026-03-30 22:33:22.0465826,1,Info,Microsoft-Windows-Sysmon,Microsoft-Windows-Sysmon/Operational,2448,4460,DC01.corp.local,14,S-1-5-18,Process creation,NT AUTHORITY\SYSTEM,,"ProcessID: 6256, ProcessGUID: c9182e32-fa32-69ca-2102-000000000900",RuleName: -,"MD5=25E4C7D70BC2817AEEC93BD69BB16657,SHA256=949524A22555305B1DE6ECD8D69A21466E7B4F6354F31B951A1A3DDD6E72E042,IMPHASH=6C829877160814FC33B041AB46ABAC59",ParentProcess: C:\Program Files (x86)\ossec-agent\wazuh-agent.exe,"ParentProcessID: 6760, ParentProcessGUID: c9182e32-fa2b-69ca-fd01-000000000900","ParentCommandLine: ""C:\Program Files (x86)\ossec-agent\wazuh-agent.exe""",net user,False,C:\Users\owunc\Desktop\lab_logs\DC_Sysmon_ws.evtx,Classic,0,"{""EventData"":{""Data"":[{""@Name"":""RuleName"",""#text"":""-""},{""@Name"":""UtcTime"",""#text"":""2026-03-30 22:33:22.045""},{""@Name"":""ProcessGuid"",""#text"":""c9182e32-fa32-69ca-2102-000000000900""},{""@Name"":""ProcessId"",""#text"":""6256""},{""@Name"":""Image"",""#text"":""C:\\Windows\\SysWOW64\\net.exe""},{""@Name"":""FileVersion"",""#text"":""10.0.20348.1 (WinBuild.160101.0800)""},{""@Name"":""Description"",""#text"":""Net Command""},{""@Name"":""Product"",""#text"":""Microsoft® Windows® Operating System""},{""@Name"":""Company"",""#text"":""Microsoft Corporation""},{""@Name"":""OriginalFileName"",""#text"":""net.exe""},{""@Name"":""CommandLine"",""#text"":""net user""},{""@Name"":""CurrentDirectory"",""#text"":""C:\\Program Files (x86)\\ossec-agent\\""},{""@Name"":""User"",""#text"":""NT AUTHORITY\\SYSTEM""},{""@Name"":""LogonGuid"",""#text"":""c9182e32-c31a-69ca-e703-000000000000""},{""@Name"":""LogonId"",""#text"":""0x3E7""},{""@Name"":""TerminalSessionId"",""#text"":""0""},{""@Name"":""IntegrityLevel"",""#text"":""System""},{""@Name"":""Hashes"",""#text"":""MD5=25E4C7D70BC2817AEEC93BD69BB16657,SHA256=949524A22555305B1DE6ECD8D69A21466E7B4F6354F31B951A1A3DDD6E72E042,IMPHASH=6C829877160814FC33B041AB46ABAC59""},{""@Name"":""ParentProcessGuid"",""#text"":""c9182e32-fa2b-69ca-fd01-000000000900""},{""@Name"":""ParentProcessId"",""#text"":""6760""},{""@Name"":""ParentImage"",""#text"":""C:\\Program Files (x86)\\ossec-agent\\wazuh-agent.exe""},{""@Name"":""ParentCommandLine"",""#text"":""\""C:\\Program Files (x86)\\ossec-agent\\wazuh-agent.exe\""""},{""@Name"":""ParentUser"",""#text"":""NT AUTHORITY\\SYSTEM""}]}}"
728,728,2026-03-30 22:33:22.0759138,1,Info,Microsoft-Windows-Sysmon,Microsoft-Windows-Sysmon/Operational,2448,4460,DC01.corp.local,14,S-1-5-18,Process creation,NT AUTHORITY\SYSTEM,,"ProcessID: 2732, ProcessGUID: c9182e32-fa32-69ca-2302-000000000900",RuleName: -,"MD5=6EE14B0BFF935051384F348DF07EDDDD,SHA256=EE0D292C8F6B12A6DEE70E0F3F257A6CB1C90BFFDF2453CD1B3E059122C7A7C5,IMPHASH=FA57EC07C0A8E480F5D417E8860B906D",ParentProcess: C:\Windows\SysWOW64\net.exe,"ParentProcessID: 6256, ParentProcessGUID: c9182e32-fa32-69ca-2102-000000000900",ParentCommandLine: net user,C:\Windows\system32\net1 user,False,C:\Users\owunc\Desktop\lab_logs\DC_Sysmon_ws.evtx,Classic,0,"{""EventData"":{""Data"":[{""@Name"":""RuleName"",""#text"":""-""},{""@Name"":""UtcTime"",""#text"":""2026-03-30 22:33:22.072""},{""@Name"":""ProcessGuid"",""#text"":""c9182e32-fa32-69ca-2302-000000000900""},{""@Name"":""ProcessId"",""#text"":""2732""},{""@Name"":""Image"",""#text"":""C:\\Windows\\SysWOW64\\net1.exe""},{""@Name"":""FileVersion"",""#text"":""10.0.20348.469 (WinBuild.160101.0800)""},{""@Name"":""Description"",""#text"":""Net Command""},{""@Name"":""Product"",""#text"":""Microsoft® Windows® Operating System""},{""@Name"":""Company"",""#text"":""Microsoft Corporation""},{""@Name"":""OriginalFileName"",""#text"":""net1.exe""},{""@Name"":""CommandLine"",""#text"":""C:\\Windows\\system32\\net1 user""},{""@Name"":""CurrentDirectory"",""#text"":""C:\\Program Files (x86)\\ossec-agent\\""},{""@Name"":""User"",""#text"":""NT AUTHORITY\\SYSTEM""},{""@Name"":""LogonGuid"",""#text"":""c9182e32-c31a-69ca-e703-000000000000""},{""@Name"":""LogonId"",""#text"":""0x3E7""},{""@Name"":""TerminalSessionId"",""#text"":""0""},{""@Name"":""IntegrityLevel"",""#text"":""System""},{""@Name"":""Hashes"",""#text"":""MD5=6EE14B0BFF935051384F348DF07EDDDD,SHA256=EE0D292C8F6B12A6DEE70E0F3F257A6CB1C90BFFDF2453CD1B3E059122C7A7C5,IMPHASH=FA57EC07C0A8E480F5D417E8860B906D""},{""@Name"":""ParentProcessGuid"",""#text"":""c9182e32-fa32-69ca-2102-000000000900""},{""@Name"":""ParentProcessId"",""#text"":""6256""},{""@Name"":""ParentImage"",""#text"":""C:\\Windows\\SysWOW64\\net.exe""},{""@Name"":""ParentCommandLine"",""#text"":""net user""},{""@Name"":""ParentUser"",""#text"":""NT AUTHORITY\\SYSTEM""}]}}"
729,729,2026-03-30 22:33:22.1013443,1,Info,Microsoft-Windows-Sysmon,Microsoft-Windows-Sysmon/Operational,2448,4460,DC01.corp.local,14,S-1-5-18,Process creation,NT AUTHORITY\SYSTEM,,"ProcessID: 152, ProcessGUID: c9182e32-fa32-69ca-2402-000000000900",RuleName: -,"MD5=42C54DD5CEDF867054DA83959BB73CEB,SHA256=E606CE6F5D3627FEA5E93F8168FE2740443D079D690D867811A7A1FEE4F55A2D,IMPHASH=BCFC5C75D29309794455BF34432D5D36",ParentProcess: C:\Program Files (x86)\ossec-agent\wazuh-agent.exe,"ParentProcessID: 6760, ParentProcessGUID: c9182e32-fa2b-69ca-fd01-000000000900","ParentCommandLine: ""C:\Program Files (x86)\ossec-agent\wazuh-agent.exe""","reg query ""HKLM\SOFTWARE\Microsoft\Windows\CurrentVersion\Policies\System"" /v legalnoticetext",False,C:\Users\owunc\Desktop\lab_logs\DC_Sysmon_ws.evtx,Classic,0,"{""EventData"":{""Data"":[{""@Name"":""RuleName"",""#text"":""-""},{""@Name"":""UtcTime"",""#text"":""2026-03-30 22:33:22.096""},{""@Name"":""ProcessGuid"",""#text"":""c9182e32-fa32-69ca-2402-000000000900""},{""@Name"":""ProcessId"",""#text"":""152""},{""@Name"":""Image"",""#text"":""C:\\Windows\\SysWOW64\\reg.exe""},{""@Name"":""FileVersion"",""#text"":""10.0.20348.1 (WinBuild.160101.0800)""},{""@Name"":""Description"",""#text"":""Registry Console Tool""},{""@Name"":""Product"",""#text"":""Microsoft® Windows® Operating System""},{""@Name"":""Company"",""#text"":""Microsoft Corporation""},{""@Name"":""OriginalFileName"",""#text"":""reg.exe""},{""@Name"":""CommandLine"",""#text"":""reg query \""HKLM\\SOFTWARE\\Microsoft\\Windows\\CurrentVersion\\Policies\\System\"" /v legalnoticetext""},{""@Name"":""CurrentDirectory"",""#text"":""C:\\Program Files (x86)\\ossec-agent\\""},{""@Name"":""User"",""#text"":""NT AUTHORITY\\SYSTEM""},{""@Name"":""LogonGuid"",""#text"":""c9182e32-c31a-69ca-e703-000000000000""},{""@Name"":""LogonId"",""#text"":""0x3E7""},{""@Name"":""TerminalSessionId"",""#text"":""0""},{""@Name"":""IntegrityLevel"",""#text"":""System""},{""@Name"":""Hashes"",""#text"":""MD5=42C54DD5CEDF867054DA83959BB73CEB,SHA256=E606CE6F5D3627FEA5E93F8168FE2740443D079D690D867811A7A1FEE4F55A2D,IMPHASH=BCFC5C75D29309794455BF34432D5D36""},{""@Name"":""ParentProcessGuid"",""#text"":""c9182e32-fa2b-69ca-fd01-000000000900""},{""@Name"":""ParentProcessId"",""#text"":""6760""},{""@Name"":""ParentImage"",""#text"":""C:\\Program Files (x86)\\ossec-agent\\wazuh-agent.exe""},{""@Name"":""ParentCommandLine"",""#text"":""\""C:\\Program Files (x86)\\ossec-agent\\wazuh-agent.exe\""""},{""@Name"":""ParentUser"",""#text"":""NT AUTHORITY\\SYSTEM""}]}}"
730,730,2026-03-30 22:33:22.1306523,1,Info,Microsoft-Windows-Sysmon,Microsoft-Windows-Sysmon/Operational,2448,4460,DC01.corp.local,14,S-1-5-18,Process creation,NT AUTHORITY\SYSTEM,,"ProcessID: 3116, ProcessGUID: c9182e32-fa32-69ca-2602-000000000900",RuleName: -,"MD5=42C54DD5CEDF867054DA83959BB73CEB,SHA256=E606CE6F5D3627FEA5E93F8168FE2740443D079D690D867811A7A1FEE4F55A2D,IMPHASH=BCFC5C75D29309794455BF34432D5D36",ParentProcess: C:\Program Files (x86)\ossec-agent\wazuh-agent.exe,"ParentProcessID: 6760, ParentProcessGUID: c9182e32-fa2b-69ca-fd01-000000000900","ParentCommandLine: ""C:\Program Files (x86)\ossec-agent\wazuh-agent.exe""","reg query ""HKLM\SOFTWARE\Microsoft\Windows\CurrentVersion\Policies\System"" /v legalnoticecaption",False,C:\Users\owunc\Desktop\lab_logs\DC_Sysmon_ws.evtx,Classic,0,"{""EventData"":{""Data"":[{""@Name"":""RuleName"",""#text"":""-""},{""@Name"":""UtcTime"",""#text"":""2026-03-30 22:33:22.126""},{""@Name"":""ProcessGuid"",""#text"":""c9182e32-fa32-69ca-2602-000000000900""},{""@Name"":""ProcessId"",""#text"":""3116""},{""@Name"":""Image"",""#text"":""C:\\Windows\\SysWOW64\\reg.exe""},{""@Name"":""FileVersion"",""#text"":""10.0.20348.1 (WinBuild.160101.0800)""},{""@Name"":""Description"",""#text"":""Registry Console Tool""},{""@Name"":""Product"",""#text"":""Microsoft® Windows® Operating System""},{""@Name"":""Company"",""#text"":""Microsoft Corporation""},{""@Name"":""OriginalFileName"",""#text"":""reg.exe""},{""@Name"":""CommandLine"",""#text"":""reg query \""HKLM\\SOFTWARE\\Microsoft\\Windows\\CurrentVersion\\Policies\\System\"" /v legalnoticecaption""},{""@Name"":""CurrentDirectory"",""#text"":""C:\\Program Files (x86)\\ossec-agent\\""},{""@Name"":""User"",""#text"":""NT AUTHORITY\\SYSTEM""},{""@Name"":""LogonGuid"",""#text"":""c9182e32-c31a-69ca-e703-000000000000""},{""@Name"":""LogonId"",""#text"":""0x3E7""},{""@Name"":""TerminalSessionId"",""#text"":""0""},{""@Name"":""IntegrityLevel"",""#text"":""System""},{""@Name"":""Hashes"",""#text"":""MD5=42C54DD5CEDF867054DA83959BB73CEB,SHA256=E606CE6F5D3627FEA5E93F8168FE2740443D079D690D867811A7A1FEE4F55A2D,IMPHASH=BCFC5C75D29309794455BF34432D5D36""},{""@Name"":""ParentProcessGuid"",""#text"":""c9182e32-fa2b-69ca-fd01-000000000900""},{""@Name"":""ParentProcessId"",""#text"":""6760""},{""@Name"":""ParentImage"",""#text"":""C:\\Program Files (x86)\\ossec-agent\\wazuh-agent.exe""},{""@Name"":""ParentCommandLine"",""#text"":""\""C:\\Program Files (x86)\\ossec-agent\\wazuh-agent.exe\""""},{""@Name"":""ParentUser"",""#text"":""NT AUTHORITY\\SYSTEM""}]}}"
731,731,2026-03-30 22:33:22.1675187,1,Info,Microsoft-Windows-Sysmon,Microsoft-Windows-Sysmon/Operational,2448,4460,DC01.corp.local,14,S-1-5-18,Process creation,NT AUTHORITY\SYSTEM,,"ProcessID: 6884, ProcessGUID: c9182e32-fa32-69ca-2802-000000000900",RuleName: -,"MD5=EB5ACAC8A6DF89EB6BA751F468490734,SHA256=6633D15A90D38137ABF5E08BC5C14CF35128ECA168E875D9569295ECC88A4DBB,IMPHASH=C1E3C5E2580A8F5AD5F3DF2BCAEA7CAB",ParentProcess: C:\Program Files (x86)\ossec-agent\wazuh-agent.exe,"ParentProcessID: 6760, ParentProcessGUID: c9182e32-fa2b-69ca-fd01-000000000900","ParentCommandLine: ""C:\Program Files (x86)\ossec-agent\wazuh-agent.exe""","powershell ""$null = secedit /export /cfg $env:temp/secexport.cfg; $(gc $env:temp/secexport.cfg | Select-String \""LSAAnonymousNameLookup\"").ToString().Split(\""=\"")[1].Trim()""",False,C:\Users\owunc\Desktop\lab_logs\DC_Sysmon_ws.evtx,Classic,0,"{""EventData"":{""Data"":[{""@Name"":""RuleName"",""#text"":""-""},{""@Name"":""UtcTime"",""#text"":""2026-03-30 22:33:22.160""},{""@Name"":""ProcessGuid"",""#text"":""c9182e32-fa32-69ca-2802-000000000900""},{""@Name"":""ProcessId"",""#text"":""6884""},{""@Name"":""Image"",""#text"":""C:\\Windows\\SysWOW64\\WindowsPowerShell\\v1.0\\powershell.exe""},{""@Name"":""FileVersion"",""#text"":""10.0.20348.1 (WinBuild.160101.0800)""},{""@Name"":""Description"",""#text"":""Windows PowerShell""},{""@Name"":""Product"",""#text"":""Microsoft® Windows® Operating System""},{""@Name"":""Company"",""#text"":""Microsoft Corporation""},{""@Name"":""OriginalFileName"",""#text"":""PowerShell.EXE""},{""@Name"":""CommandLine"",""#text"":""powershell \""$null = secedit /export /cfg $env:temp/secexport.cfg; $(gc $env:temp/secexport.cfg | Select-String \\\""LSAAnonymousNameLookup\\\"").ToString().Split(\\\""=\\\"")[1].Trim()\""""},{""@Name"":""CurrentDirectory"",""#text"":""C:\\Program Files (x86)\\ossec-agent\\""},{""@Name"":""User"",""#text"":""NT AUTHORITY\\SYSTEM""},{""@Name"":""LogonGuid"",""#text"":""c9182e32-c31a-69ca-e703-000000000000""},{""@Name"":""LogonId"",""#text"":""0x3E7""},{""@Name"":""TerminalSessionId"",""#text"":""0""},{""@Name"":""IntegrityLevel"",""#text"":""System""},{""@Name"":""Hashes"",""#text"":""MD5=EB5ACAC8A6DF89EB6BA751F468490734,SHA256=6633D15A90D38137ABF5E08BC5C14CF35128ECA168E875D9569295ECC88A4DBB,IMPHASH=C1E3C5E2580A8F5AD5F3DF2BCAEA7CAB""},{""@Name"":""ParentProcessGuid"",""#text"":""c9182e32-fa2b-69ca-fd01-000000000900""},{""@Name"":""ParentProcessId"",""#text"":""6760""},{""@Name"":""ParentImage"",""#text"":""C:\\Program Files (x86)\\ossec-agent\\wazuh-agent.exe""},{""@Name"":""ParentCommandLine"",""#text"":""\""C:\\Program Files (x86)\\ossec-agent\\wazuh-agent.exe\""""},{""@Name"":""ParentUser"",""#text"":""NT AUTHORITY\\SYSTEM""}]}}"
732,732,2026-03-30 22:33:22.2238914,11,Info,Microsoft-Windows-Sysmon,Microsoft-Windows-Sysmon/Operational,2448,4460,DC01.corp.local,14,S-1-5-18,FileCreate,NT AUTHORITY\SYSTEM,,"ProcessID: 6884, ProcessGUID: c9182e32-fa32-69ca-2802-000000000900",RuleName: -,Image: C:\Windows\SysWOW64\WindowsPowerShell\v1.0\powershell.exe,TargetFilename: C:\Windows\Temp\__PSScriptPolicyTest_xggnkjhc.esn.ps1,,,,False,C:\Users\owunc\Desktop\lab_logs\DC_Sysmon_ws.evtx,Classic,0,"{""EventData"":{""Data"":[{""@Name"":""RuleName"",""#text"":""-""},{""@Name"":""UtcTime"",""#text"":""2026-03-30 22:33:22.214""},{""@Name"":""ProcessGuid"",""#text"":""c9182e32-fa32-69ca-2802-000000000900""},{""@Name"":""ProcessId"",""#text"":""6884""},{""@Name"":""Image"",""#text"":""C:\\Windows\\SysWOW64\\WindowsPowerShell\\v1.0\\powershell.exe""},{""@Name"":""TargetFilename"",""#text"":""C:\\Windows\\Temp\\__PSScriptPolicyTest_xggnkjhc.esn.ps1""},{""@Name"":""CreationUtcTime"",""#text"":""2026-03-30 22:33:22.214""},{""@Name"":""User"",""#text"":""NT AUTHORITY\\SYSTEM""}]}}"
733,733,2026-03-30 22:33:22.4102971,1,Info,Microsoft-Windows-Sysmon,Microsoft-Windows-Sysmon/Operational,2448,4460,DC01.corp.local,14,S-1-5-18,Process creation,NT AUTHORITY\SYSTEM,,"ProcessID: 5328, ProcessGUID: c9182e32-fa32-69ca-2a02-000000000900",RuleName: -,"MD5=A550295A3AB5A8326F6C697AED19E00E,SHA256=E4645CB6092A470D4A60D04D15E760B9959FF25281E208C737C376F379CBF2CD,IMPHASH=615449A6A25801F47AE0D7578EB950B4",ParentProcess: C:\Windows\SysWOW64\WindowsPowerShell\v1.0\powershell.exe,"ParentProcessID: 6884, ParentProcessGUID: c9182e32-fa32-69ca-2802-000000000900","ParentCommandLine: powershell ""$null = secedit /export /cfg $env:temp/secexport.cfg; $(gc $env:temp/secexport.cfg | Select-String \""LSAAnonymousNameLookup\"").ToString().Split(\""=\"")[1].Trim()""","""C:\Windows\system32\SecEdit.exe"" /export /cfg C:\Windows\TEMP/secexport.cfg",False,C:\Users\owunc\Desktop\lab_logs\DC_Sysmon_ws.evtx,Classic,0,"{""EventData"":{""Data"":[{""@Name"":""RuleName"",""#text"":""-""},{""@Name"":""UtcTime"",""#text"":""2026-03-30 22:33:22.408""},{""@Name"":""ProcessGuid"",""#text"":""c9182e32-fa32-69ca-2a02-000000000900""},{""@Name"":""ProcessId"",""#text"":""5328""},{""@Name"":""Image"",""#text"":""C:\\Windows\\SysWOW64\\SecEdit.exe""},{""@Name"":""FileVersion"",""#text"":""10.0.20348.1 (WinBuild.160101.0800)""},{""@Name"":""Description"",""#text"":""Windows Security Configuration Editor Command Tool""},{""@Name"":""Product"",""#text"":""Microsoft® Windows® Operating System""},{""@Name"":""Company"",""#text"":""Microsoft Corporation""},{""@Name"":""OriginalFileName"",""#text"":""SeCEdit""},{""@Name"":""CommandLine"",""#text"":""\""C:\\Windows\\system32\\SecEdit.exe\"" /export /cfg C:\\Windows\\TEMP/secexport.cfg""},{""@Name"":""CurrentDirectory"",""#text"":""C:\\Program Files (x86)\\ossec-agent\\""},{""@Name"":""User"",""#text"":""NT AUTHORITY\\SYSTEM""},{""@Name"":""LogonGuid"",""#text"":""c9182e32-c31a-69ca-e703-000000000000""},{""@Name"":""LogonId"",""#text"":""0x3E7""},{""@Name"":""TerminalSessionId"",""#text"":""0""},{""@Name"":""IntegrityLevel"",""#text"":""System""},{""@Name"":""Hashes"",""#text"":""MD5=A550295A3AB5A8326F6C697AED19E00E,SHA256=E4645CB6092A470D4A60D04D15E760B9959FF25281E208C737C376F379CBF2CD,IMPHASH=615449A6A25801F47AE0D7578EB950B4""},{""@Name"":""ParentProcessGuid"",""#text"":""c9182e32-fa32-69ca-2802-000000000900""},{""@Name"":""ParentProcessId"",""#text"":""6884""},{""@Name"":""ParentImage"",""#text"":""C:\\Windows\\SysWOW64\\WindowsPowerShell\\v1.0\\powershell.exe""},{""@Name"":""ParentCommandLine"",""#text"":""powershell \""$null = secedit /export /cfg $env:temp/secexport.cfg; $(gc $env:temp/secexport.cfg | Select-String \\\""LSAAnonymousNameLookup\\\"").ToString().Split(\\\""=\\\"")[1].Trim()\""""},{""@Name"":""ParentUser"",""#text"":""NT AUTHORITY\\SYSTEM""}]}}"
734,734,2026-03-30 22:33:22.7950718,1,Info,Microsoft-Windows-Sysmon,Microsoft-Windows-Sysmon/Operational,2448,4460,DC01.corp.local,14,S-1-5-18,Process creation,NT AUTHORITY\SYSTEM,,"ProcessID: 4348, ProcessGUID: c9182e32-fa32-69ca-2b02-000000000900",RuleName: -,"MD5=42C54DD5CEDF867054DA83959BB73CEB,SHA256=E606CE6F5D3627FEA5E93F8168FE2740443D079D690D867811A7A1FEE4F55A2D,IMPHASH=BCFC5C75D29309794455BF34432D5D36",ParentProcess: C:\Program Files (x86)\ossec-agent\wazuh-agent.exe,"ParentProcessID: 6760, ParentProcessGUID: c9182e32-fa2b-69ca-fd01-000000000900","ParentCommandLine: ""C:\Program Files (x86)\ossec-agent\wazuh-agent.exe""",reg query HKEY_LOCAL_MACHINE\SYSTEM\CurrentControlSet\Control\SecurePipeServers\Winreg\AllowedExactPaths /v Machine,False,C:\Users\owunc\Desktop\lab_logs\DC_Sysmon_ws.evtx,Classic,0,"{""EventData"":{""Data"":[{""@Name"":""RuleName"",""#text"":""-""},{""@Name"":""UtcTime"",""#text"":""2026-03-30 22:33:22.790""},{""@Name"":""ProcessGuid"",""#text"":""c9182e32-fa32-69ca-2b02-000000000900""},{""@Name"":""ProcessId"",""#text"":""4348""},{""@Name"":""Image"",""#text"":""C:\\Windows\\SysWOW64\\reg.exe""},{""@Name"":""FileVersion"",""#text"":""10.0.20348.1 (WinBuild.160101.0800)""},{""@Name"":""Description"",""#text"":""Registry Console Tool""},{""@Name"":""Product"",""#text"":""Microsoft® Windows® Operating System""},{""@Name"":""Company"",""#text"":""Microsoft Corporation""},{""@Name"":""OriginalFileName"",""#text"":""reg.exe""},{""@Name"":""CommandLine"",""#text"":""reg query HKEY_LOCAL_MACHINE\\SYSTEM\\CurrentControlSet\\Control\\SecurePipeServers\\Winreg\\AllowedExactPaths /v Machine""},{""@Name"":""CurrentDirectory"",""#text"":""C:\\Program Files (x86)\\ossec-agent\\""},{""@Name"":""User"",""#text"":""NT AUTHORITY\\SYSTEM""},{""@Name"":""LogonGuid"",""#text"":""c9182e32-c31a-69ca-e703-000000000000""},{""@Name"":""LogonId"",""#text"":""0x3E7""},{""@Name"":""TerminalSessionId"",""#text"":""0""},{""@Name"":""IntegrityLevel"",""#text"":""System""},{""@Name"":""Hashes"",""#text"":""MD5=42C54DD5CEDF867054DA83959BB73CEB,SHA256=E606CE6F5D3627FEA5E93F8168FE2740443D079D690D867811A7A1FEE4F55A2D,IMPHASH=BCFC5C75D29309794455BF34432D5D36""},{""@Name"":""ParentProcessGuid"",""#text"":""c9182e32-fa2b-69ca-fd01-000000000900""},{""@Name"":""ParentProcessId"",""#text"":""6760""},{""@Name"":""ParentImage"",""#text"":""C:\\Program Files (x86)\\ossec-agent\\wazuh-agent.exe""},{""@Name"":""ParentCommandLine"",""#text"":""\""C:\\Program Files (x86)\\ossec-agent\\wazuh-agent.exe\""""},{""@Name"":""ParentUser"",""#text"":""NT AUTHORITY\\SYSTEM""}]}}"
735,735,2026-03-30 22:33:22.8287130,1,Info,Microsoft-Windows-Sysmon,Microsoft-Windows-Sysmon/Operational,2448,4460,DC01.corp.local,14,S-1-5-18,Process creation,NT AUTHORITY\SYSTEM,,"ProcessID: 6012, ProcessGUID: c9182e32-fa32-69ca-2d02-000000000900",RuleName: -,"MD5=9E18ACE78034537344DA6036D4C3C8B1,SHA256=29389619B06E5DE97B3669F6FF92E226CB6DCE2254B07BA6FA88C3B5D3A9799E,IMPHASH=AB0C8C1C188B19D08FAF502671C04930",ParentProcess: C:\Program Files (x86)\ossec-agent\wazuh-agent.exe,"ParentProcessID: 6760, ParentProcessGUID: c9182e32-fa2b-69ca-fd01-000000000900","ParentCommandLine: ""C:\Program Files (x86)\ossec-agent\wazuh-agent.exe""","auditpol.exe /get /subcategory:""Credential Validation""",False,C:\Users\owunc\Desktop\lab_logs\DC_Sysmon_ws.evtx,Classic,0,"{""EventData"":{""Data"":[{""@Name"":""RuleName"",""#text"":""-""},{""@Name"":""UtcTime"",""#text"":""2026-03-30 22:33:22.827""},{""@Name"":""ProcessGuid"",""#text"":""c9182e32-fa32-69ca-2d02-000000000900""},{""@Name"":""ProcessId"",""#text"":""6012""},{""@Name"":""Image"",""#text"":""C:\\Windows\\SysWOW64\\auditpol.exe""},{""@Name"":""FileVersion"",""#text"":""10.0.20348.1 (WinBuild.160101.0800)""},{""@Name"":""Description"",""#text"":""Audit Policy Program""},{""@Name"":""Product"",""#text"":""Microsoft® Windows® Operating System""},{""@Name"":""Company"",""#text"":""Microsoft Corporation""},{""@Name"":""OriginalFileName"",""#text"":""AUDITPOL.EXE""},{""@Name"":""CommandLine"",""#text"":""auditpol.exe /get /subcategory:\""Credential Validation\""""},{""@Name"":""CurrentDirectory"",""#text"":""C:\\Program Files (x86)\\ossec-agent\\""},{""@Name"":""User"",""#text"":""NT AUTHORITY\\SYSTEM""},{""@Name"":""LogonGuid"",""#text"":""c9182e32-c31a-69ca-e703-000000000000""},{""@Name"":""LogonId"",""#text"":""0x3E7""},{""@Name"":""TerminalSessionId"",""#text"":""0""},{""@Name"":""IntegrityLevel"",""#text"":""System""},{""@Name"":""Hashes"",""#text"":""MD5=9E18ACE78034537344DA6036D4C3C8B1,SHA256=29389619B06E5DE97B3669F6FF92E226CB6DCE2254B07BA6FA88C3B5D3A9799E,IMPHASH=AB0C8C1C188B19D08FAF502671C04930""},{""@Name"":""ParentProcessGuid"",""#text"":""c9182e32-fa2b-69ca-fd01-000000000900""},{""@Name"":""ParentProcessId"",""#text"":""6760""},{""@Name"":""ParentImage"",""#text"":""C:\\Program Files (x86)\\ossec-agent\\wazuh-agent.exe""},{""@Name"":""ParentCommandLine"",""#text"":""\""C:\\Program Files (x86)\\ossec-agent\\wazuh-agent.exe\""""},{""@Name"":""ParentUser"",""#text"":""NT AUTHORITY\\SYSTEM""}]}}"
736,736,2026-03-30 22:33:22.8557647,1,Info,Microsoft-Windows-Sysmon,Microsoft-Windows-Sysmon/Operational,2448,4460,DC01.corp.local,14,S-1-5-18,Process creation,NT AUTHORITY\SYSTEM,,"ProcessID: 6600, ProcessGUID: c9182e32-fa32-69ca-2f02-000000000900",RuleName: -,"MD5=9E18ACE78034537344DA6036D4C3C8B1,SHA256=29389619B06E5DE97B3669F6FF92E226CB6DCE2254B07BA6FA88C3B5D3A9799E,IMPHASH=AB0C8C1C188B19D08FAF502671C04930",ParentProcess: C:\Program Files (x86)\ossec-agent\wazuh-agent.exe,"ParentProcessID: 6760, ParentProcessGUID: c9182e32-fa2b-69ca-fd01-000000000900","ParentCommandLine: ""C:\Program Files (x86)\ossec-agent\wazuh-agent.exe""","auditpol.exe /get /subcategory:""Kerberos Authentication Service""",False,C:\Users\owunc\Desktop\lab_logs\DC_Sysmon_ws.evtx,Classic,0,"{""EventData"":{""Data"":[{""@Name"":""RuleName"",""#text"":""-""},{""@Name"":""UtcTime"",""#text"":""2026-03-30 22:33:22.854""},{""@Name"":""ProcessGuid"",""#text"":""c9182e32-fa32-69ca-2f02-000000000900""},{""@Name"":""ProcessId"",""#text"":""6600""},{""@Name"":""Image"",""#text"":""C:\\Windows\\SysWOW64\\auditpol.exe""},{""@Name"":""FileVersion"",""#text"":""10.0.20348.1 (WinBuild.160101.0800)""},{""@Name"":""Description"",""#text"":""Audit Policy Program""},{""@Name"":""Product"",""#text"":""Microsoft® Windows® Operating System""},{""@Name"":""Company"",""#text"":""Microsoft Corporation""},{""@Name"":""OriginalFileName"",""#text"":""AUDITPOL.EXE""},{""@Name"":""CommandLine"",""#text"":""auditpol.exe /get /subcategory:\""Kerberos Authentication Service\""""},{""@Name"":""CurrentDirectory"",""#text"":""C:\\Program Files (x86)\\ossec-agent\\""},{""@Name"":""User"",""#text"":""NT AUTHORITY\\SYSTEM""},{""@Name"":""LogonGuid"",""#text"":""c9182e32-c31a-69ca-e703-000000000000""},{""@Name"":""LogonId"",""#text"":""0x3E7""},{""@Name"":""TerminalSessionId"",""#text"":""0""},{""@Name"":""IntegrityLevel"",""#text"":""System""},{""@Name"":""Hashes"",""#text"":""MD5=9E18ACE78034537344DA6036D4C3C8B1,SHA256=29389619B06E5DE97B3669F6FF92E226CB6DCE2254B07BA6FA88C3B5D3A9799E,IMPHASH=AB0C8C1C188B19D08FAF502671C04930""},{""@Name"":""ParentProcessGuid"",""#text"":""c9182e32-fa2b-69ca-fd01-000000000900""},{""@Name"":""ParentProcessId"",""#text"":""6760""},{""@Name"":""ParentImage"",""#text"":""C:\\Program Files (x86)\\ossec-agent\\wazuh-agent.exe""},{""@Name"":""ParentCommandLine"",""#text"":""\""C:\\Program Files (x86)\\ossec-agent\\wazuh-agent.exe\""""},{""@Name"":""ParentUser"",""#text"":""NT AUTHORITY\\SYSTEM""}]}}"
737,737,2026-03-30 22:33:22.8824566,1,Info,Microsoft-Windows-Sysmon,Microsoft-Windows-Sysmon/Operational,2448,4460,DC01.corp.local,14,S-1-5-18,Process creation,NT AUTHORITY\SYSTEM,,"ProcessID: 7144, ProcessGUID: c9182e32-fa32-69ca-3102-000000000900",RuleName: -,"MD5=9E18ACE78034537344DA6036D4C3C8B1,SHA256=29389619B06E5DE97B3669F6FF92E226CB6DCE2254B07BA6FA88C3B5D3A9799E,IMPHASH=AB0C8C1C188B19D08FAF502671C04930",ParentProcess: C:\Program Files (x86)\ossec-agent\wazuh-agent.exe,"ParentProcessID: 6760, ParentProcessGUID: c9182e32-fa2b-69ca-fd01-000000000900","ParentCommandLine: ""C:\Program Files (x86)\ossec-agent\wazuh-agent.exe""","auditpol.exe /get /subcategory:""Kerberos Service Ticket Operations""",False,C:\Users\owunc\Desktop\lab_logs\DC_Sysmon_ws.evtx,Classic,0,"{""EventData"":{""Data"":[{""@Name"":""RuleName"",""#text"":""-""},{""@Name"":""UtcTime"",""#text"":""2026-03-30 22:33:22.881""},{""@Name"":""ProcessGuid"",""#text"":""c9182e32-fa32-69ca-3102-000000000900""},{""@Name"":""ProcessId"",""#text"":""7144""},{""@Name"":""Image"",""#text"":""C:\\Windows\\SysWOW64\\auditpol.exe""},{""@Name"":""FileVersion"",""#text"":""10.0.20348.1 (WinBuild.160101.0800)""},{""@Name"":""Description"",""#text"":""Audit Policy Program""},{""@Name"":""Product"",""#text"":""Microsoft® Windows® Operating System""},{""@Name"":""Company"",""#text"":""Microsoft Corporation""},{""@Name"":""OriginalFileName"",""#text"":""AUDITPOL.EXE""},{""@Name"":""CommandLine"",""#text"":""auditpol.exe /get /subcategory:\""Kerberos Service Ticket Operations\""""},{""@Name"":""CurrentDirectory"",""#text"":""C:\\Program Files (x86)\\ossec-agent\\""},{""@Name"":""User"",""#text"":""NT AUTHORITY\\SYSTEM""},{""@Name"":""LogonGuid"",""#text"":""c9182e32-c31a-69ca-e703-000000000000""},{""@Name"":""LogonId"",""#text"":""0x3E7""},{""@Name"":""TerminalSessionId"",""#text"":""0""},{""@Name"":""IntegrityLevel"",""#text"":""System""},{""@Name"":""Hashes"",""#text"":""MD5=9E18ACE78034537344DA6036D4C3C8B1,SHA256=29389619B06E5DE97B3669F6FF92E226CB6DCE2254B07BA6FA88C3B5D3A9799E,IMPHASH=AB0C8C1C188B19D08FAF502671C04930""},{""@Name"":""ParentProcessGuid"",""#text"":""c9182e32-fa2b-69ca-fd01-000000000900""},{""@Name"":""ParentProcessId"",""#text"":""6760""},{""@Name"":""ParentImage"",""#text"":""C:\\Program Files (x86)\\ossec-agent\\wazuh-agent.exe""},{""@Name"":""ParentCommandLine"",""#text"":""\""C:\\Program Files (x86)\\ossec-agent\\wazuh-agent.exe\""""},{""@Name"":""ParentUser"",""#text"":""NT AUTHORITY\\SYSTEM""}]}}"
738,738,2026-03-30 22:33:22.9079848,1,Info,Microsoft-Windows-Sysmon,Microsoft-Windows-Sysmon/Operational,2448,4460,DC01.corp.local,14,S-1-5-18,Process creation,NT AUTHORITY\SYSTEM,,"ProcessID: 6772, ProcessGUID: c9182e32-fa32-69ca-3302-000000000900",RuleName: -,"MD5=9E18ACE78034537344DA6036D4C3C8B1,SHA256=29389619B06E5DE97B3669F6FF92E226CB6DCE2254B07BA6FA88C3B5D3A9799E,IMPHASH=AB0C8C1C188B19D08FAF502671C04930",ParentProcess: C:\Program Files (x86)\ossec-agent\wazuh-agent.exe,"ParentProcessID: 6760, ParentProcessGUID: c9182e32-fa2b-69ca-fd01-000000000900","ParentCommandLine: ""C:\Program Files (x86)\ossec-agent\wazuh-agent.exe""","auditpol.exe /get /subcategory:""Application Group Management""",False,C:\Users\owunc\Desktop\lab_logs\DC_Sysmon_ws.evtx,Classic,0,"{""EventData"":{""Data"":[{""@Name"":""RuleName"",""#text"":""-""},{""@Name"":""UtcTime"",""#text"":""2026-03-30 22:33:22.906""},{""@Name"":""ProcessGuid"",""#text"":""c9182e32-fa32-69ca-3302-000000000900""},{""@Name"":""ProcessId"",""#text"":""6772""},{""@Name"":""Image"",""#text"":""C:\\Windows\\SysWOW64\\auditpol.exe""},{""@Name"":""FileVersion"",""#text"":""10.0.20348.1 (WinBuild.160101.0800)""},{""@Name"":""Description"",""#text"":""Audit Policy Program""},{""@Name"":""Product"",""#text"":""Microsoft® Windows® Operating System""},{""@Name"":""Company"",""#text"":""Microsoft Corporation""},{""@Name"":""OriginalFileName"",""#text"":""AUDITPOL.EXE""},{""@Name"":""CommandLine"",""#text"":""auditpol.exe /get /subcategory:\""Application Group Management\""""},{""@Name"":""CurrentDirectory"",""#text"":""C:\\Program Files (x86)\\ossec-agent\\""},{""@Name"":""User"",""#text"":""NT AUTHORITY\\SYSTEM""},{""@Name"":""LogonGuid"",""#text"":""c9182e32-c31a-69ca-e703-000000000000""},{""@Name"":""LogonId"",""#text"":""0x3E7""},{""@Name"":""TerminalSessionId"",""#text"":""0""},{""@Name"":""IntegrityLevel"",""#text"":""System""},{""@Name"":""Hashes"",""#text"":""MD5=9E18ACE78034537344DA6036D4C3C8B1,SHA256=29389619B06E5DE97B3669F6FF92E226CB6DCE2254B07BA6FA88C3B5D3A9799E,IMPHASH=AB0C8C1C188B19D08FAF502671C04930""},{""@Name"":""ParentProcessGuid"",""#text"":""c9182e32-fa2b-69ca-fd01-000000000900""},{""@Name"":""ParentProcessId"",""#text"":""6760""},{""@Name"":""ParentImage"",""#text"":""C:\\Program Files (x86)\\ossec-agent\\wazuh-agent.exe""},{""@Name"":""ParentCommandLine"",""#text"":""\""C:\\Program Files (x86)\\ossec-agent\\wazuh-agent.exe\""""},{""@Name"":""ParentUser"",""#text"":""NT AUTHORITY\\SYSTEM""}]}}"
