442,442,2026-03-30 20:43:23.0197052,1,Info,Microsoft-Windows-Sysmon,Microsoft-Windows-Sysmon/Operational,2448,4460,DC01.corp.local,9,S-1-5-18,Process creation,NT AUTHORITY\LOCAL SERVICE,,"ProcessID: 3068, ProcessGUID: c9182e32-e06b-69ca-4301-000000000900",RuleName: -,"MD5=6FB10CD439B40D92935F8F6A0C99670A,SHA256=2BF663EA493CDC21AD33AEBD8DA40CC5D2AFA55E24F9E1BBF3D73E99DCADF693,IMPHASH=803254E010814E69947095A2725B2AFD",ParentProcess: C:\Windows\System32\svchost.exe,"ParentProcessID: 1696, ParentProcessGUID: c9182e32-c31d-69ca-2100-000000000900",ParentCommandLine: C:\Windows\system32\svchost.exe -k netsvcs -p -s Schedule,C:\Windows\system32\sc.exe start w32time task_started,False,C:\Users\owunc\Desktop\lab_logs\DC_Sysmon_ws.evtx,Classic,0,"{""EventData"":{""Data"":[{""@Name"":""RuleName"",""#text"":""-""},{""@Name"":""UtcTime"",""#text"":""2026-03-30 20:43:23.017""},{""@Name"":""ProcessGuid"",""#text"":""c9182e32-e06b-69ca-4301-000000000900""},{""@Name"":""ProcessId"",""#text"":""3068""},{""@Name"":""Image"",""#text"":""C:\\Windows\\System32\\sc.exe""},{""@Name"":""FileVersion"",""#text"":""10.0.20348.1 (WinBuild.160101.0800)""},{""@Name"":""Description"",""#text"":""Service Control Manager Configuration Tool""},{""@Name"":""Product"",""#text"":""Microsoft® Windows® Operating System""},{""@Name"":""Company"",""#text"":""Microsoft Corporation""},{""@Name"":""OriginalFileName"",""#text"":""sc.exe""},{""@Name"":""CommandLine"",""#text"":""C:\\Windows\\system32\\sc.exe start w32time task_started""},{""@Name"":""CurrentDirectory"",""#text"":""C:\\Windows\\system32\\""},{""@Name"":""User"",""#text"":""NT AUTHORITY\\LOCAL SERVICE""},{""@Name"":""LogonGuid"",""#text"":""c9182e32-c31d-69ca-e503-000000000000""},{""@Name"":""LogonId"",""#text"":""0x3E5""},{""@Name"":""TerminalSessionId"",""#text"":""0""},{""@Name"":""IntegrityLevel"",""#text"":""System""},{""@Name"":""Hashes"",""#text"":""MD5=6FB10CD439B40D92935F8F6A0C99670A,SHA256=2BF663EA493CDC21AD33AEBD8DA40CC5D2AFA55E24F9E1BBF3D73E99DCADF693,IMPHASH=803254E010814E69947095A2725B2AFD""},{""@Name"":""ParentProcessGuid"",""#text"":""c9182e32-c31d-69ca-2100-000000000900""},{""@Name"":""ParentProcessId"",""#text"":""1696""},{""@Name"":""ParentImage"",""#text"":""C:\\Windows\\System32\\svchost.exe""},{""@Name"":""ParentCommandLine"",""#text"":""C:\\Windows\\system32\\svchost.exe -k netsvcs -p -s Schedule""},{""@Name"":""ParentUser"",""#text"":""NT AUTHORITY\\SYSTEM""}]}}"
443,443,2026-03-30 20:43:23.0217913,1,Info,Microsoft-Windows-Sysmon,Microsoft-Windows-Sysmon/Operational,2448,4460,DC01.corp.local,9,S-1-5-18,Process creation,NT AUTHORITY\LOCAL SERVICE,,"ProcessID: 4080, ProcessGUID: c9182e32-e06b-69ca-4501-000000000900",RuleName: -,"MD5=5487316514F4ADA7E6E0BD9EAA2256E7,SHA256=F447AE2E838D4DE71CA4BABA321FEA67DABB38AA4321EFAC81F3FF03CF55FE0A,IMPHASH=1C4E2D9936E4D9F2490B08AAB4D24260",ParentProcess: C:\Windows\System32\svchost.exe,"ParentProcessID: 1696, ParentProcessGUID: c9182e32-c31d-69ca-2100-000000000900",ParentCommandLine: C:\Windows\system32\svchost.exe -k netsvcs -p -s Schedule,taskhostw.exe,False,C:\Users\owunc\Desktop\lab_logs\DC_Sysmon_ws.evtx,Classic,0,"{""EventData"":{""Data"":[{""@Name"":""RuleName"",""#text"":""-""},{""@Name"":""UtcTime"",""#text"":""2026-03-30 20:43:23.021""},{""@Name"":""ProcessGuid"",""#text"":""c9182e32-e06b-69ca-4501-000000000900""},{""@Name"":""ProcessId"",""#text"":""4080""},{""@Name"":""Image"",""#text"":""C:\\Windows\\System32\\taskhostw.exe""},{""@Name"":""FileVersion"",""#text"":""10.0.20348.1 (WinBuild.160101.0800)""},{""@Name"":""Description"",""#text"":""Host Process for Windows Tasks""},{""@Name"":""Product"",""#text"":""Microsoft® Windows® Operating System""},{""@Name"":""Company"",""#text"":""Microsoft Corporation""},{""@Name"":""OriginalFileName"",""#text"":""taskhostw.exe""},{""@Name"":""CommandLine"",""#text"":""taskhostw.exe""},{""@Name"":""CurrentDirectory"",""#text"":""C:\\Windows\\system32\\""},{""@Name"":""User"",""#text"":""NT AUTHORITY\\LOCAL SERVICE""},{""@Name"":""LogonGuid"",""#text"":""c9182e32-c31d-69ca-e503-000000000000""},{""@Name"":""LogonId"",""#text"":""0x3E5""},{""@Name"":""TerminalSessionId"",""#text"":""0""},{""@Name"":""IntegrityLevel"",""#text"":""System""},{""@Name"":""Hashes"",""#text"":""MD5=5487316514F4ADA7E6E0BD9EAA2256E7,SHA256=F447AE2E838D4DE71CA4BABA321FEA67DABB38AA4321EFAC81F3FF03CF55FE0A,IMPHASH=1C4E2D9936E4D9F2490B08AAB4D24260""},{""@Name"":""ParentProcessGuid"",""#text"":""c9182e32-c31d-69ca-2100-000000000900""},{""@Name"":""ParentProcessId"",""#text"":""1696""},{""@Name"":""ParentImage"",""#text"":""C:\\Windows\\System32\\svchost.exe""},{""@Name"":""ParentCommandLine"",""#text"":""C:\\Windows\\system32\\svchost.exe -k netsvcs -p -s Schedule""},{""@Name"":""ParentUser"",""#text"":""NT AUTHORITY\\SYSTEM""}]}}"
444,444,2026-03-30 20:43:23.0255212,1,Info,Microsoft-Windows-Sysmon,Microsoft-Windows-Sysmon/Operational,2448,4460,DC01.corp.local,9,S-1-5-18,Process creation,NT AUTHORITY\SYSTEM,,"ProcessID: 3340, ProcessGUID: c9182e32-e06b-69ca-4701-000000000900",RuleName: -,"MD5=5536352F520D36EB7079647214AC9FA0,SHA256=06D065590C6652D5C811398DBED459B5760ADBD4BA5D4D3EEA265CB5B1F891E6,IMPHASH=9BE1E8D7C5D5B113AF20C778EF464358",ParentProcess: C:\Windows\System32\svchost.exe,"ParentProcessID: 1696, ParentProcessGUID: c9182e32-c31d-69ca-2100-000000000900",ParentCommandLine: C:\Windows\system32\svchost.exe -k netsvcs -p -s Schedule,C:\Windows\system32\disksnapshot.exe -z,False,C:\Users\owunc\Desktop\lab_logs\DC_Sysmon_ws.evtx,Classic,0,"{""EventData"":{""Data"":[{""@Name"":""RuleName"",""#text"":""-""},{""@Name"":""UtcTime"",""#text"":""2026-03-30 20:43:23.023""},{""@Name"":""ProcessGuid"",""#text"":""c9182e32-e06b-69ca-4701-000000000900""},{""@Name"":""ProcessId"",""#text"":""3340""},{""@Name"":""Image"",""#text"":""C:\\Windows\\System32\\DiskSnapshot.exe""},{""@Name"":""FileVersion"",""#text"":""10.0.20348.1 (WinBuild.160101.0800)""},{""@Name"":""Description"",""#text"":""DiskSnapshot.exe""},{""@Name"":""Product"",""#text"":""Microsoft® Windows® Operating System""},{""@Name"":""Company"",""#text"":""Microsoft Corporation""},{""@Name"":""OriginalFileName"",""#text"":""DiskSnapshot.exe""},{""@Name"":""CommandLine"",""#text"":""C:\\Windows\\system32\\disksnapshot.exe -z""},{""@Name"":""CurrentDirectory"",""#text"":""C:\\Windows\\system32\\""},{""@Name"":""User"",""#text"":""NT AUTHORITY\\SYSTEM""},{""@Name"":""LogonGuid"",""#text"":""c9182e32-c31a-69ca-e703-000000000000""},{""@Name"":""LogonId"",""#text"":""0x3E7""},{""@Name"":""TerminalSessionId"",""#text"":""0""},{""@Name"":""IntegrityLevel"",""#text"":""System""},{""@Name"":""Hashes"",""#text"":""MD5=5536352F520D36EB7079647214AC9FA0,SHA256=06D065590C6652D5C811398DBED459B5760ADBD4BA5D4D3EEA265CB5B1F891E6,IMPHASH=9BE1E8D7C5D5B113AF20C778EF464358""},{""@Name"":""ParentProcessGuid"",""#text"":""c9182e32-c31d-69ca-2100-000000000900""},{""@Name"":""ParentProcessId"",""#text"":""1696""},{""@Name"":""ParentImage"",""#text"":""C:\\Windows\\System32\\svchost.exe""},{""@Name"":""ParentCommandLine"",""#text"":""C:\\Windows\\system32\\svchost.exe -k netsvcs -p -s Schedule""},{""@Name"":""ParentUser"",""#text"":""NT AUTHORITY\\SYSTEM""}]}}"
445,445,2026-03-30 20:43:23.0741259,1,Info,Microsoft-Windows-Sysmon,Microsoft-Windows-Sysmon/Operational,2448,4460,DC01.corp.local,9,S-1-5-18,Process creation,NT AUTHORITY\SYSTEM,,"ProcessID: 1820, ProcessGUID: c9182e32-e06b-69ca-4901-000000000900",RuleName: -,"MD5=DC32ABA4669EAFB22FCACD5EC836A107,SHA256=31780FF2AAF7BC71F755BA0E4FEF1D61B060D1D2741EAFB33CBAB44D889595A0,IMPHASH=D8C4E4978657CEA220B495778C972E64",ParentProcess: C:\Windows\System32\services.exe,"ParentProcessID: 716, ParentProcessGUID: c9182e32-c31a-69ca-0b00-000000000900",ParentCommandLine: C:\Windows\system32\services.exe,C:\Windows\System32\svchost.exe -k LocalSystemNetworkRestricted -p -s DsSvc,False,C:\Users\owunc\Desktop\lab_logs\DC_Sysmon_ws.evtx,Classic,0,"{""EventData"":{""Data"":[{""@Name"":""RuleName"",""#text"":""-""},{""@Name"":""UtcTime"",""#text"":""2026-03-30 20:43:23.072""},{""@Name"":""ProcessGuid"",""#text"":""c9182e32-e06b-69ca-4901-000000000900""},{""@Name"":""ProcessId"",""#text"":""1820""},{""@Name"":""Image"",""#text"":""C:\\Windows\\System32\\svchost.exe""},{""@Name"":""FileVersion"",""#text"":""10.0.20348.558 (WinBuild.160101.0800)""},{""@Name"":""Description"",""#text"":""Host Process for Windows Services""},{""@Name"":""Product"",""#text"":""Microsoft® Windows® Operating System""},{""@Name"":""Company"",""#text"":""Microsoft Corporation""},{""@Name"":""OriginalFileName"",""#text"":""svchost.exe""},{""@Name"":""CommandLine"",""#text"":""C:\\Windows\\System32\\svchost.exe -k LocalSystemNetworkRestricted -p -s DsSvc""},{""@Name"":""CurrentDirectory"",""#text"":""C:\\Windows\\system32\\""},{""@Name"":""User"",""#text"":""NT AUTHORITY\\SYSTEM""},{""@Name"":""LogonGuid"",""#text"":""c9182e32-c31a-69ca-e703-000000000000""},{""@Name"":""LogonId"",""#text"":""0x3E7""},{""@Name"":""TerminalSessionId"",""#text"":""0""},{""@Name"":""IntegrityLevel"",""#text"":""System""},{""@Name"":""Hashes"",""#text"":""MD5=DC32ABA4669EAFB22FCACD5EC836A107,SHA256=31780FF2AAF7BC71F755BA0E4FEF1D61B060D1D2741EAFB33CBAB44D889595A0,IMPHASH=D8C4E4978657CEA220B495778C972E64""},{""@Name"":""ParentProcessGuid"",""#text"":""c9182e32-c31a-69ca-0b00-000000000900""},{""@Name"":""ParentProcessId"",""#text"":""716""},{""@Name"":""ParentImage"",""#text"":""C:\\Windows\\System32\\services.exe""},{""@Name"":""ParentCommandLine"",""#text"":""C:\\Windows\\system32\\services.exe""},{""@Name"":""ParentUser"",""#text"":""NT AUTHORITY\\SYSTEM""}]}}"
446,446,2026-03-30 20:43:23.1478786,1,Info,Microsoft-Windows-Sysmon,Microsoft-Windows-Sysmon/Operational,2448,4460,DC01.corp.local,9,S-1-5-18,Process creation,NT AUTHORITY\SYSTEM,,"ProcessID: 3084, ProcessGUID: c9182e32-e06b-69ca-4a01-000000000900",RuleName: -,"MD5=C49200CC9250C2F0A50711D8D550D0B0,SHA256=BDA9854320005138F08F8968D2C07FDDBB3546E8622C9D349AC847B36CCE9AB6,IMPHASH=00000000000000000000000000000000",ParentProcess: C:\Windows\System32\taskhostw.exe,"ParentProcessID: 792, ParentProcessGUID: c9182e32-e06a-69ca-3e01-000000000900",ParentCommandLine: taskhostw.exe,"""C:\Windows\Microsoft.NET\Framework64\v4.0.30319\NGenTask.exe"" /RuntimeWide /StopEvent:696",False,C:\Users\owunc\Desktop\lab_logs\DC_Sysmon_ws.evtx,Classic,0,"{""EventData"":{""Data"":[{""@Name"":""RuleName"",""#text"":""-""},{""@Name"":""UtcTime"",""#text"":""2026-03-30 20:43:23.146""},{""@Name"":""ProcessGuid"",""#text"":""c9182e32-e06b-69ca-4a01-000000000900""},{""@Name"":""ProcessId"",""#text"":""3084""},{""@Name"":""Image"",""#text"":""C:\\Windows\\Microsoft.NET\\Framework64\\v4.0.30319\\ngentask.exe""},{""@Name"":""FileVersion"",""#text"":""4.8.4380.0 built by: NET48REL1LAST_B""},{""@Name"":""Description"",""#text"":""Microsoft .NET Framework optimization service""},{""@Name"":""Product"",""#text"":""Microsoft® .NET Framework""},{""@Name"":""Company"",""#text"":""Microsoft Corporation""},{""@Name"":""OriginalFileName"",""#text"":""NGenTask.exe""},{""@Name"":""CommandLine"",""#text"":""\""C:\\Windows\\Microsoft.NET\\Framework64\\v4.0.30319\\NGenTask.exe\"" /RuntimeWide /StopEvent:696""},{""@Name"":""CurrentDirectory"",""#text"":""C:\\Windows\\system32\\""},{""@Name"":""User"",""#text"":""NT AUTHORITY\\SYSTEM""},{""@Name"":""LogonGuid"",""#text"":""c9182e32-c31a-69ca-e703-000000000000""},{""@Name"":""LogonId"",""#text"":""0x3E7""},{""@Name"":""TerminalSessionId"",""#text"":""0""},{""@Name"":""IntegrityLevel"",""#text"":""System""},{""@Name"":""Hashes"",""#text"":""MD5=C49200CC9250C2F0A50711D8D550D0B0,SHA256=BDA9854320005138F08F8968D2C07FDDBB3546E8622C9D349AC847B36CCE9AB6,IMPHASH=00000000000000000000000000000000""},{""@Name"":""ParentProcessGuid"",""#text"":""c9182e32-e06a-69ca-3e01-000000000900""},{""@Name"":""ParentProcessId"",""#text"":""792""},{""@Name"":""ParentImage"",""#text"":""C:\\Windows\\System32\\taskhostw.exe""},{""@Name"":""ParentCommandLine"",""#text"":""taskhostw.exe""},{""@Name"":""ParentUser"",""#text"":""NT AUTHORITY\\SYSTEM""}]}}"
447,447,2026-03-30 20:43:23.1517927,1,Info,Microsoft-Windows-Sysmon,Microsoft-Windows-Sysmon/Operational,2448,4460,DC01.corp.local,9,S-1-5-18,Process creation,NT AUTHORITY\SYSTEM,,"ProcessID: 4328, ProcessGUID: c9182e32-e06b-69ca-4b01-000000000900",RuleName: -,"MD5=907F5BE44873F6BE0D9DD9990A9DAC81,SHA256=FEFA20515F029068F60F42688E6D9AF61A7B0AC36BEA623A146094731B834742,IMPHASH=F34D5F2D4577ED6D9CEEC516C1F5A744",ParentProcess: C:\Windows\System32\taskhostw.exe,"ParentProcessID: 792, ParentProcessGUID: c9182e32-e06a-69ca-3e01-000000000900",ParentCommandLine: taskhostw.exe,"""C:\Windows\Microsoft.NET\Framework\v4.0.30319\NGenTask.exe"" /RuntimeWide /StopEvent:1296",False,C:\Users\owunc\Desktop\lab_logs\DC_Sysmon_ws.evtx,Classic,0,"{""EventData"":{""Data"":[{""@Name"":""RuleName"",""#text"":""-""},{""@Name"":""UtcTime"",""#text"":""2026-03-30 20:43:23.149""},{""@Name"":""ProcessGuid"",""#text"":""c9182e32-e06b-69ca-4b01-000000000900""},{""@Name"":""ProcessId"",""#text"":""4328""},{""@Name"":""Image"",""#text"":""C:\\Windows\\Microsoft.NET\\Framework\\v4.0.30319\\ngentask.exe""},{""@Name"":""FileVersion"",""#text"":""4.8.4380.0 built by: NET48REL1LAST_B""},{""@Name"":""Description"",""#text"":""Microsoft .NET Framework optimization service""},{""@Name"":""Product"",""#text"":""Microsoft® .NET Framework""},{""@Name"":""Company"",""#text"":""Microsoft Corporation""},{""@Name"":""OriginalFileName"",""#text"":""NGenTask.exe""},{""@Name"":""CommandLine"",""#text"":""\""C:\\Windows\\Microsoft.NET\\Framework\\v4.0.30319\\NGenTask.exe\"" /RuntimeWide /StopEvent:1296""},{""@Name"":""CurrentDirectory"",""#text"":""C:\\Windows\\system32\\""},{""@Name"":""User"",""#text"":""NT AUTHORITY\\SYSTEM""},{""@Name"":""LogonGuid"",""#text"":""c9182e32-c31a-69ca-e703-000000000000""},{""@Name"":""LogonId"",""#text"":""0x3E7""},{""@Name"":""TerminalSessionId"",""#text"":""0""},{""@Name"":""IntegrityLevel"",""#text"":""System""},{""@Name"":""Hashes"",""#text"":""MD5=907F5BE44873F6BE0D9DD9990A9DAC81,SHA256=FEFA20515F029068F60F42688E6D9AF61A7B0AC36BEA623A146094731B834742,IMPHASH=F34D5F2D4577ED6D9CEEC516C1F5A744""},{""@Name"":""ParentProcessGuid"",""#text"":""c9182e32-e06a-69ca-3e01-000000000900""},{""@Name"":""ParentProcessId"",""#text"":""792""},{""@Name"":""ParentImage"",""#text"":""C:\\Windows\\System32\\taskhostw.exe""},{""@Name"":""ParentCommandLine"",""#text"":""taskhostw.exe""},{""@Name"":""ParentUser"",""#text"":""NT AUTHORITY\\SYSTEM""}]}}"
448,448,2026-03-30 20:43:24.2789219,1,Info,Microsoft-Windows-Sysmon,Microsoft-Windows-Sysmon/Operational,2448,4460,DC01.corp.local,9,S-1-5-18,Process creation,NT AUTHORITY\SYSTEM,,"ProcessID: 1216, ProcessGUID: c9182e32-e06c-69ca-5201-000000000900",RuleName: -,"MD5=5487316514F4ADA7E6E0BD9EAA2256E7,SHA256=F447AE2E838D4DE71CA4BABA321FEA67DABB38AA4321EFAC81F3FF03CF55FE0A,IMPHASH=1C4E2D9936E4D9F2490B08AAB4D24260",ParentProcess: C:\Windows\System32\svchost.exe,"ParentProcessID: 1696, ParentProcessGUID: c9182e32-c31d-69ca-2100-000000000900",ParentCommandLine: C:\Windows\system32\svchost.exe -k netsvcs -p -s Schedule,taskhostw.exe /RuntimeWide,False,C:\Users\owunc\Desktop\lab_logs\DC_Sysmon_ws.evtx,Classic,0,"{""EventData"":{""Data"":[{""@Name"":""RuleName"",""#text"":""-""},{""@Name"":""UtcTime"",""#text"":""2026-03-30 20:43:24.276""},{""@Name"":""ProcessGuid"",""#text"":""c9182e32-e06c-69ca-5201-000000000900""},{""@Name"":""ProcessId"",""#text"":""1216""},{""@Name"":""Image"",""#text"":""C:\\Windows\\System32\\taskhostw.exe""},{""@Name"":""FileVersion"",""#text"":""10.0.20348.1 (WinBuild.160101.0800)""},{""@Name"":""Description"",""#text"":""Host Process for Windows Tasks""},{""@Name"":""Product"",""#text"":""Microsoft® Windows® Operating System""},{""@Name"":""Company"",""#text"":""Microsoft Corporation""},{""@Name"":""OriginalFileName"",""#text"":""taskhostw.exe""},{""@Name"":""CommandLine"",""#text"":""taskhostw.exe /RuntimeWide""},{""@Name"":""CurrentDirectory"",""#text"":""C:\\Windows\\system32\\""},{""@Name"":""User"",""#text"":""NT AUTHORITY\\SYSTEM""},{""@Name"":""LogonGuid"",""#text"":""c9182e32-c31a-69ca-e703-000000000000""},{""@Name"":""LogonId"",""#text"":""0x3E7""},{""@Name"":""TerminalSessionId"",""#text"":""0""},{""@Name"":""IntegrityLevel"",""#text"":""System""},{""@Name"":""Hashes"",""#text"":""MD5=5487316514F4ADA7E6E0BD9EAA2256E7,SHA256=F447AE2E838D4DE71CA4BABA321FEA67DABB38AA4321EFAC81F3FF03CF55FE0A,IMPHASH=1C4E2D9936E4D9F2490B08AAB4D24260""},{""@Name"":""ParentProcessGuid"",""#text"":""c9182e32-c31d-69ca-2100-000000000900""},{""@Name"":""ParentProcessId"",""#text"":""1696""},{""@Name"":""ParentImage"",""#text"":""C:\\Windows\\System32\\svchost.exe""},{""@Name"":""ParentCommandLine"",""#text"":""C:\\Windows\\system32\\svchost.exe -k netsvcs -p -s Schedule""},{""@Name"":""ParentUser"",""#text"":""NT AUTHORITY\\SYSTEM""}]}}"
449,449,2026-03-30 20:43:24.3096093,1,Info,Microsoft-Windows-Sysmon,Microsoft-Windows-Sysmon/Operational,2448,4460,DC01.corp.local,9,S-1-5-18,Process creation,NT AUTHORITY\SYSTEM,,"ProcessID: 5932, ProcessGUID: c9182e32-e06c-69ca-5301-000000000900",RuleName: -,"MD5=907F5BE44873F6BE0D9DD9990A9DAC81,SHA256=FEFA20515F029068F60F42688E6D9AF61A7B0AC36BEA623A146094731B834742,IMPHASH=F34D5F2D4577ED6D9CEEC516C1F5A744",ParentProcess: C:\Windows\System32\taskhostw.exe,"ParentProcessID: 1216, ParentProcessGUID: c9182e32-e06c-69ca-5201-000000000900",ParentCommandLine: taskhostw.exe /RuntimeWide,"""C:\Windows\Microsoft.NET\Framework\v4.0.30319\NGenTask.exe"" /RuntimeWide /StopEvent:520",False,C:\Users\owunc\Desktop\lab_logs\DC_Sysmon_ws.evtx,Classic,0,"{""EventData"":{""Data"":[{""@Name"":""RuleName"",""#text"":""-""},{""@Name"":""UtcTime"",""#text"":""2026-03-30 20:43:24.308""},{""@Name"":""ProcessGuid"",""#text"":""c9182e32-e06c-69ca-5301-000000000900""},{""@Name"":""ProcessId"",""#text"":""5932""},{""@Name"":""Image"",""#text"":""C:\\Windows\\Microsoft.NET\\Framework\\v4.0.30319\\ngentask.exe""},{""@Name"":""FileVersion"",""#text"":""4.8.4380.0 built by: NET48REL1LAST_B""},{""@Name"":""Description"",""#text"":""Microsoft .NET Framework optimization service""},{""@Name"":""Product"",""#text"":""Microsoft® .NET Framework""},{""@Name"":""Company"",""#text"":""Microsoft Corporation""},{""@Name"":""OriginalFileName"",""#text"":""NGenTask.exe""},{""@Name"":""CommandLine"",""#text"":""\""C:\\Windows\\Microsoft.NET\\Framework\\v4.0.30319\\NGenTask.exe\"" /RuntimeWide /StopEvent:520""},{""@Name"":""CurrentDirectory"",""#text"":""C:\\Windows\\system32\\""},{""@Name"":""User"",""#text"":""NT AUTHORITY\\SYSTEM""},{""@Name"":""LogonGuid"",""#text"":""c9182e32-c31a-69ca-e703-000000000000""},{""@Name"":""LogonId"",""#text"":""0x3E7""},{""@Name"":""TerminalSessionId"",""#text"":""0""},{""@Name"":""IntegrityLevel"",""#text"":""System""},{""@Name"":""Hashes"",""#text"":""MD5=907F5BE44873F6BE0D9DD9990A9DAC81,SHA256=FEFA20515F029068F60F42688E6D9AF61A7B0AC36BEA623A146094731B834742,IMPHASH=F34D5F2D4577ED6D9CEEC516C1F5A744""},{""@Name"":""ParentProcessGuid"",""#text"":""c9182e32-e06c-69ca-5201-000000000900""},{""@Name"":""ParentProcessId"",""#text"":""1216""},{""@Name"":""ParentImage"",""#text"":""C:\\Windows\\System32\\taskhostw.exe""},{""@Name"":""ParentCommandLine"",""#text"":""taskhostw.exe /RuntimeWide""},{""@Name"":""ParentUser"",""#text"":""NT AUTHORITY\\SYSTEM""}]}}"
450,450,2026-03-30 20:43:24.3111553,1,Info,Microsoft-Windows-Sysmon,Microsoft-Windows-Sysmon/Operational,2448,4460,DC01.corp.local,9,S-1-5-18,Process creation,NT AUTHORITY\SYSTEM,,"ProcessID: 3524, ProcessGUID: c9182e32-e06c-69ca-5401-000000000900",RuleName: -,"MD5=C49200CC9250C2F0A50711D8D550D0B0,SHA256=BDA9854320005138F08F8968D2C07FDDBB3546E8622C9D349AC847B36CCE9AB6,IMPHASH=00000000000000000000000000000000",ParentProcess: C:\Windows\System32\taskhostw.exe,"ParentProcessID: 1216, ParentProcessGUID: c9182e32-e06c-69ca-5201-000000000900",ParentCommandLine: taskhostw.exe /RuntimeWide,"""C:\Windows\Microsoft.NET\Framework64\v4.0.30319\NGenTask.exe"" /RuntimeWide /StopEvent:428",False,C:\Users\owunc\Desktop\lab_logs\DC_Sysmon_ws.evtx,Classic,0,"{""EventData"":{""Data"":[{""@Name"":""RuleName"",""#text"":""-""},{""@Name"":""UtcTime"",""#text"":""2026-03-30 20:43:24.309""},{""@Name"":""ProcessGuid"",""#text"":""c9182e32-e06c-69ca-5401-000000000900""},{""@Name"":""ProcessId"",""#text"":""3524""},{""@Name"":""Image"",""#text"":""C:\\Windows\\Microsoft.NET\\Framework64\\v4.0.30319\\ngentask.exe""},{""@Name"":""FileVersion"",""#text"":""4.8.4380.0 built by: NET48REL1LAST_B""},{""@Name"":""Description"",""#text"":""Microsoft .NET Framework optimization service""},{""@Name"":""Product"",""#text"":""Microsoft® .NET Framework""},{""@Name"":""Company"",""#text"":""Microsoft Corporation""},{""@Name"":""OriginalFileName"",""#text"":""NGenTask.exe""},{""@Name"":""CommandLine"",""#text"":""\""C:\\Windows\\Microsoft.NET\\Framework64\\v4.0.30319\\NGenTask.exe\"" /RuntimeWide /StopEvent:428""},{""@Name"":""CurrentDirectory"",""#text"":""C:\\Windows\\system32\\""},{""@Name"":""User"",""#text"":""NT AUTHORITY\\SYSTEM""},{""@Name"":""LogonGuid"",""#text"":""c9182e32-c31a-69ca-e703-000000000000""},{""@Name"":""LogonId"",""#text"":""0x3E7""},{""@Name"":""TerminalSessionId"",""#text"":""0""},{""@Name"":""IntegrityLevel"",""#text"":""System""},{""@Name"":""Hashes"",""#text"":""MD5=C49200CC9250C2F0A50711D8D550D0B0,SHA256=BDA9854320005138F08F8968D2C07FDDBB3546E8622C9D349AC847B36CCE9AB6,IMPHASH=00000000000000000000000000000000""},{""@Name"":""ParentProcessGuid"",""#text"":""c9182e32-e06c-69ca-5201-000000000900""},{""@Name"":""ParentProcessId"",""#text"":""1216""},{""@Name"":""ParentImage"",""#text"":""C:\\Windows\\System32\\taskhostw.exe""},{""@Name"":""ParentCommandLine"",""#text"":""taskhostw.exe /RuntimeWide""},{""@Name"":""ParentUser"",""#text"":""NT AUTHORITY\\SYSTEM""}]}}"
451,451,2026-03-30 20:49:52.4868133,1,Info,Microsoft-Windows-Sysmon,Microsoft-Windows-Sysmon/Operational,2448,4460,DC01.corp.local,9,S-1-5-18,Process creation,NT AUTHORITY\SYSTEM,,"ProcessID: 1648, ProcessGUID: c9182e32-e1f0-69ca-5b01-000000000900",RuleName: -,"MD5=352C33641CBBD193AF127D306CB960C8,SHA256=F56701783D22D0E17E126D09ACA62B1969259D4B7B00DEDD9A0001C6D1ABEAD2,IMPHASH=CD3B2D99C6655A5D4A14E30E380F5BF9",ParentProcess: C:\Program Files (x86)\Microsoft\EdgeUpdate\MicrosoftEdgeUpdate.exe,"ParentProcessID: 3736, ParentProcessGUID: c9182e32-c39e-69ca-f900-000000000900","ParentCommandLine: ""C:\Program Files (x86)\Microsoft\EdgeUpdate\MicrosoftEdgeUpdate.exe"" /c","""C:\Program Files (x86)\Microsoft\EdgeUpdate\MicrosoftEdgeUpdate.exe"" /ua /installsource core",False,C:\Users\owunc\Desktop\lab_logs\DC_Sysmon_ws.evtx,Classic,0,"{""EventData"":{""Data"":[{""@Name"":""RuleName"",""#text"":""-""},{""@Name"":""UtcTime"",""#text"":""2026-03-30 20:49:52.485""},{""@Name"":""ProcessGuid"",""#text"":""c9182e32-e1f0-69ca-5b01-000000000900""},{""@Name"":""ProcessId"",""#text"":""1648""},{""@Name"":""Image"",""#text"":""C:\\Program Files (x86)\\Microsoft\\EdgeUpdate\\MicrosoftEdgeUpdate.exe""},{""@Name"":""FileVersion"",""#text"":""1.3.225.7""},{""@Name"":""Description"",""#text"":""Microsoft Edge Update""},{""@Name"":""Product"",""#text"":""Microsoft Edge Update""},{""@Name"":""Company"",""#text"":""Microsoft Corporation""},{""@Name"":""OriginalFileName"",""#text"":""MicrosoftEdgeUpdate.exe""},{""@Name"":""CommandLine"",""#text"":""\""C:\\Program Files (x86)\\Microsoft\\EdgeUpdate\\MicrosoftEdgeUpdate.exe\"" /ua /installsource core""},{""@Name"":""CurrentDirectory"",""#text"":""C:\\Program Files (x86)\\Microsoft\\EdgeUpdate\\1.3.225.7\\""},{""@Name"":""User"",""#text"":""NT AUTHORITY\\SYSTEM""},{""@Name"":""LogonGuid"",""#text"":""c9182e32-c31a-69ca-e703-000000000000""},{""@Name"":""LogonId"",""#text"":""0x3E7""},{""@Name"":""TerminalSessionId"",""#text"":""0""},{""@Name"":""IntegrityLevel"",""#text"":""System""},{""@Name"":""Hashes"",""#text"":""MD5=352C33641CBBD193AF127D306CB960C8,SHA256=F56701783D22D0E17E126D09ACA62B1969259D4B7B00DEDD9A0001C6D1ABEAD2,IMPHASH=CD3B2D99C6655A5D4A14E30E380F5BF9""},{""@Name"":""ParentProcessGuid"",""#text"":""c9182e32-c39e-69ca-f900-000000000900""},{""@Name"":""ParentProcessId"",""#text"":""3736""},{""@Name"":""ParentImage"",""#text"":""C:\\Program Files (x86)\\Microsoft\\EdgeUpdate\\MicrosoftEdgeUpdate.exe""},{""@Name"":""ParentCommandLine"",""#text"":""\""C:\\Program Files (x86)\\Microsoft\\EdgeUpdate\\MicrosoftEdgeUpdate.exe\"" /c""},{""@Name"":""ParentUser"",""#text"":""NT AUTHORITY\\SYSTEM""}]}}"
452,452,2026-03-30 20:53:20.1697845,1,Info,Microsoft-Windows-Sysmon,Microsoft-Windows-Sysmon/Operational,2448,4460,DC01.corp.local,9,S-1-5-18,Process creation,NT AUTHORITY\SYSTEM,,"ProcessID: 5288, ProcessGUID: c9182e32-e2c0-69ca-5c01-000000000900",RuleName: -,"MD5=352C33641CBBD193AF127D306CB960C8,SHA256=F56701783D22D0E17E126D09ACA62B1969259D4B7B00DEDD9A0001C6D1ABEAD2,IMPHASH=CD3B2D99C6655A5D4A14E30E380F5BF9",ParentProcess: C:\Windows\System32\svchost.exe,"ParentProcessID: 1696, ParentProcessGUID: c9182e32-c31d-69ca-2100-000000000900",ParentCommandLine: C:\Windows\system32\svchost.exe -k netsvcs -p -s Schedule,"""C:\Program Files (x86)\Microsoft\EdgeUpdate\MicrosoftEdgeUpdate.exe"" /ua /installsource scheduler",False,C:\Users\owunc\Desktop\lab_logs\DC_Sysmon_ws.evtx,Classic,0,"{""EventData"":{""Data"":[{""@Name"":""RuleName"",""#text"":""-""},{""@Name"":""UtcTime"",""#text"":""2026-03-30 20:53:20.168""},{""@Name"":""ProcessGuid"",""#text"":""c9182e32-e2c0-69ca-5c01-000000000900""},{""@Name"":""ProcessId"",""#text"":""5288""},{""@Name"":""Image"",""#text"":""C:\\Program Files (x86)\\Microsoft\\EdgeUpdate\\MicrosoftEdgeUpdate.exe""},{""@Name"":""FileVersion"",""#text"":""1.3.225.7""},{""@Name"":""Description"",""#text"":""Microsoft Edge Update""},{""@Name"":""Product"",""#text"":""Microsoft Edge Update""},{""@Name"":""Company"",""#text"":""Microsoft Corporation""},{""@Name"":""OriginalFileName"",""#text"":""MicrosoftEdgeUpdate.exe""},{""@Name"":""CommandLine"",""#text"":""\""C:\\Program Files (x86)\\Microsoft\\EdgeUpdate\\MicrosoftEdgeUpdate.exe\"" /ua /installsource scheduler""},{""@Name"":""CurrentDirectory"",""#text"":""C:\\Windows\\system32\\""},{""@Name"":""User"",""#text"":""NT AUTHORITY\\SYSTEM""},{""@Name"":""LogonGuid"",""#text"":""c9182e32-c31a-69ca-e703-000000000000""},{""@Name"":""LogonId"",""#text"":""0x3E7""},{""@Name"":""TerminalSessionId"",""#text"":""0""},{""@Name"":""IntegrityLevel"",""#text"":""System""},{""@Name"":""Hashes"",""#text"":""MD5=352C33641CBBD193AF127D306CB960C8,SHA256=F56701783D22D0E17E126D09ACA62B1969259D4B7B00DEDD9A0001C6D1ABEAD2,IMPHASH=CD3B2D99C6655A5D4A14E30E380F5BF9""},{""@Name"":""ParentProcessGuid"",""#text"":""c9182e32-c31d-69ca-2100-000000000900""},{""@Name"":""ParentProcessId"",""#text"":""1696""},{""@Name"":""ParentImage"",""#text"":""C:\\Windows\\System32\\svchost.exe""},{""@Name"":""ParentCommandLine"",""#text"":""C:\\Windows\\system32\\svchost.exe -k netsvcs -p -s Schedule""},{""@Name"":""ParentUser"",""#text"":""NT AUTHORITY\\SYSTEM""}]}}"
453,453,2026-03-30 20:58:30.8380719,22,Info,Microsoft-Windows-Sysmon,Microsoft-Windows-Sysmon/Operational,2448,4476,DC01.corp.local,9,S-1-5-18,DNSEvent (DNS query),NT AUTHORITY\SYSTEM,,"ProcessID: 412, ProcessGUID: c9182e32-e3ef-69ca-5d01-000000000900",RuleName: -,Image: C:\Windows\System32\CompatTelRunner.exe,QueryName: DC01,QueryStatus: 0,QueryResults: fe80::edbf:7020:ccdd:502e;::ffff:192.168.93.50;,,False,C:\Users\owunc\Desktop\lab_logs\DC_Sysmon_ws.evtx,Classic,0,"{""EventData"":{""Data"":[{""@Name"":""RuleName"",""#text"":""-""},{""@Name"":""UtcTime"",""#text"":""2026-03-30 20:58:29.819""},{""@Name"":""ProcessGuid"",""#text"":""c9182e32-e3ef-69ca-5d01-000000000900""},{""@Name"":""ProcessId"",""#text"":""412""},{""@Name"":""QueryName"",""#text"":""DC01""},{""@Name"":""QueryStatus"",""#text"":""0""},{""@Name"":""QueryResults"",""#text"":""fe80::edbf:7020:ccdd:502e;::ffff:192.168.93.50;""},{""@Name"":""Image"",""#text"":""C:\\Windows\\System32\\CompatTelRunner.exe""},{""@Name"":""User"",""#text"":""NT AUTHORITY\\SYSTEM""}]}}"
454,454,2026-03-30 20:58:30.9549244,1,Info,Microsoft-Windows-Sysmon,Microsoft-Windows-Sysmon/Operational,2448,4460,DC01.corp.local,9,S-1-5-18,Process creation,NT AUTHORITY\SYSTEM,,"ProcessID: 4612, ProcessGUID: c9182e32-e3f6-69ca-6101-000000000900",RuleName: -,"MD5=464D0D44C67DD965EE607CFCD99A48AB,SHA256=B864B5AF5F77F4A5D0FE8E22B240C34691D49815BC7FE3B7FAC7E1C959CBE528,IMPHASH=6CDFF17098638A6205128AAF982E8871",ParentProcess: C:\Windows\System32\services.exe,"ParentProcessID: 716, ParentProcessGUID: c9182e32-c31a-69ca-0b00-000000000900",ParentCommandLine: C:\Windows\system32\services.exe,C:\Windows\servicing\TrustedInstaller.exe,False,C:\Users\owunc\Desktop\lab_logs\DC_Sysmon_ws.evtx,Classic,0,"{""EventData"":{""Data"":[{""@Name"":""RuleName"",""#text"":""-""},{""@Name"":""UtcTime"",""#text"":""2026-03-30 20:58:30.951""},{""@Name"":""ProcessGuid"",""#text"":""c9182e32-e3f6-69ca-6101-000000000900""},{""@Name"":""ProcessId"",""#text"":""4612""},{""@Name"":""Image"",""#text"":""C:\\Windows\\servicing\\TrustedInstaller.exe""},{""@Name"":""FileVersion"",""#text"":""10.0.20348.502 (WinBuild.160101.0800)""},{""@Name"":""Description"",""#text"":""Windows Modules Installer""},{""@Name"":""Product"",""#text"":""Microsoft® Windows® Operating System""},{""@Name"":""Company"",""#text"":""Microsoft Corporation""},{""@Name"":""OriginalFileName"",""#text"":""TrustedInstaller.exe""},{""@Name"":""CommandLine"",""#text"":""C:\\Windows\\servicing\\TrustedInstaller.exe""},{""@Name"":""CurrentDirectory"",""#text"":""C:\\Windows\\system32\\""},{""@Name"":""User"",""#text"":""NT AUTHORITY\\SYSTEM""},{""@Name"":""LogonGuid"",""#text"":""c9182e32-c31a-69ca-e703-000000000000""},{""@Name"":""LogonId"",""#text"":""0x3E7""},{""@Name"":""TerminalSessionId"",""#text"":""0""},{""@Name"":""IntegrityLevel"",""#text"":""System""},{""@Name"":""Hashes"",""#text"":""MD5=464D0D44C67DD965EE607CFCD99A48AB,SHA256=B864B5AF5F77F4A5D0FE8E22B240C34691D49815BC7FE3B7FAC7E1C959CBE528,IMPHASH=6CDFF17098638A6205128AAF982E8871""},{""@Name"":""ParentProcessGuid"",""#text"":""c9182e32-c31a-69ca-0b00-000000000900""},{""@Name"":""ParentProcessId"",""#text"":""716""},{""@Name"":""ParentImage"",""#text"":""C:\\Windows\\System32\\services.exe""},{""@Name"":""ParentCommandLine"",""#text"":""C:\\Windows\\system32\\services.exe""},{""@Name"":""ParentUser"",""#text"":""NT AUTHORITY\\SYSTEM""}]}}"
455,455,2026-03-30 20:58:30.9692151,1,Info,Microsoft-Windows-Sysmon,Microsoft-Windows-Sysmon/Operational,2448,4460,DC01.corp.local,9,S-1-5-18,Process creation,NT AUTHORITY\SYSTEM,,"ProcessID: 4968, ProcessGUID: c9182e32-e3f6-69ca-6201-000000000900",RuleName: -,"MD5=0B6F22DA11CC77C46AA67EE6B6C3EAD0,SHA256=E4C3EB66ECB2E946924031191D761A59DEBE940BE7F019FED78C8B558D67EE47,IMPHASH=D841FC50F72911FF192FAF83F874E4DF",ParentProcess: C:\Windows\System32\svchost.exe,"ParentProcessID: 948, ParentProcessGUID: c9182e32-c31b-69ca-0d00-000000000900",ParentCommandLine: C:\Windows\system32\svchost.exe -k DcomLaunch -p,C:\Windows\winsxs\amd64_microsoft-windows-servicingstack_31bf3856ad364e35_10.0.20348.557_none_f1edaeb8515fa10d\TiWorker.exe -Embedding,False,C:\Users\owunc\Desktop\lab_logs\DC_Sysmon_ws.evtx,Classic,0,"{""EventData"":{""Data"":[{""@Name"":""RuleName"",""#text"":""-""},{""@Name"":""UtcTime"",""#text"":""2026-03-30 20:58:30.965""},{""@Name"":""ProcessGuid"",""#text"":""c9182e32-e3f6-69ca-6201-000000000900""},{""@Name"":""ProcessId"",""#text"":""4968""},{""@Name"":""Image"",""#text"":""C:\\Windows\\WinSxS\\amd64_microsoft-windows-servicingstack_31bf3856ad364e35_10.0.20348.557_none_f1edaeb8515fa10d\\TiWorker.exe""},{""@Name"":""FileVersion"",""#text"":""10.0.20348.557 (WinBuild.160101.0800)""},{""@Name"":""Description"",""#text"":""Windows Modules Installer Worker""},{""@Name"":""Product"",""#text"":""Microsoft® Windows® Operating System""},{""@Name"":""Company"",""#text"":""Microsoft Corporation""},{""@Name"":""OriginalFileName"",""#text"":""TiWorker.exe""},{""@Name"":""CommandLine"",""#text"":""C:\\Windows\\winsxs\\amd64_microsoft-windows-servicingstack_31bf3856ad364e35_10.0.20348.557_none_f1edaeb8515fa10d\\TiWorker.exe -Embedding""},{""@Name"":""CurrentDirectory"",""#text"":""C:\\Windows\\system32\\""},{""@Name"":""User"",""#text"":""NT AUTHORITY\\SYSTEM""},{""@Name"":""LogonGuid"",""#text"":""c9182e32-c31a-69ca-e703-000000000000""},{""@Name"":""LogonId"",""#text"":""0x3E7""},{""@Name"":""TerminalSessionId"",""#text"":""0""},{""@Name"":""IntegrityLevel"",""#text"":""System""},{""@Name"":""Hashes"",""#text"":""MD5=0B6F22DA11CC77C46AA67EE6B6C3EAD0,SHA256=E4C3EB66ECB2E946924031191D761A59DEBE940BE7F019FED78C8B558D67EE47,IMPHASH=D841FC50F72911FF192FAF83F874E4DF""},{""@Name"":""ParentProcessGuid"",""#text"":""c9182e32-c31b-69ca-0d00-000000000900""},{""@Name"":""ParentProcessId"",""#text"":""948""},{""@Name"":""ParentImage"",""#text"":""C:\\Windows\\System32\\svchost.exe""},{""@Name"":""ParentCommandLine"",""#text"":""C:\\Windows\\system32\\svchost.exe -k DcomLaunch -p""},{""@Name"":""ParentUser"",""#text"":""NT AUTHORITY\\SYSTEM""}]}}"
456,456,2026-03-30 20:58:31.1202969,1,Info,Microsoft-Windows-Sysmon,Microsoft-Windows-Sysmon/Operational,2448,4460,DC01.corp.local,9,S-1-5-18,Process creation,NT AUTHORITY\SYSTEM,,"ProcessID: 1212, ProcessGUID: c9182e32-e3f7-69ca-6301-000000000900",RuleName: -,"MD5=DC32ABA4669EAFB22FCACD5EC836A107,SHA256=31780FF2AAF7BC71F755BA0E4FEF1D61B060D1D2741EAFB33CBAB44D889595A0,IMPHASH=D8C4E4978657CEA220B495778C972E64",ParentProcess: C:\Windows\System32\services.exe,"ParentProcessID: 716, ParentProcessGUID: c9182e32-c31a-69ca-0b00-000000000900",ParentCommandLine: C:\Windows\system32\services.exe,C:\Windows\system32\svchost.exe -k appmodel -p -s StateRepository,False,C:\Users\owunc\Desktop\lab_logs\DC_Sysmon_ws.evtx,Classic,0,"{""EventData"":{""Data"":[{""@Name"":""RuleName"",""#text"":""-""},{""@Name"":""UtcTime"",""#text"":""2026-03-30 20:58:31.119""},{""@Name"":""ProcessGuid"",""#text"":""c9182e32-e3f7-69ca-6301-000000000900""},{""@Name"":""ProcessId"",""#text"":""1212""},{""@Name"":""Image"",""#text"":""C:\\Windows\\System32\\svchost.exe""},{""@Name"":""FileVersion"",""#text"":""10.0.20348.558 (WinBuild.160101.0800)""},{""@Name"":""Description"",""#text"":""Host Process for Windows Services""},{""@Name"":""Product"",""#text"":""Microsoft® Windows® Operating System""},{""@Name"":""Company"",""#text"":""Microsoft Corporation""},{""@Name"":""OriginalFileName"",""#text"":""svchost.exe""},{""@Name"":""CommandLine"",""#text"":""C:\\Windows\\system32\\svchost.exe -k appmodel -p -s StateRepository""},{""@Name"":""CurrentDirectory"",""#text"":""C:\\Windows\\system32\\""},{""@Name"":""User"",""#text"":""NT AUTHORITY\\SYSTEM""},{""@Name"":""LogonGuid"",""#text"":""c9182e32-c31a-69ca-e703-000000000000""},{""@Name"":""LogonId"",""#text"":""0x3E7""},{""@Name"":""TerminalSessionId"",""#text"":""0""},{""@Name"":""IntegrityLevel"",""#text"":""System""},{""@Name"":""Hashes"",""#text"":""MD5=DC32ABA4669EAFB22FCACD5EC836A107,SHA256=31780FF2AAF7BC71F755BA0E4FEF1D61B060D1D2741EAFB33CBAB44D889595A0,IMPHASH=D8C4E4978657CEA220B495778C972E64""},{""@Name"":""ParentProcessGuid"",""#text"":""c9182e32-c31a-69ca-0b00-000000000900""},{""@Name"":""ParentProcessId"",""#text"":""716""},{""@Name"":""ParentImage"",""#text"":""C:\\Windows\\System32\\services.exe""},{""@Name"":""ParentCommandLine"",""#text"":""C:\\Windows\\system32\\services.exe""},{""@Name"":""ParentUser"",""#text"":""NT AUTHORITY\\SYSTEM""}]}}"
457,457,2026-03-30 20:58:31.3432660,13,Info,Microsoft-Windows-Sysmon,Microsoft-Windows-Sysmon/Operational,2448,4460,DC01.corp.local,9,S-1-5-18,RegistryEvent (Value Set),NT AUTHORITY\SYSTEM,,"ProcessID: 412, ProcessGUID: c9182e32-e3ef-69ca-5d01-000000000900",RuleName: InvDB-Pub,Image: C:\Windows\system32\CompatTelRunner.exe,EventType: SetValue,TargetObject: \REGISTRY\A\{12d92a9f-7a3b-175f-7ba0-3f657f6fc855}\Root\InventoryApplication\0000a4a5e96c3b06403edb19001811a1545b00000904\Publisher,"Details: CN=Microsoft Windows, O=Microsoft Corporation, L=Redmond, S=Washington, C=US",,False,C:\Users\owunc\Desktop\lab_logs\DC_Sysmon_ws.evtx,Classic,0,"{""EventData"":{""Data"":[{""@Name"":""RuleName"",""#text"":""InvDB-Pub""},{""@Name"":""EventType"",""#text"":""SetValue""},{""@Name"":""UtcTime"",""#text"":""2026-03-30 20:58:31.337""},{""@Name"":""ProcessGuid"",""#text"":""c9182e32-e3ef-69ca-5d01-000000000900""},{""@Name"":""ProcessId"",""#text"":""412""},{""@Name"":""Image"",""#text"":""C:\\Windows\\system32\\CompatTelRunner.exe""},{""@Name"":""TargetObject"",""#text"":""\\REGISTRY\\A\\{12d92a9f-7a3b-175f-7ba0-3f657f6fc855}\\Root\\InventoryApplication\\0000a4a5e96c3b06403edb19001811a1545b00000904\\Publisher""},{""@Name"":""Details"",""#text"":""CN=Microsoft Windows, O=Microsoft Corporation, L=Redmond, S=Washington, C=US""},{""@Name"":""User"",""#text"":""NT AUTHORITY\\SYSTEM""}]}}"
458,458,2026-03-30 20:58:31.9632521,1,Info,Microsoft-Windows-Sysmon,Microsoft-Windows-Sysmon/Operational,2448,4460,DC01.corp.local,9,S-1-5-18,Process creation,NT AUTHORITY\NETWORK SERVICE,,"ProcessID: 3860, ProcessGUID: c9182e32-e3f7-69ca-6501-000000000900",RuleName: -,"MD5=DC32ABA4669EAFB22FCACD5EC836A107,SHA256=31780FF2AAF7BC71F755BA0E4FEF1D61B060D1D2741EAFB33CBAB44D889595A0,IMPHASH=D8C4E4978657CEA220B495778C972E64",ParentProcess: C:\Windows\System32\services.exe,"ParentProcessID: 716, ParentProcessGUID: c9182e32-c31a-69ca-0b00-000000000900",ParentCommandLine: C:\Windows\system32\services.exe,C:\Windows\System32\svchost.exe -k smphost,False,C:\Users\owunc\Desktop\lab_logs\DC_Sysmon_ws.evtx,Classic,0,"{""EventData"":{""Data"":[{""@Name"":""RuleName"",""#text"":""-""},{""@Name"":""UtcTime"",""#text"":""2026-03-30 20:58:31.961""},{""@Name"":""ProcessGuid"",""#text"":""c9182e32-e3f7-69ca-6501-000000000900""},{""@Name"":""ProcessId"",""#text"":""3860""},{""@Name"":""Image"",""#text"":""C:\\Windows\\System32\\svchost.exe""},{""@Name"":""FileVersion"",""#text"":""10.0.20348.558 (WinBuild.160101.0800)""},{""@Name"":""Description"",""#text"":""Host Process for Windows Services""},{""@Name"":""Product"",""#text"":""Microsoft® Windows® Operating System""},{""@Name"":""Company"",""#text"":""Microsoft Corporation""},{""@Name"":""OriginalFileName"",""#text"":""svchost.exe""},{""@Name"":""CommandLine"",""#text"":""C:\\Windows\\System32\\svchost.exe -k smphost""},{""@Name"":""CurrentDirectory"",""#text"":""C:\\Windows\\system32\\""},{""@Name"":""User"",""#text"":""NT AUTHORITY\\NETWORK SERVICE""},{""@Name"":""LogonGuid"",""#text"":""c9182e32-c31c-69ca-e403-000000000000""},{""@Name"":""LogonId"",""#text"":""0x3E4""},{""@Name"":""TerminalSessionId"",""#text"":""0""},{""@Name"":""IntegrityLevel"",""#text"":""System""},{""@Name"":""Hashes"",""#text"":""MD5=DC32ABA4669EAFB22FCACD5EC836A107,SHA256=31780FF2AAF7BC71F755BA0E4FEF1D61B060D1D2741EAFB33CBAB44D889595A0,IMPHASH=D8C4E4978657CEA220B495778C972E64""},{""@Name"":""ParentProcessGuid"",""#text"":""c9182e32-c31a-69ca-0b00-000000000900""},{""@Name"":""ParentProcessId"",""#text"":""716""},{""@Name"":""ParentImage"",""#text"":""C:\\Windows\\System32\\services.exe""},{""@Name"":""ParentCommandLine"",""#text"":""C:\\Windows\\system32\\services.exe""},{""@Name"":""ParentUser"",""#text"":""NT AUTHORITY\\SYSTEM""}]}}"
459,459,2026-03-30 20:58:32.1941195,13,Info,Microsoft-Windows-Sysmon,Microsoft-Windows-Sysmon/Operational,2448,4460,DC01.corp.local,9,S-1-5-18,RegistryEvent (Value Set),NT AUTHORITY\SYSTEM,,"ProcessID: 412, ProcessGUID: c9182e32-e3ef-69ca-5d01-000000000900",RuleName: InvDB-Pub,Image: C:\Windows\system32\CompatTelRunner.exe,EventType: SetValue,TargetObject: \REGISTRY\A\{12d92a9f-7a3b-175f-7ba0-3f657f6fc855}\Root\InventoryApplication\0000e830061451afd73e76879989eb74b9cc00000904\Publisher,"Details: CN=Microsoft Windows, O=Microsoft Corporation, L=Redmond, S=Washington, C=US",,False,C:\Users\owunc\Desktop\lab_logs\DC_Sysmon_ws.evtx,Classic,0,"{""EventData"":{""Data"":[{""@Name"":""RuleName"",""#text"":""InvDB-Pub""},{""@Name"":""EventType"",""#text"":""SetValue""},{""@Name"":""UtcTime"",""#text"":""2026-03-30 20:58:32.180""},{""@Name"":""ProcessGuid"",""#text"":""c9182e32-e3ef-69ca-5d01-000000000900""},{""@Name"":""ProcessId"",""#text"":""412""},{""@Name"":""Image"",""#text"":""C:\\Windows\\system32\\CompatTelRunner.exe""},{""@Name"":""TargetObject"",""#text"":""\\REGISTRY\\A\\{12d92a9f-7a3b-175f-7ba0-3f657f6fc855}\\Root\\InventoryApplication\\0000e830061451afd73e76879989eb74b9cc00000904\\Publisher""},{""@Name"":""Details"",""#text"":""CN=Microsoft Windows, O=Microsoft Corporation, L=Redmond, S=Washington, C=US""},{""@Name"":""User"",""#text"":""NT AUTHORITY\\SYSTEM""}]}}"
460,460,2026-03-30 20:58:33.1839588,13,Info,Microsoft-Windows-Sysmon,Microsoft-Windows-Sysmon/Operational,2448,4460,DC01.corp.local,9,S-1-5-18,RegistryEvent (Value Set),NT AUTHORITY\SYSTEM,,"ProcessID: 412, ProcessGUID: c9182e32-e3ef-69ca-5d01-000000000900",RuleName: InvDB-Pub,Image: C:\Windows\system32\CompatTelRunner.exe,EventType: SetValue,TargetObject: \REGISTRY\A\{12d92a9f-7a3b-175f-7ba0-3f657f6fc855}\Root\InventoryApplication\00007e7af4fcbb0125ca3c3563fbb42a458700000904\Publisher,"Details: CN=Microsoft Windows, O=Microsoft Corporation, L=Redmond, S=Washington, C=US",,False,C:\Users\owunc\Desktop\lab_logs\DC_Sysmon_ws.evtx,Classic,0,"{""EventData"":{""Data"":[{""@Name"":""RuleName"",""#text"":""InvDB-Pub""},{""@Name"":""EventType"",""#text"":""SetValue""},{""@Name"":""UtcTime"",""#text"":""2026-03-30 20:58:33.180""},{""@Name"":""ProcessGuid"",""#text"":""c9182e32-e3ef-69ca-5d01-000000000900""},{""@Name"":""ProcessId"",""#text"":""412""},{""@Name"":""Image"",""#text"":""C:\\Windows\\system32\\CompatTelRunner.exe""},{""@Name"":""TargetObject"",""#text"":""\\REGISTRY\\A\\{12d92a9f-7a3b-175f-7ba0-3f657f6fc855}\\Root\\InventoryApplication\\00007e7af4fcbb0125ca3c3563fbb42a458700000904\\Publisher""},{""@Name"":""Details"",""#text"":""CN=Microsoft Windows, O=Microsoft Corporation, L=Redmond, S=Washington, C=US""},{""@Name"":""User"",""#text"":""NT AUTHORITY\\SYSTEM""}]}}"
461,461,2026-03-30 20:58:33.8843833,22,Info,Microsoft-Windows-Sysmon,Microsoft-Windows-Sysmon/Operational,2448,4476,DC01.corp.local,9,S-1-5-18,DNSEvent (DNS query),NT AUTHORITY\NETWORK SERVICE,,"ProcessID: 4088, ProcessGUID: c9182e32-c326-69ca-5900-000000000900",RuleName: -,Image: C:\Windows\System32\wbem\WmiPrvSE.exe,QueryName: DC01,QueryStatus: 0,QueryResults: fe80::edbf:7020:ccdd:502e;::ffff:192.168.93.50;,,False,C:\Users\owunc\Desktop\lab_logs\DC_Sysmon_ws.evtx,Classic,0,"{""EventData"":{""Data"":[{""@Name"":""RuleName"",""#text"":""-""},{""@Name"":""UtcTime"",""#text"":""2026-03-30 20:58:32.255""},{""@Name"":""ProcessGuid"",""#text"":""c9182e32-c326-69ca-5900-000000000900""},{""@Name"":""ProcessId"",""#text"":""4088""},{""@Name"":""QueryName"",""#text"":""DC01""},{""@Name"":""QueryStatus"",""#text"":""0""},{""@Name"":""QueryResults"",""#text"":""fe80::edbf:7020:ccdd:502e;::ffff:192.168.93.50;""},{""@Name"":""Image"",""#text"":""C:\\Windows\\System32\\wbem\\WmiPrvSE.exe""},{""@Name"":""User"",""#text"":""NT AUTHORITY\\NETWORK SERVICE""}]}}"
462,462,2026-03-30 20:58:34.1904459,13,Info,Microsoft-Windows-Sysmon,Microsoft-Windows-Sysmon/Operational,2448,4460,DC01.corp.local,9,S-1-5-18,RegistryEvent (Value Set),NT AUTHORITY\SYSTEM,,"ProcessID: 412, ProcessGUID: c9182e32-e3ef-69ca-5d01-000000000900",RuleName: InvDB-Pub,Image: C:\Windows\system32\CompatTelRunner.exe,EventType: SetValue,TargetObject: \REGISTRY\A\{12d92a9f-7a3b-175f-7ba0-3f657f6fc855}\Root\InventoryApplication\0000b43ab5458e6033f845e7d936dda72fa000000904\Publisher,"Details: CN=Microsoft Windows, O=Microsoft Corporation, L=Redmond, S=Washington, C=US",,False,C:\Users\owunc\Desktop\lab_logs\DC_Sysmon_ws.evtx,Classic,0,"{""EventData"":{""Data"":[{""@Name"":""RuleName"",""#text"":""InvDB-Pub""},{""@Name"":""EventType"",""#text"":""SetValue""},{""@Name"":""UtcTime"",""#text"":""2026-03-30 20:58:34.181""},{""@Name"":""ProcessGuid"",""#text"":""c9182e32-e3ef-69ca-5d01-000000000900""},{""@Name"":""ProcessId"",""#text"":""412""},{""@Name"":""Image"",""#text"":""C:\\Windows\\system32\\CompatTelRunner.exe""},{""@Name"":""TargetObject"",""#text"":""\\REGISTRY\\A\\{12d92a9f-7a3b-175f-7ba0-3f657f6fc855}\\Root\\InventoryApplication\\0000b43ab5458e6033f845e7d936dda72fa000000904\\Publisher""},{""@Name"":""Details"",""#text"":""CN=Microsoft Windows, O=Microsoft Corporation, L=Redmond, S=Washington, C=US""},{""@Name"":""User"",""#text"":""NT AUTHORITY\\SYSTEM""}]}}"
463,463,2026-03-30 20:58:35.2026554,13,Info,Microsoft-Windows-Sysmon,Microsoft-Windows-Sysmon/Operational,2448,4460,DC01.corp.local,9,S-1-5-18,RegistryEvent (Value Set),NT AUTHORITY\SYSTEM,,"ProcessID: 412, ProcessGUID: c9182e32-e3ef-69ca-5d01-000000000900",RuleName: InvDB-Pub,Image: C:\Windows\system32\CompatTelRunner.exe,EventType: SetValue,TargetObject: \REGISTRY\A\{12d92a9f-7a3b-175f-7ba0-3f657f6fc855}\Root\InventoryApplication\000088b118642764a463ba64ad6deb414d0b00000904\Publisher,"Details: CN=Microsoft Windows, O=Microsoft Corporation, L=Redmond, S=Washington, C=US",,False,C:\Users\owunc\Desktop\lab_logs\DC_Sysmon_ws.evtx,Classic,0,"{""EventData"":{""Data"":[{""@Name"":""RuleName"",""#text"":""InvDB-Pub""},{""@Name"":""EventType"",""#text"":""SetValue""},{""@Name"":""UtcTime"",""#text"":""2026-03-30 20:58:35.196""},{""@Name"":""ProcessGuid"",""#text"":""c9182e32-e3ef-69ca-5d01-000000000900""},{""@Name"":""ProcessId"",""#text"":""412""},{""@Name"":""Image"",""#text"":""C:\\Windows\\system32\\CompatTelRunner.exe""},{""@Name"":""TargetObject"",""#text"":""\\REGISTRY\\A\\{12d92a9f-7a3b-175f-7ba0-3f657f6fc855}\\Root\\InventoryApplication\\000088b118642764a463ba64ad6deb414d0b00000904\\Publisher""},{""@Name"":""Details"",""#text"":""CN=Microsoft Windows, O=Microsoft Corporation, L=Redmond, S=Washington, C=US""},{""@Name"":""User"",""#text"":""NT AUTHORITY\\SYSTEM""}]}}"
464,464,2026-03-30 20:58:36.2074878,13,Info,Microsoft-Windows-Sysmon,Microsoft-Windows-Sysmon/Operational,2448,4460,DC01.corp.local,9,S-1-5-18,RegistryEvent (Value Set),NT AUTHORITY\SYSTEM,,"ProcessID: 412, ProcessGUID: c9182e32-e3ef-69ca-5d01-000000000900",RuleName: InvDB-Pub,Image: C:\Windows\system32\CompatTelRunner.exe,EventType: SetValue,TargetObject: \REGISTRY\A\{12d92a9f-7a3b-175f-7ba0-3f657f6fc855}\Root\InventoryApplication\000052ae85bf5a841404f4cc0dab298f009800000904\Publisher,"Details: CN=Microsoft Windows, O=Microsoft Corporation, L=Redmond, S=Washington, C=US",,False,C:\Users\owunc\Desktop\lab_logs\DC_Sysmon_ws.evtx,Classic,0,"{""EventData"":{""Data"":[{""@Name"":""RuleName"",""#text"":""InvDB-Pub""},{""@Name"":""EventType"",""#text"":""SetValue""},{""@Name"":""UtcTime"",""#text"":""2026-03-30 20:58:36.196""},{""@Name"":""ProcessGuid"",""#text"":""c9182e32-e3ef-69ca-5d01-000000000900""},{""@Name"":""ProcessId"",""#text"":""412""},{""@Name"":""Image"",""#text"":""C:\\Windows\\system32\\CompatTelRunner.exe""},{""@Name"":""TargetObject"",""#text"":""\\REGISTRY\\A\\{12d92a9f-7a3b-175f-7ba0-3f657f6fc855}\\Root\\InventoryApplication\\000052ae85bf5a841404f4cc0dab298f009800000904\\Publisher""},{""@Name"":""Details"",""#text"":""CN=Microsoft Windows, O=Microsoft Corporation, L=Redmond, S=Washington, C=US""},{""@Name"":""User"",""#text"":""NT AUTHORITY\\SYSTEM""}]}}"
465,465,2026-03-30 20:58:37.2144385,13,Info,Microsoft-Windows-Sysmon,Microsoft-Windows-Sysmon/Operational,2448,4460,DC01.corp.local,9,S-1-5-18,RegistryEvent (Value Set),NT AUTHORITY\SYSTEM,,"ProcessID: 412, ProcessGUID: c9182e32-e3ef-69ca-5d01-000000000900",RuleName: InvDB-Pub,Image: C:\Windows\system32\CompatTelRunner.exe,EventType: SetValue,TargetObject: \REGISTRY\A\{12d92a9f-7a3b-175f-7ba0-3f657f6fc855}\Root\InventoryApplication\0000ef80ef64a424eb92be5cd094704f8f9a00000904\Publisher,"Details: CN=Microsoft Corporation, O=Microsoft Corporation, L=Redmond, S=Washington, C=US",,False,C:\Users\owunc\Desktop\lab_logs\DC_Sysmon_ws.evtx,Classic,0,"{""EventData"":{""Data"":[{""@Name"":""RuleName"",""#text"":""InvDB-Pub""},{""@Name"":""EventType"",""#text"":""SetValue""},{""@Name"":""UtcTime"",""#text"":""2026-03-30 20:58:37.212""},{""@Name"":""ProcessGuid"",""#text"":""c9182e32-e3ef-69ca-5d01-000000000900""},{""@Name"":""ProcessId"",""#text"":""412""},{""@Name"":""Image"",""#text"":""C:\\Windows\\system32\\CompatTelRunner.exe""},{""@Name"":""TargetObject"",""#text"":""\\REGISTRY\\A\\{12d92a9f-7a3b-175f-7ba0-3f657f6fc855}\\Root\\InventoryApplication\\0000ef80ef64a424eb92be5cd094704f8f9a00000904\\Publisher""},{""@Name"":""Details"",""#text"":""CN=Microsoft Corporation, O=Microsoft Corporation, L=Redmond, S=Washington, C=US""},{""@Name"":""User"",""#text"":""NT AUTHORITY\\SYSTEM""}]}}"
